Debug: configOverride contents: IsWeighted_ObjFunc add_break_callback add_generate_reports add_threshold_distance_rssv bw_multiplier capacities cover_mode coverages cust_max_id distance_matrix loc_max_id max_ite_subprob_rssv method method_post_opt method_rssv_fp method_rssv_sp output p seed service size_subproblems_rssv subarea threads time time_cplex time_subprob_rssv weights 
Loading instance...
Scanning input data...
Distance matrix dimensions: 4462 x 4462 = 19909444
Elapsed time: 0 ms

Loading weights...
Skipped line: customer weight coord_x coord_y
Loaded 4461 weights
Loaded 4461 coordinates
Total customer demand: 224395.00
Elapsed time: 11 ms

Loading capacities...
Skipped line: location capacity coord_x coord_y
Loaded 4461 capacities
Loaded 4461 coordinates
Elapsed time: 8 ms

Loading distance matrix...
Computing euclidian distances...
bw multiplier: 0.50
Loaded 19904982 distances
dists stdev: 954.33
bandwidth h: 17.53
locations: 4461
customers: 4461
p: 100
Elapsed time: 658 ms

[INFO] Instance loaded
loc_max_id: 4461
loc_cnt: 4461
service: fnl4461_0100
cust_max_id: 4461
cust_cnt: 4461
unweighted obj function
p: 100
total_demand: 224395.00


-------------------------------------------------


-------------------------------------------------
RSSV heuristic 
-------------------------------------------------
method subproblems: TB_PMP
method final problem: EXACT_CPMP_BIN
-------------------------------------------------
RSSV running...
cPMP size (N): 4461
sub-cPMP size (n): 1784
Subproblems cnt (M): 12
p: 100
Seed: 500
Time limit for subproblems: 300.00

thread cnt: 20

Thread 1 created with seed 501
Thread 2 created with seed 502
Solving sub-PMP 1/12...
Thread 3 created with seed 503
Thread 4 created with seed 504
Solving sub-PMP 3/12...
Solving sub-PMP 2/12...
Thread 5 created with seed 505
Solving sub-PMP 4/12...
Solving sub-PMP 5/12...
uncapacitated TB started
uncapacitated TB started
uncapacitated TB started
uncapacitated TB started
uncapacitated TB started
Thread 6 created with seed 506
Thread 7 created with seed 507
Thread 8 created with seed 508
Thread 9 created with seed 509
Thread 10 created with seed 510
Thread 11 created with seed 511
Thread 12 created with seed 512
Solving sub-PMP 11/12...
uncapacitated TB started
Solving sub-PMP 12/12...
Solving sub-PMP 10/12...
Solving sub-PMP 7/12...
Solving sub-PMP 9/12...
Solving sub-PMP 6/12...
Solving sub-PMP 8/12...
uncapacitated TB started
uncapacitated TB started
uncapacitated TB started
uncapacitated TB started
uncapacitated TB started
uncapacitated TB started
[INFO] Uncapacitated TB local search started
[INFO] Uncapacitated TB local search started
[INFO] Uncapacitated TB local search started
[INFO] Uncapacitated TB local search started
[INFO] Uncapacitated TB local search started
[INFO] Uncapacitated TB local search started
[INFO] Uncapacitated TB local search started
[INFO] Uncapacitated TB local search started
[INFO] Uncapacitated TB local search started
[INFO] Uncapacitated TB local search started
[INFO] Uncapacitated TB local search started
[INFO] Uncapacitated TB local search started

[INFO] Time limit reached. Stopping the algorithm.
TB elapsed time: 300.00 seconds
Num ite total uncapacited TB: 41
tb solution is feasible

[INFO] Time limit reached. Stopping the algorithm.
TB elapsed time: 300.01 seconds
Num ite total uncapacited TB: 36
tb solution is feasible

[INFO] Time limit reached. Stopping the algorithm.
TB elapsed time: 300.01 seconds
Num ite total uncapacited TB: 43
tb solution is feasible

[INFO] Time limit reached. Stopping the algorithm.
TB elapsed time: 300.01 seconds
Num ite total uncapacited TB: 47
tb solution is feasible

[INFO] Time limit reached. Stopping the algorithm.
TB elapsed time: 300.00 seconds
Num ite total uncapacited TB: 48
tb solution is feasible

[INFO] Time limit reached. Stopping the algorithm.
TB elapsed time: 300.01 seconds
Num ite total uncapacited TB: 40
tb solution is feasible

[INFO] Time limit reached. Stopping the algorithm.
TB elapsed time: 300.00 seconds
Num ite total uncapacited TB: 39
tb solution is feasible

[INFO] Time limit reached. Stopping the algorithm.
TB elapsed time: 300.02 seconds
Num ite total uncapacited TB: 35
tb solution is feasible

[INFO] Time limit reached. Stopping the algorithm.
TB elapsed time: 300.01 seconds
Num ite total uncapacited TB: 32
tb solution is feasible

[INFO] Time limit reached. Stopping the algorithm.
TB elapsed time: 300.01 seconds
Num ite total uncapacited TB: 
[INFO] Time limit reached. Stopping the algorithm.
TB elapsed time: 30
tb solution is feasible
300.01 seconds
Num ite total uncapacited TB: 39
tb solution is feasible

[INFO] Time limit reached. Stopping the algorithm.
TB elapsed time: 300.01 seconds
Num ite total uncapacited TB: 31
tb solution is feasible
[INFO] All subproblems solved.

Elapsed time: 300305 ms


Stats: 
Max dist: 741.46
Min dist: 0.00
avg of Avg dists: 149.65
avg Std dev dist: 81.87

First 1784 voting weights (sorted): 352(4.00) 2010(3.63) 2034(3.63) 3153(3.00) 1690(3.00) 3963(3.00) 2636(3.00) 2442(3.00) 1024(2.21) 1074(2.20) 1419(2.18) 4320(2.18) 3350(2.18) 3406(2.11) 3147(2.09) 3791(2.08) 1762(2.06) 1051(2.05) 66(2.04) 685(2.04) 3743(2.04) 1252(2.04) 3893(2.03) 3938(2.03) 2117(2.00) 322(2.00) 3087(2.00) 2915(2.00) 715(2.00) 3529(2.00) 4308(2.00) 745(2.00) 4294(2.00) 789(2.00) 4292(2.00) 1788(2.00) 722(2.00) 1640(2.00) 3516(2.00) 1155(2.00) 3045(2.00) 2050(2.00) 2052(2.00) 3579(2.00) 1157(2.00) 1143(2.00) 3061(2.00) 1140(2.00) 3836(2.00) 1714(2.00) 839(2.00) 3013(2.00) 2088(2.00) 3736(2.00) 3000(2.00) 2108(2.00) 3784(2.00) 3539(2.00) 926(2.00) 877(2.00) 27(2.00) 1409(2.00) 547(2.00) 2404(2.00) 541(2.00) 103(2.00) 1432(2.00) 2458(2.00) 1440(2.00) 2604(2.00) 1785(2.00) 2592(2.00) 4030(2.00) 349(2.00) 351(2.00) 2499(2.00) 2503(2.00) 2504(2.00) 2507(2.00) 2549(2.00) 409(2.00) 408(2.00) 2603(2.00) 1573(2.00) 2861(2.00) 2237(2.00) 260(2.00) 2842(2.00) 2841(2.00) 1510(2.00) 2804(2.00) 2279(2.00) 4200(2.00) 4150(2.00) 1351(2.00) 2769(2.00) 2765(2.00) 2757(2.00) 623(2.00) 3933(2.00) 2747(2.00) 2331(2.00) 2740(2.00) 2733(2.00) 574(2.00) 2778(2.00) 1823(2.00) 1073(2.00) 4431(2.00) 1089(2.00) 3216(2.00) 3190(2.00) 1941(2.00) 985(2.00) 1964(2.00) 3645(2.00) 4415(2.00) 1100(2.00) 1804(2.00) 1987(2.00) 3658(2.00) 1890(2.00) 1014(2.00) 3637(2.00) 2836(1.72) 319(1.72) 311(1.72) 2209(1.72) 2212(1.72) 2819(1.72) 3117(1.63) 3101(1.59) 45(1.52) 52(1.52) 1444(1.51) 1783(1.46) 3548(1.42) 996(1.42) 1104(1.39) 212(1.39) 1402(1.37) 4313(1.37) 247(1.32) 3056(1.32) 100(1.32) 101(1.31) 2564(1.27) 3053(1.27) 2567(1.27) 243(1.27) 3525(1.27) 256(1.27) 236(1.27) 3432(1.27) 805(1.27) 801(1.27) 3490(1.27) 3435(1.27) 3582(1.25) 3536(1.25) 1815(1.25) 200(1.25) 3905(1.24) 80(1.24) 3901(1.24) 81(1.24) 3947(1.24) 1148(1.23) 1300(1.22) 2363(1.22) 208(1.22) 587(1.21) 553(1.21) 2035(1.21) 2072(1.21) 589(1.21) 3780(1.21) 3766(1.21) 556(1.21) 1166(1.20) 972(1.18) 118(1.18) 671(1.18) 1(1.18) 643(1.18) 3546(1.18) 1008(1.18) 2410(1.18) 1332(1.18) 5(1.18) 1267(1.18) 2381(1.18) 128(1.18) 2289(1.18) 2449(1.18) 1878(1.18) 1900(1.18) 2246(1.18) 3578(1.18) 1374(1.18) 2418(1.18) 2345(1.18) 1745(1.18) 3470(1.18) 2312(1.18) 3919(1.18) 2408(1.18) 3966(1.18) 3950(1.18) 3498(1.18) 2558(1.18) 2599(1.18) 82(1.17) 3714(1.17) 3699(1.17) 3321(1.15) 1797(1.13) 1837(1.11) 3884(1.11) 1818(1.11) 1053(1.11) 645(1.09) 1207(1.08) 3729(1.08) 3831(1.08) 245(1.08) 2242(1.07) 757(1.07) 4002(1.07) 1681(1.07) 1721(1.07) 4029(1.07) 3227(1.07) 3260(1.07) 730(1.07) 3861(1.07) 3752(1.07) 3936(1.07) 3948(1.07) 2742(1.06) 813(1.06) 776(1.06) 2682(1.06) 2892(1.06) 2708(1.06) 2928(1.06) 2652(1.06) 3340(1.06) 3383(1.06) 156(1.06) 170(1.06) 32(1.06) 42(1.06) 462(1.05) 413(1.05) 416(1.05) 460(1.05) 165(1.05) 3952(1.05) 166(1.05) 232(1.05) 233(1.05) 248(1.05) 2129(1.05) 2135(1.05) 1704(1.04) 2999(1.04) 1725(1.04) 1521(1.04) 3318(1.04) 2258(1.04) 2012(1.04) 221(1.04) 4055(1.04) 4016(1.04) 2030(1.04) 1352(1.04) 1468(1.04) 3272(1.04) 2085(1.04) 2343(1.04) 3839(1.04) 2102(1.04) 3880(1.04) 3929(1.04) 3273(1.04) 3800(1.04) 3867(1.04) 3258(1.04) 241(1.04) 2973(1.04) 3027(1.04) 3762(1.04) 3718(1.04) 2079(1.04) 2142(1.04) 3628(1.03) 2535(1.03) 4132(1.03) 4099(1.03) 3670(1.03) 2583(1.03) 2119(1.03) 2139(1.03) 1684(1.03) 555(1.03) 512(1.03) 1669(1.03) 4198(1.03) 1126(1.03) 2262(1.03) 4175(1.03) 2114(1.03) 2090(1.03) 3329(1.00) 3347(1.00) 2358(1.00) 3673(1.00) 2375(1.00) 2353(1.00) 1855(1.00) 3326(1.00) 3640(1.00) 3327(1.00) 2354(1.00) 607(1.00) 1854(1.00) 3676(1.00) 2355(1.00) 3960(1.00) 3349(1.00) 2322(1.00) 575(1.00) 577(1.00) 2366(1.00) 1927(1.00) 2364(1.00) 615(1.00) 2342(1.00) 3946(1.00) 1917(1.00) 599(1.00) 3341(1.00) 2370(1.00) 2371(1.00) 2338(1.00) 1858(1.00) 2350(1.00) 2372(1.00) 590(1.00) 603(1.00) 619(1.00) 438(1.00) 2490(1.00) 3246(1.00) 3247(1.00) 2485(1.00) 3248(1.00) 2483(1.00) 4026(1.00) 446(1.00) 2480(1.00) 450(1.00) 2430(1.00) 1870(1.00) 457(1.00) 458(1.00) 4018(1.00) 459(1.00) 1903(1.00) 1904(1.00) 467(1.00) 2464(1.00) 3267(1.00) 473(1.00) 1905(1.00) 451(1.00) 2531(1.00) 401(1.00) 4054(1.00) 2527(1.00) 402(1.00) 403(1.00) 3225(1.00) 2521(1.00) 2520(1.00) 3656(1.00) 4047(1.00) 411(1.00) 3245(1.00) 3234(1.00) 422(1.00) 3238(1.00) 1882(1.00) 1894(1.00) 4037(1.00) 3651(1.00) 432(1.00) 1876(1.00) 2495(1.00) 1899(1.00) 2494(1.00) 3233(1.00) 1908(1.00) 2417(1.00) 530(1.00) 535(1.00) 1868(1.00) 2406(1.00) 2405(1.00) 1910(1.00) 3310(1.00) 546(1.00) 3667(1.00) 1906(1.00) 551(1.00) 1862(1.00) 2395(1.00) 2394(1.00) 3315(1.00) 559(1.00) 1859(1.00) 2386(1.00) 3965(1.00) 2382(1.00) 1915(1.00) 568(1.00) 3974(1.00) 474(1.00) 475(1.00) 483(1.00) 3275(1.00) 4003(1.00) 3276(1.00) 3278(1.00) 3998(1.00) 490(1.00) 493(1.00) 3287(1.00) 3996(1.00) 3301(1.00) 3288(1.00) 3666(1.00) 3994(1.00) 3993(1.00) 507(1.00) 621(1.00) 509(1.00) 2427(1.00) 516(1.00) 2422(1.00) 521(1.00) 3300(1.00) 2436(1.00) 1677(1.00) 1683(1.00) 3701(1.00) 1685(1.00) 1962(1.00) 1821(1.00) 2116(1.00) 3702(1.00) 2111(1.00) 3615(1.00) 1816(1.00) 3541(1.00) 3889(1.00) 1697(1.00) 2104(1.00) 3544(1.00) 3779(1.00) 1969(1.00) 1700(1.00) 3547(1.00) 2095(1.00) 3774(1.00) 3773(1.00) 2091(1.00) 3550(1.00) 1970(1.00) 2106(1.00) 2165(1.00) 3499(1.00) 1824(1.00) 2160(1.00) 1955(1.00) 2158(1.00) 2157(1.00) 2155(1.00) 1643(1.00) 3813(1.00) 3508(1.00) 1652(1.00) 1653(1.00) 3527(1.00) 3700(1.00) 3807(1.00) 1661(1.00) 3804(1.00) 1664(1.00) 3523(1.00) 1959(1.00) 2137(1.00) 3524(1.00) 1822(1.00) 2134(1.00) 3526(1.00) 3797(1.00) 1655(1.00) 2032(1.00) 3581(1.00) 2029(1.00) 3732(1.00) 1764(1.00) 2022(1.00) 3601(1.00) 2021(1.00) 2019(1.00) 2018(1.00) 2017(1.00) 2015(1.00) 3585(1.00) 1707(1.00) 1991(1.00) 1772(1.00) 3725(1.00) 1773(1.00) 3588(1.00) 3591(1.00) 1778(1.00) 3722(1.00) 2002(1.00) 1999(1.00) 1790(1.00) 3597(1.00) 1995(1.00) 1768(1.00) 3769(1.00) 1709(1.00) 2081(1.00) 3552(1.00) 3553(1.00) 3704(1.00) 1719(1.00) 1729(1.00) 3756(1.00) 3566(1.00) 3569(1.00) 3751(1.00) 3571(1.00) 1757(1.00) 1744(1.00) 3708(1.00) 3612(1.00) 3609(1.00) 1746(1.00) 1979(1.00) 3742(1.00) 3741(1.00) 3739(1.00) 2040(1.00) 3738(1.00) 2038(1.00) 1980(1.00) 1813(1.00) 3900(1.00) 3899(1.00) 688(1.00) 1938(1.00) 3631(1.00) 699(1.00) 3895(1.00) 3894(1.00) 2273(1.00) 3404(1.00) 701(1.00) 704(1.00) 3820(1.00) 2264(1.00) 2261(1.00) 708(1.00) 1496(1.00) 3883(1.00) 3881(1.00) 2251(1.00) 1506(1.00) 1839(1.00) 1945(1.00) 2247(1.00) 1511(1.00) 2243(1.00) 705(1.00) 622(1.00) 1850(1.00) 3926(1.00) 626(1.00) 627(1.00) 628(1.00) 3362(1.00) 3921(1.00) 1848(1.00) 3364(1.00) 635(1.00) 636(1.00) 1847(1.00) 683(1.00) 2304(1.00) 3635(1.00) 3634(1.00) 648(1.00) 3633(1.00) 650(1.00) 3376(1.00) 2298(1.00) 666(1.00) 668(1.00) 2294(1.00) 670(1.00) 679(1.00) 639(1.00) 1579(1.00) 3466(1.00) 1585(1.00) 1588(1.00) 1591(1.00) 3838(1.00) 2192(1.00) 1600(1.00) 1601(1.00) 3477(1.00) 1834(1.00) 3830(1.00) 3829(1.00) 1517(1.00) 2181(1.00) 2180(1.00) 3484(1.00) 1615(1.00) 2177(1.00) 3823(1.00) 3625(1.00) 3494(1.00) 1627(1.00) 1630(1.00) 2168(1.00) 3697(1.00) 2167(1.00) 1608(1.00) 3428(1.00) 3429(1.00) 3692(1.00) 1527(1.00) 1530(1.00) 1532(1.00) 3868(1.00) 3433(1.00) 1836(1.00) 3864(1.00) 1536(1.00) 2225(1.00) 1537(1.00) 3462(1.00) 1543(1.00) 3442(1.00) 1554(1.00) 1555(1.00) 1556(1.00) 3854(1.00) 3450(1.00) 1562(1.00) 3452(1.00) 2210(1.00) 2208(1.00) 3460(1.00) 3694(1.00) 1540(1.00) 906(1.00) 1303(1.00) 4245(1.00) 1307(1.00) 3063(1.00) 3066(1.00) 4242(1.00) 2847(1.00) 4241(1.00) 265(1.00) 3068(1.00) 3070(1.00) 169(1.00) 917(1.00) 4384(1.00) 1321(1.00) 919(1.00) 4233(1.00) 920(1.00) 1322(1.00) 4231(1.00) 2827(1.00) 4228(1.00) 244(1.00) 4225(1.00) 2839(1.00) 893(1.00) 2880(1.00) 4259(1.00) 1290(1.00) 2877(1.00) 297(1.00) 1150(1.00) 2875(1.00) 3057(1.00) 2873(1.00) 292(1.00) 1295(1.00) 2854(1.00) 1296(1.00) 289(1.00) 2867(1.00) 287(1.00) 286(1.00) 2862(1.00) 2860(1.00) 1301(1.00) 1302(1.00) 2857(1.00) 276(1.00) 4247(1.00) 1147(1.00) 210(1.00) 2785(1.00) 3095(1.00) 1115(1.00) 3097(1.00) 954(1.00) 2781(1.00) 197(1.00) 1353(1.00) 2773(1.00) 2772(1.00) 2771(1.00) 2821(1.00) 187(1.00) 186(1.00) 1358(1.00) 4191(1.00) 2760(1.00) 180(1.00) 1108(1.00) 3102(1.00) 2755(1.00) 1359(1.00) 1362(1.00) 957(1.00) 837(1.00) 1130(1.00) 1325(1.00) 3078(1.00) 2817(1.00) 1326(1.00) 2813(1.00) 3079(1.00) 4219(1.00) 230(1.00) 4215(1.00) 3080(1.00) 4213(1.00) 3093(1.00) 4212(1.00) 3082(1.00) 224(1.00) 3084(1.00) 1125(1.00) 4392(1.00) 1336(1.00) 1339(1.00) 933(1.00) 3091(1.00) 2792(1.00) 2791(1.00) 2802(1.00) 784(1.00) 862(1.00) 3026(1.00) 778(1.00) 2974(1.00) 777(1.00) 4315(1.00) 4314(1.00) 863(1.00) 774(1.00) 1226(1.00) 4311(1.00) 2882(1.00) 2962(1.00) 2961(1.00) 3031(1.00) 766(1.00) 762(1.00) 758(1.00) 1236(1.00) 1160(1.00) 1243(1.00) 2950(1.00) 2949(1.00) 742(1.00) 4357(1.00) 4346(1.00) 3011(1.00) 4345(1.00) 830(1.00) 824(1.00) 1182(1.00) 850(1.00) 3005(1.00) 820(1.00) 4339(1.00) 1202(1.00) 818(1.00) 786(1.00) 4337(1.00) 817(1.00) 809(1.00) 806(1.00) 803(1.00) 1212(1.00) 798(1.00) 856(1.00) 2984(1.00) 859(1.00) 3023(1.00) 791(1.00) 4352(1.00) 2907(1.00) 887(1.00) 1272(1.00) 1273(1.00) 2904(1.00) 4274(1.00) 4272(1.00) 1276(1.00) 1277(1.00) 4368(1.00) 316(1.00) 2896(1.00) 2947(1.00) 306(1.00) 304(1.00) 889(1.00) 1288(1.00) 2888(1.00) 4263(1.00) 1289(1.00) 1154(1.00) 2885(1.00) 892(1.00) 4261(1.00) 2883(1.00) 4370(1.00) 741(1.00) 739(1.00) 1245(1.00) 736(1.00) 4297(1.00) 2938(1.00) 2935(1.00) 1251(1.00) 2932(1.00) 4291(1.00) 4362(1.00) 2926(1.00) 4276(1.00) 1256(1.00) 716(1.00) 2921(1.00) 2919(1.00) 4363(1.00) 4282(1.00) 4364(1.00) 4281(1.00) 1259(1.00) 4280(1.00) 1261(1.00) 885(1.00) 720(1.00) 4116(1.00) 2623(1.00) 4439(1.00) 3167(1.00) 114(1.00) 4112(1.00) 3169(1.00) 2617(1.00) 3170(1.00) 2614(1.00) 123(1.00) 3171(1.00) 4427(1.00) 2610(1.00) 3172(1.00) 3174(1.00) 1438(1.00) 4441(1.00) 2600(1.00) 1016(1.00) 1446(1.00) 1447(1.00) 1017(1.00) 3178(1.00) 145(1.00) 2611(1.00) 2649(1.00) 2648(1.00) 3144(1.00) 4124(1.00) 3145(1.00) 2645(1.00) 993(1.00) 1084(1.00) 2643(1.00) 2642(1.00) 1001(1.00) 2639(1.00) 1012(1.00) 3154(1.00) 3155(1.00) 2635(1.00) 3156(1.00) 2631(1.00) 2630(1.00) 1423(1.00) 107(1.00) 1009(1.00) 1427(1.00) 1078(1.00) 1011(1.00) 2767(1.00) 3191(1.00) 3193(1.00) 1485(1.00) 4450(1.00) 1031(1.00) 368(1.00) 4069(1.00) 2551(1.00) 1041(1.00) 2550(1.00) 369(1.00) 1487(1.00) 147(1.00) 4065(1.00) 373(1.00) 382(1.00) 2542(1.00) 384(1.00) 2540(1.00) 3202(1.00) 3204(1.00) 4059(1.00) 1049(1.00) 395(1.00) 1885(1.00) 371(1.00) 3180(1.00) 1451(1.00) 1019(1.00) 4093(1.00) 4092(1.00) 164(1.00) 2585(1.00) 2581(1.00) 338(1.00) 340(1.00) 2578(1.00) 2577(1.00) 4448(1.00) 4086(1.00) 342(1.00) 3182(1.00) 1471(1.00) 4081(1.00) 2568(1.00) 4078(1.00) 3183(1.00) 1473(1.00) 3184(1.00) 1474(1.00) 1475(1.00) 3186(1.00) 4087(1.00) 4167(1.00) 4165(1.00) 4411(1.00) 50(1.00) 4162(1.00) 3118(1.00) 1391(1.00) 969(1.00) 3121(1.00) 4158(1.00) 4414(1.00) 2(1.00) 37(1.00) 3125(1.00) 15(1.00) 4154(1.00) 1002(1.00) 3126(1.00) 10(1.00) 4151(1.00) 8(1.00) 1397(1.00) 2694(1.00) 2706(1.00) 958(1.00) 1365(1.00) 4402(1.00) 2748(1.00) 2746(1.00) 2745(1.00) 1107(1.00) 2743(1.00) 3107(1.00) 1369(1.00) 71(1.00) 1101(1.00) 4178(1.00) 1106(1.00) 1376(1.00) 2730(1.00) 2729(1.00) 962(1.00) 4176(1.00) 1382(1.00) 1385(1.00) 4172(1.00) 1386(1.00) 4169(1.00) 4180(1.00) 2678(1.00) 977(1.00) 2676(1.00) 2675(1.00) 2674(1.00) 2673(1.00) 2701(1.00) 1095(1.00) 4137(1.00) 982(1.00) 35(1.00) 2679(1.00) 2663(1.00) 4422(1.00) 2661(1.00) 85(1.00) 984(1.00) 3136(1.00) 87(1.00) 2656(1.00) 988(1.00) 4130(1.00) 991(1.00) 93(1.00) 84(1.00) 2688(1.00) 1405(1.00) 4143(1.00) 1404(1.00) 33(1.00) 2691(1.00) 4(0.99) 1146(0.94) 1766(0.77) 567(0.72) 4053(0.72) 1616(0.72) 431(0.72) 775(0.72) 1355(0.72) 1283(0.69) 1983(0.59) 1805(0.58) 2918(0.56) 138(0.56) 4161(0.56) 532(0.56) 2625(0.56) 3565(0.55) 2056(0.55) 811(0.54) 3604(0.54) 1765(0.54) 1575(0.54) 1514(0.54) 2112(0.54) 4286(0.54) 4221(0.52) 975(0.52) 1129(0.52) 3083(0.52) 1637(0.49) 189(0.49) 4145(0.49) 201(0.49) 1096(0.49) 536(0.49) 2946(0.47) 735(0.47) 3173(0.45) 1088(0.43) 429(0.42) 1997(0.42) 3160(0.42) 3505(0.42) 1159(0.42) 1741(0.41) 1864(0.41) 3127(0.37) 1038(0.37) 593(0.37) 733(0.37) 4237(0.37) 3685(0.37) 1050(0.37) 2758(0.37) 2291(0.37) 3999(0.37) 2429(0.34) 1428(0.34) 3336(0.34) 94(0.34) 1936(0.33) 3892(0.31) 4131(0.31) 3461(0.27) 2059(0.27) 2365(0.27) 1368(0.27) 614(0.27) 2265(0.27) 3375(0.27) 4179(0.27) 3149(0.27) 388(0.27) 2789(0.27) 199(0.27) 3313(0.27) 2684(0.27) 698(0.27) 2037(0.27) 4214(0.27) 2719(0.27) 1598(0.27) 1318(0.27) 1191(0.27) 179(0.27) 284(0.27) 1117(0.27) 2132(0.27) 163(0.27) 2963(0.27) 2437(0.27) 115(0.27) 2169(0.27) 2633(0.27) 2182(0.27) 1853(0.26) 1680(0.26) 225(0.25) 4034(0.25) 3674(0.25) 2637(0.24) 3305(0.24) 235(0.24) 2374(0.24) 3632(0.24) 38(0.24) 2445(0.24) 3069(0.24) 1320(0.23) 2000(0.22) 2055(0.22) 111(0.22) 1335(0.21) 3044(0.21) 1271(0.21) 346(0.21) 4019(0.21) 517(0.21) 1892(0.21) 2267(0.21) 3806(0.21) 3220(0.21) 2359(0.21) 2998(0.21) 1985(0.21) 596(0.21) 1558(0.21) 190(0.21) 1004(0.21) 1042(0.21) 4455(0.21) 2983(0.21) 3034(0.21) 3885(0.21) 2016(0.21) 682(0.21) 1710(0.21) 836(0.21) 677(0.21) 4355(0.20) 1728(0.20) 752(0.20) 3689(0.20) 3065(0.18) 1221(0.18) 3707(0.18) 125(0.18) 3291(0.18) 3266(0.18) 471(0.18) 2874(0.18) 4114(0.18) 1942(0.18) 487(0.18) 3975(0.18) 2662(0.18) 1080(0.18) 98(0.18) 3576(0.18) 4111(0.18) 3768(0.18) 4342(0.18) 662(0.18) 4387(0.18) 2832(0.18) 4166(0.18) 4184(0.18) 3603(0.18) 3195(0.18) 2557(0.18) 1071(0.18) 2506(0.18) 1798(0.18) 1476(0.18) 3415(0.18) 437(0.18) 3989(0.18) 390(0.18) 796(0.18) 821(0.18) 102(0.18) 1260(0.18) 387(0.18) 4045(0.18) 3661(0.18) 4454(0.18) 3232(0.18) 4071(0.18) 4009(0.18) 721(0.18) 3472(0.18) 1420(0.18) 2053(0.18) 91(0.18) 3141(0.18) 220(0.18) 4156(0.18) 968(0.18) 3740(0.18) 3108(0.18) 3050(0.18) 4260(0.18) 1311(0.18) 11(0.17) 3535(0.17) 4358(0.17) 2236(0.17) 4410(0.16) 2397(0.16) 3240(0.15) 916(0.15) 4408(0.15) 2554(0.15) 797(0.15) 2323(0.15) 2798(0.15) 953(0.15) 2005(0.15) 1308(0.15) 2469(0.15) 2870(0.15) 4424(0.15) 1935(0.15) 4306(0.15) 1116(0.13) 301(0.13) 3816(0.13) 3179(0.13) 1121(0.13) 537(0.13) 51(0.13) 2076(0.12) 2605(0.12) 592(0.11) 1448(0.11) 3846(0.11) 3572(0.11) 2782(0.11) 1625(0.11) 1508(0.11) 258(0.11) 542(0.11) 2500(0.11) 1929(0.11) 28(0.11) 104(0.11) 2750(0.11) 1029(0.11) 4022(0.11) 1717(0.11) 2356(0.10) 3208(0.10) 1469(0.09) 2580(0.09) 2388(0.09) 3821(0.09) 2790(0.09) 3976(0.09) 761(0.09) 2768(0.08) 122(0.08) 2991(0.08) 1210(0.08) 1372(0.08) 1112(0.08) 2815(0.08) 337(0.08) 1665(0.08) 4329(0.08) 1803(0.07) 4246(0.07) 2810(0.07) 499(0.07) 3688(0.07) 3703(0.07) 227(0.07) 829(0.07) 779(0.07) 1954(0.07) 3262(0.07) 2462(0.07) 1732(0.07) 3279(0.07) 285(0.07) 2385(0.07) 1294(0.07) 3969(0.07) 1312(0.07) 2402(0.07) 1315(0.07) 4032(0.07) 790(0.07) 780(0.07) 526(0.07) 1807(0.07) 3446(0.07) 2073(0.07) 2068(0.07) 3709(0.07) 3605(0.07) 2965(0.07) 843(0.07) 44(0.07) 1394(0.07) 13(0.07) 1618(0.07) 1227(0.07) 2058(0.07) 1597(0.07) 22(0.07) 1406(0.07) 665(0.07) 2670(0.07) 729(0.07) 4373(0.07) 1232(0.07) 2627(0.07) 4089(0.07) 2249(0.07) 2481(0.07) 838(0.07) 3925(0.07) 174(0.07) 172(0.07) 1581(0.07) 1993(0.07) 1179(0.07) 4332(0.07) 2452(0.07) 552(0.07) 4299(0.07) 2957(0.07) 455(0.07) 4270(0.07) 4430(0.07) 2638(0.07) 2444(0.07) 3654(0.07) 970(0.07) 3562(0.07) 865(0.07) 2751(0.07) 3030(0.07) 3558(0.07) 2533(0.07) 1802(0.07) 1990(0.07) 2686(0.07) 1434(0.07) 2352(0.07) 1960(0.07) 1724(0.06) 609(0.06) 771(0.06) 2305(0.06) 1507(0.06) 3403(0.06) 1668(0.06) 4118(0.06) 3809(0.06) 1873(0.06) 21(0.06) 2173(0.06) 4082(0.06) 392(0.06) 60(0.06) 2736(0.06) 929(0.06) 3396(0.06) 3468(0.06) 2775(0.06) 1782(0.06) 3140(0.06) 3142(0.06) 1208(0.06) 2759(0.06) 1559(0.06) 4374(0.06) 3607(0.06) 710(0.06) 1994(0.06) 1111(0.05) 4353(0.05) 3456(0.05) 4316(0.05) 2077(0.05) 1123(0.05) 3757(0.05) 3500(0.05) 1577(0.05) 1722(0.05) 1513(0.05) 506(0.05) 1963(0.05) 1003(0.05) 1081(0.05) 2868(0.05) 3953(0.05) 213(0.05) 1054(0.05) 323(0.05) 436(0.05) 184(0.05) 625(0.05) 329(0.05) 1912(0.05) 2309(0.05) 1380(0.05) 1425(0.05) 3734(0.05) 4170(0.05) 713(0.05) 2302(0.05) 2914(0.05) 2823(0.05) 1477(0.05) 1872(0.05) 456(0.05) 1865(0.05) 4028(0.05) 1631(0.05) 2133(0.05) 2124(0.05) 1760(0.05) 2310(0.05) 99(0.05) 3727(0.05) 2606(0.05) 3021(0.05) 598(0.05) 2667(0.05) 3663(0.05) 1298(0.05) 263(0.05) 2164(0.05) 522(0.05) 2007(0.05) 1642(0.04) 2591(0.04) 2695(0.04) 753(0.04) 2951(0.04) 4301(0.04) 2319(0.04) 1274(0.04) 2898(0.04) 3342(0.04) 3798(0.04) 576(0.04) 1305(0.04) 531(0.04) 1324(0.04) 215(0.04) 1580(0.04) 68(0.04) 1379(0.04) 1525(0.04) 1966(0.04) 3151(0.04) 941(0.04) 1052(0.04) 1909(0.04) 3683(0.04) 3781(0.04) 1874(0.04) 3074(0.04) 1755(0.04) 3537(0.04) 3135(0.04) 4406(0.04) 979(0.04) 3758(0.04) 3298(0.04) 1186(0.04) 3887(0.04) 4269(0.04) 4254(0.04) 3652(0.04) 2248(0.04) 3819(0.04) 2906(0.04) 77(0.04) 2865(0.04) 2666(0.04) 2004(0.04) 1756(0.04) 910(0.04) 126(0.04) 529(0.04) 47(0.04) 3212(0.04) 935(0.04) 3104(0.04) 1620(0.04) 2837(0.04) 3869(0.04) 4223(0.04) 3935(0.04) 1560(0.04) 3303(0.04) 3750(0.04) 3567(0.04) 942(0.04) 4252(0.04) 3264(0.04) 2787(0.04) 3554(0.04) 2715(0.04) 4159(0.04) 1922(0.04) 1209(0.04) 4006(0.04) 4349(0.04) 4199(0.04) 3015(0.04) 1275(0.04) 943(0.04) 4207(0.04) 12(0.04) 1090(0.04) 182(0.04) 3747(0.04) 3693(0.04) 1416(0.04) 2271(0.04) 206(0.04) 3388(0.04) 4279(0.04) 878(0.04) 278(0.04) 915(0.04) 528(0.04) 4135(0.04) 2764(0.04) 283(0.04) 3808(0.04) 2890(0.04) 2496(0.04) 697(0.04) 3311(0.04) 2933(0.04) 3602(0.04) 899(0.04) 1092(0.04) 1426(0.04) 4134(0.04) 898(0.04) 6(0.04) 3299(0.04) 1461(0.04) 3594(0.04) 867(0.04) 703(0.03) 312(0.03) 661(0.03) 3908(0.03) 1022(0.03) 2467(0.03) 488(0.03) 2491(0.03) 4040(0.03) 2441(0.03) 3413(0.03) 2988(0.03) 4304(0.03) 4181(0.03) 1541(0.03) 689(0.03) 385(0.03) 2011(0.03) 1240(0.03) 324(0.03) 971(0.03) 1770(0.03) 749(0.03) 3737(0.03) 2909(0.03) 4426(0.03) 4344(0.03) 2640(0.03) 500(0.03) 2657(0.03) 4361(0.03) 1860(0.03) 1178(0.03) 3469(0.03) 4123(0.03) 3668(0.03) 249(0.03) 4146(0.03) 2401(0.03) 4240(0.03) 1466(0.03) 3150(0.03) 876(0.03) 2203(0.03) 2415(0.03) 1486(0.03) 3002(0.03) 2170(0.03) 2206(0.03) 2414(0.03) 3941(0.03) 601(0.03) 2440(0.03) 364(0.03) 684(0.03) 2849(0.03) 250(0.03) 3922(0.03) 4305(0.03) 423(0.03) 3920(0.03) 2272(0.03) 2516(0.03) 78(0.03) 140(0.03) 4356(0.03) 2513(0.03) 1344(0.03) 3476(0.03) 1967(0.03) 1718(0.03) 4060(0.03) 4058(0.03) 2534(0.03) 2690(0.03) 3724(0.03) 3730(0.03) 644(0.03) 1522(0.03) 781(0.03) 4389(0.03) 4226(0.00) 4234(0.00) 4227(0.00) 1323(0.00) 1348(0.00) 4229(0.00) 4437(0.00) 4438(0.00) 1345(0.00) 4201(0.00) 4232(0.00) 1087(0.00) 4202(0.00) 4230(0.00) 4203(0.00) 1347(0.00) 1346(0.00) 4428(0.00) 4235(0.00) 4205(0.00) 1338(0.00) 4218(0.00) 1330(0.00) 1337(0.00) 4206(0.00) 4217(0.00) 1082(0.00) 1349(0.00) 4216(0.00) 4432(0.00) 1333(0.00) 4208(0.00) 4211(0.00) 4209(0.00) 1334(0.00) 4210(0.00) 1350(0.00) 1331(0.00) 4436(0.00) 1086(0.00) 4429(0.00) 4224(0.00) 1343(0.00) 4222(0.00) 1327(0.00) 1342(0.00) 1328(0.00) 4433(0.00) 4204(0.00) 1085(0.00) 4220(0.00) 1341(0.00) 4434(0.00) 1079(0.00) 1340(0.00) 1329(0.00) 1083(0.00) 4435(0.00) 1408(0.00) 1407(0.00) 4140(0.00) 4141(0.00) 4456(0.00) 4142(0.00) 4144(0.00) 1403(0.00) 1059(0.00) 1060(0.00) 1401(0.00) 4453(0.00) 1061(0.00) 1062(0.00) 1319(0.00) 1399(0.00) 1398(0.00) 4147(0.00) 1063(0.00) 4148(0.00) 4149(0.00) 1396(0.00) 4152(0.00) 


Filtered 1784 locations: 352 2010 2034 3153 1690 3963 2636 2442 1024 1074 1419 4320 3350 3406 3147 3791 1762 1051 66 685 3743 1252 3893 3938 2117 322 3087 2915 715 3529 4308 745 4294 789 4292 1788 722 1640 3516 1155 3045 2050 2052 3579 1157 1143 3061 1140 3836 1714 839 3013 2088 3736 3000 2108 3784 3539 926 877 27 1409 547 2404 541 103 1432 2458 1440 2604 1785 2592 4030 349 351 2499 2503 2504 2507 2549 409 408 2603 1573 2861 2237 260 2842 2841 1510 2804 2279 4200 4150 1351 2769 2765 2757 623 3933 2747 2331 2740 2733 574 2778 1823 1073 4431 1089 3216 3190 1941 985 1964 3645 4415 1100 1804 1987 3658 1890 1014 3637 2836 319 311 2209 2212 2819 3117 3101 45 52 1444 1783 3548 996 1104 212 1402 4313 247 3056 100 101 2564 3053 2567 243 3525 256 236 3432 805 801 3490 3435 3582 3536 1815 200 3905 80 3901 81 3947 1148 1300 2363 208 587 553 2035 2072 589 3780 3766 556 1166 972 118 671 1 643 3546 1008 2410 1332 5 1267 2381 128 2289 2449 1878 1900 2246 3578 1374 2418 2345 1745 3470 2312 3919 2408 3966 3950 3498 2558 2599 82 3714 3699 3321 1797 1837 3884 1818 1053 645 1207 3729 3831 245 2242 757 4002 1681 1721 4029 3227 3260 730 3861 3752 3936 3948 2742 813 776 2682 2892 2708 2928 2652 3340 3383 156 170 32 42 462 413 416 460 165 3952 166 232 233 248 2129 2135 1704 2999 1725 1521 3318 2258 2012 221 4055 4016 2030 1352 1468 3272 2085 2343 3839 2102 3880 3929 3273 3800 3867 3258 241 2973 3027 3762 3718 2079 2142 3628 2535 4132 4099 3670 2583 2119 2139 1684 555 512 1669 4198 1126 2262 4175 2114 2090 3329 3347 2358 3673 2375 2353 1855 3326 3640 3327 2354 607 1854 3676 2355 3960 3349 2322 575 577 2366 1927 2364 615 2342 3946 1917 599 3341 2370 2371 2338 1858 2350 2372 590 603 619 438 2490 3246 3247 2485 3248 2483 4026 446 2480 450 2430 1870 457 458 4018 459 1903 1904 467 2464 3267 473 1905 451 2531 401 4054 2527 402 403 3225 2521 2520 3656 4047 411 3245 3234 422 3238 1882 1894 4037 3651 432 1876 2495 1899 2494 3233 1908 2417 530 535 1868 2406 2405 1910 3310 546 3667 1906 551 1862 2395 2394 3315 559 1859 2386 3965 2382 1915 568 3974 474 475 483 3275 4003 3276 3278 3998 490 493 3287 3996 3301 3288 3666 3994 3993 507 621 509 2427 516 2422 521 3300 2436 1677 1683 3701 1685 1962 1821 2116 3702 2111 3615 1816 3541 3889 1697 2104 3544 3779 1969 1700 3547 2095 3774 3773 2091 3550 1970 2106 2165 3499 1824 2160 1955 2158 2157 2155 1643 3813 3508 1652 1653 3527 3700 3807 1661 3804 1664 3523 1959 2137 3524 1822 2134 3526 3797 1655 2032 3581 2029 3732 1764 2022 3601 2021 2019 2018 2017 2015 3585 1707 1991 1772 3725 1773 3588 3591 1778 3722 2002 1999 1790 3597 1995 1768 3769 1709 2081 3552 3553 3704 1719 1729 3756 3566 3569 3751 3571 1757 1744 3708 3612 3609 1746 1979 3742 3741 3739 2040 3738 2038 1980 1813 3900 3899 688 1938 3631 699 3895 3894 2273 3404 701 704 3820 2264 2261 708 1496 3883 3881 2251 1506 1839 1945 2247 1511 2243 705 622 1850 3926 626 627 628 3362 3921 1848 3364 635 636 1847 683 2304 3635 3634 648 3633 650 3376 2298 666 668 2294 670 679 639 1579 3466 1585 1588 1591 3838 2192 1600 1601 3477 1834 3830 3829 1517 2181 2180 3484 1615 2177 3823 3625 3494 1627 1630 2168 3697 2167 1608 3428 3429 3692 1527 1530 1532 3868 3433 1836 3864 1536 2225 1537 3462 1543 3442 1554 1555 1556 3854 3450 1562 3452 2210 2208 3460 3694 1540 906 1303 4245 1307 3063 3066 4242 2847 4241 265 3068 3070 169 917 4384 1321 919 4233 920 1322 4231 2827 4228 244 4225 2839 893 2880 4259 1290 2877 297 1150 2875 3057 2873 292 1295 2854 1296 289 2867 287 286 2862 2860 1301 1302 2857 276 4247 1147 210 2785 3095 1115 3097 954 2781 197 1353 2773 2772 2771 2821 187 186 1358 4191 2760 180 1108 3102 2755 1359 1362 957 837 1130 1325 3078 2817 1326 2813 3079 4219 230 4215 3080 4213 3093 4212 3082 224 3084 1125 4392 1336 1339 933 3091 2792 2791 2802 784 862 3026 778 2974 777 4315 4314 863 774 1226 4311 2882 2962 2961 3031 766 762 758 1236 1160 1243 2950 2949 742 4357 4346 3011 4345 830 824 1182 850 3005 820 4339 1202 818 786 4337 817 809 806 803 1212 798 856 2984 859 3023 791 4352 2907 887 1272 1273 2904 4274 4272 1276 1277 4368 316 2896 2947 306 304 889 1288 2888 4263 1289 1154 2885 892 4261 2883 4370 741 739 1245 736 4297 2938 2935 1251 2932 4291 4362 2926 4276 1256 716 2921 2919 4363 4282 4364 4281 1259 4280 1261 885 720 4116 2623 4439 3167 114 4112 3169 2617 3170 2614 123 3171 4427 2610 3172 3174 1438 4441 2600 1016 1446 1447 1017 3178 145 2611 2649 2648 3144 4124 3145 2645 993 1084 2643 2642 1001 2639 1012 3154 3155 2635 3156 2631 2630 1423 107 1009 1427 1078 1011 2767 3191 3193 1485 4450 1031 368 4069 2551 1041 2550 369 1487 147 4065 373 382 2542 384 2540 3202 3204 4059 1049 395 1885 371 3180 1451 1019 4093 4092 164 2585 2581 338 340 2578 2577 4448 4086 342 3182 1471 4081 2568 4078 3183 1473 3184 1474 1475 3186 4087 4167 4165 4411 50 4162 3118 1391 969 3121 4158 4414 2 37 3125 15 4154 1002 3126 10 4151 8 1397 2694 2706 958 1365 4402 2748 2746 2745 1107 2743 3107 1369 71 1101 4178 1106 1376 2730 2729 962 4176 1382 1385 4172 1386 4169 4180 2678 977 2676 2675 2674 2673 2701 1095 4137 982 35 2679 2663 4422 2661 85 984 3136 87 2656 988 4130 991 93 84 2688 1405 4143 1404 33 2691 4 1146 1766 567 4053 1616 431 775 1355 1283 1983 1805 2918 138 4161 532 2625 3565 2056 811 3604 1765 1575 1514 2112 4286 4221 975 1129 3083 1637 189 4145 201 1096 536 2946 735 3173 1088 429 1997 3160 3505 1159 1741 1864 3127 1038 593 733 4237 3685 1050 2758 2291 3999 2429 1428 3336 94 1936 3892 4131 3461 2059 2365 1368 614 2265 3375 4179 3149 388 2789 199 3313 2684 698 2037 4214 2719 1598 1318 1191 179 284 1117 2132 163 2963 2437 115 2169 2633 2182 1853 1680 225 4034 3674 2637 3305 235 2374 3632 38 2445 3069 1320 2000 2055 111 1335 3044 1271 346 4019 517 1892 2267 3806 3220 2359 2998 1985 596 1558 190 1004 1042 4455 2983 3034 3885 2016 682 1710 836 677 4355 1728 752 3689 3065 1221 3707 125 3291 3266 471 2874 4114 1942 487 3975 2662 1080 98 3576 4111 3768 4342 662 4387 2832 4166 4184 3603 3195 2557 1071 2506 1798 1476 3415 437 3989 390 796 821 102 1260 387 4045 3661 4454 3232 4071 4009 721 3472 1420 2053 91 3141 220 4156 968 3740 3108 3050 4260 1311 11 3535 4358 2236 4410 2397 3240 916 4408 2554 797 2323 2798 953 2005 1308 2469 2870 4424 1935 4306 1116 301 3816 3179 1121 537 51 2076 2605 592 1448 3846 3572 2782 1625 1508 258 542 2500 1929 28 104 2750 1029 4022 1717 2356 3208 1469 2580 2388 3821 2790 3976 761 2768 122 2991 1210 1372 1112 2815 337 1665 4329 1803 4246 2810 499 3688 3703 227 829 779 1954 3262 2462 1732 3279 285 2385 1294 3969 1312 2402 1315 4032 790 780 526 1807 3446 2073 2068 3709 3605 2965 843 44 1394 13 1618 1227 2058 1597 22 1406 665 2670 729 4373 1232 2627 4089 2249 2481 838 3925 174 172 1581 1993 1179 4332 2452 552 4299 2957 455 4270 4430 2638 2444 3654 970 3562 865 2751 3030 3558 2533 1802 1990 2686 1434 2352 1960 1724 609 771 2305 1507 3403 1668 4118 3809 1873 21 2173 4082 392 60 2736 929 3396 3468 2775 1782 3140 3142 1208 2759 1559 4374 3607 710 1994 1111 4353 3456 4316 2077 1123 3757 3500 1577 1722 1513 506 1963 1003 1081 2868 3953 213 1054 323 436 184 625 329 1912 2309 1380 1425 3734 4170 713 2302 2914 2823 1477 1872 456 1865 4028 1631 2133 2124 1760 2310 99 3727 2606 3021 598 2667 3663 1298 263 2164 522 2007 1642 2591 2695 753 2951 4301 2319 1274 2898 3342 3798 576 1305 531 1324 215 1580 68 1379 1525 1966 3151 941 1052 1909 3683 3781 1874 3074 1755 3537 3135 4406 979 3758 3298 1186 3887 4269 4254 3652 2248 3819 2906 77 2865 2666 2004 1756 910 126 529 47 3212 935 3104 1620 2837 3869 4223 3935 1560 3303 3750 3567 942 4252 3264 2787 3554 2715 4159 1922 1209 4006 4349 4199 3015 1275 943 4207 12 1090 182 3747 3693 1416 2271 206 3388 4279 878 278 915 528 4135 2764 283 3808 2890 2496 697 3311 2933 3602 899 1092 1426 4134 898 6 3299 1461 3594 867 703 312 661 3908 1022 2467 488 2491 4040 2441 3413 2988 4304 4181 1541 689 385 2011 1240 324 971 1770 749 3737 2909 4426 4344 2640 500 2657 4361 1860 1178 3469 4123 3668 249 4146 2401 4240 1466 3150 876 2203 2415 1486 3002 2170 2206 2414 3941 601 2440 364 684 2849 250 3922 4305 423 3920 2272 2516 78 140 4356 2513 1344 3476 1967 1718 4060 4058 2534 2690 3724 3730 644 1522 781 4389 4226 4234 4227 1323 1348 4229 4437 4438 1345 4201 4232 1087 4202 4230 4203 1347 1346 4428 4235 4205 1338 4218 1330 1337 4206 4217 1082 1349 4216 4432 1333 4208 4211 4209 1334 4210 1350 1331 4436 1086 4429 4224 1343 4222 1327 1342 1328 4433 4204 1085 4220 1341 4434 1079 1340 1329 1083 4435 1408 1407 4140 4141 4456 4142 4144 1403 1059 1060 1401 4453 1061 1062 1319 1399 1398 4147 1063 4148 4149 1396 4152 

Extracted 0 prioritized locations: 

Final instance parameters:
loc_max_id: 4461
loc_cnt: 1784
service: fnl4461_0100
cust_max_id: 4461
cust_cnt: 4461
unweighted obj function
p: 100
total_demand: 224395.00
threshold_dist: 823.33



-------------------------------------------------
Final Problem RSSV heuristic
-------------------------------------------------
    RSSV_EXACT_CPMP_BIN
-------------------------------------------------
Gap Cplex Reports: gap_Bin_service_fnl4461_0100_p_100_RSSV_EXACT_CPMP_BIN.csv
[CALLBACK] Generating reports cplex callbacks...
[CALLBACK] Using BreakCallback...
Time Limit with not improving 1.00% (gap): 300.00 seconds
Time Limit with Gap less than 1%: 180.00 seconds
Default row names c1, c2 ... being created.
Version identifier: 22.1.1.0 | 2022-11-28 | 9160aff4d
CPXPARAM_TimeLimit                               2100
Legacy callback                                  i
Tried aggregator 1 time.
Presolve has eliminated 6766410 rows and 6766410 columns...
MIP Presolve eliminated 6766410 rows and 6766410 columns.
Reduced MIP has 6246 rows, 1193798 columns, and 2387596 nonzeros.
Reduced MIP has 1193798 binaries, 0 generals, 0 SOSs, and 0 indicators.
Presolve time = 39.74 sec. (13569.60 ticks)
Tried aggregator 1 time.
Detecting symmetries...
Reduced MIP has 6246 rows, 1193798 columns, and 2387596 nonzeros.
Reduced MIP has 1193798 binaries, 0 generals, 0 SOSs, and 0 indicators.
Presolve time = 9.10 sec. (2455.94 ticks)
Probing time = 5.19 sec. (253.22 ticks)
Clique table members: 1196475.
MIP emphasis: balance optimality and feasibility.
MIP search method: dynamic search.
Parallel mode: deterministic, using up to 32 threads.
Root relaxation solution time = 5.71 sec. (1157.92 ticks)

        Nodes                                         Cuts/
   Node  Left     Objective  IInf  Best Integer    Best Bound    ItCnt     Gap

*     0+    0                      1052970.0574        0.0000           100.00%
*     0+    0                      1004219.4355        0.0000           100.00%
*     0+    0                      1001934.1595        0.0000           100.00%
      0     0   148425.6720  1764  1001934.1595   148425.6720     1789   85.19%
Time: 138.07 seconds
MIP Gap: 0.85
Nodes: 0
Best Objective: 148425.671959994680947
Incumbent Obj:  1001934.159475264954381
Time: 150.665385007858276 seconds
MIP Gap: 0.851860852775268
Nodes: 0
Best Objective: 148425.671959994680947
Incumbent Obj:  1001934.159475264954381
      0     0   215466.0750  3793  1001934.1595    Cuts: 1661     5799   78.49%
Time: 164.676131010055542 seconds
MIP Gap: 0.784949866295278
Nodes: 0
Best Objective: 215466.074958483513910
Incumbent Obj:  1001934.159475264954381
      0     0   251165.8192  6052  1001934.1595    Cuts: 1661     9679   74.93%
Time: 186.136821031570435 seconds
MIP Gap: 0.749319037718193
Nodes: 0
Best Objective: 251165.819240272743627
Incumbent Obj:  1001934.159475264954381
      0     0   278369.2915  7758  1001934.1595    Cuts: 1661    13723   72.22%
*     0+    0                       999198.9379   278369.2915            72.14%
      0     0  -1.00000e+75     0   999198.9379   278369.2915    13723   72.14%
Time: 205.305144071578979 seconds
MIP Gap: 0.721407538640750
Nodes: 0
Best Objective: 278369.291510140115861
Incumbent Obj:  999198.937946773716249
Time: 222.445842981338501 seconds
MIP Gap: 0.721407538640750
Nodes: 0
Best Objective: 278369.291510140115861
Incumbent Obj:  999198.937946773716249
      0     0   299972.7092  9523   999198.9379    Cuts: 1661    17866   69.98%
Time: 272.451101064682007 seconds
MIP Gap: 0.699786801370071
Nodes: 0
Best Objective: 299972.709228628315032
Incumbent Obj:  999198.937946773716249
      0     0   319692.5329 10706   999198.9379    Cuts: 1661    22438   68.01%
Detecting symmetries...
Time: 343.311965942382812 seconds
MIP Gap: 0.680051168225434
Nodes: 0
Best Objective: 319692.532906457141507
Incumbent Obj:  999198.937946773716249
      0     0   337498.7898 11971   999198.9379    Cuts: 1661    27070   66.22%
Time: 436.265485048294067 seconds
MIP Gap: 0.662230635939120
Nodes: 0
Best Objective: 337498.789840588462539
Incumbent Obj:  999198.937946773716249
      0     0   352662.5051 13248   999198.9379    Cuts: 1661    31641   64.71%
*     0+    0                       854932.8556   352662.5051            58.75%
*     0+    0                       853845.3836   352662.5051            58.70%
Time: 558.354001045227051 seconds
MIP Gap: 0.586971468358775
Nodes: 0
Best Objective: 352662.505055811954662
Incumbent Obj:  853845.383645676309243
      0     0   365966.8849 14313   853845.3836    Cuts: 1661    36786   57.14%
*     0+    0                       784968.9771   365966.8849            53.38%
Time: 918.842283964157104 seconds
MIP Gap: 0.533781721843167
Nodes: 0
Best Objective: 365966.884896798525006
Incumbent Obj:  784968.977071485249326
      0     0   378356.9810 15413   784968.9771    Cuts: 1661    42357   51.80%
*     0+    0                       781249.6298   378356.9810            51.57%
Time: 1106.446774005889893 seconds
MIP Gap: 0.515702834812217
Nodes: 0
Best Objective: 378356.980998335988261
Incumbent Obj:  781249.629763228120282
      0     0   389473.9767 16211   781249.6298    Cuts: 1661    47970   50.15%
*     0+    0                       777402.3888   389473.9767            49.90%
Time: 1274.736252069473267 seconds
MIP Gap: 0.499005943028909
Nodes: 0
Best Objective: 389473.976651138917077
Incumbent Obj:  777402.388774470309727
      0     0   399723.9526 17583   777402.3888    Cuts: 1661    53906   48.58%
*     0+    0                       776994.5188   399723.9526            48.56%
Time: 1453.393414974212646 seconds
MIP Gap: 0.485551129460266
Nodes: 0
Best Objective: 399723.952626592305023
Incumbent Obj:  776994.518827929743566
      0     0   409094.8808 18647   776994.5188    Cuts: 1661    60003   47.35%
*     0+    0                       765928.7450   409094.8808            46.59%
Time: 1686.450983047485352 seconds
MIP Gap: 0.465883891358125
Nodes: 0
Best Objective: 409094.880754148180131
Incumbent Obj:  765928.744958423310891
      0     0   417920.6655 19678   765928.7450    Cuts: 1661    66609   45.44%
*     0+    0                       745654.5931   417920.6655            43.95%
Time: 1948.306076049804688 seconds
MIP Gap: 0.439525124138855
Nodes: 0
Best Objective: 417920.665515488421079
Incumbent Obj:  745654.593122255522758
      0     0   425884.2184 20461   745654.5931    Cuts: 1661    73333   42.88%
Advanced basis not built.

Clique cuts applied:  6159
Cover cuts applied:  3216
Mixed integer rounding cuts applied:  8662
Zero-half cuts applied:  141

Root node processing (before b&c):
  Real time             = 2104.61 sec. (796797.38 ticks)
Parallel b&c, 32 threads:
  Real time             =    0.00 sec. (0.00 ticks)
  Sync time (average)   =    0.00 sec.
  Wait time (average)   =    0.00 sec.
                          ------------
Total (root+branch&cut) = 2104.61 sec. (796797.38 ticks)
[INFO] Saving variables cplex:
./outputs/solutions/2024-08-26_LIT/VarsValues_cplex/test_lit_fnl4461_0100_CPMP_Vars_Bin_p_100_RSSV_EXACT_CPMP_BIN.txt
[INFO] Saving results cplex: 
./outputs/solutions/2024-08-26_LIT/Results_cplex/test_lit_fnl4461_0100_Bin_RSSV_EXACT_CPMP_BIN.csv

Final solution CPMP:
p locations: 213 3953 2868 1513 1054 1722 3500 4332 2823 4316 1107 247 710 1929 625 4299 3240 3336 729 3182 1865 3535 1323 2271 316 2904 2272 2746 4089 1123 455 2237 3456 4291 1210 899 1294 22 3195 3140 2973 2415 1328 2670 4263 1090 4170 1331 3938 668 3212 2580 2124 2673 3121 1785 1376 1710 1394 2757 4179 349 1351 2356 1081 2751 221 1724 1690 3645 3734 60 227 3468 3969 1312 1581 78 3919 3375 3709 1963 2965 790 2627 716 3925 2452 552 3558 1061 4270 3562 1434 970 1471 3809 2775 2759 4374 
p size: 100
objective: 745654.593122256570496
sum (dij * xij) 
demand/capacity: 224395.000000000000000/280500
Solution is Feasible
Statistics:
Max distance: 747.096379324649092
Min distance: 0.000000000000000
Avg distance: 167.149651002523342
Std deviation distance: 97.174230007885001


Final total elapsed time: 2490s
[INFO] Saving assignment: ./outputs/solutions/2024-08-26_LIT/Assignments/test_lit_fnl4461_0100_p_100_RSSV_EXACT_CPMP_BIN.txt
[INFO] Saving results: ./outputs/solutions/2024-08-26_LIT/test_lit_fnl4461_0100_results_RSSV_EXACT_CPMP_BIN.csv
[INFO] Saving all results: ./outputs/solutions/test_all_results.csv
Post Optimization: EXACT_CPMP_BIN


-------------------------------------------------
Post Optimization
-------------------------------------------------
method: EXACT_CPMP_BIN
-------------------------------------------------
Time for post-optimization: 1110.000000000000000s
PostOptimization constructor
p locations: 213 3953 2868 1513 1054 1722 3500 4332 2823 4316 1107 247 710 1929 625 4299 3240 3336 729 3182 1865 3535 1323 2271 316 2904 2272 2746 4089 1123 455 2237 3456 4291 1210 899 1294 22 3195 3140 2973 2415 1328 2670 4263 1090 4170 1331 3938 668 3212 2580 2124 2673 3121 1785 1376 1710 1394 2757 4179 349 1351 2356 1081 2751 221 1724 1690 3645 3734 60 227 3468 3969 1312 1581 78 3919 3375 3709 1963 2965 790 2627 716 3925 2452 552 3558 1061 4270 3562 1434 970 1471 3809 2775 2759 4374 
p size: 100
objective: 745654.593122256570496
sum (dij * xij) 
demand/capacity: 224395.000000000000000/280500
Solution is Feasible
[INFO] Running post-optimization
Time limit: 1110.000000000000000
Max size of the neigh: 43
 ------------------------------------ 

Iteration Post-Optimization: 1
Size of neighborhood: 1
[INFO] Adding MIP start solution
Gap Cplex Reports: gap_Bin_service_fnl4461_0100_p_100_RSSV_POSTOPT.csv
[CALLBACK] Generating reports cplex callbacks...
Default row names c1, c2 ... being created.
Version identifier: 22.1.1.0 | 2022-11-28 | 9160aff4d
CPXPARAM_TimeLimit                               1110
CPXPARAM_MIP_Tolerances_LowerCutoff              425884.21838160791
Legacy callback                                  i
1 of 2 MIP starts provided solutions.
MIP start 'm1' defined initial solution with objective 728124.0177.
Presolve has eliminated 17416308 rows and 17416308 columns...
Tried aggregator 1 time.
Presolve has eliminated 17416308 rows and 17416308 columns...
MIP Presolve eliminated 17416308 rows and 17416308 columns.
Reduced MIP has 9023 rows, 2488674 columns, and 4977548 nonzeros.
Reduced MIP has 2488674 binaries, 0 generals, 0 SOSs, and 0 indicators.
Presolve time = 164.04 sec. (40195.69 ticks)
Presolve has eliminated 0 rows and 0 columns...
Tried aggregator 1 time.
Detecting symmetries...
Reduced MIP has 9023 rows, 2488674 columns, and 4977548 nonzeros.
Reduced MIP has 2488674 binaries, 0 generals, 0 SOSs, and 0 indicators.
Presolve time = 54.95 sec. (19727.12 ticks)
Probing time = 10.13 sec. (577.78 ticks)
Clique table members: 2488774.
MIP emphasis: balance optimality and feasibility.
MIP search method: dynamic search.
Parallel mode: deterministic, using up to 32 threads.
Root relaxation solution time = 79.15 sec. (12127.74 ticks)

        Nodes                                         Cuts/
   Node  Left     Objective  IInf  Best Integer    Best Bound    ItCnt     Gap

*     0+    0                       728124.0177        0.0000           100.00%
      0     0   571938.6947   850   728124.0177   571938.6947    20087   21.45%
Time: 691.873401165008545 seconds
MIP Gap: 0.214503737236308
Nodes: 0
Best Objective: 571938.694740068749525
Incumbent Obj:  728124.017710482934490
Time: 722.548995018005371 seconds
MIP Gap: 0.214503737236308
Nodes: 0
Best Objective: 571938.694740068749525
Incumbent Obj:  728124.017710482934490
      0     0   605326.0574  3910   728124.0177    Cuts: 2355    23637   16.86%
Time: 792.303140163421631 seconds
MIP Gap: 0.168649786784845
Nodes: 0
Best Objective: 605326.057370685040951
Incumbent Obj:  728124.017710482934490
      0     0   617758.0899  5038   728124.0177    Cuts: 2355    26984   15.16%
Time: 831.597840070724487 seconds
MIP Gap: 0.151575727649887
Nodes: 0
Best Objective: 617758.089906657114625
Incumbent Obj:  728124.017710482934490
      0     0   622760.1903  3964   728124.0177    Cuts: 1743    28674   14.47%
*     0+    0                       727800.6545   622760.1903            14.43%
*     0+    0                       726245.8925   622760.1903            14.25%
      0     0  -1.00000e+75     0   726245.8925   622760.1903    28674   14.25%
Time: 909.589472055435181 seconds
MIP Gap: 0.142494027447496
Nodes: 0
Best Objective: 622760.190325058531016
Incumbent Obj:  726245.892458699760027
Time: 924.297387123107910 seconds
MIP Gap: 0.142494027447496
Nodes: 0
Best Objective: 622760.190325058531016
Incumbent Obj:  726245.892458699760027
      0     0   626628.8595  3676   726245.8925    Cuts: 1221    29937   13.72%
Time: 946.378130197525024 seconds
MIP Gap: 0.137167086296861
Nodes: 0
Best Objective: 626628.859455076279119
Incumbent Obj:  726245.892458699760027
      0     0   629854.8733  3937   726245.8925     Cuts: 984    31136   13.27%
Detecting symmetries...
Time: 973.463678121566772 seconds
MIP Gap: 0.132725045600516
Nodes: 0
Best Objective: 629854.873264931025915
Incumbent Obj:  726245.892458699760027
      0     0   632995.1033  3381   726245.8925    Cuts: 1037    32158   12.84%
Time: 1002.496053218841553 seconds
MIP Gap: 0.128401124330701
Nodes: 0
Best Objective: 632995.103326449054293
Incumbent Obj:  726245.892458699760027
      0     0   635534.1943  3731   726245.8925     Cuts: 975    33258   12.49%
Time: 1034.695602178573608 seconds
MIP Gap: 0.124904937989913
Nodes: 0
Best Objective: 635534.194295716821216
Incumbent Obj:  726245.892458699760027
      0     0   638132.8668  3517   726245.8925    Cuts: 1194    34285   12.13%
Time: 1065.511269092559814 seconds
MIP Gap: 0.121326711169152
Nodes: 0
Best Objective: 638132.866826580255292
Incumbent Obj:  726245.892458699760027
      0     0   640354.0200  4248   726245.8925     Cuts: 902    35334   11.83%
Time: 1096.193611145019531 seconds
MIP Gap: 0.118268307420875
Nodes: 0
Best Objective: 640354.019986246712506
Incumbent Obj:  726245.892458699760027
      0     0   642581.3100  4209   726245.8925     Cuts: 966    36378   11.52%
Time: 1123.527140140533447 seconds
MIP Gap: 0.115201453617398
Nodes: 0
Best Objective: 642581.309963793144561
Incumbent Obj:  726245.892458699760027
      0     0   644645.1426  3810   726245.8925     Cuts: 913    37323   11.24%
Time: 1157.049808025360107 seconds
MIP Gap: 0.112359671379294
Nodes: 0
Best Objective: 644645.142641477868892
Incumbent Obj:  726245.892458699760027
      0     0   646551.0834  3482   726245.8925     Cuts: 856    38227   10.97%
*     0+    0                       726157.7541   646551.0834            10.96%
Time: 1189.353826999664307 seconds
MIP Gap: 0.109627240400289
Nodes: 0
Best Objective: 646551.083427870878950
Incumbent Obj:  726157.754105756990612
      0     0   648303.9274  3931   726157.7541     Cuts: 825    39180   10.72%

Clique cuts applied:  5134
Cover cuts applied:  6219
Flow cuts applied:  180
Mixed integer rounding cuts applied:  550
Zero-half cuts applied:  810
Gomory fractional cuts applied:  6

Root node processing (before b&c):
  Real time             = 1114.27 sec. (283710.87 ticks)
Parallel b&c, 32 threads:
  Real time             =    0.00 sec. (0.00 ticks)
  Sync time (average)   =    0.00 sec.
  Wait time (average)   =    0.00 sec.
                          ------------
Total (root+branch&cut) = 1114.27 sec. (283710.87 ticks)
Post-Optimization Solution: 
p locations: 4374 4332 4315 4299 4270 4245 4179 4089 3953 3938 3925 3645 3562 1328 1312 3535 1865 1090 2670 1722 1054 3182 3734 227 3809 970 1471 1434 1513 1323 2271 4291 3456 213 1394 1061 247 2775 1351 349 1710 1376 1929 3919 78 710 3558 552 316 668 899 1294 1640 2272 2746 1107 3240 71 2757 3969 3468 4170 1331 628 455 1123 716 1210 729 3336 1690 221 1724 2356 1081 2751 2124 2904 2236 2868 3500 2415 2452 2580 3212 790 2627 2673 2759 2823 1963 2965 3140 2973 1785 3121 22 3195 3709 3375 
p size: 100
objective: 726157.754105758969672
sum (dij * xij) 
demand/capacity: 224395.000000000000000/280500
Solution is Feasible
Comparing Best Bounds: 
Old Best Bound: 648303.927422306733206
New Best Bound: 648303.927422306733206
Time elapsed: 1292.600173536000057s
Time remaining: 1110.000000000000000s



Finishing post-optimization
p locations: 4374 4332 4315 4299 4270 4245 4179 4089 3953 3938 3925 3645 3562 1328 1312 3535 1865 1090 2670 1722 1054 3182 3734 227 3809 970 1471 1434 1513 1323 2271 4291 3456 213 1394 1061 247 2775 1351 349 1710 1376 1929 3919 78 710 3558 552 316 668 899 1294 1640 2272 2746 1107 3240 71 2757 3969 3468 4170 1331 628 455 1123 716 1210 729 3336 1690 221 1724 2356 1081 2751 2124 2904 2236 2868 3500 2415 2452 2580 3212 790 2627 2673 2759 2823 1963 2965 3140 2973 1785 3121 22 3195 3709 3375 
p size: 100
objective: 726157.754105758969672
sum (dij * xij) 
demand/capacity: 224395.000000000000000/280500
Solution is Feasible
Solution Stats
Statistics:
Max distance: 557.810899857648906
Min distance: 0.000000000000000
Avg distance: 162.779142368473202
Std deviation distance: 91.550029394805406


[INFO] Saving assignment: ./outputs/solutions/2024-08-26_LIT/Assignments/test_lit_fnl4461_0100_p_100_RSSV_EXACT_CPMP_BIN_POSTOPT.txt
[INFO] Saving results: ./outputs/solutions/2024-08-26_LIT/test_lit_fnl4461_0100_results_RSSV_EXACT_CPMP_BIN_POSTOPT.csv
[INFO] Saving all results: ./outputs/solutions/test_all_results.csv
Final total elapsed time (post opt): 3782s
Elapsed time: 3782908 ms

RSSV finished.
