Debug: configOverride contents: IsWeighted_ObjFunc add_break_callback add_generate_reports add_threshold_distance_rssv bw_multiplier capacities cover_mode coverages cust_max_id distance_matrix loc_max_id max_ite_subprob_rssv method method_post_opt method_rssv_fp method_rssv_sp output p seed service size_subproblems_rssv subarea threads time time_cplex time_subprob_rssv weights 
Loading instance...
Scanning input data...
Distance matrix dimensions: 4462 x 4462 = 19909444
Elapsed time: 0 ms

Loading weights...
Skipped line: customer weight coord_x coord_y
Loaded 4461 weights
Loaded 4461 coordinates
Total customer demand: 224395.00
Elapsed time: 9 ms

Loading capacities...
Skipped line: location capacity coord_x coord_y
Loaded 4461 capacities
Loaded 4461 coordinates
Elapsed time: 6 ms

Loading distance matrix...
Computing euclidian distances...
bw multiplier: 0.50
Loaded 19904982 distances
dists stdev: 954.33
bandwidth h: 17.53
locations: 4461
customers: 4461
p: 100
Elapsed time: 348 ms

[INFO] Instance loaded
loc_max_id: 4461
loc_cnt: 4461
service: fnl4461_0100
cust_max_id: 4461
cust_cnt: 4461
unweighted obj function
p: 100
total_demand: 224395.00


-------------------------------------------------


-------------------------------------------------
RSSV heuristic 
-------------------------------------------------
method subproblems: TB_PMP
method final problem: EXACT_CPMP_BIN
-------------------------------------------------
RSSV running...
cPMP size (N): 4461
sub-cPMP size (n): 1784
Subproblems cnt (M): 12
p: 100
Seed: 0
Time limit for subproblems: 600.00

thread cnt: 20

Thread 1 created with seed 1
Thread 2 created with seed 2
Thread 3 created with seed 3
Thread 4 created with seed 4
Solving sub-PMP 1/12...
Thread 5 created with seed 5
Solving sub-PMP 3/12...Solving sub-PMP 
2/12...
Thread 6 created with seed 6
Solving sub-PMP 4/12...
Thread 7 created with seed 7
Thread 8 created with seed 8
Solving sub-PMP 6/12...
Thread 9 created with seed 9
Solving sub-PMP 8/12...
Solving sub-PMP 7/12...
Thread 10 created with seed 10
Thread 11 created with seed 11
Solving sub-PMP 5/12...
Solving sub-PMP 9/12...
Solving sub-PMP Thread 12 created with seed 12
10/12...
Solving sub-PMP 11/12...
Solving sub-PMP 12/12...
uncapacitated TB started
uncapacitated TB started
uncapacitated TB started
uncapacitated TB started
uncapacitated TB started
uncapacitated TB started
uncapacitated TB started
uncapacitated TB started
uncapacitated TB started
uncapacitated TB started
uncapacitated TB started
uncapacitated TB started
[INFO] Uncapacitated TB local search started
[INFO] Uncapacitated TB local search started
[INFO] Uncapacitated TB local search started
[INFO] Uncapacitated TB local search started
[INFO] Uncapacitated TB local search started
[INFO] Uncapacitated TB local search started
[INFO] Uncapacitated TB local search started
[INFO] Uncapacitated TB local search started
[INFO] Uncapacitated TB local search started
[INFO] Uncapacitated TB local search started
[INFO] Uncapacitated TB local search started
[INFO] Uncapacitated TB local search started

[INFO] Time limit reached. Stopping the algorithm.

[INFO] Time limit reached. Stopping the algorithm.

[INFO] Time limit reached. Stopping the algorithm.

[INFO] Time limit reached. Stopping the algorithm.

[INFO] Time limit reached. Stopping the algorithm.

[INFO] Time limit reached. Stopping the algorithm.

[INFO] Time limit reached. Stopping the algorithm.
TB elapsed time: 
[INFO] Time limit reached. Stopping the algorithm.
TB elapsed time: TB elapsed time: TB elapsed time: 
[INFO] Time limit reached. Stopping the algorithm.

[INFO] Time limit reached. Stopping the algorithm.

[INFO] Time limit reached. Stopping the algorithm.
TB elapsed time: TB elapsed time: 
[INFO] Time limit reached. Stopping the algorithm.
TB elapsed time: TB elapsed time: TB elapsed time: TB elapsed time: TB elapsed time: 600.01600.01600.01600.01600.01600.01 seconds
600.01Num ite total uncapacited TB: TB elapsed time:  seconds
65Num ite total uncapacited TB:  seconds
 seconds
54
tb solution is feasible
600.01Num ite total uncapacited TB: Num ite total uncapacited TB: 600.0155

tb solution is feasible
600.01600.0169 seconds
 seconds

Num ite total uncapacited TB: Num ite total uncapacited TB: tb solution is feasible
 seconds
 seconds
55Num ite total uncapacited TB: 
600.016258 seconds
tb solution is feasible

 seconds
Num ite total uncapacited TB: tb solution is feasible

51tb solution is feasible

Num ite total uncapacited TB:  seconds
51 seconds

tb solution is feasible
Num ite total uncapacited TB: 50
tb solution is feasible
Num ite total uncapacited TB: Num ite total uncapacited TB: tb solution is feasible
tb solution is feasible
6265

tb solution is feasible
tb solution is feasible
[INFO] All subproblems solved.

Elapsed time: 600278 ms


Stats: 
Max dist: 557.65
Min dist: 0.00
avg of Avg dists: 144.52
avg Std dev dist: 73.09

First 1784 voting weights (sorted): 1055(4.00) 3038(4.00) 1923(4.00) 788(4.00) 716(4.00) 330(3.37) 1502(3.16) 4410(3.16) 2414(3.03) 4282(3.03) 2632(3.00) 3574(3.00) 3275(3.00) 3578(3.00) 3114(3.00) 2446(3.00) 872(3.00) 450(3.00) 1731(3.00) 2588(3.00) 1519(2.65) 355(2.55) 2034(2.39) 2267(2.27) 1534(2.26) 1153(2.25) 1793(2.22) 4260(2.21) 563(2.17) 985(2.07) 4269(2.07) 757(2.07) 3508(2.07) 3554(2.07) 1137(2.07) 1425(2.05) 1433(2.05) 103(2.05) 1914(2.04) 1496(2.03) 4261(2.03) 3846(2.03) 2404(2.03) 3496(2.00) 3498(2.00) 1711(2.00) 1929(2.00) 2676(2.00) 4076(2.00) 1925(2.00) 1733(2.00) 1770(2.00) 1779(2.00) 720(2.00) 264(2.00) 3623(2.00) 3078(2.00) 3551(2.00) 1854(2.00) 3576(2.00) 3552(2.00) 1836(2.00) 1834(2.00) 4102(2.00) 285(2.00) 3629(2.00) 1368(2.00) 1371(2.00) 3285(2.00) 2834(2.00) 2837(2.00) 2841(2.00) 349(2.00) 1416(2.00) 527(2.00) 70(2.00) 4241(2.00) 387(2.00) 1444(2.00) 3215(2.00) 4250(2.00) 2878(2.00) 414(2.00) 458(2.00) 453(2.00) 2890(2.00) 4287(2.00) 4356(2.00) 3488(2.00) 4138(2.00) 4148(2.00) 1656(2.00) 191(2.00) 3028(2.00) 1298(2.00) 3448(2.00) 75(2.00) 2787(2.00) 66(2.00) 3005(2.00) 3384(2.00) 50(2.00) 43(2.00) 705(2.00) 684(2.00) 681(2.00) 2783(2.00) 2975(2.00) 4169(2.00) 3930(2.00) 3121(2.00) 1058(2.00) 2410(2.00) 1121(2.00) 3815(2.00) 2205(2.00) 3735(2.00) 2536(2.00) 815(2.00) 3808(2.00) 4431(2.00) 3713(2.00) 1079(2.00) 4003(2.00) 3766(2.00) 2121(2.00) 1136(2.00) 2127(2.00) 2421(2.00) 2523(2.00) 2131(2.00) 2145(2.00) 2181(2.00) 857(2.00) 4011(2.00) 2533(2.00) 2403(2.00) 967(2.00) 1043(2.00) 3864(2.00) 2287(2.00) 3687(2.00) 3862(2.00) 2040(2.00) 1160(2.00) 3707(2.00) 787(2.00) 2279(2.00) 1012(2.00) 3118(2.00) 1001(2.00) 3908(1.72) 3891(1.72) 565(1.62) 2263(1.54) 3101(1.52) 3117(1.52) 1419(1.44) 3709(1.44) 4279(1.42) 2010(1.42) 1798(1.39) 2056(1.37) 1169(1.37) 1758(1.34) 597(1.34) 2185(1.27) 2184(1.27) 1835(1.27) 1801(1.27) 40(1.26) 3388(1.26) 435(1.24) 404(1.24) 46(1.24) 3816(1.23) 1008(1.23) 1455(1.22) 1436(1.22) 4402(1.22) 3404(1.22) 955(1.21) 1831(1.21) 922(1.21) 794(1.21) 3002(1.21) 212(1.21) 3017(1.21) 816(1.21) 200(1.21) 3803(1.20) 2793(1.20) 2822(1.20) 2178(1.18) 4237(1.18) 1111(1.18) 422(1.18) 3346(1.18) 3065(1.18) 437(1.18) 1332(1.18) 4242(1.18) 745(1.18) 1764(1.18) 1374(1.18) 1080(1.18) 733(1.18) 4312(1.18) 972(1.18) 2147(1.18) 1129(1.18) 1107(1.18) 3107(1.18) 4299(1.18) 3415(1.18) 3325(1.17) 3307(1.17) 69(1.17) 1864(1.17) 1878(1.17) 57(1.17) 1954(1.16) 4286(1.15) 730(1.15) 953(1.15) 4422(1.13) 4411(1.13) 48(1.13) 104(1.11) 1437(1.11) 1487(1.11) 1936(1.11) 1842(1.11) 4304(1.10) 2372(1.10) 2356(1.10) 278(1.09) 1309(1.09) 1998(1.09) 1196(1.07) 3260(1.07) 791(1.07) 2257(1.07) 1158(1.07) 2295(1.07) 3449(1.07) 829(1.07) 4163(1.07) 3216(1.07) 3227(1.07) 1995(1.07) 2666(1.07) 3419(1.07) 180(1.07) 174(1.07) 2697(1.07) 3240(1.07) 4188(1.07) 111(1.07) 4240(1.07) 1541(1.07) 3829(1.07) 81(1.06) 94(1.06) 504(1.06) 540(1.06) 1938(1.05) 2903(1.05) 249(1.05) 3054(1.05) 3001(1.05) 1632(1.05) 1373(1.05) 2901(1.05) 1635(1.05) 1660(1.05) 1602(1.05) 3019(1.04) 3016(1.04) 1052(1.04) 1274(1.04) 1326(1.04) 1324(1.04) 1322(1.04) 1045(1.04) 1042(1.04) 516(1.04) 529(1.04) 3230(1.04) 855(1.04) 907(1.04) 3280(1.04) 3185(1.04) 3265(1.04) 2198(1.04) 1503(1.04) 3365(1.04) 1334(1.04) 292(1.04) 95(1.04) 2255(1.04) 1484(1.04) 1461(1.04) 2911(1.04) 642(1.04) 2960(1.04) 656(1.04) 3821(1.04) 1473(1.04) 2430(1.03) 2342(1.03) 118(1.03) 2491(1.03) 4035(1.03) 2055(1.03) 4070(1.03) 644(1.03) 622(1.03) 1268(1.03) 1314(1.03) 3153(1.03) 3208(1.03) 3699(1.00) 2025(1.00) 3692(1.00) 2022(1.00) 2018(1.00) 777(1.00) 2011(1.00) 1167(1.00) 2008(1.00) 2007(1.00) 1173(1.00) 765(1.00) 3675(1.00) 1987(1.00) 1984(1.00) 1982(1.00) 3666(1.00) 3665(1.00) 1972(1.00) 3657(1.00) 3656(1.00) 1959(1.00) 764(1.00) 1175(1.00) 3650(1.00) 1947(1.00) 3645(1.00) 1943(1.00) 3673(1.00) 2112(1.00) 2109(1.00) 2108(1.00) 1139(1.00) 3749(1.00) 1148(1.00) 1152(1.00) 3938(1.00) 3743(1.00) 3741(1.00) 3738(1.00) 3737(1.00) 799(1.00) 2074(1.00) 3700(1.00) 3727(1.00) 798(1.00) 795(1.00) 3715(1.00) 793(1.00) 2049(1.00) 1159(1.00) 786(1.00) 3706(1.00) 2042(1.00) 783(1.00) 2038(1.00) 2036(1.00) 780(1.00) 3728(1.00) 1205(1.00) 3585(1.00) 3583(1.00) 3941(1.00) 3580(1.00) 332(1.00) 327(1.00) 1839(1.00) 1215(1.00) 320(1.00) 1217(1.00) 308(1.00) 1225(1.00) 1230(1.00) 756(1.00) 1830(1.00) 3569(1.00) 1822(1.00) 1820(1.00) 291(1.00) 1819(1.00) 1816(1.00) 3564(1.00) 3563(1.00) 1810(1.00) 3558(1.00) 1804(1.00) 1803(1.00) 1238(1.00) 1233(1.00) 1942(1.00) 1186(1.00) 737(1.00) 1933(1.00) 736(1.00) 732(1.00) 731(1.00) 726(1.00) 1921(1.00) 1920(1.00) 3631(1.00) 722(1.00) 717(1.00) 3628(1.00) 1857(1.00) 1909(1.00) 3625(1.00) 1905(1.00) 1904(1.00) 715(1.00) 3620(1.00) 3617(1.00) 3615(1.00) 1891(1.00) 1881(1.00) 713(1.00) 3604(1.00) 1874(1.00) 1204(1.00) 1910(1.00) 3893(1.00) 2327(1.00) 966(1.00) 3889(1.00) 3888(1.00) 2310(1.00) 2309(1.00) 962(1.00) 2299(1.00) 1047(1.00) 2293(1.00) 948(1.00) 947(1.00) 946(1.00) 2117(1.00) 1049(1.00) 3856(1.00) 2276(1.00) 2275(1.00) 2271(1.00) 2269(1.00) 1050(1.00) 3851(1.00) 1054(1.00) 2259(1.00) 939(1.00) 933(1.00) 1070(1.00) 2254(1.00) 2283(1.00) 3934(1.00) 1005(1.00) 2389(1.00) 3931(1.00) 1004(1.00) 1014(1.00) 2383(1.00) 3927(1.00) 2377(1.00) 2376(1.00) 1019(1.00) 2370(1.00) 990(1.00) 2366(1.00) 3896(1.00) 3915(1.00) 2362(1.00) 3913(1.00) 989(1.00) 981(1.00) 2352(1.00) 971(1.00) 3907(1.00) 2347(1.00) 1036(1.00) 2341(1.00) 2340(1.00) 2339(1.00) 2336(1.00) 3916(1.00) 2395(1.00) 3798(1.00) 1116(1.00) 848(1.00) 2171(1.00) 2170(1.00) 2162(1.00) 2161(1.00) 2159(1.00) 2155(1.00) 2154(1.00) 2153(1.00) 2151(1.00) 2148(1.00) 3841(1.00) 2146(1.00) 839(1.00) 2140(1.00) 3778(1.00) 2137(1.00) 2136(1.00) 3774(1.00) 837(1.00) 834(1.00) 826(1.00) 3770(1.00) 823(1.00) 822(1.00) 2118(1.00) 844(1.00) 2243(1.00) 2241(1.00) 3836(1.00) 3835(1.00) 2236(1.00) 2231(1.00) 3831(1.00) 1071(1.00) 2219(1.00) 909(1.00) 3820(1.00) 1077(1.00) 904(1.00) 2210(1.00) 2183(1.00) 2203(1.00) 3809(1.00) 902(1.00) 2199(1.00) 895(1.00) 2196(1.00) 891(1.00) 1086(1.00) 3805(1.00) 2193(1.00) 2191(1.00) 1088(1.00) 2186(1.00) 876(1.00) 1106(1.00) 903(1.00) 635(1.00) 627(1.00) 625(1.00) 624(1.00) 1389(1.00) 3313(1.00) 3312(1.00) 619(1.00) 618(1.00) 3311(1.00) 616(1.00) 1390(1.00) 3306(1.00) 610(1.00) 1249(1.00) 604(1.00) 138(1.00) 3294(1.00) 3292(1.00) 139(1.00) 1395(1.00) 578(1.00) 147(1.00) 571(1.00) 1396(1.00) 569(1.00) 568(1.00) 150(1.00) 564(1.00) 3305(1.00) 4(1.00) 701(1.00) 696(1.00) 688(1.00) 686(1.00) 1349(1.00) 1352(1.00) 680(1.00) 1356(1.00) 676(1.00) 3344(1.00) 1363(1.00) 3339(1.00) 668(1.00) 3321(1.00) 1367(1.00) 3337(1.00) 662(1.00) 100(1.00) 3331(1.00) 3329(1.00) 107(1.00) 651(1.00) 113(1.00) 645(1.00) 119(1.00) 643(1.00) 1385(1.00) 639(1.00) 664(1.00) 3229(1.00) 391(1.00) 3224(1.00) 3222(1.00) 3221(1.00) 3220(1.00) 394(1.00) 485(1.00) 1449(1.00) 3213(1.00) 3210(1.00) 1451(1.00) 475(1.00) 474(1.00) 154(1.00) 406(1.00) 472(1.00) 1456(1.00) 413(1.00) 460(1.00) 420(1.00) 1463(1.00) 431(1.00) 448(1.00) 1467(1.00) 1468(1.00) 1475(1.00) 1471(1.00) 440(1.00) 473(1.00) 3273(1.00) 3270(1.00) 156(1.00) 1400(1.00) 166(1.00) 1406(1.00) 545(1.00) 344(1.00) 538(1.00) 348(1.00) 3251(1.00) 533(1.00) 3247(1.00) 3246(1.00) 390(1.00) 359(1.00) 364(1.00) 520(1.00) 367(1.00) 514(1.00) 3235(1.00) 511(1.00) 3234(1.00) 1427(1.00) 3232(1.00) 505(1.00) 378(1.00) 379(1.00) 1439(1.00) 1442(1.00) 356(1.00) 1722(1.00) 230(1.00) 226(1.00) 211(1.00) 1706(1.00) 1705(1.00) 3495(1.00) 1702(1.00) 1701(1.00) 1696(1.00) 205(1.00) 3487(1.00) 1690(1.00) 1687(1.00) 1330(1.00) 1685(1.00) 1683(1.00) 204(1.00) 198(1.00) 1679(1.00) 1677(1.00) 1671(1.00) 1669(1.00) 1665(1.00) 3477(1.00) 1663(1.00) 1662(1.00) 1292(1.00) 193(1.00) 1686(1.00) 3555(1.00) 271(1.00) 270(1.00) 1252(1.00) 1253(1.00) 3549(1.00) 3547(1.00) 1786(1.00) 1785(1.00) 1780(1.00) 263(1.00) 1256(1.00) 3535(1.00) 3531(1.00) 1725(1.00) 1763(1.00) 3529(1.00) 1759(1.00) 251(1.00) 248(1.00) 1757(1.00) 1753(1.00) 1747(1.00) 1739(1.00) 243(1.00) 1729(1.00) 3509(1.00) 1269(1.00) 237(1.00) 3507(1.00) 257(1.00) 63(1.00) 3413(1.00) 1567(1.00) 1565(1.00) 1559(1.00) 1558(1.00) 61(1.00) 1550(1.00) 1548(1.00) 3398(1.00) 3397(1.00) 58(1.00) 1538(1.00) 56(1.00) 3475(1.00) 1531(1.00) 1313(1.00) 1524(1.00) 1522(1.00) 3383(1.00) 1315(1.00) 3380(1.00) 3379(1.00) 1506(1.00) 1316(1.00) 38(1.00) 13(1.00) 1494(1.00) 1327(1.00) 3390(1.00) 1657(1.00) 192(1.00) 3472(1.00) 3467(1.00) 3465(1.00) 1640(1.00) 3459(1.00) 1636(1.00) 187(1.00) 178(1.00) 1630(1.00) 1628(1.00) 3452(1.00) 3450(1.00) 71(1.00) 176(1.00) 1615(1.00) 3436(1.00) 1302(1.00) 1596(1.00) 1594(1.00) 1308(1.00) 3427(1.00) 1591(1.00) 1586(1.00) 1582(1.00) 3421(1.00) 3420(1.00) 72(1.00) 3416(1.00) 1301(1.00) 4326(1.00) 2987(1.00) 2986(1.00) 4043(1.00) 4178(1.00) 4408(1.00) 2756(1.00) 2757(1.00) 4038(1.00) 2951(1.00) 2761(1.00) 4112(1.00) 2763(1.00) 4323(1.00) 4033(1.00) 4185(1.00) 4031(1.00) 3142(1.00) 2773(1.00) 4409(1.00) 4395(1.00) 2743(1.00) 4054(1.00) 2995(1.00) 2994(1.00) 4399(1.00) 3111(1.00) 3112(1.00) 2553(1.00) 3127(1.00) 4049(1.00) 2551(1.00) 3115(1.00) 4400(1.00) 4046(1.00) 4329(1.00) 4328(1.00) 4406(1.00) 4174(1.00) 2750(1.00) 3113(1.00) 2497(1.00) 3155(1.00) 2964(1.00) 2494(1.00) 4209(1.00) 4000(1.00) 2806(1.00) 2807(1.00) 3997(1.00) 4027(1.00) 2813(1.00) 2958(1.00) 4307(1.00) 4427(1.00) 4218(1.00) 2819(1.00) 2954(1.00) 2475(1.00) 3164(1.00) 3990(1.00) 2810(1.00) 2980(1.00) 2774(1.00) 3145(1.00) 2519(1.00) 4190(1.00) 4194(1.00) 4195(1.00) 2785(1.00) 2507(1.00) 4006(1.00) 4199(1.00) 1846(1.00) 4317(1.00) 2970(1.00) 4013(1.00) 3151(1.00) 4202(1.00) 2794(1.00) 2795(1.00) 4009(1.00) 3150(1.00) 3064(1.00) 2671(1.00) 3044(1.00) 4360(1.00) 2621(1.00) 3042(1.00) 4130(1.00) 4089(1.00) 2686(1.00) 2561(1.00) 4358(1.00) 2689(1.00) 2615(1.00) 2614(1.00) 2694(1.00) 3036(1.00) 4139(1.00) 4354(1.00) 2612(1.00) 2687(1.00) 2653(1.00) 2657(1.00) 3060(1.00) 4115(1.00) 4107(1.00) 2643(1.00) 3055(1.00) 2642(1.00) 4365(1.00) 2629(1.00) 4104(1.00) 4364(1.00) 2638(1.00) 2661(1.00) 2634(1.00) 3062(1.00) 2664(1.00) 2667(1.00) 4370(1.00) 4098(1.00) 3061(1.00) 3020(1.00) 2581(1.00) 2723(1.00) 2725(1.00) 3095(1.00) 2726(1.00) 3018(1.00) 2576(1.00) 4342(1.00) 4142(1.00) 4162(1.00) 2733(1.00) 2570(1.00) 3098(1.00) 4060(1.00) 2566(1.00) 2998(1.00) 4057(1.00) 2741(1.00) 4056(1.00) 2573(1.00) 2609(1.00) 4143(1.00) 2607(1.00) 4379(1.00) 2603(1.00) 4381(1.00) 2600(1.00) 3081(1.00) 4382(1.00) 4155(1.00) 4383(1.00) 2595(1.00) 3030(1.00) 2593(1.00) 2590(1.00) 2589(1.00) 2716(1.00) 4073(1.00) 2585(1.00) 2718(1.00) 3083(1.00) 4245(1.00) 2870(1.00) 3982(1.00) 3964(1.00) 2461(1.00) 3194(1.00) 2462(1.00) 4449(1.00) 3955(1.00) 2927(1.00) 2925(1.00) 4284(1.00) 2465(1.00) 2945(1.00) 3957(1.00) 4254(1.00) 2425(1.00) 2919(1.00) 4289(1.00) 2843(1.00) 3176(1.00) 2940(1.00) 3173(1.00) 3972(1.00) 3179(1.00) 2846(1.00) 2839(1.00) 2850(1.00) 2458(1.00) 3979(1.00) 3188(1.00) 2934(1.00) 2443(1.00) 2442(1.00) 2863(1.00) 2864(1.00) 2931(1.00) 3191(1.00) 2942(1.00) 2471(1.00) 4433(1.00) 2823(1.00) 2907(1.00) 3943(1.00) 4270(1.00) 4275(1.00) 4276(1.00) 2895(1.00) 2406(1.00) 4262(1.00) 2885(1.00) 2468(1.00) 4278(1.00) 3953(1.00) 2918(1.00) 4273(1.00) 2762(1.00) 59(0.99) 4053(0.78) 432(0.72) 567(0.72) 5(0.72) 388(0.72) 2836(0.72) 1146(0.72) 2996(0.67) 309(0.63) 1115(0.58) 1960(0.56) 2932(0.56) 145(0.56) 471(0.55) 3546(0.55) 1369(0.54) 2126(0.54) 924(0.52) 1578(0.52) 3565(0.52) 1413(0.52) 3102(0.52) 80(0.51) 2134(0.49) 2709(0.49) 454(0.49) 189(0.49) 3885(0.46) 2274(0.45) 2251(0.45) 1344(0.45) 1900(0.42) 2232(0.42) 1328(0.42) 2016(0.42) 3780(0.42) 508(0.42) 3594(0.42) 4272(0.40) 1997(0.39) 3544(0.37) 4184(0.37) 3739(0.37) 128(0.37) 544(0.37) 2449(0.37) 3047(0.37) 3009(0.37) 183(0.37) 2291(0.37) 3746(0.37) 4034(0.37) 721(0.37) 3470(0.37) 484(0.37) 403(0.37) 2429(0.34) 1940(0.34) 2848(0.34) 2374(0.34) 199(0.32) 4227(0.32) 167(0.31) 2913(0.30) 1776(0.28) 2313(0.27) 4048(0.27) 1917(0.27) 2365(0.27) 1895(0.27) 2172(0.27) 1460(0.27) 1323(0.27) 1291(0.27) 2239(0.27) 698(0.27) 3171(0.27) 1805(0.27) 3892(0.27) 2569(0.27) 4285(0.27) 1849(0.27) 3637(0.27) 4277(0.27) 341(0.27) 1164(0.27) 1604(0.27) 1(0.27) 3149(0.27) 3310(0.27) 951(0.27) 1666(0.27) 4268(0.27) 101(0.27) 1625(0.27) 2437(0.27) 152(0.27) 4401(0.27) 1318(0.27) 711(0.27) 256(0.27) 2253(0.27) 1234(0.27) 1281(0.27) 1584(0.27) 735(0.26) 190(0.26) 4291(0.26) 1082(0.25) 4113(0.24) 1166(0.24) 573(0.24) 3341(0.24) 1796(0.24) 1039(0.24) 37(0.24) 3328(0.24) 151(0.24) 4443(0.24) 2650(0.24) 1577(0.24) 51(0.23) 3407(0.22) 208(0.22) 399(0.22) 4018(0.22) 3011(0.21) 596(0.21) 3806(0.21) 2071(0.21) 1335(0.21) 26(0.21) 2226(0.21) 1585(0.21) 3180(0.21) 3031(0.21) 281(0.21) 4413(0.21) 605(0.21) 1044(0.21) 1031(0.21) 470(0.21) 1208(0.21) 1388(0.21) 900(0.21) 982(0.21) 1140(0.21) 4345(0.21) 2000(0.20) 3166(0.20) 2201(0.20) 2493(0.20) 1983(0.20) 3607(0.19) 161(0.18) 4352(0.18) 108(0.18) 2361(0.18) 449(0.18) 626(0.18) 671(0.18) 2968(0.18) 3072(0.18) 3799(0.18) 4015(0.18) 1101(0.18) 162(0.18) 3087(0.18) 1691(0.18) 4228(0.18) 125(0.18) 3193(0.18) 1969(0.18) 992(0.18) 1784(0.18) 1122(0.18) 3393(0.18) 4193(0.18) 3249(0.18) 4042(0.18) 930(0.18) 821(0.18) 2844(0.18) 3711(0.18) 3274(0.18) 2997(0.18) 3051(0.18) 4294(0.18) 594(0.18) 1024(0.18) 1051(0.18) 3267(0.18) 3661(0.18) 4298(0.18) 1310(0.18) 3442(0.18) 3295(0.18) 136(0.18) 2035(0.18) 368(0.18) 3099(0.18) 293(0.18) 1993(0.18) 3314(0.17) 3550(0.17) 3714(0.17) 2476(0.17) 3147(0.15) 4340(0.15) 1096(0.15) 1935(0.15) 31(0.15) 2826(0.15) 311(0.15) 4424(0.15) 3868(0.15) 1808(0.15) 3679(0.15) 1300(0.15) 1919(0.14) 703(0.13) 2401(0.13) 82(0.13) 1172(0.13) 1402(0.13) 1873(0.13) 1157(0.13) 3786(0.13) 2866(0.13) 1165(0.13) 421(0.12) 1178(0.12) 2591(0.12) 3360(0.11) 3784(0.11) 3559(0.11) 2616(0.11) 4373(0.11) 3500(0.11) 729(0.11) 1890(0.11) 1749(0.11) 964(0.11) 3776(0.11) 1132(0.09) 3476(0.09) 3135(0.09) 2388(0.09) 3074(0.09) 2175(0.09) 4085(0.09) 258(0.09) 1056(0.09) 4118(0.09) 1306(0.09) 2747(0.09) 1412(0.08) 122(0.08) 4144(0.08) 2821(0.08) 3104(0.08) 65(0.08) 3567(0.08) 4171(0.08) 2652(0.07) 4371(0.07) 2622(0.07) 2627(0.07) 2647(0.07) 1856(0.07) 1713(0.07) 3951(0.07) 217(0.07) 3279(0.07) 2685(0.07) 2469(0.07) 216(0.07) 1286(0.07) 425(0.07) 209(0.07) 1447(0.07) 4116(0.07) 4302(0.07) 172(0.07) 2772(0.07) 2084(0.07) 4390(0.07) 3446(0.07) 1421(0.07) 665(0.07) 3389(0.07) 10(0.07) 1351(0.07) 4327(0.07) 1434(0.07) 797(0.07) 949(0.07) 2511(0.07) 3877(0.07) 771(0.07) 1364(0.07) 2933(0.07) 1359(0.07) 1566(0.07) 515(0.07) 3350(0.07) 3243(0.07) 2495(0.07) 2967(0.07) 3959(0.07) 1346(0.07) 818(0.07) 4032(0.07) 2605(0.07) 3745(0.07) 3131(0.07) 486(0.07) 4072(0.07) 1194(0.07) 4415(0.07) 2842(0.07) 1946(0.07) 1474(0.07) 2847(0.07) 3769(0.07) 4292(0.07) 4430(0.07) 4106(0.07) 2877(0.07) 182(0.07) 3636(0.07) 1411(0.07) 1179(0.07) 4146(0.07) 1709(0.07) 3948(0.07) 4181(0.07) 2549(0.07) 2069(0.07) 648(0.07) 4346(0.07) 1505(0.06) 1507(0.06) 1347(0.06) 1350(0.06) 931(0.06) 1053(0.06) 2407(0.06) 952(0.06) 2233(0.06) 2759(0.06) 60(0.06) 1588(0.06) 609(0.06) 750(0.06) 3340(0.06) 1724(0.06) 2156(0.06) 300(0.06) 2736(0.06) 2722(0.06) 1911(0.06) 3172(0.06) 4058(0.06) 3090(0.06) 1668(0.06) 3779(0.06) 2003(0.06) 1282(0.06) 170(0.06) 2264(0.06) 1994(0.06) 207(0.05) 393(0.05) 462(0.05) 4149(0.05) 1638(0.05) 4283(0.05) 4353(0.05) 1667(0.05) 165(0.05) 667(0.05) 1533(0.05) 223(0.05) 1719(0.05) 1575(0.05) 3515(0.05) 429(0.05) 506(0.05) 247(0.05) 628(0.05) 2487(0.05) 2559(0.05) 758(0.05) 3608(0.05) 2312(0.05) 2237(0.05) 3734(0.05) 938(0.05) 3999(0.05) 3572(0.05) 2105(0.05) 833(0.05) 2169(0.05) 2619(0.05) 2272(0.05) 4091(0.05) 1009(0.05) 416(0.05) 3996(0.05) 4394(0.05) 3811(0.05) 2116(0.05) 1955(0.05) 3903(0.05) 2304(0.05) 2814(0.05) 456(0.05) 99(0.05) 1760(0.05) 265(0.05) 2397(0.05) 2827(0.05) 929(0.05) 2786(0.05) 3732(0.05) 3387(0.05) 723(0.05) 4407(0.05) 2663(0.05) 1650(0.05) 3886(0.05) 3844(0.05) 2815(0.04) 986(0.04) 2816(0.04) 1073(0.04) 2009(0.04) 1704(0.04) 1642(0.04) 1509(0.04) 3134(0.04) 2949(0.04) 1525(0.04) 2695(0.04) 3167(0.04) 693(0.04) 2871(0.04) 1868(0.04) 4392(0.04) 629(0.04) 1821(0.04) 1606(0.04) 4264(0.04) 1755(0.04) 685(0.04) 1119(0.04) 4366(0.04) 3797(0.04) 4166(0.04) 761(0.04) 1741(0.04) 3297(0.04) 1236(0.04) 4066(0.04) 2738(0.04) 1968(0.04) 1688(0.04) 4265(0.04) 1018(0.04) 1818(0.04) 1681(0.04) 77(0.04) 1521(0.04) 3875(0.04) 1117(0.04) 4421(0.04) 1670(0.04) 1240(0.04) 2004(0.04) 4313(0.04) 225(0.04) 4259(0.04) 3431(0.04) 3593(0.04) 126(0.04) 3729(0.04) 1207(0.04) 3981(0.04) 1149(0.04) 3791(0.04) 2859(0.04) 878(0.04) 1151(0.04) 1372(0.04) 3965(0.04) 4176(0.04) 2066(0.04) 2072(0.04) 160(0.04) 195(0.04) 64(0.04) 3218(0.04) 3968(0.04) 1090(0.04) 4025(0.04) 884(0.04) 1721(0.04) 1581(0.04) 2776(0.04) 295(0.04) 220(0.04) 1348(0.04) 3956(0.04) 744(0.04) 2682(0.04) 3196(0.04) 1224(0.04) 1275(0.04) 2910(0.04) 3258(0.04) 313(0.04) 4135(0.04) 3364(0.04) 428(0.04) 1092(0.04) 4232(0.04) 920(0.03) 523(0.03) 3722(0.03) 2715(0.03) 3668(0.03) 1999(0.03) 2318(0.03) 3670(0.03) 3367(0.03) 2684(0.03) 1859(0.03) 2673(0.03) 3045(0.03) 401(0.03) 3926(0.03) 3136(0.03) 2891(0.03) 2515(0.03) 2157(0.03) 2160(0.03) 1466(0.03) 661(0.03) 3790(0.03) 3936(0.03) 244(0.03) 488(0.03) 2984(0.03) 893(0.03) 4244(0.03) 2330(0.03) 1684(0.03) 3382(0.03) 3071(0.03) 1392(0.03) 2441(0.03) 3469(0.03) 3466(0.03) 1110(0.03) 1540(0.03) 2516(0.03) 1542(0.03) 2754(0.03) 2534(0.03) 2979(0.03) 781(0.03) 1126(0.03) 4217(0.03) 4332(0.03) 1340(0.03) 3688(0.03) 140(0.03) 3983(0.03) 324(0.03) 1613(0.03) 3048(0.03) 1974(0.03) 227(0.03) 3480(0.03) 3522(0.03) 250(0.03) 2321(0.03) 2331(0.03) 1956(0.03) 74(0.03) 296(0.03) 935(0.03) 1448(0.03) 3539(0.03) 3092(0.03) 1089(0.00) 4281(0.00) 4425(0.00) 4280(0.00) 1445(0.00) 1446(0.00) 1025(0.00) 1383(0.00) 4452(0.00) 4453(0.00) 1384(0.00) 4429(0.00) 1081(0.00) 4428(0.00) 1441(0.00) 1032(0.00) 4306(0.00) 1083(0.00) 1030(0.00) 1029(0.00) 1084(0.00) 1386(0.00) 1028(0.00) 4450(0.00) 4426(0.00) 1387(0.00) 1443(0.00) 1027(0.00) 1023(0.00) 1026(0.00) 4451(0.00) 1087(0.00) 1085(0.00) 4456(0.00) 4308(0.00) 4309(0.00) 1377(0.00) 1013(0.00) 4457(0.00) 4458(0.00) 1376(0.00) 1457(0.00) 1450(0.00) 4459(0.00) 4310(0.00) 4311(0.00) 1097(0.00) 1011(0.00) 4461(0.00) 1098(0.00) 4274(0.00) 1099(0.00) 1375(0.00) 1382(0.00) 1022(0.00) 1021(0.00) 1033(0.00) 1091(0.00) 1020(0.00) 1381(0.00) 4454(0.00) 1093(0.00) 4455(0.00) 1380(0.00) 1452(0.00) 1016(0.00) 1094(0.00) 1379(0.00) 1453(0.00) 1095(0.00) 1454(0.00) 1015(0.00) 1378(0.00) 1017(0.00) 4295(0.00) 1063(0.00) 4442(0.00) 1417(0.00) 1064(0.00) 1418(0.00) 1404(0.00) 4293(0.00) 1403(0.00) 1438(0.00) 1065(0.00) 4444(0.00) 1066(0.00) 1420(0.00) 1067(0.00) 1401(0.00) 1068(0.00) 4300(0.00) 1069(0.00) 1048(0.00) 4436(0.00) 1057(0.00) 1059(0.00) 1060(0.00) 4296(0.00) 4437(0.00) 1410(0.00) 1409(0.00) 1100(0.00) 4441(0.00) 1062(0.00) 1408(0.00) 4438(0.00) 4439(0.00) 1407(0.00) 1414(0.00) 4440(0.00) 1415(0.00) 4297(0.00) 1405(0.00) 1061(0.00) 1432(0.00) 1397(0.00) 1076(0.00) 4290(0.00) 4448(0.00) 4303(0.00) 1038(0.00) 4432(0.00) 1037(0.00) 4445(0.00) 1435(0.00) 4288(0.00) 1393(0.00) 1035(0.00) 1391(0.00) 1034(0.00) 1440(0.00) 1078(0.00) 4305(0.00) 1394(0.00) 1399(0.00) 1046(0.00) 4435(0.00) 4301(0.00) 1398(0.00) 1072(0.00) 1422(0.00) 1423(0.00) 1424(0.00) 1075(0.00) 1426(0.00) 4447(0.00) 1074(0.00) 1041(0.00) 1428(0.00) 1429(0.00) 4434(0.00) 1040(0.00) 1430(0.00) 1431(0.00) 4446(0.00) 1200(0.00) 1201(0.00) 1294(0.00) 


Filtered 1784 locations: 1055 3038 1923 788 716 330 1502 4410 2414 4282 2632 3574 3275 3578 3114 2446 872 450 1731 2588 1519 355 2034 2267 1534 1153 1793 4260 563 985 4269 757 3508 3554 1137 1425 1433 103 1914 1496 4261 3846 2404 3496 3498 1711 1929 2676 4076 1925 1733 1770 1779 720 264 3623 3078 3551 1854 3576 3552 1836 1834 4102 285 3629 1368 1371 3285 2834 2837 2841 349 1416 527 70 4241 387 1444 3215 4250 2878 414 458 453 2890 4287 4356 3488 4138 4148 1656 191 3028 1298 3448 75 2787 66 3005 3384 50 43 705 684 681 2783 2975 4169 3930 3121 1058 2410 1121 3815 2205 3735 2536 815 3808 4431 3713 1079 4003 3766 2121 1136 2127 2421 2523 2131 2145 2181 857 4011 2533 2403 967 1043 3864 2287 3687 3862 2040 1160 3707 787 2279 1012 3118 1001 3908 3891 565 2263 3101 3117 1419 3709 4279 2010 1798 2056 1169 1758 597 2185 2184 1835 1801 40 3388 435 404 46 3816 1008 1455 1436 4402 3404 955 1831 922 794 3002 212 3017 816 200 3803 2793 2822 2178 4237 1111 422 3346 3065 437 1332 4242 745 1764 1374 1080 733 4312 972 2147 1129 1107 3107 4299 3415 3325 3307 69 1864 1878 57 1954 4286 730 953 4422 4411 48 104 1437 1487 1936 1842 4304 2372 2356 278 1309 1998 1196 3260 791 2257 1158 2295 3449 829 4163 3216 3227 1995 2666 3419 180 174 2697 3240 4188 111 4240 1541 3829 81 94 504 540 1938 2903 249 3054 3001 1632 1373 2901 1635 1660 1602 3019 3016 1052 1274 1326 1324 1322 1045 1042 516 529 3230 855 907 3280 3185 3265 2198 1503 3365 1334 292 95 2255 1484 1461 2911 642 2960 656 3821 1473 2430 2342 118 2491 4035 2055 4070 644 622 1268 1314 3153 3208 3699 2025 3692 2022 2018 777 2011 1167 2008 2007 1173 765 3675 1987 1984 1982 3666 3665 1972 3657 3656 1959 764 1175 3650 1947 3645 1943 3673 2112 2109 2108 1139 3749 1148 1152 3938 3743 3741 3738 3737 799 2074 3700 3727 798 795 3715 793 2049 1159 786 3706 2042 783 2038 2036 780 3728 1205 3585 3583 3941 3580 332 327 1839 1215 320 1217 308 1225 1230 756 1830 3569 1822 1820 291 1819 1816 3564 3563 1810 3558 1804 1803 1238 1233 1942 1186 737 1933 736 732 731 726 1921 1920 3631 722 717 3628 1857 1909 3625 1905 1904 715 3620 3617 3615 1891 1881 713 3604 1874 1204 1910 3893 2327 966 3889 3888 2310 2309 962 2299 1047 2293 948 947 946 2117 1049 3856 2276 2275 2271 2269 1050 3851 1054 2259 939 933 1070 2254 2283 3934 1005 2389 3931 1004 1014 2383 3927 2377 2376 1019 2370 990 2366 3896 3915 2362 3913 989 981 2352 971 3907 2347 1036 2341 2340 2339 2336 3916 2395 3798 1116 848 2171 2170 2162 2161 2159 2155 2154 2153 2151 2148 3841 2146 839 2140 3778 2137 2136 3774 837 834 826 3770 823 822 2118 844 2243 2241 3836 3835 2236 2231 3831 1071 2219 909 3820 1077 904 2210 2183 2203 3809 902 2199 895 2196 891 1086 3805 2193 2191 1088 2186 876 1106 903 635 627 625 624 1389 3313 3312 619 618 3311 616 1390 3306 610 1249 604 138 3294 3292 139 1395 578 147 571 1396 569 568 150 564 3305 4 701 696 688 686 1349 1352 680 1356 676 3344 1363 3339 668 3321 1367 3337 662 100 3331 3329 107 651 113 645 119 643 1385 639 664 3229 391 3224 3222 3221 3220 394 485 1449 3213 3210 1451 475 474 154 406 472 1456 413 460 420 1463 431 448 1467 1468 1475 1471 440 473 3273 3270 156 1400 166 1406 545 344 538 348 3251 533 3247 3246 390 359 364 520 367 514 3235 511 3234 1427 3232 505 378 379 1439 1442 356 1722 230 226 211 1706 1705 3495 1702 1701 1696 205 3487 1690 1687 1330 1685 1683 204 198 1679 1677 1671 1669 1665 3477 1663 1662 1292 193 1686 3555 271 270 1252 1253 3549 3547 1786 1785 1780 263 1256 3535 3531 1725 1763 3529 1759 251 248 1757 1753 1747 1739 243 1729 3509 1269 237 3507 257 63 3413 1567 1565 1559 1558 61 1550 1548 3398 3397 58 1538 56 3475 1531 1313 1524 1522 3383 1315 3380 3379 1506 1316 38 13 1494 1327 3390 1657 192 3472 3467 3465 1640 3459 1636 187 178 1630 1628 3452 3450 71 176 1615 3436 1302 1596 1594 1308 3427 1591 1586 1582 3421 3420 72 3416 1301 4326 2987 2986 4043 4178 4408 2756 2757 4038 2951 2761 4112 2763 4323 4033 4185 4031 3142 2773 4409 4395 2743 4054 2995 2994 4399 3111 3112 2553 3127 4049 2551 3115 4400 4046 4329 4328 4406 4174 2750 3113 2497 3155 2964 2494 4209 4000 2806 2807 3997 4027 2813 2958 4307 4427 4218 2819 2954 2475 3164 3990 2810 2980 2774 3145 2519 4190 4194 4195 2785 2507 4006 4199 1846 4317 2970 4013 3151 4202 2794 2795 4009 3150 3064 2671 3044 4360 2621 3042 4130 4089 2686 2561 4358 2689 2615 2614 2694 3036 4139 4354 2612 2687 2653 2657 3060 4115 4107 2643 3055 2642 4365 2629 4104 4364 2638 2661 2634 3062 2664 2667 4370 4098 3061 3020 2581 2723 2725 3095 2726 3018 2576 4342 4142 4162 2733 2570 3098 4060 2566 2998 4057 2741 4056 2573 2609 4143 2607 4379 2603 4381 2600 3081 4382 4155 4383 2595 3030 2593 2590 2589 2716 4073 2585 2718 3083 4245 2870 3982 3964 2461 3194 2462 4449 3955 2927 2925 4284 2465 2945 3957 4254 2425 2919 4289 2843 3176 2940 3173 3972 3179 2846 2839 2850 2458 3979 3188 2934 2443 2442 2863 2864 2931 3191 2942 2471 4433 2823 2907 3943 4270 4275 4276 2895 2406 4262 2885 2468 4278 3953 2918 4273 2762 59 4053 432 567 5 388 2836 1146 2996 309 1115 1960 2932 145 471 3546 1369 2126 924 1578 3565 1413 3102 80 2134 2709 454 189 3885 2274 2251 1344 1900 2232 1328 2016 3780 508 3594 4272 1997 3544 4184 3739 128 544 2449 3047 3009 183 2291 3746 4034 721 3470 484 403 2429 1940 2848 2374 199 4227 167 2913 1776 2313 4048 1917 2365 1895 2172 1460 1323 1291 2239 698 3171 1805 3892 2569 4285 1849 3637 4277 341 1164 1604 1 3149 3310 951 1666 4268 101 1625 2437 152 4401 1318 711 256 2253 1234 1281 1584 735 190 4291 1082 4113 1166 573 3341 1796 1039 37 3328 151 4443 2650 1577 51 3407 208 399 4018 3011 596 3806 2071 1335 26 2226 1585 3180 3031 281 4413 605 1044 1031 470 1208 1388 900 982 1140 4345 2000 3166 2201 2493 1983 3607 161 4352 108 2361 449 626 671 2968 3072 3799 4015 1101 162 3087 1691 4228 125 3193 1969 992 1784 1122 3393 4193 3249 4042 930 821 2844 3711 3274 2997 3051 4294 594 1024 1051 3267 3661 4298 1310 3442 3295 136 2035 368 3099 293 1993 3314 3550 3714 2476 3147 4340 1096 1935 31 2826 311 4424 3868 1808 3679 1300 1919 703 2401 82 1172 1402 1873 1157 3786 2866 1165 421 1178 2591 3360 3784 3559 2616 4373 3500 729 1890 1749 964 3776 1132 3476 3135 2388 3074 2175 4085 258 1056 4118 1306 2747 1412 122 4144 2821 3104 65 3567 4171 2652 4371 2622 2627 2647 1856 1713 3951 217 3279 2685 2469 216 1286 425 209 1447 4116 4302 172 2772 2084 4390 3446 1421 665 3389 10 1351 4327 1434 797 949 2511 3877 771 1364 2933 1359 1566 515 3350 3243 2495 2967 3959 1346 818 4032 2605 3745 3131 486 4072 1194 4415 2842 1946 1474 2847 3769 4292 4430 4106 2877 182 3636 1411 1179 4146 1709 3948 4181 2549 2069 648 4346 1505 1507 1347 1350 931 1053 2407 952 2233 2759 60 1588 609 750 3340 1724 2156 300 2736 2722 1911 3172 4058 3090 1668 3779 2003 1282 170 2264 1994 207 393 462 4149 1638 4283 4353 1667 165 667 1533 223 1719 1575 3515 429 506 247 628 2487 2559 758 3608 2312 2237 3734 938 3999 3572 2105 833 2169 2619 2272 4091 1009 416 3996 4394 3811 2116 1955 3903 2304 2814 456 99 1760 265 2397 2827 929 2786 3732 3387 723 4407 2663 1650 3886 3844 2815 986 2816 1073 2009 1704 1642 1509 3134 2949 1525 2695 3167 693 2871 1868 4392 629 1821 1606 4264 1755 685 1119 4366 3797 4166 761 1741 3297 1236 4066 2738 1968 1688 4265 1018 1818 1681 77 1521 3875 1117 4421 1670 1240 2004 4313 225 4259 3431 3593 126 3729 1207 3981 1149 3791 2859 878 1151 1372 3965 4176 2066 2072 160 195 64 3218 3968 1090 4025 884 1721 1581 2776 295 220 1348 3956 744 2682 3196 1224 1275 2910 3258 313 4135 3364 428 1092 4232 920 523 3722 2715 3668 1999 2318 3670 3367 2684 1859 2673 3045 401 3926 3136 2891 2515 2157 2160 1466 661 3790 3936 244 488 2984 893 4244 2330 1684 3382 3071 1392 2441 3469 3466 1110 1540 2516 1542 2754 2534 2979 781 1126 4217 4332 1340 3688 140 3983 324 1613 3048 1974 227 3480 3522 250 2321 2331 1956 74 296 935 1448 3539 3092 1089 4281 4425 4280 1445 1446 1025 1383 4452 4453 1384 4429 1081 4428 1441 1032 4306 1083 1030 1029 1084 1386 1028 4450 4426 1387 1443 1027 1023 1026 4451 1087 1085 4456 4308 4309 1377 1013 4457 4458 1376 1457 1450 4459 4310 4311 1097 1011 4461 1098 4274 1099 1375 1382 1022 1021 1033 1091 1020 1381 4454 1093 4455 1380 1452 1016 1094 1379 1453 1095 1454 1015 1378 1017 4295 1063 4442 1417 1064 1418 1404 4293 1403 1438 1065 4444 1066 1420 1067 1401 1068 4300 1069 1048 4436 1057 1059 1060 4296 4437 1410 1409 1100 4441 1062 1408 4438 4439 1407 1414 4440 1415 4297 1405 1061 1432 1397 1076 4290 4448 4303 1038 4432 1037 4445 1435 4288 1393 1035 1391 1034 1440 1078 4305 1394 1399 1046 4435 4301 1398 1072 1422 1423 1424 1075 1426 4447 1074 1041 1428 1429 4434 1040 1430 1431 4446 1200 1201 1294 

Extracted 0 prioritized locations: 

Final instance parameters:
loc_max_id: 4461
loc_cnt: 1784
service: fnl4461_0100
cust_max_id: 4461
cust_cnt: 4461
unweighted obj function
p: 100
total_demand: 224395.00
threshold_dist: 630.74



-------------------------------------------------
Final Problem RSSV heuristic
-------------------------------------------------
    RSSV_EXACT_CPMP_BIN
-------------------------------------------------
Gap Cplex Reports: gap_Bin_service_fnl4461_0100_p_100_RSSV_EXACT_CPMP_BIN.csv
[CALLBACK] Generating reports cplex callbacks...
[CALLBACK] Using BreakCallback...
Time Limit with not improving 1.00% (gap): 120.00 seconds
Time Limit with Gap less than 1%: 120.00 seconds
Default row names c1, c2 ... being created.
Version identifier: 22.1.1.0 | 2022-11-28 | 9160aff4d
CPXPARAM_TimeLimit                               1800
Legacy callback                                  i
Tried aggregator 1 time.
MIP Presolve eliminated 7212905 rows and 7212905 columns.
Reduced MIP has 6246 rows, 747303 columns, and 1494606 nonzeros.
Reduced MIP has 747303 binaries, 0 generals, 0 SOSs, and 0 indicators.
Presolve time = 14.14 sec. (8531.36 ticks)
Tried aggregator 1 time.
Detecting symmetries...
Reduced MIP has 6246 rows, 747303 columns, and 1494606 nonzeros.
Reduced MIP has 747303 binaries, 0 generals, 0 SOSs, and 0 indicators.
Presolve time = 3.40 sec. (1518.85 ticks)
Probing time = 2.79 sec. (160.05 ticks)
Clique table members: 749980.
MIP emphasis: balance optimality and feasibility.
MIP search method: dynamic search.
Parallel mode: deterministic, using up to 32 threads.
Root relaxation solution time = 2.02 sec. (718.62 ticks)

        Nodes                                         Cuts/
   Node  Left     Objective  IInf  Best Integer    Best Bound    ItCnt     Gap

*     0+    0                       874741.1464        0.0000           100.00%
*     0+    0                       846870.2901        0.0000           100.00%
*     0+    0                       846369.0248        0.0000           100.00%
      0     0   151603.1541  1764   846369.0248   151603.1541     1790   82.09%
Time: 68.74 seconds
MIP Gap: 0.82
Nodes: 0
Best Objective: 151603.154127133719157
Incumbent Obj:  846369.024807651061565
Time: 75.334097146987915 seconds
MIP Gap: 0.820878187074973
Nodes: 0
Best Objective: 151603.154127133719157
Incumbent Obj:  846369.024807651061565
      0     0   218788.2101  3833   846369.0248    Cuts: 1661     5668   74.15%
Time: 81.668349027633667 seconds
MIP Gap: 0.741497852988816
Nodes: 0
Best Objective: 218788.210076539864531
Incumbent Obj:  846369.024807651061565
      0     0   255423.9771  6036   846369.0248    Cuts: 1661     9683   69.82%
Time: 91.141128063201904 seconds
MIP Gap: 0.698212045033875
Nodes: 0
Best Objective: 255423.977143373980653
Incumbent Obj:  846369.024807651061565
      0     0   282641.2250  7895   846369.0248    Cuts: 1661    13634   66.61%
Time: 111.179682016372681 seconds
MIP Gap: 0.666054384386093
Nodes: 0
Best Objective: 282641.225025933119468
Incumbent Obj:  846369.024807651061565
      0     0   304362.3902  9498   846369.0248    Cuts: 1661    17819   64.04%
Time: 132.959732055664062 seconds
MIP Gap: 0.640390442870260
Nodes: 0
Best Objective: 304362.390179409470875
Incumbent Obj:  846369.024807651061565
      0     0   323931.7373 10693   846369.0248    Cuts: 1661    22333   61.73%
Detecting symmetries...
Time: 160.614783048629761 seconds
MIP Gap: 0.617268912516523
Nodes: 0
Best Objective: 323931.737276961735915
Incumbent Obj:  846369.024807651061565
      0     0   341648.5817 12123   846369.0248    Cuts: 1661    27088   59.63%
Time: 200.414970159530640 seconds
MIP Gap: 0.596336146851297
Nodes: 0
Best Objective: 341648.581739566870965
Incumbent Obj:  846369.024807651061565
      0     0   357154.0368 13183   846369.0248    Cuts: 1661    32199   57.80%
Time: 248.404539108276367 seconds
MIP Gap: 0.578016176965990
Nodes: 0
Best Objective: 357154.036785899661481
Incumbent Obj:  846369.024807651061565
      0     0   370283.0025 14281   846369.0248    Cuts: 1661    37064   56.25%
Time: 299.465133190155029 seconds
MIP Gap: 0.562504071345281
Nodes: 0
Best Objective: 370283.002492812171113
Incumbent Obj:  846369.024807651061565
      0     0   381796.2258 15314   846369.0248    Cuts: 1661    42411   54.89%
Time: 369.470306158065796 seconds
MIP Gap: 0.548900993943573
Nodes: 0
Best Objective: 381796.225847678375430
Incumbent Obj:  846369.024807651061565
      0     0   392605.2217 16445   846369.0248    Cuts: 1661    47566   53.61%
*     0+    0                       842078.1715   392605.2217            53.38%
Time: 450.864975214004517 seconds
MIP Gap: 0.533766299911377
Nodes: 0
Best Objective: 392605.221660361567046
Incumbent Obj:  842078.171495827496983
      0     0   402606.5852 17472   842078.1715    Cuts: 1661    53116   52.19%
*     0+    0                       823037.3404   402606.5852            51.08%
      0     0  -1.00000e+75     0   823037.3404   402606.5852    53116   51.08%
Time: 499.976870059967041 seconds
MIP Gap: 0.510828287548304
Nodes: 0
Best Objective: 402606.585203114140313
Incumbent Obj:  823037.340375379659235
*     0+    0                       811907.1338   402606.5852            50.41%
Time: 584.270292997360229 seconds
MIP Gap: 0.504122370123034
Nodes: 0
Best Objective: 402606.585203114140313
Incumbent Obj:  811907.133828573743813
      0     0   411895.5397 18746   811907.1338    Cuts: 1661    59150   49.27%
*     0+    0                       811678.0053   411895.5397            49.25%
Time: 694.817431211471558 seconds
MIP Gap: 0.492538251657109
Nodes: 0
Best Objective: 411895.539652934006881
Incumbent Obj:  811678.005284088780172
      0     0   420775.1670 19790   811678.0053    Cuts: 1661    65601   48.16%
Time: 822.460584163665771 seconds
MIP Gap: 0.481598411871260
Nodes: 0
Best Objective: 420775.166988439566921
Incumbent Obj:  811678.005284088780172
      0     0   428938.8403 20678   811678.0053    Cuts: 1661    72130   47.15%
slurmstepd: error: *** JOB 902564 ON brontes CANCELLED AT 2024-08-28T11:38:14 ***
slurmstepd: error: *** STEP 902564.0 ON brontes CANCELLED AT 2024-08-28T11:38:14 ***
