Instance: fnl4461_0020.txt
p: 20
N: 4461
Instance: fnl4461_0100.txt
p: 100
N: 4461
Instance: fnl4461_0250.txt
p: 250
N: 4461
Instance: fnl4461_0500.txt
p: 500
N: 4461
Instance: fnl4461_1000.txt
p: 1000
N: 4461
Debug: configOverride contents: p distance_matrix weights threads cust_max_id loc_max_id IsWeighted_ObjFunc seed time_cplex time_subprob_rssv max_ite_subprob_rssv output capacities coverages service subarea method method_rssv_sp method_rssv_fp size_subproblems_rssv bw_multiplier add_threshold_distance_rssv time cover_mode 
Loading instance...
Scanning input data...
Distance matrix dimensions: 4462 x 4462 = 19909444
Elapsed time: 0 ms

Loading weights...
Skipped line: customer weight coord_x coord_y
Loaded 4461 weights
Loaded 4461 coordinates
Total customer demand: 224395
Elapsed time: 31 ms

Loading capacities...
Skipped line: location capacity coord_x coord_y
Loaded 4461 capacities
Loaded 4461 coordinates
Elapsed time: 27 ms

Loading distance matrix...
Computing euclidian distances...
bw multiplier: 0.5
Loaded 19904982 distances
dists stdev: 954.334
bandwidth h: 17.5334
locations: 4461
customers: 4461
p: 250
Elapsed time: 572 ms

[INFO] Instance loaded
loc_max_id: 4461
loc_cnt: 4461
service: fnl4461_0250
cust_max_id: 4461
cust_cnt: 4461
unweighted obj function
p: 250
total_demand: 224395


-------------------------------------------------
RSSV heuristic 
-------------------------------------------------
RSSV running...
cPMP size (N): 4461
sub-cPMP size (n): 1784
Subproblems cnt (M): 12
p: 250

Method to solve the Subproblems: TB_PMP
Seed: 0

Time limit for subproblems: 300

thread cnt: 20

Thread 1 created with seed 1
Thread 2 created with seed 2
Solving sub-PMP 1/12...
Thread 3 created with seed 3
Thread 4 created with seed 4
Thread 5 created with seed 5
Solving sub-PMP 2/12...
Solving sub-PMP 4Thread 6 created with seed 6
/12...
Solving sub-PMP 5/12...
Thread 7 created with seed 7
Solving sub-PMP 6Thread /8 created with seed 128...

Solving sub-PMP 3/12...
Solving sub-PMP 7/12...
uncapacitated TB started
Thread 9 created with seed 9
uncapacitated TB started
uncapacitated TB started
uncapacitated TB started
Solving sub-PMP 8/12...
Thread 10 created with seed 10
Solving sub-PMP 9/12...
Thread 11 created with seed 11
uncapacitated TB started
Thread 12 created with seed 12
uncapacitated TB started
Solving sub-PMP 12/12...
Solving sub-PMP 10/12...
uncapacitated TB started
Solving sub-PMP 11/12...
uncapacitated TB started
uncapacitated TB started
uncapacitated TB started
uncapacitated TB started
uncapacitated TB started
[INFO] Uncapacitated TB local search started
[INFO] Uncapacitated TB local search started
[INFO] Uncapacitated TB local search started
[INFO] Uncapacitated TB local search started
[INFO] Uncapacitated TB local search started
[INFO] Uncapacitated TB local search started
[INFO] Uncapacitated TB local search started
[INFO] Uncapacitated TB local search started
[INFO] Uncapacitated TB local search started
[INFO] Uncapacitated TB local search started
[INFO] Uncapacitated TB local search started
[INFO] Uncapacitated TB local search started

[INFO] Time limit reached. Stopping the algorithm.
TB elapsed time: 300.006 seconds
Num ite total uncapacited TB: 25
tb solution is feasible

[INFO] Time limit reached. Stopping the algorithm.
TB elapsed time: 300.007 seconds
Num ite total uncapacited TB: 26
tb solution is feasible

[INFO] Time limit reached. Stopping the algorithm.
TB elapsed time: 300.014 seconds
Num ite total uncapacited TB: 30
tb solution is feasible

[INFO] Time limit reached. Stopping the algorithm.
TB elapsed time: 300.008 seconds
Num ite total uncapacited TB: 20
tb solution is feasible

[INFO] Time limit reached. Stopping the algorithm.
TB elapsed time: 300.02 seconds
Num ite total uncapacited TB: 31
tb solution is feasible

[INFO] Time limit reached. Stopping the algorithm.
TB elapsed time: 300.02 seconds
Num ite total uncapacited TB: 31
tb solution is feasible

[INFO] Time limit reached. Stopping the algorithm.
TB elapsed time: 300.009 seconds
Num ite total uncapacited TB: 21
tb solution is feasible

[INFO] Time limit reached. Stopping the algorithm.
TB elapsed time: 300.015 seconds
Num ite total uncapacited TB: 28
tb solution is feasible

[INFO] Time limit reached. Stopping the algorithm.
TB elapsed time: 300.019 seconds
Num ite total uncapacited TB: 31
tb solution is feasible

[INFO] Time limit reached. Stopping the algorithm.
TB elapsed time: 300.013 seconds
Num ite total uncapacited TB: 24
tb solution is feasible

[INFO] Time limit reached. Stopping the algorithm.
TB elapsed time: 300.012 seconds
Num ite total uncapacited TB: 26
tb solution is feasible

[INFO] Time limit reached. Stopping the algorithm.
TB elapsed time: 300.021 seconds
Num ite total uncapacited TB: 27
tb solution is feasible
[INFO] All subproblems solved.

Elapsed time: 300783 ms


Stats: 
Max dist: 446.521
Min dist: 0
avg of Avg dists: 100.719
avg Std dev dist: 59.1773

First 1784 voting weights (sorted): 4410(5.09) 3578(5.06) 2410(5.00) 788(5.00) 2446(5.00) 3552(5.00) 4148(4.09) 1632(4.05) 1334(4.04) 2352(4.00) 1070(4.00) 2040(4.00) 3543(4.00) 356(4.00) 1763(4.00) 4409(4.00) 520(4.00) 3229(4.00) 2181(4.00) 4241(4.00) 794(4.00) 757(4.00) 4162(4.00) 2585(4.00) 2573(4.00) 3862(4.00) 285(4.00) 3034(4.00) 2406(4.00) 2034(3.60) 904(3.52) 568(3.44) 567(3.44) 2819(3.44) 2836(3.44) 3274(3.31) 4275(3.27) 1815(3.25) 3410(3.18) 39(3.18) 4171(3.16) 104(3.16) 103(3.16) 2638(3.15) 1538(3.14) 4195(3.13) 1053(3.13) 3256(3.12) 1487(3.11) 2414(3.10) 2456(3.08) 2468(3.07) 2592(3.07) 3468(3.06) 1373(3.05) 667(3.05) 1909(3.04) 1725(3.04) 3574(3.04) 1922(3.04) 2890(3.04) 523(3.03) 2531(3.03) 292(3.00) 1012(3.00) 2588(3.00) 716(3.00) 320(3.00) 2421(3.00) 995(3.00) 2506(3.00) 3917(3.00) 3864(3.00) 2420(3.00) 3033(3.00) 3005(3.00) 2986(3.00) 4282(3.00) 872(3.00) 4273(3.00) 4258(3.00) 876(3.00) 890(3.00) 4194(3.00) 1001(3.00) 2790(3.00) 755(3.00) 4155(3.00) 738(3.00) 4076(3.00) 2702(3.00) 4060(3.00) 2664(3.00) 4038(3.00) 4036(3.00) 2621(3.00) 819(3.00) 3337(3.00) 1711(3.00) 474(3.00) 1703(3.00) 1295(3.00) 1686(3.00) 1657(3.00) 497(3.00) 1312(3.00) 1615(3.00) 859(3.00) 3213(3.00) 1552(3.00) 3210(3.00) 1483(3.00) 1523(3.00) 1463(3.00) 651(3.00) 640(3.00) 627(3.00) 617(3.00) 1595(3.00) 3832(3.00) 2370(3.00) 1043(3.00) 2293(3.00) 2254(3.00) 2193(3.00) 3698(3.00) 194(3.00) 2131(3.00) 3583(3.00) 1731(3.00) 1079(3.00) 1136(3.00) 3495(3.00) 1921(3.00) 1905(3.00) 1881(3.00) 1877(3.00) 3038(3.00) 3390(3.00) 1269(3.00) 3580(3.00) 3191(3.00) 4414(3.00) 4431(3.00) 857(3.00) 3114(3.00) 4459(3.00) 4(2.99) 5(2.63) 2010(2.63) 924(2.57) 4286(2.49) 3848(2.49) 1013(2.48) 2844(2.43) 4291(2.43) 3107(2.37) 3065(2.37) 2806(2.37) 330(2.37) 293(2.37) 4284(2.37) 271(2.37) 4298(2.37) 355(2.37) 3816(2.36) 1205(2.34) 2374(2.34) 2167(2.32) 364(2.31) 3375(2.27) 2267(2.27) 3171(2.27) 2635(2.27) 3604(2.27) 1010(2.26) 1271(2.26) 2605(2.26) 1158(2.26) 1129(2.26) 4269(2.23) 4411(2.22) 682(2.21) 1371(2.21) 3766(2.21) 1728(2.20) 1088(2.19) 3028(2.18) 2997(2.18) 1764(2.18) 1845(2.18) 3576(2.18) 3112(2.18) 527(2.18) 1071(2.18) 1476(2.18) 972(2.18) 1697(2.18) 290(2.18) 3398(2.18) 705(2.18) 3920(2.18) 3865(2.18) 3784(2.17) 4118(2.17) 1878(2.17) 57(2.17) 563(2.17) 1116(2.17) 1425(2.16) 953(2.15) 1946(2.15) 1920(2.15) 985(2.15) 1030(2.14) 204(2.13) 2697(2.13) 1166(2.12) 2491(2.12) 1437(2.11) 1433(2.11) 2901(2.11) 2903(2.11) 1842(2.11) 1793(2.11) 970(2.10) 3668(2.10) 1502(2.09) 1519(2.09) 737(2.09) 693(2.09) 2286(2.08) 2404(2.08) 4329(2.08) 2385(2.07) 3899(2.07) 3419(2.07) 3713(2.07) 1389(2.07) 3979(2.07) 3227(2.07) 13(2.07) 771(2.07) 1067(2.07) 1315(2.07) 2044(2.07) 1779(2.07) 3776(2.07) 2764(2.07) 214(2.07) 829(2.07) 4381(2.07) 4188(2.07) 1957(2.07) 780(2.07) 1447(2.07) 2842(2.07) 394(2.07) 3508(2.07) 3554(2.07) 1151(2.07) 2911(2.07) 2960(2.07) 2395(2.07) 3623(2.07) 2055(2.07) 3636(2.07) 1998(2.07) 988(2.07) 2430(2.07) 2441(2.07) 3615(2.07) 1179(2.07) 736(2.07) 1964(2.07) 3688(2.07) 1990(2.07) 3737(2.07) 781(2.07) 26(2.06) 2383(2.06) 3205(2.06) 3815(2.06) 3179(2.06) 2457(2.05) 4394(2.05) 166(2.05) 625(2.05) 1298(2.05) 2064(2.04) 1052(2.04) 1322(2.04) 85(2.04) 2738(2.04) 2837(2.04) 529(2.04) 1947(2.04) 1204(2.04) 1560(2.04) 1377(2.04) 974(2.04) 3451(2.04) 1665(2.04) 2925(2.04) 2007(2.04) 1484(2.04) 2961(2.04) 3309(2.04) 1473(2.04) 3897(2.03) 2846(2.03) 1496(2.03) 1137(2.03) 1160(2.03) 2163(2.03) 2444(2.03) 3628(2.03) 920(2.03) 2250(2.03) 918(2.03) 2222(2.03) 230(2.03) 3846(2.03) 4356(2.03) 56(2.03) 53(2.03) 1540(2.03) 1783(2.02) 4054(2.00) 458(2.00) 2199(2.00) 2507(2.00) 457(2.00) 3938(2.00) 4055(2.00) 3062(2.00) 2299(2.00) 2243(2.00) 2050(2.00) 210(2.00) 1086(2.00) 1938(2.00) 1045(2.00) 2671(2.00) 1961(2.00) 3706(2.00) 193(2.00) 2204(2.00) 2670(2.00) 1839(2.00) 2258(2.00) 2570(2.00) 1987(2.00) 2203(2.00) 414(2.00) 1801(2.00) 4051(2.00) 2202(2.00) 1855(2.00) 9(2.00) 2462(2.00) 2709(2.00) 1376(2.00) 2565(2.00) 2273(2.00) 2269(2.00) 2713(2.00) 2271(2.00) 4073(2.00) 1945(2.00) 2718(2.00) 3969(2.00) 2726(2.00) 2443(2.00) 3526(2.00) 129(2.00) 240(2.00) 2183(2.00) 619(2.00) 3876(2.00) 3509(2.00) 2523(2.00) 2576(2.00) 3931(2.00) 1040(2.00) 387(2.00) 3700(2.00) 3901(2.00) 3118(2.00) 3930(2.00) 2519(2.00) 1036(2.00) 3513(2.00) 2518(2.00) 3699(2.00) 3055(2.00) 635(2.00) 2178(2.00) 850(2.00) 3421(2.00) 4003(2.00) 1416(2.00) 2614(2.00) 3715(2.00) 3488(2.00) 2277(2.00) 66(2.00) 1622(2.00) 2279(2.00) 1141(2.00) 4013(2.00) 1247(2.00) 4014(2.00) 70(2.00) 1825(2.00) 3049(2.00) 1494(2.00) 1493(2.00) 3749(2.00) 1385(2.00) 406(2.00) 2347(2.00) 862(2.00) 2497(2.00) 1249(2.00) 2594(2.00) 1836(2.00) 3993(2.00) 2598(2.00) 1106(2.00) 1834(2.00) 3275(2.00) 1914(2.00) 58(2.00) 1451(2.00) 2606(2.00) 3896(2.00) 564(2.00) 1223(2.00) 1967(2.00) 3139(2.00) 3707(2.00) 106(2.00) 2657(2.00) 4040(2.00) 2580(2.00) 3913(2.00) 3507(2.00) 186(2.00) 1143(2.00) 2207(2.00) 3915(2.00) 3498(2.00) 191(2.00) 4044(2.00) 2536(2.00) 3943(2.00) 1049(2.00) 75(2.00) 2632(2.00) 2634(2.00) 4354(2.00) 4026(2.00) 1063(2.00) 448(2.00) 2214(2.00) 1458(2.00) 2584(2.00) 2643(2.00) 1819(2.00) 1497(2.00) 2587(2.00) 1501(2.00) 1904(2.00) 452(2.00) 3487(2.00) 2231(2.00) 1055(2.00) 2475(2.00) 942(2.00) 3452(2.00) 1706(2.00) 2895(2.00) 566(2.00) 1396(2.00) 2011(2.00) 1365(2.00) 1702(2.00) 932(2.00) 2127(2.00) 1889(2.00) 2333(2.00) 3331(2.00) 525(2.00) 2915(2.00) 2916(2.00) 2918(2.00) 2100(2.00) 3235(2.00) 2928(2.00) 2018(2.00) 4364(2.00) 3018(2.00) 354(2.00) 2121(2.00) 720(2.00) 4233(2.00) 1565(2.00) 511(2.00) 2403(2.00) 3078(2.00) 155(2.00) 639(2.00) 2398(2.00) 4244(2.00) 2116(2.00) 3787(2.00) 3339(2.00) 4250(2.00) 2327(2.00) 2878(2.00) 947(2.00) 4408(2.00) 944(2.00) 2885(2.00) 1313(2.00) 2090(2.00) 778(2.00) 2970(2.00) 576(2.00) 673(2.00) 2975(2.00) 787(2.00) 1679(2.00) 666(2.00) 1183(2.00) 3586(2.00) 815(2.00) 3609(2.00) 793(2.00) 3800(2.00) 795(2.00) 798(2.00) 3551(2.00) 4319(2.00) 3463(2.00) 349(2.00) 2366(2.00) 2998(2.00) 4312(2.00) 2931(2.00) 369(2.00) 2096(2.00) 1662(2.00) 765(2.00) 2939(2.00) 2940(2.00) 4287(2.00) 1319(2.00) 2094(2.00) 2945(2.00) 2964(2.00) 3547(2.00) 772(2.00) 916(2.00) 1594(2.00) 2954(2.00) 2955(2.00) 2956(2.00) 4300(2.00) 676(2.00) 3820(2.00) 1188(2.00) 4391(2.00) 3809(2.00) 291(2.00) 837(2.00) 3293(2.00) 2151(2.00) 3448(2.00) 2148(2.00) 1652(2.00) 2146(2.00) 3863(2.00) 2140(2.00) 1653(2.00) 726(2.00) 981(2.00) 2425(2.00) 307(2.00) 1490(2.00) 4178(2.00) 2802(2.00) 3856(2.00) 2339(2.00) 2807(2.00) 4166(2.00) 3381(2.00) 4098(2.00) 1475(2.00) 3378(2.00) 477(2.00) 649(2.00) 2310(2.00) 845(2.00) 263(2.00) 2750(2.00) 2155(2.00) 3125(2.00) 264(2.00) 3285(2.00) 4130(2.00) 483(2.00) 3361(2.00) 3036(2.00) 3254(2.00) 1485(2.00) 684(2.00) 3666(2.00) 1903(2.00) 4198(2.00) 2827(2.00) 1724(2.00) 2828(2.00) 3245(2.00) 3111(2.00) 3645(2.00) 2841(2.00) 3215(2.00) 3142(2.00) 2413(2.00) 2838(2.00) 3127(2.00) 1729(2.00) 2834(2.00) 1926(2.00) 333(2.00) 4406(2.00) 822(2.00) 3159(2.00) 147(2.00) 712(2.00) 1923(2.00) 3300(2.00) 2850(2.00) 3541(2.00) 4218(2.00) 3841(2.00) 967(2.00) 1732(2.00) 681(2.00) 3080(2.00) 2136(2.00) 3833(1.97) 1766(1.86) 4277(1.85) 3891(1.76) 1(1.73) 774(1.72) 1444(1.72) 1419(1.72) 775(1.72) 3908(1.72) 59(1.71) 1745(1.70) 3240(1.62) 565(1.62) 4053(1.60) 2169(1.60) 1798(1.58) 3637(1.58) 2372(1.58) 2056(1.55) 31(1.55) 3422(1.55) 3173(1.54) 341(1.54) 2263(1.54) 2633(1.54) 1234(1.54) 3336(1.54) 3607(1.49) 1259(1.49) 4145(1.49) 3520(1.49) 3534(1.49) 4154(1.49) 3160(1.48) 3780(1.46) 1008(1.45) 1344(1.45) 3709(1.44) 1680(1.44) 1111(1.42) 217(1.42) 704(1.42) 721(1.41) 3407(1.41) 3803(1.39) 1746(1.39) 212(1.39) 3641(1.38) 1074(1.38) 3147(1.37) 3544(1.37) 1122(1.37) 1812(1.37) 1101(1.37) 2980(1.37) 3072(1.37) 1511(1.37) 544(1.37) 128(1.37) 3047(1.37) 3843(1.37) 269(1.37) 3890(1.37) 207(1.36) 1308(1.34) 597(1.34) 1864(1.34) 69(1.34) 2666(1.33) 3056(1.32) 1309(1.30) 2650(1.29) 2445(1.29) 3368(1.27) 3369(1.27) 2132(1.27) 3954(1.27) 3158(1.27) 4063(1.27) 1849(1.27) 1292(1.27) 1281(1.27) 3053(1.27) 238(1.27) 239(1.27) 1291(1.27) 3922(1.27) 1846(1.27) 2920(1.27) 727(1.27) 2923(1.27) 1584(1.27) 4039(1.27) 1582(1.27) 2091(1.27) 751(1.27) 12(1.26) 118(1.26) 1146(1.26) 3388(1.26) 111(1.25) 3711(1.25) 1153(1.25) 200(1.25) 4345(1.24) 1368(1.24) 151(1.24) 2480(1.24) 150(1.24) 3185(1.24) 3069(1.24) 4443(1.24) 1929(1.23) 1436(1.22) 7(1.22) 1455(1.22) 1566(1.22) 2078(1.22) 1359(1.22) 2511(1.22) 2554(1.22) 3404(1.22) 208(1.22) 399(1.22) 1635(1.21) 713(1.21) 3017(1.21) 955(1.21) 922(1.21) 3002(1.21) 4260(1.21) 2109(1.21) 3220(1.21) 1831(1.21) 4279(1.21) 3180(1.21) 2071(1.21) 4168(1.21) 4153(1.21) 2438(1.21) 939(1.21) 517(1.21) 900(1.21) 1367(1.21) 302(1.21) 1266(1.21) 1328(1.21) 314(1.21) 1388(1.21) 1244(1.21) 532(1.21) 2459(1.21) 3660(1.21) 1165(1.20) 1104(1.20) 3638(1.20) 3701(1.20) 3621(1.20) 3166(1.20) 3689(1.20) 1505(1.19) 3494(1.19) 1534(1.19) 1105(1.18) 4449(1.18) 3415(1.18) 2996(1.18) 1590(1.18) 1332(1.18) 422(1.18) 3728(1.18) 3019(1.18) 891(1.18) 1076(1.18) 1126(1.18) 1374(1.18) 1038(1.18) 4169(1.18) 4184(1.18) 1218(1.18) 3346(1.18) 176(1.18) 710(1.18) 1623(1.18) 4237(1.18) 4242(1.18) 733(1.18) 437(1.18) 162(1.18) 678(1.18) 745(1.18) 930(1.18) 1201(1.18) 3093(1.18) 10(1.18) 3740(1.18) 3661(1.18) 3752(1.18) 3625(1.18) 390(1.18) 1310(1.18) 1260(1.18) 1272(1.18) 368(1.18) 1356(1.18) 378(1.18) 3267(1.18) 1548(1.18) 3081(1.18) 1169(1.18) 3232(1.18) 1577(1.18) 3099(1.18) 425(1.18) 1227(1.18) 1940(1.17) 3307(1.17) 3325(1.17) 3535(1.17) 4358(1.17) 3550(1.17) 218(1.16) 3821(1.16) 2265(1.15) 3951(1.15) 3260(1.15) 799(1.15) 791(1.15) 3925(1.15) 3746(1.15) 1346(1.15) 818(1.15) 2870(1.15) 3679(1.15) 1996(1.15) 2728(1.15) 2353(1.15) 4163(1.15) 228(1.15) 1406(1.15) 1035(1.15) 1196(1.15) 3449(1.15) 1808(1.15) 4390(1.15) 1148(1.15) 1394(1.15) 1121(1.14) 2229(1.14) 1868(1.13) 1704(1.13) 2509(1.13) 1390(1.13) 3231(1.13) 2872(1.13) 20(1.13) 3786(1.13) 2407(1.13) 1719(1.13) 3350(1.13) 2440(1.12) 1650(1.12) 2932(1.11) 3559(1.11) 3264(1.11) 1970(1.11) 2066(1.11) 2877(1.11) 628(1.11) 4395(1.11) 165(1.11) 2487(1.11) 2460(1.11) 2164(1.11) 1300(1.11) 81(1.11) 2891(1.10) 917(1.10) 505(1.10) 2356(1.10) 2513(1.10) 4185(1.10) 1115(1.10) 2914(1.09) 2388(1.09) 2063(1.09) 1073(1.09) 1274(1.09) 68(1.09) 2561(1.09) 2170(1.09) 2741(1.09) 2437(1.09) 2821(1.08) 4313(1.08) 516(1.08) 2549(1.08) 1968(1.08) 1149(1.08) 1517(1.08) 1326(1.08) 3230(1.08) 4302(1.07) 3098(1.07) 1467(1.07) 2685(1.07) 3328(1.07) 4089(1.07) 2725(1.07) 3131(1.07) 3321(1.07) 3389(1.07) 3861(1.07) 180(1.07) 174(1.07) 2037(1.07) 2315(1.07) 2281(1.07) 1747(1.07) 3884(1.07) 3358(1.07) 989(1.07) 2295(1.07) 2266(1.07) 3216(1.07) 2024(1.07) 2060(1.07) 949(1.07) 2530(1.07) 1421(1.07) 3413(1.07) 2257(1.07) 1351(1.07) 2306(1.07) 1713(1.07) 2555(1.07) 4116(1.07) 4289(1.07) 1096(1.07) 3493(1.07) 1721(1.07) 2910(1.07) 1025(1.07) 1132(1.07) 1503(1.07) 3015(1.07) 1461(1.07) 1209(1.07) 899(1.07) 2179(1.07) 1178(1.07) 1541(1.07) 2499(1.07) 971(1.07) 3670(1.07) 401(1.07) 3911(1.07) 2308(1.07) 894(1.07) 2197(1.07) 3829(1.07) 250(1.07) 1522(1.07) 1229(1.07) 4346(1.07) 47(1.07) 74(1.07) 750(1.06) 2759(1.06) 2579(1.06) 1350(1.06) 1611(1.06) 2543(1.06) 2785(1.06) 1428(1.06) 2042(1.06) 783(1.06) 1469(1.06) 2003(1.06) 1347(1.06) 4374(1.06) 94(1.06) 2359(1.06) 2390(1.06) 4362(1.06) 659(1.05) 4377(1.05) 506(1.05) 1890(1.05) 3001(1.05) 657(1.05) 1722(1.05) 758(1.05) 223(1.05) 2962(1.05) 4433(1.05) 2312(1.05) 2236(1.05) 2237(1.05) 4005(1.05) 4004(1.05) 473(1.05) 205(1.05) 3063(1.05) 2309(1.05) 2559(1.05) 3054(1.05) 4375(1.05) 2814(1.05) 608(1.05) 3317(1.05) 600(1.05) 3406(1.05) 2450(1.05) 2763(1.05) 3373(1.05) 1701(1.05) 2999(1.04) 1324(1.04) 4280(1.04) 4301(1.04) 4366(1.04) 1821(1.04) 3798(1.04) 3797(1.04) 702(1.04) 3781(1.04) 4382(1.04) 1037(1.04) 986(1.04) 1874(1.04) 990(1.04) 1755(1.04) 994(1.04) 1757(1.04) 2075(1.04) 1535(1.04) 1491(1.04) 3416(1.04) 3431(1.04) 3743(1.04) 3875(1.04) 1671(1.04) 1120(1.04) 3729(1.04) 126(1.04) 3475(1.04) 444(1.04) 77(1.04) 461(1.04) 1688(1.04) 4246(1.04) 1083(1.04) 3532(1.04) 3542(1.04) 4225(1.04) 855(1.04) 907(1.04) 1958(1.04) 3895(1.04) 1520(1.04) 2006(1.04) 1470(1.04) 3935(1.04) 3330(1.04) 3386(1.04) 3365(1.04) 4199(1.04) 1154(1.04) 2255(1.04) 1852(1.04) 2198(1.04) 1807(1.04) 4043(1.04) 3218(1.04) 2047(1.04) 4176(1.04) 1833(1.04) 1789(1.04) 4025(1.04) 3276(1.04) 95(1.04) 4420(1.04) 412(1.04) 3949(1.04) 3962(1.04) 1171(1.04) 1184(1.04) 213(1.04) 4423(1.04) 3136(1.03) 3647(1.03) 851(1.03) 3654(1.03) 2342(1.03) 1906(1.03) 1411(1.03) 4070(1.03) 4035(1.03) 3691(1.03) 242(1.03) 4271(1.03) 440(1.03) 1709(1.03) 2515(1.03) 1770(1.03) 3936(1.03) 2160(1.03) 3893(1.03) 3150(1.03) 1860(1.03) 3763(1.03) 3719(1.03) 3539(1.03) 3558(1.03) 3153(1.03) 3101(1.03) 1185(1.03) 1314(1.03) 4447(1.03) 4437(1.03) 2341(1.03) 87(1.03) 1268(1.03) 227(1.03) 249(1.03) 324(1.03) 359(1.03) 2321(1.03) 171(1.03) 146(1.03) 1254(1.03) 3208(1.03) 4209(1.03) 78(1.03) 1211(1.03) 4217(1.03) 311(1.01) 2062(1.01) 280(1.00) 1536(1.00) 4441(1.00) 998(1.00) 3194(1.00) 1003(1.00) 1532(1.00) 1004(1.00) 1531(1.00) 1005(1.00) 270(1.00) 1482(1.00) 266(1.00) 1011(1.00) 1014(1.00) 286(1.00) 3214(1.00) 1556(1.00) 1555(1.00) 3157(1.00) 3212(1.00) 323(1.00) 3211(1.00) 968(1.00) 3209(1.00) 321(1.00) 1480(1.00) 319(1.00) 316(1.00) 315(1.00) 1545(1.00) 1488(1.00) 308(1.00) 1542(1.00) 304(1.00) 297(1.00) 991(1.00) 3196(1.00) 198(1.00) 1046(1.00) 1468(1.00) 196(1.00) 1047(1.00) 3164(1.00) 1508(1.00) 192(1.00) 1462(1.00) 188(1.00) 187(1.00) 1527(1.00) 3188(1.00) 178(1.00) 1054(1.00) 172(1.00) 1500(1.00) 1058(1.00) 1059(1.00) 1061(1.00) 73(1.00) 72(1.00) 67(1.00) 1050(1.00) 259(1.00) 257(1.00) 1016(1.00) 255(1.00) 966(1.00) 254(1.00) 253(1.00) 1526(1.00) 252(1.00) 1524(1.00) 251(1.00) 202(1.00) 248(1.00) 1021(1.00) 1023(1.00) 245(1.00) 237(1.00) 1471(1.00) 235(1.00) 234(1.00) 1031(1.00) 1034(1.00) 1516(1.00) 4439(1.00) 3163(1.00) 3247(1.00) 826(1.00) 3246(1.00) 824(1.00) 823(1.00) 895(1.00) 817(1.00) 3234(1.00) 814(1.00) 1598(1.00) 3233(1.00) 1064(1.00) 810(1.00) 809(1.00) 808(1.00) 1593(1.00) 806(1.00) 805(1.00) 1592(1.00) 906(1.00) 792(1.00) 909(1.00) 1586(1.00) 1585(1.00) 896(1.00) 1626(1.00) 3269(1.00) 856(1.00) 860(1.00) 863(1.00) 849(1.00) 864(1.00) 847(1.00) 3265(1.00) 1619(1.00) 3207(1.00) 1617(1.00) 889(1.00) 844(1.00) 873(1.00) 3257(1.00) 3206(1.00) 3154(1.00) 883(1.00) 839(1.00) 887(1.00) 1609(1.00) 834(1.00) 3253(1.00) 831(1.00) 1616(1.00) 937(1.00) 1569(1.00) 1568(1.00) 742(1.00) 4444(1.00) 1567(1.00) 732(1.00) 731(1.00) 728(1.00) 948(1.00) 950(1.00) 911(1.00) 1563(1.00) 718(1.00) 3197(1.00) 715(1.00) 714(1.00) 709(1.00) 958(1.00) 959(1.00) 332(1.00) 962(1.00) 1559(1.00) 327(1.00) 722(1.00) 786(1.00) 785(1.00) 912(1.00) 1583(1.00) 777(1.00) 776(1.00) 3228(1.00) 1580(1.00) 919(1.00) 1579(1.00) 767(1.00) 764(1.00) 934(1.00) 1575(1.00) 926(1.00) 3224(1.00) 3221(1.00) 928(1.00) 759(1.00) 3200(1.00) 756(1.00) 4445(1.00) 933(1.00) 748(1.00) 747(1.00) 1576(1.00) 616(1.00) 615(1.00) 1258(1.00) 1383(1.00) 611(1.00) 434(1.00) 438(1.00) 610(1.00) 443(1.00) 607(1.00) 447(1.00) 4435(1.00) 460(1.00) 606(1.00) 604(1.00) 1277(1.00) 1278(1.00) 1279(1.00) 601(1.00) 1280(1.00) 467(1.00) 599(1.00) 1375(1.00) 469(1.00) 453(1.00) 1217(1.00) 634(1.00) 391(1.00) 1221(1.00) 398(1.00) 402(1.00) 404(1.00) 405(1.00) 407(1.00) 1230(1.00) 1233(1.00) 431(1.00) 411(1.00) 624(1.00) 413(1.00) 1242(1.00) 1243(1.00) 1387(1.00) 1253(1.00) 620(1.00) 1255(1.00) 427(1.00) 1256(1.00) 618(1.00) 410(1.00) 1316(1.00) 581(1.00) 578(1.00) 1362(1.00) 528(1.00) 1321(1.00) 533(1.00) 1323(1.00) 1327(1.00) 539(1.00) 540(1.00) 471(1.00) 572(1.00) 541(1.00) 570(1.00) 569(1.00) 1329(1.00) 545(1.00) 1330(1.00) 548(1.00) 1331(1.00) 1336(1.00) 1349(1.00) 1354(1.00) 1358(1.00) 472(1.00) 595(1.00) 476(1.00) 478(1.00) 479(1.00) 485(1.00) 486(1.00) 488(1.00) 490(1.00) 3178(1.00) 493(1.00) 4425(1.00) 1370(1.00) 588(1.00) 587(1.00) 4428(1.00) 498(1.00) 1301(1.00) 507(1.00) 4427(1.00) 513(1.00) 514(1.00) 518(1.00) 584(1.00) 1296(1.00) 696(1.00) 1125(1.00) 1130(1.00) 92(1.00) 1134(1.00) 1142(1.00) 694(1.00) 102(1.00) 4429(1.00) 105(1.00) 107(1.00) 636(1.00) 1442(1.00) 119(1.00) 690(1.00) 1439(1.00) 121(1.00) 123(1.00) 686(1.00) 124(1.00) 133(1.00) 134(1.00) 138(1.00) 139(1.00) 1443(1.00) 708(1.00) 1456(1.00) 63(1.00) 62(1.00) 61(1.00) 1069(1.00) 54(1.00) 1072(1.00) 50(1.00) 46(1.00) 1077(1.00) 83(1.00) 1095(1.00) 1100(1.00) 17(1.00) 701(1.00) 700(1.00) 23(1.00) 1107(1.00) 699(1.00) 27(1.00) 1108(1.00) 33(1.00) 79(1.00) 16(1.00) 1197(1.00) 658(1.00) 362(1.00) 1414(1.00) 655(1.00) 1198(1.00) 1199(1.00) 366(1.00) 367(1.00) 1397(1.00) 646(1.00) 1164(1.00) 374(1.00) 376(1.00) 1207(1.00) 644(1.00) 379(1.00) 643(1.00) 1395(1.00) 380(1.00) 641(1.00) 1212(1.00) 1216(1.00) 1393(1.00) 373(1.00) 143(1.00) 148(1.00) 154(1.00) 1427(1.00) 1426(1.00) 1174(1.00) 1175(1.00) 163(1.00) 1177(1.00) 338(1.00) 1181(1.00) 1415(1.00) 1423(1.00) 344(1.00) 348(1.00) 351(1.00) 668(1.00) 3165(1.00) 352(1.00) 663(1.00) 662(1.00) 3181(1.00) 1192(1.00) 1194(1.00) 1182(1.00) 2486(1.00) 2493(1.00) 3904(1.00) 2502(1.00) 3919(1.00) 2508(1.00) 3923(1.00) 3927(1.00) 3934(1.00) 2524(1.00) 2180(1.00) 3940(1.00) 3941(1.00) 3942(1.00) 3945(1.00) 3952(1.00) 3955(1.00) 2547(1.00) 3957(1.00) 3958(1.00) 2551(1.00) 2553(1.00) 2528(1.00) 3854(1.00) 2419(1.00) 3860(1.00) 4380(1.00) 3866(1.00) 3867(1.00) 3870(1.00) 2442(1.00) 3105(1.00) 3873(1.00) 3889(1.00) 2451(1.00) 2453(1.00) 2455(1.00) 4379(1.00) 2458(1.00) 2463(1.00) 3878(1.00) 2465(1.00) 3103(1.00) 2470(1.00) 3888(1.00) 3874(1.00) 2602(1.00) 2603(1.00) 3990(1.00) 2607(1.00) 3997(1.00) 4000(1.00) 2613(1.00) 2617(1.00) 4006(1.00) 4009(1.00) 2556(1.00) 2626(1.00) 4017(1.00) 4027(1.00) 4029(1.00) 4031(1.00) 2642(1.00) 2645(1.00) 4033(1.00) 4037(1.00) 2653(1.00) 2655(1.00) 2620(1.00) 2558(1.00) 2560(1.00) 3963(1.00) 2566(1.00) 2567(1.00) 3966(1.00) 2571(1.00) 2574(1.00) 2575(1.00) 3972(1.00) 2578(1.00) 2601(1.00) 3976(1.00) 2583(1.00) 2586(1.00) 4376(1.00) 2589(1.00) 2590(1.00) 3096(1.00) 3982(1.00) 2596(1.00) 3987(1.00) 2600(1.00) 2581(1.00) 3721(1.00) 2241(1.00) 3727(1.00) 2248(1.00) 2256(1.00) 2259(1.00) 3738(1.00) 3741(1.00) 3744(1.00) 3747(1.00) 3853(1.00) 2283(1.00) 2285(1.00) 2287(1.00) 3753(1.00) 3756(1.00) 3761(1.00) 4383(1.00) 2294(1.00) 3767(1.00) 3768(1.00) 3772(1.00) 3750(1.00) 3692(1.00) 2186(1.00) 3695(1.00) 2188(1.00) 4386(1.00) 2191(1.00) 2192(1.00) 2200(1.00) 2205(1.00) 2208(1.00) 2235(1.00) 2212(1.00) 2213(1.00) 2215(1.00) 2216(1.00) 3710(1.00) 2219(1.00) 2225(1.00) 2227(1.00) 3716(1.00) 2230(1.00) 3718(1.00) 3708(1.00) 3814(1.00) 3414(1.00) 2375(1.00) 2376(1.00) 2377(1.00) 2379(1.00) 3822(1.00) 3825(1.00) 3826(1.00) 2386(1.00) 2302(1.00) 2389(1.00) 2392(1.00) 3831(1.00) 3113(1.00) 2396(1.00) 3835(1.00) 3836(1.00) 2402(1.00) 3838(1.00) 2409(1.00) 3845(1.00) 3828(1.00) 3773(1.00) 3774(1.00) 3778(1.00) 2316(1.00) 2317(1.00) 2320(1.00) 3782(1.00) 3785(1.00) 3788(1.00) 3796(1.00) 2330(1.00) 3813(1.00) 2336(1.00) 2337(1.00) 2340(1.00) 2348(1.00) 3805(1.00) 2350(1.00) 2351(1.00) 3115(1.00) 2354(1.00) 3808(1.00) 2362(1.00) 3799(1.00) 2906(1.00) 3075(1.00) 4276(1.00) 2919(1.00) 2921(1.00) 4278(1.00) 2927(1.00) 2929(1.00) 4363(1.00) 2934(1.00) 2659(1.00) 2942(1.00) 2944(1.00) 2948(1.00) 4295(1.00) 2951(1.00) 


Filtered 1784 locations: 4410 3578 2410 788 2446 3552 4148 1632 1334 2352 1070 2040 3543 356 1763 4409 520 3229 2181 4241 794 757 4162 2585 2573 3862 285 3034 2406 2034 904 568 567 2819 2836 3274 4275 1815 3410 39 4171 104 103 2638 1538 4195 1053 3256 1487 2414 2456 2468 2592 3468 1373 667 1909 1725 3574 1922 2890 523 2531 292 1012 2588 716 320 2421 995 2506 3917 3864 2420 3033 3005 2986 4282 872 4273 4258 876 890 4194 1001 2790 755 4155 738 4076 2702 4060 2664 4038 4036 2621 819 3337 1711 474 1703 1295 1686 1657 497 1312 1615 859 3213 1552 3210 1483 1523 1463 651 640 627 617 1595 3832 2370 1043 2293 2254 2193 3698 194 2131 3583 1731 1079 1136 3495 1921 1905 1881 1877 3038 3390 1269 3580 3191 4414 4431 857 3114 4459 4 5 2010 924 4286 3848 1013 2844 4291 3107 3065 2806 330 293 4284 271 4298 355 3816 1205 2374 2167 364 3375 2267 3171 2635 3604 1010 1271 2605 1158 1129 4269 4411 682 1371 3766 1728 1088 3028 2997 1764 1845 3576 3112 527 1071 1476 972 1697 290 3398 705 3920 3865 3784 4118 1878 57 563 1116 1425 953 1946 1920 985 1030 204 2697 1166 2491 1437 1433 2901 2903 1842 1793 970 3668 1502 1519 737 693 2286 2404 4329 2385 3899 3419 3713 1389 3979 3227 13 771 1067 1315 2044 1779 3776 2764 214 829 4381 4188 1957 780 1447 2842 394 3508 3554 1151 2911 2960 2395 3623 2055 3636 1998 988 2430 2441 3615 1179 736 1964 3688 1990 3737 781 26 2383 3205 3815 3179 2457 4394 166 625 1298 2064 1052 1322 85 2738 2837 529 1947 1204 1560 1377 974 3451 1665 2925 2007 1484 2961 3309 1473 3897 2846 1496 1137 1160 2163 2444 3628 920 2250 918 2222 230 3846 4356 56 53 1540 1783 4054 458 2199 2507 457 3938 4055 3062 2299 2243 2050 210 1086 1938 1045 2671 1961 3706 193 2204 2670 1839 2258 2570 1987 2203 414 1801 4051 2202 1855 9 2462 2709 1376 2565 2273 2269 2713 2271 4073 1945 2718 3969 2726 2443 3526 129 240 2183 619 3876 3509 2523 2576 3931 1040 387 3700 3901 3118 3930 2519 1036 3513 2518 3699 3055 635 2178 850 3421 4003 1416 2614 3715 3488 2277 66 1622 2279 1141 4013 1247 4014 70 1825 3049 1494 1493 3749 1385 406 2347 862 2497 1249 2594 1836 3993 2598 1106 1834 3275 1914 58 1451 2606 3896 564 1223 1967 3139 3707 106 2657 4040 2580 3913 3507 186 1143 2207 3915 3498 191 4044 2536 3943 1049 75 2632 2634 4354 4026 1063 448 2214 1458 2584 2643 1819 1497 2587 1501 1904 452 3487 2231 1055 2475 942 3452 1706 2895 566 1396 2011 1365 1702 932 2127 1889 2333 3331 525 2915 2916 2918 2100 3235 2928 2018 4364 3018 354 2121 720 4233 1565 511 2403 3078 155 639 2398 4244 2116 3787 3339 4250 2327 2878 947 4408 944 2885 1313 2090 778 2970 576 673 2975 787 1679 666 1183 3586 815 3609 793 3800 795 798 3551 4319 3463 349 2366 2998 4312 2931 369 2096 1662 765 2939 2940 4287 1319 2094 2945 2964 3547 772 916 1594 2954 2955 2956 4300 676 3820 1188 4391 3809 291 837 3293 2151 3448 2148 1652 2146 3863 2140 1653 726 981 2425 307 1490 4178 2802 3856 2339 2807 4166 3381 4098 1475 3378 477 649 2310 845 263 2750 2155 3125 264 3285 4130 483 3361 3036 3254 1485 684 3666 1903 4198 2827 1724 2828 3245 3111 3645 2841 3215 3142 2413 2838 3127 1729 2834 1926 333 4406 822 3159 147 712 1923 3300 2850 3541 4218 3841 967 1732 681 3080 2136 3833 1766 4277 3891 1 774 1444 1419 775 3908 59 1745 3240 565 4053 2169 1798 3637 2372 2056 31 3422 3173 341 2263 2633 1234 3336 3607 1259 4145 3520 3534 4154 3160 3780 1008 1344 3709 1680 1111 217 704 721 3407 3803 1746 212 3641 1074 3147 3544 1122 1812 1101 2980 3072 1511 544 128 3047 3843 269 3890 207 1308 597 1864 69 2666 3056 1309 2650 2445 3368 3369 2132 3954 3158 4063 1849 1292 1281 3053 238 239 1291 3922 1846 2920 727 2923 1584 4039 1582 2091 751 12 118 1146 3388 111 3711 1153 200 4345 1368 151 2480 150 3185 3069 4443 1929 1436 7 1455 1566 2078 1359 2511 2554 3404 208 399 1635 713 3017 955 922 3002 4260 2109 3220 1831 4279 3180 2071 4168 4153 2438 939 517 900 1367 302 1266 1328 314 1388 1244 532 2459 3660 1165 1104 3638 3701 3621 3166 3689 1505 3494 1534 1105 4449 3415 2996 1590 1332 422 3728 3019 891 1076 1126 1374 1038 4169 4184 1218 3346 176 710 1623 4237 4242 733 437 162 678 745 930 1201 3093 10 3740 3661 3752 3625 390 1310 1260 1272 368 1356 378 3267 1548 3081 1169 3232 1577 3099 425 1227 1940 3307 3325 3535 4358 3550 218 3821 2265 3951 3260 799 791 3925 3746 1346 818 2870 3679 1996 2728 2353 4163 228 1406 1035 1196 3449 1808 4390 1148 1394 1121 2229 1868 1704 2509 1390 3231 2872 20 3786 2407 1719 3350 2440 1650 2932 3559 3264 1970 2066 2877 628 4395 165 2487 2460 2164 1300 81 2891 917 505 2356 2513 4185 1115 2914 2388 2063 1073 1274 68 2561 2170 2741 2437 2821 4313 516 2549 1968 1149 1517 1326 3230 4302 3098 1467 2685 3328 4089 2725 3131 3321 3389 3861 180 174 2037 2315 2281 1747 3884 3358 989 2295 2266 3216 2024 2060 949 2530 1421 3413 2257 1351 2306 1713 2555 4116 4289 1096 3493 1721 2910 1025 1132 1503 3015 1461 1209 899 2179 1178 1541 2499 971 3670 401 3911 2308 894 2197 3829 250 1522 1229 4346 47 74 750 2759 2579 1350 1611 2543 2785 1428 2042 783 1469 2003 1347 4374 94 2359 2390 4362 659 4377 506 1890 3001 657 1722 758 223 2962 4433 2312 2236 2237 4005 4004 473 205 3063 2309 2559 3054 4375 2814 608 3317 600 3406 2450 2763 3373 1701 2999 1324 4280 4301 4366 1821 3798 3797 702 3781 4382 1037 986 1874 990 1755 994 1757 2075 1535 1491 3416 3431 3743 3875 1671 1120 3729 126 3475 444 77 461 1688 4246 1083 3532 3542 4225 855 907 1958 3895 1520 2006 1470 3935 3330 3386 3365 4199 1154 2255 1852 2198 1807 4043 3218 2047 4176 1833 1789 4025 3276 95 4420 412 3949 3962 1171 1184 213 4423 3136 3647 851 3654 2342 1906 1411 4070 4035 3691 242 4271 440 1709 2515 1770 3936 2160 3893 3150 1860 3763 3719 3539 3558 3153 3101 1185 1314 4447 4437 2341 87 1268 227 249 324 359 2321 171 146 1254 3208 4209 78 1211 4217 311 2062 280 1536 4441 998 3194 1003 1532 1004 1531 1005 270 1482 266 1011 1014 286 3214 1556 1555 3157 3212 323 3211 968 3209 321 1480 319 316 315 1545 1488 308 1542 304 297 991 3196 198 1046 1468 196 1047 3164 1508 192 1462 188 187 1527 3188 178 1054 172 1500 1058 1059 1061 73 72 67 1050 259 257 1016 255 966 254 253 1526 252 1524 251 202 248 1021 1023 245 237 1471 235 234 1031 1034 1516 4439 3163 3247 826 3246 824 823 895 817 3234 814 1598 3233 1064 810 809 808 1593 806 805 1592 906 792 909 1586 1585 896 1626 3269 856 860 863 849 864 847 3265 1619 3207 1617 889 844 873 3257 3206 3154 883 839 887 1609 834 3253 831 1616 937 1569 1568 742 4444 1567 732 731 728 948 950 911 1563 718 3197 715 714 709 958 959 332 962 1559 327 722 786 785 912 1583 777 776 3228 1580 919 1579 767 764 934 1575 926 3224 3221 928 759 3200 756 4445 933 748 747 1576 616 615 1258 1383 611 434 438 610 443 607 447 4435 460 606 604 1277 1278 1279 601 1280 467 599 1375 469 453 1217 634 391 1221 398 402 404 405 407 1230 1233 431 411 624 413 1242 1243 1387 1253 620 1255 427 1256 618 410 1316 581 578 1362 528 1321 533 1323 1327 539 540 471 572 541 570 569 1329 545 1330 548 1331 1336 1349 1354 1358 472 595 476 478 479 485 486 488 490 3178 493 4425 1370 588 587 4428 498 1301 507 4427 513 514 518 584 1296 696 1125 1130 92 1134 1142 694 102 4429 105 107 636 1442 119 690 1439 121 123 686 124 133 134 138 139 1443 708 1456 63 62 61 1069 54 1072 50 46 1077 83 1095 1100 17 701 700 23 1107 699 27 1108 33 79 16 1197 658 362 1414 655 1198 1199 366 367 1397 646 1164 374 376 1207 644 379 643 1395 380 641 1212 1216 1393 373 143 148 154 1427 1426 1174 1175 163 1177 338 1181 1415 1423 344 348 351 668 3165 352 663 662 3181 1192 1194 1182 2486 2493 3904 2502 3919 2508 3923 3927 3934 2524 2180 3940 3941 3942 3945 3952 3955 2547 3957 3958 2551 2553 2528 3854 2419 3860 4380 3866 3867 3870 2442 3105 3873 3889 2451 2453 2455 4379 2458 2463 3878 2465 3103 2470 3888 3874 2602 2603 3990 2607 3997 4000 2613 2617 4006 4009 2556 2626 4017 4027 4029 4031 2642 2645 4033 4037 2653 2655 2620 2558 2560 3963 2566 2567 3966 2571 2574 2575 3972 2578 2601 3976 2583 2586 4376 2589 2590 3096 3982 2596 3987 2600 2581 3721 2241 3727 2248 2256 2259 3738 3741 3744 3747 3853 2283 2285 2287 3753 3756 3761 4383 2294 3767 3768 3772 3750 3692 2186 3695 2188 4386 2191 2192 2200 2205 2208 2235 2212 2213 2215 2216 3710 2219 2225 2227 3716 2230 3718 3708 3814 3414 2375 2376 2377 2379 3822 3825 3826 2386 2302 2389 2392 3831 3113 2396 3835 3836 2402 3838 2409 3845 3828 3773 3774 3778 2316 2317 2320 3782 3785 3788 3796 2330 3813 2336 2337 2340 2348 3805 2350 2351 3115 2354 3808 2362 3799 2906 3075 4276 2919 2921 4278 2927 2929 4363 2934 2659 2942 2944 2948 4295 2951 

Extracted 0 prioritized locations: 

Final instance parameters:
loc_max_id: 4461
loc_cnt: 1784
service: fnl4461_0250
cust_max_id: 4461
cust_cnt: 4461
unweighted obj function
p: 250
total_demand: 224395
threshold_dist: 505.698


-------------------------------------------------
Final Problem RSSV heuristic 
-------------------------------------------------
-------------------------------------------------
Exact method cPMP binary
-------------------------------------------------
Problem type: CPMP
Value of p: 250
Number of facilities: 1784
Number of customers: 4461
Weighted Objective Function: false
Capacity Model: true
Binary Model: true
Cover Model: false
[INFO] Adding Objective Function 
SUM (dij * xij)
[INFO] Adding Demand Satisfied Constraints 
[INFO] Adding p Locations Constraints 
[INFO] Adding Max Capacity Constraints 
[INFO] Adding Max Distance Constraints 
Threshold Distance: 505.698
Gap Cplex Reports: gap_Bin_service_fnl4461_0250_p_250_RSSV_EXACT_CPMP_BIN.csv
Generating reports cplex callbacks...Using BreakCallback...
Version identifier: 12.10.0.0 | 2019-11-26 | 843d4de
CPXPARAM_TimeLimit                               1800
Tried aggregator 1 time.
MIP Presolve eliminated 7466398 rows and 7466398 columns.
Reduced MIP has 6246 rows, 493810 columns, and 987620 nonzeros.
Reduced MIP has 493810 binaries, 0 generals, 0 SOSs, and 0 indicators.
Presolve time = 18.42 sec. (6579.56 ticks)
Tried aggregator 1 time.
Detecting symmetries...
Reduced MIP has 6246 rows, 493810 columns, and 987620 nonzeros.
Reduced MIP has 493810 binaries, 0 generals, 0 SOSs, and 0 indicators.
Presolve time = 3.70 sec. (1013.58 ticks)
Probing time = 3.43 sec. (106.76 ticks)
Clique table members: 496487.
MIP emphasis: balance optimality and feasibility.
MIP search method: dynamic search.
Parallel mode: deterministic, using up to 32 threads.
Root relaxation solution time = 2.07 sec. (513.59 ticks)

        Nodes                                         Cuts/
   Node  Left     Objective  IInf  Best Integer    Best Bound    ItCnt     Gap

*     0+    0                       830264.0564        0.0000           100.00%
*     0+    0                       785069.4237        0.0000           100.00%
      0     0   134274.2342  1729   785069.4237   134274.2342     1760   82.90%
Time: 52.4637 seconds
MIP Gap: 0.828965
Nodes: 0
Best Objective: 134274.234197113255505
Incumbent Obj:  785069.423748279688880
*     0+    0                       782590.5050   134274.2342            82.84%
*     0+    0                       782321.8848   134274.2342            82.84%
Time: 60.173169136047363 seconds
MIP Gap: 0.828364466324439
Nodes: 0
Best Objective: 134274.234197113255505
Incumbent Obj:  782321.884761514142156
      0     0   185957.6197  1729   782321.8848    Cuts: 1661     5014   76.23%
Time: 68.764631986618042 seconds
MIP Gap: 0.762300373688523
Nodes: 0
Best Objective: 185957.619663102028426
Incumbent Obj:  782321.884761514142156
      0     0   215876.6601  1729   782321.8848    Cuts: 1661     8208   72.41%
Time: 75.194365978240967 seconds
MIP Gap: 0.724056473073755
Nodes: 0
Best Objective: 215876.660072679282166
Incumbent Obj:  782321.884761514142156
      0     0   235129.1199  1729   782321.8848    Cuts: 1661    11214   69.94%
Time: 93.225917100906372 seconds
MIP Gap: 0.699447088819974
Nodes: 0
Best Objective: 235129.119944917765679
Incumbent Obj:  782321.884761514142156
      0     0   250281.8326  1729   782321.8848    Cuts: 1661    14436   68.01%
Time: 105.847494125366211 seconds
MIP Gap: 0.680078191033926
Nodes: 0
Best Objective: 250281.832566652330570
Incumbent Obj:  782321.884761514142156
      0     0   262356.6864  1729   782321.8848    Cuts: 1661    18032   66.46%
Detecting symmetries...
Time: 122.355911016464233 seconds
MIP Gap: 0.664643554603072
Nodes: 0
Best Objective: 262356.686429846100509
Incumbent Obj:  782321.884761514142156
      0     0   272845.7239  1729   782321.8848    Cuts: 1661    21463   65.12%
Time: 153.784082174301147 seconds
MIP Gap: 0.651235982008590
Nodes: 0
Best Objective: 272845.723892038280610
Incumbent Obj:  782321.884761514142156
      0     0   281964.6747  1729   782321.8848    Cuts: 1661    25383   63.96%
Time: 185.620820045471191 seconds
MIP Gap: 0.639579717564258
Nodes: 0
Best Objective: 281964.674661407014355
Incumbent Obj:  782321.884761514142156
      0     0   289171.6478  1729   782321.8848    Cuts: 1661    29637   63.04%
Time: 225.440196990966797 seconds
MIP Gap: 0.630367431326994
Nodes: 0
Best Objective: 289171.647793505515438
Incumbent Obj:  782321.884761514142156
      0     0   295157.1732  1729   782321.8848    Cuts: 1661    33566   62.27%
Time: 274.385173082351685 seconds
MIP Gap: 0.622716456093693
Nodes: 0
Best Objective: 295157.173158285790123
Incumbent Obj:  782321.884761514142156
      0     0   300203.9505  1729   782321.8848    Cuts: 1661    37969   61.63%
Time: 331.271692037582397 seconds
MIP Gap: 0.616265431919036
Nodes: 0
Best Objective: 300203.950549244938884
Incumbent Obj:  782321.884761514142156
      0     0   304430.4960  1729   782321.8848    Cuts: 1661    42473   61.09%
Time: 404.636039972305298 seconds
MIP Gap: 0.610862866066077
Nodes: 0
Best Objective: 304430.496049880341161
Incumbent Obj:  782321.884761514142156
      0     0   307944.3135  1729   782321.8848    Cuts: 1661    47500   60.64%
*     0+    0                       449745.9773   307944.3135            31.53%
Time: 480.867370128631592 seconds
MIP Gap: 0.315292789537664
Nodes: 0
Best Objective: 307944.313505335769150
Incumbent Obj:  449745.977258516359143
      0     0   310990.1667  1729   449745.9773    Cuts: 1661    53008   30.85%
*     0+    0                       432957.3457   310990.1667            28.17%
Time: 698.383872985839844 seconds
MIP Gap: 0.281707147953599
Nodes: 0
Best Objective: 310990.166671883547679
Incumbent Obj:  432957.345720313198399
      0     0   318771.7601  1729   432957.3457    Cuts: 1661    58969   26.37%
Time: 847.220389127731323 seconds
MIP Gap: 0.263734030040389
Nodes: 0
Best Objective: 318771.760097904945724
Incumbent Obj:  432957.345720313198399
      0     0   324035.7922  1729   432957.3457    Cuts: 1661    67100   25.16%
*     0+    0                       407395.1151   324035.7922            20.46%
Time: 993.975560188293457 seconds
MIP Gap: 0.204615420962492
Nodes: 0
Best Objective: 324035.792154468188528
Incumbent Obj:  407395.115136105101556
      0     0   328017.4428  1729   407395.1151    Cuts: 1661    75005   19.48%
*     0+    0                       403368.7416   328017.4428            18.68%
Time: 1113.496241092681885 seconds
MIP Gap: 0.186805002688590
Nodes: 0
Best Objective: 328017.442753512528725
Incumbent Obj:  403368.741615486564115
      0     0   330804.7390  1729   403368.7416    Cuts: 1661    81460   17.99%
*     0+    0                       400947.6713   330804.7390            17.49%
Time: 1279.053930997848511 seconds
MIP Gap: 0.174942859886122
Nodes: 0
Best Objective: 330804.738993423467036
Incumbent Obj:  400947.671270094346255
      0     0   333277.9495  1729   400947.6713    Cuts: 1661    90472   16.88%
*     0+    0                       398395.0611   333277.9495            16.34%
Time: 1473.129848957061768 seconds
MIP Gap: 0.163448591366133
Nodes: 0
Best Objective: 333277.949540173984133
Incumbent Obj:  398395.061081105028279
      0     0   335078.4207  1729   398395.0611    Cuts: 1661   101898   15.89%
*     0+    0                       398134.3644   335078.4207            15.84%

Clique cuts applied:  10096
Cover cuts applied:  6579
Mixed integer rounding cuts applied:  6013
Zero-half cuts applied:  868

Root node processing (before b&c):
  Real time             = 1805.59 sec. (756708.92 ticks)
Parallel b&c, 32 threads:
  Real time             =    0.00 sec. (0.00 ticks)
  Sync time (average)   =    0.00 sec.
  Wait time (average)   =    0.00 sec.
                          ------------
Total (root+branch&cut) = 1805.59 sec. (756708.92 ticks)
[INFO] Saving variables cplex:
./outputs/solutions/2024-07-16_LIT/VarsValues_cplex/test_lit_fnl4461_0250_CPMP_Vars_Bin_p_250_RSSV_EXACT_CPMP_BIN.txt
[INFO] Saving results cplex: 
./outputs/solutions/2024-07-16_LIT/Results_cplex/test_lit_fnl4461_0250_Bin_RSSV_EXACT_CPMP_BIN.csv

Final solution:
p locations: 3695 472 4435 722 844 1031 257 3211 3520 3654 4060 316 990 323 889 1755 1874 3269 4280 473 949 2741 2063 1216 1808 4244 2728 1996 818 3821 3954 3346 2996 991 1328 1266 944 1831 234 792 3825 4004 1500 2480 4345 4003 851 2199 1179 3820 787 4394 2183 3218 4198 1502 1770 85 1490 2838 2671 1001 4391 4154 187 2208 4379 1455 107 3142 3309 3157 124 61 1072 2062 3410 701 1724 376 2213 379 4277 2273 4444 3002 643 4386 1194 2551 3448 1426 212 2571 3737 2389 218 1680 2607 3955 2944 2216 2553 3552 3889 2316 3822 3509 4031 3196 3721 1025 3864 1108 133 3767 3336 2230 2451 3799 3744 2396 2581 1567 2915 3863 2362 1536 525 4033 663 3718 348 2018 2560 1253 916 1585 2259 3963 2508 3709 581 2603 1812 3160 2340 655 1657 2212 1711 3361 2602 17 3544 174 2465 2928 578 2600 1926 1706 3543 4029 659 2916 1079 62 1747 2580 474 1476 3099 1414 3773 2403 1067 2837 387 1377 2725 673 1833 3181 2844 2271 4148 778 1300 2330 308 4225 3888 2203 302 2998 4009 1313 1987 4176 806 928 4298 517 3033 2215 193 1541 1444 3114 3180 1158 2312 627 4269 2921 2584 947 2632 1958 4302 2617 1269 3628 3173 2836 1428 3421 2410 4155 1326 431 2116 94 471 3188 1503 829 3331 635 3668 3891 1555 2903 3240 3541 1801 453 1728 3413 
p size: 250
objective: 398134.364443131198641
sum (dij * xij) 
demand/capacity: 224395.000000000000000/280500
Solution is Feasible
Final elapsed time: 1844s
Final total elapsed time RSSV: 2145s
[INFO] Saving assignment: ./outputs/solutions/2024-07-16_LIT/Assignments/test_lit_fnl4461_0250_p_250_RSSV_EXACT_CPMP_BIN.txt
[INFO] Saving results: ./outputs/solutions/2024-07-16_LIT/test_lit_fnl4461_0250_results_RSSV.csv
[INFO] Saving all results: ./outputs/solutions/test_all_results.csv



Solution Stats
Statistics:
Max distance: 276.284273891946327
Min distance: 0.000000000000000
Avg distance: 89.247784004288548
Std deviation distance: 46.451897726544566




-------------------------------------------------
Post Optimization
-------------------------------------------------
Time for post-optimization: 1455.000000000000000s
PostOptimization constructor
p locations: 3695 472 4435 722 844 1031 257 3211 3520 3654 4060 316 990 323 889 1755 1874 3269 4280 473 949 2741 2063 1216 1808 4244 2728 1996 818 3821 3954 3346 2996 991 1328 1266 944 1831 234 792 3825 4004 1500 2480 4345 4003 851 2199 1179 3820 787 4394 2183 3218 4198 1502 1770 85 1490 2838 2671 1001 4391 4154 187 2208 4379 1455 107 3142 3309 3157 124 61 1072 2062 3410 701 1724 376 2213 379 4277 2273 4444 3002 643 4386 1194 2551 3448 1426 212 2571 3737 2389 218 1680 2607 3955 2944 2216 2553 3552 3889 2316 3822 3509 4031 3196 3721 1025 3864 1108 133 3767 3336 2230 2451 3799 3744 2396 2581 1567 2915 3863 2362 1536 525 4033 663 3718 348 2018 2560 1253 916 1585 2259 3963 2508 3709 581 2603 1812 3160 2340 655 1657 2212 1711 3361 2602 17 3544 174 2465 2928 578 2600 1926 1706 3543 4029 659 2916 1079 62 1747 2580 474 1476 3099 1414 3773 2403 1067 2837 387 1377 2725 673 1833 3181 2844 2271 4148 778 1300 2330 308 4225 3888 2203 302 2998 4009 1313 1987 4176 806 928 4298 517 3033 2215 193 1541 1444 3114 3180 1158 2312 627 4269 2921 2584 947 2632 1958 4302 2617 1269 3628 3173 2836 1428 3421 2410 4155 1326 431 2116 94 471 3188 1503 829 3331 635 3668 3891 1555 2903 3240 3541 1801 453 1728 3413 
p size: 250
objective: 398134.364443131198641
sum (dij * xij) 
demand/capacity: 224395.000000000000000/280500
Solution is Feasible
[INFO] Running post-optimization
Time limit: 1455.000000000000000
 ------------------------------------ 

Iteration Post-Optimization: 1
Size of neighborhood: 1
Problem type: CPMP
Value of p: 250
Number of facilities: 4461
Number of customers: 4461
Weighted Objective Function: false
Capacity Model: true
Binary Model: true
Cover Model: false
[INFO] Adding Objective Function 
SUM (dij * xij)
[INFO] Adding Demand Satisfied Constraints 
[INFO] Adding p Locations Constraints 
[INFO] Adding Max Capacity Constraints 
[INFO] Adding Max Distance Constraints 
Threshold Distance: 276.284273891946327
[INFO] Adding Max Neighbors Constraints from Solution
Max Neighbors from solution: 1
[INFO] Adding MIP start solution
Gap Cplex Reports: gap_Bin_service_fnl4461_0250_p_250_EXACT_CPMP_BIN.csv
Generating reports cplex callbacks...Using BreakCallback...
Version identifier: 12.10.0.0 | 2019-11-26 | 843d4de
CPXPARAM_TimeLimit                               1455
CPXPARAM_MIP_Tolerances_LowerCutoff              335078.42067738611
1 of 2 MIP starts provided solutions.
MIP start 'm1' defined initial solution with objective 396048.0546.
Tried aggregator 1 time.
Presolve has eliminated 19504638 rows and 19504638 columns...
MIP Presolve eliminated 19504638 rows and 19504638 columns.
MIP Presolve modified 1 coefficients.
Reduced MIP has 9173 rows, 400344 columns, and 801188 nonzeros.
Reduced MIP has 400344 binaries, 0 generals, 0 SOSs, and 0 indicators.
Presolve time = 36.71 sec. (13323.35 ticks)
Tried aggregator 1 time.
Detecting symmetries...
Reduced MIP has 9173 rows, 400344 columns, and 801188 nonzeros.
Reduced MIP has 400344 binaries, 0 generals, 0 SOSs, and 0 indicators.
Presolve time = 3.06 sec. (895.27 ticks)
Probing time = 3.93 sec. (92.66 ticks)
Clique table members: 400594.
MIP emphasis: balance optimality and feasibility.
MIP search method: dynamic search.
Parallel mode: deterministic, using up to 32 threads.
Root relaxation solution time = 4.54 sec. (1082.28 ticks)

        Nodes                                         Cuts/
   Node  Left     Objective  IInf  Best Integer    Best Bound    ItCnt     Gap

*     0+    0                       396048.0546        0.0000           100.00%
      0     0   323963.9636   856   396048.0546   323963.9636    16487   18.20%
Time: 210.009595870971680 seconds
MIP Gap: 0.182008446260919
Nodes: 0
Best Objective: 323963.963575769565068
Incumbent Obj:  396048.054646669654176
      0     0   351260.0596   856   396048.0546    Cuts: 2393    20192   11.31%
Time: 218.145292997360229 seconds
MIP Gap: 0.113087274387285
Nodes: 0
Best Objective: 351260.059620291111059
Incumbent Obj:  396048.054646669654176
      0     0   362872.0611   856   396048.0546    Cuts: 2393    23422    8.38%
      0     0   365608.0962   856   396048.0546    Cuts: 1660    24778    7.69%
*     0+    0                       394034.9068   365608.0962             7.21%
*     0+    0                       392461.3365   365608.0962             6.84%
      0     0  -1.00000e+75     0   392461.3365   365608.0962    24778    6.84%
Time: 282.567261934280396 seconds
MIP Gap: 0.068422638807842
Nodes: 0
Best Objective: 365608.096234154829290
Incumbent Obj:  392461.336508090724237
      0     0   367349.4559   856   392461.3365     Cuts: 847    25897    6.40%
Time: 289.402128934860229 seconds
MIP Gap: 0.063985616477324
Nodes: 0
Best Objective: 367349.455948105955031
Incumbent Obj:  392461.336508090724237
      0     0   368641.3877   856   392461.3365     Cuts: 855    26764    6.07%
Detecting symmetries...
Time: 294.584491014480591 seconds
MIP Gap: 0.060693746453031
Nodes: 0
Best Objective: 368641.387657450919505
Incumbent Obj:  392461.336508090724237
      0     0   369772.7286   856   392461.3365     Cuts: 702    27597    5.78%
      0     0   370728.4317   856   392461.3365     Cuts: 522    28269    5.54%
Time: 303.154514789581299 seconds
MIP Gap: 0.055375913058178
Nodes: 0
Best Objective: 370728.431658922228962
Incumbent Obj:  392461.336508090724237
      0     0   371593.6790   856   392461.3365     Cuts: 471    28931    5.32%
      0     0   372257.6568   856   392461.3365     Cuts: 502    29537    5.15%
Time: 310.739168882369995 seconds
MIP Gap: 0.051479414186999
Nodes: 0
Best Objective: 372257.656813607492950
Incumbent Obj:  392461.336508090724237
      0     0   372921.4192   856   392461.3365     Cuts: 515    30248    4.98%
      0     0   373441.4331   856   392461.3365     Cuts: 499    30862    4.85%
Time: 318.388772010803223 seconds
MIP Gap: 0.048463126443231
Nodes: 0
Best Objective: 373441.433132819831371
Incumbent Obj:  392461.336508090724237
      0     0   373950.3713   856   392461.3365     Cuts: 471    31467    4.72%
      0     0   374369.4575   856   392461.3365     Cuts: 481    32042    4.61%
Time: 324.782244920730591 seconds
MIP Gap: 0.046098500257301
Nodes: 0
Best Objective: 374369.457486091821920
Incumbent Obj:  392461.336508090724237
      0     0   374788.9087   856   392461.3365     Cuts: 462    32605    4.50%
      0     0   375176.4076   856   392461.3365     Cuts: 349    33224    4.40%
Time: 332.136567831039429 seconds
MIP Gap: 0.044042373842324
Nodes: 0
Best Objective: 375176.407606943103019
Incumbent Obj:  392461.336508090724237
      0     0   375553.7005   856   392461.3365     Cuts: 453    33825    4.31%
Time: 337.453814983367920 seconds
MIP Gap: 0.043081023457401
Nodes: 0
Best Objective: 375553.700463862624019
Incumbent Obj:  392461.336508090724237
      0     0   375900.6992   856   392461.3365     Cuts: 465    34481    4.22%
      0     0   376180.4141   856   392461.3365     Cuts: 446    35113    4.15%
Time: 344.082864999771118 seconds
MIP Gap: 0.041484143596041
Nodes: 0
Best Objective: 376180.414068494923413
Incumbent Obj:  392461.336508090724237
      0     0   376399.1137   856   392461.3365     Cuts: 401    35717    4.09%
*     0+    0                       385023.2962   376399.1137             2.24%
Time: 349.522439956665039 seconds
MIP Gap: 0.022399118667354
Nodes: 0
Best Objective: 376399.113653245440219
Incumbent Obj:  385023.296153483213857
      0     0   376650.4875   856   385023.2962     Cuts: 445    36304    2.17%
*     0+    0                       383142.2750   376650.4875             1.69%
*     0+    0                       383095.8133   376650.4875             1.68%
      0     0  -1.00000e+75     0   383095.8133   376650.4875    36304    1.68%
Time: 356.512458801269531 seconds
MIP Gap: 0.016824317989822
Nodes: 0
Best Objective: 376650.487504288554192
Incumbent Obj:  383095.813287608732935
      0     0   376900.9748   856   383095.8133     Cuts: 372    36865    1.62%
Time: 362.987545013427734 seconds
MIP Gap: 0.016170467767122
Nodes: 0
Best Objective: 376900.974787121987902
Incumbent Obj:  383095.813287608732935
      0     0   377102.8979   856   383095.8133     Cuts: 379    37362    1.56%
      0     0   377268.3962   856   383095.8133     Cuts: 448    37872    1.52%
Time: 369.428622007369995 seconds
MIP Gap: 0.015211382739800
Nodes: 0
Best Objective: 377268.396245676092803
Incumbent Obj:  383095.813287608732935
      0     0   377423.3887   856   383095.8133     Cuts: 370    38362    1.48%
      0     0   377572.7201   856   383095.8133     Cuts: 372    38850    1.44%
Time: 376.178200006484985 seconds
MIP Gap: 0.014417002164118
Nodes: 0
Best Objective: 377572.720118376833852
Incumbent Obj:  383095.813287608732935
      0     0   377713.4546   856   383095.8133     Cuts: 430    39405    1.40%
      0     0   377825.2316   856   383095.8133     Cuts: 316    39904    1.38%
Time: 381.928324937820435 seconds
MIP Gap: 0.013757868073463
Nodes: 0
Best Objective: 377825.231628901790828
Incumbent Obj:  383095.813287608732935
      0     0   377948.1366   856   383095.8133     Cuts: 320    40317    1.34%
      0     0   378045.7142   856   383095.8133     Cuts: 342    40760    1.32%
Time: 388.477960824966431 seconds
MIP Gap: 0.013182339636593
Nodes: 0
Best Objective: 378045.714163494762033
Incumbent Obj:  383095.813287608732935
      0     0   378143.3265   856   383095.8133     Cuts: 300    41270    1.29%
*     0+    0                       382344.0778   378143.3265             1.10%
*     0+    0                       382336.8508   378143.3265             1.10%
      0     0  -1.00000e+75     0   382336.8508   378143.3265    41270    1.10%
Detecting symmetries...
Time: 539.551975965499878 seconds
MIP Gap: 0.010968140612834
Nodes: 0
Best Objective: 378143.326453228946775
Incumbent Obj:  382336.850794208003208
      0     2   378143.3265  2832   382336.8508   378143.3265    41270    1.10%
Elapsed time = 543.78 sec. (101742.17 ticks, tree = 0.02 MB, solutions = 8)
Time: 544.816320896148682 seconds
MIP Gap: 0.010967742466399
Nodes: 3
Best Objective: 378143.478679283172823
Incumbent Obj:  382336.850794208003208
      4     6   378148.3437  2468   382336.8508   378143.4787    41320    1.10%
      8    10   378169.5500  2121   382336.8508   378143.4787    41394    1.10%
Time: 550.245373964309692 seconds
MIP Gap: 0.010967742466399
Nodes: 12
Best Objective: 378143.478679283172823
Incumbent Obj:  382336.850794208003208
     11    13   378172.6426  1944   382336.8508   378143.4787    41427    1.10%
     17     6   378189.5798  2511   382336.8508   378143.4787    41324    1.10%
     20    10   378170.4998  2089   382336.8508   378143.4787    41394    1.10%
Time: 556.892702817916870 seconds
MIP Gap: 0.010961688270852
Nodes: 25
Best Objective: 378145.793421342677902
Incumbent Obj:  382336.850794208003208
     25    17   378259.2879  2025   382336.8508   378145.2170    41856    1.10%
     35    31   378257.7021  1782   382336.8508   378146.0432    43672    1.10%
Time: 563.020889997482300 seconds
MIP Gap: 0.010961035020116
Nodes: 43
Best Objective: 378146.043183171772398
Incumbent Obj:  382336.850794208003208
     46    39   378267.2693  2030   382336.8508   378146.0432    44291    1.10%
     74    43   378297.7505  1536   382336.8508   378146.0432    44398    1.10%
Time: 568.331142902374268 seconds
MIP Gap: 0.010961035020116
Nodes: 73
Best Objective: 378146.043183171772398
Incumbent Obj:  382336.850794208003208
Time: 577.217747926712036 seconds
MIP Gap: 0.010741689829492
Nodes: 146
Best Objective: 378229.906932591751684
Incumbent Obj:  382336.850794208003208
    151   100   378392.3055  1726   382336.8508   378175.4411    49319    1.09%
Elapsed time = 577.68 sec. (105143.40 ticks, tree = 11.64 MB, solutions = 8)
Time: 585.476734876632690 seconds
MIP Gap: 0.010741689829492
Nodes: 199
Best Objective: 378229.906932591751684
Incumbent Obj:  382336.850794208003208
    237   194   378480.6954  1402   382336.8508   378229.9069    65791    1.07%
Time: 594.177307844161987 seconds
MIP Gap: 0.010671233879302
Nodes: 281
Best Objective: 378256.844838707183953
Incumbent Obj:  382336.850794208003208
    398   326   378406.7305  1304   382336.8508   378256.8448    79615    1.07%
    513   380   378539.2808  1494   382336.8508   378258.1348    81772    1.07%
    602   514   378534.5391  1119   382336.8508   378259.2699    96762    1.07%
    743   556        cutoff         382336.8508   378259.2699   103177    1.07%
    808   625   378485.2476  1576   382336.8508   378259.2699   105780    1.07%
    858   693   378632.2598  1208   382336.8508   378259.2699   107459    1.07%
Time: 766.037428855895996 seconds
MIP Gap: 0.010664891180879
Nodes: 787
Best Objective: 378259.269886047695763
Incumbent Obj:  382336.850794208003208
    865   279   382244.4508   325   382336.8508   378259.2699    78605    1.07%
    888   717   378560.2735  1344   382336.8508   378259.2699   114028    1.07%
Time: 775.043865919113159 seconds
MIP Gap: 0.010664891180879
Nodes: 831
Best Objective: 378259.269886047695763
Incumbent Obj:  382336.850794208003208
    941   740   382056.2670   308   382336.8508   378259.2699   123163    1.07%
Elapsed time = 777.30 sec. (118136.75 ticks, tree = 98.71 MB, solutions = 8)
    999   803   381850.7643   129   382336.8508   378259.2699   133035    1.07%
   1089   814   382076.4538   281   382336.8508   378259.2699   148174    1.07%
Time: 796.270242929458618 seconds
MIP Gap: 0.010664891180879
Nodes: 1051
Best Objective: 378259.269886047695763
Incumbent Obj:  382336.850794208003208
*  1214+  837                       382285.2834   378259.2699             1.05%
   1252   960   382040.1421   235   382285.2834   378259.2699   189715    1.05%
*  1276+  932                       382135.4256   378259.2699             1.01%
   1387   961   382020.9804   104   382135.4256   378259.2699   176975    1.01%
Time: 820.031178951263428 seconds
MIP Gap: 0.010531437345940
Nodes: 1136
Best Objective: 378259.269886047695763
Incumbent Obj:  382285.283396411861759
   1443   978   382188.9128    56   382135.4256   378259.2699   195829    1.01%
   1474  1003   382095.3625    32   382135.4256   378259.2699   196216    1.01%
   1528  1058   381985.8627    42   382135.4256   378259.2699   197278    1.01%
Time: 847.622537851333618 seconds
MIP Gap: 0.010531437345940
Nodes: 1283
Best Objective: 378259.269886047695763
Incumbent Obj:  382285.283396411861759
   1567  1074   378592.5852  1966   382135.4256   378259.2699   199756    1.01%
   1613  1067   382119.8657    24   382135.4256   378259.2699   200306    1.01%
   1653  1075   378620.9436  1277   382135.4256   378259.2699   201414    1.01%
Elapsed time = 861.89 sec. (127754.09 ticks, tree = 161.49 MB, solutions = 10)
   1680  1068   378690.0867  1674   382135.4256   378259.2699   202853    1.01%
   1716  1112   382055.6155    44   382135.4256   378259.2699   204520    1.01%
   1759  1174   382057.9508    66   382135.4256   378259.2699   206373    1.01%
   1789  1192   378639.5378  1969   382135.4256   378259.2699   207803    1.01%
   1844  1199   378699.5604  1286   382135.4256   378259.2699   209384    1.01%
   1898  1280   382086.2794    58   382135.4256   378259.2699   210785    1.01%
   1973  1276   378993.4404  1176   382135.4256   378259.2699   210939    1.01%
Time: 919.660451889038086 seconds
MIP Gap: 0.010143408586511
Nodes: 1717
Best Objective: 378259.269886047695763
Incumbent Obj:  382135.425643732480239
   2033  1340   382022.3676   100   382135.4256   378259.2699   212234    1.01%
   2081  1378        cutoff         382135.4256   378259.2699   214183    1.01%
*  2102+ 1361                       382053.1759   378259.2699             0.99%
   2111  1403   381998.0548    72   382053.1759   378259.2699   217366    0.99%
Elapsed time = 931.00 sec. (137585.51 ticks, tree = 261.24 MB, solutions = 12)
*  2120+ 1375                       381979.6022   378259.2699             0.97%
Time: 934.380589008331299 seconds
MIP Gap: 0.010143408586511
Nodes: 1802
Best Objective: 378259.269886047695763
Incumbent Obj:  382135.425643732480239
   2153  1404   379216.1211  1228   381979.6022   378259.2699   219491    0.97%
   2194  1473   382026.2265    54   381979.6022   378259.2699   227542    0.97%
   2258  1100   379183.1318  1111   381979.6022   378259.2699   228367    0.97%
Time: 956.394199848175049 seconds
MIP Gap: 0.009739609924545
Nodes: 1946
Best Objective: 378259.269886047695763
Incumbent Obj:  381979.602210712851956
   2294  1133   378799.4642   859   381979.6022   378259.2699   229773    0.97%
   2303  1146   378805.2170   692   381979.6022   378259.2699   234355    0.97%
   2330  1153   378815.3939   556   381979.6022   378259.2699   234438    0.97%
   2361  1177   379392.3744   934   381979.6022   378259.2699   235531    0.97%
Time: 975.124799013137817 seconds
MIP Gap: 0.009739609924545
Nodes: 2021
Best Objective: 378259.269886047695763
Incumbent Obj:  381979.602210712851956
   2394  1181   378856.1160  1151   381979.6022   378259.2699   238029    0.97%
   2439  1208        cutoff         381979.6022   378259.2699   245463    0.97%
*  2465+ 1202                       381963.3099   378259.2699             0.97%
   2504  1211   379481.1595   798   381963.3099   378259.2699   245557    0.97%
Elapsed time = 998.02 sec. (147482.12 ticks, tree = 188.01 MB, solutions = 15)
Time: 998.755828857421875 seconds
MIP Gap: 0.009697371253815
Nodes: 2217
Best Objective: 378259.269886047695763
Incumbent Obj:  381963.309907557442784
   2530  1219   378881.6143  1152   381963.3099   378259.2699   251876    0.97%
   2556  1228   378889.8666   907   381963.3099   378259.2699   251999    0.97%
Time: 1018.468808889389038 seconds
MIP Gap: 0.009696448488626
Nodes: 2307
Best Objective: 378259.622348493780009
Incumbent Obj:  381963.309907557442784
   2598  1239   379501.5251   700   381963.3099   378259.6223   253688    0.97%
   2644  1290   379423.5068  1043   381963.3099   378259.6223   259143    0.97%
*  2691+ 1287                       381928.3347   378259.6223             0.96%
   2698  1267   378879.3747  1434   381928.3347   378259.6223   259125    0.96%
Time: 1038.774403810501099 seconds
MIP Gap: 0.009605761178058
Nodes: 2424
Best Objective: 378259.622348493780009
Incumbent Obj:  381928.334718937170692
   2747  1306   378892.1933  2112   381928.3347   378259.6223   262329    0.96%
*  2758+ 1326                       381826.9227   378259.6223             0.93%
*  2792+ 1326                       381750.5930   378259.6223             0.91%
   2792  1305   378970.2716  1210   381750.5930   378259.6223   267215    0.91%
   2833  1344   378922.8893   923   381750.5930   378259.6223   270026    0.91%
Time: 1056.670807838439941 seconds
MIP Gap: 0.009144637120159
Nodes: 2553
Best Objective: 378259.622348493780009
Incumbent Obj:  381750.592991809302475
   2898  1308   381727.1347    38   381750.5930   378263.9991   272857    0.91%
   2967  1354   378935.9907   758   381750.5930   378263.9991   270277    0.91%
Elapsed time = 1062.91 sec. (157286.85 ticks, tree = 222.98 MB, solutions = 19)
   3024  1346   379038.4423   738   381750.5930   378263.9991   273163    0.91%
Time: 1077.062016963958740 seconds
MIP Gap: 0.009144637120159
Nodes: 2699
Best Objective: 378259.622348493780009
Incumbent Obj:  381750.592991809302475
   3050  1384   379040.7774   737   381750.5930   378263.9991   283452    0.91%
   3104  1354   379673.9639   737   381750.5930   378263.9991   276328    0.91%
   3178  1405   379047.9838   747   381750.5930   378263.9991   283569    0.91%
Time: 1101.561231851577759 seconds
MIP Gap: 0.009133172070350
Nodes: 2954
Best Objective: 378263.999138056882657
Incumbent Obj:  381750.592991809302475
   3272  1504   378970.8916  1390   381750.5930   378263.9991   296016    0.91%
   3390  1461   379683.6223   720   381750.5930   378263.9991   291991    0.91%
   3523  1661   379111.6789   785   381750.5930   378263.9991   311006    0.91%
*  3627+ 1552                       381675.1930   378263.9991             0.89%
Time: 1136.287163019180298 seconds
MIP Gap: 0.008937426066180
Nodes: 3357
Best Objective: 378263.999138056882657
Incumbent Obj:  381675.192956399696413
   3641  1616        cutoff         381675.1930   378263.9991   310089    0.89%
   3739  1701        cutoff         381675.1930   378263.9991   312728    0.89%
   3834  1676   379568.3446   618   381675.1930   378286.5090   315424    0.89%
Elapsed time = 1148.15 sec. (166910.85 ticks, tree = 298.33 MB, solutions = 20)
   3926  1711   379196.6665   727   381675.1930   378286.5090   316448    0.89%
   4002  1712   379018.3562  1108   381675.1930   378286.5090   319241    0.89%
Time: 1159.364108800888062 seconds
MIP Gap: 0.008937426066180
Nodes: 3576
Best Objective: 378263.999138056882657
Incumbent Obj:  381675.192956399696413
Stopping optimization: Gap is less than 1% for more than 180.000000000000000 seconds.
   4066  1727   379208.6532   715   381675.1930   378286.5090   319476    0.89%
   4106  1733   379042.8225   652   381675.1930   378286.5090   319394    0.89%
   4126  1740   379037.1615   989   381675.1930   378286.5090   322391    0.89%
Time: 1224.074864864349365 seconds
MIP Gap: 0.008860707796652
Nodes: 4128
Best Objective: 378293.280598382407334
Incumbent Obj:  381675.192956399696413
Stopping optimization: Gap is less than 1% for more than 180.000000000000000 seconds.

Clique cuts applied:  4596
Cover cuts applied:  6013
Flow cuts applied:  342
Mixed integer rounding cuts applied:  935
Zero-half cuts applied:  1151
Gomory fractional cuts applied:  22

Root node processing (before b&c):
  Real time             =  456.63 sec. (103199.90 ticks)
Parallel b&c, 32 threads:
  Real time             =  805.53 sec. (81429.83 ticks)
  Sync time (average)   =  403.15 sec.
  Wait time (average)   =    0.00 sec.
                          ------------
Total (root+branch&cut) = 1262.15 sec. (184629.72 ticks)
Post-Optimization Solution: 
p locations: 4435 4394 4391 4386 4384 4337 4269 4240 4198 4156 4118 4053 4034 4031 4014 4002 3892 4225 3888 3821 3805 3794 3783 3770 3762 3737 3721 3709 3654 3631 4289 3615 3576 3552 3543 3520 3422 3421 3388 3361 3336 3269 3264 3230 3885 3211 3184 3171 3158 3142 3114 3081 3031 2993 2330 1266 2602 1177 3196 1511 1845 1225 2728 4437 1067 1157 3670 2996 974 829 3811 778 698 364 4033 663 817 990 316 659 3922 889 643 1654 4301 257 3448 1426 246 471 207 1042 2044 2879 546 133 281 1210 1711 2212 1299 4155 1122 1957 174 884 2901 3128 432 1267 3557 3220 187 3387 17 1770 85 124 1492 818 484 581 1455 107 2445 2946 877 376 2213 2240 1079 4285 3274 2600 578 62 1747 289 4358 314 2318 951 4005 635 1971 2806 851 735 1409 1072 61 377 525 928 589 3773 403 1414 1444 473 1484 1504 1328 991 2339 1567 1585 1011 1685 1691 1697 2866 3413 1728 3744 2396 1215 2563 2431 1757 94 1779 787 1798 3149 1801 1496 1833 989 652 1326 2000 2211 1874 1534 2208 3017 2006 2063 2230 4161 3824 454 2139 2157 4009 1987 2324 806 2491 2183 193 2215 4277 2255 2262 627 2312 2351 2112 2449 429 2451 2534 2553 3908 2560 212 2571 2738 3591 2580 3955 2607 2271 2608 1269 932 2617 2632 1618 2966 2711 1377 2725 2836 1490 2838 2861 2928 
p size: 250
objective: 381675.192956398474053
sum (dij * xij) 
demand/capacity: 224395.000000000000000/280500
Solution is Feasible
Time elapsed: 1351.921542455999997s
Comparing Best Bounds: 
Old Best Bound: 378293.280598382407334
New Best Bound: 378293.280598382407334
 ------------------------------------ 

Iteration Post-Optimization: 2
Size of neighborhood: 1
Problem type: CPMP
Value of p: 250
Number of facilities: 4461
Number of customers: 4461
Weighted Objective Function: false
Capacity Model: true
Binary Model: true
Cover Model: false
[INFO] Adding Objective Function 
SUM (dij * xij)
[INFO] Adding Demand Satisfied Constraints 
[INFO] Adding p Locations Constraints 
[INFO] Adding Max Capacity Constraints 
[INFO] Adding Max Distance Constraints 
Threshold Distance: 271.670756615429639
[INFO] Adding Max Neighbors Constraints from Solution
Max Neighbors from solution: 1
[INFO] Adding MIP start solution
Gap Cplex Reports: gap_Bin_service_fnl4461_0250_p_250_EXACT_CPMP_BIN.csv
Generating reports cplex callbacks...Using BreakCallback...
Version identifier: 12.10.0.0 | 2019-11-26 | 843d4de
CPXPARAM_TimeLimit                               103.078457544
CPXPARAM_MIP_Tolerances_LowerCutoff              378293.28059838241
Warning:  No solution found from 2 MIP starts.
Retaining values of one MIP start for possible repair.

Root node processing (before b&c):
  Real time             =  119.13 sec. (10088.50 ticks)
Parallel b&c, 32 threads:
  Real time             =    0.00 sec. (0.00 ticks)
  Sync time (average)   =    0.00 sec.
  Wait time (average)   =    0.00 sec.
                          ------------
Total (root+branch&cut) =  119.13 sec. (10088.50 ticks)
Solution status = Unknown
ERROR: CPLEX Error  1217: No solution exists.


Error get solution cap
Post-Optimization Solution: 
p locations: 
p size: 0
objective: 0.000000000000000
srun: error: gaia: task 0: Segmentation fault (core dumped)
