Debug: configOverride contents: IsWeighted_ObjFunc add_break_callback add_generate_reports add_threshold_distance_rssv bw_multiplier capacities cover_mode coverages cust_max_id distance_matrix loc_max_id max_ite_subprob_rssv method method_post_opt method_rssv_fp method_rssv_sp output p seed service size_subproblems_rssv subarea threads time time_cplex time_subprob_rssv weights 
Loading instance...
Scanning input data...
Distance matrix dimensions: 4462 x 4462 = 19909444
Elapsed time: 0 ms

Loading weights...
Skipped line: customer weight coord_x coord_y
Loaded 4461 weights
Loaded 4461 coordinates
Total customer demand: 224395.00
Elapsed time: 47 ms

Loading capacities...
Skipped line: location capacity coord_x coord_y
Loaded 4461 capacities
Loaded 4461 coordinates
Elapsed time: 45 ms

Loading distance matrix...
Computing euclidian distances...
bw multiplier: 0.50
Loaded 19904982 distances
dists stdev: 954.33
bandwidth h: 17.53
locations: 4461
customers: 4461
p: 250
Elapsed time: 354 ms

[INFO] Instance loaded
loc_max_id: 4461
loc_cnt: 4461
service: fnl4461_0250
cust_max_id: 4461
cust_cnt: 4461
unweighted obj function
p: 250
total_demand: 224395.00


-------------------------------------------------


-------------------------------------------------
RSSV heuristic 
-------------------------------------------------
method subproblems: TB_PMP
method final problem: EXACT_CPMP_BIN
-------------------------------------------------
RSSV running...
cPMP size (N): 4461
sub-cPMP size (n): 1784
Subproblems cnt (M): 12
p: 250
Seed: 24
Time limit for subproblems: 300.00

thread cnt: 20

Thread 1 created with seed 25
Thread 2 created with seed 26
Thread 3 created with seed 27
Thread 4 created with seed 28
Thread 5 created with seed 29
Solving sub-PMP 1/12...
Solving sub-PMP 3/12...
Solving sub-PMP 2/12...
Thread 6 created with seed 30
Solving sub-PMP 4/12...
Solving sub-PMP 5/12...
Thread 7 created with seed 31
Thread 8 created with seed 32
Solving sub-PMP 6/12...
Solving sub-PMP 7/12...
Thread 9 created with seed 33
Thread 10 created with seed 34
Solving sub-PMP 8/12...
Thread 11 created with seed 35
Solving sub-PMP 9/12...
Solving sub-PMP 10/12...
Thread 12 created with seed 36
Solving sub-PMP 11/12...
Solving sub-PMP 12/12...
uncapacitated TB started
uncapacitated TB started
uncapacitated TB started
uncapacitated TB started
uncapacitated TB started
uncapacitated TB started
uncapacitated TB started
uncapacitated TB started
uncapacitated TB started
uncapacitated TB started
uncapacitated TB started
uncapacitated TB started
[INFO] Uncapacitated TB local search started
[INFO] Uncapacitated TB local search started
[INFO] Uncapacitated TB local search started
[INFO] Uncapacitated TB local search started
[INFO] Uncapacitated TB local search started
[INFO] Uncapacitated TB local search started
[INFO] Uncapacitated TB local search started
[INFO] Uncapacitated TB local search started
[INFO] Uncapacitated TB local search started
[INFO] Uncapacitated TB local search started
[INFO] Uncapacitated TB local search started
[INFO] Uncapacitated TB local search started

[INFO] Time limit reached. Stopping the algorithm.
TB elapsed time: 300.00 seconds
Num ite total uncapacited TB: 36
tb solution is feasible

[INFO] Time limit reached. Stopping the algorithm.
TB elapsed time: 300.00 seconds
Num ite total uncapacited TB: 35
tb solution is feasible

[INFO] Time limit reached. Stopping the algorithm.
TB elapsed time: 300.00 seconds
Num ite total uncapacited TB: 24
tb solution is feasible

[INFO] Time limit reached. Stopping the algorithm.
TB elapsed time: 300.00 seconds
Num ite total uncapacited TB: 38
tb solution is feasible

[INFO] Time limit reached. Stopping the algorithm.
TB elapsed time: 300.01 seconds
Num ite total uncapacited TB: 46
tb solution is feasible

[INFO] Time limit reached. Stopping the algorithm.
TB elapsed time: 300.01 seconds
Num ite total uncapacited TB: 36
tb solution is feasible

[INFO] Time limit reached. Stopping the algorithm.
TB elapsed time: 300.01 seconds
Num ite total uncapacited TB: 34
tb solution is feasible

[INFO] Time limit reached. Stopping the algorithm.
TB elapsed time: 300.01 seconds
Num ite total uncapacited TB: 31
tb solution is feasible

[INFO] Time limit reached. Stopping the algorithm.
TB elapsed time: 300.01 seconds
Num ite total uncapacited TB: 28
tb solution is feasible

[INFO] Time limit reached. Stopping the algorithm.
TB elapsed time: 300.01 seconds
Num ite total uncapacited TB: 35
tb solution is feasible

[INFO] Time limit reached. Stopping the algorithm.
TB elapsed time: 300.01 seconds
Num ite total uncapacited TB: 39
tb solution is feasible

[INFO] Time limit reached. Stopping the algorithm.
TB elapsed time: 300.01 seconds
Num ite total uncapacited TB: 38
tb solution is feasible
[INFO] All subproblems solved.

Elapsed time: 300909 ms


Stats: 
Max dist: 426.10
Min dist: 0.00
avg of Avg dists: 97.09
avg Std dev dist: 57.04

First 1784 voting weights (sorted): 2034(4.39) 3578(4.00) 3580(4.00) 453(4.00) 1907(4.00) 633(4.00) 1700(4.00) 3087(4.00) 2045(4.00) 987(4.00) 565(3.54) 4053(3.50) 3002(3.45) 4054(3.44) 1267(3.41) 2847(3.40) 1283(3.39) 184(3.29) 3490(3.27) 153(3.27) 2567(3.27) 504(3.26) 1042(3.26) 4260(3.21) 3723(3.20) 3195(3.18) 1630(3.13) 1638(3.11) 1660(3.11) 1815(3.09) 1413(3.08) 928(3.07) 2933(3.07) 1203(3.06) 1208(3.06) 1172(3.06) 2321(3.05) 3952(3.05) 3654(3.05) 702(3.04) 338(3.04) 3781(3.04) 1610(3.04) 19(3.04) 2440(3.03) 3020(3.03) 3437(3.03) 3576(3.00) 872(3.00) 3635(3.00) 2235(3.00) 2050(3.00) 2254(3.00) 1028(3.00) 841(3.00) 4096(3.00) 107(3.00) 2083(3.00) 3456(3.00) 2106(3.00) 3115(3.00) 4148(3.00) 94(3.00) 995(3.00) 3098(3.00) 1173(3.00) 3465(3.00) 1033(3.00) 2501(3.00) 2145(3.00) 4092(3.00) 3681(3.00) 1861(3.00) 270(3.00) 1265(3.00) 1058(3.00) 3339(3.00) 1500(3.00) 306(3.00) 1804(3.00) 3809(3.00) 965(3.00) 1432(3.00) 1268(3.00) 3190(3.00) 3293(3.00) 722(3.00) 3748(3.00) 1659(3.00) 1651(3.00) 1634(3.00) 3215(3.00) 1747(3.00) 1462(3.00) 2038(3.00) 984(3.00) 1455(3.00) 2629(3.00) 2588(3.00) 2653(3.00) 2660(3.00) 2671(3.00) 2675(3.00) 1048(3.00) 2688(3.00) 1937(3.00) 3038(3.00) 597(2.81) 1300(2.81) 1434(2.74) 3040(2.72) 3908(2.72) 1400(2.67) 3017(2.63) 2094(2.56) 3685(2.54) 3684(2.54) 2681(2.52) 2996(2.49) 551(2.49) 2274(2.46) 3171(2.45) 3043(2.44) 3891(2.44) 1409(2.41) 626(2.37) 662(2.37) 563(2.36) 1428(2.34) 1205(2.34) 2366(2.27) 1895(2.27) 4214(2.27) 2125(2.27) 2263(2.27) 2913(2.27) 2275(2.27) 4291(2.26) 1129(2.26) 665(2.26) 394(2.25) 3280(2.25) 3885(2.25) 3901(2.24) 1039(2.24) 3869(2.22) 486(2.22) 858(2.22) 2463(2.22) 425(2.22) 309(2.21) 959(2.21) 2071(2.21) 3414(2.21) 335(2.21) 1045(2.20) 2122(2.20) 3816(2.20) 1668(2.19) 624(2.18) 3235(2.18) 2952(2.18) 450(2.18) 2753(2.18) 108(2.18) 605(2.18) 2178(2.18) 3066(2.18) 1549(2.18) 102(2.18) 293(2.18) 1807(2.18) 3714(2.17) 540(2.17) 4269(2.16) 1636(2.16) 1602(2.16) 3461(2.16) 201(2.15) 244(2.14) 3649(2.14) 1766(2.13) 20(2.13) 26(2.13) 3055(2.13) 2849(2.13) 2876(2.13) 3090(2.13) 3104(2.13) 3138(2.13) 729(2.13) 3959(2.11) 218(2.11) 2075(2.11) 4394(2.11) 2903(2.11) 280(2.11) 4395(2.11) 2901(2.11) 393(2.11) 283(2.11) 1224(2.11) 249(2.10) 3627(2.10) 4230(2.09) 4253(2.09) 3265(2.08) 47(2.07) 4072(2.07) 985(2.07) 43(2.07) 2670(2.07) 1856(2.07) 1957(2.07) 797(2.07) 4381(2.07) 225(2.07) 4403(2.07) 1789(2.07) 412(2.07) 2700(2.07) 4359(2.07) 4099(2.07) 1674(2.07) 3575(2.07) 3589(2.07) 1613(2.07) 3737(2.07) 2513(2.07) 2531(2.07) 320(2.06) 71(2.06) 1670(2.06) 2543(2.06) 750(2.06) 1685(2.06) 3169(2.06) 1157(2.06) 156(2.06) 3189(2.05) 4284(2.05) 2309(2.05) 4090(2.05) 3757(2.05) 1890(2.05) 2559(2.05) 2504(2.05) 1667(2.05) 964(2.05) 205(2.05) 3844(2.05) 3350(2.05) 3776(2.05) 1066(2.05) 3026(2.05) 3976(2.04) 3476(2.04) 3593(2.04) 1560(2.04) 1520(2.04) 3574(2.04) 4151(2.04) 2586(2.04) 4110(2.04) 2072(2.04) 2334(2.04) 3386(2.04) 943(2.04) 2052(2.04) 1833(2.04) 4143(2.04) 3732(2.04) 2245(2.04) 4138(2.04) 802(2.04) 2877(2.04) 970(2.03) 2356(2.03) 4304(2.03) 2401(2.03) 1022(2.03) 3615(2.03) 3709(2.03) 2127(2.03) 1964(2.03) 1749(2.03) 4189(2.03) 2669(2.03) 4133(2.00) 99(2.00) 3499(2.00) 4139(2.00) 4140(2.00) 1842(2.00) 2495(2.00) 3262(2.00) 668(2.00) 1847(2.00) 1331(2.00) 1871(2.00) 3672(2.00) 3847(2.00) 1199(2.00) 1865(2.00) 3481(2.00) 1465(2.00) 1864(2.00) 2461(2.00) 1886(2.00) 3827(2.00) 2465(2.00) 126(2.00) 835(2.00) 3473(2.00) 1385(2.00) 1387(2.00) 3861(2.00) 1891(2.00) 349(2.00) 1449(2.00) 4119(2.00) 3468(2.00) 4401(2.00) 2608(2.00) 4187(2.00) 4190(2.00) 1063(2.00) 1790(2.00) 61(2.00) 2625(2.00) 3039(2.00) 2632(2.00) 2635(2.00) 2636(2.00) 3423(2.00) 4204(2.00) 72(2.00) 2407(2.00) 1427(2.00) 4385(2.00) 4221(2.00) 3400(2.00) 4224(2.00) 3032(2.00) 3031(2.00) 3397(2.00) 1476(2.00) 1768(2.00) 3393(2.00) 1764(2.00) 1762(2.00) 4233(2.00) 1365(2.00) 1779(2.00) 3062(2.00) 3929(2.00) 2525(2.00) 2526(2.00) 1832(2.00) 1831(2.00) 86(2.00) 3271(2.00) 2535(2.00) 991(2.00) 3687(2.00) 2545(2.00) 4156(2.00) 29(2.00) 28(2.00) 4186(2.00) 2555(2.00) 25(2.00) 1495(2.00) 3450(2.00) 2575(2.00) 4175(2.00) 1814(2.00) 2585(2.00) 2590(2.00) 3441(2.00) 903(2.00) 2598(2.00) 46(2.00) 817(2.00) 1109(2.00) 824(2.00) 3253(2.00) 2028(2.00) 529(2.00) 2152(2.00) 2153(2.00) 527(2.00) 2159(2.00) 2026(2.00) 2161(2.00) 2024(2.00) 521(2.00) 3916(2.00) 3255(2.00) 519(2.00) 2172(2.00) 3666(2.00) 3145(2.00) 3577(2.00) 496(2.00) 3987(2.00) 1026(2.00) 852(2.00) 3111(2.00) 1158(2.00) 510(2.00) 2188(2.00) 3144(2.00) 3975(2.00) 2181(2.00) 1307(2.00) 2020(2.00) 2174(2.00) 2191(2.00) 584(2.00) 579(2.00) 577(2.00) 3934(2.00) 1142(2.00) 575(2.00) 3935(2.00) 3248(2.00) 2085(2.00) 3938(2.00) 3624(2.00) 569(2.00) 587(2.00) 1145(2.00) 3942(2.00) 2144(2.00) 2031(2.00) 2032(2.00) 3956(2.00) 1035(2.00) 4418(2.00) 2039(2.00) 595(2.00) 942(2.00) 2041(2.00) 2113(2.00) 3125(2.00) 3244(2.00) 3609(2.00) 560(2.00) 592(2.00) 2049(2.00) 554(2.00) 422(2.00) 636(2.00) 3535(2.00) 1181(2.00) 3230(2.00) 1396(2.00) 1452(2.00) 1941(2.00) 641(2.00) 4062(2.00) 1050(2.00) 3162(2.00) 643(2.00) 645(2.00) 3526(2.00) 876(2.00) 3502(2.00) 895(2.00) 2399(2.00) 358(2.00) 360(2.00) 3667(2.00) 658(2.00) 1014(2.00) 656(2.00) 655(2.00) 1532(2.00) 379(2.00) 2373(2.00) 3878(2.00) 392(2.00) 1304(2.00) 3082(2.00) 3554(2.00) 1046(2.00) 883(2.00) 1979(2.00) 3151(2.00) 2244(2.00) 2243(2.00) 428(2.00) 3558(2.00) 944(2.00) 618(2.00) 2230(2.00) 4011(2.00) 1023(2.00) 3997(2.00) 3996(2.00) 3555(2.00) 632(2.00) 2298(2.00) 2293(2.00) 440(2.00) 3156(2.00) 2284(2.00) 3896(2.00) 2258(2.00) 1175(2.00) 3549(2.00) 2277(2.00) 847(2.00) 1397(2.00) 1133(2.00) 3257(2.00) 3552(2.00) 1176(2.00) 237(2.00) 235(2.00) 1834(2.00) 304(2.00) 4451(2.00) 3000(2.00) 3291(2.00) 1097(2.00) 2850(2.00) 950(2.00) 4316(2.00) 315(2.00) 1354(2.00) 789(2.00) 2862(2.00) 1539(2.00) 224(2.00) 2864(2.00) 1272(2.00) 4326(2.00) 2727(2.00) 1673(2.00) 326(2.00) 2725(2.00) 1672(2.00) 2873(2.00) 2879(2.00) 1277(2.00) 1278(2.00) 2723(2.00) 3214(2.00) 321(2.00) 247(2.00) 4380(2.00) 1254(2.00) 3018(2.00) 2755(2.00) 4271(2.00) 1547(2.00) 251(2.00) 3012(2.00) 261(2.00) 2774(2.00) 2775(2.00) 4278(2.00) 4256(2.00) 1092(2.00) 2835(2.00) 2830(2.00) 3762(2.00) 4302(2.00) 3006(2.00) 1543(2.00) 3191(2.00) 2818(2.00) 3771(2.00) 2806(2.00) 1559(2.00) 2796(2.00) 4281(2.00) 2743(2.00) 1091(2.00) 1552(2.00) 1716(2.00) 1735(2.00) 2932(2.00) 1641(2.00) 2936(2.00) 3726(2.00) 912(2.00) 2709(2.00) 2940(2.00) 3203(2.00) 2944(2.00) 2706(2.00) 1632(2.00) 3740(2.00) 3704(2.00) 4357(2.00) 1644(2.00) 1752(2.00) 758(2.00) 3380(2.00) 4360(2.00) 954(2.00) 2966(2.00) 3734(2.00) 1754(2.00) 198(2.00) 3783(2.00) 3381(2.00) 1617(2.00) 1616(2.00) 2979(2.00) 757(2.00) 2718(2.00) 4368(2.00) 2904(2.00) 4369(2.00) 4453(2.00) 1350(2.00) 2906(2.00) 2714(2.00) 1281(2.00) 2910(2.00) 2898(2.00) 1435(2.00) 1487(2.00) 709(2.00) 4455(2.00) 1655(2.00) 2917(2.00) 2919(2.00) 726(2.00) 727(2.00) 920(2.00) 1285(2.00) 1650(2.00) 2982(2.00) 2887(2.00) 4336(2.00) 59(1.99) 536(1.97) 3016(1.97) 57(1.89) 2010(1.83) 2564(1.81) 155(1.81) 3525(1.81) 546(1.76) 532(1.76) 2313(1.75) 2758(1.74) 2056(1.73) 1982(1.70) 1082(1.66) 208(1.65) 4279(1.63) 1920(1.62) 1234(1.61) 3750(1.59) 2832(1.58) 2874(1.58) 2295(1.58) 1096(1.56) 1960(1.56) 1823(1.56) 1837(1.56) 3174(1.55) 2365(1.54) 4213(1.54) 3173(1.54) 2239(1.54) 2267(1.54) 2911(1.54) 2124(1.54) 1534(1.52) 2770(1.52) 433(1.52) 1519(1.52) 419(1.52) 150(1.51) 4286(1.49) 4010(1.49) 1084(1.49) 4021(1.49) 3905(1.47) 1036(1.47) 1165(1.47) 312(1.45) 1643(1.44) 69(1.44) 3707(1.44) 1111(1.42) 330(1.42) 1000(1.42) 2109(1.42) 517(1.42) 3445(1.42) 3864(1.42) 2098(1.39) 3803(1.39) 471(1.37) 2147(1.37) 3249(1.37) 2731(1.37) 827(1.37) 594(1.37) 104(1.37) 586(1.37) 2976(1.37) 952(1.37) 271(1.37) 694(1.37) 1518(1.37) 3141(1.37) 3879(1.37) 114(1.37) 3108(1.37) 2474(1.37) 1394(1.34) 1418(1.34) 3699(1.34) 3314(1.34) 4131(1.34) 4132(1.34) 167(1.34) 1514(1.32) 721(1.31) 364(1.31) 151(1.30) 2312(1.29) 4367(1.28) 614(1.27) 615(1.27) 1164(1.27) 698(1.27) 2002(1.27) 1510(1.27) 4039(1.27) 284(1.27) 441(1.27) 2037(1.27) 415(1.27) 1625(1.27) 341(1.27) 1191(1.27) 256(1.27) 4063(1.27) 1167(1.27) 1628(1.27) 1598(1.27) 1600(1.27) 1226(1.27) 243(1.27) 701(1.27) 1162(1.27) 286(1.27) 4377(1.26) 1993(1.26) 888(1.25) 1525(1.25) 4034(1.25) 1126(1.24) 3931(1.23) 4392(1.23) 762(1.22) 2964(1.22) 3388(1.22) 213(1.22) 4387(1.22) 3669(1.21) 227(1.21) 1459(1.21) 1443(1.21) 1553(1.21) 3100(1.21) 133(1.21) 3132(1.21) 137(1.21) 1140(1.21) 1159(1.21) 1004(1.21) 1266(1.21) 982(1.21) 1244(1.21) 185(1.20) 1121(1.20) 207(1.20) 3689(1.20) 3621(1.20) 3638(1.20) 24(1.20) 3701(1.20) 21(1.20) 1168(1.19) 1136(1.19) 1236(1.19) 3653(1.19) 2538(1.18) 4331(1.18) 986(1.18) 1620(1.18) 1398(1.18) 821(1.18) 409(1.18) 1429(1.18) 1146(1.18) 4335(1.18) 3346(1.18) 429(1.18) 799(1.18) 131(1.18) 2552(1.18) 1605(1.18) 124(1.18) 2141(1.18) 3084(1.18) 2030(1.18) 3920(1.18) 705(1.18) 3950(1.18) 4093(1.18) 938(1.18) 3081(1.18) 4071(1.18) 3099(1.18) 3050(1.18) 3918(1.18) 3890(1.18) 2345(1.18) 2123(1.18) 3886(1.18) 2053(1.18) 4003(1.18) 3966(1.18) 2740(1.18) 4390(1.18) 3325(1.17) 18(1.17) 22(1.17) 3307(1.17) 2318(1.16) 3947(1.16) 2323(1.15) 1359(1.15) 1315(1.15) 4391(1.15) 1996(1.15) 635(1.15) 1893(1.15) 953(1.15) 839(1.15) 2708(1.15) 4098(1.15) 1778(1.15) 31(1.15) 2266(1.15) 2043(1.15) 3722(1.14) 3688(1.14) 2007(1.13) 337(1.13) 3780(1.13) 300(1.13) 2579(1.13) 1708(1.13) 3140(1.13) 1724(1.13) 783(1.13) 60(1.13) 170(1.13) 204(1.13) 4408(1.13) 1002(1.13) 396(1.12) 1458(1.12) 1681(1.11) 2610(1.11) 2918(1.11) 1721(1.11) 3670(1.11) 17(1.11) 1633(1.11) 2787(1.11) 1929(1.11) 2561(1.11) 4283(1.11) 223(1.11) 681(1.11) 4088(1.11) 2500(1.11) 967(1.11) 3756(1.11) 3143(1.11) 1722(1.11) 1936(1.11) 1955(1.11) 2055(1.11) 3735(1.11) 3841(1.11) 1298(1.11) 1061(1.11) 4060(1.11) 3406(1.11) 3021(1.11) 2418(1.10) 3071(1.10) 2984(1.10) 3417(1.10) 1115(1.10) 1258(1.10) 461(1.09) 1348(1.09) 3933(1.09) 3488(1.09) 3911(1.09) 258(1.09) 2846(1.09) 1998(1.09) 3604(1.08) 35(1.08) 1352(1.08) 3973(1.08) 1470(1.08) 1517(1.08) 3881(1.08) 3800(1.08) 1665(1.08) 1688(1.07) 2076(1.07) 3925(1.07) 1538(1.07) 3986(1.07) 3899(1.07) 3703(1.07) 2190(1.07) 3745(1.07) 216(1.07) 4388(1.07) 3328(1.07) 2114(1.07) 1161(1.07) 1286(1.07) 3424(1.07) 2234(1.07) 4415(1.07) 3958(1.07) 2638(1.07) 3358(1.07) 1127(1.07) 3871(1.07) 3260(1.07) 2306(1.07) 10(1.07) 2605(1.07) 439(1.07) 417(1.07) 2289(1.07) 3848(1.07) 285(1.07) 4396(1.07) 1946(1.07) 13(1.07) 3227(1.07) 3715(1.07) 3454(1.07) 1566(1.07) 3785(1.07) 790(1.07) 2355(1.07) 3812(1.07) 311(1.07) 2317(1.07) 4135(1.07) 4341(1.07) 2640(1.07) 4120(1.07) 2066(1.07) 3330(1.07) 913(1.07) 3559(1.07) 4159(1.07) 1852(1.07) 3747(1.07) 2517(1.07) 1863(1.07) 754(1.07) 2890(1.07) 4106(1.07) 1860(1.07) 3696(1.07) 2342(1.07) 2350(1.07) 4282(1.07) 969(1.07) 3668(1.07) 988(1.07) 4210(1.07) 1990(1.07) 1726(1.07) 53(1.07) 2721(1.07) 2069(1.07) 3349(1.06) 653(1.06) 301(1.06) 1873(1.06) 3226(1.06) 678(1.06) 929(1.06) 4033(1.06) 2516(1.06) 322(1.06) 1836(1.06) 3396(1.06) 4058(1.06) 4059(1.06) 3254(1.06) 887(1.06) 2477(1.06) 1767(1.06) 1723(1.06) 2077(1.05) 1053(1.05) 4375(1.05) 1003(1.05) 1938(1.05) 1912(1.05) 4149(1.05) 418(1.05) 1123(1.05) 779(1.05) 2019(1.05) 2619(1.05) 2667(1.05) 4174(1.05) 781(1.05) 2491(1.05) 1051(1.05) 2487(1.05) 3910(1.05) 257(1.05) 599(1.05) 765(1.05) 1343(1.05) 2133(1.05) 598(1.05) 2786(1.05) 3478(1.05) 3471(1.05) 1264(1.05) 2180(1.05) 4343(1.05) 4407(1.05) 1784(1.05) 4327(1.05) 2167(1.05) 2827(1.05) 723(1.05) 1787(1.05) 2823(1.05) 2164(1.05) 2009(1.04) 2121(1.04) 274(1.04) 4406(1.04) 1475(1.04) 1615(1.04) 1821(1.04) 1954(1.04) 3538(1.04) 246(1.04) 1257(1.04) 1305(1.04) 2762(1.04) 4195(1.04) 4171(1.04) 1369(1.04) 3078(1.04) 3074(1.04) 1874(1.04) 2175(1.04) 2815(1.04) 1642(1.04) 2816(1.04) 3489(1.04) 2819(1.04) 1914(1.04) 4212(1.04) 4248(1.04) 1745(1.04) 3758(1.04) 4410(1.04) 3297(1.04) 4411(1.04) 3251(1.04) 372(1.04) 376(1.04) 1783(1.04) 966(1.04) 1018(1.04) 1676(1.04) 3819(1.04) 4055(1.04) 1210(1.04) 4016(1.04) 1693(1.04) 1671(1.04) 3855(1.04) 444(1.04) 1155(1.04) 3693(1.04) 859(1.04) 3273(1.04) 3258(1.04) 1640(1.04) 915(1.04) 1503(1.04) 3839(1.04) 1581(1.04) 1484(1.04) 1373(1.04) 2047(1.04) 3365(1.04) 3299(1.04) 1446(1.04) 3288(1.04) 1841(1.04) 408(1.04) 1426(1.04) 455(1.04) 3664(1.03) 650(1.03) 2011(1.03) 3897(1.03) 1629(1.03) 689(1.03) 703(1.03) 1939(1.03) 2001(1.03) 1999(1.03) 1906(1.03) 1424(1.03) 1529(1.03) 1451(1.03) 555(1.03) 2432(1.03) 2891(1.03) 324(1.03) 716(1.03) 1479(1.03) 512(1.03) 4035(1.03) 291(1.03) 2392(1.03) 276(1.03) 1407(1.03) 3510(1.03) 4070(1.03) 3469(1.03) 843(1.03) 401(1.03) 1466(1.03) 287(1.03) 3075(1.03) 4346(1.03) 3983(1.03) 2017(1.03) 3971(1.03) 3333(1.03) 3564(1.03) 1987(1.03) 2027(1.03) 1070(1.03) 1967(1.03) 3351(1.03) 2331(1.03) 2352(1.03) 3522(1.03) 1978(1.03) 2994(1.03) 4356(1.03) 3058(1.03) 1110(1.03) 3048(1.03) 3135(1.02) 236(1.01) 210(1.00) 9(1.00) 1536(1.00) 209(1.00) 820(1.00) 972(1.00) 3282(1.00) 3378(1.00) 3281(1.00) 3225(1.00) 197(1.00) 194(1.00) 976(1.00) 192(1.00) 3700(1.00) 188(1.00) 1528(1.00) 1478(1.00) 3447(1.00) 3686(1.00) 1546(1.00) 33(1.00) 1545(1.00) 1448(1.00) 242(1.00) 241(1.00) 3368(1.00) 238(1.00) 1493(1.00) 30(1.00) 211(1.00) 3371(1.00) 823(1.00) 3374(1.00) 6(1.00) 5(1.00) 222(1.00) 3706(1.00) 221(1.00) 214(1.00) 1527(1.00) 3705(1.00) 1494(1.00) 3210(1.00) 3421(1.00) 74(1.00) 67(1.00) 66(1.00) 983(1.00) 3426(1.00) 3428(1.00) 3223(1.00) 3433(1.00) 62(1.00) 808(1.00) 3222(1.00) 1506(1.00) 58(1.00) 1516(1.00) 1515(1.00) 1507(1.00) 3429(1.00) 3430(1.00) 3698(1.00) 50(1.00) 54(1.00) 1060(1.00) 1526(1.00) 3211(1.00) 809(1.00) 810(1.00) 814(1.00) 180(1.00) 3443(1.00) 1524(1.00) 909(1.00) 1523(1.00) 3694(1.00) 3420(1.00) 176(1.00) 3411(1.00) 38(1.00) 171(1.00) 801(1.00) 815(1.00) 42(1.00) 904(1.00) 3274(1.00) 168(1.00) 3435(1.00) 1522(1.00) 739(1.00) 3312(1.00) 782(1.00) 737(1.00) 734(1.00) 733(1.00) 3725(1.00) 1595(1.00) 1594(1.00) 732(1.00) 728(1.00) 3724(1.00) 3453(1.00) 3316(1.00) 784(1.00) 785(1.00) 720(1.00) 919(1.00) 3324(1.00) 918(1.00) 1587(1.00) 1439(1.00) 336(1.00) 788(1.00) 1583(1.00) 1592(1.00) 1612(1.00) 3294(1.00) 778(1.00) 776(1.00) 774(1.00) 926(1.00) 769(1.00) 3300(1.00) 766(1.00) 760(1.00) 1080(1.00) 1077(1.00) 740(1.00) 756(1.00) 1603(1.00) 3305(1.00) 3217(1.00) 3306(1.00) 749(1.00) 3308(1.00) 3309(1.00) 744(1.00) 922(1.00) 742(1.00) 921(1.00) 3310(1.00) 3304(1.00) 1564(1.00) 289(1.00) 3347(1.00) 3286(1.00) 1558(1.00) 279(1.00) 1557(1.00) 1556(1.00) 1555(1.00) 1554(1.00) 1483(1.00) 275(1.00) 333(1.00) 3712(1.00) 800(1.00) 1447(1.00) 3352(1.00) 3355(1.00) 963(1.00) 3357(1.00) 932(1.00) 263(1.00) 1548(1.00) 259(1.00) 252(1.00) 962(1.00) 327(1.00) 958(1.00) 3219(1.00) 1582(1.00) 318(1.00) 3719(1.00) 1579(1.00) 317(1.00) 314(1.00) 1578(1.00) 1576(1.00) 3336(1.00) 3345(1.00) 793(1.00) 308(1.00) 307(1.00) 3337(1.00) 3338(1.00) 1574(1.00) 299(1.00) 298(1.00) 796(1.00) 1069(1.00) 1068(1.00) 1568(1.00) 960(1.00) 310(1.00) 459(1.00) 3650(1.00) 460(1.00) 1019(1.00) 463(1.00) 620(1.00) 464(1.00) 3646(1.00) 3560(1.00) 469(1.00) 617(1.00) 3561(1.00) 828(1.00) 475(1.00) 613(1.00) 1490(1.00) 3562(1.00) 3241(1.00) 479(1.00) 3243(1.00) 481(1.00) 482(1.00) 611(1.00) 3569(1.00) 487(1.00) 473(1.00) 3531(1.00) 1461(1.00) 844(1.00) 1017(1.00) 421(1.00) 634(1.00) 3231(1.00) 424(1.00) 845(1.00) 3542(1.00) 889(1.00) 3543(1.00) 1492(1.00) 436(1.00) 443(1.00) 1047(1.00) 627(1.00) 445(1.00) 3547(1.00) 3548(1.00) 449(1.00) 945(1.00) 451(1.00) 3551(1.00) 457(1.00) 625(1.00) 631(1.00) 543(1.00) 3601(1.00) 861(1.00) 549(1.00) 862(1.00) 556(1.00) 3606(1.00) 863(1.00) 3245(1.00) 3613(1.00) 3614(1.00) 864(1.00) 489(1.00) 588(1.00) 564(1.00) 3618(1.00) 3620(1.00) 1037(1.00) 1457(1.00) 869(1.00) 3634(1.00) 580(1.00) 3633(1.00) 582(1.00) 581(1.00) 3246(1.00) 609(1.00) 3570(1.00) 493(1.00) 497(1.00) 499(1.00) 503(1.00) 509(1.00) 853(1.00) 3641(1.00) 3640(1.00) 602(1.00) 3583(1.00) 541(1.00) 1030(1.00) 3588(1.00) 600(1.00) 3591(1.00) 3592(1.00) 524(1.00) 530(1.00) 3595(1.00) 857(1.00) 3596(1.00) 537(1.00) 3600(1.00) 875(1.00) 3586(1.00) 3228(1.00) 120(1.00) 121(1.00) 688(1.00) 130(1.00) 898(1.00) 687(1.00) 132(1.00) 3482(1.00) 142(1.00) 1055(1.00) 3483(1.00) 3528(1.00) 145(1.00) 147(1.00) 1054(1.00) 148(1.00) 149(1.00) 152(1.00) 3679(1.00) 161(1.00) 680(1.00) 679(1.00) 946(1.00) 3675(1.00) 144(1.00) 706(1.00) 1059(1.00) 83(1.00) 3457(1.00) 3267(1.00) 91(1.00) 92(1.00) 93(1.00) 97(1.00) 3466(1.00) 101(1.00) 700(1.00) 119(1.00) 829(1.00) 1488(1.00) 105(1.00) 3263(1.00) 696(1.00) 106(1.00) 997(1.00) 110(1.00) 112(1.00) 113(1.00) 692(1.00) 691(1.00) 3470(1.00) 699(1.00) 657(1.00) 368(1.00) 3509(1.00) 371(1.00) 3511(1.00) 378(1.00) 1011(1.00) 651(1.00) 1463(1.00) 649(1.00) 382(1.00) 3521(1.00) 675(1.00) 386(1.00) 3659(1.00) 840(1.00) 398(1.00) 400(1.00) 402(1.00) 403(1.00) 3527(1.00) 406(1.00) 407(1.00) 842(1.00) 3656(1.00) 410(1.00) 385(1.00) 165(1.00) 3496(1.00) 342(1.00) 343(1.00) 3497(1.00) 347(1.00) 348(1.00) 351(1.00) 3500(1.00) 353(1.00) 897(1.00) 667(1.00) 367(1.00) 666(1.00) 896(1.00) 664(1.00) 663(1.00) 3504(1.00) 3229(1.00) 361(1.00) 3507(1.00) 1007(1.00) 3209(1.00) 1052(1.00) 365(1.00) 366(1.00) 354(1.00) 2577(1.00) 1225(1.00) 2582(1.00) 2584(1.00) 2587(1.00) 4177(1.00) 2592(1.00) 2593(1.00) 4178(1.00) 4180(1.00) 2596(1.00) 2326(1.00) 4182(1.00) 2601(1.00) 1229(1.00) 2604(1.00) 2607(1.00) 4188(1.00) 4192(1.00) 2615(1.00) 1231(1.00) 2620(1.00) 2621(1.00) 4196(1.00) 4181(1.00) 4146(1.00) 2527(1.00) 2528(1.00) 2529(1.00) 2532(1.00) 2536(1.00) 2537(1.00) 2541(1.00) 2542(1.00) 2544(1.00) 4155(1.00) 1219(1.00) 2576(1.00) 4161(1.00) 1221(1.00) 4162(1.00) 1222(1.00) 2560(1.00) 2562(1.00) 4164(1.00) 2566(1.00) 1223(1.00) 4172(1.00) 4173(1.00) 2574(1.00) 1375(1.00) 2694(1.00) 1245(1.00) 4238(1.00) 1361(1.00) 2699(1.00) 4239(1.00) 2702(1.00) 2703(1.00) 1360(1.00) 2707(1.00) 1248(1.00) 2711(1.00) 4201(1.00) 2713(1.00) 2715(1.00) 4242(1.00) 2719(1.00) 2720(1.00) 4244(1.00) 4246(1.00) 4249(1.00) 2729(1.00) 2732(1.00) 2733(1.00) 1250(1.00) 2712(1.00) 4202(1.00) 4203(1.00) 2634(1.00) 2641(1.00) 1233(1.00) 4206(1.00) 2644(1.00) 4209(1.00) 2649(1.00) 2651(1.00) 1370(1.00) 4215(1.00) 2693(1.00) 2658(1.00) 1237(1.00) 2661(1.00) 4218(1.00) 4223(1.00) 1239(1.00) 4226(1.00) 2677(1.00) 2680(1.00) 4236(1.00) 2689(1.00) 2690(1.00) 4216(1.00) 2377(1.00) 2378(1.00) 2380(1.00) 2382(1.00) 1392(1.00) 1188(1.00) 1189(1.00) 2389(1.00) 2390(1.00) 4080(1.00) 4081(1.00) 2394(1.00) 1216(1.00) 1193(1.00) 4083(1.00) 2402(1.00) 4085(1.00) 2406(1.00) 4087(1.00) 2411(1.00) 2414(1.00) 2417(1.00) 2419(1.00) 2420(1.00) 2421(1.00) 1391(1.00) 4049(1.00) 2328(1.00) 2329(1.00) 2332(1.00) 4056(1.00) 2339(1.00) 1395(1.00) 2344(1.00) 2346(1.00) 2348(1.00) 2349(1.00) 2351(1.00) 2376(1.00) 2357(1.00) 2358(1.00) 2360(1.00) 2362(1.00) 4065(1.00) 4066(1.00) 2367(1.00) 2368(1.00) 1185(1.00) 2370(1.00) 4069(1.00) 2375(1.00) 2353(1.00) 4112(1.00) 2470(1.00) 2472(1.00) 2473(1.00) 4115(1.00) 2478(1.00) 4116(1.00) 2480(1.00) 4117(1.00) 2482(1.00) 2484(1.00) 2486(1.00) 2422(1.00) 2489(1.00) 4121(1.00) 4122(1.00) 2497(1.00) 1384(1.00) 1380(1.00) 2512(1.00) 1378(1.00) 1214(1.00) 4142(1.00) 1215(1.00) 2521(1.00) 2488(1.00) 2425(1.00) 4094(1.00) 2428(1.00) 2429(1.00) 1200(1.00) 1201(1.00) 


Filtered 1784 locations: 2034 3578 3580 453 1907 633 1700 3087 2045 987 565 4053 3002 4054 1267 2847 1283 184 3490 153 2567 504 1042 4260 3723 3195 1630 1638 1660 1815 1413 928 2933 1203 1208 1172 2321 3952 3654 702 338 3781 1610 19 2440 3020 3437 3576 872 3635 2235 2050 2254 1028 841 4096 107 2083 3456 2106 3115 4148 94 995 3098 1173 3465 1033 2501 2145 4092 3681 1861 270 1265 1058 3339 1500 306 1804 3809 965 1432 1268 3190 3293 722 3748 1659 1651 1634 3215 1747 1462 2038 984 1455 2629 2588 2653 2660 2671 2675 1048 2688 1937 3038 597 1300 1434 3040 3908 1400 3017 2094 3685 3684 2681 2996 551 2274 3171 3043 3891 1409 626 662 563 1428 1205 2366 1895 4214 2125 2263 2913 2275 4291 1129 665 394 3280 3885 3901 1039 3869 486 858 2463 425 309 959 2071 3414 335 1045 2122 3816 1668 624 3235 2952 450 2753 108 605 2178 3066 1549 102 293 1807 3714 540 4269 1636 1602 3461 201 244 3649 1766 20 26 3055 2849 2876 3090 3104 3138 729 3959 218 2075 4394 2903 280 4395 2901 393 283 1224 249 3627 4230 4253 3265 47 4072 985 43 2670 1856 1957 797 4381 225 4403 1789 412 2700 4359 4099 1674 3575 3589 1613 3737 2513 2531 320 71 1670 2543 750 1685 3169 1157 156 3189 4284 2309 4090 3757 1890 2559 2504 1667 964 205 3844 3350 3776 1066 3026 3976 3476 3593 1560 1520 3574 4151 2586 4110 2072 2334 3386 943 2052 1833 4143 3732 2245 4138 802 2877 970 2356 4304 2401 1022 3615 3709 2127 1964 1749 4189 2669 4133 99 3499 4139 4140 1842 2495 3262 668 1847 1331 1871 3672 3847 1199 1865 3481 1465 1864 2461 1886 3827 2465 126 835 3473 1385 1387 3861 1891 349 1449 4119 3468 4401 2608 4187 4190 1063 1790 61 2625 3039 2632 2635 2636 3423 4204 72 2407 1427 4385 4221 3400 4224 3032 3031 3397 1476 1768 3393 1764 1762 4233 1365 1779 3062 3929 2525 2526 1832 1831 86 3271 2535 991 3687 2545 4156 29 28 4186 2555 25 1495 3450 2575 4175 1814 2585 2590 3441 903 2598 46 817 1109 824 3253 2028 529 2152 2153 527 2159 2026 2161 2024 521 3916 3255 519 2172 3666 3145 3577 496 3987 1026 852 3111 1158 510 2188 3144 3975 2181 1307 2020 2174 2191 584 579 577 3934 1142 575 3935 3248 2085 3938 3624 569 587 1145 3942 2144 2031 2032 3956 1035 4418 2039 595 942 2041 2113 3125 3244 3609 560 592 2049 554 422 636 3535 1181 3230 1396 1452 1941 641 4062 1050 3162 643 645 3526 876 3502 895 2399 358 360 3667 658 1014 656 655 1532 379 2373 3878 392 1304 3082 3554 1046 883 1979 3151 2244 2243 428 3558 944 618 2230 4011 1023 3997 3996 3555 632 2298 2293 440 3156 2284 3896 2258 1175 3549 2277 847 1397 1133 3257 3552 1176 237 235 1834 304 4451 3000 3291 1097 2850 950 4316 315 1354 789 2862 1539 224 2864 1272 4326 2727 1673 326 2725 1672 2873 2879 1277 1278 2723 3214 321 247 4380 1254 3018 2755 4271 1547 251 3012 261 2774 2775 4278 4256 1092 2835 2830 3762 4302 3006 1543 3191 2818 3771 2806 1559 2796 4281 2743 1091 1552 1716 1735 2932 1641 2936 3726 912 2709 2940 3203 2944 2706 1632 3740 3704 4357 1644 1752 758 3380 4360 954 2966 3734 1754 198 3783 3381 1617 1616 2979 757 2718 4368 2904 4369 4453 1350 2906 2714 1281 2910 2898 1435 1487 709 4455 1655 2917 2919 726 727 920 1285 1650 2982 2887 4336 59 536 3016 57 2010 2564 155 3525 546 532 2313 2758 2056 1982 1082 208 4279 1920 1234 3750 2832 2874 2295 1096 1960 1823 1837 3174 2365 4213 3173 2239 2267 2911 2124 1534 2770 433 1519 419 150 4286 4010 1084 4021 3905 1036 1165 312 1643 69 3707 1111 330 1000 2109 517 3445 3864 2098 3803 471 2147 3249 2731 827 594 104 586 2976 952 271 694 1518 3141 3879 114 3108 2474 1394 1418 3699 3314 4131 4132 167 1514 721 364 151 2312 4367 614 615 1164 698 2002 1510 4039 284 441 2037 415 1625 341 1191 256 4063 1167 1628 1598 1600 1226 243 701 1162 286 4377 1993 888 1525 4034 1126 3931 4392 762 2964 3388 213 4387 3669 227 1459 1443 1553 3100 133 3132 137 1140 1159 1004 1266 982 1244 185 1121 207 3689 3621 3638 24 3701 21 1168 1136 1236 3653 2538 4331 986 1620 1398 821 409 1429 1146 4335 3346 429 799 131 2552 1605 124 2141 3084 2030 3920 705 3950 4093 938 3081 4071 3099 3050 3918 3890 2345 2123 3886 2053 4003 3966 2740 4390 3325 18 22 3307 2318 3947 2323 1359 1315 4391 1996 635 1893 953 839 2708 4098 1778 31 2266 2043 3722 3688 2007 337 3780 300 2579 1708 3140 1724 783 60 170 204 4408 1002 396 1458 1681 2610 2918 1721 3670 17 1633 2787 1929 2561 4283 223 681 4088 2500 967 3756 3143 1722 1936 1955 2055 3735 3841 1298 1061 4060 3406 3021 2418 3071 2984 3417 1115 1258 461 1348 3933 3488 3911 258 2846 1998 3604 35 1352 3973 1470 1517 3881 3800 1665 1688 2076 3925 1538 3986 3899 3703 2190 3745 216 4388 3328 2114 1161 1286 3424 2234 4415 3958 2638 3358 1127 3871 3260 2306 10 2605 439 417 2289 3848 285 4396 1946 13 3227 3715 3454 1566 3785 790 2355 3812 311 2317 4135 4341 2640 4120 2066 3330 913 3559 4159 1852 3747 2517 1863 754 2890 4106 1860 3696 2342 2350 4282 969 3668 988 4210 1990 1726 53 2721 2069 3349 653 301 1873 3226 678 929 4033 2516 322 1836 3396 4058 4059 3254 887 2477 1767 1723 2077 1053 4375 1003 1938 1912 4149 418 1123 779 2019 2619 2667 4174 781 2491 1051 2487 3910 257 599 765 1343 2133 598 2786 3478 3471 1264 2180 4343 4407 1784 4327 2167 2827 723 1787 2823 2164 2009 2121 274 4406 1475 1615 1821 1954 3538 246 1257 1305 2762 4195 4171 1369 3078 3074 1874 2175 2815 1642 2816 3489 2819 1914 4212 4248 1745 3758 4410 3297 4411 3251 372 376 1783 966 1018 1676 3819 4055 1210 4016 1693 1671 3855 444 1155 3693 859 3273 3258 1640 915 1503 3839 1581 1484 1373 2047 3365 3299 1446 3288 1841 408 1426 455 3664 650 2011 3897 1629 689 703 1939 2001 1999 1906 1424 1529 1451 555 2432 2891 324 716 1479 512 4035 291 2392 276 1407 3510 4070 3469 843 401 1466 287 3075 4346 3983 2017 3971 3333 3564 1987 2027 1070 1967 3351 2331 2352 3522 1978 2994 4356 3058 1110 3048 3135 236 210 9 1536 209 820 972 3282 3378 3281 3225 197 194 976 192 3700 188 1528 1478 3447 3686 1546 33 1545 1448 242 241 3368 238 1493 30 211 3371 823 3374 6 5 222 3706 221 214 1527 3705 1494 3210 3421 74 67 66 983 3426 3428 3223 3433 62 808 3222 1506 58 1516 1515 1507 3429 3430 3698 50 54 1060 1526 3211 809 810 814 180 3443 1524 909 1523 3694 3420 176 3411 38 171 801 815 42 904 3274 168 3435 1522 739 3312 782 737 734 733 3725 1595 1594 732 728 3724 3453 3316 784 785 720 919 3324 918 1587 1439 336 788 1583 1592 1612 3294 778 776 774 926 769 3300 766 760 1080 1077 740 756 1603 3305 3217 3306 749 3308 3309 744 922 742 921 3310 3304 1564 289 3347 3286 1558 279 1557 1556 1555 1554 1483 275 333 3712 800 1447 3352 3355 963 3357 932 263 1548 259 252 962 327 958 3219 1582 318 3719 1579 317 314 1578 1576 3336 3345 793 308 307 3337 3338 1574 299 298 796 1069 1068 1568 960 310 459 3650 460 1019 463 620 464 3646 3560 469 617 3561 828 475 613 1490 3562 3241 479 3243 481 482 611 3569 487 473 3531 1461 844 1017 421 634 3231 424 845 3542 889 3543 1492 436 443 1047 627 445 3547 3548 449 945 451 3551 457 625 631 543 3601 861 549 862 556 3606 863 3245 3613 3614 864 489 588 564 3618 3620 1037 1457 869 3634 580 3633 582 581 3246 609 3570 493 497 499 503 509 853 3641 3640 602 3583 541 1030 3588 600 3591 3592 524 530 3595 857 3596 537 3600 875 3586 3228 120 121 688 130 898 687 132 3482 142 1055 3483 3528 145 147 1054 148 149 152 3679 161 680 679 946 3675 144 706 1059 83 3457 3267 91 92 93 97 3466 101 700 119 829 1488 105 3263 696 106 997 110 112 113 692 691 3470 699 657 368 3509 371 3511 378 1011 651 1463 649 382 3521 675 386 3659 840 398 400 402 403 3527 406 407 842 3656 410 385 165 3496 342 343 3497 347 348 351 3500 353 897 667 367 666 896 664 663 3504 3229 361 3507 1007 3209 1052 365 366 354 2577 1225 2582 2584 2587 4177 2592 2593 4178 4180 2596 2326 4182 2601 1229 2604 2607 4188 4192 2615 1231 2620 2621 4196 4181 4146 2527 2528 2529 2532 2536 2537 2541 2542 2544 4155 1219 2576 4161 1221 4162 1222 2560 2562 4164 2566 1223 4172 4173 2574 1375 2694 1245 4238 1361 2699 4239 2702 2703 1360 2707 1248 2711 4201 2713 2715 4242 2719 2720 4244 4246 4249 2729 2732 2733 1250 2712 4202 4203 2634 2641 1233 4206 2644 4209 2649 2651 1370 4215 2693 2658 1237 2661 4218 4223 1239 4226 2677 2680 4236 2689 2690 4216 2377 2378 2380 2382 1392 1188 1189 2389 2390 4080 4081 2394 1216 1193 4083 2402 4085 2406 4087 2411 2414 2417 2419 2420 2421 1391 4049 2328 2329 2332 4056 2339 1395 2344 2346 2348 2349 2351 2376 2357 2358 2360 2362 4065 4066 2367 2368 1185 2370 4069 2375 2353 4112 2470 2472 2473 4115 2478 4116 2480 4117 2482 2484 2486 2422 2489 4121 4122 2497 1384 1380 2512 1378 1214 4142 1215 2521 2488 2425 4094 2428 2429 1200 1201 

Extracted 0 prioritized locations: 

Final instance parameters:
loc_max_id: 4461
loc_cnt: 1784
service: fnl4461_0250
cust_max_id: 4461
cust_cnt: 4461
unweighted obj function
p: 250
total_demand: 224395.00
threshold_dist: 483.15



-------------------------------------------------
Final Problem RSSV heuristic
-------------------------------------------------
    RSSV_EXACT_CPMP_BIN
-------------------------------------------------
Gap Cplex Reports: gap_Bin_service_fnl4461_0250_p_250_RSSV_EXACT_CPMP_BIN.csv
[CALLBACK] Generating reports cplex callbacks...
[CALLBACK] Using BreakCallback...
Time Limit with not improving 1.00% (gap): 300.00 seconds
Time Limit with Gap less than 1%: 180.00 seconds
Default row names c1, c2 ... being created.
Version identifier: 22.1.1.0 | 2022-11-28 | 9160aff4d
CPXPARAM_TimeLimit                               2100
Legacy callback                                  i
Tried aggregator 1 time.
MIP Presolve eliminated 7502541 rows and 7502541 columns.
Reduced MIP has 6246 rows, 457667 columns, and 915334 nonzeros.
Reduced MIP has 457667 binaries, 0 generals, 0 SOSs, and 0 indicators.
Presolve time = 10.41 sec. (6369.80 ticks)
Tried aggregator 1 time.
Detecting symmetries...
Reduced MIP has 6246 rows, 457667 columns, and 915334 nonzeros.
Reduced MIP has 457667 binaries, 0 generals, 0 SOSs, and 0 indicators.
Presolve time = 2.00 sec. (943.31 ticks)
Probing time = 2.45 sec. (99.33 ticks)
Clique table members: 460344.
MIP emphasis: balance optimality and feasibility.
MIP search method: dynamic search.
Parallel mode: deterministic, using up to 32 threads.
Root relaxation solution time = 1.06 sec. (463.08 ticks)

        Nodes                                         Cuts/
   Node  Left     Objective  IInf  Best Integer    Best Bound    ItCnt     Gap

*     0+    0                       772673.2630        0.0000           100.00%
*     0+    0                       728277.0331        0.0000           100.00%
*     0+    0                       723140.2253        0.0000           100.00%
      0     0   133951.6508  1728   723140.2253   133951.6508     1761   81.48%
Time: 54.69 seconds
MIP Gap: 0.81
Nodes: 0
Best Objective: 133951.650758928270079
Incumbent Obj:  723140.225344465114176
*     0+    0                       720747.0888   133951.6508            81.41%
*     0+    0                       720666.3914   133951.6508            81.41%
      0     0   185168.6777  3640   720666.3914    Cuts: 1661     5143   74.31%
Time: 62.462916135787964 seconds
MIP Gap: 0.743059090938107
Nodes: 0
Best Objective: 185168.677744010550668
Incumbent Obj:  720666.391428568400443
      0     0   214920.1113  5548   720666.3914    Cuts: 1661     8272   70.18%
Time: 67.672147989273071 seconds
MIP Gap: 0.701775864828194
Nodes: 0
Best Objective: 214920.111331170977792
Incumbent Obj:  720666.391428568400443
      0     0   234672.1239  7012   720666.3914    Cuts: 1661    11309   67.44%
Time: 79.271139144897461 seconds
MIP Gap: 0.674367881257289
Nodes: 0
Best Objective: 234672.123947548767319
Incumbent Obj:  720666.391428568400443
      0     0   250585.0213  8617   720666.3914    Cuts: 1661    14803   65.23%
Time: 84.739248037338257 seconds
MIP Gap: 0.652287071753959
Nodes: 0
Best Objective: 250585.021252134873066
Incumbent Obj:  720666.391428568400443
      0     0   262506.1741 10008   720666.3914    Cuts: 1661    18304   63.57%
Detecting symmetries...
Time: 95.319465160369873 seconds
MIP Gap: 0.635745225176052
Nodes: 0
Best Objective: 262506.174133000313304
Incumbent Obj:  720666.391428568400443
      0     0   272716.3863 10939   720666.3914    Cuts: 1661    22054   62.16%
Time: 108.212700128555298 seconds
MIP Gap: 0.621577487844479
Nodes: 0
Best Objective: 272716.386270452640019
Incumbent Obj:  720666.391428568400443
      0     0   281661.2327 12130   720666.3914    Cuts: 1661    26347   60.92%
Time: 128.611680984497070 seconds
MIP Gap: 0.609165577811140
Nodes: 0
Best Objective: 281661.232684915303253
Incumbent Obj:  720666.391428568400443
      0     0   289208.7035 13137   720666.3914    Cuts: 1661    30761   59.87%
Time: 157.860423088073730 seconds
MIP Gap: 0.598692672587527
Nodes: 0
Best Objective: 289208.703500189934857
Incumbent Obj:  720666.391428568400443
      0     0   295310.5392 13911   720666.3914    Cuts: 1661    34813   59.02%
Time: 189.867850065231323 seconds
MIP Gap: 0.590225737356598
Nodes: 0
Best Objective: 295310.539159522857517
Incumbent Obj:  720666.391428568400443
      0     0   300596.5089 14723   720666.3914    Cuts: 1661    39489   58.29%
Time: 220.640622138977051 seconds
MIP Gap: 0.582890901463800
Nodes: 0
Best Objective: 300596.508874106104486
Incumbent Obj:  720666.391428568400443
      0     0   305071.7850 15648   720666.3914    Cuts: 1661    44728   57.67%
*     0+    0                       491372.7891   305071.7850            37.91%
Time: 263.483344078063965 seconds
MIP Gap: 0.379143917360604
Nodes: 0
Best Objective: 305071.784950564731844
Incumbent Obj:  491372.789090891135857
      0     0   308802.9534 16083   491372.7891    Cuts: 1661    50069   37.16%
*     0+    0                       437645.9592   308802.9534            29.44%
Time: 367.659999132156372 seconds
MIP Gap: 0.294400080988073
Nodes: 0
Best Objective: 308802.953391919319984
Incumbent Obj:  437645.959234725276474
      0     0   316214.1387 17833   437645.9592    Cuts: 1661    55306   27.75%
*     0+    0                       435090.7311   316214.1387            27.32%
Time: 427.053171157836914 seconds
MIP Gap: 0.273222534800342
Nodes: 0
Best Objective: 316214.138664762314875
Incumbent Obj:  435090.731078037701081
      0     0   322035.0528 18701   435090.7311    Cuts: 1661    60707   25.98%
Time: 503.399708986282349 seconds
MIP Gap: 0.259843913471621
Nodes: 0
Best Objective: 322035.052799491735641
Incumbent Obj:  435090.731078037701081
      0     0   325995.1035 19234   435090.7311    Cuts: 1661    66483   25.07%
*     0+    0                       416311.2241   325995.1035            21.69%
Time: 620.366751194000244 seconds
MIP Gap: 0.216943755939563
Nodes: 0
Best Objective: 325995.103482341160998
Incumbent Obj:  416311.224072405835614
      0     0   329005.3093 19740   416311.2241    Cuts: 1661    77429   20.97%
*     0+    0                       413460.0359   329005.3093            20.43%
Time: 702.651030063629150 seconds
MIP Gap: 0.204263336751682
Nodes: 0
Best Objective: 329005.309322701767087
Incumbent Obj:  413460.035861175681930
      0     0   331696.3809 20443   413460.0359    Cuts: 1661    85579   19.78%
*     0+    0                       402761.9527   331696.3809            17.64%
*     0+    0                       402729.7984   331696.3809            17.64%
Time: 835.023662090301514 seconds
MIP Gap: 0.176379840142562
Nodes: 0
Best Objective: 331696.380913660745136
Incumbent Obj:  402729.798370980599429
      0     0   334057.0487 20704   402729.7984    Cuts: 1661    96731   17.05%
*     0+    0                       400746.7839   334057.0487            16.64%
*     0+    0                       390261.8392   334057.0487            14.40%
Time: 1087.913431167602539 seconds
MIP Gap: 0.144018156161873
Nodes: 0
Best Objective: 334057.048669134732336
Incumbent Obj:  390261.839166191231925
      0     0   335949.5269 21377   390261.8392    Cuts: 1661   107132   13.92%
*     0+    0                       388671.0287   335949.5269            13.56%
Time: 1233.328606128692627 seconds
MIP Gap: 0.135645566273645
Nodes: 0
Best Objective: 335949.526911910681520
Incumbent Obj:  388671.028693153755739
      0     0   337563.2127 21724   388671.0287    Cuts: 1661   119847   13.15%
*     0+    0                       388439.3277   337563.2127            13.10%
Time: 1383.353532075881958 seconds
MIP Gap: 0.130975705484992
Nodes: 0
Best Objective: 337563.212690058397129
Incumbent Obj:  388439.327669715508819
      0     0   338872.3830 22160   388439.3277    Cuts: 1661   133294   12.76%
*     0+    0                       386428.6513   338872.3830            12.31%
Time: 1521.364243984222412 seconds
MIP Gap: 0.123066103220368
Nodes: 0
Best Objective: 338872.383019749715459
Incumbent Obj:  386428.651309057720937
      0     0   339939.5678 22588   386428.6513    Cuts: 1661   145702   12.03%
*     0+    0                       386233.9208   339939.5678            11.99%
Time: 1660.207351207733154 seconds
MIP Gap: 0.119860919690449
Nodes: 0
Best Objective: 339939.567828555707820
Incumbent Obj:  386233.920790105941705
      0     0   340806.5929 22683   386233.9208    Cuts: 1661   157891   11.76%
*     0+    0                       386119.8372   340806.5929            11.74%
Time: 1796.652731180191040 seconds
MIP Gap: 0.117355390729311
Nodes: 0
Best Objective: 340806.592871480912436
Incumbent Obj:  386119.837239001994021
      0     0   341473.6308 22690   386119.8372    Cuts: 1661   169599   11.56%
*     0+    0                       382396.5448   341473.6308            10.70%
Time: 2088.994110107421875 seconds
MIP Gap: 0.107016955510854
Nodes: 0
Best Objective: 341473.630810292612296
Incumbent Obj:  382396.544836572313216
      0     0   342036.9461 22680   382396.5448    Cuts: 1661   183579   10.55%

Clique cuts applied:  11416
Cover cuts applied:  8668
Flow cuts applied:  36
Mixed integer rounding cuts applied:  7148
Zero-half cuts applied:  1131

Root node processing (before b&c):
  Real time             = 2104.58 sec. (1431064.65 ticks)
Parallel b&c, 32 threads:
  Real time             =    0.00 sec. (0.00 ticks)
  Sync time (average)   =    0.00 sec.
  Wait time (average)   =    0.00 sec.
                          ------------
Total (root+branch&cut) = 2104.58 sec. (1431064.65 ticks)
[INFO] Saving variables cplex:
./outputs/solutions/2024-08-27_LIT_seed_24/VarsValues_cplex/test_lit_fnl4461_0250_CPMP_Vars_Bin_p_250_RSSV_EXACT_CPMP_BIN.txt
[INFO] Saving results cplex: 
./outputs/solutions/2024-08-27_LIT_seed_24/Results_cplex/test_lit_fnl4461_0250_Bin_RSSV_EXACT_CPMP_BIN.csv

Final solution CPMP:
p locations: 4246 543 627 3650 1568 3526 3352 1556 3975 926 3719 3942 3274 42 720 3371 1448 2331 976 1987 2017 1529 287 869 1783 2164 1264 4096 530 3226 2069 3450 1506 1767 1470 1998 279 2984 1578 3780 3722 2266 3966 2030 1126 3420 1398 3844 1004 945 243 1598 3100 1483 3748 2123 1449 4070 3138 2640 3000 863 1439 1272 4410 1237 569 897 2919 4244 2574 2407 2098 3816 145 706 4380 3457 1787 829 2332 161 1831 657 3848 3511 3347 1999 314 651 3156 2816 4164 3490 2677 4209 1022 348 1225 1392 3229 631 965 4212 2527 3195 2542 2027 679 3225 3899 4236 2544 2377 3704 1181 2529 3203 1384 1050 1836 2847 3210 1188 2344 2702 680 1391 2339 2497 3656 2982 59 393 2429 592 4116 4115 1610 92 1762 2699 2917 579 3886 1864 3549 2077 1000 2658 1216 4249 575 2328 2996 3244 1222 2644 3482 112 3145 898 2378 2715 2634 17 691 2713 2719 2045 2329 2830 2887 3561 1716 1092 2680 321 946 4316 315 1941 104 4112 2049 2535 176 2608 3956 3609 3454 2106 3223 527 3891 521 840 2525 2024 2850 3861 1779 4284 3400 2729 3066 2918 1907 341 3885 2346 1672 3090 2125 2071 2258 4455 519 147 1832 486 2688 3732 4406 887 3920 3583 1747 2671 1223 3245 180 3618 2944 2733 4081 1385 293 13 4394 188 972 4302 365 4271 1912 2586 970 1307 99 
p size: 250
objective: 382396.544836571323685
sum (dij * xij) 
demand/capacity: 224395.000000000000000/280500
Solution is Feasible
Statistics:
Max distance: 246.337167313420252
Min distance: 0.000000000000000
Avg distance: 85.719915901495483
Std deviation distance: 42.041003072985376


Final total elapsed time: 2455s
[INFO] Saving assignment: ./outputs/solutions/2024-08-27_LIT_seed_24/Assignments/test_lit_fnl4461_0250_p_250_RSSV_EXACT_CPMP_BIN.txt
[INFO] Saving results: ./outputs/solutions/2024-08-27_LIT_seed_24/test_lit_fnl4461_0250_results_RSSV_EXACT_CPMP_BIN.csv
[INFO] Saving all results: ./outputs/solutions/test_all_results.csv
Post Optimization: EXACT_CPMP_BIN


-------------------------------------------------
Post Optimization
-------------------------------------------------
method: EXACT_CPMP_BIN
-------------------------------------------------
Time for post-optimization: 1145.000000000000000s
PostOptimization constructor
p locations: 4246 543 627 3650 1568 3526 3352 1556 3975 926 3719 3942 3274 42 720 3371 1448 2331 976 1987 2017 1529 287 869 1783 2164 1264 4096 530 3226 2069 3450 1506 1767 1470 1998 279 2984 1578 3780 3722 2266 3966 2030 1126 3420 1398 3844 1004 945 243 1598 3100 1483 3748 2123 1449 4070 3138 2640 3000 863 1439 1272 4410 1237 569 897 2919 4244 2574 2407 2098 3816 145 706 4380 3457 1787 829 2332 161 1831 657 3848 3511 3347 1999 314 651 3156 2816 4164 3490 2677 4209 1022 348 1225 1392 3229 631 965 4212 2527 3195 2542 2027 679 3225 3899 4236 2544 2377 3704 1181 2529 3203 1384 1050 1836 2847 3210 1188 2344 2702 680 1391 2339 2497 3656 2982 59 393 2429 592 4116 4115 1610 92 1762 2699 2917 579 3886 1864 3549 2077 1000 2658 1216 4249 575 2328 2996 3244 1222 2644 3482 112 3145 898 2378 2715 2634 17 691 2713 2719 2045 2329 2830 2887 3561 1716 1092 2680 321 946 4316 315 1941 104 4112 2049 2535 176 2608 3956 3609 3454 2106 3223 527 3891 521 840 2525 2024 2850 3861 1779 4284 3400 2729 3066 2918 1907 341 3885 2346 1672 3090 2125 2071 2258 4455 519 147 1832 486 2688 3732 4406 887 3920 3583 1747 2671 1223 3245 180 3618 2944 2733 4081 1385 293 13 4394 188 972 4302 365 4271 1912 2586 970 1307 99 
p size: 250
objective: 382396.544836571323685
sum (dij * xij) 
demand/capacity: 224395.000000000000000/280500
Solution is Feasible
[INFO] Running post-optimization
Time limit: 1145.000000000000000
Max size of the neigh: 16
 ------------------------------------ 

Iteration Post-Optimization: 1
Size of neighborhood: 1
[INFO] Adding MIP start solution
Gap Cplex Reports: gap_Bin_service_fnl4461_0250_p_250_RSSV_POSTOPT.csv
[CALLBACK] Generating reports cplex callbacks...
Default row names c1, c2 ... being created.
Version identifier: 22.1.1.0 | 2022-11-28 | 9160aff4d
CPXPARAM_TimeLimit                               1145
CPXPARAM_MIP_Tolerances_LowerCutoff              342036.94605433394
Legacy callback                                  i
1 of 2 MIP starts provided solutions.
MIP start 'm1' defined initial solution with objective 381726.2829.
Presolve has eliminated 19585837 rows and 19869241 columns...
Presolve has improved bounds 3961 times...
Tried aggregator 2 times.
MIP Presolve eliminated 19585837 rows and 19869241 columns.
MIP Presolve modified 5 coefficients.
Aggregator did 44 substitutions.
Reduced MIP has 5168 rows, 35697 columns, and 71894 nonzeros.
Reduced MIP has 35697 binaries, 0 generals, 0 SOSs, and 0 indicators.
Presolve time = 26.95 sec. (16856.48 ticks)
Tried aggregator 1 time.
Detecting symmetries...
Reduced MIP has 5168 rows, 35697 columns, and 71894 nonzeros.
Reduced MIP has 35697 binaries, 0 generals, 0 SOSs, and 0 indicators.
Presolve time = 0.09 sec. (49.05 ticks)
Probing time = 0.04 sec. (8.38 ticks)
Clique table members: 39908.
MIP emphasis: balance optimality and feasibility.
MIP search method: dynamic search.
Parallel mode: deterministic, using up to 32 threads.
Root relaxation solution time = 0.06 sec. (46.00 ticks)

        Nodes                                         Cuts/
   Node  Left     Objective  IInf  Best Integer    Best Bound    ItCnt     Gap

*     0+    0                       381726.2829     4125.3525            98.92%
      0     0   338890.7350   625   381726.2829   338890.7350     1080   11.22%
Time: 198.458875179290771 seconds
MIP Gap: 0.112215348412061
Nodes: 0
Best Objective: 338890.735027411312331
Incumbent Obj:  381726.282856155710761
      0     0   354643.2662  2984   381726.2829    Cuts: 1392     3033    7.09%
      0     0   366145.5295  4471   381726.2829    Cuts: 1392     4746    4.08%
      0     0   370530.9579  4362   381726.2829    Cuts: 1392     6293    2.93%
*     0+    0                       378975.0531   370530.9579             2.23%
*     0+    0                       378794.9546   370530.9579             2.18%
*     0+    0                       378756.5399   370530.9579             2.17%
*     0+    0                       378542.5499   370530.9579             2.12%
      0     0  -1.00000e+75     0   378542.5499   370530.9579     6293    2.12%
Time: 227.913563013076782 seconds
MIP Gap: 0.021164310112648
Nodes: 0
Best Objective: 370530.957939840678591
Incumbent Obj:  378542.549855821765959
*     0+    0                       378333.0496   370530.9579             2.06%
      0     0   372028.8875  2039   378333.0496    Cuts: 1392     7280    1.59%
      0     0   372302.6067  2130   378333.0496     Cuts: 518     7929    1.56%
Detecting symmetries...
      0     0   372428.1584  2446   378333.0496     Cuts: 288     8371    1.55%
      0     0   372478.6567  1732   378333.0496     Cuts: 213     8616    1.55%
      0     0   372513.9840  1599   378333.0496     Cuts: 151     8819    1.54%
      0     0   372534.4135  1626   378333.0496     Cuts: 104     8977    1.53%
      0     0   372549.5616  1286   378333.0496      Cuts: 96     9165    1.53%
*     0+    0                       375652.2597   372549.5616             0.83%
      0     0   372565.5866  1665   375652.2597      Cuts: 74     9346    0.82%
*     0+    0                       373641.7972   372565.5866             0.29%
Detecting symmetries...
Time: 270.830499172210693 seconds
MIP Gap: 0.002880327132374
Nodes: 0
Best Objective: 372565.586581110314000
Incumbent Obj:  373641.797187337884679
      0     2   372565.5866  1665   373641.7972   372565.5866     9346    0.29%
Elapsed time = 206.88 sec. (47349.48 ticks, tree = 0.02 MB, solutions = 8)
     93    72   372607.0018   742   373641.7972   372565.8515    13166    0.29%
    344   312   372621.9110   870   373641.7972   372565.8515    22864    0.29%
*   418+    9                       372841.3119   372565.8515             0.07%
*   452+   84                       372781.0910   372565.8515             0.06%
    452    86   372586.5734  1285   372781.0910   372565.8515    14427    0.06%
Time: 278.048856019973755 seconds
MIP Gap: 0.000616834750047
Nodes: 386
Best Objective: 372571.782705050311051
Incumbent Obj:  372801.739773020381108
    461   354   372641.2276   779   372781.0910   372565.8515    23769    0.06%
    465   388   372737.7849   132   372781.0910   372571.7827    24332    0.06%
    471   390   372643.5009   156   372781.0910   372571.7827    24361    0.06%
    477   396   372746.1915   106   372781.0910   372571.7827    24401    0.06%
    490   403   372622.3876   449   372781.0910   372571.7827    24500    0.06%
Time: 283.602769136428833 seconds
MIP Gap: 0.000616834750047
Nodes: 421
Best Objective: 372571.782705050311051
Incumbent Obj:  372801.739773020381108
    495   409   372753.6313   148   372781.0910   372571.7827    24529    0.06%
    528   432   372795.7270    78   372781.0910   372571.7827    24906    0.06%
Elapsed time = 221.50 sec. (51564.70 ticks, tree = 2.68 MB, solutions = 13)
    567   471   372633.4068   673   372781.0910   372571.7827    25893    0.06%
Time: 289.541167974472046 seconds
MIP Gap: 0.000616834750047
Nodes: 540
Best Objective: 372571.782705050311051
Incumbent Obj:  372801.739773020381108
    637   534   372643.9974   145   372781.0910   372571.7827    26825    0.06%
    668   566   372686.6904    88   372781.0910   372571.7827    27392    0.06%
    757   640   372669.0482   155   372781.0910   372571.7827    29150    0.06%
Time: 295.198620080947876 seconds
MIP Gap: 0.000616834750047
Nodes: 665
Best Objective: 372571.782705050311051
Incumbent Obj:  372801.739773020381108
    775   666   372744.3832    84   372781.0910   372571.7827    29497    0.06%
*   810+  667                       372753.3994   372571.7827             0.05%
    819   673   372749.4762    86   372753.3994   372571.7827    30014    0.05%
    853   702   372639.6351   834   372753.3994   372571.7827    30890    0.05%
Time: 300.384484052658081 seconds
MIP Gap: 0.000487230192109
Nodes: 779
Best Objective: 372571.782705050311051
Incumbent Obj:  372753.399415456689894
    958   782   372699.6228    86   372753.3994   372571.7827    32807    0.05%
   1070   892   372694.0747    90   372753.3994   372571.7827    34634    0.05%
*  1072+  888                       372690.0402   372571.7827             0.03%
Time: 305.434043169021606 seconds
MIP Gap: 0.000317307981397
Nodes: 969
Best Objective: 372571.782705050311051
Incumbent Obj:  372690.040229402249679
   1085   696   372637.1686   608   372690.0402   372571.7827    35116    0.03%
Elapsed time = 242.24 sec. (62959.82 ticks, tree = 5.84 MB, solutions = 18)
*  1164+  748                       372685.3887   372571.7827             0.03%
   1164   750   372661.8018   123   372685.3887   372571.7827    36315    0.03%
Time: 310.963281154632568 seconds
MIP Gap: 0.000304830884732
Nodes: 1074
Best Objective: 372571.782705050311051
Incumbent Obj:  372685.388721821131185
   1194   730   372624.2021  1029   372685.3887   372571.7827    37518    0.03%
   1254   790   372660.5351   124   372685.3887   372571.7827    39666    0.03%
Time: 316.124727964401245 seconds
MIP Gap: 0.000304830884732
Nodes: 1275
Best Objective: 372571.782705050311051
Incumbent Obj:  372685.388721821131185
   1377   863   372633.4408   785   372685.3887   372571.7827    42885    0.03%
*  1612+  985                       372681.7332   372571.7827             0.03%
   1612   987   372660.4095   157   372681.7332   372571.7827    46475    0.03%
*  1656+ 1015                       372670.3987   372571.7827             0.03%
   1656  1031   372620.0304  1056   372670.3987   372571.7827    48904    0.03%
Time: 324.308861970901489 seconds
MIP Gap: 0.000264619763620
Nodes: 1557
Best Objective: 372571.782705050311051
Incumbent Obj:  372670.398657851153985
   1694   872   372616.6936  1133   372670.3987   372571.7827    49559    0.03%
   1772   957   372666.0953   125   372670.3987   372571.7827    50688    0.03%
Time: 329.691965103149414 seconds
MIP Gap: 0.000264619763620
Nodes: 1737
Best Objective: 372571.782705050311051
Incumbent Obj:  372670.398657851153985
   1942  1095   372650.0799   531   372670.3987   372571.7827    54889    0.03%
   2201  1229   372621.3897   735   372670.3987   372571.7827    60040    0.03%
Elapsed time = 268.56 sec. (74501.23 ticks, tree = 14.76 MB, solutions = 21)
Time: 335.234308004379272 seconds
MIP Gap: 0.000264619763620
Nodes: 2296
Best Objective: 372571.782705050311051
Incumbent Obj:  372670.398657851153985
   2539  1485   372651.6703  1026   372670.3987   372571.7827    67163    0.03%
   2870  1634        cutoff         372670.3987   372578.7405    75896    0.02%
Time: 340.714352130889893 seconds
MIP Gap: 0.000245949635289
Nodes: 2853
Best Objective: 372578.740509218187071
Incumbent Obj:  372670.398657851153985
   3422  1928   372653.5056   168   372670.3987   372578.7405    87701    0.02%
   3534  2034   372654.4137   161   372670.3987   372578.7405    90711    0.02%
Time: 346.026659965515137 seconds
MIP Gap: 0.000245949635289
Nodes: 3302
Best Objective: 372578.740509218187071
Incumbent Obj:  372670.398657851153985
   3678  2099   372662.7155   673   372670.3987   372578.7405    94966    0.02%
   3974  2303        cutoff         372670.3987   372578.7405   101675    0.02%
Time: 351.212713003158569 seconds
MIP Gap: 0.000245949635289
Nodes: 4130
Best Objective: 372578.740509218187071
Incumbent Obj:  372670.398657851153985
   4385  2502   372667.3610   148   372670.3987   372578.7405   109170    0.02%
   4773  2794   372665.7939   145   372670.3987   372578.7405   124205    0.02%
   5088  2953   372650.9079   441   372670.3987   372578.7405   134492    0.02%
*  5205+ 2986                       372668.3372   372578.7405             0.02%
Time: 356.997848987579346 seconds
MIP Gap: 0.000245949635289
Nodes: 5081
Best Objective: 372578.740509218187071
Incumbent Obj:  372670.398657851153985
Time: 363.709290981292725 seconds
MIP Gap: 0.000240419354507
Nodes: 5175
Best Objective: 372578.740509218187071
Incumbent Obj:  372668.337190290854778
Time: 369.050100088119507 seconds
MIP Gap: 0.000240419354507
Nodes: 5215
Best Objective: 372578.740509218187071
Incumbent Obj:  372668.337190290854778
   5248  2861        cutoff         372668.3372   372578.7405   143254    0.02%
Elapsed time = 304.43 sec. (88510.50 ticks, tree = 57.44 MB, solutions = 23)
   5249  2862        cutoff         372668.3372   372578.7405   144341    0.02%
   5256  2875        cutoff         372668.3372   372578.7405   147075    0.02%
Time: 376.180063009262085 seconds
MIP Gap: 0.000238955526717
Nodes: 5249
Best Objective: 372579.286031486699358
Incumbent Obj:  372668.337190290854778
Time: 386.203446149826050 seconds
MIP Gap: 0.000238955526717
Nodes: 5251
Best Objective: 372579.286031486699358
Incumbent Obj:  372668.337190290854778
   5267  2877   372617.8906  1101   372668.3372   372579.2860   149034    0.02%
   5271  2882   372627.8319   746   372668.3372   372579.2860   150163    0.02%
   5289  2892        cutoff         372668.3372   372579.2860   151138    0.02%
Time: 391.326450109481812 seconds
MIP Gap: 0.000238955526717
Nodes: 5275
Best Objective: 372579.286031486699358
Incumbent Obj:  372668.337190290854778
Time: 399.059369087219238 seconds
MIP Gap: 0.000238955526717
Nodes: 5290
Best Objective: 372579.286031486699358
Incumbent Obj:  372668.337190290854778
   5298  2892        cutoff         372668.3372   372579.2860   152700    0.02%
   5301  2897        cutoff         372668.3372   372579.2860   153183    0.02%
   5304  2898        cutoff         372668.3372   372579.2860   153864    0.02%
Time: 413.132121086120605 seconds
MIP Gap: 0.000238955526717
Nodes: 5299
Best Objective: 372579.286031486699358
Incumbent Obj:  372668.337190290854778
   5308  2898        cutoff         372668.3372   372579.9068   154870    0.02%
Time: 418.202385187149048 seconds
MIP Gap: 0.000234392171181
Nodes: 5346
Best Objective: 372580.986649606435094
Incumbent Obj:  372668.337190290854778
   5354  2912   372657.5907   957   372668.3372   372580.8933   158085    0.02%
Elapsed time = 353.26 sec. (116663.56 ticks, tree = 59.69 MB, solutions = 26)
   5394  2944   372645.9582   672   372668.3372   372582.5711   161688    0.02%
Time: 423.796280145645142 seconds
MIP Gap: 0.000224153450067
Nodes: 5424
Best Objective: 372584.802296778943855
Incumbent Obj:  372668.337190290854778
   5437  2969   372646.7818   474   372668.3372   372584.1622   165085    0.02%
   5481  2992   372667.5866   433   372668.3372   372602.0184   169034    0.02%

Clique cuts applied:  3689
Cover cuts applied:  887
Flow cuts applied:  119
Mixed integer rounding cuts applied:  853
Zero-half cuts applied:  272
Multi commodity flow cuts applied:  73
Lift and project cuts applied:  5
Gomory fractional cuts applied:  47

Root node processing (before b&c):
  Real time             =  183.24 sec. (50814.60 ticks)
Parallel b&c, 32 threads:
  Real time             =  196.76 sec. (72784.72 ticks)
  Sync time (average)   =  147.55 sec.
  Wait time (average)   =    0.00 sec.
                          ------------
Total (root+branch&cut) =  379.99 sec. (123599.32 ticks)
Post-Optimization Solution: 
p locations: 4410 4316 4284 4249 4246 4209 4151 4115 4089 4070 3984 3975 3966 3848 3844 3803 3780 4406 3732 3722 3719 3704 3618 3616 3920 3583 3533 3526 3490 3450 4450 3439 4112 3438 3400 3371 3352 3274 4240 3229 4236 3899 3225 3219 3195 3179 3145 3132 3066 3002 3000 2996 2965 2917 216 1334 1237 569 3245 1223 2058 1556 1723 1215 1716 2718 4221 3210 1188 1225 1015 3550 180 3702 2017 897 3625 929 592 2766 2429 1179 863 1264 1598 2266 4081 1385 711 2715 4394 13 1024 690 945 969 295 1798 2633 256 108 1391 917 750 365 3347 314 4352 982 1146 1483 829 1998 965 691 17 351 1520 2141 2982 2308 498 88 176 1512 956 2125 2562 575 160 293 961 627 92 1762 3226 530 867 32 3885 2537 1138 111 348 2352 486 845 508 2011 657 2679 3375 2027 679 3861 2850 3891 521 2525 1222 548 4128 3454 2106 2273 3090 57 394 1405 2574 1429 1439 3956 1260 2608 1449 1783 1529 2030 2024 2698 3202 2865 1568 2069 1578 1610 3453 2779 1747 1779 4302 3628 2280 3135 1787 147 1832 1997 2671 3886 1864 3206 2532 603 1951 364 2049 2383 2062 2071 2077 145 2167 2932 573 1921 2258 629 2314 972 2320 324 1672 2346 321 2680 1836 2847 2377 2544 2717 2380 2497 2529 2583 4271 1912 2586 959 1296 2644 2993 2656 2658 1340 2688 2830 865 2887 
p size: 250
objective: 372668.337190289632417
sum (dij * xij) 
demand/capacity: 224395.000000000000000/280500
Solution is Feasible
Comparing Best Bounds: 
Old Best Bound: 372631.121560605475679
New Best Bound: 372631.121560605475679
Time elapsed: 503.462527584999975s
Time remaining: 1145.000000000000000s
 ------------------------------------ 

Iteration Post-Optimization: 2
Size of neighborhood: 1
[INFO] Adding MIP start solution
Gap Cplex Reports: gap_Bin_service_fnl4461_0250_p_250_RSSV_POSTOPT.csv
[CALLBACK] Generating reports cplex callbacks...
Default row names c1, c2 ... being created.
Version identifier: 22.1.1.0 | 2022-11-28 | 9160aff4d
CPXPARAM_TimeLimit                               641.53747241500002
CPXPARAM_MIP_Tolerances_LowerCutoff              372631.12156060548
Legacy callback                                  i
1 of 2 MIP starts provided solutions.
MIP start 'm1' defined initial solution with objective 372687.1969.
Presolve has eliminated 19595885 rows and 19870371 columns...
Presolve has improved bounds 3961 times...
Tried aggregator 2 times.
MIP Presolve eliminated 19595885 rows and 19870371 columns.
MIP Presolve modified 7 coefficients.
Aggregator did 44 substitutions.
Reduced MIP has 5168 rows, 34567 columns, and 69634 nonzeros.
Reduced MIP has 34567 binaries, 0 generals, 0 SOSs, and 0 indicators.
Presolve time = 27.34 sec. (16841.22 ticks)
Tried aggregator 1 time.
Detecting symmetries...
Reduced MIP has 5168 rows, 34567 columns, and 69634 nonzeros.
Reduced MIP has 34567 binaries, 0 generals, 0 SOSs, and 0 indicators.
Presolve time = 0.09 sec. (47.46 ticks)
Probing time = 0.03 sec. (8.19 ticks)
Clique table members: 38778.
MIP emphasis: balance optimality and feasibility.
MIP search method: dynamic search.
Parallel mode: deterministic, using up to 32 threads.
Root relaxation solution time = 0.06 sec. (50.20 ticks)

        Nodes                                         Cuts/
   Node  Left     Objective  IInf  Best Integer    Best Bound    ItCnt     Gap

*     0+    0                       372687.1969     3977.0860            98.93%
      0     0   338878.1672   629   372687.1969   338878.1672     1150    9.07%
Time: 200.927548885345459 seconds
MIP Gap: 0.090716906672127
Nodes: 0
Best Objective: 338878.167205464735162
Incumbent Obj:  372687.196861000731587
      0     0   353912.8122  2988   372687.1969    Cuts: 1392     3125    5.04%
      0     0   364973.5605  4456   372687.1969    Cuts: 1392     4887    2.07%
      0     0   369094.4487  4173   372687.1969    Cuts: 1392     6432    0.96%
*     0+    0                       372527.6121   369094.4487             0.92%
*     0+    0                       372158.7396   369094.4487             0.82%
      0     0  -1.00000e+75     0   372158.7396   369094.4487     6432    0.82%
Time: 222.796243906021118 seconds
MIP Gap: 0.008233827448239
Nodes: 0
Best Objective: 369094.448723860317841
Incumbent Obj:  372158.739568824064918
      0     0   370450.1734  2164   372158.7396    Cuts: 1392     7427    0.46%
      0     0   370769.8168  1927   372158.7396     Cuts: 566     8006    0.37%
Detecting symmetries...
      0     0   370867.8254  1989   372158.7396     Cuts: 308     8426    0.35%
      0     0   370926.6798  1859   372158.7396     Cuts: 211     8728    0.33%
      0     0   370949.8467  1575   372158.7396     Cuts: 147     8934    0.32%
      0     0   370968.8144  1596   372158.7396     Cuts: 115     9146    0.32%
      0     0   370978.8698  1480   372158.7396      Cuts: 87     9287    0.32%
      0     0   370988.5387  1472   372158.7396      Cuts: 77     9426    0.31%
Detecting symmetries...
Time: 243.960023880004883 seconds
MIP Gap: 0.003144359542437
Nodes: 0
Best Objective: 370988.538684759405442
Incumbent Obj:  372158.739568824064918
      0     2   370988.5387  1472   372158.7396   370988.5387     9426    0.31%
Elapsed time = 185.09 sec. (45736.72 ticks, tree = 0.02 MB, solutions = 3)
     59    47   371020.1517   789   372158.7396   370993.4817    10867    0.31%
    225   192   371099.4413   331   372158.7396   370993.4817    15812    0.31%
*   231+    3                       371585.3224   370993.4817             0.16%
*   234+    2                       371384.5020   370993.4817             0.11%
*   242+   42                       371246.5789   370993.4817             0.07%
*   244+   40                       371206.4942   370993.4817             0.06%
*   257+   23                       371160.6714   370993.4817             0.05%
    258   164   371166.1435   388   371160.6714   370993.4817    14637    0.05%
Time: 251.923508882522583 seconds
MIP Gap: 0.001580650155673
Nodes: 209
Best Objective: 370993.481729660357814
Incumbent Obj:  371580.821012238273397
    266   182   371040.7661   519   371160.6714   370993.4817    15558    0.05%
    270   208   371029.6595   972   371160.6714   370993.4817    16272    0.05%
    272   211   371146.9893   732   371160.6714   370993.4817    16300    0.05%
Time: 257.763407945632935 seconds
MIP Gap: 0.000573838256702
Nodes: 222
Best Objective: 370993.481729660357814
Incumbent Obj:  371206.494217178260442
    281   214   371026.2915  1211   371160.6714   370993.4817    16752    0.05%
    283   219   371160.8415   388   371160.6714   370993.4817    16614    0.05%
    285   225   371162.5071   269   371160.6714   370993.4817    16702    0.05%
    316   250   371176.1439   104   371160.6714   370993.4817    17508    0.05%
Elapsed time = 202.68 sec. (49772.51 ticks, tree = 1.58 MB, solutions = 8)
Time: 263.684525012969971 seconds
MIP Gap: 0.000573838256702
Nodes: 271
Best Objective: 370993.481729660357814
Incumbent Obj:  371206.494217178260442
    343   272   371020.7011  1105   371160.6714   370993.4817    17854    0.05%
    367   290   371156.3373   701   371160.6714   371000.2873    18552    0.04%
    403   320   371174.2025   151   371160.6714   371000.2873    19093    0.04%
Time: 270.808866024017334 seconds
MIP Gap: 0.000555504558099
Nodes: 364
Best Objective: 371000.287317644804716
Incumbent Obj:  371206.494217178260442
    457   353   371144.1071    44   371160.6714   371000.2873    19722    0.04%
    514   415   371125.0854   171   371160.6714   371000.2873    20806    0.04%
    591   482   371142.6476   108   371160.6714   371000.2873    21965    0.04%
*   594+  477                       371112.3993   371000.2873             0.03%
Time: 279.603961944580078 seconds
MIP Gap: 0.000302097091972
Nodes: 521
Best Objective: 371000.287317644804716
Incumbent Obj:  371112.399294266302604
    604   292        cutoff         371112.3993   371000.2873    22141    0.03%
    631   296   371090.5331   304   371112.3993   371000.2873    23207    0.03%
    712   339        cutoff         371112.3993   371001.1810    24986    0.03%
Time: 287.968868970870972 seconds
MIP Gap: 0.000299688942957
Nodes: 726
Best Objective: 371001.181011603737716
Incumbent Obj:  371112.399294266302604
    821   396   371105.1269   169   371112.3993   371001.1810    27030    0.03%
Elapsed time = 228.55 sec. (61078.62 ticks, tree = 3.69 MB, solutions = 13)
    872   442   371095.6610   134   371112.3993   371001.1810    28113    0.03%
*   955+  478                       371104.9828   371001.1810             0.03%
    955   504   371057.9397   260   371104.9828   371001.1810    30029    0.03%
*   999+  478                       371102.9703   371001.1810             0.03%
Time: 293.280608892440796 seconds
MIP Gap: 0.000274288575685
Nodes: 907
Best Objective: 371001.181011603737716
Incumbent Obj:  371102.970316764432937
   1014   461   371078.9082   118   371102.9703   371001.1810    31178    0.03%
*  1078+  494                       371076.1814   371001.1810             0.02%
   1078   493   371076.1814     0   371076.1814   371001.1810    32198    0.02%
Time: 298.736870050430298 seconds
MIP Gap: 0.000202115980151
Nodes: 1001
Best Objective: 371001.181011603737716
Incumbent Obj:  371076.181437725841533
   1111   343   371056.6915   132   371076.1814   371001.1810    32875    0.02%
   1145   372   371061.6290   198   371076.1814   371001.1810    33991    0.02%
   1259   431   371067.2882   148   371076.1814   371001.1810    37113    0.02%
Time: 304.326292991638184 seconds
MIP Gap: 0.000202115980151
Nodes: 1278
Best Objective: 371001.181011603737716
Incumbent Obj:  371076.181437725841533
   1355   475        cutoff         371076.1814   371001.1810    39412    0.02%
   1365   482   371058.7389   881   371076.1814   371001.1810    40764    0.02%
   1367   496   371045.9746   353   371076.1814   371001.1810    41524    0.02%
Elapsed time = 250.20 sec. (72843.93 ticks, tree = 6.27 MB, solutions = 18)
Time: 310.510561943054199 seconds
MIP Gap: 0.000202115980151
Nodes: 1330
Best Objective: 371001.181011603737716
Incumbent Obj:  371076.181437725841533
   1373   499   371035.6484  1005   371076.1814   371001.1810    41956    0.02%
Time: 315.615838050842285 seconds
MIP Gap: 0.000202115980151
Nodes: 1344
Best Objective: 371001.181011603737716
Incumbent Obj:  371076.181437725841533
Time: 323.451683998107910 seconds
MIP Gap: 0.000202115980151
Nodes: 1356
Best Objective: 371001.181011603737716
Incumbent Obj:  371076.181437725841533
   1383   509   371026.2696   898   371076.1814   371001.1810    42662    0.02%
   1392   515        cutoff         371076.1814   371001.1810    42838    0.02%
Time: 332.847861051559448 seconds
MIP Gap: 0.000202115980151
Nodes: 1371
Best Objective: 371001.181011603737716
Incumbent Obj:  371076.181437725841533
   1405   518        cutoff         371076.1814   371001.1810    43285    0.02%
Time: 343.294275045394897 seconds
MIP Gap: 0.000202115980151
Nodes: 1384
Best Objective: 371001.181011603737716
Incumbent Obj:  371076.181437725841533
   1417   530   371044.6662  1102   371076.1814   371001.1810    43878    0.02%
   1434   539   371046.0865   868   371076.1814   371001.1810    44316    0.02%
Time: 352.114771842956543 seconds
MIP Gap: 0.000202115980151
Nodes: 1403
Best Objective: 371001.181011603737716
Incumbent Obj:  371076.181437725841533
   1435   548   371061.2206  1000   371076.1814   371001.1810    44945    0.02%
Time: 361.781998872756958 seconds
MIP Gap: 0.000202115980151
Nodes: 1415
Best Objective: 371001.181011603737716
Incumbent Obj:  371076.181437725841533
   1446   557   371041.9292  1036   371076.1814   371001.1810    45743    0.02%
Time: 373.726184844970703 seconds
MIP Gap: 0.000202115980151
Nodes: 1428
Best Objective: 371001.181011603737716
Incumbent Obj:  371076.181437725841533
   1458   568   371047.6463   978   371076.1814   371001.1810    46743    0.02%
Time: 387.848721027374268 seconds
MIP Gap: 0.000202115980151
Nodes: 1441
Best Objective: 371001.181011603737716
Incumbent Obj:  371076.181437725841533
   1470   579   371044.0435  1066   371076.1814   371001.1810    47406    0.02%
Elapsed time = 329.80 sec. (113776.69 ticks, tree = 8.42 MB, solutions = 26)
Time: 399.958478927612305 seconds
MIP Gap: 0.000202115980151
Nodes: 1454
Best Objective: 371001.181011603737716
Incumbent Obj:  371076.181437725841533
   1482   589   371057.8634  1041   371076.1814   371001.1810    48175    0.02%
   1483   591   371030.2913   802   371076.1814   371001.1810    48372    0.02%
Time: 412.968827962875366 seconds
MIP Gap: 0.000202115980151
Nodes: 1471
Best Objective: 371001.181011603737716
Incumbent Obj:  371076.181437725841533
   1497   601   371069.6515  1175   371076.1814   371001.1810    48828    0.02%
Time: 418.264864921569824 seconds
MIP Gap: 0.000202115980151
Nodes: 1476
Best Objective: 371001.181011603737716
Incumbent Obj:  371076.181437725841533
Time: 432.343976020812988 seconds
MIP Gap: 0.000202115980151
Nodes: 1478
Best Objective: 371001.181011603737716
Incumbent Obj:  371076.181437725841533
Time: 442.407444000244141 seconds
MIP Gap: 0.000202115980151
Nodes: 1478
Best Objective: 371001.181011603737716
Incumbent Obj:  371076.181437725841533
   1499   596   371061.6223   517   371076.1814   371001.1810    49081    0.02%
   1513   608   371030.9348   970   371076.1814   371001.1810    49354    0.02%
Time: 457.065021038055420 seconds
MIP Gap: 0.000202115980151
Nodes: 1514
Best Objective: 371001.181011603737716
Incumbent Obj:  371076.181437725841533
   1534   622   371020.8282   990   371076.1814   371001.1810    50319    0.02%
Time: 462.496512889862061 seconds
MIP Gap: 0.000202115980151
Nodes: 1535
Best Objective: 371001.181011603737716
Incumbent Obj:  371076.181437725841533
Time: 474.553912878036499 seconds
MIP Gap: 0.000186794018940
Nodes: 1535
Best Objective: 371006.866626462317072
Incumbent Obj:  371076.181437725841533
   1550   631        cutoff         371076.1814   371001.1810    50848    0.02%
Time: 492.870979070663452 seconds
MIP Gap: 0.000175822096904
Nodes: 1542
Best Objective: 371010.938045394490473
Incumbent Obj:  371076.181437725841533
   1552   635   371065.1092   925   371076.1814   371010.9380    51473    0.02%
   1557   627        cutoff         371076.1814   371010.9380    51658    0.02%
   1572   622        cutoff         371076.1814   371014.8142    52107    0.02%
Elapsed time = 437.03 sec. (173616.32 ticks, tree = 10.11 MB, solutions = 34)
Time: 499.590883016586304 seconds
MIP Gap: 0.000163452609901
Nodes: 1575
Best Objective: 371015.528067397652194
Incumbent Obj:  371076.181437725841533
   1586   645   371066.0762   218   371076.1814   371015.5281    53280    0.02%
Time: 518.544055938720703 seconds
MIP Gap: 0.000099745298971
Nodes: 1589
Best Objective: 371039.168333067384083
Incumbent Obj:  371076.181437725841533

Clique cuts applied:  3593
Cover cuts applied:  654
Flow cuts applied:  123
Mixed integer rounding cuts applied:  952
Zero-half cuts applied:  342
Multi commodity flow cuts applied:  61
Lift and project cuts applied:  2
Gomory fractional cuts applied:  53

Root node processing (before b&c):
  Real time             =  185.03 sec. (50587.92 ticks)
Parallel b&c, 32 threads:
  Real time             =  295.37 sec. (139320.28 ticks)
  Sync time (average)   =  262.87 sec.
  Wait time (average)   =    0.00 sec.
                          ------------
Total (root+branch&cut) =  480.40 sec. (189908.20 ticks)
Post-Optimization Solution: 
p locations: 4410 4316 4284 4249 4246 4232 4209 4159 4115 4112 4089 4070 3984 3975 3966 3886 3885 3848 3803 3780 4406 3732 3722 3719 3704 3618 3616 3920 3583 3550 3526 3490 3455 3450 4450 3439 3400 3371 3352 3274 3264 3245 3229 4236 3899 3225 3219 3195 3147 3145 3132 3066 3002 3000 2999 3670 2996 2982 2917 1334 1263 1237 569 1225 1556 1723 1221 4221 3210 1188 1157 216 3844 1148 1015 3702 2017 897 1264 1598 2266 4081 1385 711 2715 4394 3046 13 1024 863 189 690 945 969 295 128 1798 2633 256 2761 856 145 108 1391 917 750 3533 1174 3347 314 1483 965 351 1520 2141 498 176 1512 956 2125 17 691 59 160 293 961 627 3226 530 92 1762 3625 929 592 2766 2429 2076 425 88 1138 348 1004 2352 365 486 845 508 2011 657 2679 3375 2027 679 3861 2850 3891 521 2525 1222 548 575 829 1998 4128 3454 2106 3090 1405 2240 1429 1439 3956 2608 1449 1783 1529 2030 2024 2698 2865 1568 2069 1578 1610 3453 2779 1716 1747 1779 4302 2280 3135 1787 1997 2671 2574 1900 603 1951 22 2044 364 2049 2383 2071 2077 2250 2932 573 1921 2258 629 2314 4342 972 2320 324 1672 2346 321 2680 1836 2847 2544 2380 2377 2714 3150 2476 2497 2169 147 1832 2506 2529 2562 2583 4271 1912 2586 959 1296 2644 2656 2658 1340 2688 2830 865 2887 
p size: 250
objective: 371076.181437724502757
sum (dij * xij) 
demand/capacity: 224395.000000000000000/280500
Solution is Feasible
Comparing Best Bounds: 
Old Best Bound: 371039.168333067384083
New Best Bound: 371039.168333067384083
Time elapsed: 597.293394732000024s
Time remaining: 641.537472415000025s
 ------------------------------------ 

Iteration Post-Optimization: 3
Size of neighborhood: 1
[INFO] Adding MIP start solution
Gap Cplex Reports: gap_Bin_service_fnl4461_0250_p_250_RSSV_POSTOPT.csv
[CALLBACK] Generating reports cplex callbacks...
Default row names c1, c2 ... being created.
Version identifier: 22.1.1.0 | 2022-11-28 | 9160aff4d
CPXPARAM_TimeLimit                               44.244077683
CPXPARAM_MIP_Tolerances_LowerCutoff              371039.16833306738
Legacy callback                                  i
Warning:  No solution found from 2 MIP starts.
Retaining values of one MIP start for possible repair.

Root node processing (before b&c):
  Real time             =   56.14 sec. (9856.92 ticks)
Parallel b&c, 32 threads:
  Real time             =    0.00 sec. (0.00 ticks)
  Sync time (average)   =    0.00 sec.
  Wait time (average)   =    0.00 sec.
                          ------------
Total (root+branch&cut) =   56.14 sec. (9856.92 ticks)
Solution status = Unknown
ERROR: CPLEX Error  1217: No solution exists.


[ERROR] get solution cap PMP
Time elapsed: 170.141040435999997s
Time remaining: 44.244077683000000s



Finishing post-optimization
p locations: 4410 4316 4284 4249 4246 4232 4209 4159 4115 4112 4089 4070 3984 3975 3966 3886 3885 3848 3803 3780 4406 3732 3722 3719 3704 3618 3616 3920 3583 3550 3526 3490 3455 3450 4450 3439 3400 3371 3352 3274 3264 3245 3229 4236 3899 3225 3219 3195 3147 3145 3132 3066 3002 3000 2999 3670 2996 2982 2917 1334 1263 1237 569 1225 1556 1723 1221 4221 3210 1188 1157 216 3844 1148 1015 3702 2017 897 1264 1598 2266 4081 1385 711 2715 4394 3046 13 1024 863 189 690 945 969 295 128 1798 2633 256 2761 856 145 108 1391 917 750 3533 1174 3347 314 1483 965 351 1520 2141 498 176 1512 956 2125 17 691 59 160 293 961 627 3226 530 92 1762 3625 929 592 2766 2429 2076 425 88 1138 348 1004 2352 365 486 845 508 2011 657 2679 3375 2027 679 3861 2850 3891 521 2525 1222 548 575 829 1998 4128 3454 2106 3090 1405 2240 1429 1439 3956 2608 1449 1783 1529 2030 2024 2698 2865 1568 2069 1578 1610 3453 2779 1716 1747 1779 4302 2280 3135 1787 1997 2671 2574 1900 603 1951 22 2044 364 2049 2383 2071 2077 2250 2932 573 1921 2258 629 2314 4342 972 2320 324 1672 2346 321 2680 1836 2847 2544 2380 2377 2714 3150 2476 2497 2169 147 1832 2506 2529 2562 2583 4271 1912 2586 959 1296 2644 2656 2658 1340 2688 2830 865 2887 
p size: 250
objective: 371076.181437724502757
sum (dij * xij) 
demand/capacity: 224395.000000000000000/280500
Solution is Feasible
Solution Stats
Statistics:
Max distance: 243.000000000000000
Min distance: 0.000000000000000
Avg distance: 83.182286805138872
Std deviation distance: 40.937603624489839


[INFO] Saving assignment: ./outputs/solutions/2024-08-27_LIT_seed_24/Assignments/test_lit_fnl4461_0250_p_250_RSSV_EXACT_CPMP_BIN_POSTOPT.txt
[INFO] Saving results: ./outputs/solutions/2024-08-27_LIT_seed_24/test_lit_fnl4461_0250_results_RSSV_EXACT_CPMP_BIN_POSTOPT.csv
[INFO] Saving all results: ./outputs/solutions/test_all_results.csv
Final total elapsed time (post opt): 3726s
Elapsed time: 3726499 ms

RSSV finished.
