Debug: configOverride contents: IsWeighted_ObjFunc add_break_callback add_generate_reports add_threshold_distance_rssv bw_multiplier capacities cover_mode coverages cust_max_id distance_matrix loc_max_id max_ite_subprob_rssv method method_post_opt method_rssv_fp method_rssv_sp output p seed service size_subproblems_rssv subarea threads time time_cplex time_subprob_rssv weights 
Loading instance...
Scanning input data...
Distance matrix dimensions: 4462 x 4462 = 19909444
Elapsed time: 0 ms

Loading weights...
Skipped line: customer weight coord_x coord_y
Loaded 4461 weights
Loaded 4461 coordinates
Total customer demand: 224395.00
Elapsed time: 11 ms

Loading capacities...
Skipped line: location capacity coord_x coord_y
Loaded 4461 capacities
Loaded 4461 coordinates
Elapsed time: 9 ms

Loading distance matrix...
Computing euclidian distances...
bw multiplier: 0.50
Loaded 19904982 distances
dists stdev: 954.33
bandwidth h: 17.53
locations: 4461
customers: 4461
p: 250
Elapsed time: 587 ms

[INFO] Instance loaded
loc_max_id: 4461
loc_cnt: 4461
service: fnl4461_0250
cust_max_id: 4461
cust_cnt: 4461
unweighted obj function
p: 250
total_demand: 224395.00


-------------------------------------------------


-------------------------------------------------
RSSV heuristic 
-------------------------------------------------
method subproblems: TB_PMP
method final problem: EXACT_CPMP_BIN
-------------------------------------------------
RSSV running...
cPMP size (N): 4461
sub-cPMP size (n): 1784
Subproblems cnt (M): 12
p: 250
Seed: 500
Time limit for subproblems: 300.00

thread cnt: 20

Thread 1 created with seed 501
Thread 2 created with seed 502
Solving sub-PMP 1/12...
Thread 3 created with seed 503
Thread 4 created with seed 504
Thread 5 created with seed 505
Thread 6 created with seed 506
Thread 7 created with seed 507
uncapacitated TB started
Thread 8 created with seed 508
Thread 9 created with seed 509
Thread 10 created with seed 510
Thread 11 created with seed 511
Thread 12 created with seed 512
Solving sub-PMP 12/12...
uncapacitated TB started
Solving sub-PMP 2/12...
Solving sub-PMP 4/12...
Solving sub-PMP 3/12...
uncapacitated TB started
Solving sub-PMP 10/12...
Solving sub-PMP 9/12...
Solving sub-PMP 8/12...
Solving sub-PMP Solving sub-PMP 5/126...
Solving sub-PMP 7/12...
/12...
Solving sub-PMP 11/12...
uncapacitated TB started
uncapacitated TB started
uncapacitated TB started
uncapacitated TB started
uncapacitated TB started
uncapacitated TB started
uncapacitated TB started
uncapacitated TB started
[INFO] Uncapacitated TB local search started
uncapacitated TB started
[INFO] Uncapacitated TB local search started
[INFO] Uncapacitated TB local search started
[INFO] Uncapacitated TB local search started
[INFO] Uncapacitated TB local search started
[INFO] Uncapacitated TB local search started
[INFO] Uncapacitated TB local search started
[INFO] Uncapacitated TB local search started
[INFO] Uncapacitated TB local search started
[INFO] Uncapacitated TB local search started
[INFO] Uncapacitated TB local search started
[INFO] Uncapacitated TB local search started

[INFO] Time limit reached. Stopping the algorithm.
TB elapsed time: 300.02 seconds
Num ite total uncapacited TB: 13
tb solution is feasible

[INFO] Time limit reached. Stopping the algorithm.
TB elapsed time: 300.01 seconds
Num ite total uncapacited TB: 17
tb solution is feasible

[INFO] Time limit reached. Stopping the algorithm.
TB elapsed time: 300.04 seconds
Num ite total uncapacited TB: 19
tb solution is feasible

[INFO] Time limit reached. Stopping the algorithm.

[INFO] Time limit reached. Stopping the algorithm.
TB elapsed time: TB elapsed time: 300.04300.02 seconds
 seconds
Num ite total uncapacited TB: Num ite total uncapacited TB: 1512

tb solution is feasible
tb solution is feasible

[INFO] Time limit reached. Stopping the algorithm.
TB elapsed time: 
[INFO] Time limit reached. Stopping the algorithm.
TB elapsed time: 300.04300.01 seconds
 seconds
Num ite total uncapacited TB: Num ite total uncapacited TB: 1516

tb solution is feasible
tb solution is feasible

[INFO] Time limit reached. Stopping the algorithm.
TB elapsed time: 300.03 seconds
Num ite total uncapacited TB: 14
tb solution is feasible

[INFO] Time limit reached. Stopping the algorithm.
TB elapsed time: 
[INFO] Time limit reached. Stopping the algorithm.
TB elapsed time: 300.00 seconds
300.04 seconds
Num ite total uncapacited TB: 17
tb solution is feasible
Num ite total uncapacited TB: 13
tb solution is feasible

[INFO] Time limit reached. Stopping the algorithm.
TB elapsed time: 300.04 seconds
Num ite total uncapacited TB: 20
tb solution is feasible

[INFO] Time limit reached. Stopping the algorithm.
TB elapsed time: 300.04 seconds
Num ite total uncapacited TB: 20
tb solution is feasible
[INFO] All subproblems solved.

Elapsed time: 300776 ms


Stats: 
Max dist: 457.54
Min dist: 0.00
avg of Avg dists: 102.06
avg Std dev dist: 59.97

First 1784 voting weights (sorted): 1869(5.04) 2636(5.00) 352(5.00) 1573(4.54) 1900(4.37) 323(4.05) 2604(4.04) 2950(4.04) 3570(4.00) 3028(4.00) 1530(4.00) 1690(4.00) 2212(3.72) 3585(3.52) 2010(3.41) 1074(3.38) 4387(3.32) 217(3.29) 4039(3.27) 2915(3.24) 910(3.22) 722(3.21) 587(3.21) 23(3.21) 908(3.21) 1575(3.19) 1419(3.18) 3350(3.18) 2209(3.16) 2747(3.15) 3227(3.15) 165(3.11) 4240(3.10) 281(3.08) 4402(3.07) 2507(3.07) 416(3.05) 1003(3.05) 260(3.05) 1510(3.05) 4106(3.04) 364(3.03) 3893(3.03) 2090(3.03) 1151(3.00) 3248(3.00) 403(3.00) 4015(3.00) 2232(3.00) 1839(3.00) 1976(3.00) 4386(3.00) 559(3.00) 2608(3.00) 349(3.00) 3591(3.00) 3363(3.00) 3095(3.00) 3282(3.00) 745(3.00) 1578(3.00) 2603(3.00) 3862(3.00) 170(3.00) 1823(3.00) 701(3.00) 3692(3.00) 748(3.00) 3026(3.00) 1143(3.00) 2031(3.00) 3695(3.00) 1140(3.00) 788(3.00) 628(3.00) 3830(3.00) 3963(3.00) 1401(3.00) 3238(3.00) 3836(3.00) 1707(3.00) 4327(3.00) 1451(3.00) 2631(3.00) 219(3.00) 187(3.00) 3496(3.00) 2293(3.00) 2237(3.00) 4308(3.00) 1964(3.00) 2706(3.00) 4378(3.00) 2675(3.00) 3386(3.00) 2577(3.00) 1089(3.00) 2392(3.00) 2841(3.00) 3380(3.00) 2760(3.00) 3376(3.00) 957(3.00) 1073(3.00) 3153(3.00) 3204(3.00) 2749(3.00) 2873(3.00) 859(3.00) 3096(3.00) 2499(3.00) 3933(3.00) 3612(3.00) 2733(3.00) 1101(3.00) 3529(3.00) 2509(3.00) 2358(3.00) 3464(3.00) 2195(3.00) 33(3.00) 1283(2.77) 1146(2.76) 1878(2.73) 1643(2.72) 774(2.72) 2819(2.72) 1935(2.67) 1148(2.64) 3565(2.59) 3892(2.59) 2610(2.56) 3889(2.54) 775(2.44) 1616(2.44) 2836(2.44) 4320(2.40) 1024(2.39) 2124(2.38) 2832(2.37) 2847(2.37) 422(2.37) 437(2.37) 2312(2.37) 2345(2.37) 4313(2.37) 2684(2.34) 1762(2.34) 247(2.32) 3147(2.30) 2782(2.29) 1335(2.28) 3369(2.27) 1917(2.27) 114(2.27) 3158(2.27) 80(2.27) 805(2.27) 2406(2.27) 3413(2.26) 3746(2.26) 1344(2.24) 3901(2.24) 2637(2.24) 1444(2.23) 1267(2.23) 3260(2.22) 589(2.21) 982(2.21) 2962(2.21) 677(2.21) 3701(2.20) 739(2.20) 166(2.20) 1681(2.19) 2731(2.18) 1798(2.18) 1332(2.18) 3107(2.18) 111(2.18) 1511(2.18) 487(2.18) 2449(2.18) 3739(2.18) 3544(2.18) 2178(2.18) 2056(2.18) 3822(2.18) 3249(2.18) 1721(2.18) 4045(2.18) 4272(2.18) 3658(2.18) 4450(2.18) 212(2.18) 1987(2.18) 4390(2.18) 2652(2.17) 3699(2.17) 2638(2.17) 3406(2.16) 2750(2.16) 916(2.15) 1661(2.15) 1618(2.15) 877(2.15) 2119(2.14) 729(2.13) 2625(2.11) 2102(2.11) 3884(2.11) 2842(2.11) 1628(2.11) 473(2.11) 1309(2.11) 1373(2.11) 506(2.11) 1960(2.10) 685(2.09) 645(2.09) 531(2.09) 530(2.09) 3881(2.08) 3869(2.08) 4259(2.08) 3791(2.08) 1719(2.07) 4098(2.07) 2783(2.07) 3233(2.07) 829(2.07) 4431(2.07) 985(2.07) 2208(2.07) 3720(2.07) 928(2.07) 3635(2.07) 2537(2.07) 2592(2.07) 2748(2.07) 3264(2.07) 2764(2.07) 3948(2.07) 3938(2.07) 4169(2.07) 2477(2.06) 2742(2.06) 1473(2.06) 3784(2.06) 383(2.06) 2892(2.06) 71(2.06) 4082(2.06) 42(2.06) 1487(2.05) 967(2.05) 1051(2.05) 3460(2.05) 4370(2.05) 3952(2.05) 2077(2.05) 1962(2.05) 3175(2.05) 1061(2.05) 456(2.05) 2898(2.04) 590(2.04) 2762(2.04) 4422(2.04) 3538(2.04) 2771(2.04) 4066(2.04) 4411(2.04) 4154(2.04) 2030(2.04) 3743(2.04) 4225(2.04) 1252(2.04) 516(2.04) 3552(2.04) 2052(2.04) 3613(2.04) 3176(2.04) 1387(2.04) 4135(2.04) 3839(2.04) 3718(2.04) 3311(2.04) 3013(2.04) 856(2.04) 2657(2.03) 2515(2.03) 749(2.03) 1464(2.03) 4132(2.03) 1684(2.03) 475(2.03) 2765(2.03) 249(2.03) 78(2.03) 4274(2.03) 4175(2.03) 2494(2.03) 2849(2.03) 3539(2.03) 606(2.03) 4018(2.03) 3829(2.03) 3969(2.00) 2074(2.00) 2038(2.00) 10(2.00) 521(2.00) 2772(2.00) 1175(2.00) 2560(2.00) 1867(2.00) 3997(2.00) 2769(2.00) 1714(2.00) 27(2.00) 264(2.00) 2634(2.00) 123(2.00) 2630(2.00) 2556(2.00) 84(2.00) 1421(2.00) 3315(2.00) 4112(2.00) 1147(2.00) 2584(2.00) 4095(2.00) 1224(2.00) 198(2.00) 1786(2.00) 2789(2.00) 276(2.00) 3644(2.00) 3965(2.00) 1785(2.00) 4186(2.00) 3672(2.00) 2648(2.00) 196(2.00) 535(2.00) 541(2.00) 670(2.00) 2386(2.00) 2088(2.00) 4004(2.00) 4037(2.00) 2778(2.00) 2646(2.00) 2645(2.00) 1738(2.00) 481(2.00) 2495(2.00) 3645(2.00) 1725(2.00) 2571(2.00) 2745(2.00) 4137(2.00) 2743(2.00) 2424(2.00) 2712(2.00) 1251(2.00) 2611(2.00) 3679(2.00) 3516(2.00) 1415(2.00) 1250(2.00) 3702(2.00) 1506(2.00) 3656(2.00) 2716(2.00) 252(2.00) 3429(2.00) 4149(2.00) 4150(2.00) 4151(2.00) 4064(2.00) 2600(2.00) 3937(2.00) 3979(2.00) 2418(2.00) 2417(2.00) 2607(2.00) 3927(2.00) 2042(2.00) 1130(2.00) 4073(2.00) 4115(2.00) 4176(2.00) 3953(2.00) 1150(2.00) 2442(2.00) 3401(2.00) 2695(2.00) 2405(2.00) 29(2.00) 2407(2.00) 2588(2.00) 103(2.00) 2434(2.00) 2752(2.00) 4133(2.00) 2081(2.00) 2617(2.00) 4023(2.00) 1214(2.00) 3992(2.00) 1248(2.00) 1729(2.00) 694(2.00) 4120(2.00) 806(2.00) 1336(2.00) 3513(2.00) 3287(2.00) 3044(2.00) 3045(2.00) 812(2.00) 2250(2.00) 4363(2.00) 579(2.00) 393(2.00) 1816(2.00) 2161(2.00) 3577(2.00) 1930(2.00) 3807(2.00) 1627(2.00) 3061(2.00) 3288(2.00) 3063(2.00) 820(2.00) 1492(2.00) 1554(2.00) 824(2.00) 987(2.00) 1556(2.00) 1456(2.00) 3077(2.00) 1454(2.00) 1009(2.00) 2279(2.00) 1812(2.00) 374(2.00) 375(2.00) 3000(2.00) 1945(2.00) 2540(2.00) 459(2.00) 3825(2.00) 3008(2.00) 3009(2.00) 789(2.00) 3036(2.00) 3012(2.00) 3213(2.00) 4339(2.00) 638(2.00) 4340(2.00) 3575(2.00) 3738(2.00) 3823(2.00) 1941(2.00) 3029(2.00) 993(2.00) 3031(2.00) 3574(2.00) 450(2.00) 377(2.00) 648(2.00) 873(2.00) 1605(2.00) 1905(2.00) 1904(2.00) 3773(2.00) 3327(2.00) 3170(2.00) 1576(2.00) 3174(2.00) 2193(2.00) 3322(2.00) 2192(2.00) 3079(2.00) 3186(2.00) 3510(2.00) 926(2.00) 1836(2.00) 3190(2.00) 3193(2.00) 1896(2.00) 434(2.00) 2181(2.00) 3199(2.00) 1588(2.00) 2180(2.00) 917(2.00) 3206(2.00) 3545(2.00) 3082(2.00) 3569(2.00) 975(2.00) 3338(2.00) 3093(2.00) 839(2.00) 841(2.00) 3742(2.00) 3103(2.00) 408(2.00) 847(2.00) 848(2.00) 3293(2.00) 3115(2.00) 1890(2.00) 3118(2.00) 962(2.00) 1913(2.00) 1910(2.00) 1462(2.00) 1608(2.00) 2217(2.00) 3136(2.00) 419(2.00) 954(2.00) 1568(2.00) 870(2.00) 3144(2.00) 4427(2.00) 3499(2.00) 1991(2.00) 474(2.00) 1077(2.00) 2861(2.00) 1989(2.00) 2864(2.00) 615(2.00) 2339(2.00) 2338(2.00) 2869(2.00) 3271(2.00) 164(2.00) 2878(2.00) 343(2.00) 715(2.00) 3598(2.00) 1979(2.00) 3878(2.00) 4265(2.00) 2331(2.00) 3874(2.00) 3871(2.00) 2896(2.00) 4273(2.00) 4276(2.00) 1876(2.00) 3216(2.00) 2879(2.00) 147(2.00) 4200(2.00) 2366(2.00) 3391(2.00) 1788(2.00) 3898(2.00) 287(2.00) 2804(2.00) 668(2.00) 3477(2.00) 547(2.00) 1100(2.00) 1277(2.00) 1285(2.00) 1792(2.00) 1995(2.00) 305(2.00) 1520(2.00) 1683(2.00) 2830(2.00) 1521(2.00) 3480(2.00) 158(2.00) 316(2.00) 2840(2.00) 1391(2.00) 1678(2.00) 297(2.00) 1440(2.00) 3588(2.00) 610(2.00) 2304(2.00) 1804(2.00) 4319(2.00) 2954(2.00) 1652(2.00) 1015(2.00) 1385(2.00) 766(2.00) 2964(2.00) 4311(2.00) 1529(2.00) 1537(2.00) 2294(2.00) 568(2.00) 1882(2.00) 1955(2.00) 362(2.00) 363(2.00) 1448(2.00) 3580(2.00) 3579(2.00) 1809(2.00) 2984(2.00) 3828(2.00) 3847(2.00) 741(2.00) 351(2.00) 2918(2.00) 2916(2.00) 3856(2.00) 4291(2.00) 2921(2.00) 1527(2.00) 4292(2.00) 1846(2.00) 1526(2.00) 4294(2.00) 736(2.00) 2034(1.99) 3160(1.96) 4063(1.81) 546(1.76) 532(1.76) 2682(1.74) 2753(1.73) 319(1.72) 311(1.72) 2946(1.71) 888(1.70) 4161(1.69) 735(1.68) 1837(1.67) 3117(1.63) 553(1.63) 25(1.63) 871(1.63) 1300(1.62) 2437(1.62) 207(1.60) 1936(1.60) 236(1.60) 1765(1.60) 1104(1.59) 1983(1.59) 3101(1.59) 1596(1.57) 4145(1.56) 4392(1.55) 1402(1.55) 1038(1.55) 3368(1.54) 115(1.54) 94(1.54) 2125(1.54) 801(1.54) 1584(1.54) 1413(1.52) 1400(1.52) 2506(1.51) 2635(1.47) 3905(1.47) 239(1.47) 1352(1.46) 1371(1.46) 567(1.44) 1355(1.44) 3393(1.42) 3811(1.42) 3735(1.42) 3548(1.42) 517(1.42) 1004(1.42) 556(1.42) 2983(1.42) 996(1.42) 699(1.42) 3714(1.41) 4055(1.41) 4410(1.40) 3689(1.39) 752(1.39) 955(1.39) 2410(1.37) 128(1.37) 1374(1.37) 1476(1.37) 3065(1.37) 3707(1.37) 1764(1.37) 507(1.37) 3235(1.37) 3576(1.37) 2147(1.37) 208(1.37) 4260(1.37) 3685(1.37) 4454(1.37) 1050(1.37) 4373(1.36) 1680(1.33) 1115(1.32) 100(1.32) 3056(1.32) 101(1.31) 3525(1.31) 689(1.31) 1587(1.31) 3922(1.30) 1864(1.29) 2012(1.29) 2467(1.29) 233(1.29) 3947(1.29) 1985(1.28) 204(1.27) 369(1.27) 1368(1.27) 1369(1.27) 4179(1.27) 4158(1.27) 3954(1.27) 3490(1.27) 1292(1.27) 256(1.27) 2037(1.27) 2569(1.27) 3149(1.27) 3435(1.27) 415(1.27) 1117(1.27) 2132(1.27) 3053(1.27) 1801(1.27) 441(1.27) 2002(1.27) 3432(1.27) 3145(1.27) 2567(1.27) 725(1.27) 243(1.27) 2091(1.27) 2564(1.27) 1582(1.27) 238(1.27) 1835(1.27) 1291(1.27) 2566(1.27) 1166(1.27) 413(1.27) 3461(1.26) 3582(1.25) 3536(1.25) 3780(1.25) 1042(1.25) 2844(1.25) 1783(1.25) 3674(1.25) 2076(1.25) 1759(1.24) 1796(1.24) 235(1.24) 37(1.24) 38(1.24) 2814(1.22) 4016(1.22) 1436(1.22) 1455(1.22) 2469(1.22) 3321(1.22) 2363(1.22) 2485(1.22) 289(1.21) 3132(1.21) 133(1.21) 3100(1.21) 137(1.21) 816(1.21) 627(1.21) 2072(1.21) 794(1.21) 346(1.21) 922(1.21) 596(1.21) 2035(1.21) 3057(1.21) 2040(1.21) 3034(1.21) 3766(1.21) 1031(1.21) 3177(1.21) 259(1.21) 3146(1.21) 277(1.21) 2016(1.21) 2708(1.20) 3389(1.20) 3776(1.20) 2516(1.20) 231(1.20) 4337(1.20) 4355(1.20) 992(1.18) 3291(1.18) 3571(1.18) 4335(1.18) 4331(1.18) 1107(1.18) 2997(1.18) 2996(1.18) 1008(1.18) 2806(1.18) 4242(1.18) 3578(1.18) 1080(1.18) 3214(1.18) 2980(1.18) 2952(1.18) 4237(1.18) 2976(1.18) 4013(1.18) 3603(1.18) 3019(1.18) 3438(1.18) 107(1.18) 3455(1.18) 3326(1.18) 4042(1.18) 98(1.18) 125(1.18) 3546(1.18) 3239(1.18) 972(1.18) 3266(1.18) 643(1.18) 3278(1.18) 2381(1.18) 671(1.18) 85(1.18) 3667(1.18) 1358(1.18) 721(1.18) 705(1.18) 31(1.18) 3950(1.18) 2314(1.18) 4284(1.18) 3989(1.18) 4044(1.18) 1311(1.18) 4298(1.18) 2599(1.18) 3966(1.18) 2558(1.18) 2296(1.18) 3661(1.18) 1697(1.18) 3625(1.18) 3470(1.18) 3498(1.18) 3919(1.18) 39(1.18) 4012(1.18) 1745(1.18) 4065(1.18) 1916(1.18) 2580(1.17) 2114(1.17) 2404(1.17) 2851(1.17) 2429(1.17) 2058(1.17) 2906(1.16) 258(1.16) 1002(1.16) 1508(1.16) 893(1.16) 1665(1.15) 3567(1.15) 1431(1.15) 4246(1.15) 2826(1.15) 4072(1.15) 953(1.15) 3262(1.15) 3861(1.15) 2249(1.15) 791(1.15) 2068(1.15) 3686(1.15) 2554(1.15) 4424(1.15) 762(1.15) 3605(1.15) 3846(1.14) 2816(1.14) 3130(1.14) 813(1.14) 2790(1.13) 279(1.13) 1507(1.13) 60(1.13) 1797(1.13) 405(1.13) 2928(1.13) 3816(1.13) 82(1.13) 2768(1.13) 4027(1.13) 3809(1.12) 1708(1.12) 32(1.11) 1326(1.11) 2932(1.11) 528(1.11) 1807(1.11) 254(1.11) 2265(1.11) 3670(1.11) 4232(1.11) 4138(1.11) 1425(1.11) 964(1.11) 1053(1.11) 3456(1.11) 1963(1.11) 681(1.11) 2019(1.11) 248(1.11) 4353(1.11) 1818(1.11) 4332(1.11) 1066(1.11) 4198(1.10) 4244(1.10) 4261(1.10) 242(1.10) 3936(1.10) 401(1.10) 2229(1.10) 4183(1.10) 2857(1.09) 3489(1.09) 576(1.09) 4405(1.09) 3895(1.09) 1178(1.09) 1207(1.08) 2666(1.08) 3729(1.08) 4254(1.08) 529(1.08) 3831(1.08) 2286(1.08) 245(1.08) 1803(1.07) 2242(1.07) 1827(1.07) 2402(1.07) 4415(1.07) 4032(1.07) 3722(1.07) 3279(1.07) 484(1.07) 4002(1.07) 1866(1.07) 4116(1.07) 3703(1.07) 1131(1.07) 214(1.07) 3958(1.07) 2670(1.07) 779(1.07) 503(1.07) 4089(1.07) 1170(1.07) 3247(1.07) 3986(1.07) 1161(1.07) 494(1.07) 228(1.07) 4364(1.07) 3868(1.07) 2353(1.07) 1406(1.07) 2931(1.07) 2367(1.07) 3899(1.07) 2371(1.07) 4054(1.07) 2967(1.07) 2385(1.07) 1127(1.07) 1940(1.07) 3688(1.07) 1778(1.07) 1447(1.07) 2398(1.07) 4029(1.07) 4408(1.07) 3925(1.07) 2093(1.07) 4252(1.07) 3196(1.07) 182(1.07) 1993(1.07) 3388(1.07) 3752(1.07) 3309(1.07) 3276(1.07) 2085(1.07) 3929(1.07) 3800(1.07) 4143(1.07) 867(1.07) 3762(1.07) 2957(1.07) 3364(1.07) 2640(1.07) 56(1.07) 3880(1.07) 488(1.07) 2561(1.07) 2751(1.07) 1240(1.07) 244(1.07) 2673(1.07) 1669(1.07) 4099(1.07) 704(1.07) 4146(1.07) 2139(1.07) 1403(1.07) 4181(1.07) 2867(1.07) 3558(1.07) 4060(1.07) 87(1.07) 3075(1.07) 585(1.07) 2118(1.06) 3779(1.06) 4118(1.06) 2872(1.06) 1121(1.06) 1670(1.06) 1668(1.06) 4092(1.06) 2156(1.06) 776(1.06) 1157(1.06) 1630(1.06) 392(1.06) 1236(1.06) 1208(1.06) 592(1.06) 1959(1.06) 623(1.06) 1994(1.06) 3999(1.05) 232(1.05) 213(1.05) 3054(1.05) 1938(1.05) 3657(1.05) 3955(1.05) 1111(1.05) 462(1.05) 3608(1.05) 4315(1.05) 4433(1.05) 713(1.05) 3754(1.05) 3001(1.05) 4316(1.05) 758(1.05) 4443(1.05) 460(1.05) 3793(1.05) 929(1.05) 3732(1.05) 2865(1.05) 1258(1.05) 1264(1.05) 2129(1.05) 1298(1.05) 981(1.05) 4028(1.05) 2135(1.05) 1173(1.05) 777(1.05) 3727(1.05) 2763(1.05) 4366(1.04) 1469(1.04) 66(1.04) 4301(1.04) 1491(1.04) 3781(1.04) 2951(1.04) 2949(1.04) 3352(1.04) 1409(1.04) 4382(1.04) 3151(1.04) 1519(1.04) 2999(1.04) 3167(1.04) 1502(1.04) 3335(1.04) 197(1.04) 4280(1.04) 1324(1.04) 215(1.04) 433(1.04) 958(1.04) 3251(1.04) 1045(1.04) 2738(1.04) 2741(1.04) 3357(1.04) 3297(1.04) 3887(1.04) 3883(1.04) 372(1.04) 376(1.04) 3353(1.04) 221(1.04) 1412(1.04) 35(1.04) 3981(1.04) 47(1.04) 1372(1.04) 2781(1.04) 461(1.04) 3318(1.04) 1671(1.04) 3272(1.04) 2258(1.04) 1351(1.04) 444(1.04) 1688(1.04) 1517(1.04) 3750(1.04) 3769(1.04) 1560(1.04) 295(1.04) 884(1.04) 3258(1.04) 844(1.04) 64(1.04) 2369(1.04) 17(1.04) 2348(1.04) 3404(1.04) 2343(1.04) 3493(1.04) 4207(1.04) 3867(1.04) 575(1.04) 1474(1.04) 3365(1.04) 19(1.04) 1416(1.04) 2586(1.04) 3273(1.04) 3451(1.04) 3027(1.04) 1863(1.04) 465(1.04) 642(1.04) 241(1.04) 2079(1.04) 2426(1.04) 2447(1.04) 2973(1.04) 452(1.04) 2142(1.04) 656(1.04) 2282(1.03) 2260(1.03) 703(1.03) 1572(1.03) 3387(1.03) 650(1.03) 716(1.03) 2535(1.03) 555(1.03) 1189(1.03) 876(1.03) 1859(1.03) 3926(1.03) 3941(1.03) 2656(1.03) 2583(1.03) 1770(1.03) 525(1.03) 1709(1.03) 3628(1.03) 3431(1.03) 1160(1.03) 1295(1.03) 512(1.03) 508(1.03) 4389(1.03) 3705(1.03) 2943(1.03) 3058(1.03) 1407(1.03) 2966(1.03) 3662(1.03) 74(1.03) 2262(1.03) 4203(1.03) 1070(1.03) 4384(1.03) 4328(1.03) 1110(1.03) 3375(1.03) 1557(1.00) 1543(1.00) 3277(1.00) 1546(1.00) 1552(1.00) 1555(1.00) 3313(1.00) 1539(1.00) 1567(1.00) 3301(1.00) 1540(1.00) 607(1.00) 1551(1.00) 3289(1.00) 1579(1.00) 1549(1.00) 1548(1.00) 1574(1.00) 1562(1.00) 3284(1.00) 3294(1.00) 605(1.00) 603(1.00) 692(1.00) 687(1.00) 686(1.00) 3231(1.00) 679(1.00) 3229(1.00) 3225(1.00) 1475(1.00) 3224(1.00) 3222(1.00) 669(1.00) 634(1.00) 635(1.00) 3218(1.00) 602(1.00) 3217(1.00) 636(1.00) 1478(1.00) 3215(1.00) 660(1.00) 658(1.00) 639(1.00) 655(1.00) 1482(1.00) 1483(1.00) 3211(1.00) 652(1.00) 651(1.00) 646(1.00) 1485(1.00) 666(1.00) 1538(1.00) 1536(1.00) 3275(1.00) 1532(1.00) 611(1.00) 612(1.00) 1471(1.00) 3270(1.00) 1523(1.00) 617(1.00) 618(1.00) 1516(1.00) 619(1.00) 3267(1.00) 620(1.00) 693(1.00) 621(1.00) 1500(1.00) 3253(1.00) 3250(1.00) 1496(1.00) 1495(1.00) 708(1.00) 3246(1.00) 622(1.00) 1472(1.00) 3245(1.00) 1465(1.00) 3241(1.00) 696(1.00) 626(1.00) 3265(1.00) 1087(1.00) 309(1.00) 307(1.00) 306(1.00) 303(1.00) 302(1.00) 1092(1.00) 1098(1.00) 1256(1.00) 292(1.00) 1103(1.00) 286(1.00) 1108(1.00) 282(1.00) 1109(1.00) 272(1.00) 271(1.00) 270(1.00) 296(1.00) 1040(1.00) 734(1.00) 731(1.00) 1049(1.00) 720(1.00) 719(1.00) 718(1.00) 1065(1.00) 313(1.00) 711(1.00) 709(1.00) 1069(1.00) 1079(1.00) 325(1.00) 322(1.00) 321(1.00) 320(1.00) 1084(1.00) 712(1.00) 194(1.00) 193(1.00) 192(1.00) 190(1.00) 186(1.00) 185(1.00) 1149(1.00) 181(1.00) 267(1.00) 1154(1.00) 1155(1.00) 171(1.00) 168(1.00) 1164(1.00) 75(1.00) 1168(1.00) 69(1.00) 67(1.00) 179(1.00) 266(1.00) 265(1.00) 1120(1.00) 1122(1.00) 1124(1.00) 1125(1.00) 1128(1.00) 237(1.00) 234(1.00) 195(1.00) 229(1.00) 224(1.00) 1132(1.00) 1133(1.00) 211(1.00) 1137(1.00) 1141(1.00) 1144(1.00) 202(1.00) 230(1.00) 875(1.00) 874(1.00) 869(1.00) 863(1.00) 959(1.00) 860(1.00) 961(1.00) 852(1.00) 742(1.00) 969(1.00) 973(1.00) 840(1.00) 838(1.00) 837(1.00) 976(1.00) 977(1.00) 980(1.00) 830(1.00) 851(1.00) 912(1.00) 907(1.00) 906(1.00) 918(1.00) 919(1.00) 903(1.00) 920(1.00) 898(1.00) 879(1.00) 933(1.00) 892(1.00) 889(1.00) 944(1.00) 886(1.00) 885(1.00) 883(1.00) 947(1.00) 880(1.00) 895(1.00) 773(1.00) 1011(1.00) 1012(1.00) 1014(1.00) 769(1.00) 768(1.00) 767(1.00) 765(1.00) 984(1.00) 1019(1.00) 1023(1.00) 759(1.00) 757(1.00) 1025(1.00) 1026(1.00) 1034(1.00) 747(1.00) 1035(1.00) 1017(1.00) 988(1.00) 989(1.00) 819(1.00) 818(1.00) 817(1.00) 815(1.00) 990(1.00) 810(1.00) 809(1.00) 778(1.00) 807(1.00) 803(1.00) 800(1.00) 997(1.00) 793(1.00) 792(1.00) 1001(1.00) 786(1.00) 784(1.00) 991(1.00) 438(1.00) 443(1.00) 446(1.00) 447(1.00) 448(1.00) 1380(1.00) 1382(1.00) 1383(1.00) 65(1.00) 458(1.00) 467(1.00) 1386(1.00) 472(1.00) 1397(1.00) 478(1.00) 479(1.00) 482(1.00) 483(1.00) 457(1.00) 1339(1.00) 1340(1.00) 1342(1.00) 1349(1.00) 402(1.00) 406(1.00) 407(1.00) 409(1.00) 431(1.00) 1353(1.00) 414(1.00) 1359(1.00) 1360(1.00) 1361(1.00) 1362(1.00) 1363(1.00) 1365(1.00) 430(1.00) 411(1.00) 1433(1.00) 557(1.00) 1438(1.00) 561(1.00) 562(1.00) 1439(1.00) 566(1.00) 1446(1.00) 485(1.00) 574(1.00) 1452(1.00) 582(1.00) 584(1.00) 588(1.00) 591(1.00) 595(1.00) 1463(1.00) 599(1.00) 571(1.00) 489(1.00) 490(1.00) 496(1.00) 1404(1.00) 1410(1.00) 505(1.00) 509(1.00) 510(1.00) 514(1.00) 551(1.00) 1422(1.00) 1423(1.00) 1427(1.00) 1429(1.00) 540(1.00) 1430(1.00) 545(1.00) 549(1.00) 1432(1.00) 1417(1.00) 20(1.00) 24(1.00) 1212(1.00) 34(1.00) 1220(1.00) 86(1.00) 1223(1.00) 90(1.00) 395(1.00) 93(1.00) 1227(1.00) 1235(1.00) 105(1.00) 1243(1.00) 1244(1.00) 1245(1.00) 113(1.00) 1249(1.00) 1226(1.00) 1176(1.00) 1177(1.00) 58(1.00) 1182(1.00) 1184(1.00) 49(1.00) 48(1.00) 45(1.00) 18(1.00) 1193(1.00) 16(1.00) 15(1.00) 1196(1.00) 1201(1.00) 8(1.00) 7(1.00) 2(1.00) 1(1.00) 41(1.00) 1290(1.00) 340(1.00) 342(1.00) 1294(1.00) 348(1.00) 350(1.00) 1296(1.00) 1299(1.00) 121(1.00) 1302(1.00) 1303(1.00) 1307(1.00) 367(1.00) 1313(1.00) 373(1.00) 1316(1.00) 382(1.00) 384(1.00) 1301(1.00) 124(1.00) 126(1.00) 127(1.00) 1262(1.00) 134(1.00) 1265(1.00) 141(1.00) 143(1.00) 144(1.00) 338(1.00) 1269(1.00) 1272(1.00) 1273(1.00) 1276(1.00) 1278(1.00) 157(1.00) 161(1.00) 1288(1.00) 1289(1.00) 145(1.00) 4020(1.00) 2527(1.00) 2528(1.00) 2529(1.00) 2531(1.00) 4031(1.00) 4036(1.00) 4038(1.00) 2544(1.00) 2547(1.00) 3788(1.00) 2550(1.00) 2551(1.00) 2552(1.00) 4047(1.00) 4052(1.00) 2568(1.00) 2572(1.00) 2573(1.00) 2574(1.00) 4059(1.00) 2578(1.00) 2549(1.00) 3971(1.00) 3974(1.00) 2468(1.00) 2472(1.00) 3978(1.00) 2475(1.00) 2476(1.00) 2483(1.00) 3993(1.00) 2488(1.00) 2489(1.00) 2522(1.00) 3995(1.00) 3998(1.00) 4001(1.00) 4003(1.00) 2503(1.00) 2504(1.00) 2505(1.00) 2512(1.00) 2514(1.00) 2520(1.00) 2521(1.00) 2490(1.00) 2629(1.00) 4087(1.00) 4088(1.00) 2643(1.00) 4093(1.00) 2649(1.00) 4097(1.00) 2655(1.00) 2658(1.00) 2659(1.00) 4100(1.00) 2579(1.00) 2664(1.00) 4102(1.00) 4104(1.00) 4107(1.00) 4108(1.00) 2674(1.00) 2677(1.00) 2678(1.00) 2679(1.00) 2683(1.00) 2685(1.00) 2663(1.00) 2581(1.00) 2582(1.00) 2585(1.00) 2587(1.00) 2589(1.00) 2590(1.00) 4061(1.00) 4062(1.00) 2598(1.00) 2601(1.00) 2602(1.00) 2628(1.00) 2609(1.00) 4069(1.00) 4070(1.00) 2614(1.00) 2615(1.00) 2619(1.00) 4078(1.00) 4081(1.00) 2623(1.00) 4084(1.00) 4086(1.00) 4068(1.00) 3837(1.00) 2278(1.00) 3838(1.00) 3840(1.00) 3841(1.00) 3843(1.00) 2287(1.00) 3845(1.00) 2289(1.00) 2290(1.00) 2298(1.00) 2464(1.00) 3851(1.00) 3855(1.00) 2302(1.00) 2303(1.00) 2305(1.00) 2306(1.00) 3858(1.00) 2311(1.00) 3859(1.00) 2317(1.00) 3864(1.00) 3849(1.00) 3789(1.00) 3790(1.00) 2219(1.00) 2220(1.00) 2221(1.00) 2223(1.00) 3792(1.00) 3795(1.00) 3798(1.00) 2228(1.00) 3799(1.00) 3833(1.00) 2235(1.00) 3804(1.00) 2239(1.00) 2243(1.00) 3813(1.00) 2251(1.00) 3818(1.00) 3820(1.00) 2261(1.00) 3824(1.00) 2269(1.00) 3801(1.00) 2390(1.00) 2394(1.00) 2395(1.00) 3921(1.00) 3930(1.00) 2413(1.00) 3932(1.00) 2422(1.00) 2425(1.00) 2427(1.00) 3942(1.00) 2321(1.00) 3946(1.00) 2435(1.00) 2436(1.00) 3949(1.00) 3956(1.00) 


Filtered 1784 locations: 1869 2636 352 1573 1900 323 2604 2950 3570 3028 1530 1690 2212 3585 2010 1074 4387 217 4039 2915 910 722 587 23 908 1575 1419 3350 2209 2747 3227 165 4240 281 4402 2507 416 1003 260 1510 4106 364 3893 2090 1151 3248 403 4015 2232 1839 1976 4386 559 2608 349 3591 3363 3095 3282 745 1578 2603 3862 170 1823 701 3692 748 3026 1143 2031 3695 1140 788 628 3830 3963 1401 3238 3836 1707 4327 1451 2631 219 187 3496 2293 2237 4308 1964 2706 4378 2675 3386 2577 1089 2392 2841 3380 2760 3376 957 1073 3153 3204 2749 2873 859 3096 2499 3933 3612 2733 1101 3529 2509 2358 3464 2195 33 1283 1146 1878 1643 774 2819 1935 1148 3565 3892 2610 3889 775 1616 2836 4320 1024 2124 2832 2847 422 437 2312 2345 4313 2684 1762 247 3147 2782 1335 3369 1917 114 3158 80 805 2406 3413 3746 1344 3901 2637 1444 1267 3260 589 982 2962 677 3701 739 166 1681 2731 1798 1332 3107 111 1511 487 2449 3739 3544 2178 2056 3822 3249 1721 4045 4272 3658 4450 212 1987 4390 2652 3699 2638 3406 2750 916 1661 1618 877 2119 729 2625 2102 3884 2842 1628 473 1309 1373 506 1960 685 645 531 530 3881 3869 4259 3791 1719 4098 2783 3233 829 4431 985 2208 3720 928 3635 2537 2592 2748 3264 2764 3948 3938 4169 2477 2742 1473 3784 383 2892 71 4082 42 1487 967 1051 3460 4370 3952 2077 1962 3175 1061 456 2898 590 2762 4422 3538 2771 4066 4411 4154 2030 3743 4225 1252 516 3552 2052 3613 3176 1387 4135 3839 3718 3311 3013 856 2657 2515 749 1464 4132 1684 475 2765 249 78 4274 4175 2494 2849 3539 606 4018 3829 3969 2074 2038 10 521 2772 1175 2560 1867 3997 2769 1714 27 264 2634 123 2630 2556 84 1421 3315 4112 1147 2584 4095 1224 198 1786 2789 276 3644 3965 1785 4186 3672 2648 196 535 541 670 2386 2088 4004 4037 2778 2646 2645 1738 481 2495 3645 1725 2571 2745 4137 2743 2424 2712 1251 2611 3679 3516 1415 1250 3702 1506 3656 2716 252 3429 4149 4150 4151 4064 2600 3937 3979 2418 2417 2607 3927 2042 1130 4073 4115 4176 3953 1150 2442 3401 2695 2405 29 2407 2588 103 2434 2752 4133 2081 2617 4023 1214 3992 1248 1729 694 4120 806 1336 3513 3287 3044 3045 812 2250 4363 579 393 1816 2161 3577 1930 3807 1627 3061 3288 3063 820 1492 1554 824 987 1556 1456 3077 1454 1009 2279 1812 374 375 3000 1945 2540 459 3825 3008 3009 789 3036 3012 3213 4339 638 4340 3575 3738 3823 1941 3029 993 3031 3574 450 377 648 873 1605 1905 1904 3773 3327 3170 1576 3174 2193 3322 2192 3079 3186 3510 926 1836 3190 3193 1896 434 2181 3199 1588 2180 917 3206 3545 3082 3569 975 3338 3093 839 841 3742 3103 408 847 848 3293 3115 1890 3118 962 1913 1910 1462 1608 2217 3136 419 954 1568 870 3144 4427 3499 1991 474 1077 2861 1989 2864 615 2339 2338 2869 3271 164 2878 343 715 3598 1979 3878 4265 2331 3874 3871 2896 4273 4276 1876 3216 2879 147 4200 2366 3391 1788 3898 287 2804 668 3477 547 1100 1277 1285 1792 1995 305 1520 1683 2830 1521 3480 158 316 2840 1391 1678 297 1440 3588 610 2304 1804 4319 2954 1652 1015 1385 766 2964 4311 1529 1537 2294 568 1882 1955 362 363 1448 3580 3579 1809 2984 3828 3847 741 351 2918 2916 3856 4291 2921 1527 4292 1846 1526 4294 736 2034 3160 4063 546 532 2682 2753 319 311 2946 888 4161 735 1837 3117 553 25 871 1300 2437 207 1936 236 1765 1104 1983 3101 1596 4145 4392 1402 1038 3368 115 94 2125 801 1584 1413 1400 2506 2635 3905 239 1352 1371 567 1355 3393 3811 3735 3548 517 1004 556 2983 996 699 3714 4055 4410 3689 752 955 2410 128 1374 1476 3065 3707 1764 507 3235 3576 2147 208 4260 3685 4454 1050 4373 1680 1115 100 3056 101 3525 689 1587 3922 1864 2012 2467 233 3947 1985 204 369 1368 1369 4179 4158 3954 3490 1292 256 2037 2569 3149 3435 415 1117 2132 3053 1801 441 2002 3432 3145 2567 725 243 2091 2564 1582 238 1835 1291 2566 1166 413 3461 3582 3536 3780 1042 2844 1783 3674 2076 1759 1796 235 37 38 2814 4016 1436 1455 2469 3321 2363 2485 289 3132 133 3100 137 816 627 2072 794 346 922 596 2035 3057 2040 3034 3766 1031 3177 259 3146 277 2016 2708 3389 3776 2516 231 4337 4355 992 3291 3571 4335 4331 1107 2997 2996 1008 2806 4242 3578 1080 3214 2980 2952 4237 2976 4013 3603 3019 3438 107 3455 3326 4042 98 125 3546 3239 972 3266 643 3278 2381 671 85 3667 1358 721 705 31 3950 2314 4284 3989 4044 1311 4298 2599 3966 2558 2296 3661 1697 3625 3470 3498 3919 39 4012 1745 4065 1916 2580 2114 2404 2851 2429 2058 2906 258 1002 1508 893 1665 3567 1431 4246 2826 4072 953 3262 3861 2249 791 2068 3686 2554 4424 762 3605 3846 2816 3130 813 2790 279 1507 60 1797 405 2928 3816 82 2768 4027 3809 1708 32 1326 2932 528 1807 254 2265 3670 4232 4138 1425 964 1053 3456 1963 681 2019 248 4353 1818 4332 1066 4198 4244 4261 242 3936 401 2229 4183 2857 3489 576 4405 3895 1178 1207 2666 3729 4254 529 3831 2286 245 1803 2242 1827 2402 4415 4032 3722 3279 484 4002 1866 4116 3703 1131 214 3958 2670 779 503 4089 1170 3247 3986 1161 494 228 4364 3868 2353 1406 2931 2367 3899 2371 4054 2967 2385 1127 1940 3688 1778 1447 2398 4029 4408 3925 2093 4252 3196 182 1993 3388 3752 3309 3276 2085 3929 3800 4143 867 3762 2957 3364 2640 56 3880 488 2561 2751 1240 244 2673 1669 4099 704 4146 2139 1403 4181 2867 3558 4060 87 3075 585 2118 3779 4118 2872 1121 1670 1668 4092 2156 776 1157 1630 392 1236 1208 592 1959 623 1994 3999 232 213 3054 1938 3657 3955 1111 462 3608 4315 4433 713 3754 3001 4316 758 4443 460 3793 929 3732 2865 1258 1264 2129 1298 981 4028 2135 1173 777 3727 2763 4366 1469 66 4301 1491 3781 2951 2949 3352 1409 4382 3151 1519 2999 3167 1502 3335 197 4280 1324 215 433 958 3251 1045 2738 2741 3357 3297 3887 3883 372 376 3353 221 1412 35 3981 47 1372 2781 461 3318 1671 3272 2258 1351 444 1688 1517 3750 3769 1560 295 884 3258 844 64 2369 17 2348 3404 2343 3493 4207 3867 575 1474 3365 19 1416 2586 3273 3451 3027 1863 465 642 241 2079 2426 2447 2973 452 2142 656 2282 2260 703 1572 3387 650 716 2535 555 1189 876 1859 3926 3941 2656 2583 1770 525 1709 3628 3431 1160 1295 512 508 4389 3705 2943 3058 1407 2966 3662 74 2262 4203 1070 4384 4328 1110 3375 1557 1543 3277 1546 1552 1555 3313 1539 1567 3301 1540 607 1551 3289 1579 1549 1548 1574 1562 3284 3294 605 603 692 687 686 3231 679 3229 3225 1475 3224 3222 669 634 635 3218 602 3217 636 1478 3215 660 658 639 655 1482 1483 3211 652 651 646 1485 666 1538 1536 3275 1532 611 612 1471 3270 1523 617 618 1516 619 3267 620 693 621 1500 3253 3250 1496 1495 708 3246 622 1472 3245 1465 3241 696 626 3265 1087 309 307 306 303 302 1092 1098 1256 292 1103 286 1108 282 1109 272 271 270 296 1040 734 731 1049 720 719 718 1065 313 711 709 1069 1079 325 322 321 320 1084 712 194 193 192 190 186 185 1149 181 267 1154 1155 171 168 1164 75 1168 69 67 179 266 265 1120 1122 1124 1125 1128 237 234 195 229 224 1132 1133 211 1137 1141 1144 202 230 875 874 869 863 959 860 961 852 742 969 973 840 838 837 976 977 980 830 851 912 907 906 918 919 903 920 898 879 933 892 889 944 886 885 883 947 880 895 773 1011 1012 1014 769 768 767 765 984 1019 1023 759 757 1025 1026 1034 747 1035 1017 988 989 819 818 817 815 990 810 809 778 807 803 800 997 793 792 1001 786 784 991 438 443 446 447 448 1380 1382 1383 65 458 467 1386 472 1397 478 479 482 483 457 1339 1340 1342 1349 402 406 407 409 431 1353 414 1359 1360 1361 1362 1363 1365 430 411 1433 557 1438 561 562 1439 566 1446 485 574 1452 582 584 588 591 595 1463 599 571 489 490 496 1404 1410 505 509 510 514 551 1422 1423 1427 1429 540 1430 545 549 1432 1417 20 24 1212 34 1220 86 1223 90 395 93 1227 1235 105 1243 1244 1245 113 1249 1226 1176 1177 58 1182 1184 49 48 45 18 1193 16 15 1196 1201 8 7 2 1 41 1290 340 342 1294 348 350 1296 1299 121 1302 1303 1307 367 1313 373 1316 382 384 1301 124 126 127 1262 134 1265 141 143 144 338 1269 1272 1273 1276 1278 157 161 1288 1289 145 4020 2527 2528 2529 2531 4031 4036 4038 2544 2547 3788 2550 2551 2552 4047 4052 2568 2572 2573 2574 4059 2578 2549 3971 3974 2468 2472 3978 2475 2476 2483 3993 2488 2489 2522 3995 3998 4001 4003 2503 2504 2505 2512 2514 2520 2521 2490 2629 4087 4088 2643 4093 2649 4097 2655 2658 2659 4100 2579 2664 4102 4104 4107 4108 2674 2677 2678 2679 2683 2685 2663 2581 2582 2585 2587 2589 2590 4061 4062 2598 2601 2602 2628 2609 4069 4070 2614 2615 2619 4078 4081 2623 4084 4086 4068 3837 2278 3838 3840 3841 3843 2287 3845 2289 2290 2298 2464 3851 3855 2302 2303 2305 2306 3858 2311 3859 2317 3864 3849 3789 3790 2219 2220 2221 2223 3792 3795 3798 2228 3799 3833 2235 3804 2239 2243 3813 2251 3818 3820 2261 3824 2269 3801 2390 2394 2395 3921 3930 2413 3932 2422 2425 2427 3942 2321 3946 2435 2436 3949 3956 

Extracted 0 prioritized locations: 

Final instance parameters:
loc_max_id: 4461
loc_cnt: 1784
service: fnl4461_0250
cust_max_id: 4461
cust_cnt: 4461
unweighted obj function
p: 250
total_demand: 224395.00
threshold_dist: 517.51



-------------------------------------------------
Final Problem RSSV heuristic
-------------------------------------------------
    RSSV_EXACT_CPMP_BIN
-------------------------------------------------
Gap Cplex Reports: gap_Bin_service_fnl4461_0250_p_250_RSSV_EXACT_CPMP_BIN.csv
[CALLBACK] Generating reports cplex callbacks...
[CALLBACK] Using BreakCallback...
Time Limit with not improving 1.00% (gap): 120.00 seconds
Time Limit with Gap less than 1%: 120.00 seconds
Default row names c1, c2 ... being created.
Version identifier: 22.1.1.0 | 2022-11-28 | 9160aff4d
CPXPARAM_TimeLimit                               2100
Legacy callback                                  i
Tried aggregator 1 time.
MIP Presolve eliminated 7442445 rows and 7442445 columns.
Reduced MIP has 6246 rows, 517763 columns, and 1035526 nonzeros.
Reduced MIP has 517763 binaries, 0 generals, 0 SOSs, and 0 indicators.
Presolve time = 18.73 sec. (6740.02 ticks)
Tried aggregator 1 time.
Detecting symmetries...
Reduced MIP has 6246 rows, 517763 columns, and 1035526 nonzeros.
Reduced MIP has 517763 binaries, 0 generals, 0 SOSs, and 0 indicators.
Presolve time = 3.80 sec. (1060.90 ticks)
Probing time = 3.34 sec. (111.84 ticks)
Clique table members: 520440.
MIP emphasis: balance optimality and feasibility.
MIP search method: dynamic search.
Parallel mode: deterministic, using up to 32 threads.
Root relaxation solution time = 3.60 sec. (514.86 ticks)

        Nodes                                         Cuts/
   Node  Left     Objective  IInf  Best Integer    Best Bound    ItCnt     Gap

*     0+    0                       816118.8530        0.0000           100.00%
*     0+    0                       781046.9141        0.0000           100.00%
*     0+    0                       780637.7935        0.0000           100.00%
      0     0   138441.0083  1728   780637.7935   138441.0083     1760   82.27%
Time: 104.61 seconds
MIP Gap: 0.82
Nodes: 0
Best Objective: 138441.008321033325046
Incumbent Obj:  780637.793481667409651
*     0+    0                       780565.3466   138441.0083            82.26%
Time: 113.232105970382690 seconds
MIP Gap: 0.822640078853240
Nodes: 0
Best Objective: 138441.008321033325046
Incumbent Obj:  780565.346589647233486
      0     0   188500.5496  3629   780565.3466    Cuts: 1661     4992   75.85%
Time: 118.740067005157471 seconds
MIP Gap: 0.758507663103463
Nodes: 0
Best Objective: 188500.549648389336653
Incumbent Obj:  780565.346589647233486
      0     0   217306.6377  5572   780565.3466    Cuts: 1661     8160   72.16%
Time: 125.503801107406616 seconds
MIP Gap: 0.721603529163817
Nodes: 0
Best Objective: 217306.637747579719871
Incumbent Obj:  780565.346589647233486
      0     0   236743.2394  7122   780565.3466    Cuts: 1661    11196   69.67%
*     0+    0                       776519.2669   236743.2394            69.51%
      0     0  -1.00000e+75     0   776519.2669   236743.2394    11196   69.51%
Time: 144.319380998611450 seconds
MIP Gap: 0.695122517300201
Nodes: 0
Best Objective: 236743.239367817499442
Incumbent Obj:  776519.266924444702454
Time: 150.338615894317627 seconds
MIP Gap: 0.695122517300201
Nodes: 0
Best Objective: 236743.239367817499442
Incumbent Obj:  776519.266924444702454
      0     0   251607.7944  8385   776519.2669    Cuts: 1661    14659   67.60%
Time: 161.407706022262573 seconds
MIP Gap: 0.675979972234479
Nodes: 0
Best Objective: 251607.794429320754716
Incumbent Obj:  776519.266924444702454
      0     0   263738.9630  9654   776519.2669    Cuts: 1661    18074   66.04%
Detecting symmetries...
Time: 181.561256885528564 seconds
MIP Gap: 0.660357476928073
Nodes: 0
Best Objective: 263738.963032181316521
Incumbent Obj:  776519.266924444702454
      0     0   273866.8698 10629   776519.2669    Cuts: 1661    21540   64.73%
Time: 211.356419086456299 seconds
MIP Gap: 0.647314778280889
Nodes: 0
Best Objective: 273866.869824409543071
Incumbent Obj:  776519.266924444702454
      0     0   282441.7224 11757   776519.2669    Cuts: 1661    25316   63.63%
Time: 247.492753982543945 seconds
MIP Gap: 0.636272099797720
Nodes: 0
Best Objective: 282441.722425042127725
Incumbent Obj:  776519.266924444702454
      0     0   290095.0220 12594   776519.2669    Cuts: 1661    29678   62.64%
Time: 286.016958951950073 seconds
MIP Gap: 0.626416195479580
Nodes: 0
Best Objective: 290095.022021041717380
Incumbent Obj:  776519.266924444702454
      0     0   295923.8185 13582   776519.2669    Cuts: 1661    34299   61.89%
Time: 334.968431949615479 seconds
MIP Gap: 0.618909882710191
Nodes: 0
Best Objective: 295923.818510033364873
Incumbent Obj:  776519.266924444702454
      0     0   301185.0234 14401   776519.2669    Cuts: 1661    38493   61.21%
Time: 382.690488100051880 seconds
MIP Gap: 0.612134513257576
Nodes: 0
Best Objective: 301185.023430520086549
Incumbent Obj:  776519.266924444702454
      0     0   305383.7543 14998   776519.2669    Cuts: 1661    43316   60.67%
Time: 461.063424110412598 seconds
MIP Gap: 0.606727395799486
Nodes: 0
Best Objective: 305383.754315250727814
Incumbent Obj:  776519.266924444702454
      0     0   308956.8646 15384   776519.2669    Cuts: 1661    48629   60.21%
Time: 551.978605985641479 seconds
MIP Gap: 0.602125951355204
Nodes: 0
Best Objective: 308956.864581917587202
Incumbent Obj:  776519.266924444702454
      0     0   312023.8304 16387   776519.2669    Cuts: 1661    53848   59.82%
Time: 635.807543992996216 seconds
MIP Gap: 0.598176318716811
Nodes: 0
Best Objective: 312023.830422903934959
Incumbent Obj:  776519.266924444702454
      0     0   314566.4146 16791   776519.2669    Cuts: 1661    59166   59.49%
*     0+    0                       422359.5084   314566.4146            25.52%
Time: 735.881818056106567 seconds
MIP Gap: 0.255216448610738
Nodes: 0
Best Objective: 314566.414610672974959
Incumbent Obj:  422359.508375158300623
      0     0   316680.2877 16955   422359.5084    Cuts: 1661    65491   25.02%
*     0+    0                       398381.7549   316680.2877            20.51%
*     0+    0                       398362.0602   316680.2877            20.50%
Time: 1163.980947017669678 seconds
MIP Gap: 0.205044055781490
Nodes: 0
Best Objective: 316680.287734011479188
Incumbent Obj:  398362.060233825119212
      0     0   323983.0743 19363   398362.0602    Cuts: 1661    72630   18.67%
*     0+    0                       394566.3537   323983.0743            17.89%
Time: 1375.677618026733398 seconds
MIP Gap: 0.178888236971959
Nodes: 0
Best Objective: 323983.074279079330154
Incumbent Obj:  394566.353652414050885
      0     0   329020.8091 20007   394566.3537    Cuts: 1661    83480   16.61%
*     0+    0                       393743.9651   329020.8091            16.44%
Time: 1569.699455976486206 seconds
MIP Gap: 0.164378788700916
Nodes: 0
Best Objective: 329020.809097442019265
Incumbent Obj:  393743.965146523201838
      0     0   332559.5857 20562   393743.9651    Cuts: 1661    92991   15.54%
Time: 1790.341840028762817 seconds
MIP Gap: 0.155391281911507
Nodes: 0
Best Objective: 332559.585657485236879
Incumbent Obj:  393743.965146523201838
      0     0   335408.8814 20791   393743.9651    Cuts: 1661   104362   14.82%
*     0+    0                       388814.5364   335408.8814            13.74%
Time: 1982.985282897949219 seconds
MIP Gap: 0.137355088282217
Nodes: 0
Best Objective: 335408.881432785536163
Incumbent Obj:  388814.536406279192306
      0     0   337288.6872 21513   388814.5364    Cuts: 1661   113432   13.25%

Clique cuts applied:  10402
Cover cuts applied:  6868
Mixed integer rounding cuts applied:  6148
Zero-half cuts applied:  929

Root node processing (before b&c):
  Real time             = 2104.88 sec. (883903.20 ticks)
Parallel b&c, 32 threads:
  Real time             =    0.00 sec. (0.00 ticks)
  Sync time (average)   =    0.00 sec.
  Wait time (average)   =    0.00 sec.
                          ------------
Total (root+branch&cut) = 2104.88 sec. (883903.20 ticks)
[INFO] Saving variables cplex:
./outputs/solutions/2024-08-28_LIT_seed_500_Subp_nxC/VarsValues_cplex/test_lit_fnl4461_0250_CPMP_Vars_Bin_p_250_RSSV_EXACT_CPMP_BIN.txt
[INFO] Saving results cplex: 
./outputs/solutions/2024-08-28_LIT_seed_500_Subp_nxC/Results_cplex/test_lit_fnl4461_0250_Bin_RSSV_EXACT_CPMP_BIN.csv

Final solution CPMP:
p locations: 1035 1012 1040 3843 1475 3816 1671 3318 3887 4254 4280 545 1670 3196 4433 779 1207 525 3558 3895 980 883 741 31 2931 235 1796 1351 15 3075 3490 472 809 4179 3309 3315 4454 1421 1168 1575 4422 1955 729 84 720 4427 3661 4335 3480 745 4115 1201 1355 1374 1523 3545 2209 3053 2042 3235 2558 3569 2381 406 264 3247 888 414 1025 351 430 1439 1272 514 2685 384 1301 1472 124 431 3464 2156 134 2472 1804 1269 1963 1289 145 4363 319 2490 2657 3158 1846 161 3795 3969 1273 599 2269 766 3262 566 4273 3271 1935 1572 85 3792 2306 1827 3849 4081 2321 1964 3833 2290 954 3065 1729 3186 2512 2528 3718 3044 4392 1359 3703 3029 3363 2220 1941 2278 2615 402 2239 1401 1738 3282 1476 818 2503 3672 2589 2088 3930 2587 2476 4061 1365 1882 2677 2529 182 1193 532 1410 2579 2674 1839 367 4100 4424 4087 2867 3720 4118 411 2228 4244 2896 2544 2550 1876 2294 2289 4311 2161 2879 2864 1009 3031 3732 1373 699 25 3699 3856 3193 1485 474 3170 1904 735 375 2305 4327 957 1788 3136 1406 3822 1463 115 2614 3288 3807 1100 4133 4176 4150 2574 1900 4265 487 2551 3225 3901 531 364 3493 2819 775 1786 2861 2983 3645 4319 3438 1079 2764 2090 4298 2950 3287 289 3322 2648 1792 4151 2208 1324 4020 3009 2675 1115 3840 1818 3862 
p size: 250
objective: 388814.536406277620699
sum (dij * xij) 
demand/capacity: 224395.000000000000000/280500
Solution is Feasible
Statistics:
Max distance: 269.785099662675975
Min distance: 0.000000000000000
Avg distance: 87.158604888203911
Std deviation distance: 43.452598569914009


Final total elapsed time: 2497s
[INFO] Saving assignment: ./outputs/solutions/2024-08-28_LIT_seed_500_Subp_nxC/Assignments/test_lit_fnl4461_0250_p_250_RSSV_EXACT_CPMP_BIN.txt
[INFO] Saving results: ./outputs/solutions/2024-08-28_LIT_seed_500_Subp_nxC/test_lit_fnl4461_0250_results_RSSV_EXACT_CPMP_BIN.csv
[INFO] Saving all results: ./outputs/solutions/test_all_results.csv
Post Optimization: EXACT_CPMP_BIN


-------------------------------------------------
Post Optimization
-------------------------------------------------
method: EXACT_CPMP_BIN
-------------------------------------------------
Time for post-optimization: 1103.000000000000000s
PostOptimization constructor for Solution_cap
p locations: 1035 1012 1040 3843 1475 3816 1671 3318 3887 4254 4280 545 1670 3196 4433 779 1207 525 3558 3895 980 883 741 31 2931 235 1796 1351 15 3075 3490 472 809 4179 3309 3315 4454 1421 1168 1575 4422 1955 729 84 720 4427 3661 4335 3480 745 4115 1201 1355 1374 1523 3545 2209 3053 2042 3235 2558 3569 2381 406 264 3247 888 414 1025 351 430 1439 1272 514 2685 384 1301 1472 124 431 3464 2156 134 2472 1804 1269 1963 1289 145 4363 319 2490 2657 3158 1846 161 3795 3969 1273 599 2269 766 3262 566 4273 3271 1935 1572 85 3792 2306 1827 3849 4081 2321 1964 3833 2290 954 3065 1729 3186 2512 2528 3718 3044 4392 1359 3703 3029 3363 2220 1941 2278 2615 402 2239 1401 1738 3282 1476 818 2503 3672 2589 2088 3930 2587 2476 4061 1365 1882 2677 2529 182 1193 532 1410 2579 2674 1839 367 4100 4424 4087 2867 3720 4118 411 2228 4244 2896 2544 2550 1876 2294 2289 4311 2161 2879 2864 1009 3031 3732 1373 699 25 3699 3856 3193 1485 474 3170 1904 735 375 2305 4327 957 1788 3136 1406 3822 1463 115 2614 3288 3807 1100 4133 4176 4150 2574 1900 4265 487 2551 3225 3901 531 364 3493 2819 775 1786 2861 2983 3645 4319 3438 1079 2764 2090 4298 2950 3287 289 3322 2648 1792 4151 2208 1324 4020 3009 2675 1115 3840 1818 3862 
p size: 250
objective: 388814.536406277620699
sum (dij * xij) 
demand/capacity: 224395.000000000000000/280500
Solution is Feasible
[INFO] Running post-optimization
Time limit: 1103.000000000000000
Max size of the neigh: 16
 ------------------------------------ 

Iteration Post-Optimization: 1
Size of neighborhood: 1
[INFO] Adding MIP start solution
Gap Cplex Reports: gap_Bin_service_fnl4461_0250_p_250_RSSV_POSTOPT.csv
[CALLBACK] Generating reports cplex callbacks...
Default row names c1, c2 ... being created.
Version identifier: 22.1.1.0 | 2022-11-28 | 9160aff4d
CPXPARAM_TimeLimit                               1103
CPXPARAM_MIP_Tolerances_LowerCutoff              337288.68717601808
Legacy callback                                  i
1 of 2 MIP starts provided solutions.
MIP start 'm1' defined initial solution with objective 388188.8321.
Tried aggregator 1 time.
Presolve has eliminated 19523444 rows and 19523444 columns...
MIP Presolve eliminated 19523444 rows and 19523444 columns.
MIP Presolve modified 1 coefficients.
Reduced MIP has 9173 rows, 381538 columns, and 763576 nonzeros.
Reduced MIP has 381538 binaries, 0 generals, 0 SOSs, and 0 indicators.
Presolve time = 38.17 sec. (13246.91 ticks)
Tried aggregator 1 time.
Detecting symmetries...
Reduced MIP has 9173 rows, 381538 columns, and 763576 nonzeros.
Reduced MIP has 381538 binaries, 0 generals, 0 SOSs, and 0 indicators.
Presolve time = 2.95 sec. (855.13 ticks)
Probing time = 3.70 sec. (84.85 ticks)
Clique table members: 381788.
MIP emphasis: balance optimality and feasibility.
MIP search method: dynamic search.
Parallel mode: deterministic, using up to 32 threads.
Root relaxation solution time = 2.86 sec. (961.93 ticks)

        Nodes                                         Cuts/
   Node  Left     Objective  IInf  Best Integer    Best Bound    ItCnt     Gap

*     0+    0                       388188.8321        0.0000           100.00%
      0     0   318229.5663   856   388188.8321   318229.5663    16355   18.02%
Time: 347.163545846939087 seconds
MIP Gap: 0.180219676661523
Nodes: 0
Best Objective: 318229.566310956957750
Incumbent Obj:  388188.832119069993496
      0     0   345571.8244  4311   388188.8321    Cuts: 2393    20091   10.98%
Time: 356.410259962081909 seconds
MIP Gap: 0.109784218952474
Nodes: 0
Best Objective: 345571.824378805002198
Incumbent Obj:  388188.832119069993496
      0     0   357957.0865  4765   388188.8321    Cuts: 2393    23274    7.79%
      0     0   361039.6079  2966   388188.8321    Cuts: 1845    24726    6.99%
*     0+    0                       384749.1615   361039.6079             6.16%
      0     0  -1.00000e+75     0   384749.1615   361039.6079    24726    6.16%
Time: 378.769357919692993 seconds
MIP Gap: 0.061623405707801
Nodes: 0
Best Objective: 361039.607851139095146
Incumbent Obj:  384749.161527696705889
      0     0   362643.4523  2998   384749.1615     Cuts: 815    25842    5.75%
Time: 384.428488969802856 seconds
MIP Gap: 0.057454859921607
Nodes: 0
Best Objective: 362643.452347167127300
Incumbent Obj:  384749.161527696705889
      0     0   363896.3598  2437   384749.1615     Cuts: 680    26640    5.42%
Detecting symmetries...
      0     0   365014.1112  2709   384749.1615     Cuts: 646    27419    5.13%
Time: 392.069283962249756 seconds
MIP Gap: 0.051293289965353
Nodes: 0
Best Objective: 365014.111221530067269
Incumbent Obj:  384749.161527696705889
      0     0   365796.8913  2522   384749.1615     Cuts: 628    28164    4.93%
      0     0   366591.1266  2477   384749.1615     Cuts: 686    28817    4.72%
Time: 398.756752014160156 seconds
MIP Gap: 0.047194475598277
Nodes: 0
Best Objective: 366591.126612520311028
Incumbent Obj:  384749.161527696705889
      0     0   367300.7140  2767   384749.1615     Cuts: 529    29582    4.54%
      0     0   367902.2555  2707   384749.1615     Cuts: 487    30258    4.38%
Time: 407.879715919494629 seconds
MIP Gap: 0.043786725832954
Nodes: 0
Best Objective: 367902.255477424361743
Incumbent Obj:  384749.161527696705889
      0     0   368394.7393  2703   384749.1615     Cuts: 529    30884    4.25%
      0     0   368926.3467  2932   384749.1615     Cuts: 449    31586    4.11%
Time: 416.648294925689697 seconds
MIP Gap: 0.041125014506573
Nodes: 0
Best Objective: 368926.346678478294052
Incumbent Obj:  384749.161527696705889
      0     0   369312.4414  2161   384749.1615     Cuts: 489    32218    4.01%
      0     0   369670.6249  2334   384749.1615     Cuts: 459    32828    3.92%
Time: 424.848499059677124 seconds
MIP Gap: 0.039190564020212
Nodes: 0
Best Objective: 369670.624881122435909
Incumbent Obj:  384749.161527696705889
      0     0   370053.4955  2626   384749.1615     Cuts: 516    33456    3.82%
      0     0   370384.7600  2312   384749.1615     Cuts: 473    34029    3.73%
Time: 432.437383890151978 seconds
MIP Gap: 0.037334458279823
Nodes: 0
Best Objective: 370384.760008444078267
Incumbent Obj:  384749.161527696705889
      0     0   370667.1776  2407   384749.1615     Cuts: 446    34558    3.66%
      0     0   370917.7768  2557   384749.1615     Cuts: 404    35098    3.59%
Time: 439.253715991973877 seconds
MIP Gap: 0.035949096561781
Nodes: 0
Best Objective: 370917.776767873438075
Incumbent Obj:  384749.161527696705889
      0     0   371167.1401  2931   384749.1615     Cuts: 377    35608    3.53%
      0     0   371368.1876  3078   384749.1615     Cuts: 414    36110    3.48%
Time: 445.990954875946045 seconds
MIP Gap: 0.034778435511063
Nodes: 0
Best Objective: 371368.187625570048112
Incumbent Obj:  384749.161527696705889
      0     0   371560.6945  2820   384749.1615     Cuts: 406    36637    3.43%
      0     0   371710.1773  3031   384749.1615     Cuts: 415    37099    3.39%
Time: 453.507420063018799 seconds
MIP Gap: 0.033889571469353
Nodes: 0
Best Objective: 371710.177320330287330
Incumbent Obj:  384749.161527696705889
      0     0   371856.8116  2691   384749.1615     Cuts: 390    37585    3.35%
      0     0   371999.5501  3131   384749.1615     Cuts: 293    38072    3.31%
*     0+    0                       381266.9896   371999.5501             2.43%
Time: 461.318420886993408 seconds
MIP Gap: 0.024306954890919
Nodes: 0
Best Objective: 371999.550080320972484
Incumbent Obj:  381266.989597872889135
      0     0   372127.1362  2567   381266.9896     Cuts: 365    38489    2.40%
*     0+    0                       378368.0971   372127.1362             1.65%
*     0+    0                       377961.4275   372127.1362             1.54%
      0     0  -1.00000e+75     0   377961.4275   372127.1362    38489    1.54%
Time: 485.988944053649902 seconds
MIP Gap: 0.015436208224033
Nodes: 0
Best Objective: 372127.136243944987655
Incumbent Obj:  377961.427540106698871
      0     0   372261.9049  2321   377961.4275     Cuts: 282    39049    1.51%
Time: 493.040814876556396 seconds
MIP Gap: 0.015079641096309
Nodes: 0
Best Objective: 372261.904864553245716
Incumbent Obj:  377961.427540106698871
      0     0   372355.2656  2849   377961.4275     Cuts: 364    39511    1.48%
      0     0   372476.0772  2571   377961.4275     Cuts: 319    39999    1.45%
Time: 499.816472053527832 seconds
MIP Gap: 0.014512989904659
Nodes: 0
Best Objective: 372476.077157866617199
Incumbent Obj:  377961.427540106698871
      0     0   372586.3957  2884   377961.4275     Cuts: 312    40428    1.42%
      0     0   372692.9192  2974   377961.4275     Cuts: 312    40889    1.39%
*     0+    0                       377555.9469   372692.9192             1.29%
      0     0  -1.00000e+75     0   377555.9469   372692.9192    40889    1.29%
Detecting symmetries...
Time: 641.551094055175781 seconds
MIP Gap: 0.012880283718180
Nodes: 0
Best Objective: 372692.919164954393636
Incumbent Obj:  377555.946880258328747
      0     2   372692.9192  2974   377555.9469   372692.9192    40889    1.29%
Elapsed time = 528.06 sec. (110726.74 ticks, tree = 0.02 MB, solutions = 6)
Time: 647.084672927856445 seconds
MIP Gap: 0.012879766312369
Nodes: 2
Best Objective: 372693.114514595421497
Incumbent Obj:  377555.946880258328747
      2     4   372706.1812  2837   377555.9469   372693.1145    40952    1.29%
      4     6   372710.8360  2674   377555.9469   372693.1145    40993    1.29%
      8     9   372721.8975  2404   377555.9469   372693.1145    41046    1.29%
     10     5   372708.0395  2723   377555.9469   372693.1145    40984    1.29%
Time: 655.982743978500366 seconds
MIP Gap: 0.012877320218785
Nodes: 13
Best Objective: 372694.038051774783526
Incumbent Obj:  377555.946880258328747
     16    14   372797.1290  2443   377555.9469   372694.0381    41583    1.29%
     20    22   372819.7738  2160   377555.9469   372694.0381    42448    1.29%
Time: 661.047344923019409 seconds
MIP Gap: 0.012877320218785
Nodes: 23
Best Objective: 372694.038051774783526
Incumbent Obj:  377555.946880258328747
     31    31   372824.9923  1979   377555.9469   372694.0381    42696    1.29%
     49    38   372833.3445  1870   377555.9469   372694.0381    43178    1.29%
     66    43   372818.0023  2084   377555.9469   372694.0381    43624    1.29%
Time: 672.279589891433716 seconds
MIP Gap: 0.012827193760378
Nodes: 74
Best Objective: 372712.963594242406543
Incumbent Obj:  377555.946880258328747
    133    96   372990.3554  2162   377555.9469   372798.9701    52702    1.26%
Elapsed time = 561.46 sec. (114294.36 ticks, tree = 9.07 MB, solutions = 6)
Time: 683.699133872985840 seconds
MIP Gap: 0.012599395632411
Nodes: 144
Best Objective: 372798.970132144400850
Incumbent Obj:  377555.946880258328747
    358   231   372965.1108  1921   377555.9469   372798.9701    61282    1.26%
Time: 693.503370046615601 seconds
MIP Gap: 0.012599395632411
Nodes: 370
Best Objective: 372798.970132144400850
Incumbent Obj:  377555.946880258328747
Time: 704.707635879516602 seconds
MIP Gap: 0.012599395632411
Nodes: 481
Best Objective: 372798.970132144400850
Incumbent Obj:  377555.946880258328747
    611   524   372980.2719  1363   377555.9469   372798.9701    66737    1.26%
*   635+   46                       376294.9208   372798.9701             0.93%
    680   600        cutoff         376294.9208   372798.9701    69374    0.93%
    686   618   373087.0518  1203   376294.9208   372798.9701    70752    0.93%
    704   634        cutoff         376294.9208   372798.9701    71815    0.93%
    755   656   373071.6324  1259   376294.9208   372798.9701    74740    0.93%
    767   653   373107.0437  1089   376294.9208   372802.8711    75305    0.93%
    793   672   373074.8147  1141   376294.9208   372802.8711    75614    0.93%
    839   715   373076.9775  1146   376294.9208   372802.8711    76852    0.93%
    886   721   373074.4403  1199   376294.9208   372802.8711    77299    0.93%
Elapsed time = 726.62 sec. (124755.12 ticks, tree = 105.13 MB, solutions = 9)
Time: 851.483459949493408 seconds
MIP Gap: 0.009280087249002
Nodes: 788
Best Objective: 372802.871089363121428
Incumbent Obj:  376294.920785609865561
    906   734   376118.0772   267   376294.9208   372802.8711    83993    0.93%
Time: 865.256919860839844 seconds
MIP Gap: 0.009280087249002
Nodes: 801
Best Objective: 372802.871089363121428
Incumbent Obj:  376294.920785609865561
    922   494   376006.1404   770   376294.9208   372802.8711    69805    0.93%
    937   748   376089.0360   541   376294.9208   372802.8711   100727    0.93%
    967   752   373145.1484  1847   376294.9208   372802.8711   104170    0.93%
Time: 885.537275075912476 seconds
MIP Gap: 0.009280087249002
Nodes: 880
Best Objective: 372802.871089363121428
Incumbent Obj:  376294.920785609865561
   1001   788   376206.4959   181   376294.9208   372802.8711   111404    0.93%
   1053   849   376219.1632   173   376294.9208   372802.8711   120427    0.93%
Time: 902.475972890853882 seconds
MIP Gap: 0.009280087249002
Nodes: 960
Best Objective: 372802.871089363121428
Incumbent Obj:  376294.920785609865561
   1096   896   376177.9651   156   376294.9208   372802.8711   131267    0.93%
   1161   905   373172.1145  1685   376294.9208   372802.8711   132404    0.93%
Time: 918.211482048034668 seconds
MIP Gap: 0.009280087249002
Nodes: 1053
Best Objective: 372802.871089363121428
Incumbent Obj:  376294.920785609865561
   1193   847   373168.1476  1921   376294.9208   372802.8711   128931    0.93%
   1236  1020   376210.6458   424   376294.9208   372802.8711   154727    0.93%
Elapsed time = 815.10 sec. (134459.87 ticks, tree = 150.84 MB, solutions = 9)
Time: 938.820545911788940 seconds
MIP Gap: 0.009280087249002
Nodes: 1170
Best Objective: 372802.871089363121428
Incumbent Obj:  376294.920785609865561
   1284  1021   373276.5478  1909   376294.9208   372802.8711   157152    0.93%
   1379  1094   376229.3265   106   376294.9208   372802.8711   159584    0.93%
Time: 957.524626016616821 seconds
MIP Gap: 0.009280087249002
Nodes: 1309
Best Objective: 372802.871089363121428
Incumbent Obj:  376294.920785609865561
   1478  1194   373363.8214  1240   376294.9208   372802.8711   174036    0.93%
   1582  1249   373308.5990  1155   376294.9208   372802.8711   177189    0.93%
Time: 985.376908063888550 seconds
MIP Gap: 0.009280087249002
Nodes: 1444
Best Objective: 372802.871089363121428
Incumbent Obj:  376294.920785609865561
   1691  1352   373419.2756  1117   376294.9208   372802.8711   185322    0.93%
   1753  1353   373424.2712  1068   376294.9208   372802.8711   185693    0.93%
   1796  1374   373478.4091  1052   376294.9208   372809.4571   189174    0.93%
   1816  1385   373562.7154   979   376294.9208   372809.4571   191486    0.93%
   1836  1448   373296.3303  2509   376294.9208   372809.4571   195243    0.93%
   1874  1465   373610.7808   857   376294.9208   372809.4571   197867    0.93%
Elapsed time = 909.65 sec. (144124.34 ticks, tree = 258.18 MB, solutions = 10)
   1939  1465   373331.6621  2314   376294.9208   372809.4571   197901    0.93%
   2005  1561        cutoff         376294.9208   372809.4571   206461    0.93%
   2078  1565        cutoff         376294.9208   372809.4571   206572    0.93%
   2133  1690   373433.0912  1249   376294.9208   372809.4571   225306    0.93%
   2210  1699   373432.5228  1862   376294.9208   372809.4571   226379    0.93%
Time: 1091.673019886016846 seconds
MIP Gap: 0.009262584920663
Nodes: 2138
Best Objective: 372809.457126618945040
Incumbent Obj:  376294.920785609865561
   2297  1701   373560.8215   985   376294.9208   372809.4571   226939    0.93%
   2398  1820   373583.6415   723   376294.9208   372809.4571   246669    0.93%
   2530  1834        cutoff         376294.9208   372809.4571   250281    0.93%
   2698  1854   373805.8348   715   376294.9208   372809.4571   252665    0.93%
Starting limited solution polishing.
   2877  1899        cutoff         376294.9208   372809.4571   259587    0.93%
Elapsed time = 1035.35 sec. (153786.78 ticks, tree = 367.69 MB, solutions = 10)
*  2933+ 1970                       376265.4244   372809.4571             0.92%
Time: 1156.120792865753174 seconds
MIP Gap: 0.009262584920663
Nodes: 2748
Best Objective: 372809.457126618945040
Incumbent Obj:  376294.920785609865561
   3076  1963   373547.7262  1009   376265.4244   372809.4571   265942    0.92%
*  3121+ 2029                       376244.0844   372809.4571             0.91%
*  3145+ 2053                       376169.5099   372809.4571             0.89%
   3224  2067   373666.5358   782   376169.5099   372809.4571   272833    0.89%
   3329  1929        cutoff         376169.5099   372809.4571   278137    0.89%
   3381  1951        cutoff         376169.5099   372809.4571   279248    0.89%
Time: 1194.522983074188232 seconds
MIP Gap: 0.008932283586406
Nodes: 2901
Best Objective: 372809.457126618945040
Incumbent Obj:  376169.509865295083728
   3439  1953   373871.5786   708   376169.5099   372809.4571   279290    0.89%
*  3453+ 1942                       376160.9123   372809.4571             0.89%
   3490  1991   373642.4495   723   376160.9123   372809.4571   280834    0.89%
   3548  1999        cutoff         376160.9123   372809.4571   281378    0.89%
Time: 1216.082489013671875 seconds
MIP Gap: 0.008909631718996
Nodes: 3099
Best Objective: 372809.457126618945040
Incumbent Obj:  376160.912322493968531
   3621  2024   373812.8792   721   376160.9123   372809.4571   282134    0.89%
   3700  2069   373971.1237   643   376160.9123   372809.4571   282908    0.89%
Time: 1274.853160858154297 seconds
MIP Gap: 0.008890677105989
Nodes: 3738
Best Objective: 372809.457126618945040
Incumbent Obj:  376153.718378943216521
*  3728+ 2006                       376153.7184   372809.4571             0.89%
   3731  2037   374050.2585   713   376153.7184   372809.4571   282423    0.89%
Elapsed time = 1156.77 sec. (163479.83 ticks, tree = 390.28 MB, solutions = 20)

Clique cuts applied:  4703
Cover cuts applied:  5888
Flow cuts applied:  283
Mixed integer rounding cuts applied:  895
Zero-half cuts applied:  1432
Gomory fractional cuts applied:  15

Root node processing (before b&c):
  Real time             =  452.88 sec. (111965.28 ticks)
Parallel b&c, 32 threads:
  Real time             =  730.66 sec. (65269.35 ticks)
  Sync time (average)   =  392.91 sec.
  Wait time (average)   =    0.00 sec.
                          ------------
Total (root+branch&cut) = 1183.55 sec. (177234.63 ticks)
Post-Optimization Solution: 
p locations: 4450 4443 4431 4420 4387 4363 4307 4301 4265 4254 4156 4100 4088 4081 3969 3930 3909 3895 3865 3859 3848 3839 3803 3790 3703 4335 3661 3569 3545 3539 3519 3490 3480 3451 3385 3309 3301 3272 3271 3247 3193 4187 3176 3158 3136 3075 4055 3718 3044 4273 3262 566 1361 1318 1308 4007 974 4240 3229 1207 3849 1827 2161 1168 166 4133 1100 766 432 98 3031 1009 2363 341 3186 2512 980 145 954 2624 1305 136 3315 2641 818 2321 1332 779 1447 2950 1012 1513 762 1430 3610 2599 2208 741 407 735 1904 3249 2238 3811 1115 4327 957 720 3732 1373 699 3738 1379 31 161 1421 1818 2579 745 4285 241 578 4118 411 545 311 3056 23 1260 233 4158 114 430 2452 2042 20 1857 353 3714 1018 1355 2190 84 910 1921 4019 1323 454 1035 4159 452 2289 342 1511 2847 809 1425 414 1218 3905 2220 349 3877 507 530 883 546 1882 1472 124 598 1498 1525 1572 1912 1575 1670 323 1671 2673 1401 1738 3807 1785 775 1786 2955 1796 1963 1804 1841 1849 1190 1864 1876 2544 4319 3645 1960 2294 3299 2962 3065 2054 2591 2156 2490 2212 2228 2896 2233 2264 2266 2275 1964 2301 3455 2444 2611 2446 3170 1485 474 2496 3225 2551 2560 2924 2587 2615 3322 2648 1326 315 2674 3686 2675 3009 2677 4410 1040 2725 2090 2764 2931 2804 1808 2819 508 2867 
p size: 250
objective: 376153.718378941703122
sum (dij * xij) 
demand/capacity: 224395.000000000000000/280500
Solution is Feasible
Comparing Best Bounds: 
Old Best Bound: 372809.457126618945040
New Best Bound: 372809.457126618945040
Time elapsed: 1383.547804931999963s
Time remaining: 1103.000000000000000s



Finishing post-optimization
p locations: 4450 4443 4431 4420 4387 4363 4307 4301 4265 4254 4156 4100 4088 4081 3969 3930 3909 3895 3865 3859 3848 3839 3803 3790 3703 4335 3661 3569 3545 3539 3519 3490 3480 3451 3385 3309 3301 3272 3271 3247 3193 4187 3176 3158 3136 3075 4055 3718 3044 4273 3262 566 1361 1318 1308 4007 974 4240 3229 1207 3849 1827 2161 1168 166 4133 1100 766 432 98 3031 1009 2363 341 3186 2512 980 145 954 2624 1305 136 3315 2641 818 2321 1332 779 1447 2950 1012 1513 762 1430 3610 2599 2208 741 407 735 1904 3249 2238 3811 1115 4327 957 720 3732 1373 699 3738 1379 31 161 1421 1818 2579 745 4285 241 578 4118 411 545 311 3056 23 1260 233 4158 114 430 2452 2042 20 1857 353 3714 1018 1355 2190 84 910 1921 4019 1323 454 1035 4159 452 2289 342 1511 2847 809 1425 414 1218 3905 2220 349 3877 507 530 883 546 1882 1472 124 598 1498 1525 1572 1912 1575 1670 323 1671 2673 1401 1738 3807 1785 775 1786 2955 1796 1963 1804 1841 1849 1190 1864 1876 2544 4319 3645 1960 2294 3299 2962 3065 2054 2591 2156 2490 2212 2228 2896 2233 2264 2266 2275 1964 2301 3455 2444 2611 2446 3170 1485 474 2496 3225 2551 2560 2924 2587 2615 3322 2648 1326 315 2674 3686 2675 3009 2677 4410 1040 2725 2090 2764 2931 2804 1808 2819 508 2867 
p size: 250
objective: 376153.718378941703122
sum (dij * xij) 
demand/capacity: 224395.000000000000000/280500
Solution is Feasible
Solution Stats
Statistics:
Max distance: 266.865134478073003
Min distance: 0.000000000000000
Avg distance: 84.320492799583434
Std deviation distance: 41.669478760675958


[INFO] Saving assignment: ./outputs/solutions/2024-08-28_LIT_seed_500_Subp_nxC/Assignments/test_lit_fnl4461_0250_p_250_RSSV_EXACT_CPMP_BIN_POSTOPT.txt
[INFO] Saving results: ./outputs/solutions/2024-08-28_LIT_seed_500_Subp_nxC/test_lit_fnl4461_0250_results_RSSV_EXACT_CPMP_BIN_POSTOPT.csv
[INFO] Saving all results: ./outputs/solutions/test_all_results.csv
Final total elapsed time (post opt): 3881s
PostOptimization destructor
Finish solving problem
Elapsed time: 3881429 ms

RSSV finished.
