Debug: configOverride contents: IsWeighted_ObjFunc add_break_callback add_generate_reports add_threshold_distance_rssv bw_multiplier capacities cover_mode coverages cust_max_id distance_matrix loc_max_id max_ite_subprob_rssv method method_post_opt method_rssv_fp method_rssv_sp output p seed service size_subproblems_rssv subarea threads time time_cplex time_subprob_rssv weights 
Loading instance...
Scanning input data...
Distance matrix dimensions: 4462 x 4462 = 19909444
Elapsed time: 0 ms

Loading weights...
Skipped line: customer weight coord_x coord_y
Loaded 4461 weights
Loaded 4461 coordinates
Total customer demand: 224395.00
Elapsed time: 10 ms

Loading capacities...
Skipped line: location capacity coord_x coord_y
Loaded 4461 capacities
Loaded 4461 coordinates
Elapsed time: 8 ms

Loading distance matrix...
Computing euclidian distances...
bw multiplier: 0.50
Loaded 19904982 distances
dists stdev: 954.33
bandwidth h: 17.53
locations: 4461
customers: 4461
p: 100
Elapsed time: 719 ms

[INFO] Instance loaded
loc_max_id: 4461
loc_cnt: 4461
service: fnl4461_0100
cust_max_id: 4461
cust_cnt: 4461
unweighted obj function
p: 100
total_demand: 224395.00


-------------------------------------------------


-------------------------------------------------
RSSV heuristic 
-------------------------------------------------
method subproblems: TB_PMP
method final problem: EXACT_CPMP_BIN
-------------------------------------------------
RSSV running...
cPMP size (N): 4461
sub-cPMP size (n): 1784
Subproblems cnt (M): 12
p: 100
Seed: 200
Time limit for subproblems: 300.00

thread cnt: 20

Thread 1 created with seed 201
Thread 2 created with seed 202
Solving sub-PMP 1/12...
Thread 3 created with seed 203
Thread 4 created with seed 204
Thread 5 created with seed 205
Thread 6 created with seed 206
Thread 7 created with seed 207
Thread 8 created with seed 208
Thread 9 created with seed 209
Thread 10 created with seed 210
uncapacitated TB started
Thread 11 created with seed 211
Thread 12 created with seed 212
Solving sub-PMP 10/12...
uncapacitated TB started
Solving sub-PMP 11/12...
Solving sub-PMP 12/12...
Solving sub-PMP 9/12...
uncapacitated TB started
uncapacitated TB started
Solving sub-PMP 8/12...
uncapacitated TB started
uncapacitated TB started
Solving sub-PMP 5/12...
uncapacitated TB started
[INFO] Uncapacitated TB local search started
Solving sub-PMP 6/12...
uncapacitated TB started
Solving sub-PMP 7/12...
uncapacitated TB started
Solving sub-PMP 4/12...
uncapacitated TB started
Solving sub-PMP 3/12...
uncapacitated TB started
Solving sub-PMP 2/12...
uncapacitated TB started
[INFO] Uncapacitated TB local search started
[INFO] Uncapacitated TB local search started
[INFO] Uncapacitated TB local search started
[INFO] Uncapacitated TB local search started
[INFO] Uncapacitated TB local search started
[INFO] Uncapacitated TB local search started
[INFO] Uncapacitated TB local search started
[INFO] Uncapacitated TB local search started
[INFO] Uncapacitated TB local search started
[INFO] Uncapacitated TB local search started
[INFO] Uncapacitated TB local search started

[INFO] Time limit reached. Stopping the algorithm.
TB elapsed time: 300.01 seconds
Num ite total uncapacited TB: 45
tb solution is feasible

[INFO] Time limit reached. Stopping the algorithm.
TB elapsed time: 300.00 seconds
Num ite total uncapacited TB: 53
tb solution is feasible

[INFO] Time limit reached. Stopping the algorithm.
TB elapsed time: 300.00 seconds
Num ite total uncapacited TB: 45
tb solution is feasible

[INFO] Time limit reached. Stopping the algorithm.
TB elapsed time: 300.00 seconds
Num ite total uncapacited TB: 41
tb solution is feasible

[INFO] Time limit reached. Stopping the algorithm.
TB elapsed time: 300.00 seconds
Num ite total uncapacited TB: 38
tb solution is feasible

[INFO] Time limit reached. Stopping the algorithm.
TB elapsed time: 300.01 seconds
Num ite total uncapacited TB: 40
tb solution is feasible

[INFO] Time limit reached. Stopping the algorithm.
TB elapsed time: 300.00 seconds

[INFO] Time limit reached. Stopping the algorithm.
Num ite total uncapacited TB: TB elapsed time: 53
tb solution is feasible
300.00 seconds
Num ite total uncapacited TB: 46
tb solution is feasible

[INFO] Time limit reached. Stopping the algorithm.
TB elapsed time: 300.00 seconds
Num ite total uncapacited TB: 46
tb solution is feasible

[INFO] Time limit reached. Stopping the algorithm.
TB elapsed time: 300.00 seconds
Num ite total uncapacited TB: 35
tb solution is feasible

[INFO] Time limit reached. Stopping the algorithm.
TB elapsed time: 300.01 seconds
Num ite total uncapacited TB: 41
tb solution is feasible

[INFO] Time limit reached. Stopping the algorithm.
TB elapsed time: 300.00 seconds
Num ite total uncapacited TB: 41
tb solution is feasible
[INFO] All subproblems solved.

Elapsed time: 300306 ms


Stats: 
Max dist: 798.61
Min dist: 0.00
avg of Avg dists: 147.88
avg Std dev dist: 80.14

First 1784 voting weights (sorted): 2034(4.42) 283(4.07) 3576(3.39) 4290(3.00) 2025(3.00) 2743(3.00) 1884(3.00) 2581(3.00) 1545(3.00) 172(3.00) 738(3.00) 1147(3.00) 3557(3.00) 2161(3.00) 2010(2.83) 311(2.72) 319(2.44) 3177(2.37) 3161(2.37) 2792(2.27) 1811(2.21) 191(2.18) 3890(2.18) 316(2.14) 4388(2.07) 2798(2.07) 938(2.05) 3567(2.04) 166(2.04) 154(2.04) 4135(2.04) 3299(2.04) 2880(2.04) 3002(2.00) 2474(2.00) 4329(2.00) 1230(2.00) 2692(2.00) 746(2.00) 3588(2.00) 2696(2.00) 469(2.00) 4389(2.00) 2638(2.00) 869(2.00) 3088(2.00) 866(2.00) 2165(2.00) 1894(2.00) 3620(2.00) 3232(2.00) 3825(2.00) 4365(2.00) 659(2.00) 414(2.00) 3580(2.00) 3839(2.00) 3847(2.00) 4339(2.00) 1162(2.00) 1526(2.00) 233(2.00) 2894(2.00) 3423(2.00) 3435(2.00) 175(2.00) 1551(2.00) 2632(2.00) 99(2.00) 4182(2.00) 3928(2.00) 2361(2.00) 11(2.00) 1631(2.00) 2802(2.00) 2804(2.00) 1558(2.00) 4317(2.00) 1247(2.00) 3574(2.00) 3869(2.00) 2971(2.00) 2968(2.00) 2461(2.00) 1265(2.00) 1306(2.00) 2944(2.00) 1752(2.00) 2930(2.00) 292(2.00) 1738(2.00) 3893(2.00) 146(2.00) 3984(2.00) 348(2.00) 2069(2.00) 1129(2.00) 2601(2.00) 4061(2.00) 1023(2.00) 2005(2.00) 1122(2.00) 595(2.00) 909(2.00) 510(2.00) 2032(2.00) 2555(2.00) 4041(2.00) 2130(2.00) 2022(2.00) 2018(2.00) 2094(2.00) 1125(2.00) 1124(2.00) 2607(2.00) 1933(2.00) 613(2.00) 3780(2.00) 1036(2.00) 2391(2.00) 925(2.00) 477(2.00) 1419(1.72) 1444(1.72) 3594(1.66) 3544(1.59) 2789(1.54) 1655(1.49) 1637(1.49) 3146(1.46) 2797(1.44) 1844(1.42) 3920(1.40) 183(1.37) 1156(1.27) 2734(1.27) 2732(1.27) 2239(1.27) 548(1.27) 2275(1.27) 1192(1.27) 579(1.27) 3292(1.24) 3135(1.24) 3328(1.24) 80(1.24) 81(1.24) 3138(1.24) 4284(1.24) 4413(1.21) 4406(1.21) 817(1.21) 1766(1.21) 1783(1.21) 836(1.21) 3723(1.20) 3750(1.20) 471(1.18) 745(1.18) 2538(1.18) 1590(1.18) 3266(1.18) 4331(1.18) 733(1.18) 4335(1.18) 1623(1.18) 104(1.18) 108(1.18) 450(1.18) 3278(1.18) 2552(1.18) 4012(1.18) 743(1.18) 734(1.18) 4071(1.18) 4093(1.18) 4044(1.18) 4298(1.18) 22(1.17) 3325(1.17) 18(1.17) 57(1.17) 1758(1.17) 1793(1.17) 69(1.17) 3307(1.17) 2765(1.15) 4396(1.15) 4283(1.13) 990(1.11) 161(1.09) 3552(1.08) 4267(1.07) 193(1.07) 2735(1.07) 185(1.07) 506(1.07) 536(1.07) 201(1.07) 2468(1.07) 2402(1.07) 1732(1.07) 4306(1.07) 2371(1.07) 209(1.07) 1772(1.07) 4292(1.07) 396(1.07) 4402(1.07) 2511(1.07) 425(1.07) 2693(1.07) 4410(1.07) 182(1.07) 4143(1.07) 160(1.07) 3288(1.07) 2933(1.07) 3965(1.07) 1179(1.07) 1428(1.06) 1469(1.06) 3254(1.06) 3403(1.06) 3396(1.06) 3364(1.06) 3226(1.06) 3349(1.06) 2476(1.06) 2446(1.06) 3953(1.05) 460(1.05) 3063(1.05) 1271(1.05) 2667(1.05) 462(1.05) 3996(1.05) 3069(1.05) 2619(1.05) 4088(1.05) 4090(1.05) 2782(1.05) 2842(1.05) 1227(1.05) 1650(1.05) 3841(1.05) 2450(1.05) 2445(1.05) 1701(1.05) 3387(1.05) 3844(1.05) 3331(1.05) 3335(1.04) 3352(1.04) 82(1.04) 100(1.04) 1115(1.04) 2075(1.04) 2714(1.04) 2717(1.04) 3892(1.04) 3895(1.04) 3542(1.04) 2242(1.04) 3532(1.04) 2258(1.04) 1157(1.04) 4103(1.04) 4120(1.04) 1503(1.04) 4114(1.04) 4006(1.04) 4110(1.04) 2748(1.04) 1484(1.04) 2764(1.04) 4430(1.04) 4431(1.04) 1599(1.03) 1407(1.03) 1612(1.03) 1572(1.03) 1424(1.03) 1587(1.03) 4018(1.03) 2027(1.03) 2998(1.03) 648(1.03) 1229(1.03) 1978(1.03) 4060(1.03) 684(1.03) 2979(1.03) 1563(1.00) 2512(1.00) 2418(1.00) 3967(1.00) 3952(1.00) 4036(1.00) 4033(1.00) 3437(1.00) 1593(1.00) 2523(1.00) 619(1.00) 3345(1.00) 3359(1.00) 1547(1.00) 618(1.00) 632(1.00) 3340(1.00) 562(1.00) 1573(1.00) 641(1.00) 3449(1.00) 1580(1.00) 2515(1.00) 1581(1.00) 2403(1.00) 639(1.00) 2396(1.00) 3962(1.00) 3956(1.00) 1586(1.00) 3351(1.00) 1570(1.00) 1566(1.00) 2414(1.00) 3357(1.00) 2415(1.00) 553(1.00) 633(1.00) 3341(1.00) 3406(1.00) 681(1.00) 2485(1.00) 2457(1.00) 3380(1.00) 3991(1.00) 4011(1.00) 2489(1.00) 624(1.00) 3410(1.00) 2490(1.00) 673(1.00) 671(1.00) 1508(1.00) 1509(1.00) 3987(1.00) 2494(1.00) 593(1.00) 692(1.00) 2535(1.00) 698(1.00) 3390(1.00) 3998(1.00) 1494(1.00) 689(1.00) 4004(1.00) 2459(1.00) 608(1.00) 3402(1.00) 3994(1.00) 604(1.00) 3384(1.00) 3329(1.00) 2544(1.00) 682(1.00) 2466(1.00) 2437(1.00) 614(1.00) 3421(1.00) 4022(1.00) 577(1.00) 3976(1.00) 3975(1.00) 2431(1.00) 3375(1.00) 654(1.00) 653(1.00) 2428(1.00) 3363(1.00) 3315(1.00) 572(1.00) 3429(1.00) 3312(1.00) 1533(1.00) 3986(1.00) 586(1.00) 1511(1.00) 2550(1.00) 2447(1.00) 2551(1.00) 3369(1.00) 2501(1.00) 1524(1.00) 655(1.00) 1512(1.00) 3318(1.00) 1513(1.00) 3413(1.00) 1516(1.00) 1519(1.00) 2504(1.00) 2502(1.00) 2178(1.00) 1886(1.00) 1888(1.00) 3643(1.00) 3645(1.00) 3817(1.00) 3816(1.00) 3815(1.00) 2169(1.00) 1896(1.00) 1902(1.00) 2164(1.00) 1906(1.00) 3533(1.00) 3810(1.00) 3657(1.00) 2158(1.00) 3808(1.00) 2156(1.00) 2155(1.00) 3661(1.00) 3806(1.00) 2152(1.00) 1917(1.00) 3665(1.00) 3667(1.00) 2148(1.00) 3668(1.00) 3656(1.00) 1827(1.00) 1830(1.00) 3604(1.00) 3610(1.00) 1841(1.00) 2212(1.00) 2208(1.00) 2207(1.00) 2206(1.00) 2205(1.00) 2204(1.00) 3614(1.00) 3836(1.00) 2201(1.00) 1879(1.00) 1853(1.00) 1857(1.00) 2196(1.00) 2195(1.00) 1864(1.00) 3628(1.00) 1868(1.00) 2191(1.00) 3830(1.00) 3629(1.00) 3631(1.00) 2186(1.00) 3635(1.00) 1877(1.00) 2199(1.00) 2008(1.00) 2009(1.00) 3722(1.00) 2101(1.00) 3770(1.00) 2014(1.00) 2015(1.00) 2016(1.00) 3765(1.00) 3729(1.00) 2024(1.00) 2086(1.00) 3731(1.00) 2031(1.00) 3671(1.00) 2036(1.00) 2079(1.00) 3736(1.00) 2041(1.00) 3742(1.00) 2073(1.00) 2049(1.00) 2071(1.00) 2050(1.00) 2051(1.00) 2054(1.00) 2064(1.00) 2057(1.00) 2062(1.00) 3757(1.00) 2145(1.00) 3675(1.00) 1932(1.00) 1934(1.00) 1935(1.00) 3679(1.00) 2137(1.00) 1941(1.00) 3683(1.00) 3793(1.00) 1946(1.00) 1951(1.00) 3687(1.00) 3789(1.00) 2107(1.00) 1954(1.00) 3788(1.00) 1959(1.00) 1968(1.00) 3703(1.00) 2121(1.00) 1976(1.00) 3707(1.00) 2116(1.00) 3710(1.00) 1990(1.00) 3716(1.00) 3717(1.00) 3718(1.00) 2128(1.00) 1667(1.00) 1669(1.00) 2343(1.00) 3511(1.00) 2341(1.00) 1673(1.00) 3514(1.00) 2338(1.00) 3516(1.00) 2336(1.00) 1679(1.00) 2334(1.00) 1682(1.00) 2221(1.00) 2331(1.00) 3527(1.00) 3530(1.00) 2328(1.00) 2327(1.00) 1698(1.00) 2324(1.00) 2566(1.00) 1703(1.00) 3906(1.00) 1705(1.00) 2318(1.00) 1706(1.00) 1707(1.00) 3911(1.00) 1595(1.00) 3461(1.00) 3945(1.00) 3944(1.00) 1603(1.00) 3943(1.00) 3467(1.00) 1613(1.00) 2378(1.00) 3938(1.00) 3475(1.00) 1619(1.00) 1624(1.00) 3480(1.00) 2346(1.00) 1634(1.00) 2366(1.00) 1638(1.00) 3489(1.00) 1643(1.00) 1647(1.00) 3927(1.00) 3926(1.00) 2355(1.00) 1649(1.00) 2353(1.00) 1662(1.00) 3922(1.00) 3505(1.00) 3482(1.00) 3564(1.00) 3565(1.00) 1762(1.00) 1764(1.00) 2265(1.00) 2263(1.00) 1769(1.00) 3871(1.00) 3868(1.00) 3867(1.00) 3866(1.00) 3572(1.00) 1782(1.00) 1785(1.00) 3535(1.00) 2244(1.00) 1788(1.00) 2241(1.00) 3578(1.00) 2236(1.00) 1799(1.00) 3587(1.00) 3591(1.00) 1810(1.00) 1813(1.00) 1814(1.00) 3849(1.00) 2223(1.00) 1820(1.00) 1786(1.00) 1714(1.00) 1720(1.00) 2310(1.00) 1723(1.00) 1724(1.00) 2307(1.00) 1725(1.00) 1727(1.00) 2303(1.00) 1733(1.00) 2301(1.00) 2300(1.00) 2298(1.00) 1739(1.00) 3562(1.00) 3888(1.00) 3887(1.00) 3553(1.00) 1743(1.00) 2285(1.00) 3884(1.00) 1746(1.00) 2282(1.00) 2281(1.00) 2280(1.00) 2279(1.00) 3555(1.00) 3878(1.00) 1756(1.00) 1740(1.00) 748(1.00) 4321(1.00) 4319(1.00) 4316(1.00) 2993(1.00) 740(1.00) 1241(1.00) 1244(1.00) 4309(1.00) 731(1.00) 730(1.00) 4305(1.00) 724(1.00) 2865(1.00) 720(1.00) 717(1.00) 4300(1.00) 714(1.00) 336(1.00) 334(1.00) 2965(1.00) 1262(1.00) 328(1.00) 2962(1.00) 1269(1.00) 4288(1.00) 2954(1.00) 2950(1.00) 721(1.00) 812(1.00) 3041(1.00) 807(1.00) 4352(1.00) 1193(1.00) 1198(1.00) 3034(1.00) 798(1.00) 1199(1.00) 794(1.00) 4346(1.00) 786(1.00) 784(1.00) 1235(1.00) 1211(1.00) 781(1.00) 3024(1.00) 1216(1.00) 1218(1.00) 1222(1.00) 4336(1.00) 4334(1.00) 767(1.00) 766(1.00) 763(1.00) 4328(1.00) 1228(1.00) 1233(1.00) 4343(1.00) 265(1.00) 1301(1.00) 4258(1.00) 254(1.00) 4255(1.00) 248(1.00) 2902(1.00) 243(1.00) 240(1.00) 3246(1.00) 2897(1.00) 2896(1.00) 231(1.00) 2947(1.00) 1322(1.00) 1333(1.00) 1338(1.00) 211(1.00) 1343(1.00) 198(1.00) 186(1.00) 2877(1.00) 2876(1.00) 2873(1.00) 1356(1.00) 2869(1.00) 1362(1.00) 1363(1.00) 1321(1.00) 314(1.00) 4281(1.00) 312(1.00) 4279(1.00) 2940(1.00) 308(1.00) 1278(1.00) 2937(1.00) 301(1.00) 2935(1.00) 4275(1.00) 4274(1.00) 297(1.00) 1296(1.00) 2928(1.00) 293(1.00) 2926(1.00) 1283(1.00) 1285(1.00) 1288(1.00) 2920(1.00) 277(1.00) 1294(1.00) 2916(1.00) 4263(1.00) 1295(1.00) 4262(1.00) 2912(1.00) 296(1.00) 993(1.00) 974(1.00) 3172(1.00) 1095(1.00) 965(1.00) 1097(1.00) 3168(1.00) 3165(1.00) 1101(1.00) 3163(1.00) 1105(1.00) 953(1.00) 951(1.00) 813(1.00) 948(1.00) 3154(1.00) 1110(1.00) 3152(1.00) 944(1.00) 4418(1.00) 943(1.00) 4417(1.00) 934(1.00) 3141(1.00) 1119(1.00) 929(1.00) 3133(1.00) 3132(1.00) 3157(1.00) 1046(1.00) 1048(1.00) 4458(1.00) 4457(1.00) 4455(1.00) 3201(1.00) 1055(1.00) 1029(1.00) 1061(1.00) 3196(1.00) 3195(1.00) 1022(1.00) 1063(1.00) 1075(1.00) 1019(1.00) 3190(1.00) 3189(1.00) 1018(1.00) 4444(1.00) 1017(1.00) 1016(1.00) 4441(1.00) 1015(1.00) 1065(1.00) 1012(1.00) 1068(1.00) 3179(1.00) 1003(1.00) 1020(1.00) 3081(1.00) 865(1.00) 859(1.00) 854(1.00) 850(1.00) 4371(1.00) 849(1.00) 848(1.00) 3068(1.00) 3067(1.00) 843(1.00) 1168(1.00) 3064(1.00) 920(1.00) 3061(1.00) 841(1.00) 3059(1.00) 834(1.00) 1176(1.00) 830(1.00) 3053(1.00) 4363(1.00) 3051(1.00) 824(1.00) 823(1.00) 4359(1.00) 1183(1.00) 3044(1.00) 3062(1.00) 918(1.00) 917(1.00) 3124(1.00) 1127(1.00) 913(1.00) 4401(1.00) 905(1.00) 1134(1.00) 901(1.00) 1140(1.00) 3110(1.00) 1141(1.00) 886(1.00) 3082(1.00) 3106(1.00) 1144(1.00) 884(1.00) 3102(1.00) 1146(1.00) 4390(1.00) 3096(1.00) 1151(1.00) 1153(1.00) 871(1.00) 870(1.00) 3087(1.00) 4382(1.00) 867(1.00) 3107(1.00) 364(1.00) 2699(1.00) 1472(1.00) 368(1.00) 2695(1.00) 373(1.00) 376(1.00) 4139(1.00) 2689(1.00) 378(1.00) 4137(1.00) 384(1.00) 386(1.00) 4164(1.00) 2679(1.00) 389(1.00) 1486(1.00) 395(1.00) 407(1.00) 4129(1.00) 3212(1.00) 2671(1.00) 2669(1.00) 4127(1.00) 415(1.00) 418(1.00) 3223(1.00) 2683(1.00) 1436(1.00) 2746(1.00) 135(1.00) 2744(1.00) 1438(1.00) 4162(1.00) 1440(1.00) 140(1.00) 1442(1.00) 1443(1.00) 151(1.00) 4155(1.00) 157(1.00) 2702(1.00) 2723(1.00) 1452(1.00) 340(1.00) 2898(1.00) 2715(1.00) 2712(1.00) 1461(1.00) 352(1.00) 2709(1.00) 2708(1.00) 356(1.00) 2706(1.00) 2705(1.00) 1468(1.00) 158(1.00) 495(1.00) 2608(1.00) 499(1.00) 500(1.00) 2603(1.00) 3271(1.00) 504(1.00) 2599(1.00) 2598(1.00) 4084(1.00) 509(1.00) 2594(1.00) 2592(1.00) 432(1.00) 2589(1.00) 525(1.00) 527(1.00) 528(1.00) 2584(1.00) 529(1.00) 3285(1.00) 3286(1.00) 4070(1.00) 3290(1.00) 4066(1.00) 546(1.00) 4063(1.00) 552(1.00) 4080(1.00) 2658(1.00) 437(1.00) 4119(1.00) 3228(1.00) 3242(1.00) 456(1.00) 457(1.00) 2647(1.00) 4113(1.00) 3243(1.00) 4109(1.00) 2640(1.00) 4107(1.00) 3265(1.00) 3746(1.00) 3248(1.00) 2633(1.00) 468(1.00) 2630(1.00) 3249(1.00) 4100(1.00) 474(1.00) 3251(1.00) 2622(1.00) 2620(1.00) 2617(1.00) 484(1.00) 3259(1.00) 463(1.00) 4211(1.00) 10(1.00) 2828(1.00) 4207(1.00) 5(1.00) 2822(1.00) 17(1.00) 2819(1.00) 25(1.00) 1401(1.00) 31(1.00) 33(1.00) 4187(1.00) 34(1.00) 2810(1.00) 2718(1.00) 2807(1.00) 2806(1.00) 4194(1.00) 1408(1.00) 86(1.00) 2796(1.00) 4189(1.00) 2794(1.00) 90(1.00) 4199(1.00) 1364(1.00) 1367(1.00) 73(1.00) 4229(1.00) 65(1.00) 62(1.00) 1374(1.00) 4226(1.00) 60(1.00) 2854(1.00) 2852(1.00) 4223(1.00) 15(1.00) 50(1.00) 4221(1.00) 2846(1.00) 1380(1.00) 1381(1.00) 4219(1.00) 47(1.00) 4217(1.00) 4216(1.00) 1385(1.00) 2837(1.00) 4214(1.00) 1389(1.00) 2850(1.00) 4167(1.00) 2757(1.00) 1414(1.00) 2785(1.00) 96(1.00) 1415(1.00) 2760(1.00) 4177(1.00) 2775(1.00) 1426(1.00) 4169(1.00) 1417(1.00) 1418(1.00) 4170(1.00) 4171(1.00) 2771(1.00) 4173(1.00) 113(1.00) 2767(1.00) 4196(1.00) 124(1.00) 1411(1.00) 132(1.00) 1430(1.00) 2750(1.00) 115(1.00) 59(0.99) 2056(0.73) 431(0.72) 1616(0.72) 515(0.72) 4(0.72) 2836(0.72) 2209(0.72) 3709(0.72) 3456(0.72) 1148(0.72) 1745(0.70) 3083(0.70) 1165(0.69) 532(0.56) 152(0.54) 3432(0.54) 412(0.52) 1534(0.52) 4420(0.52) 4212(0.52) 1267(0.52) 1960(0.52) 3129(0.52) 3585(0.52) 1872(0.49) 2687(0.49) 2044(0.49) 551(0.49) 208(0.49) 1039(0.47) 235(0.47) 4285(0.45) 952(0.43) 1585(0.42) 3017(0.42) 3766(0.42) 1983(0.39) 1158(0.37) 2987(0.37) 1111(0.37) 2377(0.37) 3267(0.37) 2463(0.37) 3879(0.37) 2182(0.37) 88(0.34) 2(0.34) 2264(0.34) 3104(0.34) 94(0.34) 2167(0.32) 101(0.31) 2000(0.29) 1259(0.28) 908(0.28) 1818(0.27) 3460(0.27) 3368(0.27) 3376(0.27) 1936(0.27) 615(0.27) 2365(0.27) 1460(0.27) 3336(0.27) 1765(0.27) 256(0.27) 388(0.27) 114(0.27) 341(0.27) 1394(0.27) 811(0.27) 725(0.27) 1584(0.27) 1323(0.27) 701(0.27) 441(0.27) 1575(0.27) 3637(0.27) 947(0.27) 2635(0.27) 2719(0.27) 4277(0.27) 2546(0.27) 4039(0.27) 3056(0.27) 2698(0.27) 3889(0.27) 4400(0.27) 2267(0.27) 3954(0.27) 2406(0.27) 2963(0.27) 4268(0.27) 4213(0.27) 2923(0.27) 1828(0.27) 2232(0.27) 2569(0.27) 1455(0.27) 2063(0.25) 3353(0.25) 1815(0.25) 2170(0.25) 1402(0.25) 281(0.25) 3525(0.24) 1776(0.24) 508(0.24) 184(0.24) 573(0.24) 2480(0.24) 3305(0.24) 3632(0.24) 1840(0.24) 150(0.24) 1190(0.24) 1900(0.24) 3422(0.22) 156(0.22) 1409(0.22) 280(0.21) 4104(0.21) 4260(0.21) 2109(0.21) 3685(0.21) 587(0.21) 3100(0.21) 2226(0.21) 816(0.21) 3031(0.21) 2359(0.21) 3490(0.21) 1459(0.21) 3011(0.21) 3939(0.21) 3829(0.21) 23(0.21) 517(0.21) 2098(0.21) 2983(0.21) 335(0.21) 606(0.21) 2438(0.21) 1266(0.21) 2939(0.21) 3909(0.21) 704(0.21) 3057(0.21) 845(0.21) 1159(0.21) 302(0.21) 1388(0.21) 4450(0.21) 2040(0.21) 259(0.21) 4327(0.20) 1728(0.20) 3733(0.20) 3803(0.20) 2793(0.20) 239(0.20) 3393(0.18) 2844(0.18) 2506(0.18) 594(0.18) 3960(0.18) 434(0.18) 3684(0.18) 605(0.18) 3065(0.18) 1332(0.18) 3739(0.18) 2147(0.18) 307(0.18) 623(0.18) 422(0.18) 2736(0.18) 4256(0.18) 1(0.18) 3799(0.18) 3235(0.18) 3674(0.18) 1741(0.18) 1126(0.18) 1798(0.18) 4184(0.18) 2245(0.18) 4342(0.18) 4086(0.18) 1076(0.18) 1071(0.18) 1784(0.18) 3127(0.18) 643(0.18) 131(0.18) 1201(0.18) 544(0.18) 3174(0.18) 3093(0.18) 3828(0.18) 3546(0.18) 3308(0.18) 1476(0.18) 3128(0.18) 39(0.18) 705(0.18) 143(0.18) 271(0.18) 1169(0.18) 142(0.18) 3625(0.18) 2384(0.18) 3295(0.18) 2753(0.18) 2558(0.18) 3520(0.18) 390(0.18) 4009(0.18) 453(0.18) 399(0.18) 3735(0.18) 2291(0.18) 1310(0.18) 3171(0.18) 3099(0.18) 2408(0.18) 1564(0.17) 1878(0.17) 1300(0.17) 3550(0.17) 4248(0.17) 285(0.15) 2605(0.15) 2052(0.15) 2530(0.15) 253(0.14) 1684(0.14) 1344(0.13) 2742(0.13) 4019(0.13) 779(0.13) 1240(0.12) 3360(0.11) 2467(0.11) 3670(0.11) 165(0.11) 657(0.11) 232(0.11) 118(0.11) 430(0.11) 2751(0.10) 2534(0.10) 1974(0.10) 1121(0.10) 1002(0.09) 3781(0.09) 2319(0.09) 2321(0.09) 1371(0.09) 263(0.09) 1117(0.08) 1993(0.08) 4313(0.08) 2004(0.08) 3881(0.08) 2043(0.08) 3769(0.08) 3431(0.07) 3861(0.07) 4381(0.07) 2249(0.07) 2058(0.07) 4383(0.07) 805(0.07) 1458(0.07) 2315(0.07) 1161(0.07) 3848(0.07) 2754(0.07) 2772(0.07) 1692(0.07) 2728(0.07) 2323(0.07) 3846(0.07) 3605(0.07) 3358(0.07) 1312(0.07) 43(0.07) 2900(0.07) 44(0.07) 2111(0.07) 3688(0.07) 1327(0.07) 2554(0.07) 1995(0.07) 985(0.07) 1920(0.07) 1346(0.07) 535(0.07) 526(0.07) 3713(0.07) 2870(0.07) 503(0.07) 494(0.07) 1982(0.07) 2612(0.07) 486(0.07) 1987(0.07) 1377(0.07) 2385(0.07) 2084(0.07) 2999(0.07) 3958(0.07) 757(0.07) 3969(0.07) 32(0.07) 1538(0.07) 1261(0.07) 2964(0.07) 1866(0.07) 2670(0.07) 3419(0.07) 2060(0.07) 3221(0.07) 4424(0.07) 3999(0.07) 3389(0.07) 13(0.07) 2653(0.07) 3776(0.07) 1856(0.07) 394(0.07) 2682(0.07) 3559(0.07) 278(0.07) 2616(0.07) 3800(0.07) 3613(0.07) 1571(0.07) 4345(0.07) 3880(0.07) 1860(0.07) 2684(0.07) 3936(0.07) 2984(0.07) 2652(0.07) 2127(0.07) 4384(0.07) 1542(0.07) 171(0.07) 2087(0.06) 997(0.06) 1611(0.06) 1849(0.06) 2849(0.06) 1685(0.06) 678(0.06) 2866(0.06) 3147(0.06) 2118(0.06) 887(0.06) 2759(0.06) 3784(0.06) 322(0.06) 609(0.06) 882(0.06) 1797(0.06) 4058(0.06) 2654(0.06) 776(0.06) 54(0.06) 2892(0.06) 1744(0.06) 71(0.06) 3383(0.06) 353(0.06) 3786(0.06) 3142(0.06) 1203(0.06) 927(0.06) 1767(0.06) 2229(0.06) 3607(0.06) 167(0.06) 540(0.06) 1994(0.06) 2677(0.05) 4005(0.05) 4021(0.05) 729(0.05) 2500(0.05) 1636(0.05) 1722(0.05) 429(0.05) 695(0.05) 3608(0.05) 103(0.05) 1625(0.05) 4111(0.05) 4147(0.05) 4131(0.05) 2914(0.05) 3910(0.05) 1195(0.05) 3529(0.05) 4315(0.05) 247(0.05) 3677(0.05) 3947(0.05) 3756(0.05) 2272(0.05) 4172(0.05) 473(0.05) 1997(0.05) 1376(0.05) 3754(0.05) 1554(0.05) 2429(0.05) 1531(0.05) 329(0.05) 3143(0.05) 2460(0.05) 3755(0.05) 1510(0.05) 461(0.05) 1098(0.05) 2237(0.05) 137(0.05) 1795(0.05) 1073(0.05) 3350(0.05) 4030(0.05) 2747(0.05) 1535(0.05) 1066(0.05) 3988(0.05) 2816(0.05) 199(0.05) 2786(0.05) 413(0.05) 1859(0.05) 897(0.05) 2663(0.05) 1717(0.05) 981(0.05) 600(0.05) 2112(0.05) 1348(0.05) 4053(0.05) 1178(0.05) 1842(0.05) 2710(0.05) 2304(0.05) 1274(0.04) 1909(0.04) 2815(0.04) 177(0.04) 702(0.04) 4405(0.04) 2694(0.04) 3121(0.04) 4392(0.04) 2175(0.04) 1502(0.04) 4195(0.04) 2007(0.04) 4422(0.04) 2768(0.04) 1077(0.04) 3640(0.04) 1914(0.04) 1704(0.04) 2401(0.04) 4366(0.04) 66(0.04) 3255(0.04) 2857(0.04) 3538(0.04) 159(0.04) 986(0.04) 3933(0.04) 1537(0.04) 4264(0.04) 2286(0.04) 3298(0.04) 4027(0.04) 372(0.04) 3297(0.04) 3883(0.04) 592(0.04) 4411(0.04) 2076(0.04) 3272(0.04) 1521(0.04) 935(0.04) 77(0.04) 2821(0.04) 3225(0.04) 966(0.04) 2906(0.04) 516(0.04) 3593(0.04) 2875(0.04) 3743(0.04) 35(0.04) 1773(0.04) 1947(0.04) 225(0.04) 4231(0.04) 70(0.04) 3935(0.04) 3280(0.04) 125(0.04) 325(0.04) 19(0.04) 4160(0.04) 574(0.04) 2317(0.04) 575(0.04) 2532(0.04) 2586(0.04) 4176(0.04) 295(0.04) 12(0.04) 4272(0.04) 4299(0.04) 844(0.04) 852(0.04) 1166(0.04) 3972(0.04) 858(0.04) 2122(0.04) 1205(0.04) 2691(0.04) 3929(0.04) 2363(0.04) 915(0.04) 3176(0.04) 2510(0.04) 4341(0.04) 1025(0.04) 1640(0.04) 4198(0.04) 2142(0.04) 2078(0.04) 856(0.04) 2426(0.04) 428(0.04) 3659(0.04) 1446(0.04) 1473(0.04) 2890(0.04) 3762(0.04) 3602(0.04) 3949(0.04) 899(0.04) 1335(0.04) 3311(0.04) 4270(0.04) 898(0.04) 3372(0.04) 921(0.04) 3821(0.04) 4330(0.03) 4367(0.03) 1481(0.03) 2891(0.03) 1423(0.03) 380(0.03) 2427(0.03) 2260(0.03) 2259(0.03) 1006(0.03) 650(0.03) 3122(0.03) 888(0.03) 385(0.03) 937(0.03) 3579(0.03) 1792(0.03) 2561(0.03) 4387(0.03) 2440(0.03) 2372(0.03) 401(0.03) 4146(0.03) 1094(0.03) 2330(0.03) 1123(0.03) 971(0.03) 3615(0.03) 3948(0.03) 1674(0.03) 1368(0.03) 3941(0.03) 2192(0.03) 521(0.03) 747(0.03) 3466(0.03) 2672(0.03) 970(0.03) 276(0.03) 4035(0.03) 4425(0.03) 3897(0.03) 4344(0.03) 980(0.03) 3737(0.03) 2656(0.03) 3385(0.03) 969(0.03) 2697(0.03) 1137(0.03) 4181(0.03) 926(0.03) 4040(0.03) 4205(0.03) 2583(0.03) 53(0.03) 205(0.03) 1070(0.03) 2516(0.03) 3333(0.03) 3711(0.03) 1964(0.03) 1956(0.03) 4246(0.03) 4209(0.03) 4373(0.03) 1565(0.03) 4210(0.03) 2374(0.03) 894(0.03) 147(0.03) 97(0.03) 2833(0.03) 2262(0.03) 4332(0.03) 4356(0.03) 4185(0.03) 1185(0.03) 4297(0.03) 3522(0.03) 337(0.03) 3465(0.03) 736(0.03) 4142(0.03) 1219(0.03) 3417(0.03) 2721(0.03) 4118(0.03) 1448(0.03) 2352(0.03) 1431(0.03) 1353(0.00) 1352(0.00) 1416(0.00) 4239(0.00) 4179(0.00) 4180(0.00) 1354(0.00) 1351(0.00) 4178(0.00) 4452(0.00) 1058(0.00) 1057(0.00) 1410(0.00) 4188(0.00) 4186(0.00) 4236(0.00) 4237(0.00) 1412(0.00) 1413(0.00) 1056(0.00) 4240(0.00) 4238(0.00) 4183(0.00) 4453(0.00) 1078(0.00) 1355(0.00) 1082(0.00) 1425(0.00) 1052(0.00) 1051(0.00) 4166(0.00) 1427(0.00) 4244(0.00) 4456(0.00) 1349(0.00) 1050(0.00) 1429(0.00) 1049(0.00) 4459(0.00) 1047(0.00) 1341(0.00) 4165(0.00) 1340(0.00) 4245(0.00) 1342(0.00) 1079(0.00) 1350(0.00) 1054(0.00) 4241(0.00) 4190(0.00) 4175(0.00) 4174(0.00) 1420(0.00) 1421(0.00) 4243(0.00) 1053(0.00) 1347(0.00) 4435(0.00) 4454(0.00) 4242(0.00) 1080(0.00) 


Filtered 1784 locations: 2034 283 3576 4290 2025 2743 1884 2581 1545 172 738 1147 3557 2161 2010 311 319 3177 3161 2792 1811 191 3890 316 4388 2798 938 3567 166 154 4135 3299 2880 3002 2474 4329 1230 2692 746 3588 2696 469 4389 2638 869 3088 866 2165 1894 3620 3232 3825 4365 659 414 3580 3839 3847 4339 1162 1526 233 2894 3423 3435 175 1551 2632 99 4182 3928 2361 11 1631 2802 2804 1558 4317 1247 3574 3869 2971 2968 2461 1265 1306 2944 1752 2930 292 1738 3893 146 3984 348 2069 1129 2601 4061 1023 2005 1122 595 909 510 2032 2555 4041 2130 2022 2018 2094 1125 1124 2607 1933 613 3780 1036 2391 925 477 1419 1444 3594 3544 2789 1655 1637 3146 2797 1844 3920 183 1156 2734 2732 2239 548 2275 1192 579 3292 3135 3328 80 81 3138 4284 4413 4406 817 1766 1783 836 3723 3750 471 745 2538 1590 3266 4331 733 4335 1623 104 108 450 3278 2552 4012 743 734 4071 4093 4044 4298 22 3325 18 57 1758 1793 69 3307 2765 4396 4283 990 161 3552 4267 193 2735 185 506 536 201 2468 2402 1732 4306 2371 209 1772 4292 396 4402 2511 425 2693 4410 182 4143 160 3288 2933 3965 1179 1428 1469 3254 3403 3396 3364 3226 3349 2476 2446 3953 460 3063 1271 2667 462 3996 3069 2619 4088 4090 2782 2842 1227 1650 3841 2450 2445 1701 3387 3844 3331 3335 3352 82 100 1115 2075 2714 2717 3892 3895 3542 2242 3532 2258 1157 4103 4120 1503 4114 4006 4110 2748 1484 2764 4430 4431 1599 1407 1612 1572 1424 1587 4018 2027 2998 648 1229 1978 4060 684 2979 1563 2512 2418 3967 3952 4036 4033 3437 1593 2523 619 3345 3359 1547 618 632 3340 562 1573 641 3449 1580 2515 1581 2403 639 2396 3962 3956 1586 3351 1570 1566 2414 3357 2415 553 633 3341 3406 681 2485 2457 3380 3991 4011 2489 624 3410 2490 673 671 1508 1509 3987 2494 593 692 2535 698 3390 3998 1494 689 4004 2459 608 3402 3994 604 3384 3329 2544 682 2466 2437 614 3421 4022 577 3976 3975 2431 3375 654 653 2428 3363 3315 572 3429 3312 1533 3986 586 1511 2550 2447 2551 3369 2501 1524 655 1512 3318 1513 3413 1516 1519 2504 2502 2178 1886 1888 3643 3645 3817 3816 3815 2169 1896 1902 2164 1906 3533 3810 3657 2158 3808 2156 2155 3661 3806 2152 1917 3665 3667 2148 3668 3656 1827 1830 3604 3610 1841 2212 2208 2207 2206 2205 2204 3614 3836 2201 1879 1853 1857 2196 2195 1864 3628 1868 2191 3830 3629 3631 2186 3635 1877 2199 2008 2009 3722 2101 3770 2014 2015 2016 3765 3729 2024 2086 3731 2031 3671 2036 2079 3736 2041 3742 2073 2049 2071 2050 2051 2054 2064 2057 2062 3757 2145 3675 1932 1934 1935 3679 2137 1941 3683 3793 1946 1951 3687 3789 2107 1954 3788 1959 1968 3703 2121 1976 3707 2116 3710 1990 3716 3717 3718 2128 1667 1669 2343 3511 2341 1673 3514 2338 3516 2336 1679 2334 1682 2221 2331 3527 3530 2328 2327 1698 2324 2566 1703 3906 1705 2318 1706 1707 3911 1595 3461 3945 3944 1603 3943 3467 1613 2378 3938 3475 1619 1624 3480 2346 1634 2366 1638 3489 1643 1647 3927 3926 2355 1649 2353 1662 3922 3505 3482 3564 3565 1762 1764 2265 2263 1769 3871 3868 3867 3866 3572 1782 1785 3535 2244 1788 2241 3578 2236 1799 3587 3591 1810 1813 1814 3849 2223 1820 1786 1714 1720 2310 1723 1724 2307 1725 1727 2303 1733 2301 2300 2298 1739 3562 3888 3887 3553 1743 2285 3884 1746 2282 2281 2280 2279 3555 3878 1756 1740 748 4321 4319 4316 2993 740 1241 1244 4309 731 730 4305 724 2865 720 717 4300 714 336 334 2965 1262 328 2962 1269 4288 2954 2950 721 812 3041 807 4352 1193 1198 3034 798 1199 794 4346 786 784 1235 1211 781 3024 1216 1218 1222 4336 4334 767 766 763 4328 1228 1233 4343 265 1301 4258 254 4255 248 2902 243 240 3246 2897 2896 231 2947 1322 1333 1338 211 1343 198 186 2877 2876 2873 1356 2869 1362 1363 1321 314 4281 312 4279 2940 308 1278 2937 301 2935 4275 4274 297 1296 2928 293 2926 1283 1285 1288 2920 277 1294 2916 4263 1295 4262 2912 296 993 974 3172 1095 965 1097 3168 3165 1101 3163 1105 953 951 813 948 3154 1110 3152 944 4418 943 4417 934 3141 1119 929 3133 3132 3157 1046 1048 4458 4457 4455 3201 1055 1029 1061 3196 3195 1022 1063 1075 1019 3190 3189 1018 4444 1017 1016 4441 1015 1065 1012 1068 3179 1003 1020 3081 865 859 854 850 4371 849 848 3068 3067 843 1168 3064 920 3061 841 3059 834 1176 830 3053 4363 3051 824 823 4359 1183 3044 3062 918 917 3124 1127 913 4401 905 1134 901 1140 3110 1141 886 3082 3106 1144 884 3102 1146 4390 3096 1151 1153 871 870 3087 4382 867 3107 364 2699 1472 368 2695 373 376 4139 2689 378 4137 384 386 4164 2679 389 1486 395 407 4129 3212 2671 2669 4127 415 418 3223 2683 1436 2746 135 2744 1438 4162 1440 140 1442 1443 151 4155 157 2702 2723 1452 340 2898 2715 2712 1461 352 2709 2708 356 2706 2705 1468 158 495 2608 499 500 2603 3271 504 2599 2598 4084 509 2594 2592 432 2589 525 527 528 2584 529 3285 3286 4070 3290 4066 546 4063 552 4080 2658 437 4119 3228 3242 456 457 2647 4113 3243 4109 2640 4107 3265 3746 3248 2633 468 2630 3249 4100 474 3251 2622 2620 2617 484 3259 463 4211 10 2828 4207 5 2822 17 2819 25 1401 31 33 4187 34 2810 2718 2807 2806 4194 1408 86 2796 4189 2794 90 4199 1364 1367 73 4229 65 62 1374 4226 60 2854 2852 4223 15 50 4221 2846 1380 1381 4219 47 4217 4216 1385 2837 4214 1389 2850 4167 2757 1414 2785 96 1415 2760 4177 2775 1426 4169 1417 1418 4170 4171 2771 4173 113 2767 4196 124 1411 132 1430 2750 115 59 2056 431 1616 515 4 2836 2209 3709 3456 1148 1745 3083 1165 532 152 3432 412 1534 4420 4212 1267 1960 3129 3585 1872 2687 2044 551 208 1039 235 4285 952 1585 3017 3766 1983 1158 2987 1111 2377 3267 2463 3879 2182 88 2 2264 3104 94 2167 101 2000 1259 908 1818 3460 3368 3376 1936 615 2365 1460 3336 1765 256 388 114 341 1394 811 725 1584 1323 701 441 1575 3637 947 2635 2719 4277 2546 4039 3056 2698 3889 4400 2267 3954 2406 2963 4268 4213 2923 1828 2232 2569 1455 2063 3353 1815 2170 1402 281 3525 1776 508 184 573 2480 3305 3632 1840 150 1190 1900 3422 156 1409 280 4104 4260 2109 3685 587 3100 2226 816 3031 2359 3490 1459 3011 3939 3829 23 517 2098 2983 335 606 2438 1266 2939 3909 704 3057 845 1159 302 1388 4450 2040 259 4327 1728 3733 3803 2793 239 3393 2844 2506 594 3960 434 3684 605 3065 1332 3739 2147 307 623 422 2736 4256 1 3799 3235 3674 1741 1126 1798 4184 2245 4342 4086 1076 1071 1784 3127 643 131 1201 544 3174 3093 3828 3546 3308 1476 3128 39 705 143 271 1169 142 3625 2384 3295 2753 2558 3520 390 4009 453 399 3735 2291 1310 3171 3099 2408 1564 1878 1300 3550 4248 285 2605 2052 2530 253 1684 1344 2742 4019 779 1240 3360 2467 3670 165 657 232 118 430 2751 2534 1974 1121 1002 3781 2319 2321 1371 263 1117 1993 4313 2004 3881 2043 3769 3431 3861 4381 2249 2058 4383 805 1458 2315 1161 3848 2754 2772 1692 2728 2323 3846 3605 3358 1312 43 2900 44 2111 3688 1327 2554 1995 985 1920 1346 535 526 3713 2870 503 494 1982 2612 486 1987 1377 2385 2084 2999 3958 757 3969 32 1538 1261 2964 1866 2670 3419 2060 3221 4424 3999 3389 13 2653 3776 1856 394 2682 3559 278 2616 3800 3613 1571 4345 3880 1860 2684 3936 2984 2652 2127 4384 1542 171 2087 997 1611 1849 2849 1685 678 2866 3147 2118 887 2759 3784 322 609 882 1797 4058 2654 776 54 2892 1744 71 3383 353 3786 3142 1203 927 1767 2229 3607 167 540 1994 2677 4005 4021 729 2500 1636 1722 429 695 3608 103 1625 4111 4147 4131 2914 3910 1195 3529 4315 247 3677 3947 3756 2272 4172 473 1997 1376 3754 1554 2429 1531 329 3143 2460 3755 1510 461 1098 2237 137 1795 1073 3350 4030 2747 1535 1066 3988 2816 199 2786 413 1859 897 2663 1717 981 600 2112 1348 4053 1178 1842 2710 2304 1274 1909 2815 177 702 4405 2694 3121 4392 2175 1502 4195 2007 4422 2768 1077 3640 1914 1704 2401 4366 66 3255 2857 3538 159 986 3933 1537 4264 2286 3298 4027 372 3297 3883 592 4411 2076 3272 1521 935 77 2821 3225 966 2906 516 3593 2875 3743 35 1773 1947 225 4231 70 3935 3280 125 325 19 4160 574 2317 575 2532 2586 4176 295 12 4272 4299 844 852 1166 3972 858 2122 1205 2691 3929 2363 915 3176 2510 4341 1025 1640 4198 2142 2078 856 2426 428 3659 1446 1473 2890 3762 3602 3949 899 1335 3311 4270 898 3372 921 3821 4330 4367 1481 2891 1423 380 2427 2260 2259 1006 650 3122 888 385 937 3579 1792 2561 4387 2440 2372 401 4146 1094 2330 1123 971 3615 3948 1674 1368 3941 2192 521 747 3466 2672 970 276 4035 4425 3897 4344 980 3737 2656 3385 969 2697 1137 4181 926 4040 4205 2583 53 205 1070 2516 3333 3711 1964 1956 4246 4209 4373 1565 4210 2374 894 147 97 2833 2262 4332 4356 4185 1185 4297 3522 337 3465 736 4142 1219 3417 2721 4118 1448 2352 1431 1353 1352 1416 4239 4179 4180 1354 1351 4178 4452 1058 1057 1410 4188 4186 4236 4237 1412 1413 1056 4240 4238 4183 4453 1078 1355 1082 1425 1052 1051 4166 1427 4244 4456 1349 1050 1429 1049 4459 1047 1341 4165 1340 4245 1342 1079 1350 1054 4241 4190 4175 4174 1420 1421 4243 1053 1347 4435 4454 4242 1080 

Extracted 0 prioritized locations: 

Final instance parameters:
loc_max_id: 4461
loc_cnt: 1784
service: fnl4461_0100
cust_max_id: 4461
cust_cnt: 4461
unweighted obj function
p: 100
total_demand: 224395.00
threshold_dist: 878.75



-------------------------------------------------
Final Problem RSSV heuristic
-------------------------------------------------
    RSSV_EXACT_CPMP_BIN
-------------------------------------------------
Gap Cplex Reports: gap_Bin_service_fnl4461_0100_p_100_RSSV_EXACT_CPMP_BIN.csv
[CALLBACK] Generating reports cplex callbacks...
[CALLBACK] Using BreakCallback...
Time Limit with not improving 1.00% (gap): 300.00 seconds
Time Limit with Gap less than 1%: 180.00 seconds
Default row names c1, c2 ... being created.
Version identifier: 22.1.1.0 | 2022-11-28 | 9160aff4d
CPXPARAM_TimeLimit                               2100
Legacy callback                                  i
Tried aggregator 1 time.
Presolve has eliminated 6630935 rows and 6630935 columns...
MIP Presolve eliminated 6630935 rows and 6630935 columns.
Reduced MIP has 6246 rows, 1329273 columns, and 2658546 nonzeros.
Reduced MIP has 1329273 binaries, 0 generals, 0 SOSs, and 0 indicators.
Presolve time = 47.27 sec. (15465.30 ticks)
Tried aggregator 1 time.
Detecting symmetries...
Reduced MIP has 6246 rows, 1329273 columns, and 2658546 nonzeros.
Reduced MIP has 1329273 binaries, 0 generals, 0 SOSs, and 0 indicators.
Presolve time = 10.39 sec. (2750.41 ticks)
Probing time = 6.33 sec. (281.07 ticks)
Clique table members: 1331950.
MIP emphasis: balance optimality and feasibility.
MIP search method: dynamic search.
Parallel mode: deterministic, using up to 32 threads.
Root relaxation solution time = 6.37 sec. (1310.90 ticks)

        Nodes                                         Cuts/
   Node  Left     Objective  IInf  Best Integer    Best Bound    ItCnt     Gap

*     0+    0                      1081924.6997        0.0000           100.00%
*     0+    0                      1005324.6167        0.0000           100.00%
*     0+    0                      1003571.9744        0.0000           100.00%
      0     0   148829.3135  1764  1003571.9744   148829.3135     1790   85.17%
Time: 155.42 seconds
MIP Gap: 0.85
Nodes: 0
Best Objective: 148829.313495962531306
Incumbent Obj:  1003571.974359310697764
Time: 170.775135040283203 seconds
MIP Gap: 0.851700408841153
Nodes: 0
Best Objective: 148829.313495962531306
Incumbent Obj:  1003571.974359310697764
      0     0   214532.9224  3867  1003571.9744    Cuts: 1661     5860   78.62%
Time: 188.829519987106323 seconds
MIP Gap: 0.786230656179253
Nodes: 0
Best Objective: 214532.922435681510251
Incumbent Obj:  1003571.974359310697764
      0     0   250243.2091  5930  1003571.9744    Cuts: 1661     9787   75.06%
Time: 210.217586040496826 seconds
MIP Gap: 0.750647471713684
Nodes: 0
Best Objective: 250243.209123784385156
Incumbent Obj:  1003571.974359310697764
      0     0   276615.3387  7769  1003571.9744    Cuts: 1661    13988   72.44%
*     0+    0                       999863.4213   276615.3387            72.33%
      0     0  -1.00000e+75     0   999863.4213   276615.3387    13988   72.33%
Time: 233.292505979537964 seconds
MIP Gap: 0.723346876327454
Nodes: 0
Best Objective: 276615.338743762753438
Incumbent Obj:  999863.421282646246254
Time: 260.247801065444946 seconds
MIP Gap: 0.723346876327454
Nodes: 0
Best Objective: 276615.338743762753438
Incumbent Obj:  999863.421282646246254
      0     0   297972.7377  9281   999863.4213    Cuts: 1661    18045   70.20%
Time: 342.379370927810669 seconds
MIP Gap: 0.701986559987690
Nodes: 0
Best Objective: 297972.737718918535393
Incumbent Obj:  999863.421282646246254
      0     0   318215.5709 10714   999863.4213    Cuts: 1661    22679   68.17%
Detecting symmetries...
Time: 438.235388994216919 seconds
MIP Gap: 0.681740961660021
Nodes: 0
Best Objective: 318215.570928735833149
Incumbent Obj:  999863.421282646246254
      0     0   335271.1994 12008   999863.4213    Cuts: 1661    27441   66.47%
Time: 560.694319963455200 seconds
MIP Gap: 0.664683003442585
Nodes: 0
Best Objective: 335271.199392118433025
Incumbent Obj:  999863.421282646246254
      0     0   350493.7850 13327   999863.4213    Cuts: 1661    32035   64.95%
*     0+    0                       998149.8214   350493.7850            64.89%
Time: 714.172264099121094 seconds
MIP Gap: 0.648856536938782
Nodes: 0
Best Objective: 350493.784954813367222
Incumbent Obj:  998149.821441238513216
      0     0   364058.6278 14222   998149.8214    Cuts: 1661    37177   63.53%
*     0+    0                       946763.8643   364058.6278            61.55%
Time: 1077.215146064758301 seconds
MIP Gap: 0.615470508028639
Nodes: 0
Best Objective: 364058.627761951007415
Incumbent Obj:  946763.864315160783008
      0     0   375939.9065 15344   946763.8643    Cuts: 1661    42312   60.29%
*     0+    0                       738821.4778   375939.9065            49.12%
Time: 1246.277338027954102 seconds
MIP Gap: 0.491162726367354
Nodes: 0
Best Objective: 375939.906477818614803
Incumbent Obj:  738821.477825202862732
      0     0   387318.1635 16504   738821.4778    Cuts: 1661    48045   47.58%
*     0+    0                       681191.3362   387318.1635            43.14%
Time: 1429.936072111129761 seconds
MIP Gap: 0.431410614082408
Nodes: 0
Best Objective: 387318.163532720005605
Incumbent Obj:  681191.336183078121394
      0     0   399081.8231 17902   681191.3362    Cuts: 1661    53794   41.41%
*     0+    0                       675875.5960   399081.8231            40.95%
Time: 1746.626266956329346 seconds
MIP Gap: 0.409533610191505
Nodes: 0
Best Objective: 399081.823142801935319
Incumbent Obj:  675875.596022045239806
      0     0   409586.5553 18909   675875.5960    Cuts: 1661    61790   39.40%
Time: 2044.550863027572632 seconds
MIP Gap: 0.393991205285379
Nodes: 0
Best Objective: 409586.555322345753666
Incumbent Obj:  675875.596022045239806
      0     0   419027.1215 20030   675875.5960    Cuts: 1661    69470   38.00%

Clique cuts applied:  6196
Cover cuts applied:  3475
Mixed integer rounding cuts applied:  8787
Zero-half cuts applied:  142

Root node processing (before b&c):
  Real time             = 2103.33 sec. (768521.33 ticks)
Parallel b&c, 32 threads:
  Real time             =    0.00 sec. (0.00 ticks)
  Sync time (average)   =    0.00 sec.
  Wait time (average)   =    0.00 sec.
                          ------------
Total (root+branch&cut) = 2103.33 sec. (768521.33 ticks)
[INFO] Saving variables cplex:
./outputs/solutions/2024-08-26_LIT_seed_200/VarsValues_cplex/test_lit_fnl4461_0100_CPMP_Vars_Bin_p_100_RSSV_EXACT_CPMP_BIN.txt
[INFO] Saving results cplex: 
./outputs/solutions/2024-08-26_LIT_seed_200/Results_cplex/test_lit_fnl4461_0100_Bin_RSSV_EXACT_CPMP_BIN.csv

Final solution CPMP:
p locations: 1195 3376 2892 2653 3360 705 322 1076 2635 1534 2056 3099 1418 4167 312 684 1766 364 595 3044 2058 3895 604 920 681 2656 3525 353 1355 2672 4331 4178 1413 725 1894 1341 4165 1344 2148 1647 3635 462 2128 1338 4459 2721 1425 2926 951 15 1351 1765 1431 3828 154 3661 659 2555 4142 2697 3645 4186 4246 2583 3449 1612 2640 191 414 1572 4018 2968 463 2894 3228 3295 4297 2794 1860 4365 4444 4288 101 3552 738 3410 2262 425 1019 3190 4041 2538 3956 1110 4401 4155 47 495 2589 2837 
p size: 100
objective: 675875.596022045938298
sum (dij * xij) 
demand/capacity: 224395.000000000000000/280500
Solution is Feasible
Statistics:
Max distance: 527.079690369492369
Min distance: 0.000000000000000
Avg distance: 151.507643134285132
Std deviation distance: 77.728733251051963


Final total elapsed time: 2486s
[INFO] Saving assignment: ./outputs/solutions/2024-08-26_LIT_seed_200/Assignments/test_lit_fnl4461_0100_p_100_RSSV_EXACT_CPMP_BIN.txt
[INFO] Saving results: ./outputs/solutions/2024-08-26_LIT_seed_200/test_lit_fnl4461_0100_results_RSSV_EXACT_CPMP_BIN.csv
[INFO] Saving all results: ./outputs/solutions/test_all_results.csv
Post Optimization: EXACT_CPMP_BIN


-------------------------------------------------
Post Optimization
-------------------------------------------------
method: EXACT_CPMP_BIN
-------------------------------------------------
Time for post-optimization: 1114.000000000000000s
PostOptimization constructor
p locations: 1195 3376 2892 2653 3360 705 322 1076 2635 1534 2056 3099 1418 4167 312 684 1766 364 595 3044 2058 3895 604 920 681 2656 3525 353 1355 2672 4331 4178 1413 725 1894 1341 4165 1344 2148 1647 3635 462 2128 1338 4459 2721 1425 2926 951 15 1351 1765 1431 3828 154 3661 659 2555 4142 2697 3645 4186 4246 2583 3449 1612 2640 191 414 1572 4018 2968 463 2894 3228 3295 4297 2794 1860 4365 4444 4288 101 3552 738 3410 2262 425 1019 3190 4041 2538 3956 1110 4401 4155 47 495 2589 2837 
p size: 100
objective: 675875.596022045938298
sum (dij * xij) 
demand/capacity: 224395.000000000000000/280500
Solution is Feasible
[INFO] Running post-optimization
Time limit: 1114.000000000000000
Max size of the neigh: 43
 ------------------------------------ 

Iteration Post-Optimization: 1
Size of neighborhood: 1
[INFO] Adding MIP start solution
Gap Cplex Reports: gap_Bin_service_fnl4461_0100_p_100_RSSV_POSTOPT.csv
[CALLBACK] Generating reports cplex callbacks...
Default row names c1, c2 ... being created.
Version identifier: 22.1.1.0 | 2022-11-28 | 9160aff4d
CPXPARAM_TimeLimit                               1114
CPXPARAM_MIP_Tolerances_LowerCutoff              419027.12150048529
Legacy callback                                  i
1 of 2 MIP starts provided solutions.
MIP start 'm1' defined initial solution with objective 673888.7256.
Presolve has eliminated 18576530 rows and 18580791 columns...
Presolve has improved bounds 4261 times...
Tried aggregator 2 times.
MIP Presolve eliminated 18580791 rows and 19847320 columns.
Aggregator did 3 substitutions.
Reduced MIP has 4759 rows, 57659 columns, and 115518 nonzeros.
Reduced MIP has 57659 binaries, 0 generals, 0 SOSs, and 0 indicators.
Presolve time = 53.99 sec. (20645.73 ticks)
Tried aggregator 1 time.
Detecting symmetries...
Reduced MIP has 4759 rows, 57659 columns, and 115518 nonzeros.
Reduced MIP has 57659 binaries, 0 generals, 0 SOSs, and 0 indicators.
Presolve time = 0.25 sec. (79.40 ticks)
Probing time = 3.83 sec. (7.04 ticks)
Clique table members: 62020.
MIP emphasis: balance optimality and feasibility.
MIP search method: dynamic search.
Parallel mode: deterministic, using up to 32 threads.
Root relaxation solution time = 0.17 sec. (81.77 ticks)

        Nodes                                         Cuts/
   Node  Left     Objective  IInf  Best Integer    Best Bound    ItCnt     Gap

*     0+    0                       673888.7256      518.4088            99.92%
      0     0   630058.0358   279   673888.7256   630058.0358     1152    6.50%
Time: 425.671902894973755 seconds
MIP Gap: 0.065041435110760
Nodes: 0
Best Objective: 630058.035753427189775
Incumbent Obj:  673888.725569423404522
      0     0   645946.3004  2560   673888.7256    Cuts: 1289     2779    4.15%
      0     0   655212.8879  4076   673888.7256    Cuts: 1289     4331    2.77%
      0     0   657842.6838  3722   673888.7256    Cuts: 1289     5711    2.38%
*     0+    0                       670252.9331   657842.6838             1.85%
      0     0  -1.00000e+75     0   670252.9331   657842.6838     5711    1.85%
Time: 458.869240045547485 seconds
MIP Gap: 0.018515770210267
Nodes: 0
Best Objective: 657842.683767804875970
Incumbent Obj:  670252.933059084345587
      0     0   658287.2925  2681   670252.9331     Cuts: 572     6358    1.79%
*     0+    0                       661131.4114   658287.2925             0.43%
      0     0   658373.6297  1977   661131.4114     Cuts: 207     6699    0.42%
Detecting symmetries...
      0     0   658414.3017  2508   661131.4114     Cuts: 123     6990    0.41%
*     0+    0                       659047.0706   658414.3017             0.10%
*     0+    0                       658949.9391   658414.3017             0.08%
*     0+    0                       658928.5187   658414.3017             0.08%
      0     0  -1.00000e+75     0   658928.5187   658414.3017     6990    0.08%
Time: 500.097023010253906 seconds
MIP Gap: 0.000780383663650
Nodes: 0
Best Objective: 658414.301658679614775
Incumbent Obj:  658928.518710194271989
      0     0   658438.3017  1899   658928.5187     Cuts: 146     7245    0.07%
      0     0   658457.7666  2243   658928.5187     Cuts: 127     7488    0.07%
      0     0   658470.7804  1781   658928.5187     Cuts: 123     7708    0.07%
      0     0   658483.3823  2759   658928.5187     Cuts: 100     7924    0.07%
Detecting symmetries...
Time: 621.808974981307983 seconds
MIP Gap: 0.000675545858008
Nodes: 0
Best Objective: 658483.382278656121343
Incumbent Obj:  658928.518710194271989
      0     2   658484.7761  2624   658928.5187   658483.3823     7971    0.07%
Elapsed time = 485.34 sec. (53077.74 ticks, tree = 0.02 MB, solutions = 6)
     25    19        cutoff         658928.5187   658486.7371     8595    0.07%
     95    47   658880.0399  1517   658928.5187   658505.4366    10983    0.06%
Time: 626.991391897201538 seconds
MIP Gap: 0.000630299941627
Nodes: 99
Best Objective: 658513.196103314985521
Incumbent Obj:  658928.518710194271989
    240   163   658577.3802   437   658928.5187   658524.6684    18226    0.06%
    443   328   658901.3784   250   658928.5187   658524.6684    24002    0.06%
    627   510   658693.2897   171   658928.5187   658524.6684    30610    0.06%
Time: 633.346318960189819 seconds
MIP Gap: 0.000612889448286
Nodes: 824
Best Objective: 658524.668373902095482
Incumbent Obj:  658928.518710194271989
    920   708        cutoff         658928.5187   658524.6684    34971    0.06%
*   924+  362                       658808.8148   658524.6684             0.04%
*   998+  390                       658796.0361   658524.6684             0.04%
   1124   804   658695.8769   235   658796.0361   658524.6684    36762    0.04%
*  1159+  362                       658786.2721   658524.6684             0.04%
*  1288+  443                       658779.8142   658524.6684             0.04%
   1288   665   658716.9030   186   658779.8142   658524.6684    34004    0.04%
*  1289+  443                       658757.2040   658524.6684             0.04%
Time: 643.314813852310181 seconds
MIP Gap: 0.000389116821159
Nodes: 1123
Best Objective: 658529.927320628892630
Incumbent Obj:  658786.272140667540953
   1290   398   658545.6830   691   658757.2040   658524.6684    26795    0.04%
Time: 654.137866973876953 seconds
MIP Gap: 0.000389116821159
Nodes: 1157
Best Objective: 658529.927320628892630
Incumbent Obj:  658786.272140667540953
Time: 659.619520902633667 seconds
MIP Gap: 0.000389116821159
Nodes: 1174
Best Objective: 658529.927320628892630
Incumbent Obj:  658786.272140667540953
   1319   879   658627.3172   156   658757.2040   658530.8985    45058    0.03%
Elapsed time = 521.97 sec. (56535.05 ticks, tree = 40.43 MB, solutions = 8)
Time: 668.179427862167358 seconds
MIP Gap: 0.000389116821159
Nodes: 1201
Best Objective: 658529.927320628892630
Incumbent Obj:  658786.272140667540953
   1414   963   658691.1215   120   658757.2040   658530.8985    47584    0.03%
Time: 675.918597936630249 seconds
MIP Gap: 0.000389116821159
Nodes: 1354
Best Objective: 658529.927320628892630
Incumbent Obj:  658786.272140667540953
   1598  1075   658647.6818   240   658757.2040   658530.8985    51399    0.03%
Time: 681.968518972396851 seconds
MIP Gap: 0.000389116821159
Nodes: 1501
Best Objective: 658529.927320628892630
Incumbent Obj:  658786.272140667540953
   1723  1164   658691.5352   738   658757.2040   658530.8985    57746    0.03%
Time: 687.190454006195068 seconds
MIP Gap: 0.000389116821159
Nodes: 1730
Best Objective: 658529.927320628892630
Incumbent Obj:  658786.272140667540953
   1929  1296   658770.2661   143   658757.2040   658530.8985    63827    0.03%
Time: 692.198457002639771 seconds
MIP Gap: 0.000389116821159
Nodes: 1963
Best Objective: 658529.927320628892630
Incumbent Obj:  658786.272140667540953
   2201  1597   658777.4163   215   658757.2040   658530.8985    73924    0.03%
Time: 705.136800050735474 seconds
MIP Gap: 0.000377035749263
Nodes: 2267
Best Objective: 658529.927320628892630
Incumbent Obj:  658778.310294448747300
   2499  1785   658757.1319   233   658757.2040   658530.8985    81723    0.03%
   2523  1744   658636.6411   364   658757.2040   658530.8985    82708    0.03%
*  2598+ 1782                       658744.4685   658530.8985             0.03%
   2603  1812   658726.4952   265   658744.4685   658530.8985    86252    0.03%
Time: 714.933393955230713 seconds
MIP Gap: 0.000325681879673
Nodes: 2379
Best Objective: 658529.927320628892630
Incumbent Obj:  658744.468457340379246
   2645  1593   658689.1752   161   658744.4685   658530.8985    87294    0.03%
   2730  1658   658716.9292   190   658744.4685   658530.8985    90269    0.03%
Elapsed time = 583.14 sec. (66532.54 ticks, tree = 108.43 MB, solutions = 11)
*  2771+ 1636                       658740.7515   658530.8985             0.03%
Time: 727.571065902709961 seconds
MIP Gap: 0.000320041181767
Nodes: 2580
Best Objective: 658529.927320628892630
Incumbent Obj:  658740.751489213900641
   2822  1679   658731.7950   215   658740.7515   658530.8985    91569    0.03%
   2863  1702   658665.2427   232   658740.7515   658530.8985    92936    0.03%
Time: 735.453402042388916 seconds
MIP Gap: 0.000320041181767
Nodes: 2637
Best Objective: 658529.927320628892630
Incumbent Obj:  658740.751489213900641
   2892  1756   658686.9209   273   658740.7515   658530.8985    94632    0.03%
   3004  1781   658669.4417  1423   658740.7515   658530.8985    96101    0.03%
Time: 741.322322845458984 seconds
MIP Gap: 0.000320041181767
Nodes: 2785
Best Objective: 658529.927320628892630
Incumbent Obj:  658740.751489213900641
*  3098+ 1887                       658726.3263   658530.8985             0.03%
   3135  1959   658677.6043   219   658726.3263   658530.8985   103815    0.03%
Time: 748.400685071945190 seconds
MIP Gap: 0.000298149536965
Nodes: 2967
Best Objective: 658529.927320628892630
Incumbent Obj:  658726.326269792858511
*  3204+ 1750                       658714.8955   658530.8985             0.03%
   3204  1752   658692.8981   172   658714.8955   658530.8985   104668    0.03%
Time: 758.185385942459106 seconds
MIP Gap: 0.000280801628791
Nodes: 2987
Best Objective: 658529.927320628892630
Incumbent Obj:  658714.895536204217933
   3217  1564   658701.1435   182   658714.8955   658530.8985   106024    0.03%
   3245  1573   658681.7758   274   658714.8955   658530.8985   106945    0.03%
*  3248+ 1565                       658712.5203   658530.8985             0.03%
*  3265+ 1571                       658710.7656   658530.8985             0.03%
Time: 768.373434066772461 seconds
MIP Gap: 0.000277196765744
Nodes: 3036
Best Objective: 658529.927320628892630
Incumbent Obj:  658712.520300811389461
   3289  1570   658672.9672   249   658710.7656   658530.8985   108109    0.03%
   3341  1574   658699.3292   191   658710.7656   658530.8985   109554    0.03%
Elapsed time = 635.39 sec. (76430.95 ticks, tree = 104.19 MB, solutions = 16)
Time: 775.735605955123901 seconds
MIP Gap: 0.000274533614354
Nodes: 3185
Best Objective: 658529.927320628892630
Incumbent Obj:  658710.765567913884297
   3438  1714   658670.6489   218   658710.7656   658530.8985   114215    0.03%
   3633  1829   658682.5545   208   658710.7656   658530.8985   118729    0.03%
Time: 784.161315917968750 seconds
MIP Gap: 0.000274533614354
Nodes: 3555
Best Objective: 658529.927320628892630
Incumbent Obj:  658710.765567913884297
   3799  1922   658657.0616   277   658710.7656   658530.8985   124463    0.03%
   4047  2218   658709.3645   210   658710.7656   658530.8985   140321    0.03%
Time: 790.818408012390137 seconds
MIP Gap: 0.000274533614354
Nodes: 4073
Best Objective: 658529.927320628892630
Incumbent Obj:  658710.765567913884297
   4330  2377   658669.6090   273   658710.7656   658530.8985   148557    0.03%
*  4460+ 2418                       658710.6852   658530.8985             0.03%
   4626  2608   658661.3569   268   658710.6852   658530.8985   162864    0.03%
Time: 799.661367893218994 seconds
MIP Gap: 0.000274411588841
Nodes: 4438
Best Objective: 658529.927320628892630
Incumbent Obj:  658710.685166331939399
   4688  2643   658708.4888   212   658710.6852   658530.8985   164644    0.03%
Time: 805.876561880111694 seconds
MIP Gap: 0.000274411588841
Nodes: 4507
Best Objective: 658529.927320628892630
Incumbent Obj:  658710.685166331939399
   4729  2679   658650.3640   229   658710.6852   658530.8985   167147    0.03%
   4783  2726   658708.1339   207   658710.6852   658530.8985   168922    0.03%
Time: 811.540300846099854 seconds
MIP Gap: 0.000274411588841
Nodes: 4651
Best Objective: 658529.927320628892630
Incumbent Obj:  658710.685166331939399
   4920  2861   658685.8774   259   658710.6852   658530.8985   174383    0.03%
Elapsed time = 674.95 sec. (86084.71 ticks, tree = 238.58 MB, solutions = 17)
Time: 818.001831054687500 seconds
MIP Gap: 0.000274411588841
Nodes: 4819
Best Objective: 658529.927320628892630
Incumbent Obj:  658710.685166331939399
   5030  2932   658659.7518   292   658710.6852   658530.8985   177869    0.03%
   5091  2979   658652.1270   321   658710.6852   658530.8985   179952    0.03%
   5205  3081   658684.2062   207   658710.6852   658530.8985   184280    0.03%
Time: 824.929600954055786 seconds
MIP Gap: 0.000274411588841
Nodes: 5044
Best Objective: 658529.927320628892630
Incumbent Obj:  658710.685166331939399

Performing restart 1

Repeating presolve.
Tried aggregator 3 times.
MIP Presolve eliminated 34 rows and 25569 columns.
MIP Presolve added 7 rows and 0 columns.
MIP Presolve modified 4 coefficients.
Aggregator did 176 substitutions.
Reduced MIP has 4556 rows, 31914 columns, and 64010 nonzeros.
Reduced MIP has 31914 binaries, 0 generals, 0 SOSs, and 0 indicators.
Presolve time = 0.22 sec. (86.37 ticks)
Tried aggregator 1 time.
Reduced MIP has 4556 rows, 31914 columns, and 64010 nonzeros.
Reduced MIP has 31914 binaries, 0 generals, 0 SOSs, and 0 indicators.
Presolve time = 0.12 sec. (43.71 ticks)
Represolve time = 97.91 sec. (13343.93 ticks)

Repeating presolve.
Tried aggregator 3 times.
MIP Presolve eliminated 100 rows and 9475 columns.
MIP Presolve added 12 rows and 0 columns.
MIP Presolve modified 12 coefficients.
Aggregator did 566 substitutions.
Reduced MIP has 3902 rows, 21873 columns, and 43922 nonzeros.
Reduced MIP has 21873 binaries, 0 generals, 0 SOSs, and 0 indicators.
Presolve time = 0.15 sec. (58.26 ticks)
Tried aggregator 1 time.
Reduced MIP has 3902 rows, 21873 columns, and 43922 nonzeros.
Reduced MIP has 21873 binaries, 0 generals, 0 SOSs, and 0 indicators.
Presolve time = 0.09 sec. (29.94 ticks)
Represolve time = 89.46 sec. (11156.51 ticks)
   5324     0   658577.1285  1695   658710.6852     Cuts: 101   213111    0.02%
   5324     0   658583.6945  1866   658710.6852      Cuts: 75   213332    0.02%
   5324     0   658592.6476  1758   658710.6852      Cuts: 76   213516    0.02%
   5324     0   658597.5915  1807   658710.6852      Cuts: 62   213662    0.02%
   5324     0   658602.5405  1914   658710.6852      Cuts: 72   213801    0.02%
   5324     0   658604.6877  1677   658710.6852      Cuts: 60   213893    0.02%
   5324     0   658607.0656  1586   658710.6852      Cuts: 37   213980    0.02%
   5324     0   658608.0786  1761   658710.6852      Cuts: 33   214051    0.02%
   5324     0   658608.8839  1596   658710.6852      Cuts: 30   214103    0.02%
   5324     0   658609.7841  1754   658710.6852      Cuts: 30   214189    0.02%
   5324     0   658610.6660  1791   658710.6852      Cuts: 33   214253    0.02%
   5324     0   658611.3262  1796   658710.6852      Cuts: 32   214316    0.02%
   5324     0   658611.7434  1687   658710.6852      Cuts: 19   214357    0.02%
   5324     0   658612.0000  1887   658710.6852      Cuts: 17   214404    0.01%
   5324     0   658612.2283  1792   658710.6852      Cuts: 17   214454    0.01%
   5324     0   658612.4216  1886   658710.6852      Cuts: 14   214489    0.01%
Starting limited solution polishing.
Time: 1366.631525039672852 seconds
MIP Gap: 0.000149175662471
Nodes: 5324
Best Objective: 658612.421563495881855
Incumbent Obj:  658710.685166332055815

Clique cuts applied:  2878
Cover cuts applied:  313
Flow cuts applied:  151
Mixed integer rounding cuts applied:  479
Zero-half cuts applied:  56
Multi commodity flow cuts applied:  39
Gomory fractional cuts applied:  50

Root node processing (before b&c):
  Real time             =  415.50 sec. (56806.98 ticks)
Parallel b&c, 32 threads:
  Real time             =  868.75 sec. (88339.81 ticks)
  Sync time (average)   =  200.10 sec.
  Wait time (average)   =   51.32 sec.
                          ------------
Total (root+branch&cut) = 1284.25 sec. (145146.79 ticks)
Post-Optimization Solution: 
p locations: 4460 4444 4331 4305 4285 4225 4218 4167 4165 4119 3994 3956 3892 3706 3828 3661 3632 1434 1195 2538 1076 3525 4400 1060 729 947 1342 1894 725 4142 301 2987 705 1308 3312 4009 335 414 1766 1599 738 659 341 935 47 101 2866 3419 670 1355 353 20 460 2656 1487 1519 183 684 425 2242 3190 463 1070 1860 515 3422 1418 604 1491 1587 152 3325 1762 2535 2034 4336 2666 2058 2128 1647 2148 2622 2530 2586 2633 2641 4186 2683 3552 2721 2794 2892 3228 2894 3002 3081 1341 3011 1371 3375 
p size: 100
objective: 658710.685166331939399
sum (dij * xij) 
demand/capacity: 224395.000000000000000/280500
Solution is Feasible
Comparing Best Bounds: 
Old Best Bound: 658612.421563495998271
New Best Bound: 658612.421563495998271
Time elapsed: 1498.568714410999974s
Time remaining: 1114.000000000000000s



Finishing post-optimization
p locations: 4460 4444 4331 4305 4285 4225 4218 4167 4165 4119 3994 3956 3892 3706 3828 3661 3632 1434 1195 2538 1076 3525 4400 1060 729 947 1342 1894 725 4142 301 2987 705 1308 3312 4009 335 414 1766 1599 738 659 341 935 47 101 2866 3419 670 1355 353 20 460 2656 1487 1519 183 684 425 2242 3190 463 1070 1860 515 3422 1418 604 1491 1587 152 3325 1762 2535 2034 4336 2666 2058 2128 1647 2148 2622 2530 2586 2633 2641 4186 2683 3552 2721 2794 2892 3228 2894 3002 3081 1341 3011 1371 3375 
p size: 100
objective: 658710.685166331939399
sum (dij * xij) 
demand/capacity: 224395.000000000000000/280500
Solution is Feasible
Solution Stats
Statistics:
Max distance: 442.366364001604438
Min distance: 0.000000000000000
Avg distance: 147.659871142419178
Std deviation distance: 74.393989104835867


[INFO] Saving assignment: ./outputs/solutions/2024-08-26_LIT_seed_200/Assignments/test_lit_fnl4461_0100_p_100_RSSV_EXACT_CPMP_BIN_POSTOPT.txt
[INFO] Saving results: ./outputs/solutions/2024-08-26_LIT_seed_200/test_lit_fnl4461_0100_results_RSSV_EXACT_CPMP_BIN_POSTOPT.csv
[INFO] Saving all results: ./outputs/solutions/test_all_results.csv
Final total elapsed time (post opt): 3984s
Elapsed time: 3985037 ms

RSSV finished.
