Debug: configOverride contents: IsWeighted_ObjFunc add_break_callback add_generate_reports add_threshold_distance_rssv bw_multiplier capacities cover_mode coverages cust_max_id distance_matrix loc_max_id max_ite_subprob_rssv method method_post_opt method_rssv_fp method_rssv_sp output p seed service size_subproblems_rssv subarea threads time time_cplex time_subprob_rssv weights 
Loading instance...
Scanning input data...
Distance matrix dimensions: 4462 x 4462 = 19909444
Elapsed time: 0 ms

Loading weights...
Skipped line: customer weight coord_x coord_y
Loaded 4461 weights
Loaded 4461 coordinates
Total customer demand: 224395.00
Elapsed time: 13 ms

Loading capacities...
Skipped line: location capacity coord_x coord_y
Loaded 4461 capacities
Loaded 4461 coordinates
Elapsed time: 8 ms

Loading distance matrix...
Computing euclidian distances...
bw multiplier: 0.50
Loaded 19904982 distances
dists stdev: 954.33
bandwidth h: 17.53
locations: 4461
customers: 4461
p: 250
Elapsed time: 582 ms

[INFO] Instance loaded
loc_max_id: 4461
loc_cnt: 4461
service: fnl4461_0250
cust_max_id: 4461
cust_cnt: 4461
unweighted obj function
p: 250
total_demand: 224395.00


-------------------------------------------------


-------------------------------------------------
RSSV heuristic 
-------------------------------------------------
method subproblems: TB_PMP
method final problem: EXACT_CPMP_BIN
-------------------------------------------------
RSSV running...
cPMP size (N): 4461
sub-cPMP size (n): 300
Subproblems cnt (M): 74
p: 250
Seed: 0
Time limit for subproblems: 300.00

thread cnt: 20

Thread 1 created with seed 1
Thread 2 created with seed 2
Solving sub-PMP 1/74...
Thread 3 created with seed 3
Thread 4 created with seed 4
Thread 5 created with seed 5
Thread 6 created with seed 6
Thread 7 created with seed 7
Thread 8 created with seed 8
Thread 9 created with seed 9
Thread 10 created with seed 10
uncapacitated TB started
Thread 11 created with seed 11
Thread 12 created with seed 12
Thread 13 created with seed 13
Thread 14 created with seed 14
Thread 15 created with seed 15
Thread 16 created with seed 16
Thread 17 created with seed 17
Thread 18 created with seed 18
Thread 19 created with seed 19
Thread 20 created with seed 20
Solving sub-PMP 12/74...
uncapacitated TB started
[INFO] Uncapacitated TB local search started
[INFO] Uncapacitated TB local search started
Solving sub-PMP 14/74...
Solving sub-PMP 13/74...
uncapacitated TB started
uncapacitated TB started
[INFO] Uncapacitated TB local search started
[INFO] Uncapacitated TB local search started
Solving sub-PMP 15/74...
Solving sub-PMP 20/74...
uncapacitated TB started
uncapacitated TB started
[INFO] Uncapacitated TB local search started
[INFO] Uncapacitated TB local search started
Solving sub-PMP 16/74...
Solving sub-PMP 11/74...
uncapacitated TB started
uncapacitated TB started
[INFO] Uncapacitated TB local search started
[INFO] Uncapacitated TB local search started
Solving sub-PMP 17/74...
Solving sub-PMP 10/74...
Solving sub-PMP 7/74...
uncapacitated TB started
uncapacitated TB started
uncapacitated TB started
[INFO] Uncapacitated TB local search started
[INFO] Uncapacitated TB local search started
Solving sub-PMP 18/74...
Solving sub-PMP 3/74...
uncapacitated TB started
Solving sub-PMP 6/74...
uncapacitated TB started
uncapacitated TB started
[INFO] Uncapacitated TB local search started
Solving sub-PMP 19/74...
Solving sub-PMP 5/74...
Solving sub-PMP 8/74...
uncapacitated TB started
uncapacitated TB started
uncapacitated TB started
[INFO] Uncapacitated TB local search started
Solving sub-PMP 9/74...
Solving sub-PMP 2/74...
uncapacitated TB started
Solving sub-PMP 4/74...
uncapacitated TB started
[INFO] Uncapacitated TB local search started
[INFO] Uncapacitated TB local search started
uncapacitated TB started
[INFO] Uncapacitated TB local search started
[INFO] Uncapacitated TB local search started
[INFO] Uncapacitated TB local search started
[INFO] Uncapacitated TB local search started
[INFO] Uncapacitated TB local search started
[INFO] Uncapacitated TB local search started

[INFO] Time limit reached. Stopping the algorithm.
TB elapsed time: 300.00 seconds
Num ite total uncapacited TB: 22
tb solution is feasible

[INFO] Time limit reached. Stopping the algorithm.
TB elapsed time: 300.00 seconds
Num ite total uncapacited TB: 22
tb solution is feasible

[INFO] Time limit reached. Stopping the algorithm.
TB elapsed time: 300.00 seconds
Num ite total uncapacited TB: 24
tb solution is feasible

[INFO] Time limit reached. Stopping the algorithm.
TB elapsed time: 300.00 seconds
Num ite total uncapacited TB: 31
tb solution is feasible

[INFO] Time limit reached. Stopping the algorithm.
TB elapsed time: 300.00 seconds
Num ite total uncapacited TB: 24
tb solution is feasible

[INFO] Time limit reached. Stopping the algorithm.
TB elapsed time: 300.00 seconds
Num ite total uncapacited TB: 24
tb solution is feasible

[INFO] Time limit reached. Stopping the algorithm.
TB elapsed time: 300.00 seconds
Num ite total uncapacited TB: 26
tb solution is feasible

[INFO] Time limit reached. Stopping the algorithm.
TB elapsed time: 300.00 seconds
Num ite total uncapacited TB: 25
tb solution is feasible

[INFO] Time limit reached. Stopping the algorithm.
TB elapsed time: 300.00 seconds
Num ite total uncapacited TB: 31
tb solution is feasible

[INFO] Time limit reached. Stopping the algorithm.
TB elapsed time: 300.00 seconds
Num ite total uncapacited TB: 33
tb solution is feasible

[INFO] Time limit reached. Stopping the algorithm.
TB elapsed time: 300.00 seconds
Num ite total uncapacited TB: 25
tb solution is feasible

[INFO] Time limit reached. Stopping the algorithm.
TB elapsed time: 300.00 seconds
Num ite total uncapacited TB: 24
tb solution is feasible

[INFO] Time limit reached. Stopping the algorithm.
TB elapsed time: 300.00 seconds
Num ite total uncapacited TB: 25
tb solution is feasible

[INFO] Time limit reached. Stopping the algorithm.
TB elapsed time: 300.00 seconds
Num ite total uncapacited TB: 24
tb solution is feasible

[INFO] Time limit reached. Stopping the algorithm.
TB elapsed time: 300.00 seconds
Num ite total uncapacited TB: 32
tb solution is feasible

[INFO] Time limit reached. Stopping the algorithm.
TB elapsed time: 300.00 seconds
Num ite total uncapacited TB: 25
tb solution is feasible

[INFO] Time limit reached. Stopping the algorithm.
TB elapsed time: 300.00 seconds
Num ite total uncapacited TB: 27
tb solution is feasible

[INFO] Time limit reached. Stopping the algorithm.
TB elapsed time: 300.00 seconds
Num ite total uncapacited TB: 26
tb solution is feasible

[INFO] Time limit reached. Stopping the algorithm.
TB elapsed time: 300.00 seconds
Num ite total uncapacited TB: 23
tb solution is feasible

[INFO] Time limit reached. Stopping the algorithm.
TB elapsed time: 300.00 seconds
Num ite total uncapacited TB: 18
tb solution is feasible
Thread 21 created with seed 21
Thread 22 created with seed 22
Thread 23 created with seed 23
Thread 24 created with seed 24
Thread 25 created with seed 25
Thread 26 created with seed 26
Thread 27 created with seed 27
Thread 28 created with seed 28
Thread 29 created with seed 29
Thread 30 created with seed 30
Solving sub-PMP 27/74...
Thread 31 created with seed 31
Thread 32 created with seed 32
Thread 33 created with seed 33
Thread 34 created with seed 34
Thread 35 created with seed 35
Thread 36 created with seed 36
Thread 37 created with seed 37
Thread 38 created with seed 38
Thread 39 created with seed 39
Thread 40 created with seed 40
Solving sub-PMP 32/74...
uncapacitated TB started
Solving sub-PMP 26/74...
uncapacitated TB started
Solving sub-PMP Solving sub-PMP 3035//7474...
Solving sub-PMP 29/74...
...
Solving sub-PMP 22/74...
Solving sub-PMP 31/74...
uncapacitated TB started
uncapacitated TB started
uncapacitated TB started
uncapacitated TB started
uncapacitated TB started
uncapacitated TB started
Solving sub-PMP 23/74...
uncapacitated TB started
Solving sub-PMP 28/74...
[INFO] Uncapacitated TB local search started
Solving sub-PMP 25/74...
Solving sub-PMP 36/74...
Solving sub-PMP 24/74...
uncapacitated TB started
[INFO] Uncapacitated TB local search started
Solving sub-PMP 39/74...
uncapacitated TB started
Solving sub-PMP 33/74...
[INFO] Uncapacitated TB local search started
Solving sub-PMP 40/74...
uncapacitated TB started
uncapacitated TB started
[INFO] Uncapacitated TB local search started
uncapacitated TB started
[INFO] Uncapacitated TB local search started
[INFO] Uncapacitated TB local search started
[INFO] Uncapacitated TB local search started
[INFO] Uncapacitated TB local search started
Solving sub-PMP 34/74...
uncapacitated TB started
[INFO] Uncapacitated TB local search started
[INFO] Uncapacitated TB local search started
[INFO] Uncapacitated TB local search started
[INFO] Uncapacitated TB local search started
[INFO] Uncapacitated TB local search started
[INFO] Uncapacitated TB local search started
[INFO] Uncapacitated TB local search started
uncapacitated TB started
Solving sub-PMP uncapacitated TB started
37/74...
uncapacitated TB started
Solving sub-PMP 38/74...
uncapacitated TB started
[INFO] Uncapacitated TB local search started
[INFO] Uncapacitated TB local search started
[INFO] Uncapacitated TB local search started
[INFO] Uncapacitated TB local search started
Solving sub-PMP 21/74...
Time limit exceeded. It took more than 5773s to finish. You should allocate more time using "-t <time.s>" option.
[TIMELIMIT]  Time limit exceeded to solve Sub-cPMPs 

[INFO] Time limit reached. Stopping the algorithm.
TB elapsed time: 300.00 seconds
Num ite total uncapacited TB: 29
tb solution is feasible

[INFO] Time limit reached. Stopping the algorithm.
TB elapsed time: 300.00 seconds
Num ite total uncapacited TB: 23
tb solution is feasible

[INFO] Time limit reached. Stopping the algorithm.
TB elapsed time: 300.00 seconds
Num ite total uncapacited TB: 29
tb solution is feasible

[INFO] Time limit reached. Stopping the algorithm.
TB elapsed time: 300.00 seconds
Num ite total uncapacited TB: 19
tb solution is feasible

[INFO] Time limit reached. Stopping the algorithm.
TB elapsed time: 300.00 seconds
Num ite total uncapacited TB: 26
tb solution is feasible

[INFO] Time limit reached. Stopping the algorithm.
TB elapsed time: 300.00 seconds
Num ite total uncapacited TB: 23
tb solution is feasible

[INFO] Time limit reached. Stopping the algorithm.
TB elapsed time: 300.00 seconds
Num ite total uncapacited TB: 25
tb solution is feasible

[INFO] Time limit reached. Stopping the algorithm.
TB elapsed time: 300.00 seconds
Num ite total uncapacited TB: 28
tb solution is feasible

[INFO] Time limit reached. Stopping the algorithm.
TB elapsed time: 300.00 seconds
Num ite total uncapacited TB: 27
tb solution is feasible

[INFO] Time limit reached. Stopping the algorithm.
TB elapsed time: 
[INFO] Time limit reached. Stopping the algorithm.
TB elapsed time: 300.00 seconds
Num ite total uncapacited TB: 39
tb solution is feasible
300.00 seconds
Num ite total uncapacited TB: 26
tb solution is feasible

[INFO] Time limit reached. Stopping the algorithm.
TB elapsed time: 300.00 seconds
Num ite total uncapacited TB: 24
tb solution is feasible

[INFO] Time limit reached. Stopping the algorithm.
TB elapsed time: 300.00 seconds
Num ite total uncapacited TB: 31
tb solution is feasible

[INFO] Time limit reached. Stopping the algorithm.
TB elapsed time: 300.00 seconds
Num ite total uncapacited TB: 24
tb solution is feasible

[INFO] Time limit reached. Stopping the algorithm.
TB elapsed time: 300.00 seconds
Num ite total uncapacited TB: 29
tb solution is feasible

[INFO] Time limit reached. Stopping the algorithm.
TB elapsed time: 300.00 seconds
Num ite total uncapacited TB: 23
tb solution is feasible

[INFO] Time limit reached. Stopping the algorithm.
TB elapsed time: 300.00 seconds
Num ite total uncapacited TB: 35
tb solution is feasible

[INFO] Time limit reached. Stopping the algorithm.
TB elapsed time: 300.00 seconds
Num ite total uncapacited TB: 24
tb solution is feasible

[INFO] Time limit reached. Stopping the algorithm.
TB elapsed time: 300.00 seconds
Num ite total uncapacited TB: 25
tb solution is feasible
Thread 41 created with seed 41
Thread 42 created with seed 42
Thread 43 created with seed 43
Thread 44 created with seed 44
Thread 45 created with seed 45
Thread 46 created with seed 46
Thread 47 created with seed 47
Thread 48 created with seed 48
Solving sub-PMP 45/74...
Thread 49 created with seed 49
Thread 50 created with seed 50
Thread 51 created with seed 51
Thread 52 created with seed 52
Thread 53 created with seed 53
Thread 54 created with seed 54
Thread 55 created with seed 55
Thread 56 created with seed 56
Thread 57 created with seed 57
Thread 58 created with seed 58
[TIMELIMIT]  Time limit exceeded to solve Sub-cPMPs 
Thread 59 created with seed 59
Solving sub-PMP 44/74...
Thread 60 created with seed 60
Time limit exceeded. It took more than 11246s to finish. You should allocate more time using "-t <time.s>" option.
Solving sub-PMP 53/74...
Time limit exceeded. It took more than 11246s to finish. You should allocate more time using "-t <time.s>" option.
[TIMELIMIT]  Time limit exceeded to solve Sub-cPMPs 
Solving sub-PMP 54/74...
Solving sub-PMP 59/74...
Time limit exceeded. It took more than 11246s to finish. You should allocate more time using "-t <time.s>" option.
Solving sub-PMP 60/74...
Solving sub-PMP 57/74...
Solving sub-PMP Solving sub-PMP 50/5874/74...
Solving sub-PMP Solving sub-PMP Solving sub-PMP 47/74...
55/74...
Solving sub-PMP 48/74...
[TIMELIMIT]  Time limit exceeded to solve Sub-cPMPs 
Time limit exceeded. It took more than 11246s to finish. You should allocate more time using "-t <time.s>" option.
...[TIMELIMIT]  Time limit exceeded to solve Sub-cPMPs 

56Solving sub-PMP 51/74...
/74...
Solving sub-PMP 41/74...
Solving sub-PMP 46/74Solving sub-PMP ...
Solving sub-PMP 52Solving sub-PMP 43/74...
42/74...
/74...
[TIMELIMIT]  Time limit exceeded to solve Sub-cPMPs 
[TIMELIMIT]  Time limit exceeded to solve Sub-cPMPs 
Time limit exceeded. It took more than Time limit exceeded. It took more than 11246Time limit exceeded. It took more than 11246Time limit exceeded. It took more than 11246s to finish. You should allocate more time using "-t <time.s>" option.
11246s to finish. You should allocate more time using "-t <time.s>" option.
[TIMELIMIT]  Time limit exceeded to solve Sub-cPMPs 
[TIMELIMIT]  Time limit exceeded to solve Sub-cPMPs 
s to finish. You should allocate more time using "-t <time.s>" option.s to finish. You should allocate more time using "-t <time.s>" option.

Time limit exceeded. It took more than 11246s to finish. You should allocate more time using "-t <time.s>" option.
[TIMELIMIT]  Time limit exceeded to solve Sub-cPMPs 
[TIMELIMIT]  Time limit exceeded to solve Sub-cPMPs 
Time limit exceeded. It took more than 11246s to finish. You should allocate more time using "-t <time.s>" option.
Time limit exceeded. It took more than 11246s to finish. You should allocate more time using "-t <time.s>" option.
[TIMELIMIT]  Time limit exceeded to solve Sub-cPMPs 
[TIMELIMIT]  Time limit exceeded to solve Sub-cPMPs 
Time limit exceeded. It took more than 11246s to finish. You should allocate more time using "-t <time.s>" option.
Time limit exceeded. It took more than 11246s to finish. You should allocate more time using "-t <time.s>" option.
[TIMELIMIT]  Time limit exceeded to solve Sub-cPMPs [TIMELIMIT]  Time limit exceeded to solve Sub-cPMPs 
Time limit exceeded. It took more than 11246s to finish. You should allocate more time using "-t <time.s>" option.Time limit exceeded. It took more than 11246s to finish. You should allocate more time using "-t <time.s>" option.

[TIMELIMIT]  Time limit exceeded to solve Sub-cPMPs 
[TIMELIMIT]  Time limit exceeded to solve Sub-cPMPs 
Time limit exceeded. It took more than 11246s to finish. You should allocate more time using "-t <time.s>" option.
Time limit exceeded. It took more than 11246s to finish. You should allocate more time using "-t <time.s>" option.

Time limit exceeded. It took more than 11246s to finish. You should allocate more time using "-t <time.s>" option.
[TIMELIMIT]  Time limit exceeded to solve Sub-cPMPs 
[TIMELIMIT]  Time limit exceeded to solve Sub-cPMPs 
Time limit exceeded. It took more than 11246s to finish. You should allocate more time using "-t <time.s>" option.
[TIMELIMIT]  Time limit exceeded to solve Sub-cPMPs 
srun: Job step aborted: Waiting up to 32 seconds for job step to finish.
slurmstepd: error: *** JOB 902449 ON gaia CANCELLED AT 2024-08-28T07:45:54 ***
slurmstepd: error: *** STEP 902449.0 ON gaia CANCELLED AT 2024-08-28T07:45:54 ***
