Instance: pr2392_020.txt
p: 20
N: 2392
Instance: pr2392_075.txt
p: 75
N: 2392
Instance: pr2392_150.txt
p: 150
N: 2392
Instance: pr2392_300.txt
p: 300
N: 2392
Instance: pr2392_500.txt
p: 500
N: 2392
Debug: configOverride contents: p distance_matrix weights threads cust_max_id loc_max_id IsWeighted_ObjFunc seed time_cplex time_subprob_rssv max_ite_subprob_rssv output capacities coverages service subarea method method_rssv_sp method_rssv_fp size_subproblems_rssv bw_multiplier add_threshold_distance_rssv time cover_mode 
Loading instance...
Scanning input data...
Distance matrix dimensions: 2393 x 2393 = 5726449
Elapsed time: 0 ms

Loading weights...
Skipped line: customer weight coord_x coord_y
Loaded 2392 weights
Loaded 2392 coordinates
Total customer demand: 121855
Elapsed time: 21 ms

Loading capacities...
Skipped line: location capacity coord_x coord_y
Loaded 2392 capacities
Loaded 2392 coordinates
Elapsed time: 21 ms

Loading distance matrix...
Computing euclidian distances...
bw multiplier: 0.5
Loaded 5724056 distances
dists stdev: 3129.6
bandwidth h: 73.7745
locations: 2392
customers: 2392
p: 150
Elapsed time: 218 ms

[INFO] Instance loaded
loc_max_id: 2392
loc_cnt: 2392
service: pr2392_150
cust_max_id: 2392
cust_cnt: 2392
unweighted obj function
p: 150
total_demand: 121855


-------------------------------------------------
RSSV heuristic 
-------------------------------------------------
RSSV running...
cPMP size (N): 2392
sub-cPMP size (n): 956
Subproblems cnt (M): 12
p: 150

Method to solve the Subproblems: TB_PMP
Seed: 0

Time limit for subproblems: 300

thread cnt: 20

Thread 1 created with seed 1
Thread 2 created with seed 2
Thread 3 created with seed 3
Solving sub-PMP 1/12...
Thread 4 created with seed 4
Solving sub-PMP 3/12...
Solving sub-PMP 2/12...
Thread 5 created with seed 5
Thread 6 created with seed 6
Thread 7 created with seed 7
Solving sub-PMP 4Solving sub-PMP /12...
5/Thread 8 created with seed 8
Solving sub-PMP 6/12...
12...
uncapacitated TB started
Solving sub-PMP 7/12...
Thread 9 created with seed 9
uncapacitated TB started
Solving sub-PMP 8/12...
uncapacitated TB started
Thread 10 created with seed 10
uncapacitated TB started
Thread 11 created with seed 11
Thread 12 created with seed 12
uncapacitated TB started
uncapacitated TB started
uncapacitated TB started
uncapacitated TB started
Solving sub-PMP 9/12...
uncapacitated TB started
Solving sub-PMP 10/12...
Solving sub-PMP 11/12...
Solving sub-PMP 12/12...
uncapacitated TB started
uncapacitated TB started
uncapacitated TB started
[INFO] Uncapacitated TB local search started
[INFO] Uncapacitated TB local search started
[INFO] Uncapacitated TB local search started
[INFO] Uncapacitated TB local search started
[INFO] Uncapacitated TB local search started
[INFO] Uncapacitated TB local search started
[INFO] Uncapacitated TB local search started
[INFO] Uncapacitated TB local search started
[INFO] Uncapacitated TB local search started
[INFO] Uncapacitated TB local search started
[INFO] Uncapacitated TB local search started
[INFO] Uncapacitated TB local search started

[INFO] Time limit reached. Stopping the algorithm.
TB elapsed time: 300.002 seconds
Num ite total uncapacited TB: 59
tb solution is feasible

[INFO] Time limit reached. Stopping the algorithm.
TB elapsed time: 300 seconds
Num ite total uncapacited TB: 35
tb solution is feasible

[INFO] Time limit reached. Stopping the algorithm.
TB elapsed time: 300.001 seconds
Num ite total uncapacited TB: 47
tb solution is feasible

[INFO] Time limit reached. Stopping the algorithm.
TB elapsed time: 300.002 seconds
Num ite total uncapacited TB: 45
tb solution is feasible

[INFO] Time limit reached. Stopping the algorithm.
TB elapsed time: 300.002 seconds
Num ite total uncapacited TB: 35
tb solution is feasible

[INFO] Time limit reached. Stopping the algorithm.
TB elapsed time: 300.001 seconds
Num ite total uncapacited TB: 45
tb solution is feasible

[INFO] Time limit reached. Stopping the algorithm.
TB elapsed time: 300.004 seconds
Num ite total uncapacited TB: 40
tb solution is feasible

[INFO] Time limit reached. Stopping the algorithm.
TB elapsed time: 300.006 seconds
Num ite total uncapacited TB: 49
tb solution is feasible

[INFO] Time limit reached. Stopping the algorithm.
TB elapsed time: 300.005 seconds
Num ite total uncapacited TB: 44
tb solution is feasible

[INFO] Time limit reached. Stopping the algorithm.
TB elapsed time: 300.003 seconds
Num ite total uncapacited TB: 45
tb solution is feasible

[INFO] Time limit reached. Stopping the algorithm.
TB elapsed time: 300.004 seconds
Num ite total uncapacited TB: 38
tb solution is feasible

[INFO] Time limit reached. Stopping the algorithm.
TB elapsed time: 300.006 seconds
Num ite total uncapacited TB: 46
tb solution is feasible
[INFO] All subproblems solved.

Elapsed time: 300290 ms


Stats: 
Max dist: 2102.97
Min dist: 0
avg of Avg dists: 384.886
avg Std dev dist: 261.587

First 956 voting weights (sorted): 1419(5.16) 2033(5.10) 1711(5.04) 2105(5.00) 1513(5.00) 2109(4.38) 916(4.34) 649(4.32) 862(4.20) 1940(4.10) 1376(4.10) 790(4.08) 871(4.03) 1746(4.00) 2000(4.00) 1031(4.00) 1629(4.00) 1524(4.00) 1079(4.00) 1678(4.00) 1835(4.00) 1688(4.00) 2134(4.00) 905(4.00) 2214(4.00) 1856(4.00) 1855(4.00) 1032(4.00) 1598(3.45) 1788(3.32) 2080(3.32) 2049(3.32) 390(3.32) 2371(3.20) 1709(3.20) 335(3.20) 1986(3.20) 2341(3.18) 1305(3.18) 2349(3.18) 301(3.16) 1013(3.16) 2127(3.16) 74(3.15) 1474(3.15) 1228(3.14) 1310(3.14) 1164(3.13) 1118(3.13) 838(3.10) 1893(3.10) 529(3.10) 537(3.10) 780(3.10) 2351(3.08) 466(3.08) 2043(3.07) 560(3.06) 215(3.04) 1669(3.03) 1233(3.03) 1936(3.03) 1938(3.03) 756(3.00) 875(3.00) 550(3.00) 552(3.00) 1821(3.00) 563(3.00) 749(3.00) 501(3.00) 889(3.00) 1399(3.00) 506(3.00) 482(3.00) 2029(3.00) 1086(3.00) 1606(3.00) 364(3.00) 312(3.00) 2185(3.00) 1576(3.00) 2381(3.00) 329(3.00) 1333(3.00) 1459(3.00) 1210(3.00) 1319(3.00) 1960(3.00) 1934(3.00) 1530(3.00) 796(3.00) 2219(3.00) 406(3.00) 805(3.00) 1501(3.00) 1159(3.00) 1911(3.00) 1137(3.00) 986(3.00) 38(3.00) 1197(3.00) 2086(3.00) 945(3.00) 2139(3.00) 363(3.00) 1912(3.00) 918(2.80) 1218(2.67) 430(2.61) 1219(2.61) 518(2.55) 1346(2.50) 1347(2.50) 956(2.50) 2369(2.48) 2048(2.48) 1203(2.48) 519(2.48) 1789(2.48) 429(2.45) 1599(2.43) 2238(2.42) 1204(2.42) 863(2.40) 766(2.38) 2242(2.34) 957(2.34) 461(2.34) 2320(2.33) 14(2.32) 1185(2.32) 21(2.32) 124(2.32) 1868(2.32) 1867(2.32) 2237(2.32) 20(2.32) 1900(2.32) 123(2.32) 2241(2.32) 1184(2.32) 983(2.32) 318(2.31) 1987(2.30) 517(2.30) 1769(2.30) 1710(2.30) 334(2.30) 785(2.26) 1451(2.26) 767(2.25) 1395(2.24) 1434(2.23) 315(2.20) 443(2.20) 1387(2.20) 1389(2.20) 1770(2.20) 444(2.20) 462(2.20) 27(2.17) 967(2.17) 791(2.16) 759(2.16) 1223(2.16) 1966(2.16) 712(2.16) 1298(2.16) 51(2.16) 209(2.16) 235(2.16) 1022(2.16) 1729(2.16) 977(2.16) 975(2.16) 1162(2.16) 631(2.16) 628(2.16) 1541(2.16) 612(2.16) 1548(2.16) 901(2.16) 2124(2.16) 1175(2.16) 1390(2.16) 1090(2.16) 1654(2.16) 818(2.16) 1676(2.16) 1485(2.16) 1464(2.16) 1112(2.16) 880(2.16) 525(2.16) 531(2.16) 1084(2.16) 89(2.16) 1596(2.15) 1408(2.15) 1353(2.15) 2227(2.15) 71(2.14) 1506(2.14) 433(2.14) 2314(2.14) 2017(2.14) 459(2.14) 827(2.13) 2107(2.12) 313(2.12) 1070(2.11) 1071(2.11) 400(2.10) 1472(2.10) 472(2.10) 2181(2.10) 1828(2.10) 324(2.10) 576(2.10) 2207(2.10) 2174(2.10) 2054(2.10) 1783(2.10) 225(2.10) 1637(2.10) 1722(2.10) 248(2.10) 237(2.10) 284(2.10) 1125(2.10) 1350(2.08) 1492(2.08) 240(2.07) 239(2.07) 1293(2.06) 2188(2.06) 1811(2.06) 1383(2.06) 2229(2.05) 820(2.05) 399(2.05) 1493(2.05) 746(2.05) 401(2.05) 1092(2.05) 438(2.05) 821(2.05) 2312(2.04) 2035(2.04) 1194(2.04) 1144(2.03) 1498(2.03) 686(2.03) 1685(2.03) 823(2.03) 1173(2.03) 2052(2.03) 577(2.03) 1800(2.03) 1216(2.03) 1831(2.03) 1973(2.03) 417(2.03) 2030(2.03) 681(2.00) 2145(2.00) 960(2.00) 914(2.00) 600(2.00) 601(2.00) 609(2.00) 1777(2.00) 643(2.00) 661(2.00) 1763(2.00) 2141(2.00) 927(2.00) 1759(2.00) 683(2.00) 673(2.00) 949(2.00) 950(2.00) 675(2.00) 1757(2.00) 1750(2.00) 663(2.00) 1570(2.00) 1575(2.00) 1053(2.00) 1580(2.00) 1584(2.00) 1064(2.00) 1065(2.00) 1588(2.00) 994(2.00) 1601(2.00) 1075(2.00) 1077(2.00) 1603(2.00) 1609(2.00) 1622(2.00) 1101(2.00) 1100(2.00) 1594(2.00) 1748(2.00) 980(2.00) 693(2.00) 1745(2.00) 1792(2.00) 1741(2.00) 2156(2.00) 2157(2.00) 1558(2.00) 1502(2.00) 1512(2.00) 1518(2.00) 1520(2.00) 1034(2.00) 1038(2.00) 1531(2.00) 1041(2.00) 1042(2.00) 1010(2.00) 710(2.00) 33(2.00) 35(2.00) 715(2.00) 98(2.00) 106(2.00) 107(2.00) 504(2.00) 108(2.00) 138(2.00) 754(2.00) 140(2.00) 2070(2.00) 1929(2.00) 1924(2.00) 1915(2.00) 2061(2.00) 2009(2.00) 263(2.00) 269(2.00) 2020(2.00) 272(2.00) 280(2.00) 1998(2.00) 32(2.00) 182(2.00) 178(2.00) 175(2.00) 78(2.00) 67(2.00) 57(2.00) 331(2.00) 55(2.00) 1989(2.00) 846(2.00) 850(2.00) 851(2.00) 2104(2.00) 478(2.00) 1843(2.00) 488(2.00) 346(2.00) 502(2.00) 1816(2.00) 2118(2.00) 570(2.00) 898(2.00) 590(2.00) 903(2.00) 592(2.00) 496(2.00) 355(2.00) 772(2.00) 775(2.00) 370(2.00) 1886(2.00) 1881(2.00) 1876(2.00) 2094(2.00) 801(2.00) 410(2.00) 808(2.00) 413(2.00) 810(2.00) 1862(2.00) 1852(2.00) 1850(2.00) 1871(2.00) 1442(2.00) 1261(2.00) 2279(2.00) 2355(2.00) 2356(2.00) 1242(2.00) 1372(2.00) 1423(2.00) 1486(2.00) 1264(2.00) 2251(2.00) 2244(2.00) 1355(2.00) 1436(2.00) 1456(2.00) 1427(2.00) 1403(2.00) 1188(2.00) 1286(2.00) 1329(2.00) 1413(2.00) 1334(2.00) 1321(2.00) 1280(2.00) 1214(2.00) 2387(2.00) 1181(2.00) 1190(2.00) 2335(2.00) 1658(2.00) 1146(2.00) 2264(2.00) 1244(2.00) 367(2.00) 368(2.00) 362(2.00) 602(2.00) 361(2.00) 603(2.00) 1861(2.00) 1519(2.00) 608(2.00) 1033(2.00) 660(2.00) 1517(2.00) 2108(1.86) 1597(1.80) 1418(1.80) 1163(1.70) 1345(1.66) 2368(1.64) 2126(1.64) 2340(1.64) 1307(1.64) 648(1.64) 391(1.64) 650(1.64) 1220(1.64) 1117(1.63) 73(1.63) 2366(1.62) 1728(1.57) 2032(1.55) 955(1.53) 1348(1.53) 2065(1.53) 858(1.51) 856(1.51) 2081(1.50) 2079(1.50) 316(1.50) 1375(1.50) 26(1.49) 460(1.49) 968(1.48) 389(1.48) 398(1.48) 1014(1.48) 1083(1.48) 2125(1.48) 1901(1.48) 881(1.48) 319(1.48) 13(1.47) 2319(1.46) 72(1.45) 1227(1.43) 917(1.42) 1391(1.42) 1475(1.40) 1941(1.40) 520(1.39) 2064(1.38) 857(1.38) 2367(1.38) 1410(1.38) 2041(1.37) 1217(1.37) 1091(1.37) 2058(1.36) 2066(1.36) 2313(1.36) 15(1.33) 1892(1.33) 249(1.33) 1723(1.33) 516(1.33) 779(1.33) 435(1.32) 819(1.32) 613(1.32) 974(1.32) 208(1.32) 632(1.32) 1450(1.32) 1200(1.32) 227(1.32) 627(1.32) 1176(1.32) 431(1.32) 1267(1.32) 234(1.32) 900(1.32) 830(1.32) 192(1.32) 786(1.32) 1899(1.32) 526(1.32) 1023(1.32) 1004(1.32) 1463(1.32) 530(1.32) 2211(1.32) 50(1.32) 1965(1.32) 1549(1.32) 1113(1.32) 1299(1.32) 713(1.32) 976(1.32) 1655(1.32) 1540(1.32) 1677(1.32) 760(1.32) 732(1.32) 984(1.32) 1484(1.32) 90(1.32) 982(1.32) 12(1.31) 2348(1.30) 536(1.30) 528(1.30) 839(1.30) 1352(1.30) 697(1.30) 835(1.30) 2057(1.30) 164(1.29) 1507(1.28) 2018(1.28) 1396(1.28) 1248(1.28) 725(1.26) 733(1.26) 1638(1.26) 2294(1.26) 297(1.26) 1277(1.26) 1639(1.26) 1640(1.26) 1435(1.25) 768(1.25) 575(1.25) 322(1.25) 826(1.25) 1476(1.25) 2295(1.24) 1306(1.24) 1671(1.24) 2339(1.24) 829(1.24) 706(1.23) 156(1.23) 1719(1.23) 1780(1.23) 1250(1.22) 426(1.22) 696(1.22) 837(1.22) 320(1.21) 954(1.21) 285(1.20) 2206(1.20) 1433(1.20) 2053(1.20) 1634(1.20) 1768(1.20) 198(1.20) 1406(1.20) 2228(1.20) 1724(1.20) 2239(1.20) 784(1.20) 224(1.20) 1829(1.20) 238(1.20) 1452(1.20) 2180(1.20) 2175(1.20) 1394(1.20) 695(1.20) 836(1.20) 191(1.18) 831(1.18) 2210(1.18) 2212(1.18) 193(1.18) 1124(1.18) 859(1.18) 1712(1.18) 1370(1.18) 1231(1.18) 1405(1.18) 1309(1.18) 561(1.17) 2304(1.17) 43(1.17) 42(1.17) 105(1.17) 104(1.17) 326(1.16) 1358(1.16) 2275(1.16) 731(1.16) 730(1.16) 2063(1.16) 2040(1.16) 1416(1.16) 296(1.16) 1415(1.16) 2272(1.16) 729(1.16) 2274(1.16) 2273(1.16) 726(1.16) 325(1.16) 65(1.16) 66(1.16) 1278(1.16) 1560(1.16) 1559(1.16) 1005(1.16) 1003(1.16) 2293(1.16) 989(1.16) 1983(1.16) 1984(1.16) 952(1.16) 951(1.16) 1154(1.16) 1155(1.16) 392(1.16) 990(1.16) 112(1.16) 113(1.16) 2201(1.16) 1082(1.16) 2200(1.16) 7(1.16) 8(1.16) 2383(1.16) 1123(1.16) 165(1.16) 1590(1.16) 1589(1.16) 1692(1.16) 2384(1.16) 1902(1.16) 1693(1.16) 1672(1.16) 2112(1.16) 2111(1.16) 455(1.16) 882(1.16) 1357(1.16) 244(1.16) 243(1.16) 910(1.16) 456(1.16) 2131(1.16) 911(1.16) 1266(1.16) 2132(1.16) 1268(1.16) 425(1.16) 226(1.16) 228(1.16) 1017(1.16) 1016(1.16) 25(1.16) 969(1.15) 1937(1.15) 1726(1.15) 1351(1.15) 688(1.15) 1766(1.15) 11(1.14) 1948(1.14) 568(1.14) 2318(1.14) 2296(1.14) 566(1.14) 1368(1.14) 1950(1.14) 1532(1.14) 2136(1.14) 1533(1.14) 2137(1.14) 317(1.14) 163(1.13) 1727(1.13) 1344(1.13) 256(1.13) 255(1.13) 741(1.13) 742(1.13) 1409(1.13) 157(1.13) 287(1.13) 544(1.13) 1782(1.13) 1401(1.13) 1797(1.13) 199(1.13) 2197(1.13) 1953(1.13) 197(1.13) 1292(1.11) 1384(1.11) 1810(1.11) 2189(1.11) 1256(1.11) 439(1.11) 216(1.11) 870(1.10) 734(1.10) 221(1.10) 222(1.10) 1374(1.10) 1981(1.10) 181(1.10) 180(1.10) 1276(1.10) 250(1.10) 1980(1.10) 298(1.10) 1232(1.10) 724(1.10) 2302(1.10) 154(1.10) 286(1.10) 1308(1.10) 515(1.10) 1951(1.10) 1774(1.10) 2194(1.10) 1105(1.10) 581(1.10) 707(1.10) 1116(1.10) 1802(1.10) 1803(1.10) 705(1.10) 1104(1.10) 1392(1.10) 1796(1.10) 1781(1.10) 1478(1.10) 543(1.10) 1720(1.10) 687(1.10) 2113(1.10) 2116(1.10) 582(1.10) 2198(1.08) 465(1.08) 1120(1.08) 1799(1.08) 1195(1.07) 2036(1.07) 458(1.07) 1705(1.07) 2305(1.07) 1704(1.07) 1643(1.06) 2199(1.06) 2195(1.06) 2196(1.06) 1534(1.06) 1535(1.06) 2365(1.06) 1247(1.06) 470(1.05) 1684(1.05) 2290(1.05) 2261(1.05) 1832(1.05) 1094(1.05) 196(1.05) 1957(1.05) 1499(1.05) 419(1.05) 1972(1.05) 2050(1.05) 1170(1.05) 1407(1.05) 1491(1.05) 441(1.05) 745(1.05) 747(1.05) 2235(1.05) 2284(1.05) 1143(1.05) 1764(1.05) 1469(1.05) 1467(1.05) 1369(1.04) 434(1.04) 2093(1.03) 288(1.03) 1096(1.03) 1097(1.03) 2288(1.03) 699(1.03) 2260(1.03) 546(1.03) 247(1.03) 1891(1.03) 580(1.03) 2283(1.03) 777(1.03) 201(1.03) 1718(1.03) 579(1.03) 2089(1.03) 2262(1.03) 202(1.03) 621(1.03) 1313(1.03) 623(1.03) 1955(1.03) 1312(1.03) 2380(1.00) 353(1.00) 375(1.00) 1553(1.00) 1458(1.00) 1323(1.00) 1696(1.00) 350(1.00) 349(1.00) 1716(1.00) 372(1.00) 1579(1.00) 1555(1.00) 378(1.00) 1564(1.00) 359(1.00) 1538(1.00) 358(1.00) 1566(1.00) 1462(1.00) 1325(1.00) 357(1.00) 1326(1.00) 1466(1.00) 1888(1.00) 1539(1.00) 1543(1.00) 356(1.00) 1890(1.00) 1571(1.00) 1568(1.00) 1927(1.00) 1932(1.00) 142(1.00) 1489(1.00) 134(1.00) 2390(1.00) 1646(1.00) 1666(1.00) 128(1.00) 1648(1.00) 127(1.00) 126(1.00) 1303(1.00) 1922(1.00) 1944(1.00) 118(1.00) 116(1.00) 1946(1.00) 1947(1.00) 1662(1.00) 1651(1.00) 1661(1.00) 1301(1.00) 1656(1.00) 102(1.00) 100(1.00) 1659(1.00) 1943(1.00) 345(1.00) 1582(1.00) 342(1.00) 1906(1.00) 1907(1.00) 338(1.00) 1909(1.00) 1591(1.00) 1592(1.00) 1479(1.00) 1605(1.00) 1607(1.00) 1614(1.00) 1926(1.00) 1616(1.00) 1918(1.00) 1618(1.00) 1483(1.00) 1620(1.00) 381(1.00) 1487(1.00) 152(1.00) 1627(1.00) 1628(1.00) 150(1.00) 148(1.00) 147(1.00) 2311(1.00) 617(1.00) 619(1.00) 1825(1.00) 498(1.00) 1414(1.00) 625(1.00) 1836(1.00) 489(1.00) 1838(1.00) 486(1.00) 1842(1.00) 1844(1.00) 1365(1.00) 403(1.00) 1846(1.00) 476(1.00) 474(1.00) 636(1.00) 1772(1.00) 1851(1.00) 640(1.00) 468(1.00) 1360(1.00) 1853(1.00) 


Filtered 956 locations: 1419 2033 1711 2105 1513 2109 916 649 862 1940 1376 790 871 1746 2000 1031 1629 1524 1079 1678 1835 1688 2134 905 2214 1856 1855 1032 1598 1788 2080 2049 390 2371 1709 335 1986 2341 1305 2349 301 1013 2127 74 1474 1228 1310 1164 1118 838 1893 529 537 780 2351 466 2043 560 215 1669 1233 1936 1938 756 875 550 552 1821 563 749 501 889 1399 506 482 2029 1086 1606 364 312 2185 1576 2381 329 1333 1459 1210 1319 1960 1934 1530 796 2219 406 805 1501 1159 1911 1137 986 38 1197 2086 945 2139 363 1912 918 1218 430 1219 518 1346 1347 956 2369 2048 1203 519 1789 429 1599 2238 1204 863 766 2242 957 461 2320 14 1185 21 124 1868 1867 2237 20 1900 123 2241 1184 983 318 1987 517 1769 1710 334 785 1451 767 1395 1434 315 443 1387 1389 1770 444 462 27 967 791 759 1223 1966 712 1298 51 209 235 1022 1729 977 975 1162 631 628 1541 612 1548 901 2124 1175 1390 1090 1654 818 1676 1485 1464 1112 880 525 531 1084 89 1596 1408 1353 2227 71 1506 433 2314 2017 459 827 2107 313 1070 1071 400 1472 472 2181 1828 324 576 2207 2174 2054 1783 225 1637 1722 248 237 284 1125 1350 1492 240 239 1293 2188 1811 1383 2229 820 399 1493 746 401 1092 438 821 2312 2035 1194 1144 1498 686 1685 823 1173 2052 577 1800 1216 1831 1973 417 2030 681 2145 960 914 600 601 609 1777 643 661 1763 2141 927 1759 683 673 949 950 675 1757 1750 663 1570 1575 1053 1580 1584 1064 1065 1588 994 1601 1075 1077 1603 1609 1622 1101 1100 1594 1748 980 693 1745 1792 1741 2156 2157 1558 1502 1512 1518 1520 1034 1038 1531 1041 1042 1010 710 33 35 715 98 106 107 504 108 138 754 140 2070 1929 1924 1915 2061 2009 263 269 2020 272 280 1998 32 182 178 175 78 67 57 331 55 1989 846 850 851 2104 478 1843 488 346 502 1816 2118 570 898 590 903 592 496 355 772 775 370 1886 1881 1876 2094 801 410 808 413 810 1862 1852 1850 1871 1442 1261 2279 2355 2356 1242 1372 1423 1486 1264 2251 2244 1355 1436 1456 1427 1403 1188 1286 1329 1413 1334 1321 1280 1214 2387 1181 1190 2335 1658 1146 2264 1244 367 368 362 602 361 603 1861 1519 608 1033 660 1517 2108 1597 1418 1163 1345 2368 2126 2340 1307 648 391 650 1220 1117 73 2366 1728 2032 955 1348 2065 858 856 2081 2079 316 1375 26 460 968 389 398 1014 1083 2125 1901 881 319 13 2319 72 1227 917 1391 1475 1941 520 2064 857 2367 1410 2041 1217 1091 2058 2066 2313 15 1892 249 1723 516 779 435 819 613 974 208 632 1450 1200 227 627 1176 431 1267 234 900 830 192 786 1899 526 1023 1004 1463 530 2211 50 1965 1549 1113 1299 713 976 1655 1540 1677 760 732 984 1484 90 982 12 2348 536 528 839 1352 697 835 2057 164 1507 2018 1396 1248 725 733 1638 2294 297 1277 1639 1640 1435 768 575 322 826 1476 2295 1306 1671 2339 829 706 156 1719 1780 1250 426 696 837 320 954 285 2206 1433 2053 1634 1768 198 1406 2228 1724 2239 784 224 1829 238 1452 2180 2175 1394 695 836 191 831 2210 2212 193 1124 859 1712 1370 1231 1405 1309 561 2304 43 42 105 104 326 1358 2275 731 730 2063 2040 1416 296 1415 2272 729 2274 2273 726 325 65 66 1278 1560 1559 1005 1003 2293 989 1983 1984 952 951 1154 1155 392 990 112 113 2201 1082 2200 7 8 2383 1123 165 1590 1589 1692 2384 1902 1693 1672 2112 2111 455 882 1357 244 243 910 456 2131 911 1266 2132 1268 425 226 228 1017 1016 25 969 1937 1726 1351 688 1766 11 1948 568 2318 2296 566 1368 1950 1532 2136 1533 2137 317 163 1727 1344 256 255 741 742 1409 157 287 544 1782 1401 1797 199 2197 1953 197 1292 1384 1810 2189 1256 439 216 870 734 221 222 1374 1981 181 180 1276 250 1980 298 1232 724 2302 154 286 1308 515 1951 1774 2194 1105 581 707 1116 1802 1803 705 1104 1392 1796 1781 1478 543 1720 687 2113 2116 582 2198 465 1120 1799 1195 2036 458 1705 2305 1704 1643 2199 2195 2196 1534 1535 2365 1247 470 1684 2290 2261 1832 1094 196 1957 1499 419 1972 2050 1170 1407 1491 441 745 747 2235 2284 1143 1764 1469 1467 1369 434 2093 288 1096 1097 2288 699 2260 546 247 1891 580 2283 777 201 1718 579 2089 2262 202 621 1313 623 1955 1312 2380 353 375 1553 1458 1323 1696 350 349 1716 372 1579 1555 378 1564 359 1538 358 1566 1462 1325 357 1326 1466 1888 1539 1543 356 1890 1571 1568 1927 1932 142 1489 134 2390 1646 1666 128 1648 127 126 1303 1922 1944 118 116 1946 1947 1662 1651 1661 1301 1656 102 100 1659 1943 345 1582 342 1906 1907 338 1909 1591 1592 1479 1605 1607 1614 1926 1616 1918 1618 1483 1620 381 1487 152 1627 1628 150 148 147 2311 617 619 1825 498 1414 625 1836 489 1838 486 1842 1844 1365 403 1846 476 474 636 1772 1851 640 468 1360 1853 

Extracted 0 prioritized locations: 

Final instance parameters:
loc_max_id: 2392
loc_cnt: 956
service: pr2392_150
cust_max_id: 2392
cust_cnt: 2392
unweighted obj function
p: 150
total_demand: 121855
threshold_dist: 2364.56


-------------------------------------------------
Final Problem RSSV heuristic 
-------------------------------------------------
-------------------------------------------------
Exact method cPMP binary
-------------------------------------------------
Problem type: CPMP
Value of p: 150
Number of facilities: 956
Number of customers: 2392
Weighted Objective Function: false
Capacity Model: true
Binary Model: true
Cover Model: false
[INFO] Adding Objective Function 
SUM (dij * xij)
[INFO] Adding Demand Satisfied Constraints 
[INFO] Adding p Locations Constraints 
[INFO] Adding Max Capacity Constraints 
[INFO] Adding Max Distance Constraints 
Threshold Distance: 2364.56
Gap Cplex Reports: gap_Bin_service_pr2392_150_p_150_RSSV_EXACT_CPMP_BIN.csv
Generating reports cplex callbacks...Using BreakCallback...
Version identifier: 12.10.0.0 | 2019-11-26 | 843d4de
CPXPARAM_TimeLimit                               1800
Tried aggregator 1 time.
MIP Presolve eliminated 2053723 rows and 2053723 columns.
Reduced MIP has 3349 rows, 233985 columns, and 467970 nonzeros.
Reduced MIP has 233985 binaries, 0 generals, 0 SOSs, and 0 indicators.
Presolve time = 7.09 sec. (2080.60 ticks)
Found incumbent of value 3507699.982069 after 10.31 sec. (3152.36 ticks)
Tried aggregator 1 time.
Detecting symmetries...
Reduced MIP has 3349 rows, 233985 columns, and 467970 nonzeros.
Reduced MIP has 233985 binaries, 0 generals, 0 SOSs, and 0 indicators.
Presolve time = 1.80 sec. (484.85 ticks)
Probing time = 2.20 sec. (52.03 ticks)
Clique table members: 235421.
MIP emphasis: balance optimality and feasibility.
MIP search method: dynamic search.
Parallel mode: deterministic, using up to 32 threads.
Root relaxation solution time = 0.76 sec. (226.41 ticks)

        Nodes                                         Cuts/
   Node  Left     Objective  IInf  Best Integer    Best Bound    ItCnt     Gap

*     0+    0                      3507699.9821        0.0000           100.00%
*     0+    0                      1295728.7232        0.0000           100.00%
*     0+    0                      1232683.9825        0.0000           100.00%
      0     0   291660.4394   922  1232683.9825   291660.4394      954   76.34%
Time: 21.0037 seconds
MIP Gap: 0.763394
Nodes: 0
Best Objective: 291660.439375563059002
Incumbent Obj:  1232683.982491181930527
      0     0   394957.3112   922  1232683.9825     Cuts: 937     2848   67.96%
      0     0   462922.8082   922  1232683.9825     Cuts: 937     4672   62.45%
Time: 26.072951078414917 seconds
MIP Gap: 0.624459460161745
Nodes: 0
Best Objective: 462922.808234708674718
Incumbent Obj:  1232683.982491181930527
      0     0   509593.7406   922  1232683.9825     Cuts: 937     6416   58.66%
*     0+    0                      1208039.6985   509593.7406            57.82%
      0     0  -1.00000e+75     0  1208039.6985   509593.7406     6416   57.82%
      0     0   547763.2597   922  1208039.6985     Cuts: 937     8222   54.66%
Time: 32.554184913635254 seconds
MIP Gap: 0.546568494122076
Nodes: 0
Best Objective: 547763.259657807764597
Incumbent Obj:  1208039.698514642892405
      0     0   580147.6477   922  1208039.6985     Cuts: 937    10144   51.98%
Detecting symmetries...
      0     0   605602.7911   922  1208039.6985     Cuts: 937    12112   49.87%
*     0+    0                      1185323.7727   605602.7911            48.91%
Time: 44.092589139938354 seconds
MIP Gap: 0.489082388196520
Nodes: 0
Best Objective: 605602.791143028647639
Incumbent Obj:  1185323.772663309006020
      0     0   627206.7747   922  1185323.7727     Cuts: 937    14242   47.09%
Time: 65.240520954132080 seconds
MIP Gap: 0.470856158298136
Nodes: 0
Best Objective: 627206.774727610638365
Incumbent Obj:  1185323.772663309006020
      0     0   649283.8929   922  1185323.7727     Cuts: 937    16418   45.22%
*     0+    0                      1085350.2706   649283.8929            40.18%
Time: 74.667958974838257 seconds
MIP Gap: 0.401774790606081
Nodes: 0
Best Objective: 649283.892917612101883
Incumbent Obj:  1085350.270637076813728
      0     0   666346.0294   922  1085350.2706     Cuts: 937    18942   38.61%
Time: 82.621285915374756 seconds
MIP Gap: 0.386054394237842
Nodes: 0
Best Objective: 666346.029370402684435
Incumbent Obj:  1085350.270637076813728
*     0+    0                      1040181.4435   666346.0294            35.94%
Time: 95.991225957870483 seconds
MIP Gap: 0.359394427267195
Nodes: 0
Best Objective: 666346.029370402684435
Incumbent Obj:  1040181.443517248379067
      0     0   680104.9768   922  1040181.4435     Cuts: 937    21361   34.62%
*     0+    0                       976810.3281   680104.9768            30.37%
Time: 112.243947029113770 seconds
MIP Gap: 0.303749195517390
Nodes: 0
Best Objective: 680104.976766633219086
Incumbent Obj:  976810.328100123209879
      0     0   690963.9329   922   976810.3281     Cuts: 937    23715   29.26%
*     0+    0                       950111.0713   690963.9329            27.28%
Time: 128.881986141204834 seconds
MIP Gap: 0.272754571820899
Nodes: 0
Best Objective: 690963.932874267920852
Incumbent Obj:  950111.071312368614599
      0     0   699782.0666   922   950111.0713     Cuts: 937    26675   26.35%
Time: 146.549636125564575 seconds
MIP Gap: 0.263473410954869
Nodes: 0
Best Objective: 699782.066567714442499
Incumbent Obj:  950111.071312368614599
      0     0   706949.2695   922   950111.0713     Cuts: 937    29417   25.59%
*     0+    0                       914465.2964   706949.2695            22.69%
Time: 191.307034969329834 seconds
MIP Gap: 0.226926082124154
Nodes: 0
Best Objective: 706949.269473762949929
Incumbent Obj:  914465.296431455994025
      0     0   713413.9759   922   914465.2964     Cuts: 937    32098   21.99%
Time: 209.803220033645630 seconds
MIP Gap: 0.219856698010992
Nodes: 0
Best Objective: 713413.975912392721511
Incumbent Obj:  914465.296431455994025
      0     0   718576.2628   922   914465.2964     Cuts: 937    34844   21.42%
Time: 227.874539136886597 seconds
MIP Gap: 0.214211555552904
Nodes: 0
Best Objective: 718576.262783725978807
Incumbent Obj:  914465.296431455994025
      0     0   721630.2901   922   914465.2964     Cuts: 937    37352   21.09%
Time: 245.118300914764404 seconds
MIP Gap: 0.210871869106599
Nodes: 0
Best Objective: 721630.290139834745787
Incumbent Obj:  914465.296431455994025
      0     0   724078.4289   922   914465.2964     Cuts: 937    39913   20.82%
Time: 260.840654134750366 seconds
MIP Gap: 0.208194743219367
Nodes: 0
Best Objective: 724078.428857886698097
Incumbent Obj:  914465.296431455994025
      0     0   725916.6897   922   914465.2964     Cuts: 937    42298   20.62%
*     0+    0                       888726.9790   725916.6897            18.32%
Time: 282.917927980422974 seconds
MIP Gap: 0.183194944182986
Nodes: 0
Best Objective: 725916.689707395387813
Incumbent Obj:  888726.979023523395881
      0     0   728076.6003   922   888726.9790     Cuts: 937    45122   18.08%
*     0+    0                       887950.6497   728076.6003            18.00%
Time: 333.799181938171387 seconds
MIP Gap: 0.180048349968786
Nodes: 0
Best Objective: 728076.600347422063351
Incumbent Obj:  887950.649675142718479
      0     0   729123.3658   922   887950.6497     Cuts: 937    47355   17.89%
Time: 347.384130001068115 seconds
MIP Gap: 0.178869494492650
Nodes: 0
Best Objective: 729123.365833330084570
Incumbent Obj:  887950.649675142718479
      0     0   729626.6312   922   887950.6497     Cuts: 652    49410   17.83%
Time: 357.523140907287598 seconds
MIP Gap: 0.178302722688544
Nodes: 0
Best Objective: 729626.631225003511645
Incumbent Obj:  887950.649675142718479
      0     0   730026.2526   922   887950.6497     Cuts: 730    51108   17.79%
Time: 365.738073110580444 seconds
MIP Gap: 0.177852673623558
Nodes: 0
Best Objective: 730026.252584643545561
Incumbent Obj:  887950.649675142718479
      0     0   730292.5747   922   887950.6497     Cuts: 450    52340   17.76%
Time: 374.214201927185059 seconds
MIP Gap: 0.177552744714492
Nodes: 0
Best Objective: 730292.574654304538853
Incumbent Obj:  887950.649675142718479
      0     0   730483.1055   922   887950.6497     Cuts: 368    53664   17.73%
      0     0   730604.0595   922   887950.6497     Cuts: 277    54435   17.72%
Time: 382.854697942733765 seconds
MIP Gap: 0.177201954034206
Nodes: 0
Best Objective: 730604.059466764447279
Incumbent Obj:  887950.649675142718479
      0     0   730658.4655   922   887950.6497     Cuts: 230    55172   17.71%
Heuristic still looking.
*     0+    0                       887552.6655   730658.4655            17.68%
Detecting symmetries...
Time: 438.626035928726196 seconds
MIP Gap: 0.176771707296387
Nodes: 0
Best Objective: 730658.465540239820257
Incumbent Obj:  887552.665543892886490
      0     2   730658.4655  5744   887552.6655   730658.4655    55172   17.68%
Elapsed time = 442.40 sec. (189623.67 ticks, tree = 0.02 MB, solutions = 13)
Time: 444.479465961456299 seconds
MIP Gap: 0.176771483948449
Nodes: 2
Best Objective: 730658.663773297332227
Incumbent Obj:  887552.665543892886490
      1     3   730685.5441  6062   887552.6655   730658.6638    55281   17.68%
      3     5   730722.3944  6115   887552.6655   730658.6638    55417   17.68%
      6     7   730730.0854  5986   887552.6655   730658.6638    55606   17.68%
     10    12   730737.4809  6231   887552.6655   730658.6638    55903   17.68%
Time: 452.364833116531372 seconds
MIP Gap: 0.176771483948449
Nodes: 13
Best Objective: 730658.663773297332227
Incumbent Obj:  887552.665543892886490
     12    11   730848.7959  6431   887552.6655   730658.6638    55965   17.68%
     14     3   730682.5216  5298   887552.6655   730658.6638    55211   17.68%
Time: 458.156032085418701 seconds
MIP Gap: 0.176744363843962
Nodes: 20
Best Objective: 730682.734294324647635
Incumbent Obj:  887552.665543892886490
     22    21   730729.8262  5019   887552.6655   730682.7343    56678   17.67%
     27    18   730950.4376  6490   887552.6655   730682.7343    56736   17.67%
Time: 465.489995956420898 seconds
MIP Gap: 0.176744363843962
Nodes: 36
Best Objective: 730682.734294324647635
Incumbent Obj:  887552.665543892886490
     36    29   730878.0514  6464   887552.6655   730682.7343    57475   17.67%
     71    52   731030.6718  6368   887552.6655   730682.7343    60254   17.67%
Elapsed time = 475.10 sec. (193458.29 ticks, tree = 1.14 MB, solutions = 13)
*   127+   22                       752355.2131   730682.7343             2.88%
    127    24   730987.1688  6386   752355.2131   730682.7343    57131    2.88%
    187   101   730941.4775  5316   752355.2131   730682.7343    66548    2.88%
Time: 500.404408931732178 seconds
MIP Gap: 0.028806178861738
Nodes: 185
Best Objective: 730682.734294324647635
Incumbent Obj:  752355.213131346972659
    252   214   731071.9422  5468   752355.2131   730696.7941    80320    2.88%
Time: 506.386676073074341 seconds
MIP Gap: 0.028791624815333
Nodes: 240
Best Objective: 730693.684107009437867
Incumbent Obj:  752355.213131346972659
*   289+  129                       747592.2059   730696.7941             2.26%
Time: 517.815001010894775 seconds
MIP Gap: 0.022599769794346
Nodes: 281
Best Objective: 730696.794132814742625
Incumbent Obj:  747592.205885883187875
    324   265   730950.7670  4852   747592.2059   730696.7941    86081    2.26%
Time: 526.344291925430298 seconds
MIP Gap: 0.022599769794346
Nodes: 341
Best Objective: 730696.794132814742625
Incumbent Obj:  747592.205885883187875
    374   337   731080.9283  5745   747592.2059   730696.7941    93586    2.26%
    453   394   731054.8967  4474   747592.2059   730696.7941   100139    2.26%
Time: 544.354110002517700 seconds
MIP Gap: 0.022599769794346
Nodes: 408
Best Objective: 730696.794132814742625
Incumbent Obj:  747592.205885883187875
    532   472   731170.0551  4245   747592.2059   730696.7941   108496    2.26%
Time: 559.432023048400879 seconds
MIP Gap: 0.022599769794346
Nodes: 532
Best Objective: 730696.794132814742625
Incumbent Obj:  747592.205885883187875
    612   494   731147.1673  4778   747592.2059   730696.7941   110806    2.26%
    628   531   731172.0375  4900   747592.2059   730696.7941   114691    2.26%
Time: 574.776231050491333 seconds
MIP Gap: 0.022599769794346
Nodes: 619
Best Objective: 730696.794132814742625
Incumbent Obj:  747592.205885883187875
    683   632   731271.0703  5998   747592.2059   730696.7941   125262    2.26%
Elapsed time = 583.78 sec. (203360.86 ticks, tree = 52.99 MB, solutions = 15)
Time: 594.359098911285400 seconds
MIP Gap: 0.022599769794346
Nodes: 693
Best Objective: 730696.794132814742625
Incumbent Obj:  747592.205885883187875
    761   647   731448.9091  3771   747592.2059   730696.7941   127296    2.26%
    821   710   731307.8095  4588   747592.2059   730696.7941   134562    2.26%
Time: 616.528068065643311 seconds
MIP Gap: 0.022599769794346
Nodes: 770
Best Objective: 730696.794132814742625
Incumbent Obj:  747592.205885883187875
    881   766   731367.6938  5151   747592.2059   730696.7941   140910    2.26%
    939   812   731542.8113  2190   747592.2059   730696.7941   146997    2.26%
    985   842   731284.1657  4514   747592.2059   730696.7941   151813    2.26%
   1034   954   731431.5176  2506   747592.2059   730696.7941   166234    2.26%
   1076  1011   731516.6810  2696   747592.2059   730696.7941   175019    2.26%
   1137   976   731714.1125  4126   747592.2059   730696.7941   169164    2.26%
   1183  1046   732213.6143  2885   747592.2059   730696.7941   181122    2.26%
   1237  1102   731604.7421  4257   747592.2059   730696.7941   187967    2.26%
Elapsed time = 687.16 sec. (213175.92 ticks, tree = 116.30 MB, solutions = 15)
   1302  1116   732182.6204  3636   747592.2059   730696.7941   190081    2.26%
   1380  1174   731388.0370  3967   747592.2059   730696.7941   197492    2.26%
   1438  1208   732418.9633  2499   747592.2059   730696.7941   203289    2.26%
Time: 715.975379943847656 seconds
MIP Gap: 0.022599769794346
Nodes: 1379
Best Objective: 730696.794132814742625
Incumbent Obj:  747592.205885883187875
   1498  1334   732854.5741  2339   747592.2059   730696.7941   218569    2.26%
   1572  1365   731270.5121  4558   747592.2059   730696.7941   222805    2.26%
*  1623+ 1345                       739704.4976   730696.7941             1.22%
   1649  1380   731421.2360  3528   739704.4976   730696.7941   224495    1.22%
Time: 744.029901027679443 seconds
MIP Gap: 0.012177435094159
Nodes: 1552
Best Objective: 730696.794132814742625
Incumbent Obj:  739704.497641704278067
   1707  1496   731518.0923  2866   739704.4976   730696.7941   240389    1.22%
   1772  1614   732313.8429  2698   739704.4976   730696.7941   258533    1.22%
   1833  1647   731709.7796  3531   739704.4976   730696.7941   263933    1.22%
Time: 771.898240089416504 seconds
MIP Gap: 0.012177435094159
Nodes: 1737
Best Objective: 730696.794132814742625
Incumbent Obj:  739704.497641704278067
   1892  1619   733106.1189  2233   739704.4976   730696.7941   258674    1.22%
Elapsed time = 784.21 sec. (222831.11 ticks, tree = 204.85 MB, solutions = 17)
   1973  1822   732318.2384  2902   739704.4976   730696.7941   289933    1.22%
   2035  1888   731934.0466  2421   739704.4976   730696.7941   297110    1.22%
   2106  1796   733104.5669  1923   739704.4976   730696.7941   285159    1.22%
Time: 813.027048110961914 seconds
MIP Gap: 0.012177435094159
Nodes: 2005
Best Objective: 730696.794132814742625
Incumbent Obj:  739704.497641704278067
   2167  1940   732280.7341  2171   739704.4976   730696.7941   305892    1.22%
   2228  2002   733497.5074  3493   739704.4976   730696.7941   316519    1.22%
   2291  1997   731723.9186  2671   739704.4976   730696.7941   314499    1.22%
   2353  2210   732698.9558  2133   739704.4976   730696.7941   356269    1.22%
Time: 849.187955141067505 seconds
MIP Gap: 0.012177435094159
Nodes: 2256
Best Objective: 730696.794132814742625
Incumbent Obj:  739704.497641704278067
   2430  2058   732625.7812  2349   739704.4976   730696.7941   326429    1.22%
   2486  2141   734168.6809  1950   739704.4976   730696.7941   341156    1.22%
   2544  2349   733401.3203  1877   739704.4976   730696.7941   380980    1.22%
Elapsed time = 874.30 sec. (232530.39 ticks, tree = 340.64 MB, solutions = 17)
   2604  2460   733847.6763  2070   739704.4976   730696.7941   399449    1.22%
Time: 890.325957059860229 seconds
MIP Gap: 0.012177435094159
Nodes: 2525
Best Objective: 730696.794132814742625
Incumbent Obj:  739704.497641704278067
   2674  2382   733474.8235  3316   739704.4976   730696.7941   386234    1.22%
   2725  2485   732018.9830  2525   739704.4976   730696.7941   404781    1.22%
   2771  2352   733495.1430  2086   739704.4976   730696.7941   382425    1.22%
   2821  2535   734041.7192  2457   739704.4976   730696.7941   415019    1.22%
   2875  2751   732782.7143  2097   739704.4976   730696.7941   459211    1.22%
Time: 923.886389970779419 seconds
MIP Gap: 0.012177435094159
Nodes: 2764
Best Objective: 730696.794132814742625
Incumbent Obj:  739704.497641704278067
   2924  2472   733557.0793  2893   739704.4976   730696.7941   403064    1.22%
   2971  2770   734801.0031  2083   739704.4976   730696.7941   463257    1.22%
   3029  2804   734686.1642  2465   739704.4976   730696.7941   470696    1.22%
   3085  2810   732143.4584  3131   739704.4976   730696.7941   473146    1.22%
Elapsed time = 960.09 sec. (242174.89 ticks, tree = 427.72 MB, solutions = 17)
   3135  2837   733128.0145  1926   739704.4976   730696.7941   476293    1.22%
   3182  2896   733512.1306  2121   739704.4976   730696.7941   487925    1.22%
Time: 979.985870122909546 seconds
MIP Gap: 0.012177435094159
Nodes: 3047
Best Objective: 730696.794132814742625
Incumbent Obj:  739704.497641704278067
   3224  2722   732683.6738  2004   739704.4976   730696.7941   453619    1.22%
   3274  3080   733967.9348  2275   739704.4976   730696.7941   526423    1.22%
   3322  2928   734955.0076  2260   739704.4976   730696.7941   493162    1.22%
   3373  3109   732265.5098  2554   739704.4976   730696.7941   535792    1.22%
   3420  2951   734478.8408  1992   739704.4976   730696.7941   497815    1.22%
   3468  3168   734522.5493  1725   739704.4976   730696.7941   550535    1.22%
Time: 1038.155101060867310 seconds
MIP Gap: 0.012177435094159
Nodes: 3372
Best Objective: 730696.794132814742625
Incumbent Obj:  739704.497641704278067
   3517  3378   734011.3520  1863   739704.4976   730696.7941   598984    1.22%
   3552  3197   734331.0265  3168   739704.4976   730696.7941   556916    1.22%
Elapsed time = 1048.82 sec. (252041.76 ticks, tree = 502.13 MB, solutions = 17)
   3601  3465   735212.0966  1023   739704.4976   730696.7941   621268    1.22%
   3643  3399   734701.3010  1578   739704.4976   730696.7941   604257    1.22%
   3680  3377   735790.4243  3588   739704.4976   730696.7941   598228    1.22%
   3726  3534   734957.1417  1247   739704.4976   730696.7941   639125    1.22%
   3770  3618   733802.7223  1859   739704.4976   730696.7941   661801    1.22%
   3806  3490   736688.9621  2715   739704.4976   730696.7941   625789    1.22%
Time: 1104.373975992202759 seconds
MIP Gap: 0.012177435094159
Nodes: 3662
Best Objective: 730696.794132814742625
Incumbent Obj:  739704.497641704278067
   3847  3461   734586.2820  2399   739704.4976   730696.7941   619533    1.22%
   3898  3671   736256.2996  3181   739704.4976   730696.7941   676989    1.22%
   3927  3621   735051.8781  2988   739704.4976   730696.7941   663632    1.22%
   3963  3801   735217.0201  1624   739704.4976   730696.7941   709966    1.22%
Elapsed time = 1136.30 sec. (261992.17 ticks, tree = 623.84 MB, solutions = 17)
   4003  3816   732767.5902  1805   739704.4976   730696.7941   712542    1.22%
   4059  3875   733806.3657  1457   739704.4976   730696.7941   724731    1.22%
Time: 1158.296085119247437 seconds
MIP Gap: 0.012177435094159
Nodes: 3933
Best Objective: 730696.794132814742625
Incumbent Obj:  739704.497641704278067
   4095  3882   733832.3200  1870   739704.4976   730696.7941   727912    1.22%
   4139  3819   732938.2443  1812   739704.4976   730696.7941   713641    1.22%
   4184  4010   733699.9439  2417   739704.4976   730696.7941   762337    1.22%
   4226  3877   735099.7321  2447   739704.4976   730696.7941   725801    1.22%
   4272  3964   735296.2061  1202   739704.4976   730696.7941   750796    1.22%
   4312  4161   733176.7907  1539   739704.4976   730696.7941   798012    1.22%
   4343  4082   737427.4206  2280   739704.4976   730696.7941   781176    1.22%
Time: 1215.786410093307495 seconds
MIP Gap: 0.012177435094159
Nodes: 4223
Best Objective: 730696.794132814742625
Incumbent Obj:  739704.497641704278067
   4393  4043   737904.9119  1753   739704.4976   730696.7941   769562    1.22%
Elapsed time = 1221.08 sec. (271715.79 ticks, tree = 674.50 MB, solutions = 17)
   4436  4073   736312.0589  1340   739704.4976   730696.7941   776607    1.22%
   4470  4318   734917.4011  1901   739704.4976   730696.7941   839881    1.22%
   4521  4115   738445.6246  1173   739704.4976   730696.7941   785480    1.22%
   4577  4298   735902.5312  2183   739704.4976   730696.7941   834644    1.22%
   4621  4383   735346.2235  1197   739704.4976   730696.7941   856842    1.22%
   4661  4340   738233.3916  1455   739704.4976   730696.7941   846633    1.22%
Time: 1276.787012100219727 seconds
MIP Gap: 0.012177435094159
Nodes: 4499
Best Objective: 730696.794132814742625
Incumbent Obj:  739704.497641704278067
*  4707+ 4402                       738967.6594   730696.7941             1.12%
   4714  4507   737027.2052  2198   738967.6594   730696.7941   884955    1.12%
*  4725+ 4401                       737515.7872   730696.7941             0.92%
   4747  4461   736353.9434  2882   737515.7872   730696.7941   877451    0.92%
   4788  4483   735810.7061  1615   737515.7872   730696.7941   880297    0.92%
Time: 1331.522058010101318 seconds
MIP Gap: 0.009245894414897
Nodes: 4798
Best Objective: 730696.794132814742625
Incumbent Obj:  737515.787230871384963
   4999  4551   736126.1557  1720   737515.7872   730696.7941   902002    0.92%
Elapsed time = 1331.21 sec. (284207.02 ticks, tree = 781.99 MB, solutions = 19)
   5231  4723   733989.0925  1404   737515.7872   730696.7941   970865    0.92%
*  5297+ 4617                       735567.6643   730696.7941             0.66%
   5367  4690   736204.0603  2656   735567.6643   730696.7941   964230    0.66%
   5426  4852   735442.2865  2913   735567.6643   730696.7941  1008114    0.66%
   5431  4895   731630.6812  5463   735567.6643   730696.7941  1018413    0.66%

Performing restart 1

Repeating presolve.
Tried aggregator 1 time.
Reduced MIP has 3349 rows, 233985 columns, and 467970 nonzeros.
Reduced MIP has 233985 binaries, 0 generals, 0 SOSs, and 0 indicators.
Presolve time = 1.31 sec. (422.94 ticks)
Tried aggregator 1 time.
Reduced MIP has 3349 rows, 233985 columns, and 467970 nonzeros.
Reduced MIP has 233985 binaries, 0 generals, 0 SOSs, and 0 indicators.
Presolve time = 1.70 sec. (492.16 ticks)
Represolve time = 11.28 sec. (3378.55 ticks)
   5433     0   730724.1697  5751   735567.6643     Cuts: 209  1150197    0.66%
   5433     0   730776.5991  5751   735567.6643     Cuts: 250  1150810    0.65%
   5433     0   730828.6112  5751   735567.6643     Cuts: 135  1151437    0.64%
   5433     0   730864.5309  5751   735567.6643     Cuts: 195  1151831    0.64%
   5433     0   730883.9717  5751   735567.6643     Cuts: 141  1152292    0.64%
   5433     0   730907.4297  5751   735567.6643     Cuts: 105  1152631    0.63%
   5433     0   730925.5159  5751   735567.6643      Cuts: 91  1152892    0.63%
   5433     0   730934.0953  5751   735567.6643      Cuts: 56  1153153    0.63%
   5433     0   730944.2506  5751   735567.6643      Cuts: 55  1153344    0.63%
   5433     0   730952.7558  5751   735567.6643      Cuts: 72  1153504    0.63%
   5433     0   730956.6704  5751   735567.6643      Cuts: 31  1153672    0.63%
   5433     0   730957.7559  5751   735567.6643      Cuts: 30  1153736    0.63%
   5433     0   730959.8503  5751   735567.6643      Cuts: 19  1153815    0.63%
   5433     0   730963.9374  5751   735567.6643      Cuts: 38  1153870    0.63%
   5433     0   730968.7053  5751   735567.6643      Cuts: 17  1153905    0.63%
   5433     0   730975.4410  5751   735567.6643      Cuts: 32  1153998    0.62%
   5433     0   730976.6260  5751   735567.6643      Cuts: 36  1154026    0.62%
   5433     0   730977.0285  5751   735567.6643    MIRcuts: 9  1154051    0.62%
   5433     0   730977.4912  5751   735567.6643       Cuts: 2  1154071    0.62%
Starting limited solution polishing.

Clique cuts applied:  5215
Cover cuts applied:  3165
Flow cuts applied:  226
Mixed integer rounding cuts applied:  3932
Zero-half cuts applied:  474
Gomory fractional cuts applied:  5

Root node processing (before b&c):
  Real time             =  422.61 sec. (188403.58 ticks)
Parallel b&c, 32 threads:
  Real time             = 1379.54 sec. (274705.97 ticks)
  Sync time (average)   =  345.55 sec.
  Wait time (average)   =    0.00 sec.
                          ------------
Total (root+branch&cut) = 1802.14 sec. (463109.55 ticks)
[INFO] Saving variables cplex:
./outputs/solutions/2024-07-16_LIT/VarsValues_cplex/test_lit_pr2392_150_CPMP_Vars_Bin_p_150_RSSV_EXACT_CPMP_BIN.txt
[INFO] Saving results cplex: 
./outputs/solutions/2024-07-16_LIT/Results_cplex/test_lit_pr2392_150_Bin_RSSV_EXACT_CPMP_BIN.csv

Final solution:
p locations: 1266 456 165 2383 1005 43 2054 2212 2180 687 1634 1250 472 1023 2029 526 2041 1723 984 316 1117 367 406 1427 1442 2094 775 1299 2058 1891 1843 269 1861 2295 625 124 429 113 1075 2312 1811 2141 805 1987 1319 1672 905 1146 1688 563 1064 2000 871 1582 154 1181 1392 1256 27 2198 882 381 178 1013 2116 1832 2335 1333 498 1620 1662 238 2242 1407 836 1170 1960 969 301 1469 1195 247 2355 1353 640 1746 1374 486 2367 1502 2390 392 2229 2157 1489 699 2131 1797 1538 850 516 349 823 286 2290 1041 14 609 1162 140 1309 754 918 417 338 1973 579 746 1370 590 89 1926 2264 1596 945 1780 1112 74 1654 543 209 51 1710 104 1774 2108 1094 927 1233 673 1034 199 1456 2124 784 731 1566 898 1900 1940 
p size: 150
objective: 735567.664261626312509
sum (dij * xij) 
demand/capacity: 121855.000000000000000/152400
Solution is Feasible
Final elapsed time: 1812s
Final total elapsed time RSSV: 2112s
[INFO] Saving assignment: ./outputs/solutions/2024-07-16_LIT/Assignments/test_lit_pr2392_150_p_150_RSSV_EXACT_CPMP_BIN.txt
[INFO] Saving results: ./outputs/solutions/2024-07-16_LIT/test_lit_pr2392_150_results_RSSV.csv
[INFO] Saving all results: ./outputs/solutions/test_all_results.csv



Solution Stats
Statistics:
Max distance: 1035.917467755033158
Min distance: 0.000000000000000
Avg distance: 307.511565326766856
Std deviation distance: 174.085881958602073




-------------------------------------------------
Post Optimization
-------------------------------------------------
Time for post-optimization: 1488.000000000000000s
PostOptimization constructor
p locations: 1266 456 165 2383 1005 43 2054 2212 2180 687 1634 1250 472 1023 2029 526 2041 1723 984 316 1117 367 406 1427 1442 2094 775 1299 2058 1891 1843 269 1861 2295 625 124 429 113 1075 2312 1811 2141 805 1987 1319 1672 905 1146 1688 563 1064 2000 871 1582 154 1181 1392 1256 27 2198 882 381 178 1013 2116 1832 2335 1333 498 1620 1662 238 2242 1407 836 1170 1960 969 301 1469 1195 247 2355 1353 640 1746 1374 486 2367 1502 2390 392 2229 2157 1489 699 2131 1797 1538 850 516 349 823 286 2290 1041 14 609 1162 140 1309 754 918 417 338 1973 579 746 1370 590 89 1926 2264 1596 945 1780 1112 74 1654 543 209 51 1710 104 1774 2108 1094 927 1233 673 1034 199 1456 2124 784 731 1566 898 1900 1940 
p size: 150
objective: 735567.664261626312509
sum (dij * xij) 
demand/capacity: 121855.000000000000000/152400
Solution is Feasible
[INFO] Running post-optimization
Time limit: 1488.000000000000000
 ------------------------------------ 

Iteration Post-Optimization: 1
Size of neighborhood: 1
Problem type: CPMP
Value of p: 150
Number of facilities: 2392
Number of customers: 2392
Weighted Objective Function: false
Capacity Model: true
Binary Model: true
Cover Model: false
[INFO] Adding Objective Function 
SUM (dij * xij)
[INFO] Adding Demand Satisfied Constraints 
[INFO] Adding p Locations Constraints 
[INFO] Adding Max Capacity Constraints 
[INFO] Adding Max Distance Constraints 
Threshold Distance: 1035.917467755033158
[INFO] Adding Max Neighbors Constraints from Solution
Max Neighbors from solution: 1
[INFO] Adding MIP start solution
Gap Cplex Reports: gap_Bin_service_pr2392_150_p_150_EXACT_CPMP_BIN.csv
Generating reports cplex callbacks...Using BreakCallback...
Version identifier: 12.10.0.0 | 2019-11-26 | 843d4de
CPXPARAM_TimeLimit                               1488
CPXPARAM_MIP_Tolerances_LowerCutoff              730977.49122631946
1 of 2 MIP starts provided solutions.
MIP start 'm1' defined initial solution with objective 734141.0295.
Tried aggregator 3 times.
MIP Presolve eliminated 5583530 rows and 5706687 columns.
MIP Presolve added 1 rows and 0 columns.
MIP Presolve modified 43 coefficients.
Aggregator did 61 substitutions.
Reduced MIP has 2783 rows, 17308 columns, and 34916 nonzeros.
Reduced MIP has 17308 binaries, 0 generals, 0 SOSs, and 0 indicators.
Presolve time = 13.31 sec. (5946.16 ticks)
Tried aggregator 1 time.
Detecting symmetries...
Reduced MIP has 2783 rows, 17308 columns, and 34916 nonzeros.
Reduced MIP has 17308 binaries, 0 generals, 0 SOSs, and 0 indicators.
Presolve time = 0.07 sec. (23.97 ticks)
Probing time = 0.03 sec. (4.96 ticks)
Clique table members: 19549.
MIP emphasis: balance optimality and feasibility.
MIP search method: dynamic search.
Parallel mode: deterministic, using up to 32 threads.
Root relaxation solution time = 0.05 sec. (20.84 ticks)

        Nodes                                         Cuts/
   Node  Left     Objective  IInf  Best Integer    Best Bound    ItCnt     Gap

*     0+    0                       734141.0295    16041.1157            97.81%
      0     0   658469.6064   369   734141.0295   658469.6064      528   10.31%
Time: 137.057310104370117 seconds
MIP Gap: 0.103074777376100
Nodes: 0
Best Objective: 658469.606351514463313
Incumbent Obj:  734141.029533322551288
      0     0   692989.8195   369   734141.0295     Cuts: 795     1502    5.61%
      0     0   717718.8603   369   734141.0295     Cuts: 795     2413    2.24%
      0     0   726356.4941   369   734141.0295     Cuts: 795     3186    1.06%
      0     0   728579.0326   369   734141.0295     Cuts: 795     3654    0.76%
      0     0   728843.7061   369   734141.0295     Cuts: 238     3883    0.72%
*     0+    0                       730138.9196   728843.7061             0.18%
*     0+    0                       729765.0961   728843.7061             0.13%
*     0+    0                       729700.7794   728843.7061             0.12%
      0     0  -1.00000e+75     0   729700.7794   728843.7061     3883    0.12%
Time: 157.438009023666382 seconds
MIP Gap: 0.001174554440193
Nodes: 0
Best Objective: 728843.706109888385981
Incumbent Obj:  729700.779400345170870
Detecting symmetries...
      0     0   729105.8718   369   729700.7794     Cuts: 150     4077    0.08%
      0     0   729224.0161   369   729700.7794     Cuts: 106     4261    0.07%
*     0+    0                       729616.2163   729224.0161             0.05%
      0     0  -1.00000e+75     0   729616.2163   729224.0161     4261    0.05%
Detecting symmetries...

Repeating presolve.
Tried aggregator 3 times.
MIP Presolve eliminated 2 rows and 7412 columns.
MIP Presolve added 128 rows and 0 columns.
MIP Presolve modified 86 coefficients.
Aggregator did 776 substitutions.
Reduced MIP has 2133 rows, 9120 columns, and 18544 nonzeros.
Reduced MIP has 9120 binaries, 0 generals, 0 SOSs, and 0 indicators.
Presolve time = 0.09 sec. (43.32 ticks)
Probing time = 0.02 sec. (2.23 ticks)
Tried aggregator 1 time.
Detecting symmetries...
Reduced MIP has 2133 rows, 9120 columns, and 18544 nonzeros.
Reduced MIP has 9120 binaries, 0 generals, 0 SOSs, and 0 indicators.
Presolve time = 0.03 sec. (12.72 ticks)
Represolve time = 9.63 sec. (2806.46 ticks)
Probing time = 0.02 sec. (2.23 ticks)
Clique table members: 11233.
MIP emphasis: balance optimality and feasibility.
MIP search method: dynamic search.
Parallel mode: deterministic, using up to 32 threads.
Root relaxation solution time = 0.27 sec. (118.58 ticks)

        Nodes                                         Cuts/
   Node  Left     Objective  IInf  Best Integer    Best Bound    ItCnt     Gap

*     0+    0                       729616.2163   729224.0161             0.05%
      0     0   729224.0508   880   729616.2163   729224.0508     7750    0.05%
Time: 186.633913993835449 seconds
MIP Gap: 0.000537495649901
Nodes: 0
Best Objective: 729224.050766741158441
Incumbent Obj:  729616.216309104813263
      0     0   729299.6211   880   729616.2163      Cuts: 86     7843    0.04%
      0     0   729341.5338   880   729616.2163      Cuts: 54     7920    0.04%
      0     0   729373.2628   880   729616.2163      Cuts: 47     7991    0.03%
      0     0   729387.2664   880   729616.2163      Cuts: 28     8042    0.03%
      0     0   729406.6612   880   729616.2163      Cuts: 29     8087    0.03%
      0     0   729417.8234   880   729616.2163      Cuts: 35     8120    0.03%
Detecting symmetries...
Time: 275.966910123825073 seconds
MIP Gap: 0.000271914081332
Nodes: 0
Best Objective: 729417.823385921888985
Incumbent Obj:  729616.216309104813263
      0     2   729417.8234   638   729616.2163   729417.8234     8120    0.03%
Elapsed time = 276.85 sec. (19644.74 ticks, tree = 0.02 MB, solutions = 5)
*    12+    2                       729602.6439   729419.0641             0.03%
     16    13   729448.7170   476   729602.6439   729419.0641     8326    0.03%
     18    15   729503.5086   460   729602.6439   729423.3359     8357    0.02%
Time: 281.759994029998779 seconds
MIP Gap: 0.000210949849280
Nodes: 23
Best Objective: 729448.734319935902022
Incumbent Obj:  729602.643887698650360
     27    23   729578.0956   404   729602.6439   729448.7343     8727    0.02%
Time: 291.027449131011963 seconds
MIP Gap: 0.000099902106502
Nodes: 35
Best Objective: 729529.755046665086411
Incumbent Obj:  729602.643887698650360
     34    28   729557.7404   354   729602.6439   729453.0541     9056    0.02%

Clique cuts applied:  1712
Cover cuts applied:  352
Implied bound cuts applied:  1
Flow cuts applied:  74
Mixed integer rounding cuts applied:  545
Zero-half cuts applied:  153
Multi commodity flow cuts applied:  43
Lift and project cuts applied:  5
Gomory fractional cuts applied:  58

Root node processing (before b&c):
  Real time             =  254.80 sec. (19884.72 ticks)
Parallel b&c, 32 threads:
  Real time             =   38.53 sec. (4896.48 ticks)
  Sync time (average)   =   10.98 sec.
  Wait time (average)   =    0.00 sec.
                          ------------
Total (root+branch&cut) =  293.32 sec. (24781.20 ticks)
 ------------------------------------ 

Iteration Post-Optimization: 2
Size of neighborhood: 1
Problem type: CPMP
Value of p: 150
Number of facilities: 2392
Number of customers: 2392
Weighted Objective Function: false
Capacity Model: true
Binary Model: true
Cover Model: false
[INFO] Adding Objective Function 
SUM (dij * xij)
[INFO] Adding Demand Satisfied Constraints 
[INFO] Adding p Locations Constraints 
[INFO] Adding Max Capacity Constraints 
[INFO] Adding Max Distance Constraints 
Threshold Distance: 1035.917467755033158
[INFO] Adding Max Neighbors Constraints from Solution
Max Neighbors from solution: 1
[INFO] Adding MIP start solution
Gap Cplex Reports: gap_Bin_service_pr2392_150_p_150_EXACT_CPMP_BIN.csv
Generating reports cplex callbacks...Using BreakCallback...
Version identifier: 12.10.0.0 | 2019-11-26 | 843d4de
CPXPARAM_TimeLimit                               1488
CPXPARAM_MIP_Tolerances_LowerCutoff              730977.49122631946
1 of 2 MIP starts provided solutions.
MIP start 'm1' defined initial solution with objective 734141.0295.
Tried aggregator 3 times.
MIP Presolve eliminated 5583530 rows and 5706687 columns.
MIP Presolve added 1 rows and 0 columns.
MIP Presolve modified 43 coefficients.
Aggregator did 61 substitutions.
Reduced MIP has 2783 rows, 17308 columns, and 34916 nonzeros.
Reduced MIP has 17308 binaries, 0 generals, 0 SOSs, and 0 indicators.
Presolve time = 12.54 sec. (5946.16 ticks)
Tried aggregator 1 time.
Detecting symmetries...
Reduced MIP has 2783 rows, 17308 columns, and 34916 nonzeros.
Reduced MIP has 17308 binaries, 0 generals, 0 SOSs, and 0 indicators.
Presolve time = 0.07 sec. (23.97 ticks)
Probing time = 0.03 sec. (4.96 ticks)
Clique table members: 19549.
MIP emphasis: balance optimality and feasibility.
MIP search method: dynamic search.
Parallel mode: deterministic, using up to 32 threads.
Root relaxation solution time = 0.06 sec. (20.84 ticks)

        Nodes                                         Cuts/
   Node  Left     Objective  IInf  Best Integer    Best Bound    ItCnt     Gap

*     0+    0                       734141.0295    16041.1157            97.81%
      0     0   658469.6064   369   734141.0295   658469.6064      528   10.31%
Time: 135.032556056976318 seconds
MIP Gap: 0.103074777376100
Nodes: 0
Best Objective: 658469.606351514463313
Incumbent Obj:  734141.029533322551288
      0     0   692989.8195   369   734141.0295     Cuts: 795     1502    5.61%
      0     0   717718.8603   369   734141.0295     Cuts: 795     2413    2.24%
      0     0   726356.4941   369   734141.0295     Cuts: 795     3186    1.06%
      0     0   728579.0326   369   734141.0295     Cuts: 795     3654    0.76%
      0     0   728843.7061   369   734141.0295     Cuts: 238     3883    0.72%
*     0+    0                       730138.9196   728843.7061             0.18%
*     0+    0                       729765.0961   728843.7061             0.13%
*     0+    0                       729700.7794   728843.7061             0.12%
      0     0  -1.00000e+75     0   729700.7794   728843.7061     3883    0.12%
Time: 154.337199926376343 seconds
MIP Gap: 0.001174554440193
Nodes: 0
Best Objective: 728843.706109888385981
Incumbent Obj:  729700.779400345170870
Detecting symmetries...
      0     0   729105.8718   369   729700.7794     Cuts: 150     4077    0.08%
      0     0   729224.0161   369   729700.7794     Cuts: 106     4261    0.07%
*     0+    0                       729616.2163   729224.0161             0.05%
      0     0  -1.00000e+75     0   729616.2163   729224.0161     4261    0.05%
Detecting symmetries...

Repeating presolve.
Tried aggregator 3 times.
MIP Presolve eliminated 2 rows and 7412 columns.
MIP Presolve added 128 rows and 0 columns.
MIP Presolve modified 86 coefficients.
Aggregator did 776 substitutions.
Reduced MIP has 2133 rows, 9120 columns, and 18544 nonzeros.
Reduced MIP has 9120 binaries, 0 generals, 0 SOSs, and 0 indicators.
Presolve time = 0.09 sec. (43.32 ticks)
Probing time = 0.02 sec. (2.23 ticks)
Tried aggregator 1 time.
Detecting symmetries...
Reduced MIP has 2133 rows, 9120 columns, and 18544 nonzeros.
Reduced MIP has 9120 binaries, 0 generals, 0 SOSs, and 0 indicators.
Presolve time = 0.03 sec. (12.72 ticks)
Represolve time = 9.49 sec. (2806.46 ticks)
Probing time = 0.02 sec. (2.23 ticks)
Clique table members: 11233.
MIP emphasis: balance optimality and feasibility.
MIP search method: dynamic search.
Parallel mode: deterministic, using up to 32 threads.
Root relaxation solution time = 0.27 sec. (118.58 ticks)

        Nodes                                         Cuts/
   Node  Left     Objective  IInf  Best Integer    Best Bound    ItCnt     Gap

*     0+    0                       729616.2163   729224.0161             0.05%
      0     0   729224.0508   880   729616.2163   729224.0508     7750    0.05%
Time: 183.788367986679077 seconds
MIP Gap: 0.000537495649901
Nodes: 0
Best Objective: 729224.050766741158441
Incumbent Obj:  729616.216309104813263
      0     0   729299.6211   880   729616.2163      Cuts: 86     7843    0.04%
      0     0   729341.5338   880   729616.2163      Cuts: 54     7920    0.04%
      0     0   729373.2628   880   729616.2163      Cuts: 47     7991    0.03%
      0     0   729387.2664   880   729616.2163      Cuts: 28     8042    0.03%
      0     0   729406.6612   880   729616.2163      Cuts: 29     8087    0.03%
      0     0   729417.8234   880   729616.2163      Cuts: 35     8120    0.03%
Detecting symmetries...
Time: 270.508807897567749 seconds
MIP Gap: 0.000271914081332
Nodes: 0
Best Objective: 729417.823385921888985
Incumbent Obj:  729616.216309104813263
      0     2   729417.8234   638   729616.2163   729417.8234     8120    0.03%
Elapsed time = 271.34 sec. (19644.74 ticks, tree = 0.02 MB, solutions = 5)
*    12+    2                       729602.6439   729419.0641             0.03%
     16    13   729448.7170   476   729602.6439   729419.0641     8326    0.03%
     18    15   729503.5086   460   729602.6439   729423.3359     8357    0.02%
Time: 276.676146030426025 seconds
MIP Gap: 0.000210949849280
Nodes: 23
Best Objective: 729448.734319935902022
Incumbent Obj:  729602.643887698650360
     27    23   729578.0956   404   729602.6439   729448.7343     8727    0.02%
Time: 293.330570936203003 seconds
MIP Gap: 0.000099902106502
Nodes: 35
Best Objective: 729529.755046665086411
Incumbent Obj:  729602.643887698650360
     34    28   729557.7404   354   729602.6439   729453.0541     9056    0.02%

Clique cuts applied:  1712
Cover cuts applied:  352
Implied bound cuts applied:  1
Flow cuts applied:  74
Mixed integer rounding cuts applied:  545
Zero-half cuts applied:  153
Multi commodity flow cuts applied:  43
Lift and project cuts applied:  5
Gomory fractional cuts applied:  58

Root node processing (before b&c):
  Real time             =  246.49 sec. (19884.72 ticks)
Parallel b&c, 32 threads:
  Real time             =   49.63 sec. (4896.48 ticks)
  Sync time (average)   =   15.33 sec.
  Wait time (average)   =    0.00 sec.
                          ------------
Total (root+branch&cut) =  296.11 sec. (24781.20 ticks)
 ------------------------------------ 

Iteration Post-Optimization: 3
Size of neighborhood: 1
Problem type: CPMP
Value of p: 150
Number of facilities: 2392
Number of customers: 2392
Weighted Objective Function: false
Capacity Model: true
Binary Model: true
Cover Model: false
[INFO] Adding Objective Function 
SUM (dij * xij)
[INFO] Adding Demand Satisfied Constraints 
[INFO] Adding p Locations Constraints 
[INFO] Adding Max Capacity Constraints 
[INFO] Adding Max Distance Constraints 
Threshold Distance: 1035.917467755033158
[INFO] Adding Max Neighbors Constraints from Solution
Max Neighbors from solution: 1
[INFO] Adding MIP start solution
Gap Cplex Reports: gap_Bin_service_pr2392_150_p_150_EXACT_CPMP_BIN.csv
Generating reports cplex callbacks...Using BreakCallback...
Version identifier: 12.10.0.0 | 2019-11-26 | 843d4de
CPXPARAM_TimeLimit                               1488
CPXPARAM_MIP_Tolerances_LowerCutoff              730977.49122631946
1 of 2 MIP starts provided solutions.
MIP start 'm1' defined initial solution with objective 734141.0295.
Tried aggregator 3 times.
MIP Presolve eliminated 5583530 rows and 5706687 columns.
MIP Presolve added 1 rows and 0 columns.
MIP Presolve modified 43 coefficients.
Aggregator did 61 substitutions.
Reduced MIP has 2783 rows, 17308 columns, and 34916 nonzeros.
Reduced MIP has 17308 binaries, 0 generals, 0 SOSs, and 0 indicators.
Presolve time = 11.78 sec. (5946.16 ticks)
Tried aggregator 1 time.
Detecting symmetries...
Reduced MIP has 2783 rows, 17308 columns, and 34916 nonzeros.
Reduced MIP has 17308 binaries, 0 generals, 0 SOSs, and 0 indicators.
Presolve time = 0.06 sec. (23.97 ticks)
Probing time = 0.04 sec. (4.96 ticks)
Clique table members: 19549.
MIP emphasis: balance optimality and feasibility.
MIP search method: dynamic search.
Parallel mode: deterministic, using up to 32 threads.
Root relaxation solution time = 0.05 sec. (20.84 ticks)

        Nodes                                         Cuts/
   Node  Left     Objective  IInf  Best Integer    Best Bound    ItCnt     Gap

*     0+    0                       734141.0295    16041.1157            97.81%
      0     0   658469.6064   369   734141.0295   658469.6064      528   10.31%
Time: 131.631070137023926 seconds
MIP Gap: 0.103074777376100
Nodes: 0
Best Objective: 658469.606351514463313
Incumbent Obj:  734141.029533322551288
      0     0   692989.8195   369   734141.0295     Cuts: 795     1502    5.61%
      0     0   717718.8603   369   734141.0295     Cuts: 795     2413    2.24%
      0     0   726356.4941   369   734141.0295     Cuts: 795     3186    1.06%
      0     0   728579.0326   369   734141.0295     Cuts: 795     3654    0.76%
      0     0   728843.7061   369   734141.0295     Cuts: 238     3883    0.72%
*     0+    0                       730138.9196   728843.7061             0.18%
*     0+    0                       729765.0961   728843.7061             0.13%
*     0+    0                       729700.7794   728843.7061             0.12%
      0     0  -1.00000e+75     0   729700.7794   728843.7061     3883    0.12%
Time: 151.524260044097900 seconds
MIP Gap: 0.001174554440193
Nodes: 0
Best Objective: 728843.706109888385981
Incumbent Obj:  729700.779400345170870
Detecting symmetries...
      0     0   729105.8718   369   729700.7794     Cuts: 150     4077    0.08%
      0     0   729224.0161   369   729700.7794     Cuts: 106     4261    0.07%
*     0+    0                       729616.2163   729224.0161             0.05%
      0     0  -1.00000e+75     0   729616.2163   729224.0161     4261    0.05%
Detecting symmetries...

Repeating presolve.
Tried aggregator 3 times.
MIP Presolve eliminated 2 rows and 7412 columns.
MIP Presolve added 128 rows and 0 columns.
MIP Presolve modified 86 coefficients.
Aggregator did 776 substitutions.
Reduced MIP has 2133 rows, 9120 columns, and 18544 nonzeros.
Reduced MIP has 9120 binaries, 0 generals, 0 SOSs, and 0 indicators.
Presolve time = 0.09 sec. (43.32 ticks)
Probing time = 0.02 sec. (2.23 ticks)
Tried aggregator 1 time.
Detecting symmetries...
Reduced MIP has 2133 rows, 9120 columns, and 18544 nonzeros.
Reduced MIP has 9120 binaries, 0 generals, 0 SOSs, and 0 indicators.
Presolve time = 0.03 sec. (12.72 ticks)
Represolve time = 7.04 sec. (2806.46 ticks)
Probing time = 0.02 sec. (2.23 ticks)
Clique table members: 11233.
MIP emphasis: balance optimality and feasibility.
MIP search method: dynamic search.
Parallel mode: deterministic, using up to 32 threads.
Root relaxation solution time = 0.27 sec. (118.58 ticks)

        Nodes                                         Cuts/
   Node  Left     Objective  IInf  Best Integer    Best Bound    ItCnt     Gap

*     0+    0                       729616.2163   729224.0161             0.05%
      0     0   729224.0508   880   729616.2163   729224.0508     7750    0.05%
Time: 177.144335985183716 seconds
MIP Gap: 0.000537495649901
Nodes: 0
Best Objective: 729224.050766741158441
Incumbent Obj:  729616.216309104813263
      0     0   729299.6211   880   729616.2163      Cuts: 86     7843    0.04%
      0     0   729341.5338   880   729616.2163      Cuts: 54     7920    0.04%
      0     0   729373.2628   880   729616.2163      Cuts: 47     7991    0.03%
      0     0   729387.2664   880   729616.2163      Cuts: 28     8042    0.03%
      0     0   729406.6612   880   729616.2163      Cuts: 29     8087    0.03%
      0     0   729417.8234   880   729616.2163      Cuts: 35     8120    0.03%
Detecting symmetries...
Time: 266.370146989822388 seconds
MIP Gap: 0.000271914081332
Nodes: 0
Best Objective: 729417.823385921888985
Incumbent Obj:  729616.216309104813263
      0     2   729417.8234   638   729616.2163   729417.8234     8120    0.03%
Elapsed time = 267.46 sec. (19644.74 ticks, tree = 0.02 MB, solutions = 5)
*    12+    2                       729602.6439   729419.0641             0.03%
     16    13   729448.7170   476   729602.6439   729419.0641     8326    0.03%
Time: 274.581763982772827 seconds
MIP Gap: 0.000245761181306
Nodes: 14
Best Objective: 729423.335880052880384
Incumbent Obj:  729602.643887698650360
     18    15   729503.5086   460   729602.6439   729423.3359     8357    0.02%
     27    23   729578.0956   404   729602.6439   729448.7343     8727    0.02%
Time: 295.053927183151245 seconds
MIP Gap: 0.000099902106502
Nodes: 35
Best Objective: 729529.755046665086411
Incumbent Obj:  729602.643887698650360
     34    28   729557.7404   354   729602.6439   729453.0541     9056    0.02%

Clique cuts applied:  1712
Cover cuts applied:  352
Implied bound cuts applied:  1
Flow cuts applied:  74
Mixed integer rounding cuts applied:  545
Zero-half cuts applied:  153
Multi commodity flow cuts applied:  43
Lift and project cuts applied:  5
Gomory fractional cuts applied:  58

Root node processing (before b&c):
  Real time             =  241.83 sec. (19884.72 ticks)
Parallel b&c, 32 threads:
  Real time             =   55.50 sec. (4896.48 ticks)
  Sync time (average)   =   20.66 sec.
  Wait time (average)   =    0.00 sec.
                          ------------
Total (root+branch&cut) =  297.34 sec. (24781.20 ticks)
 ------------------------------------ 

Iteration Post-Optimization: 4
Size of neighborhood: 1
Problem type: CPMP
Value of p: 150
Number of facilities: 2392
Number of customers: 2392
Weighted Objective Function: false
Capacity Model: true
Binary Model: true
Cover Model: false
[INFO] Adding Objective Function 
SUM (dij * xij)
[INFO] Adding Demand Satisfied Constraints 
[INFO] Adding p Locations Constraints 
[INFO] Adding Max Capacity Constraints 
[INFO] Adding Max Distance Constraints 
Threshold Distance: 1035.917467755033158
[INFO] Adding Max Neighbors Constraints from Solution
Max Neighbors from solution: 1
[INFO] Adding MIP start solution
Gap Cplex Reports: gap_Bin_service_pr2392_150_p_150_EXACT_CPMP_BIN.csv
Generating reports cplex callbacks...Using BreakCallback...
Version identifier: 12.10.0.0 | 2019-11-26 | 843d4de
CPXPARAM_TimeLimit                               1488
CPXPARAM_MIP_Tolerances_LowerCutoff              730977.49122631946
1 of 2 MIP starts provided solutions.
MIP start 'm1' defined initial solution with objective 734141.0295.
Tried aggregator 3 times.
MIP Presolve eliminated 5583530 rows and 5706687 columns.
MIP Presolve added 1 rows and 0 columns.
MIP Presolve modified 43 coefficients.
Aggregator did 61 substitutions.
Reduced MIP has 2783 rows, 17308 columns, and 34916 nonzeros.
Reduced MIP has 17308 binaries, 0 generals, 0 SOSs, and 0 indicators.
Presolve time = 10.15 sec. (5946.16 ticks)
Tried aggregator 1 time.
Detecting symmetries...
Reduced MIP has 2783 rows, 17308 columns, and 34916 nonzeros.
Reduced MIP has 17308 binaries, 0 generals, 0 SOSs, and 0 indicators.
Presolve time = 0.06 sec. (23.97 ticks)
Probing time = 0.04 sec. (4.96 ticks)
Clique table members: 19549.
MIP emphasis: balance optimality and feasibility.
MIP search method: dynamic search.
Parallel mode: deterministic, using up to 32 threads.
Root relaxation solution time = 0.06 sec. (20.84 ticks)

        Nodes                                         Cuts/
   Node  Left     Objective  IInf  Best Integer    Best Bound    ItCnt     Gap

*     0+    0                       734141.0295    16041.1157            97.81%
      0     0   658469.6064   369   734141.0295   658469.6064      528   10.31%
Time: 132.904697895050049 seconds
MIP Gap: 0.103074777376100
Nodes: 0
Best Objective: 658469.606351514463313
Incumbent Obj:  734141.029533322551288
      0     0   692989.8195   369   734141.0295     Cuts: 795     1502    5.61%
      0     0   717718.8603   369   734141.0295     Cuts: 795     2413    2.24%
      0     0   726356.4941   369   734141.0295     Cuts: 795     3186    1.06%
      0     0   728579.0326   369   734141.0295     Cuts: 795     3654    0.76%
      0     0   728843.7061   369   734141.0295     Cuts: 238     3883    0.72%
*     0+    0                       730138.9196   728843.7061             0.18%
*     0+    0                       729765.0961   728843.7061             0.13%
*     0+    0                       729700.7794   728843.7061             0.12%
      0     0  -1.00000e+75     0   729700.7794   728843.7061     3883    0.12%
Time: 153.084042072296143 seconds
MIP Gap: 0.001174554440193
Nodes: 0
Best Objective: 728843.706109888385981
Incumbent Obj:  729700.779400345170870
Detecting symmetries...
      0     0   729105.8718   369   729700.7794     Cuts: 150     4077    0.08%
      0     0   729224.0161   369   729700.7794     Cuts: 106     4261    0.07%
*     0+    0                       729616.2163   729224.0161             0.05%
      0     0  -1.00000e+75     0   729616.2163   729224.0161     4261    0.05%
Detecting symmetries...

Repeating presolve.
Tried aggregator 3 times.
MIP Presolve eliminated 2 rows and 7412 columns.
MIP Presolve added 128 rows and 0 columns.
MIP Presolve modified 86 coefficients.
Aggregator did 776 substitutions.
Reduced MIP has 2133 rows, 9120 columns, and 18544 nonzeros.
Reduced MIP has 9120 binaries, 0 generals, 0 SOSs, and 0 indicators.
Presolve time = 0.09 sec. (43.32 ticks)
Probing time = 0.02 sec. (2.23 ticks)
Tried aggregator 1 time.
Detecting symmetries...
Reduced MIP has 2133 rows, 9120 columns, and 18544 nonzeros.
Reduced MIP has 9120 binaries, 0 generals, 0 SOSs, and 0 indicators.
Presolve time = 0.03 sec. (12.72 ticks)
Represolve time = 8.05 sec. (2806.46 ticks)
Probing time = 0.02 sec. (2.23 ticks)
Clique table members: 11233.
MIP emphasis: balance optimality and feasibility.
MIP search method: dynamic search.
Parallel mode: deterministic, using up to 32 threads.
Root relaxation solution time = 0.27 sec. (118.58 ticks)

        Nodes                                         Cuts/
   Node  Left     Objective  IInf  Best Integer    Best Bound    ItCnt     Gap

*     0+    0                       729616.2163   729224.0161             0.05%
      0     0   729224.0508   880   729616.2163   729224.0508     7750    0.05%
Time: 177.000597953796387 seconds
MIP Gap: 0.000537495649901
Nodes: 0
Best Objective: 729224.050766741158441
Incumbent Obj:  729616.216309104813263
      0     0   729299.6211   880   729616.2163      Cuts: 86     7843    0.04%
      0     0   729341.5338   880   729616.2163      Cuts: 54     7920    0.04%
      0     0   729373.2628   880   729616.2163      Cuts: 47     7991    0.03%
      0     0   729387.2664   880   729616.2163      Cuts: 28     8042    0.03%
      0     0   729406.6612   880   729616.2163      Cuts: 29     8087    0.03%
      0     0   729417.8234   880   729616.2163      Cuts: 35     8120    0.03%
Detecting symmetries...
Time: 271.317576885223389 seconds
MIP Gap: 0.000271914081332
Nodes: 0
Best Objective: 729417.823385921888985
Incumbent Obj:  729616.216309104813263
      0     2   729417.8234   638   729616.2163   729417.8234     8120    0.03%
Elapsed time = 272.14 sec. (19644.74 ticks, tree = 0.02 MB, solutions = 5)
*    12+    2                       729602.6439   729419.0641             0.03%
     16    13   729448.7170   476   729602.6439   729419.0641     8326    0.03%
     18    15   729503.5086   460   729602.6439   729423.3359     8357    0.02%
Time: 276.764952898025513 seconds
MIP Gap: 0.000210949849280
Nodes: 23
Best Objective: 729448.734319935902022
Incumbent Obj:  729602.643887698650360
     27    23   729578.0956   404   729602.6439   729448.7343     8727    0.02%
Time: 287.983093976974487 seconds
MIP Gap: 0.000099902106502
Nodes: 35
Best Objective: 729529.755046665086411
Incumbent Obj:  729602.643887698650360
     34    28   729557.7404   354   729602.6439   729453.0541     9056    0.02%

Clique cuts applied:  1712
Cover cuts applied:  352
Implied bound cuts applied:  1
Flow cuts applied:  74
Mixed integer rounding cuts applied:  545
Zero-half cuts applied:  153
Multi commodity flow cuts applied:  43
Lift and project cuts applied:  5
Gomory fractional cuts applied:  58

Root node processing (before b&c):
  Real time             =  245.28 sec. (19884.72 ticks)
Parallel b&c, 32 threads:
  Real time             =   47.77 sec. (4896.48 ticks)
  Sync time (average)   =   12.00 sec.
  Wait time (average)   =    0.00 sec.
                          ------------
Total (root+branch&cut) =  293.04 sec. (24781.20 ticks)
 ------------------------------------ 

Iteration Post-Optimization: 5
Size of neighborhood: 1
Problem type: CPMP
Value of p: 150
Number of facilities: 2392
Number of customers: 2392
Weighted Objective Function: false
Capacity Model: true
Binary Model: true
Cover Model: false
[INFO] Adding Objective Function 
SUM (dij * xij)
[INFO] Adding Demand Satisfied Constraints 
[INFO] Adding p Locations Constraints 
[INFO] Adding Max Capacity Constraints 
[INFO] Adding Max Distance Constraints 
Threshold Distance: 1035.917467755033158
[INFO] Adding Max Neighbors Constraints from Solution
Max Neighbors from solution: 1
[INFO] Adding MIP start solution
Gap Cplex Reports: gap_Bin_service_pr2392_150_p_150_EXACT_CPMP_BIN.csv
Generating reports cplex callbacks...Using BreakCallback...
Version identifier: 12.10.0.0 | 2019-11-26 | 843d4de
CPXPARAM_TimeLimit                               1488
CPXPARAM_MIP_Tolerances_LowerCutoff              730977.49122631946
1 of 2 MIP starts provided solutions.
MIP start 'm1' defined initial solution with objective 734141.0295.
Tried aggregator 3 times.
MIP Presolve eliminated 5583530 rows and 5706687 columns.
MIP Presolve added 1 rows and 0 columns.
MIP Presolve modified 43 coefficients.
Aggregator did 61 substitutions.
Reduced MIP has 2783 rows, 17308 columns, and 34916 nonzeros.
Reduced MIP has 17308 binaries, 0 generals, 0 SOSs, and 0 indicators.
Presolve time = 9.49 sec. (5946.16 ticks)
Tried aggregator 1 time.
Detecting symmetries...
Reduced MIP has 2783 rows, 17308 columns, and 34916 nonzeros.
Reduced MIP has 17308 binaries, 0 generals, 0 SOSs, and 0 indicators.
Presolve time = 0.07 sec. (23.97 ticks)
Probing time = 0.03 sec. (4.96 ticks)
Clique table members: 19549.
MIP emphasis: balance optimality and feasibility.
MIP search method: dynamic search.
Parallel mode: deterministic, using up to 32 threads.
Root relaxation solution time = 0.04 sec. (20.84 ticks)

        Nodes                                         Cuts/
   Node  Left     Objective  IInf  Best Integer    Best Bound    ItCnt     Gap

*     0+    0                       734141.0295    16041.1157            97.81%
      0     0   658469.6064   369   734141.0295   658469.6064      528   10.31%
Time: 129.171332120895386 seconds
MIP Gap: 0.103074777376100
Nodes: 0
Best Objective: 658469.606351514463313
Incumbent Obj:  734141.029533322551288
      0     0   692989.8195   369   734141.0295     Cuts: 795     1502    5.61%
      0     0   717718.8603   369   734141.0295     Cuts: 795     2413    2.24%
      0     0   726356.4941   369   734141.0295     Cuts: 795     3186    1.06%
      0     0   728579.0326   369   734141.0295     Cuts: 795     3654    0.76%
      0     0   728843.7061   369   734141.0295     Cuts: 238     3883    0.72%
*     0+    0                       730138.9196   728843.7061             0.18%
*     0+    0                       729765.0961   728843.7061             0.13%
*     0+    0                       729700.7794   728843.7061             0.12%
      0     0  -1.00000e+75     0   729700.7794   728843.7061     3883    0.12%
Time: 148.728960990905762 seconds
MIP Gap: 0.001174554440193
Nodes: 0
Best Objective: 728843.706109888385981
Incumbent Obj:  729700.779400345170870
Detecting symmetries...
      0     0   729105.8718   369   729700.7794     Cuts: 150     4077    0.08%
      0     0   729224.0161   369   729700.7794     Cuts: 106     4261    0.07%
*     0+    0                       729616.2163   729224.0161             0.05%
      0     0  -1.00000e+75     0   729616.2163   729224.0161     4261    0.05%
Detecting symmetries...

Repeating presolve.
Tried aggregator 3 times.
MIP Presolve eliminated 2 rows and 7412 columns.
MIP Presolve added 128 rows and 0 columns.
MIP Presolve modified 86 coefficients.
Aggregator did 776 substitutions.
Reduced MIP has 2133 rows, 9120 columns, and 18544 nonzeros.
Reduced MIP has 9120 binaries, 0 generals, 0 SOSs, and 0 indicators.
Presolve time = 0.09 sec. (43.32 ticks)
Probing time = 0.02 sec. (2.23 ticks)
Tried aggregator 1 time.
Detecting symmetries...
Reduced MIP has 2133 rows, 9120 columns, and 18544 nonzeros.
Reduced MIP has 9120 binaries, 0 generals, 0 SOSs, and 0 indicators.
Presolve time = 0.03 sec. (12.72 ticks)
Represolve time = 4.79 sec. (2806.46 ticks)
Probing time = 0.02 sec. (2.23 ticks)
Clique table members: 11233.
MIP emphasis: balance optimality and feasibility.
MIP search method: dynamic search.
Parallel mode: deterministic, using up to 32 threads.
Root relaxation solution time = 0.30 sec. (118.58 ticks)

        Nodes                                         Cuts/
   Node  Left     Objective  IInf  Best Integer    Best Bound    ItCnt     Gap

*     0+    0                       729616.2163   729224.0161             0.05%
      0     0   729224.0508   880   729616.2163   729224.0508     7750    0.05%
Time: 168.330559968948364 seconds
MIP Gap: 0.000537495649901
Nodes: 0
Best Objective: 729224.050766741158441
Incumbent Obj:  729616.216309104813263
      0     0   729299.6211   880   729616.2163      Cuts: 86     7843    0.04%
      0     0   729341.5338   880   729616.2163      Cuts: 54     7920    0.04%
      0     0   729373.2628   880   729616.2163      Cuts: 47     7991    0.03%
      0     0   729387.2664   880   729616.2163      Cuts: 28     8042    0.03%
      0     0   729406.6612   880   729616.2163      Cuts: 29     8087    0.03%
      0     0   729417.8234   880   729616.2163      Cuts: 35     8120    0.03%
Detecting symmetries...
Time: 259.036150932312012 seconds
MIP Gap: 0.000271914081332
Nodes: 0
Best Objective: 729417.823385921888985
Incumbent Obj:  729616.216309104813263
      0     2   729417.8234   638   729616.2163   729417.8234     8120    0.03%
Elapsed time = 260.06 sec. (19644.74 ticks, tree = 0.02 MB, solutions = 5)
*    12+    2                       729602.6439   729419.0641             0.03%
     16    13   729448.7170   476   729602.6439   729419.0641     8326    0.03%
Time: 266.755111932754517 seconds
MIP Gap: 0.000245761181306
Nodes: 14
Best Objective: 729423.335880052880384
Incumbent Obj:  729602.643887698650360
     18    15   729503.5086   460   729602.6439   729423.3359     8357    0.02%
     27    23   729578.0956   404   729602.6439   729448.7343     8727    0.02%
Time: 276.532928943634033 seconds
MIP Gap: 0.000099902106502
Nodes: 35
Best Objective: 729529.755046665086411
Incumbent Obj:  729602.643887698650360
     34    28   729557.7404   354   729602.6439   729453.0541     9056    0.02%

Clique cuts applied:  1712
Cover cuts applied:  352
Implied bound cuts applied:  1
Flow cuts applied:  74
Mixed integer rounding cuts applied:  545
Zero-half cuts applied:  153
Multi commodity flow cuts applied:  43
Lift and project cuts applied:  5
Gomory fractional cuts applied:  58

Root node processing (before b&c):
  Real time             =  232.62 sec. (19884.72 ticks)
Parallel b&c, 32 threads:
  Real time             =   45.60 sec. (4896.48 ticks)
  Sync time (average)   =   13.33 sec.
  Wait time (average)   =    0.00 sec.
                          ------------
Total (root+branch&cut) =  278.22 sec. (24781.20 ticks)
 ------------------------------------ 

Iteration Post-Optimization: 6
Size of neighborhood: 1
Problem type: CPMP
Value of p: 150
Number of facilities: 2392
Number of customers: 2392
Weighted Objective Function: false
Capacity Model: true
Binary Model: true
Cover Model: false
[INFO] Adding Objective Function 
SUM (dij * xij)
[INFO] Adding Demand Satisfied Constraints 
[INFO] Adding p Locations Constraints 
[INFO] Adding Max Capacity Constraints 
[INFO] Adding Max Distance Constraints 
Threshold Distance: 1035.917467755033158
[INFO] Adding Max Neighbors Constraints from Solution
Max Neighbors from solution: 1
[INFO] Adding MIP start solution
Gap Cplex Reports: gap_Bin_service_pr2392_150_p_150_EXACT_CPMP_BIN.csv
Generating reports cplex callbacks...Using BreakCallback...
Version identifier: 12.10.0.0 | 2019-11-26 | 843d4de
CPXPARAM_TimeLimit                               1488
CPXPARAM_MIP_Tolerances_LowerCutoff              730977.49122631946
1 of 2 MIP starts provided solutions.
MIP start 'm1' defined initial solution with objective 734141.0295.
Tried aggregator 3 times.
MIP Presolve eliminated 5583530 rows and 5706687 columns.
MIP Presolve added 1 rows and 0 columns.
MIP Presolve modified 43 coefficients.
Aggregator did 61 substitutions.
Reduced MIP has 2783 rows, 17308 columns, and 34916 nonzeros.
Reduced MIP has 17308 binaries, 0 generals, 0 SOSs, and 0 indicators.
Presolve time = 8.97 sec. (5946.16 ticks)
Tried aggregator 1 time.
Detecting symmetries...
Reduced MIP has 2783 rows, 17308 columns, and 34916 nonzeros.
Reduced MIP has 17308 binaries, 0 generals, 0 SOSs, and 0 indicators.
Presolve time = 0.06 sec. (23.97 ticks)
Probing time = 0.03 sec. (4.96 ticks)
Clique table members: 19549.
MIP emphasis: balance optimality and feasibility.
MIP search method: dynamic search.
Parallel mode: deterministic, using up to 32 threads.
Root relaxation solution time = 0.05 sec. (20.84 ticks)

        Nodes                                         Cuts/
   Node  Left     Objective  IInf  Best Integer    Best Bound    ItCnt     Gap

*     0+    0                       734141.0295    16041.1157            97.81%
      0     0   658469.6064   369   734141.0295   658469.6064      528   10.31%
Time: 128.329288005828857 seconds
MIP Gap: 0.103074777376100
Nodes: 0
Best Objective: 658469.606351514463313
Incumbent Obj:  734141.029533322551288
      0     0   692989.8195   369   734141.0295     Cuts: 795     1502    5.61%
      0     0   717718.8603   369   734141.0295     Cuts: 795     2413    2.24%
      0     0   726356.4941   369   734141.0295     Cuts: 795     3186    1.06%
      0     0   728579.0326   369   734141.0295     Cuts: 795     3654    0.76%
      0     0   728843.7061   369   734141.0295     Cuts: 238     3883    0.72%
*     0+    0                       730138.9196   728843.7061             0.18%
*     0+    0                       729765.0961   728843.7061             0.13%
*     0+    0                       729700.7794   728843.7061             0.12%
      0     0  -1.00000e+75     0   729700.7794   728843.7061     3883    0.12%
Time: 148.499250888824463 seconds
MIP Gap: 0.001174554440193
Nodes: 0
Best Objective: 728843.706109888385981
Incumbent Obj:  729700.779400345170870
Detecting symmetries...
      0     0   729105.8718   369   729700.7794     Cuts: 150     4077    0.08%
Time: 153.557846069335938 seconds
MIP Gap: 0.000815276060959
Nodes: 0
Best Objective: 729105.871823236695491
Incumbent Obj:  729700.779400345170870
      0     0   729224.0161   369   729700.7794     Cuts: 106     4261    0.07%
*     0+    0                       729616.2163   729224.0161             0.05%
      0     0  -1.00000e+75     0   729616.2163   729224.0161     4261    0.05%
Detecting symmetries...

Repeating presolve.
Tried aggregator 3 times.
MIP Presolve eliminated 2 rows and 7412 columns.
MIP Presolve added 128 rows and 0 columns.
MIP Presolve modified 86 coefficients.
Aggregator did 776 substitutions.
Reduced MIP has 2133 rows, 9120 columns, and 18544 nonzeros.
Reduced MIP has 9120 binaries, 0 generals, 0 SOSs, and 0 indicators.
Presolve time = 0.09 sec. (43.32 ticks)
Probing time = 0.02 sec. (2.23 ticks)
Tried aggregator 1 time.
Detecting symmetries...
Reduced MIP has 2133 rows, 9120 columns, and 18544 nonzeros.
Reduced MIP has 9120 binaries, 0 generals, 0 SOSs, and 0 indicators.
Presolve time = 0.03 sec. (12.72 ticks)
Represolve time = 4.39 sec. (2806.46 ticks)
Probing time = 0.02 sec. (2.23 ticks)
Clique table members: 11233.
MIP emphasis: balance optimality and feasibility.
MIP search method: dynamic search.
Parallel mode: deterministic, using up to 32 threads.
Root relaxation solution time = 0.27 sec. (118.58 ticks)

        Nodes                                         Cuts/
   Node  Left     Objective  IInf  Best Integer    Best Bound    ItCnt     Gap

*     0+    0                       729616.2163   729224.0161             0.05%
      0     0   729224.0508   880   729616.2163   729224.0508     7750    0.05%
Time: 171.776011943817139 seconds
MIP Gap: 0.000537495649901
Nodes: 0
Best Objective: 729224.050766741158441
Incumbent Obj:  729616.216309104813263
      0     0   729299.6211   880   729616.2163      Cuts: 86     7843    0.04%
      0     0   729341.5338   880   729616.2163      Cuts: 54     7920    0.04%
      0     0   729373.2628   880   729616.2163      Cuts: 47     7991    0.03%
      0     0   729387.2664   880   729616.2163      Cuts: 28     8042    0.03%
      0     0   729406.6612   880   729616.2163      Cuts: 29     8087    0.03%
      0     0   729417.8234   880   729616.2163      Cuts: 35     8120    0.03%
Detecting symmetries...
Time: 262.316993951797485 seconds
MIP Gap: 0.000271914081332
Nodes: 0
Best Objective: 729417.823385921888985
Incumbent Obj:  729616.216309104813263
      0     2   729417.8234   638   729616.2163   729417.8234     8120    0.03%
Elapsed time = 263.14 sec. (19644.74 ticks, tree = 0.02 MB, solutions = 5)
*    12+    2                       729602.6439   729419.0641             0.03%
     16    13   729448.7170   476   729602.6439   729419.0641     8326    0.03%
     18    15   729503.5086   460   729602.6439   729423.3359     8357    0.02%
Time: 267.490093946456909 seconds
MIP Gap: 0.000210949849280
Nodes: 23
Best Objective: 729448.734319935902022
Incumbent Obj:  729602.643887698650360
     27    23   729578.0956   404   729602.6439   729448.7343     8727    0.02%
Time: 276.121707916259766 seconds
MIP Gap: 0.000099902106502
Nodes: 35
Best Objective: 729529.755046665086411
Incumbent Obj:  729602.643887698650360
     34    28   729557.7404   354   729602.6439   729453.0541     9056    0.02%

Clique cuts applied:  1712
Cover cuts applied:  352
Implied bound cuts applied:  1
Flow cuts applied:  74
Mixed integer rounding cuts applied:  545
Zero-half cuts applied:  153
Multi commodity flow cuts applied:  43
Lift and project cuts applied:  5
Gomory fractional cuts applied:  58

Root node processing (before b&c):
  Real time             =  235.90 sec. (19884.72 ticks)
Parallel b&c, 32 threads:
  Real time             =   41.98 sec. (4896.48 ticks)
  Sync time (average)   =   10.00 sec.
  Wait time (average)   =    0.00 sec.
                          ------------
Total (root+branch&cut) =  277.87 sec. (24781.20 ticks)
 ------------------------------------ 

Iteration Post-Optimization: 7
Size of neighborhood: 1
Problem type: CPMP
Value of p: 150
Number of facilities: 2392
Number of customers: 2392
Weighted Objective Function: false
Capacity Model: true
Binary Model: true
Cover Model: false
[INFO] Adding Objective Function 
SUM (dij * xij)
[INFO] Adding Demand Satisfied Constraints 
[INFO] Adding p Locations Constraints 
[INFO] Adding Max Capacity Constraints 
[INFO] Adding Max Distance Constraints 
Threshold Distance: 1035.917467755033158
[INFO] Adding Max Neighbors Constraints from Solution
Max Neighbors from solution: 1
[INFO] Adding MIP start solution
Gap Cplex Reports: gap_Bin_service_pr2392_150_p_150_EXACT_CPMP_BIN.csv
Generating reports cplex callbacks...Using BreakCallback...
Version identifier: 12.10.0.0 | 2019-11-26 | 843d4de
CPXPARAM_TimeLimit                               1488
CPXPARAM_MIP_Tolerances_LowerCutoff              730977.49122631946
