Debug: configOverride contents: IsWeighted_ObjFunc add_break_callback add_generate_reports add_threshold_distance_rssv bw_multiplier capacities cover_mode coverages cust_max_id distance_matrix loc_max_id max_ite_subprob_rssv method method_post_opt method_rssv_fp method_rssv_sp output p seed service size_subproblems_rssv subarea threads time time_cplex time_subprob_rssv weights 
Loading instance...
Scanning input data...
Distance matrix dimensions: 3039 x 3039 = 9235521
Elapsed time: 0 ms

Loading weights...
Skipped line: customer weight coord_x coord_y
Loaded 3038 weights
Loaded 3038 coordinates
Total customer demand: 153240.00
Elapsed time: 43 ms

Loading capacities...
Skipped line: location capacity coord_x coord_y
Loaded 3038 capacities
Loaded 3038 coordinates
Elapsed time: 17 ms

Loading distance matrix...
Computing euclidian distances...
bw multiplier: 0.50
Loaded 9232482 distances
dists stdev: 862.93
bandwidth h: 18.49
locations: 3038
customers: 3038
p: 1000
Elapsed time: 309 ms

[INFO] Instance loaded
loc_max_id: 3038
loc_cnt: 3038
service: p3038_1000
cust_max_id: 3038
cust_cnt: 3038
unweighted obj function
p: 1000
total_demand: 153240.00


srun: Job step aborted: Waiting up to 32 seconds for job step to finish.
slurmstepd: error: *** JOB 902080 ON gaia CANCELLED AT 2024-08-26T15:38:04 ***
slurmstepd: error: *** STEP 902080.0 ON gaia CANCELLED AT 2024-08-26T15:38:04 ***
