Debug: configOverride contents: IsWeighted_ObjFunc add_break_callback add_generate_reports add_threshold_distance_rssv bw_multiplier capacities cover_mode coverages cust_max_id distance_matrix loc_max_id max_ite_subprob_rssv method method_post_opt method_rssv_fp method_rssv_sp output p seed service size_subproblems_rssv subarea threads time time_cplex time_subprob_rssv weights 
Loading instance...
Scanning input data...
Distance matrix dimensions: 4462 x 4462 = 19909444
Elapsed time: 0 ms

Loading weights...
Skipped line: customer weight coord_x coord_y
Loaded 4461 weights
Loaded 4461 coordinates
Total customer demand: 224395.00
Elapsed time: 11 ms

Loading capacities...
Skipped line: location capacity coord_x coord_y
Loaded 4461 capacities
Loaded 4461 coordinates
Elapsed time: 7 ms

Loading distance matrix...
Computing euclidian distances...
bw multiplier: 0.50
Loaded 19904982 distances
dists stdev: 954.33
bandwidth h: 17.53
locations: 4461
customers: 4461
p: 100
Elapsed time: 694 ms

[INFO] Instance loaded
loc_max_id: 4461
loc_cnt: 4461
service: fnl4461_0100
cust_max_id: 4461
cust_cnt: 4461
unweighted obj function
p: 100
total_demand: 224395.00


-------------------------------------------------


-------------------------------------------------
RSSV heuristic 
-------------------------------------------------
method subproblems: TB_PMP
method final problem: EXACT_CPMP_BIN
-------------------------------------------------
RSSV running...
cPMP size (N): 4461
sub-cPMP size (n): 1784
Subproblems cnt (M): 12
p: 100
Seed: 24
Time limit for subproblems: 300.00

thread cnt: 20

Thread 1 created with seed 25
Thread 2 created with seed 26
Thread 3 created with seed 27
Solving sub-PMP 1/12...
Thread 4 created with seed 28
Solving sub-PMP 2/12...
Solving sub-PMP 3/12...
Thread 5 created with seed 29
Solving sub-PMP 4/12...
Thread 6 created with seed 30
uncapacitated TB started
Thread 7 created with seed 31
Thread 8 created with seed 32
uncapacitated TB started
Thread 9 created with seed 33
Thread 10 created with seed 34
Thread 11 created with seed 35
uncapacitated TB started
uncapacitated TB started
Thread 12 created with seed 36
Solving sub-PMP 12/12...
Solving sub-PMP 11/12...
uncapacitated TB started
uncapacitated TB started
Solving sub-PMP 10/12...
uncapacitated TB started
Solving sub-PMP 8/12...
[INFO] Uncapacitated TB local search started
uncapacitated TB started
[INFO] Uncapacitated TB local search started
[INFO] Uncapacitated TB local search started
[INFO] Uncapacitated TB local search started
[INFO] Uncapacitated TB local search started
Solving sub-PMP Solving sub-PMP 6/712/12...
...
Solving sub-PMP 9/12...
uncapacitated TB started
uncapacitated TB started
Solving sub-PMP 5/12...
uncapacitated TB started
uncapacitated TB started
[INFO] Uncapacitated TB local search started
[INFO] Uncapacitated TB local search started
[INFO] Uncapacitated TB local search started
[INFO] Uncapacitated TB local search started
[INFO] Uncapacitated TB local search started
[INFO] Uncapacitated TB local search started
[INFO] Uncapacitated TB local search started

[INFO] Time limit reached. Stopping the algorithm.
TB elapsed time: 300.00 seconds
Num ite total uncapacited TB: 41
tb solution is feasible

[INFO] Time limit reached. Stopping the algorithm.
TB elapsed time: 300.00 seconds
Num ite total uncapacited TB: 42
tb solution is feasible

[INFO] Time limit reached. Stopping the algorithm.
TB elapsed time: 300.00 seconds
Num ite total uncapacited TB: 42
tb solution is feasible

[INFO] Time limit reached. Stopping the algorithm.
TB elapsed time: 300.01 seconds
Num ite total uncapacited TB: 48
tb solution is feasible

[INFO] Time limit reached. Stopping the algorithm.
TB elapsed time: 300.01 seconds
Num ite total uncapacited TB: 41
tb solution is feasible

[INFO] Time limit reached. Stopping the algorithm.
TB elapsed time: 300.01 seconds
Num ite total uncapacited TB: 43
tb solution is feasible

[INFO] Time limit reached. Stopping the algorithm.
TB elapsed time: 300.00 seconds
Num ite total uncapacited TB: 37
tb solution is feasible

[INFO] Time limit reached. Stopping the algorithm.
TB elapsed time: 300.01 seconds
Num ite total uncapacited TB: 46
tb solution is feasible

[INFO] Time limit reached. Stopping the algorithm.
TB elapsed time: 300.00 seconds
Num ite total uncapacited TB: 40
tb solution is feasible

[INFO] Time limit reached. Stopping the algorithm.
TB elapsed time: 300.00 seconds
Num ite total uncapacited TB: 43
tb solution is feasible

[INFO] Time limit reached. Stopping the algorithm.
TB elapsed time: 300.01 seconds
Num ite total uncapacited TB: 38
tb solution is feasible

[INFO] Time limit reached. Stopping the algorithm.
TB elapsed time: 300.01 seconds
Num ite total uncapacited TB: 39
tb solution is feasible
[INFO] All subproblems solved.

Elapsed time: 300295 ms


Stats: 
Max dist: 665.19
Min dist: 0.00
avg of Avg dists: 146.19
avg Std dev dist: 76.87

First 1784 voting weights (sorted): 2034(4.00) 4092(3.00) 453(3.00) 2072(3.00) 3115(3.00) 306(3.00) 3223(3.00) 1203(3.00) 3456(3.00) 3087(3.00) 2106(3.00) 4148(3.00) 565(2.27) 2275(2.27) 2002(2.27) 3461(2.16) 1400(2.15) 1434(2.15) 1413(2.08) 928(2.07) 1224(2.07) 504(2.06) 338(2.04) 966(2.04) 2586(2.04) 19(2.04) 2266(2.04) 3649(2.03) 3704(2.00) 1532(2.00) 2598(2.00) 124(2.00) 326(2.00) 624(2.00) 3441(2.00) 3229(2.00) 1616(2.00) 626(2.00) 3230(2.00) 3000(2.00) 126(2.00) 1432(2.00) 1350(2.00) 1804(2.00) 2818(2.00) 2588(2.00) 1641(2.00) 2873(2.00) 2130(2.00) 1046(2.00) 1747(2.00) 2032(2.00) 2026(2.00) 1638(2.00) 4072(2.00) 632(2.00) 2629(2.00) 1476(2.00) 3055(2.00) 2670(2.00) 3576(2.00) 4062(2.00) 91(2.00) 3578(2.00) 4139(2.00) 872(2.00) 3473(2.00) 4214(2.00) 4221(2.00) 750(2.00) 2979(2.00) 4053(2.00) 1449(2.00) 554(2.00) 107(2.00) 1397(2.00) 4142(2.00) 3592(2.00) 1539(2.00) 965(2.00) 584(2.00) 3783(2.00) 2161(2.00) 3748(2.00) 225(2.00) 224(2.00) 3681(2.00) 1026(2.00) 1265(2.00) 2919(2.00) 3371(2.00) 3781(2.00) 3925(2.00) 2913(2.00) 2357(2.00) 2796(2.00) 543(2.00) 4436(2.00) 3194(2.00) 1495(2.00) 3931(2.00) 469(2.00) 3666(2.00) 69(2.00) 4451(2.00) 2723(2.00) 2535(2.00) 1610(2.00) 61(2.00) 1278(2.00) 2781(2.00) 3274(2.00) 2940(2.00) 954(2.00) 2277(2.00) 3397(2.00) 4368(2.00) 3144(2.00) 1779(2.00) 270(2.00) 1033(2.00) 3908(1.72) 3891(1.72) 2700(1.55) 597(1.54) 2037(1.54) 2239(1.54) 433(1.52) 419(1.52) 2681(1.52) 563(1.52) 1643(1.44) 4054(1.44) 2847(1.37) 1920(1.35) 1418(1.34) 1205(1.34) 1234(1.34) 1394(1.31) 1895(1.27) 701(1.27) 2567(1.27) 153(1.27) 3490(1.27) 364(1.27) 698(1.27) 2564(1.27) 155(1.27) 3525(1.27) 341(1.27) 4377(1.26) 4367(1.24) 2463(1.22) 2874(1.22) 2832(1.22) 2758(1.22) 1300(1.21) 735(1.21) 722(1.21) 3803(1.20) 3816(1.20) 4335(1.18) 2538(1.18) 409(1.18) 1620(1.18) 827(1.18) 1076(1.18) 4331(1.18) 2731(1.18) 2753(1.18) 429(1.18) 3195(1.18) 3174(1.18) 1105(1.18) 858(1.18) 2552(1.18) 1605(1.18) 2474(1.18) 2030(1.18) 2053(1.18) 2740(1.18) 2141(1.18) 2123(1.18) 3699(1.17) 3714(1.17) 1082(1.17) 1283(1.17) 1042(1.17) 888(1.15) 540(1.11) 337(1.09) 1018(1.08) 4373(1.07) 3958(1.07) 4364(1.07) 4388(1.07) 1996(1.07) 3986(1.07) 1946(1.07) 1957(1.07) 285(1.07) 4396(1.07) 1458(1.07) 311(1.07) 17(1.07) 2245(1.07) 2640(1.07) 4332(1.07) 3627(1.07) 2892(1.06) 678(1.06) 3494(1.06) 3140(1.06) 653(1.06) 2928(1.06) 3169(1.06) 3468(1.06) 1002(1.05) 967(1.05) 804(1.05) 1003(1.05) 1749(1.05) 1602(1.05) 1660(1.05) 964(1.05) 1753(1.05) 808(1.05) 4375(1.05) 1066(1.05) 3026(1.05) 3021(1.05) 1061(1.05) 4253(1.04) 4392(1.04) 4406(1.04) 4230(1.04) 4212(1.04) 1766(1.04) 1815(1.04) 1947(1.04) 1352(1.04) 1968(1.04) 1693(1.04) 4225(1.04) 1676(1.04) 4246(1.04) 1520(1.04) 1470(1.04) 1665(1.04) 1377(1.04) 1721(1.04) 4320(1.04) 2517(1.04) 3696(1.03) 1179(1.03) 1860(1.03) 1906(1.03) 4359(1.03) 988(1.03) 1629(1.03) 244(1.03) 970(1.03) 249(1.03) 2356(1.03) 3709(1.03) 2342(1.03) 1688(1.03) 1121(1.03) 3437(1.03) 2455(1.03) 2531(1.03) 2505(1.03) 3417(1.03) 4328(1.03) 2513(1.03) 1216(1.00) 2313(1.00) 1215(1.00) 1275(1.00) 366(1.00) 1193(1.00) 1221(1.00) 1223(1.00) 2309(1.00) 1239(1.00) 385(1.00) 2308(1.00) 1231(1.00) 2362(1.00) 386(1.00) 1199(1.00) 372(1.00) 2323(1.00) 393(1.00) 1736(1.00) 2321(1.00) 1208(1.00) 2320(1.00) 2319(1.00) 379(1.00) 2345(1.00) 2352(1.00) 2328(1.00) 1257(1.00) 1723(1.00) 2329(1.00) 1732(1.00) 1252(1.00) 1272(1.00) 1214(1.00) 368(1.00) 3244(1.00) 3235(1.00) 2489(1.00) 3232(1.00) 2487(1.00) 2484(1.00) 3228(1.00) 3227(1.00) 3226(1.00) 2480(1.00) 3225(1.00) 2478(1.00) 1191(1.00) 3222(1.00) 3220(1.00) 2470(1.00) 3209(1.00) 1492(1.00) 440(1.00) 1488(1.00) 1487(1.00) 1480(1.00) 436(1.00) 1478(1.00) 1698(1.00) 1471(1.00) 452(1.00) 50(1.00) 3325(1.00) 466(1.00) 2532(1.00) 3308(1.00) 2528(1.00) 2526(1.00) 2525(1.00) 3297(1.00) 3294(1.00) 3291(1.00) 3282(1.00) 3281(1.00) 1687(1.00) 1682(1.00) 2512(1.00) 3265(1.00) 460(1.00) 3257(1.00) 1685(1.00) 458(1.00) 2503(1.00) 2501(1.00) 3248(1.00) 3246(1.00) 3245(1.00) 2497(1.00) 2516(1.00) 1353(1.00) 1348(1.00) 1344(1.00) 1342(1.00) 1338(1.00) 2392(1.00) 1337(1.00) 2389(1.00) 1333(1.00) 1331(1.00) 406(1.00) 1715(1.00) 1699(1.00) 2380(1.00) 2378(1.00) 1299(1.00) 403(1.00) 1295(1.00) 1294(1.00) 2373(1.00) 402(1.00) 2370(1.00) 1285(1.00) 2368(1.00) 1281(1.00) 1280(1.00) 2381(1.00) 1462(1.00) 2447(1.00) 1443(1.00) 1700(1.00) 2443(1.00) 2440(1.00) 1431(1.00) 1427(1.00) 1415(1.00) 1702(1.00) 1408(1.00) 422(1.00) 2424(1.00) 1358(1.00) 2421(1.00) 2420(1.00) 1396(1.00) 418(1.00) 2414(1.00) 417(1.00) 1709(1.00) 1385(1.00) 1378(1.00) 2406(1.00) 1369(1.00) 1367(1.00) 414(1.00) 1398(1.00) 790(1.00) 785(1.00) 784(1.00) 782(1.00) 2020(1.00) 2019(1.00) 1814(1.00) 779(1.00) 1816(1.00) 2014(1.00) 769(1.00) 2009(1.00) 2006(1.00) 758(1.00) 1677(1.00) 1999(1.00) 1825(1.00) 749(1.00) 1993(1.00) 1991(1.00) 740(1.00) 30(1.00) 733(1.00) 28(1.00) 1985(1.00) 727(1.00) 726(1.00) 1830(1.00) 709(1.00) 1976(1.00) 33(1.00) 845(1.00) 1800(1.00) 2079(1.00) 106(1.00) 104(1.00) 842(1.00) 841(1.00) 840(1.00) 2068(1.00) 835(1.00) 2065(1.00) 829(1.00) 824(1.00) 821(1.00) 2027(1.00) 2054(1.00) 815(1.00) 2050(1.00) 2049(1.00) 1810(1.00) 810(1.00) 809(1.00) 99(1.00) 802(1.00) 800(1.00) 2038(1.00) 797(1.00) 796(1.00) 1812(1.00) 2028(1.00) 817(1.00) 252(1.00) 1852(1.00) 1914(1.00) 242(1.00) 1907(1.00) 218(1.00) 211(1.00) 210(1.00) 1898(1.00) 209(1.00) 1891(1.00) 1890(1.00) 194(1.00) 1856(1.00) 335(1.00) 1886(1.00) 184(1.00) 1884(1.00) 47(1.00) 1882(1.00) 171(1.00) 170(1.00) 167(1.00) 72(1.00) 1872(1.00) 67(1.00) 66(1.00) 62(1.00) 60(1.00) 1864(1.00) 46(1.00) 333(1.00) 327(1.00) 1831(1.00) 320(1.00) 25(1.00) 1964(1.00) 1834(1.00) 1962(1.00) 317(1.00) 24(1.00) 304(1.00) 303(1.00) 20(1.00) 299(1.00) 1921(1.00) 293(1.00) 291(1.00) 1840(1.00) 288(1.00) 1941(1.00) 287(1.00) 283(1.00) 6(1.00) 275(1.00) 274(1.00) 1930(1.00) 4(1.00) 263(1.00) 261(1.00) 38(1.00) 298(1.00) 1090(1.00) 1089(1.00) 2241(1.00) 1087(1.00) 1080(1.00) 1077(1.00) 1069(1.00) 165(1.00) 1068(1.00) 1063(1.00) 2225(1.00) 1059(1.00) 1055(1.00) 1053(1.00) 2082(1.00) 1761(1.00) 1050(1.00) 1048(1.00) 2217(1.00) 2214(1.00) 1762(1.00) 1039(1.00) 1035(1.00) 1764(1.00) 2202(1.00) 2201(1.00) 1028(1.00) 1023(1.00) 1022(1.00) 1768(1.00) 1052(1.00) 1189(1.00) 2303(1.00) 1180(1.00) 1177(1.00) 1176(1.00) 2296(1.00) 2294(1.00) 2293(1.00) 2292(1.00) 1173(1.00) 1743(1.00) 1162(1.00) 1744(1.00) 1158(1.00) 1754(1.00) 2279(1.00) 1145(1.00) 1142(1.00) 2273(1.00) 360(1.00) 1139(1.00) 1129(1.00) 2267(1.00) 1127(1.00) 2262(1.00) 358(1.00) 349(1.00) 1116(1.00) 2254(1.00) 1108(1.00) 1155(1.00) 938(1.00) 132(1.00) 932(1.00) 921(1.00) 2124(1.00) 918(1.00) 1789(1.00) 2117(1.00) 2116(1.00) 2113(1.00) 120(1.00) 903(1.00) 898(1.00) 2108(1.00) 1007(1.00) 895(1.00) 2104(1.00) 116(1.00) 111(1.00) 887(1.00) 883(1.00) 876(1.00) 2094(1.00) 869(1.00) 2092(1.00) 863(1.00) 862(1.00) 847(1.00) 2085(1.00) 2083(1.00) 896(1.00) 1004(1.00) 2187(1.00) 1000(1.00) 997(1.00) 995(1.00) 991(1.00) 2181(1.00) 152(1.00) 2177(1.00) 985(1.00) 984(1.00) 2174(1.00) 983(1.00) 2172(1.00) 133(1.00) 976(1.00) 2164(1.00) 974(1.00) 973(1.00) 2159(1.00) 1777(1.00) 962(1.00) 2151(1.00) 960(1.00) 958(1.00) 2145(1.00) 950(1.00) 949(1.00) 945(1.00) 2136(1.00) 145(1.00) 4015(1.00) 4006(1.00) 2948(1.00) 2947(1.00) 4003(1.00) 2945(1.00) 2944(1.00) 4002(1.00) 3999(1.00) 3995(1.00) 609(1.00) 2936(1.00) 3983(1.00) 3982(1.00) 3782(1.00) 3980(1.00) 3978(1.00) 2930(1.00) 2929(1.00) 3975(1.00) 3973(1.00) 3970(1.00) 3967(1.00) 3961(1.00) 2910(1.00) 3956(1.00) 595(1.00) 3954(1.00) 1578(1.00) 3950(1.00) 2933(1.00) 3003(1.00) 3002(1.00) 636(1.00) 4096(1.00) 4095(1.00) 4094(1.00) 633(1.00) 4087(1.00) 1558(1.00) 1559(1.00) 4066(1.00) 4065(1.00) 627(1.00) 2982(1.00) 4021(1.00) 4059(1.00) 2978(1.00) 4058(1.00) 2975(1.00) 2973(1.00) 4052(1.00) 2971(1.00) 4049(1.00) 2966(1.00) 614(1.00) 2958(1.00) 611(1.00) 4024(1.00) 2955(1.00) 2954(1.00) 2981(1.00) 3862(1.00) 3859(1.00) 2845(1.00) 2843(1.00) 2842(1.00) 3857(1.00) 2840(1.00) 551(1.00) 3848(1.00) 3847(1.00) 3844(1.00) 3839(1.00) 2831(1.00) 2830(1.00) 2904(1.00) 2826(1.00) 1598(1.00) 3817(1.00) 546(1.00) 3809(1.00) 3808(1.00) 3805(1.00) 2815(1.00) 2814(1.00) 2811(1.00) 3796(1.00) 3789(1.00) 3785(1.00) 2806(1.00) 2804(1.00) 3827(1.00) 587(1.00) 2901(1.00) 3947(1.00) 3943(1.00) 586(1.00) 3935(1.00) 3927(1.00) 2893(1.00) 2891(1.00) 2889(1.00) 3923(1.00) 2885(1.00) 3903(1.00) 581(1.00) 3864(1.00) 3900(1.00) 2876(1.00) 3896(1.00) 579(1.00) 573(1.00) 569(1.00) 2864(1.00) 3877(1.00) 2862(1.00) 3872(1.00) 560(1.00) 3869(1.00) 3866(1.00) 2855(1.00) 2854(1.00) 3901(1.00) 3154(1.00) 3153(1.00) 4369(1.00) 4366(1.00) 4357(1.00) 4354(1.00) 3138(1.00) 3137(1.00) 4344(1.00) 1523(1.00) 4342(1.00) 1524(1.00) 3125(1.00) 4327(1.00) 3004(1.00) 4318(1.00) 3119(1.00) 4316(1.00) 693(1.00) 4310(1.00) 3112(1.00) 3111(1.00) 4309(1.00) 4304(1.00) 4302(1.00) 1529(1.00) 688(1.00) 681(1.00) 4275(1.00) 3098(1.00) 4326(1.00) 1503(1.00) 3207(1.00) 4459(1.00) 4457(1.00) 4453(1.00) 3203(1.00) 4452(1.00) 4447(1.00) 1499(1.00) 4441(1.00) 3192(1.00) 4434(1.00) 4433(1.00) 3189(1.00) 4380(1.00) 3187(1.00) 4427(1.00) 4426(1.00) 4423(1.00) 4421(1.00) 1510(1.00) 705(1.00) 4404(1.00) 4393(1.00) 1516(1.00) 4384(1.00) 4383(1.00) 3163(1.00) 700(1.00) 3160(1.00) 1494(1.00) 4175(1.00) 4174(1.00) 4173(1.00) 4171(1.00) 655(1.00) 3039(1.00) 4159(1.00) 4156(1.00) 4155(1.00) 1546(1.00) 651(1.00) 4143(1.00) 650(1.00) 649(1.00) 1534(1.00) 3024(1.00) 4131(1.00) 3020(1.00) 643(1.00) 3018(1.00) 641(1.00) 4120(1.00) 4119(1.00) 4116(1.00) 1553(1.00) 1554(1.00) 4101(1.00) 3007(1.00) 3006(1.00) 4100(1.00) 4133(1.00) 3096(1.00) 4273(1.00) 4269(1.00) 673(1.00) 4262(1.00) 3089(1.00) 4260(1.00) 3084(1.00) 4244(1.00) 3082(1.00) 4238(1.00) 4236(1.00) 665(1.00) 4223(1.00) 4178(1.00) 3068(1.00) 3066(1.00) 3064(1.00) 4201(1.00) 3062(1.00) 3060(1.00) 3059(1.00) 658(1.00) 4192(1.00) 4190(1.00) 4189(1.00) 4187(1.00) 657(1.00) 4180(1.00) 3048(1.00) 1538(1.00) 2644(1.00) 3527(1.00) 3528(1.00) 3531(1.00) 1644(1.00) 3538(1.00) 3542(1.00) 3543(1.00) 3672(1.00) 1651(1.00) 509(1.00) 2725(1.00) 3549(1.00) 1672(1.00) 3667(1.00) 1626(1.00) 3654(1.00) 1627(1.00) 1628(1.00) 2714(1.00) 2653(1.00) 3499(1.00) 2632(1.00) 503(1.00) 2747(1.00) 471(1.00) 473(1.00) 1632(1.00) 3507(1.00) 2636(1.00) 529(1.00) 2729(1.00) 3365(1.00) 3705(1.00) 3368(1.00) 3386(1.00) 3703(1.00) 3700(1.00) 527(1.00) 3687(1.00) 2643(1.00) 524(1.00) 3511(1.00) 1667(1.00) 3621(1.00) 2561(1.00) 3584(1.00) 3586(1.00) 2677(1.00) 3589(1.00) 3591(1.00) 3620(1.00) 2680(1.00) 3640(1.00) 3613(1.00) 475(1.00) 3606(1.00) 521(1.00) 3374(1.00) 3604(1.00) 2689(1.00) 2688(1.00) 3600(1.00) 2565(1.00) 3618(1.00) 3554(1.00) 2660(1.00) 2711(1.00) 3381(1.00) 3555(1.00) 3635(1.00) 3558(1.00) 3560(1.00) 3634(1.00) 3633(1.00) 2560(1.00) 3629(1.00) 2703(1.00) 3561(1.00) 3562(1.00) 1640(1.00) 510(1.00) 2669(1.00) 2702(1.00) 2701(1.00) 3580(1.00) 3379(1.00) 1658(1.00) 2775(1.00) 2774(1.00) 2576(1.00) 3747(1.00) 3350(1.00) 1664(1.00) 3400(1.00) 3423(1.00) 3744(1.00) 3465(1.00) 541(1.00) 3421(1.00) 2615(1.00) 3742(1.00) 3762(1.00) 2596(1.00) 3757(1.00) 2604(1.00) 1612(1.00) 3758(1.00) 3447(1.00) 3450(1.00) 3396(1.00) 2601(1.00) 3759(1.00) 2786(1.00) 2544(1.00) 3339(1.00) 2600(1.00) 3436(1.00) 3750(1.00) 3346(1.00) 2778(1.00) 3455(1.00) 3722(1.00) 2587(1.00) 3483(1.00) 3771(1.00) 3357(1.00) 2585(1.00) 3411(1.00) 2769(1.00) 2800(1.00) 2536(1.00) 2625(1.00) 3719(1.00) 530(1.00) 482(1.00) 3336(1.00) 2743(1.00) 3393(1.00) 2592(1.00) 3351(1.00) 3337(1.00) 3738(1.00) 493(1.00) 2792(1.00) 3734(1.00) 3764(1.00) 499(1.00) 2582(1.00) 1617(1.00) 3726(1.00) 1655(1.00) 3725(1.00) 2620(1.00) 3724(1.00) 3481(1.00) 3733(1.00) 2010(0.83) 319(0.75) 2056(0.73) 5(0.72) 3707(0.72) 3860(0.72) 1267(0.71) 2035(0.63) 484(0.62) 2610(0.56) 532(0.56) 138(0.56) 3127(0.55) 59(0.54) 4213(0.54) 1805(0.54) 2911(0.54) 975(0.52) 2770(0.52) 2075(0.52) 1519(0.52) 1596(0.52) 1115(0.52) 1745(0.52) 3833(0.49) 536(0.49) 4010(0.49) 1853(0.49) 1637(0.49) 3474(0.48) 751(0.45) 1242(0.45) 236(0.42) 3505(0.42) 606(0.42) 1783(0.42) 3594(0.42) 1798(0.39) 3546(0.37) 3544(0.37) 662(0.37) 1511(0.37) 131(0.37) 3240(0.37) 125(0.37) 594(0.37) 87(0.37) 78(0.37) 220(0.37) 1165(0.34) 57(0.34) 4118(0.32) 1514(0.32) 3637(0.31) 3885(0.30) 2000(0.29) 2226(0.28) 3369(0.27) 2274(0.27) 4048(0.27) 2171(0.27) 615(0.27) 1368(0.27) 1625(0.27) 388(0.27) 1(0.27) 3922(0.27) 2437(0.27) 150(0.27) 1765(0.27) 3301(0.27) 154(0.27) 1226(0.27) 4222(0.27) 4446(0.27) 2546(0.27) 548(0.27) 4277(0.27) 2263(0.27) 1600(0.27) 2789(0.27) 1604(0.27) 4132(0.27) 3158(0.27) 2698(0.27) 2125(0.27) 3375(0.27) 2963(0.27) 1255(0.27) 1308(0.27) 4166(0.27) 4387(0.26) 3353(0.25) 2063(0.25) 2012(0.25) 4034(0.25) 3674(0.25) 1335(0.24) 1710(0.24) 604(0.24) 2445(0.24) 1036(0.24) 1900(0.24) 1879(0.24) 3632(0.24) 37(0.24) 3905(0.24) 3135(0.24) 1190(0.24) 2312(0.24) 2782(0.24) 1741(0.23) 3388(0.22) 4352(0.22) 517(0.21) 2295(0.21) 3721(0.21) 4413(0.21) 1525(0.21) 23(0.21) 4279(0.21) 1585(0.21) 2251(0.21) 553(0.21) 3147(0.21) 596(0.21) 959(0.21) 2628(0.21) 3017(0.21) 255(0.21) 137(0.21) 3180(0.21) 1459(0.21) 1388(0.21) 508(0.21) 982(0.21) 1186(0.21) 3939(0.21) 312(0.21) 1044(0.21) 812(0.21) 1371(0.21) 502(0.21) 1031(0.21) 836(0.21) 3723(0.20) 21(0.20) 201(0.20) 3638(0.20) 3716(0.20) 2170(0.20) 1168(0.19) 3959(0.19) 40(0.18) 745(0.18) 3290(0.18) 3072(0.18) 4193(0.18) 2363(0.18) 3326(0.18) 605(0.18) 437(0.18) 3990(0.18) 3413(0.18) 2067(0.18) 544(0.18) 430(0.18) 108(0.18) 2206(0.18) 3009(0.18) 3249(0.18) 2844(0.18) 910(0.18) 1202(0.18) 2557(0.18) 710(0.18) 3960(0.18) 450(0.18) 1122(0.18) 799(0.18) 1111(0.18) 1845(0.18) 3828(0.18) 128(0.18) 1429(0.18) 3438(0.18) 671(0.18) 1107(0.18) 271(0.18) 3267(0.18) 1260(0.18) 390(0.18) 1024(0.18) 3919(0.18) 3966(0.18) 968(0.18) 952(0.18) 1311(0.18) 3879(0.18) 4030(0.18) 387(0.18) 346(0.18) 818(0.18) 803(0.18) 4176(0.18) 3050(0.18) 2492(0.18) 694(0.18) 4313(0.18) 3108(0.18) 329(0.18) 4272(0.18) 2291(0.18) 721(0.18) 2314(0.18) 1982(0.18) 213(0.18) 3669(0.18) 88(0.17) 3307(0.17) 1878(0.17) 2851(0.17) 118(0.17) 3460(0.16) 3899(0.15) 1648(0.15) 2306(0.15) 2708(0.15) 1713(0.15) 1808(0.15) 4098(0.15) 486(0.15) 1390(0.13) 3090(0.13) 931(0.13) 783(0.13) 3607(0.13) 4022(0.13) 860(0.13) 1045(0.12) 1681(0.11) 3769(0.11) 2102(0.11) 2055(0.11) 227(0.11) 323(0.11) 2272(0.11) 1636(0.11) 4060(0.11) 1157(0.10) 1818(0.10) 3780(0.09) 228(0.09) 217(0.09) 2846(0.09) 4028(0.09) 248(0.08) 2768(0.08) 3256(0.08) 136(0.08) 3185(0.08) 3800(0.08) 535(0.07) 1566(0.07) 44(0.07) 537(0.07) 635(0.07) 1772(0.07) 1809(0.07) 1820(0.07) 439(0.07) 1692(0.07) 1401(0.07) 2412(0.07) 4317(0.07) 1359(0.07) 4289(0.07) 3812(0.07) 762(0.07) 4286(0.07) 2355(0.07) 1261(0.07) 791(0.07) 813(0.07) 3856(0.07) 3871(0.07) 838(0.07) 3131(0.07) 1196(0.07) 2078(0.07) 2289(0.07) 1161(0.07) 2084(0.07) 2870(0.07) 3914(0.07) 1096(0.07) 4089(0.07) 2232(0.07) 914(0.07) 1067(0.07) 989(0.07) 2964(0.07) 4029(0.07) 839(0.07) 2685(0.07) 4429(0.07) 3605(0.07) 2554(0.07) 1893(0.07) 3652(0.07) 193(0.07) 3321(0.07) 3670(0.07) 1940(0.07) 3260(0.07) 4371(0.07) 3688(0.07) 1502(0.07) 2622(0.07) 207(0.07) 2783(0.07) 3739(0.07) 953(0.07) 1633(0.07) 3463(0.07) 3218(0.07) 3517(0.07) 1326(0.07) 2330(0.07) 980(0.07) 2583(0.07) 1240(0.07) 1021(0.07) 1270(0.07) 1481(0.07) 2998(0.07) 2960(0.07) 4113(0.07) 1409(0.07) 3779(0.06) 3784(0.06) 1306(0.06) 2742(0.06) 2477(0.06) 1724(0.06) 1029(0.06) 2654(0.06) 1236(0.06) 2849(0.06) 1088(0.06) 3349(0.06) 3360(0.06) 1588(0.06) 2271(0.06) 3376(0.06) 3254(0.06) 300(0.06) 639(0.06) 273(0.06) 1849(0.06) 26(0.06) 4082(0.06) 929(0.06) 3104(0.06) 71(0.06) 1797(0.06) 1505(0.06) 3512(0.06) 4033(0.06) 1782(0.06) 151(0.06) 156(0.06) 1767(0.06) 612(0.06) 3882(0.06) 1722(0.05) 2491(0.05) 3143(0.05) 695(0.05) 1963(0.05) 3756(0.05) 394(0.05) 1425(0.05) 4315(0.05) 542(0.05) 3774(0.05) 729(0.05) 27(0.05) 713(0.05) 506(0.05) 2633(0.05) 48(0.05) 4443(0.05) 1635(0.05) 483(0.05) 3389(0.05) 208(0.05) 771(0.05) 1508(0.05) 2559(0.05) 1929(0.05) 278(0.05) 3653(0.05) 462(0.05) 280(0.05) 461(0.05) 1513(0.05) 474(0.05) 4127(0.05) 874(0.05) 2260(0.05) 103(0.05) 4149(0.05) 833(0.05) 1801(0.05) 1098(0.05) 2318(0.05) 166(0.05) 4147(0.05) 1051(0.05) 2903(0.05) 3952(0.05) 659(0.05) 3955(0.05) 1575(0.05) 3988(0.05) 990(0.05) 781(0.05) 2143(0.05) 2077(0.05) 2750(0.05) 2763(0.05) 3941(0.05) 2112(0.05) 265(0.05) 2119(0.05) 3406(0.05) 1178(0.05) 777(0.05) 3841(0.05) 3811(0.05) 1298(0.05) 1343(0.05) 2167(0.05) 4343(0.05) 1073(0.04) 1305(0.04) 246(0.04) 2819(0.04) 1491(0.04) 2580(0.04) 531(0.04) 2371(0.04) 185(0.04) 2591(0.04) 629(0.04) 1008(0.04) 4264(0.04) 2007(0.04) 3489(0.04) 1258(0.04) 82(0.04) 1954(0.04) 4382(0.04) 1966(0.04) 3683(0.04) 1119(0.04) 737(0.04) 4195(0.04) 2790(0.04) 2115(0.04) 1166(0.04) 1645(0.04) 2871(0.04) 2717(0.04) 4027(0.04) 376(0.04) 4291(0.04) 3251(0.04) 2627(0.04) 2324(0.04) 3236(0.04) 3532(0.04) 1608(0.04) 3593(0.04) 3875(0.04) 4409(0.04) 516(0.04) 1734(0.04) 3212(0.04) 1210(0.04) 35(0.04) 752(0.04) 1207(0.04) 1671(0.04) 1117(0.04) 2005(0.04) 3422(0.04) 2456(0.04) 1670(0.04) 51(0.04) 174(0.04) 492(0.04) 3895(0.04) 1958(0.04) 2043(0.04) 4231(0.04) 941(0.04) 3280(0.04) 3881(0.04) 943(0.04) 1373(0.04) 4110(0.04) 4099(0.04) 913(0.04) 2836(0.04) 4135(0.04) 2859(0.04) 1151(0.04) 1132(0.04) 956(0.04) 1106(0.04) 1581(0.04) 2925(0.04) 3972(0.04) 1032(0.04) 1025(0.04) 3965(0.04) 1387(0.04) 3508(0.04) 2616(0.04) 3565(0.04) 3567(0.04) 290(0.04) 316(0.04) 1833(0.04) 3330(0.04) 4341(0.04) 2476(0.04) 761(0.04) 1484(0.04) 2914(0.04) 4151(0.04) 4160(0.04) 2052(0.04) 2787(0.04) 2452(0.04) 2776(0.04) 95(0.04) 1807(0.04) 3732(0.04) 905(0.04) 754(0.04) 850(0.04) 2142(0.04) 1841(0.04) 8(0.04) 3027(0.04) 4420(0.04) 253(0.04) 2426(0.04) 3718(0.04) 2496(0.04) 3821(0.04) 3602(0.04) 3372(0.04) 2880(0.04) 4460(0.04) 465(0.04) 1441(0.03) 3071(0.03) 3737(0.03) 4240(0.03) 1479(0.03) 4282(0.03) 2011(0.03) 3720(0.03) 500(0.03) 258(0.03) 689(0.03) 2515(0.03) 2432(0.03) 324(0.03) 4414(0.03) 3575(0.03) 4361(0.03) 4381(0.03) 488(0.03) 3579(0.03) 704(0.03) 2656(0.03) 2250(0.03) 969(0.03) 2984(0.03) 935(0.03) 1006(0.03) 2988(0.03) 917(0.03) 1770(0.03) 3948(0.03) 395(0.03) 1599(0.03) 1040(0.03) 893(0.03) 4123(0.03) 401(0.03) 2372(0.03) 2418(0.03) 843(0.03) 3763(0.03) 399(0.03) 4389(0.03) 3539(0.03) 4437(0.03) 3480(0.03) 146(0.03) 53(0.03) 4390(0.03) 3971(0.03) 381(0.03) 4031(0.03) 296(0.03) 1229(0.03) 3662(0.03) 4086(0.03) 894(0.03) 4274(0.03) 4210(0.03) 4198(0.03) 1407(0.03) 4185(0.03) 3333(0.03) 2494(0.03) 1726(0.03) 1978(0.03) 2242(0.03) 2943(0.03) 2331(0.03) 2994(0.03) 1718(0.03) 2374(0.03) 2721(0.03) 1542(0.03) 2686(0.03) 2404(0.03) 1990(0.03) 2341(0.03) 3208(0.03) 2650(0.00) 2659(0.00) 3552(0.00) 3540(0.00) 3541(0.00) 3551(0.00) 3550(0.00) 2652(0.00) 2658(0.00) 2655(0.00) 3545(0.00) 2657(0.00) 3547(0.00) 3548(0.00) 2651(0.00) 3518(0.00) 3520(0.00) 3521(0.00) 3522(0.00) 3523(0.00) 3524(0.00) 2642(0.00) 3526(0.00) 2645(0.00) 3553(0.00) 3529(0.00) 3530(0.00) 2647(0.00) 2648(0.00) 3533(0.00) 3534(0.00) 3535(0.00) 3536(0.00) 3537(0.00) 2649(0.00) 2646(0.00) 3577(0.00) 2672(0.00) 2673(0.00) 2674(0.00) 3581(0.00) 3582(0.00) 3583(0.00) 2675(0.00) 3585(0.00) 3519(0.00) 3587(0.00) 3588(0.00) 2678(0.00) 3590(0.00) 2679(0.00) 2682(0.00) 2683(0.00) 2684(0.00) 3595(0.00) 3597(0.00) 2676(0.00) 2661(0.00) 3556(0.00) 3557(0.00) 2662(0.00) 3559(0.00) 


Filtered 1784 locations: 2034 4092 453 2072 3115 306 3223 1203 3456 3087 2106 4148 565 2275 2002 3461 1400 1434 1413 928 1224 504 338 966 2586 19 2266 3649 3704 1532 2598 124 326 624 3441 3229 1616 626 3230 3000 126 1432 1350 1804 2818 2588 1641 2873 2130 1046 1747 2032 2026 1638 4072 632 2629 1476 3055 2670 3576 4062 91 3578 4139 872 3473 4214 4221 750 2979 4053 1449 554 107 1397 4142 3592 1539 965 584 3783 2161 3748 225 224 3681 1026 1265 2919 3371 3781 3925 2913 2357 2796 543 4436 3194 1495 3931 469 3666 69 4451 2723 2535 1610 61 1278 2781 3274 2940 954 2277 3397 4368 3144 1779 270 1033 3908 3891 2700 597 2037 2239 433 419 2681 563 1643 4054 2847 1920 1418 1205 1234 1394 1895 701 2567 153 3490 364 698 2564 155 3525 341 4377 4367 2463 2874 2832 2758 1300 735 722 3803 3816 4335 2538 409 1620 827 1076 4331 2731 2753 429 3195 3174 1105 858 2552 1605 2474 2030 2053 2740 2141 2123 3699 3714 1082 1283 1042 888 540 337 1018 4373 3958 4364 4388 1996 3986 1946 1957 285 4396 1458 311 17 2245 2640 4332 3627 2892 678 3494 3140 653 2928 3169 3468 1002 967 804 1003 1749 1602 1660 964 1753 808 4375 1066 3026 3021 1061 4253 4392 4406 4230 4212 1766 1815 1947 1352 1968 1693 4225 1676 4246 1520 1470 1665 1377 1721 4320 2517 3696 1179 1860 1906 4359 988 1629 244 970 249 2356 3709 2342 1688 1121 3437 2455 2531 2505 3417 4328 2513 1216 2313 1215 1275 366 1193 1221 1223 2309 1239 385 2308 1231 2362 386 1199 372 2323 393 1736 2321 1208 2320 2319 379 2345 2352 2328 1257 1723 2329 1732 1252 1272 1214 368 3244 3235 2489 3232 2487 2484 3228 3227 3226 2480 3225 2478 1191 3222 3220 2470 3209 1492 440 1488 1487 1480 436 1478 1698 1471 452 50 3325 466 2532 3308 2528 2526 2525 3297 3294 3291 3282 3281 1687 1682 2512 3265 460 3257 1685 458 2503 2501 3248 3246 3245 2497 2516 1353 1348 1344 1342 1338 2392 1337 2389 1333 1331 406 1715 1699 2380 2378 1299 403 1295 1294 2373 402 2370 1285 2368 1281 1280 2381 1462 2447 1443 1700 2443 2440 1431 1427 1415 1702 1408 422 2424 1358 2421 2420 1396 418 2414 417 1709 1385 1378 2406 1369 1367 414 1398 790 785 784 782 2020 2019 1814 779 1816 2014 769 2009 2006 758 1677 1999 1825 749 1993 1991 740 30 733 28 1985 727 726 1830 709 1976 33 845 1800 2079 106 104 842 841 840 2068 835 2065 829 824 821 2027 2054 815 2050 2049 1810 810 809 99 802 800 2038 797 796 1812 2028 817 252 1852 1914 242 1907 218 211 210 1898 209 1891 1890 194 1856 335 1886 184 1884 47 1882 171 170 167 72 1872 67 66 62 60 1864 46 333 327 1831 320 25 1964 1834 1962 317 24 304 303 20 299 1921 293 291 1840 288 1941 287 283 6 275 274 1930 4 263 261 38 298 1090 1089 2241 1087 1080 1077 1069 165 1068 1063 2225 1059 1055 1053 2082 1761 1050 1048 2217 2214 1762 1039 1035 1764 2202 2201 1028 1023 1022 1768 1052 1189 2303 1180 1177 1176 2296 2294 2293 2292 1173 1743 1162 1744 1158 1754 2279 1145 1142 2273 360 1139 1129 2267 1127 2262 358 349 1116 2254 1108 1155 938 132 932 921 2124 918 1789 2117 2116 2113 120 903 898 2108 1007 895 2104 116 111 887 883 876 2094 869 2092 863 862 847 2085 2083 896 1004 2187 1000 997 995 991 2181 152 2177 985 984 2174 983 2172 133 976 2164 974 973 2159 1777 962 2151 960 958 2145 950 949 945 2136 145 4015 4006 2948 2947 4003 2945 2944 4002 3999 3995 609 2936 3983 3982 3782 3980 3978 2930 2929 3975 3973 3970 3967 3961 2910 3956 595 3954 1578 3950 2933 3003 3002 636 4096 4095 4094 633 4087 1558 1559 4066 4065 627 2982 4021 4059 2978 4058 2975 2973 4052 2971 4049 2966 614 2958 611 4024 2955 2954 2981 3862 3859 2845 2843 2842 3857 2840 551 3848 3847 3844 3839 2831 2830 2904 2826 1598 3817 546 3809 3808 3805 2815 2814 2811 3796 3789 3785 2806 2804 3827 587 2901 3947 3943 586 3935 3927 2893 2891 2889 3923 2885 3903 581 3864 3900 2876 3896 579 573 569 2864 3877 2862 3872 560 3869 3866 2855 2854 3901 3154 3153 4369 4366 4357 4354 3138 3137 4344 1523 4342 1524 3125 4327 3004 4318 3119 4316 693 4310 3112 3111 4309 4304 4302 1529 688 681 4275 3098 4326 1503 3207 4459 4457 4453 3203 4452 4447 1499 4441 3192 4434 4433 3189 4380 3187 4427 4426 4423 4421 1510 705 4404 4393 1516 4384 4383 3163 700 3160 1494 4175 4174 4173 4171 655 3039 4159 4156 4155 1546 651 4143 650 649 1534 3024 4131 3020 643 3018 641 4120 4119 4116 1553 1554 4101 3007 3006 4100 4133 3096 4273 4269 673 4262 3089 4260 3084 4244 3082 4238 4236 665 4223 4178 3068 3066 3064 4201 3062 3060 3059 658 4192 4190 4189 4187 657 4180 3048 1538 2644 3527 3528 3531 1644 3538 3542 3543 3672 1651 509 2725 3549 1672 3667 1626 3654 1627 1628 2714 2653 3499 2632 503 2747 471 473 1632 3507 2636 529 2729 3365 3705 3368 3386 3703 3700 527 3687 2643 524 3511 1667 3621 2561 3584 3586 2677 3589 3591 3620 2680 3640 3613 475 3606 521 3374 3604 2689 2688 3600 2565 3618 3554 2660 2711 3381 3555 3635 3558 3560 3634 3633 2560 3629 2703 3561 3562 1640 510 2669 2702 2701 3580 3379 1658 2775 2774 2576 3747 3350 1664 3400 3423 3744 3465 541 3421 2615 3742 3762 2596 3757 2604 1612 3758 3447 3450 3396 2601 3759 2786 2544 3339 2600 3436 3750 3346 2778 3455 3722 2587 3483 3771 3357 2585 3411 2769 2800 2536 2625 3719 530 482 3336 2743 3393 2592 3351 3337 3738 493 2792 3734 3764 499 2582 1617 3726 1655 3725 2620 3724 3481 3733 2010 319 2056 5 3707 3860 1267 2035 484 2610 532 138 3127 59 4213 1805 2911 975 2770 2075 1519 1596 1115 1745 3833 536 4010 1853 1637 3474 751 1242 236 3505 606 1783 3594 1798 3546 3544 662 1511 131 3240 125 594 87 78 220 1165 57 4118 1514 3637 3885 2000 2226 3369 2274 4048 2171 615 1368 1625 388 1 3922 2437 150 1765 3301 154 1226 4222 4446 2546 548 4277 2263 1600 2789 1604 4132 3158 2698 2125 3375 2963 1255 1308 4166 4387 3353 2063 2012 4034 3674 1335 1710 604 2445 1036 1900 1879 3632 37 3905 3135 1190 2312 2782 1741 3388 4352 517 2295 3721 4413 1525 23 4279 1585 2251 553 3147 596 959 2628 3017 255 137 3180 1459 1388 508 982 1186 3939 312 1044 812 1371 502 1031 836 3723 21 201 3638 3716 2170 1168 3959 40 745 3290 3072 4193 2363 3326 605 437 3990 3413 2067 544 430 108 2206 3009 3249 2844 910 1202 2557 710 3960 450 1122 799 1111 1845 3828 128 1429 3438 671 1107 271 3267 1260 390 1024 3919 3966 968 952 1311 3879 4030 387 346 818 803 4176 3050 2492 694 4313 3108 329 4272 2291 721 2314 1982 213 3669 88 3307 1878 2851 118 3460 3899 1648 2306 2708 1713 1808 4098 486 1390 3090 931 783 3607 4022 860 1045 1681 3769 2102 2055 227 323 2272 1636 4060 1157 1818 3780 228 217 2846 4028 248 2768 3256 136 3185 3800 535 1566 44 537 635 1772 1809 1820 439 1692 1401 2412 4317 1359 4289 3812 762 4286 2355 1261 791 813 3856 3871 838 3131 1196 2078 2289 1161 2084 2870 3914 1096 4089 2232 914 1067 989 2964 4029 839 2685 4429 3605 2554 1893 3652 193 3321 3670 1940 3260 4371 3688 1502 2622 207 2783 3739 953 1633 3463 3218 3517 1326 2330 980 2583 1240 1021 1270 1481 2998 2960 4113 1409 3779 3784 1306 2742 2477 1724 1029 2654 1236 2849 1088 3349 3360 1588 2271 3376 3254 300 639 273 1849 26 4082 929 3104 71 1797 1505 3512 4033 1782 151 156 1767 612 3882 1722 2491 3143 695 1963 3756 394 1425 4315 542 3774 729 27 713 506 2633 48 4443 1635 483 3389 208 771 1508 2559 1929 278 3653 462 280 461 1513 474 4127 874 2260 103 4149 833 1801 1098 2318 166 4147 1051 2903 3952 659 3955 1575 3988 990 781 2143 2077 2750 2763 3941 2112 265 2119 3406 1178 777 3841 3811 1298 1343 2167 4343 1073 1305 246 2819 1491 2580 531 2371 185 2591 629 1008 4264 2007 3489 1258 82 1954 4382 1966 3683 1119 737 4195 2790 2115 1166 1645 2871 2717 4027 376 4291 3251 2627 2324 3236 3532 1608 3593 3875 4409 516 1734 3212 1210 35 752 1207 1671 1117 2005 3422 2456 1670 51 174 492 3895 1958 2043 4231 941 3280 3881 943 1373 4110 4099 913 2836 4135 2859 1151 1132 956 1106 1581 2925 3972 1032 1025 3965 1387 3508 2616 3565 3567 290 316 1833 3330 4341 2476 761 1484 2914 4151 4160 2052 2787 2452 2776 95 1807 3732 905 754 850 2142 1841 8 3027 4420 253 2426 3718 2496 3821 3602 3372 2880 4460 465 1441 3071 3737 4240 1479 4282 2011 3720 500 258 689 2515 2432 324 4414 3575 4361 4381 488 3579 704 2656 2250 969 2984 935 1006 2988 917 1770 3948 395 1599 1040 893 4123 401 2372 2418 843 3763 399 4389 3539 4437 3480 146 53 4390 3971 381 4031 296 1229 3662 4086 894 4274 4210 4198 1407 4185 3333 2494 1726 1978 2242 2943 2331 2994 1718 2374 2721 1542 2686 2404 1990 2341 3208 2650 2659 3552 3540 3541 3551 3550 2652 2658 2655 3545 2657 3547 3548 2651 3518 3520 3521 3522 3523 3524 2642 3526 2645 3553 3529 3530 2647 2648 3533 3534 3535 3536 3537 2649 2646 3577 2672 2673 2674 3581 3582 3583 2675 3585 3519 3587 3588 2678 3590 2679 2682 2683 2684 3595 3597 2676 2661 3556 3557 2662 3559 

Extracted 0 prioritized locations: 

Final instance parameters:
loc_max_id: 4461
loc_cnt: 1784
service: fnl4461_0100
cust_max_id: 4461
cust_cnt: 4461
unweighted obj function
p: 100
total_demand: 224395.00
threshold_dist: 742.07



-------------------------------------------------
Final Problem RSSV heuristic
-------------------------------------------------
    RSSV_EXACT_CPMP_BIN
-------------------------------------------------
Gap Cplex Reports: gap_Bin_service_fnl4461_0100_p_100_RSSV_EXACT_CPMP_BIN.csv
[CALLBACK] Generating reports cplex callbacks...
[CALLBACK] Using BreakCallback...
Time Limit with not improving 1.00% (gap): 300.00 seconds
Time Limit with Gap less than 1%: 180.00 seconds
Default row names c1, c2 ... being created.
Version identifier: 22.1.1.0 | 2022-11-28 | 9160aff4d
CPXPARAM_TimeLimit                               2100
Legacy callback                                  i
Tried aggregator 1 time.
Presolve has eliminated 6973204 rows and 6973204 columns...
MIP Presolve eliminated 6973204 rows and 6973204 columns.
Reduced MIP has 6246 rows, 987004 columns, and 1974008 nonzeros.
Reduced MIP has 987004 binaries, 0 generals, 0 SOSs, and 0 indicators.
Presolve time = 33.51 sec. (10936.32 ticks)
Tried aggregator 1 time.
Detecting symmetries...
Reduced MIP has 6246 rows, 987004 columns, and 1974008 nonzeros.
Reduced MIP has 987004 binaries, 0 generals, 0 SOSs, and 0 indicators.
Presolve time = 7.71 sec. (2011.91 ticks)
Probing time = 4.92 sec. (210.97 ticks)
Clique table members: 989681.
MIP emphasis: balance optimality and feasibility.
MIP search method: dynamic search.
Parallel mode: deterministic, using up to 32 threads.
Root relaxation solution time = 4.90 sec. (960.26 ticks)

        Nodes                                         Cuts/
   Node  Left     Objective  IInf  Best Integer    Best Bound    ItCnt     Gap

*     0+    0                       996041.2715        0.0000           100.00%
*     0+    0                       934004.1295        0.0000           100.00%
*     0+    0                       927490.9970        0.0000           100.00%
      0     0   148703.4132  1764   927490.9970   148703.4132     1792   83.97%
Time: 128.97 seconds
MIP Gap: 0.84
Nodes: 0
Best Objective: 148703.413234513980569
Incumbent Obj:  927490.996961939381436
*     0+    0                       925984.5696   148703.4132            83.94%
Time: 147.350867033004761 seconds
MIP Gap: 0.839410484665560
Nodes: 0
Best Objective: 148703.413234513980569
Incumbent Obj:  925984.569570610765368
      0     0   215448.9547  3834   925984.5696    Cuts: 1661     5841   76.73%
Time: 156.112621068954468 seconds
MIP Gap: 0.767329865171359
Nodes: 0
Best Objective: 215448.954651234671474
Incumbent Obj:  925984.569570610765368
      0     0   252445.4737  6042   925984.5696    Cuts: 1661     9798   72.74%
Time: 171.583044052124023 seconds
MIP Gap: 0.727376155074446
Nodes: 0
Best Objective: 252445.473698073939886
Incumbent Obj:  925984.569570610765368
      0     0   278687.1274  7827   925984.5696    Cuts: 1661    13731   69.90%
*     0+    0                       922355.4193   278687.1274            69.79%
      0     0  -1.00000e+75     0   922355.4193   278687.1274    13731   69.79%
Time: 178.450875043869019 seconds
MIP Gap: 0.697852778233391
Nodes: 0
Best Objective: 278687.127424817183055
Incumbent Obj:  922355.419306441210210
Time: 208.716387987136841 seconds
MIP Gap: 0.697852778233391
Nodes: 0
Best Objective: 278687.127424817183055
Incumbent Obj:  922355.419306441210210
      0     0   301517.9570  9483   922355.4193    Cuts: 1661    17843   67.31%
Time: 252.799316167831421 seconds
MIP Gap: 0.673100032044750
Nodes: 0
Best Objective: 301517.957014626997989
Incumbent Obj:  922355.419306441210210
      0     0   320861.7446 10829   922355.4193    Cuts: 1661    22170   65.21%
Detecting symmetries...
Time: 322.456030130386353 seconds
MIP Gap: 0.652127869710654
Nodes: 0
Best Objective: 320861.744598054268863
Incumbent Obj:  922355.419306441210210
      0     0   338228.7918 12057   922355.4193    Cuts: 1661    26649   63.33%
Time: 380.554100036621094 seconds
MIP Gap: 0.633298851233475
Nodes: 0
Best Objective: 338228.791830701578874
Incumbent Obj:  922355.419306441210210
      0     0   353812.1970 13149   922355.4193    Cuts: 1661    31624   61.64%
Time: 457.086791992187500 seconds
MIP Gap: 0.616403623209423
Nodes: 0
Best Objective: 353812.196959104272537
Incumbent Obj:  922355.419306441210210
      0     0   367168.1951 14415   922355.4193    Cuts: 1661    36947   60.19%
Time: 566.308837175369263 seconds
MIP Gap: 0.601923306993268
Nodes: 0
Best Objective: 367168.195094345544931
Incumbent Obj:  922355.419306441210210
      0     0   379015.1239 15442   922355.4193    Cuts: 1661    42587   58.91%
Time: 676.307047128677368 seconds
MIP Gap: 0.589079094686886
Nodes: 0
Best Objective: 379015.123921859834809
Incumbent Obj:  922355.419306441210210
      0     0   389727.4663 16258   922355.4193    Cuts: 1661    47919   57.75%
*     0+    0                       916009.5591   389727.4663            57.45%
Time: 841.185835123062134 seconds
MIP Gap: 0.574537773705869
Nodes: 0
Best Objective: 389727.466322793799918
Incumbent Obj:  916009.559103296371177
      0     0   399993.2853 17333   916009.5591    Cuts: 1661    53942   56.33%
*     0+    0                       701935.3100   399993.2853            43.02%
Time: 1337.619480133056641 seconds
MIP Gap: 0.430156483596819
Nodes: 0
Best Objective: 399993.285349167592358
Incumbent Obj:  701935.310019673081115
      0     0   409201.5317 18625   701935.3100    Cuts: 1661    59642   41.70%
Time: 1570.066553115844727 seconds
MIP Gap: 0.417038114715124
Nodes: 0
Best Objective: 409201.531677092774771
Incumbent Obj:  701935.310019673081115
      0     0   418745.2036 19793   701935.3100    Cuts: 1661    66253   40.34%
Time: 1795.098289012908936 seconds
MIP Gap: 0.403441887565173
Nodes: 0
Best Objective: 418745.203596691309940
Incumbent Obj:  701935.310019673081115
      0     0   426785.2897 20460   701935.3100    Cuts: 1661    72702   39.20%
*     0+    0                       678993.6685   426785.2897            37.14%
Time: 2111.972453117370605 seconds
MIP Gap: 0.371444374880358
Nodes: 0
Best Objective: 426785.289737438259181
Incumbent Obj:  678993.668469997821376
      0     0   434386.9407 21585   678993.6685    Cuts: 1661    82626   36.02%

Clique cuts applied:  6869
Cover cuts applied:  4143
Mixed integer rounding cuts applied:  9806
Zero-half cuts applied:  145

Root node processing (before b&c):
  Real time             = 2102.67 sec. (847160.41 ticks)
Parallel b&c, 32 threads:
  Real time             =    0.00 sec. (0.00 ticks)
  Sync time (average)   =    0.00 sec.
  Wait time (average)   =    0.00 sec.
                          ------------
Total (root+branch&cut) = 2102.67 sec. (847160.41 ticks)
[INFO] Saving variables cplex:
./outputs/solutions/2024-08-27_LIT_seed_24/VarsValues_cplex/test_lit_fnl4461_0100_CPMP_Vars_Bin_p_100_RSSV_EXACT_CPMP_BIN.txt
[INFO] Saving results cplex: 
./outputs/solutions/2024-08-27_LIT_seed_24/Results_cplex/test_lit_fnl4461_0100_Bin_RSSV_EXACT_CPMP_BIN.csv

Final solution CPMP:
p locations: 278 530 486 3297 980 1845 1168 4352 1713 2075 2596 4180 3062 1596 4275 2136 3967 657 1993 2862 1415 120 2054 784 705 2079 3257 1921 2774 1605 3518 3707 1369 3552 3789 2642 3583 107 414 581 2372 3519 433 3988 4437 2647 1067 4377 1371 3208 2655 917 2055 4393 381 2341 2675 1368 3539 1990 1539 2374 1672 4344 1338 4452 3450 3245 2320 521 1996 554 4221 1061 3115 2714 209 543 2357 2686 1350 3871 531 2535 1432 3004 4006 3089 2421 1252 2588 1651 2125 3060 4062 1736 4052 3222 1 3007 
p size: 100
objective: 678993.668470000382513
sum (dij * xij) 
demand/capacity: 224395.000000000000000/280500
Solution is Feasible
Statistics:
Max distance: 474.051684945850582
Min distance: 0.000000000000000
Avg distance: 152.206605799148264
Std deviation distance: 72.574865091540673


Final total elapsed time: 2487s
[INFO] Saving assignment: ./outputs/solutions/2024-08-27_LIT_seed_24/Assignments/test_lit_fnl4461_0100_p_100_RSSV_EXACT_CPMP_BIN.txt
[INFO] Saving results: ./outputs/solutions/2024-08-27_LIT_seed_24/test_lit_fnl4461_0100_results_RSSV_EXACT_CPMP_BIN.csv
[INFO] Saving all results: ./outputs/solutions/test_all_results.csv
Post Optimization: EXACT_CPMP_BIN


-------------------------------------------------
Post Optimization
-------------------------------------------------
method: EXACT_CPMP_BIN
-------------------------------------------------
Time for post-optimization: 1113.000000000000000s
PostOptimization constructor
p locations: 278 530 486 3297 980 1845 1168 4352 1713 2075 2596 4180 3062 1596 4275 2136 3967 657 1993 2862 1415 120 2054 784 705 2079 3257 1921 2774 1605 3518 3707 1369 3552 3789 2642 3583 107 414 581 2372 3519 433 3988 4437 2647 1067 4377 1371 3208 2655 917 2055 4393 381 2341 2675 1368 3539 1990 1539 2374 1672 4344 1338 4452 3450 3245 2320 521 1996 554 4221 1061 3115 2714 209 543 2357 2686 1350 3871 531 2535 1432 3004 4006 3089 2421 1252 2588 1651 2125 3060 4062 1736 4052 3222 1 3007 
p size: 100
objective: 678993.668470000382513
sum (dij * xij) 
demand/capacity: 224395.000000000000000/280500
Solution is Feasible
[INFO] Running post-optimization
Time limit: 1113.000000000000000
Max size of the neigh: 43
 ------------------------------------ 

Iteration Post-Optimization: 1
Size of neighborhood: 1
[INFO] Adding MIP start solution
Gap Cplex Reports: gap_Bin_service_fnl4461_0100_p_100_RSSV_POSTOPT.csv
[CALLBACK] Generating reports cplex callbacks...
Default row names c1, c2 ... being created.
Version identifier: 22.1.1.0 | 2022-11-28 | 9160aff4d
CPXPARAM_TimeLimit                               1113
CPXPARAM_MIP_Tolerances_LowerCutoff              434386.94074237632
Legacy callback                                  i
1 of 2 MIP starts provided solutions.
MIP start 'm1' defined initial solution with objective 677678.8944.
Presolve has eliminated 18813878 rows and 18813878 columns...
Tried aggregator 1 time.
MIP Presolve eliminated 18813878 rows and 18813878 columns.
Reduced MIP has 9023 rows, 1091104 columns, and 2182408 nonzeros.
Reduced MIP has 1091104 binaries, 0 generals, 0 SOSs, and 0 indicators.
Presolve time = 59.00 sec. (18433.26 ticks)
Tried aggregator 1 time.
Detecting symmetries...
Reduced MIP has 9023 rows, 1091104 columns, and 2182408 nonzeros.
Reduced MIP has 1091104 binaries, 0 generals, 0 SOSs, and 0 indicators.
Presolve time = 9.71 sec. (2372.94 ticks)
Probing time = 5.17 sec. (256.51 ticks)
Clique table members: 1091204.
MIP emphasis: balance optimality and feasibility.
MIP search method: dynamic search.
Parallel mode: deterministic, using up to 32 threads.
Root relaxation solution time = 31.54 sec. (4386.79 ticks)

        Nodes                                         Cuts/
   Node  Left     Objective  IInf  Best Integer    Best Bound    ItCnt     Gap

*     0+    0                       677678.8944        0.0000           100.00%
      0     0   552407.1337   688   677678.8944   552407.1337    21922   18.49%
Time: 464.808720111846924 seconds
MIP Gap: 0.184854157045500
Nodes: 0
Best Objective: 552407.133655484416522
Incumbent Obj:  677678.894433519220911
*     0+    0                       671542.6183   552407.1337            17.74%
Time: 480.278572082519531 seconds
MIP Gap: 0.177405694607001
Nodes: 0
Best Objective: 552407.133655484416522
Incumbent Obj:  671542.618316046660766
      0     0   586541.6189  4097   671542.6183    Cuts: 2355    25512   12.66%
Time: 510.094923019409180 seconds
MIP Gap: 0.126575733365939
Nodes: 0
Best Objective: 586541.618916210019961
Incumbent Obj:  671542.618316046660766
      0     0   597756.6118  4030   671542.6183    Cuts: 2355    28326   10.99%
Time: 519.501428127288818 seconds
MIP Gap: 0.109875389109803
Nodes: 0
Best Objective: 597756.611824755207635
Incumbent Obj:  671542.618316046660766
      0     0   601367.8435  2770   671542.6183    Cuts: 1112    29503   10.45%
*     0+    0                       670347.9897   601367.8435            10.29%
      0     0  -1.00000e+75     0   670347.9897   601367.8435    29503   10.29%
Time: 538.998833179473877 seconds
MIP Gap: 0.102901996032220
Nodes: 0
Best Objective: 601367.843508119811304
Incumbent Obj:  670347.989682650892064
Time: 545.032622098922729 seconds
MIP Gap: 0.102901996032220
Nodes: 0
Best Objective: 601367.843508119811304
Incumbent Obj:  670347.989682650892064
      0     0   603997.3750  2459   670347.9897     Cuts: 766    30512    9.90%
Time: 554.607509136199951 seconds
MIP Gap: 0.098979359538033
Nodes: 0
Best Objective: 603997.374996254220605
Incumbent Obj:  670347.989682650892064
      0     0   606351.9713  3162   670347.9897     Cuts: 851    31607    9.55%
Detecting symmetries...
Time: 567.239298105239868 seconds
MIP Gap: 0.095466861112519
Nodes: 0
Best Objective: 606351.971254560630769
Incumbent Obj:  670347.989682650892064
      0     0   608592.0893  2163   670347.9897     Cuts: 886    32530    9.21%
Time: 575.380091190338135 seconds
MIP Gap: 0.092125136944675
Nodes: 0
Best Objective: 608592.089332548785023
Incumbent Obj:  670347.989682650892064
      0     0   610480.9697  2650   670347.9897     Cuts: 695    33474    8.93%
*     0+    0                       658951.0290   610480.9697             7.36%
Time: 586.362430095672607 seconds
MIP Gap: 0.073556390637918
Nodes: 0
Best Objective: 610480.969732146942988
Incumbent Obj:  658951.029035111423582
      0     0   612514.3438  2638   658951.0290     Cuts: 852    34271    7.05%
*     0+    0                       658215.3524   612514.3438             6.94%
      0     0  -1.00000e+75     0   658215.3524   612514.3438    34271    6.94%
Time: 609.449512958526611 seconds
MIP Gap: 0.069431696412054
Nodes: 0
Best Objective: 612514.343837890308350
Incumbent Obj:  658215.352356456685811
Time: 615.262597084045410 seconds
MIP Gap: 0.069431696412054
Nodes: 0
Best Objective: 612514.343837890308350
Incumbent Obj:  658215.352356456685811
      0     0   614192.6026  3006   658215.3524     Cuts: 706    35106    6.69%
Time: 624.877727031707764 seconds
MIP Gap: 0.066881985627702
Nodes: 0
Best Objective: 614192.602620219229721
Incumbent Obj:  658215.352356456685811
      0     0   615705.9576  2704   658215.3524     Cuts: 746    36013    6.46%
*     0+    0                       657813.2540   615705.9576             6.40%
Time: 638.161239147186279 seconds
MIP Gap: 0.064011018609941
Nodes: 0
Best Objective: 615705.957556750974618
Incumbent Obj:  657813.254000438842922
      0     0   617137.3709  2645   657813.2540     Cuts: 803    36865    6.18%
Time: 654.644587039947510 seconds
MIP Gap: 0.061835000791903
Nodes: 0
Best Objective: 617137.370918397093192
Incumbent Obj:  657813.254000438842922
      0     0   618370.1451  3924   657813.2540     Cuts: 756    37709    6.00%
Time: 672.477925062179565 seconds
MIP Gap: 0.059960951951648
Nodes: 0
Best Objective: 618370.145084161427803
Incumbent Obj:  657813.254000438842922
      0     0   619631.3665  3443   657813.2540     Cuts: 685    38507    5.80%
Time: 692.043385982513428 seconds
MIP Gap: 0.058043657943395
Nodes: 0
Best Objective: 619631.366494605434127
Incumbent Obj:  657813.254000438842922
      0     0   620791.0510  3092   657813.2540     Cuts: 787    39269    5.63%
Time: 709.457215070724487 seconds
MIP Gap: 0.056280719150249
Nodes: 0
Best Objective: 620791.050998728605919
Incumbent Obj:  657813.254000438842922
      0     0   621912.6044  3241   657813.2540     Cuts: 717    40096    5.46%
Time: 723.597181081771851 seconds
MIP Gap: 0.054575746822620
Nodes: 0
Best Objective: 621912.604393547284417
Incumbent Obj:  657813.254000438842922
      0     0   622933.6746  3784   657813.2540     Cuts: 730    40850    5.30%
Time: 735.377631187438965 seconds
MIP Gap: 0.053023527926922
Nodes: 0
Best Objective: 622933.674556247075088
Incumbent Obj:  657813.254000438842922
      0     0   623907.5197  3141   657813.2540     Cuts: 607    41514    5.15%
Time: 746.682770013809204 seconds
MIP Gap: 0.051543100014181
Nodes: 0
Best Objective: 623907.519658840144984
Incumbent Obj:  657813.254000438842922
      0     0   624781.8663  3166   657813.2540     Cuts: 695    42245    5.02%
Time: 759.245795965194702 seconds
MIP Gap: 0.050213928481207
Nodes: 0
Best Objective: 624781.866310070850886
Incumbent Obj:  657813.254000438842922
      0     0   625660.3224  3139   657813.2540     Cuts: 604    42920    4.89%
Time: 775.172779083251953 seconds
MIP Gap: 0.048878509799468
Nodes: 0
Best Objective: 625660.322418558294885
Incumbent Obj:  657813.254000438842922
      0     0   626489.0529  2797   657813.2540     Cuts: 610    43601    4.76%
*     0+    0                       657794.5075   626489.0529             4.76%
Time: 799.870990991592407 seconds
MIP Gap: 0.047591541520685
Nodes: 0
Best Objective: 626489.052857224014588
Incumbent Obj:  657794.507471639197320
      0     0   627274.9547  3329   657794.5075     Cuts: 622    44345    4.64%
Time: 814.263388156890869 seconds
MIP Gap: 0.046396788684113
Nodes: 0
Best Objective: 627274.954710907652043
Incumbent Obj:  657794.507471639197320
      0     0   628071.6371  3751   657794.5075     Cuts: 567    45105    4.52%
Time: 828.162034988403320 seconds
MIP Gap: 0.045185646940834
Nodes: 0
Best Objective: 628071.637097405735403
Incumbent Obj:  657794.507471639197320
      0     0   628806.2860  2999   657794.5075     Cuts: 571    45832    4.41%
Time: 838.883602142333984 seconds
MIP Gap: 0.044068810410268
Nodes: 0
Best Objective: 628806.286032956093550
Incumbent Obj:  657794.507471639197320
      0     0   629486.0270  4205   657794.5075     Cuts: 577    46523    4.30%
Time: 850.566243171691895 seconds
MIP Gap: 0.043035446669891
Nodes: 0
Best Objective: 629486.027025596005842
Incumbent Obj:  657794.507471639197320
      0     0   630232.0552  4075   657794.5075     Cuts: 609    47288    4.19%
Time: 864.163834095001221 seconds
MIP Gap: 0.041901311104454
Nodes: 0
Best Objective: 630232.055171269224957
Incumbent Obj:  657794.507471639197320
      0     0   630849.5212  3606   657794.5075     Cuts: 598    47984    4.10%
Time: 873.870017051696777 seconds
MIP Gap: 0.040962619743398
Nodes: 0
Best Objective: 630849.521192782442085
Incumbent Obj:  657794.507471639197320
      0     0   631404.5597  3582   657794.5075     Cuts: 503    48561    4.01%
Time: 889.826960086822510 seconds
MIP Gap: 0.040118832593925
Nodes: 0
Best Objective: 631404.559745181002654
Incumbent Obj:  657794.507471639197320
      0     0   631979.7553  3341   657794.5075     Cuts: 553    49217    3.92%
Time: 905.086289167404175 seconds
MIP Gap: 0.039244402089904
Nodes: 0
Best Objective: 631979.755327891558409
Incumbent Obj:  657794.507471639197320
      0     0   632588.6605  4058   657794.5075     Cuts: 492    49887    3.83%
Time: 916.334261178970337 seconds
MIP Gap: 0.038318725189340
Nodes: 0
Best Objective: 632588.660508776316419
Incumbent Obj:  657794.507471639197320
      0     0   633152.1781  3533   657794.5075     Cuts: 484    50473    3.75%
Time: 935.219465970993042 seconds
MIP Gap: 0.037462047883725
Nodes: 0
Best Objective: 633152.178135085618123
Incumbent Obj:  657794.507471639197320
      0     0   633705.6290  4055   657794.5075     Cuts: 666    51190    3.66%
Time: 947.702778100967407 seconds
MIP Gap: 0.036620674415948
Nodes: 0
Best Objective: 633705.628980921348557
Incumbent Obj:  657794.507471639197320
      0     0   634214.8349  3340   657794.5075     Cuts: 551    51807    3.58%
Time: 959.791521072387695 seconds
MIP Gap: 0.035846563504132
Nodes: 0
Best Objective: 634214.834886887692846
Incumbent Obj:  657794.507471639197320
      0     0   634673.4930  3487   657794.5075     Cuts: 529    52422    3.51%
Time: 971.200725078582764 seconds
MIP Gap: 0.035149297011342
Nodes: 0
Best Objective: 634673.492956089321524
Incumbent Obj:  657794.507471639197320
      0     0   635164.0187  4003   657794.5075     Cuts: 522    53116    3.44%
Time: 982.298772096633911 seconds
MIP Gap: 0.034403584247896
Nodes: 0
Best Objective: 635164.018716035410762
Incumbent Obj:  657794.507471639197320
      0     0   635625.3775  3948   657794.5075     Cuts: 431    53743    3.37%
*     0+    0                       657790.3002   635625.3775             3.37%
Time: 998.524628162384033 seconds
MIP Gap: 0.033696031535111
Nodes: 0
Best Objective: 635625.377499628928490
Incumbent Obj:  657790.300198611221276
      0     0   636101.5794  3816   657790.3002     Cuts: 512    54458    3.30%
Time: 1011.030166149139404 seconds
MIP Gap: 0.032972089743965
Nodes: 0
Best Objective: 636101.579387752921320
Incumbent Obj:  657790.300198611221276
      0     0   636492.2423  3510   657790.3002     Cuts: 485    55097    3.24%
Time: 1022.003261089324951 seconds
MIP Gap: 0.032378187767676
Nodes: 0
Best Objective: 636492.242347024846822
Incumbent Obj:  657790.300198611221276
      0     0   636924.8886  4221   657790.3002     Cuts: 478    55845    3.17%
Time: 1036.920785188674927 seconds
MIP Gap: 0.031720461105014
Nodes: 0
Best Objective: 636924.888565905741416
Incumbent Obj:  657790.300198611221276
      0     0   637336.6252  3239   657790.3002     Cuts: 568    56475    3.11%
Time: 1051.667633056640625 seconds
MIP Gap: 0.031094522024571
Nodes: 0
Best Objective: 637336.625221536145546
Incumbent Obj:  657790.300198611221276
      0     0   637720.8646  3971   657790.3002     Cuts: 462    57076    3.05%
Time: 1065.126069068908691 seconds
MIP Gap: 0.030510385488742
Nodes: 0
Best Objective: 637720.864568796008825
Incumbent Obj:  657790.300198611221276
      0     0   638094.5514  4390   657790.3002     Cuts: 402    57668    2.99%
Time: 1079.647097110748291 seconds
MIP Gap: 0.029942291361648
Nodes: 0
Best Objective: 638094.551375198527239
Incumbent Obj:  657790.300198611221276
      0     0   638441.5403  3594   657790.3002     Cuts: 589    58297    2.94%
*     0+    0                       657780.8653   638441.5403             2.94%
Time: 1091.913361072540283 seconds
MIP Gap: 0.029400862848944
Nodes: 0
Best Objective: 638441.540281084715389
Incumbent Obj:  657780.865286018466577
      0     0   638716.6288  3561   657780.8653     Cuts: 426    58999    2.90%
Time: 1105.636690139770508 seconds
MIP Gap: 0.028982655981768
Nodes: 0
Best Objective: 638716.628756043966860
Incumbent Obj:  657780.865286018466577
      0     0   639006.0872  3648   657780.8653     Cuts: 407    59737    2.85%
Time: 1118.554419994354248 seconds
MIP Gap: 0.028542603035113
Nodes: 0
Best Objective: 639006.087164066382684
Incumbent Obj:  657780.865286018466577
      0     0   639281.7541  4087   657780.8653     Cuts: 384    60282    2.81%
Time: 1134.830332994461060 seconds
MIP Gap: 0.028123516718718
Nodes: 0
Best Objective: 639281.754123894497752
Incumbent Obj:  657780.865286018466577
      0     0   639567.9312  3862   657780.8653     Cuts: 389    60812    2.77%
Time: 1152.852318048477173 seconds
MIP Gap: 0.027688452250601
Nodes: 0
Best Objective: 639567.931206187233329
Incumbent Obj:  657780.865286018466577
      0     0   639841.0101  4194   657780.8653     Cuts: 480    61570    2.73%
Starting limited solution polishing.
Advanced basis not built.
Advanced basis not built.

Clique cuts applied:  7577
Cover cuts applied:  13461
Flow cuts applied:  452
Mixed integer rounding cuts applied:  1051
Zero-half cuts applied:  634
Gomory fractional cuts applied:  14

Root node processing (before b&c):
  Real time             = 1123.29 sec. (282541.13 ticks)
Parallel b&c, 32 threads:
  Real time             =    0.00 sec. (0.00 ticks)
  Sync time (average)   =    0.00 sec.
  Wait time (average)   =    0.00 sec.
                          ------------
Total (root+branch&cut) = 1123.29 sec. (282541.13 ticks)
Post-Optimization Solution: 
p locations: 4442 4437 4367 4342 4052 3988 3871 3789 3567 3524 3519 3491 1368 1539 1338 1651 1207 1351 3707 1035 4376 1203 18 1921 3257 1061 443 2260 4325 2655 3208 1371 107 4212 705 784 3075 4166 659 209 2421 917 249 486 521 4 1678 1596 3097 554 3558 2055 419 381 2552 530 3937 1432 1982 980 1709 2341 1787 1996 2054 1350 2686 2094 1812 2647 120 2124 2136 2616 4277 1605 2774 2357 2414 2583 581 414 2585 2640 2717 1305 2808 4006 3004 2142 3478 4064 3062 1964 3133 3221 3222 573 3245 3297 
p size: 100
objective: 657780.865286018350162
sum (dij * xij) 
demand/capacity: 224395.000000000000000/280500
Solution is Feasible
Comparing Best Bounds: 
Old Best Bound: 639841.010139240650460
New Best Bound: 639841.010139240650460
Time elapsed: 1299.070522984000036s
Time remaining: 1113.000000000000000s



Finishing post-optimization
p locations: 4442 4437 4367 4342 4052 3988 3871 3789 3567 3524 3519 3491 1368 1539 1338 1651 1207 1351 3707 1035 4376 1203 18 1921 3257 1061 443 2260 4325 2655 3208 1371 107 4212 705 784 3075 4166 659 209 2421 917 249 486 521 4 1678 1596 3097 554 3558 2055 419 381 2552 530 3937 1432 1982 980 1709 2341 1787 1996 2054 1350 2686 2094 1812 2647 120 2124 2136 2616 4277 1605 2774 2357 2414 2583 581 414 2585 2640 2717 1305 2808 4006 3004 2142 3478 4064 3062 1964 3133 3221 3222 573 3245 3297 
p size: 100
objective: 657780.865286018350162
sum (dij * xij) 
demand/capacity: 224395.000000000000000/280500
Solution is Feasible
Solution Stats
Statistics:
Max distance: 384.662189459790795
Min distance: 0.000000000000000
Avg distance: 147.451438082496821
Std deviation distance: 69.626301742157352


[INFO] Saving assignment: ./outputs/solutions/2024-08-27_LIT_seed_24/Assignments/test_lit_fnl4461_0100_p_100_RSSV_EXACT_CPMP_BIN_POSTOPT.txt
[INFO] Saving results: ./outputs/solutions/2024-08-27_LIT_seed_24/test_lit_fnl4461_0100_results_RSSV_EXACT_CPMP_BIN_POSTOPT.csv
[INFO] Saving all results: ./outputs/solutions/test_all_results.csv
Final total elapsed time (post opt): 3786s
Elapsed time: 3786534 ms

RSSV finished.
