Debug: configOverride contents: IsWeighted_ObjFunc add_break_callback add_generate_reports add_threshold_distance_rssv bw_multiplier capacities cover_mode coverages cust_max_id distance_matrix loc_max_id max_ite_subprob_rssv method method_post_opt method_rssv_fp method_rssv_sp output p seed service size_subproblems_rssv subarea threads time time_cplex time_subprob_rssv weights 
Loading instance...
Scanning input data...
Distance matrix dimensions: 4462 x 4462 = 19909444
Elapsed time: 0 ms

Loading weights...
Skipped line: customer weight coord_x coord_y
Loaded 4461 weights
Loaded 4461 coordinates
Total customer demand: 224395.00
Elapsed time: 4 ms

Loading capacities...
Skipped line: location capacity coord_x coord_y
Loaded 4461 capacities
Loaded 4461 coordinates
Elapsed time: 4 ms

Loading distance matrix...
Computing euclidian distances...
bw multiplier: 0.50
Loaded 19904982 distances
dists stdev: 954.33
bandwidth h: 17.53
locations: 4461
customers: 4461
p: 20
Elapsed time: 341 ms

[INFO] Instance loaded
loc_max_id: 4461
loc_cnt: 4461
service: fnl4461_0020
cust_max_id: 4461
cust_cnt: 4461
unweighted obj function
p: 20
total_demand: 224395.00


-------------------------------------------------


-------------------------------------------------
RSSV heuristic 
-------------------------------------------------
method subproblems: TB_PMP
method final problem: EXACT_CPMP_BIN
-------------------------------------------------
RSSV running...
cPMP size (N): 4461
sub-cPMP size (n): 1784
Subproblems cnt (M): 12
p: 20
Seed: 500
Time limit for subproblems: 300.00

thread cnt: 20

Thread 1 created with seed 501
Thread 2 created with seed 502
Thread 3 created with seed 503
Thread 4 created with seed 504
Thread 5 created with seed 505
Solving sub-PMP Solving sub-PMP 2/12...
Thread 6 created with seed 506
1/Solving sub-PMP 124/12......

Solving sub-PMP 3/12...
Thread 7 created with seed 507
Solving sub-PMP 5/12...
Solving sub-PMP 6/12...
Thread 8 created with seed 508
Thread 9 created with seed 509
Solving sub-PMP 7/12...
Thread 10 created with seed 510
Solving sub-PMP 8/12...
Solving sub-PMP 9/12...
Thread 11 created with seed 511
Solving sub-PMP 10/12...
Thread 12 created with seed 512
Solving sub-PMP 11/12...
uncapacitated TB started
uncapacitated TB started
Solving sub-PMP 12/12...
uncapacitated TB started
uncapacitated TB started
uncapacitated TB started
uncapacitated TB started
uncapacitated TB started
uncapacitated TB started
uncapacitated TB started
uncapacitated TB started
uncapacitated TB started
uncapacitated TB started
[INFO] Uncapacitated TB local search started
[INFO] Uncapacitated TB local search started
[INFO] Uncapacitated TB local search started
[INFO] Uncapacitated TB local search started
[INFO] Uncapacitated TB local search started
[INFO] Uncapacitated TB local search started
[INFO] Uncapacitated TB local search started
[INFO] Uncapacitated TB local search started
[INFO] Uncapacitated TB local search started
[INFO] Uncapacitated TB local search started
[INFO] Uncapacitated TB local search started
[INFO] Uncapacitated TB local search started

[INFO] Time limit reached. Stopping the algorithm.
TB elapsed time: 300.00 seconds
Num ite total uncapacited TB: 65
tb solution is feasible

[INFO] Time limit reached. Stopping the algorithm.
TB elapsed time: 300.00 seconds
Num ite total uncapacited TB: 72
tb solution is feasible

[INFO] Time limit reached. Stopping the algorithm.
TB elapsed time: 300.00 seconds
Num ite total uncapacited TB: 80
tb solution is feasible

[INFO] Time limit reached. Stopping the algorithm.
TB elapsed time: 300.00 seconds
Num ite total uncapacited TB: 91
tb solution is feasible

[INFO] Time limit reached. Stopping the algorithm.
TB elapsed time: 
[INFO] Time limit reached. Stopping the algorithm.
TB elapsed time: 300.00 seconds
Num ite total uncapacited TB: 79
tb solution is feasible
300.00 seconds
Num ite total uncapacited TB: 70
tb solution is feasible

[INFO] Time limit reached. Stopping the algorithm.
TB elapsed time: 300.00 seconds
Num ite total uncapacited TB: 83
tb solution is feasible

[INFO] Time limit reached. Stopping the algorithm.
TB elapsed time: 300.00 seconds
Num ite total uncapacited TB: 70
tb solution is feasible

[INFO] Time limit reached. Stopping the algorithm.
TB elapsed time: 300.00 seconds
Num ite total uncapacited TB: 80
tb solution is feasible

[INFO] Time limit reached. Stopping the algorithm.
TB elapsed time: 300.00 seconds

[INFO] Time limit reached. Stopping the algorithm.
Num ite total uncapacited TB: 
[INFO] Time limit reached. Stopping the algorithm.
TB elapsed time: TB elapsed time: 63
tb solution is feasible
300.00300.00 seconds
 seconds
Num ite total uncapacited TB: Num ite total uncapacited TB: 6968
tb solution is feasible

tb solution is feasible
[INFO] All subproblems solved.

Elapsed time: 300034 ms


Stats: 
Max dist: 840.22
Min dist: 0.00
avg of Avg dists: 294.38
avg Std dev dist: 120.83

First 1784 voting weights (sorted): 681(3.05) 2418(2.18) 2467(2.07) 245(2.04) 767(2.00) 4248(2.00) 271(2.00) 2435(2.00) 3899(2.00) 1154(2.00) 2690(2.00) 1009(2.00) 4338(2.00) 2489(2.00) 1729(2.00) 4070(2.00) 3673(2.00) 774(1.72) 775(1.72) 2408(1.37) 805(1.27) 801(1.27) 3954(1.27) 3922(1.27) 1267(1.18) 1122(1.18) 1158(1.18) 1300(1.18) 729(1.16) 2437(1.15) 3613(1.11) 221(1.08) 3652(1.07) 3607(1.06) 3578(1.06) 3947(1.05) 3952(1.05) 3844(1.05) 3841(1.05) 4256(1.04) 1357(1.04) 3567(1.04) 1335(1.04) 4367(1.03) 3469(1.03) 4359(1.03) 3510(1.03) 884(1.00) 3431(1.00) 883(1.00) 3526(1.00) 1740(1.00) 2856(1.00) 125(1.00) 1467(1.00) 2194(1.00) 3535(1.00) 4066(1.00) 3571(1.00) 738(1.00) 916(1.00) 4084(1.00) 1376(1.00) 914(1.00) 760(1.00) 2817(1.00) 2818(1.00) 1727(1.00) 2827(1.00) 2080(1.00) 4274(1.00) 2210(1.00) 3536(1.00) 2230(1.00) 3466(1.00) 1802(1.00) 160(1.00) 2131(1.00) 2132(1.00) 4204(1.00) 2970(1.00) 4200(1.00) 813(1.00) 3477(1.00) 820(1.00) 2971(1.00) 2919(1.00) 370(1.00) 1783(1.00) 934(1.00) 2192(1.00) 4259(1.00) 4132(1.00) 1820(1.00) 2184(1.00) 2175(1.00) 144(1.00) 4180(1.00) 3508(1.00) 2888(1.00) 2892(1.00) 1418(1.00) 2899(1.00) 1460(1.00) 836(1.00) 1431(1.00) 3511(1.00) 1128(1.00) 1236(1.00) 1120(1.00) 1580(1.00) 2409(1.00) 1111(1.00) 1247(1.00) 1248(1.00) 4283(1.00) 2594(1.00) 3889(1.00) 1260(1.00) 1084(1.00) 2611(1.00) 1077(1.00) 2375(1.00) 619(1.00) 3708(1.00) 1198(1.00) 2483(1.00) 2484(1.00) 3789(1.00) 2503(1.00) 2443(1.00) 3812(1.00) 1495(1.00) 1130(1.00) 2434(1.00) 3828(1.00) 1228(1.00) 2537(1.00) 1229(1.00) 2542(1.00) 1137(1.00) 3731(1.00) 1132(1.00) 2520(1.00) 2730(1.00) 3611(1.00) 3609(1.00) 1681(1.00) 1341(1.00) 1686(1.00) 3599(1.00) 962(1.00) 2368(1.00) 2270(1.00) 958(1.00) 2756(1.00) 2757(1.00) 2264(1.00) 3585(1.00) 2774(1.00) 4056(1.00) 2780(1.00) 2751(1.00) 3921(1.00) 2631(1.00) 1058(1.00) 602(1.00) 2350(1.00) 3945(1.00) 3667(1.00) 3665(1.00) 2288(1.00) 583(1.00) 3657(1.00) 2329(1.00) 1016(1.00) 1652(1.00) 1001(1.00) 2712(1.00) 985(1.00) 2726(1.00) 3660(1.00) 316(1.00) 317(1.00) 2007(1.00) 3230(1.00) 3380(1.00) 1847(1.00) 186(1.00) 1969(1.00) 3382(1.00) 2038(1.00) 3044(1.00) 1870(1.00) 1893(1.00) 195(1.00) 3287(1.00) 3183(1.00) 3291(1.00) 4320(1.00) 1988(1.00) 212(1.00) 210(1.00) 2056(1.00) 1910(1.00) 270(1.00) 3217(1.00) 4386(1.00) 242(1.00) 299(1.00) 889(1.00) 3104(1.00) 3362(1.00) 3418(1.00) 4361(1.00) 297(1.00) 3108(1.00) 174(1.00) 224(1.00) 185(1.00) 306(1.00) 181(1.00) 3414(1.00) 1283(0.73) 161(0.72) 975(0.52) 3565(0.52) 1096(0.49) 2506(0.44) 4267(0.42) 3939(0.42) 3641(0.38) 293(0.37) 2185(0.27) 2265(0.27) 1461(0.27) 811(0.27) 1394(0.27) 3892(0.27) 3135(0.27) 1263(0.27) 2091(0.27) 2406(0.27) 4131(0.27) 1352(0.25) 2900(0.24) 3011(0.21) 200(0.21) 3548(0.21) 1766(0.21) 4377(0.21) 1044(0.21) 1815(0.21) 3445(0.21) 817(0.21) 3546(0.18) 3817(0.18) 3674(0.18) 2662(0.18) 3603(0.18) 1784(0.18) 2881(0.18) 4166(0.18) 1129(0.18) 2034(0.18) 3326(0.18) 107(0.18) 1942(0.18) 4313(0.18) 346(0.18) 208(0.18) 220(0.18) 3066(0.18) 1745(0.18) 1272(0.18) 3919(0.18) 3550(0.17) 1856(0.15) 3925(0.15) 1054(0.11) 1186(0.10) 762(0.07) 877(0.07) 2306(0.07) 1232(0.07) 2481(0.07) 1421(0.07) 201(0.07) 953(0.07) 1458(0.07) 843(0.07) 779(0.07) 945(0.07) 3785(0.07) 180(0.07) 2249(0.07) 1721(0.07) 3446(0.07) 1196(0.07) 1209(0.07) 241(0.07) 2485(0.07) 4035(0.07) 2440(0.07) 2674(0.07) 2928(0.06) 1208(0.06) 3138(0.06) 1818(0.06) 2305(0.06) 776(0.06) 927(0.06) 2236(0.06) 1195(0.05) 3677(0.05) 1795(0.05) 3608(0.05) 1115(0.05) 4398(0.05) 1165(0.05) 2077(0.05) 1380(0.05) 329(0.05) 4284(0.05) 2000(0.05) 1178(0.05) 1955(0.05) 2823(0.05) 190(0.05) 2797(0.05) 2393(0.05) 1298(0.05) 2710(0.05) 184(0.04) 2009(0.04) 1119(0.04) 1491(0.04) 2121(0.04) 1537(0.04) 3372(0.04) 3582(0.04) 4027(0.04) 1665(0.04) 3475(0.04) 3694(0.04) 167(0.04) 596(0.04) 1083(0.04) 3121(0.04) 4254(0.04) 3552(0.04) 3185(0.04) 4341(0.04) 283(0.04) 154(0.04) 1387(0.04) 135(0.04) 2066(0.04) 3554(0.04) 844(0.04) 3218(0.04) 1116(0.04) 178(0.04) 4332(0.04) 2452(0.04) 4252(0.04) 4357(0.03) 2765(0.03) 4099(0.03) 217(0.03) 3413(0.03) 1481(0.03) 3398(0.03) 2206(0.03) 1153(0.03) 3387(0.03) 3479(0.03) 3452(0.03) 2401(0.03) 4246(0.03) 1407(0.03) 2798(0.03) 3730(0.03) 1823(0.03) 1219(0.03) 3880(0.03) 1179(0.03) 1311(0.00) 1290(0.00) 3272(0.00) 1291(0.00) 3268(0.00) 3273(0.00) 3267(0.00) 3274(0.00) 3266(0.00) 1292(0.00) 1293(0.00) 1297(0.00) 1279(0.00) 1294(0.00) 3265(0.00) 1295(0.00) 1278(0.00) 1296(0.00) 3264(0.00) 1305(0.00) 1285(0.00) 1284(0.00) 1306(0.00) 1307(0.00) 1308(0.00) 1286(0.00) 3271(0.00) 3262(0.00) 1304(0.00) 3270(0.00) 1277(0.00) 1287(0.00) 1282(0.00) 3263(0.00) 1288(0.00) 1302(0.00) 1309(0.00) 1289(0.00) 1301(0.00) 3269(0.00) 1281(0.00) 1299(0.00) 1280(0.00) 1303(0.00) 1218(0.00) 1220(0.00) 1221(0.00) 3295(0.00) 1222(0.00) 3294(0.00) 3293(0.00) 1223(0.00) 1224(0.00) 3292(0.00) 1310(0.00) 1226(0.00) 1227(0.00) 3290(0.00) 1230(0.00) 1231(0.00) 3289(0.00) 1233(0.00) 1234(0.00) 1235(0.00) 3288(0.00) 1225(0.00) 1197(0.00) 1199(0.00) 3301(0.00) 1200(0.00) 1201(0.00) 3299(0.00) 3298(0.00) 1202(0.00) 1203(0.00) 1204(0.00) 3296(0.00) 1206(0.00) 1207(0.00) 1210(0.00) 3297(0.00) 1211(0.00) 1212(0.00) 1213(0.00) 1214(0.00) 1215(0.00) 1216(0.00) 1217(0.00) 1205(0.00) 1257(0.00) 1258(0.00) 1259(0.00) 3280(0.00) 1261(0.00) 1262(0.00) 1264(0.00) 3279(0.00) 1265(0.00) 1266(0.00) 3286(0.00) 1268(0.00) 1269(0.00) 3277(0.00) 1270(0.00) 1271(0.00) 1273(0.00) 1274(0.00) 3276(0.00) 1275(0.00) 3275(0.00) 1276(0.00) 3278(0.00) 3285(0.00) 1237(0.00) 1238(0.00) 1239(0.00) 1240(0.00) 3284(0.00) 1241(0.00) 3283(0.00) 1242(0.00) 1243(0.00) 1256(0.00) 1245(0.00) 1246(0.00) 3282(0.00) 1249(0.00) 1250(0.00) 1251(0.00) 1252(0.00) 1253(0.00) 1254(0.00) 1255(0.00) 3281(0.00) 1244(0.00) 1420(0.00) 1422(0.00) 1423(0.00) 1424(0.00) 1425(0.00) 1426(0.00) 1427(0.00) 1428(0.00) 1429(0.00) 1430(0.00) 3224(0.00) 1432(0.00) 1194(0.00) 3223(0.00) 3222(0.00) 3221(0.00) 1434(0.00) 1435(0.00) 3220(0.00) 1436(0.00) 1437(0.00) 1438(0.00) 3219(0.00) 1439(0.00) 1440(0.00) 1433(0.00) 1396(0.00) 1397(0.00) 3229(0.00) 3228(0.00) 1398(0.00) 1399(0.00) 1400(0.00) 1401(0.00) 1402(0.00) 1403(0.00) 1404(0.00) 1405(0.00) 1419(0.00) 1408(0.00) 1409(0.00) 1410(0.00) 1411(0.00) 3227(0.00) 1412(0.00) 1413(0.00) 1414(0.00) 1415(0.00) 1416(0.00) 3226(0.00) 1417(0.00) 3225(0.00) 1406(0.00) 1463(0.00) 1490(0.00) 1464(0.00) 1465(0.00) 1466(0.00) 1489(0.00) 1488(0.00) 1487(0.00) 1468(0.00) 1469(0.00) 1470(0.00) 1471(0.00) 1441(0.00) 1472(0.00) 1473(0.00) 1474(0.00) 1475(0.00) 1485(0.00) 1476(0.00) 1477(0.00) 1478(0.00) 1479(0.00) 1480(0.00) 1484(0.00) 1482(0.00) 1483(0.00) 1486(0.00) 1442(0.00) 1443(0.00) 3216(0.00) 3215(0.00) 3214(0.00) 1444(0.00) 1445(0.00) 1446(0.00) 1447(0.00) 1448(0.00) 1449(0.00) 3213(0.00) 1462(0.00) 1451(0.00) 1452(0.00) 1453(0.00) 3212(0.00) 1454(0.00) 1455(0.00) 1456(0.00) 1457(0.00) 1459(0.00) 3211(0.00) 3210(0.00) 3209(0.00) 1492(0.00) 1450(0.00) 3257(0.00) 3256(0.00) 1336(0.00) 1337(0.00) 3255(0.00) 1338(0.00) 3254(0.00) 3253(0.00) 1339(0.00) 3252(0.00) 1340(0.00) 3251(0.00) 1395(0.00) 1343(0.00) 3250(0.00) 1344(0.00) 1345(0.00) 1346(0.00) 3249(0.00) 1347(0.00) 1348(0.00) 3248(0.00) 3247(0.00) 1349(0.00) 1350(0.00) 1351(0.00) 1342(0.00) 1312(0.00) 3261(0.00) 3260(0.00) 1313(0.00) 1314(0.00) 1315(0.00) 1316(0.00) 3259(0.00) 1317(0.00) 1318(0.00) 1319(0.00) 1320(0.00) 1334(0.00) 1322(0.00) 1323(0.00) 3258(0.00) 1324(0.00) 1325(0.00) 1326(0.00) 1327(0.00) 1328(0.00) 1329(0.00) 1330(0.00) 1331(0.00) 1332(0.00) 1333(0.00) 1321(0.00) 3240(0.00) 3239(0.00) 3238(0.00) 1377(0.00) 1378(0.00) 1379(0.00) 3237(0.00) 3236(0.00) 1381(0.00) 1382(0.00) 3235(0.00) 1383(0.00) 3246(0.00) 1384(0.00) 1385(0.00) 1386(0.00) 3233(0.00) 1388(0.00) 1389(0.00) 1390(0.00) 1193(0.00) 1391(0.00) 3232(0.00) 1392(0.00) 1393(0.00) 3231(0.00) 3234(0.00) 1353(0.00) 1354(0.00) 1355(0.00) 1356(0.00) 1358(0.00) 3245(0.00) 1359(0.00) 1360(0.00) 1361(0.00) 1362(0.00) 1363(0.00) 1364(0.00) 3241(0.00) 3244(0.00) 1366(0.00) 1367(0.00) 3243(0.00) 1368(0.00) 1369(0.00) 1370(0.00) 3242(0.00) 1371(0.00) 1372(0.00) 1373(0.00) 1374(0.00) 1375(0.00) 1365(0.00) 783(0.00) 784(0.00) 785(0.00) 786(0.00) 787(0.00) 788(0.00) 789(0.00) 790(0.00) 791(0.00) 792(0.00) 793(0.00) 794(0.00) 795(0.00) 796(0.00) 797(0.00) 3300(0.00) 799(0.00) 800(0.00) 802(0.00) 803(0.00) 804(0.00) 806(0.00) 807(0.00) 808(0.00) 809(0.00) 810(0.00) 812(0.00) 814(0.00) 815(0.00) 816(0.00) 818(0.00) 798(0.00) 743(0.00) 744(0.00) 745(0.00) 746(0.00) 747(0.00) 748(0.00) 749(0.00) 750(0.00) 751(0.00) 752(0.00) 753(0.00) 754(0.00) 755(0.00) 756(0.00) 757(0.00) 782(0.00) 781(0.00) 780(0.00) 778(0.00) 777(0.00) 773(0.00) 772(0.00) 771(0.00) 758(0.00) 769(0.00) 768(0.00) 766(0.00) 765(0.00) 764(0.00) 763(0.00) 761(0.00) 759(0.00) 770(0.00) 857(0.00) 858(0.00) 859(0.00) 860(0.00) 861(0.00) 862(0.00) 863(0.00) 864(0.00) 865(0.00) 866(0.00) 867(0.00) 868(0.00) 869(0.00) 870(0.00) 871(0.00) 819(0.00) 892(0.00) 891(0.00) 890(0.00) 888(0.00) 887(0.00) 886(0.00) 885(0.00) 872(0.00) 881(0.00) 880(0.00) 879(0.00) 878(0.00) 876(0.00) 875(0.00) 874(0.00) 873(0.00) 882(0.00) 821(0.00) 822(0.00) 823(0.00) 824(0.00) 825(0.00) 826(0.00) 827(0.00) 828(0.00) 829(0.00) 830(0.00) 831(0.00) 832(0.00) 833(0.00) 834(0.00) 835(0.00) 856(0.00) 855(0.00) 854(0.00) 853(0.00) 852(0.00) 851(0.00) 850(0.00) 849(0.00) 837(0.00) 847(0.00) 846(0.00) 845(0.00) 842(0.00) 841(0.00) 840(0.00) 839(0.00) 838(0.00) 848(0.00) 261(0.00) 262(0.00) 263(0.00) 264(0.00) 265(0.00) 266(0.00) 267(0.00) 268(0.00) 269(0.00) 272(0.00) 273(0.00) 274(0.00) 275(0.00) 276(0.00) 277(0.00) 742(0.00) 279(0.00) 280(0.00) 281(0.00) 282(0.00) 284(0.00) 285(0.00) 286(0.00) 287(0.00) 288(0.00) 289(0.00) 290(0.00) 291(0.00) 292(0.00) 294(0.00) 295(0.00) 278(0.00) 225(0.00) 226(0.00) 227(0.00) 228(0.00) 229(0.00) 230(0.00) 231(0.00) 232(0.00) 233(0.00) 234(0.00) 235(0.00) 236(0.00) 237(0.00) 238(0.00) 239(0.00) 260(0.00) 259(0.00) 258(0.00) 257(0.00) 256(0.00) 255(0.00) 254(0.00) 253(0.00) 240(0.00) 251(0.00) 250(0.00) 249(0.00) 248(0.00) 247(0.00) 246(0.00) 244(0.00) 243(0.00) 252(0.00) 336(0.00) 709(0.00) 710(0.00) 711(0.00) 712(0.00) 713(0.00) 714(0.00) 715(0.00) 716(0.00) 717(0.00) 718(0.00) 719(0.00) 720(0.00) 721(0.00) 722(0.00) 296(0.00) 741(0.00) 740(0.00) 739(0.00) 737(0.00) 736(0.00) 735(0.00) 734(0.00) 723(0.00) 732(0.00) 731(0.00) 730(0.00) 728(0.00) 727(0.00) 726(0.00) 725(0.00) 724(0.00) 733(0.00) 298(0.00) 300(0.00) 301(0.00) 302(0.00) 303(0.00) 304(0.00) 305(0.00) 307(0.00) 308(0.00) 309(0.00) 310(0.00) 311(0.00) 312(0.00) 313(0.00) 314(0.00) 335(0.00) 334(0.00) 333(0.00) 332(0.00) 331(0.00) 330(0.00) 328(0.00) 327(0.00) 315(0.00) 325(0.00) 324(0.00) 323(0.00) 322(0.00) 321(0.00) 320(0.00) 319(0.00) 318(0.00) 326(0.00) 1074(0.00) 1075(0.00) 1076(0.00) 1078(0.00) 1079(0.00) 1080(0.00) 1081(0.00) 1082(0.00) 1085(0.00) 1086(0.00) 1087(0.00) 1088(0.00) 1089(0.00) 1090(0.00) 1091(0.00) 893(0.00) 1093(0.00) 1094(0.00) 1095(0.00) 1097(0.00) 1098(0.00) 1099(0.00) 1100(0.00) 1101(0.00) 1102(0.00) 1103(0.00) 1104(0.00) 1105(0.00) 1106(0.00) 1107(0.00) 1108(0.00) 1092(0.00) 1038(0.00) 1039(0.00) 1040(0.00) 1041(0.00) 1042(0.00) 1043(0.00) 1045(0.00) 1046(0.00) 1047(0.00) 1048(0.00) 1049(0.00) 1050(0.00) 1051(0.00) 1052(0.00) 1053(0.00) 1073(0.00) 1072(0.00) 1071(0.00) 1070(0.00) 1069(0.00) 1068(0.00) 1067(0.00) 1066(0.00) 1055(0.00) 1064(0.00) 1063(0.00) 1062(0.00) 1061(0.00) 1060(0.00) 1059(0.00) 1057(0.00) 1056(0.00) 1065(0.00) 1156(0.00) 1157(0.00) 1159(0.00) 1160(0.00) 1161(0.00) 1162(0.00) 1163(0.00) 1164(0.00) 1166(0.00) 1167(0.00) 1168(0.00) 1169(0.00) 1170(0.00) 1171(0.00) 1172(0.00) 1109(0.00) 1192(0.00) 1191(0.00) 1190(0.00) 1189(0.00) 1188(0.00) 1187(0.00) 1185(0.00) 1173(0.00) 1183(0.00) 1182(0.00) 1181(0.00) 1180(0.00) 1177(0.00) 1176(0.00) 1175(0.00) 1174(0.00) 1184(0.00) 1110(0.00) 1112(0.00) 1113(0.00) 1114(0.00) 1117(0.00) 1118(0.00) 1121(0.00) 1123(0.00) 1124(0.00) 1125(0.00) 1126(0.00) 1127(0.00) 1131(0.00) 1133(0.00) 1134(0.00) 1155(0.00) 1152(0.00) 1151(0.00) 1150(0.00) 1149(0.00) 1148(0.00) 1147(0.00) 1146(0.00) 1135(0.00) 1144(0.00) 1143(0.00) 1142(0.00) 1141(0.00) 1140(0.00) 1139(0.00) 1138(0.00) 1136(0.00) 1145(0.00) 930(0.00) 931(0.00) 932(0.00) 933(0.00) 935(0.00) 936(0.00) 937(0.00) 938(0.00) 939(0.00) 940(0.00) 941(0.00) 942(0.00) 943(0.00) 944(0.00) 946(0.00) 1037(0.00) 948(0.00) 949(0.00) 950(0.00) 951(0.00) 952(0.00) 954(0.00) 955(0.00) 956(0.00) 957(0.00) 959(0.00) 960(0.00) 961(0.00) 963(0.00) 964(0.00) 965(0.00) 947(0.00) 894(0.00) 895(0.00) 896(0.00) 897(0.00) 898(0.00) 899(0.00) 900(0.00) 901(0.00) 902(0.00) 903(0.00) 904(0.00) 905(0.00) 906(0.00) 907(0.00) 908(0.00) 929(0.00) 928(0.00) 926(0.00) 925(0.00) 924(0.00) 923(0.00) 922(0.00) 921(0.00) 909(0.00) 919(0.00) 918(0.00) 917(0.00) 915(0.00) 913(0.00) 912(0.00) 911(0.00) 910(0.00) 920(0.00) 1003(0.00) 1004(0.00) 1005(0.00) 1006(0.00) 1007(0.00) 1008(0.00) 1010(0.00) 1011(0.00) 1012(0.00) 1013(0.00) 1014(0.00) 1015(0.00) 1017(0.00) 1018(0.00) 1019(0.00) 966(0.00) 1036(0.00) 1035(0.00) 1034(0.00) 1033(0.00) 1032(0.00) 1031(0.00) 1030(0.00) 1020(0.00) 1028(0.00) 1027(0.00) 1026(0.00) 1025(0.00) 1024(0.00) 1023(0.00) 1022(0.00) 1021(0.00) 1029(0.00) 967(0.00) 968(0.00) 969(0.00) 970(0.00) 971(0.00) 972(0.00) 973(0.00) 974(0.00) 976(0.00) 977(0.00) 978(0.00) 979(0.00) 980(0.00) 981(0.00) 982(0.00) 1002(0.00) 1000(0.00) 999(0.00) 998(0.00) 997(0.00) 996(0.00) 995(0.00) 994(0.00) 983(0.00) 992(0.00) 991(0.00) 990(0.00) 989(0.00) 988(0.00) 987(0.00) 986(0.00) 984(0.00) 993(0.00) 4072(0.00) 4073(0.00) 4074(0.00) 4075(0.00) 4076(0.00) 4077(0.00) 4078(0.00) 4079(0.00) 4080(0.00) 4081(0.00) 4082(0.00) 4083(0.00) 4085(0.00) 4086(0.00) 4087(0.00) 3399(0.00) 4089(0.00) 4090(0.00) 4091(0.00) 4092(0.00) 4093(0.00) 4094(0.00) 4095(0.00) 4096(0.00) 4097(0.00) 4098(0.00) 4100(0.00) 4101(0.00) 4102(0.00) 4103(0.00) 4104(0.00) 4088(0.00) 4036(0.00) 4037(0.00) 4038(0.00) 4039(0.00) 4040(0.00) 4041(0.00) 4042(0.00) 4043(0.00) 4044(0.00) 4045(0.00) 4046(0.00) 4047(0.00) 4048(0.00) 4049(0.00) 4050(0.00) 4071(0.00) 4069(0.00) 4068(0.00) 4067(0.00) 4065(0.00) 4064(0.00) 4063(0.00) 4062(0.00) 4051(0.00) 4060(0.00) 4059(0.00) 4058(0.00) 4057(0.00) 4055(0.00) 4054(0.00) 4053(0.00) 4052(0.00) 4061(0.00) 4141(0.00) 4142(0.00) 4143(0.00) 4144(0.00) 4145(0.00) 4146(0.00) 4147(0.00) 4148(0.00) 4149(0.00) 4150(0.00) 4151(0.00) 4152(0.00) 4153(0.00) 4154(0.00) 4155(0.00) 4105(0.00) 4173(0.00) 4172(0.00) 4171(0.00) 4170(0.00) 4169(0.00) 4168(0.00) 4167(0.00) 4156(0.00) 4164(0.00) 4163(0.00) 4162(0.00) 4161(0.00) 4160(0.00) 4159(0.00) 4158(0.00) 4157(0.00) 4165(0.00) 4106(0.00) 4107(0.00) 4108(0.00) 4109(0.00) 4110(0.00) 4111(0.00) 4112(0.00) 4113(0.00) 4114(0.00) 4115(0.00) 4116(0.00) 4117(0.00) 4118(0.00) 4119(0.00) 4120(0.00) 4140(0.00) 4139(0.00) 4138(0.00) 4137(0.00) 4136(0.00) 4135(0.00) 4134(0.00) 4133(0.00) 4121(0.00) 4129(0.00) 4128(0.00) 4127(0.00) 4126(0.00) 4125(0.00) 4124(0.00) 4123(0.00) 4122(0.00) 4130(0.00) 3931(0.00) 3932(0.00) 3933(0.00) 3934(0.00) 3935(0.00) 3936(0.00) 3937(0.00) 3938(0.00) 3940(0.00) 3941(0.00) 3942(0.00) 3943(0.00) 3944(0.00) 3946(0.00) 3948(0.00) 4034(0.00) 3950(0.00) 3951(0.00) 3953(0.00) 3955(0.00) 3956(0.00) 3957(0.00) 3958(0.00) 3959(0.00) 3960(0.00) 3961(0.00) 3962(0.00) 3963(0.00) 3964(0.00) 3965(0.00) 3966(0.00) 3949(0.00) 3893(0.00) 3894(0.00) 3895(0.00) 3896(0.00) 3897(0.00) 3898(0.00) 3900(0.00) 3901(0.00) 3902(0.00) 3903(0.00) 3904(0.00) 3905(0.00) 3906(0.00) 3907(0.00) 3908(0.00) 3930(0.00) 3929(0.00) 3928(0.00) 3927(0.00) 3926(0.00) 3924(0.00) 3923(0.00) 3920(0.00) 3909(0.00) 3917(0.00) 3916(0.00) 3915(0.00) 3914(0.00) 3913(0.00) 3912(0.00) 3911(0.00) 3910(0.00) 3918(0.00) 4001(0.00) 4002(0.00) 4003(0.00) 4004(0.00) 4005(0.00) 4006(0.00) 4007(0.00) 4008(0.00) 4009(0.00) 4010(0.00) 4011(0.00) 4012(0.00) 4013(0.00) 4014(0.00) 4015(0.00) 3967(0.00) 4033(0.00) 4032(0.00) 4031(0.00) 4030(0.00) 4029(0.00) 4028(0.00) 4026(0.00) 4016(0.00) 4024(0.00) 4023(0.00) 4022(0.00) 4021(0.00) 4020(0.00) 4019(0.00) 4018(0.00) 4017(0.00) 4025(0.00) 3968(0.00) 3969(0.00) 3970(0.00) 3971(0.00) 3972(0.00) 3973(0.00) 3974(0.00) 3975(0.00) 3976(0.00) 3977(0.00) 3978(0.00) 3979(0.00) 3980(0.00) 3981(0.00) 3982(0.00) 4000(0.00) 3999(0.00) 3998(0.00) 3997(0.00) 3996(0.00) 3995(0.00) 3994(0.00) 3993(0.00) 3983(0.00) 3991(0.00) 3990(0.00) 3989(0.00) 3988(0.00) 3987(0.00) 3986(0.00) 3985(0.00) 3984(0.00) 3992(0.00) 4358(0.00) 4360(0.00) 4362(0.00) 4363(0.00) 4364(0.00) 4365(0.00) 4366(0.00) 4368(0.00) 4369(0.00) 4370(0.00) 4371(0.00) 4372(0.00) 4373(0.00) 4374(0.00) 4375(0.00) 4174(0.00) 4378(0.00) 4379(0.00) 4380(0.00) 4381(0.00) 4382(0.00) 4383(0.00) 4384(0.00) 4385(0.00) 4387(0.00) 4388(0.00) 4389(0.00) 4390(0.00) 4391(0.00) 4392(0.00) 4393(0.00) 4376(0.00) 4321(0.00) 4322(0.00) 4323(0.00) 4324(0.00) 4325(0.00) 4326(0.00) 4327(0.00) 4328(0.00) 4329(0.00) 4330(0.00) 4331(0.00) 4333(0.00) 4334(0.00) 4335(0.00) 4336(0.00) 4356(0.00) 4355(0.00) 4354(0.00) 4353(0.00) 4352(0.00) 4351(0.00) 4350(0.00) 4349(0.00) 4337(0.00) 4347(0.00) 4346(0.00) 4345(0.00) 4344(0.00) 4343(0.00) 4342(0.00) 4340(0.00) 4339(0.00) 4348(0.00) 4429(0.00) 4430(0.00) 4431(0.00) 4432(0.00) 4433(0.00) 4434(0.00) 4435(0.00) 4436(0.00) 4437(0.00) 4438(0.00) 4439(0.00) 4440(0.00) 4441(0.00) 4442(0.00) 4443(0.00) 4394(0.00) 4460(0.00) 4459(0.00) 4458(0.00) 4457(0.00) 4456(0.00) 4455(0.00) 4454(0.00) 4444(0.00) 4452(0.00) 4451(0.00) 4450(0.00) 4449(0.00) 4448(0.00) 4447(0.00) 4446(0.00) 4445(0.00) 4453(0.00) 4395(0.00) 4396(0.00) 4397(0.00) 4399(0.00) 4400(0.00) 4401(0.00) 4402(0.00) 4403(0.00) 4404(0.00) 4405(0.00) 4406(0.00) 4407(0.00) 4408(0.00) 4409(0.00) 4410(0.00) 4428(0.00) 4427(0.00) 4426(0.00) 4425(0.00) 4424(0.00) 4423(0.00) 4422(0.00) 4421(0.00) 4411(0.00) 4419(0.00) 4418(0.00) 4417(0.00) 4416(0.00) 4415(0.00) 4414(0.00) 4413(0.00) 4412(0.00) 4420(0.00) 4211(0.00) 4212(0.00) 4213(0.00) 4214(0.00) 4215(0.00) 4216(0.00) 4217(0.00) 4218(0.00) 4219(0.00) 4220(0.00) 4221(0.00) 4222(0.00) 4223(0.00) 4224(0.00) 4225(0.00) 4319(0.00) 4227(0.00) 4228(0.00) 4229(0.00) 4230(0.00) 4231(0.00) 4232(0.00) 4233(0.00) 4234(0.00) 4235(0.00) 4236(0.00) 4237(0.00) 4238(0.00) 4239(0.00) 4240(0.00) 4241(0.00) 4226(0.00) 4175(0.00) 4176(0.00) 4177(0.00) 4178(0.00) 4179(0.00) 4181(0.00) 4182(0.00) 4183(0.00) 4184(0.00) 4185(0.00) 4186(0.00) 4187(0.00) 4188(0.00) 4189(0.00) 4190(0.00) 4210(0.00) 4209(0.00) 4208(0.00) 4207(0.00) 4206(0.00) 4205(0.00) 4203(0.00) 4202(0.00) 4191(0.00) 4199(0.00) 4198(0.00) 4197(0.00) 4196(0.00) 4195(0.00) 4194(0.00) 4193(0.00) 4192(0.00) 4201(0.00) 4286(0.00) 4287(0.00) 4288(0.00) 4289(0.00) 4290(0.00) 4291(0.00) 4292(0.00) 4293(0.00) 4294(0.00) 4295(0.00) 4296(0.00) 4297(0.00) 4298(0.00) 4299(0.00) 4300(0.00) 4242(0.00) 4318(0.00) 4317(0.00) 4316(0.00) 4315(0.00) 4314(0.00) 4312(0.00) 4311(0.00) 4301(0.00) 4309(0.00) 4308(0.00) 4307(0.00) 4306(0.00) 4305(0.00) 4304(0.00) 4303(0.00) 4302(0.00) 4310(0.00) 4243(0.00) 4244(0.00) 4245(0.00) 4247(0.00) 4249(0.00) 4250(0.00) 4251(0.00) 4253(0.00) 4255(0.00) 4257(0.00) 4258(0.00) 4260(0.00) 4261(0.00) 4262(0.00) 4263(0.00) 4285(0.00) 4282(0.00) 4281(0.00) 4280(0.00) 4279(0.00) 4278(0.00) 4277(0.00) 4276(0.00) 4264(0.00) 4273(0.00) 4272(0.00) 4271(0.00) 4270(0.00) 4269(0.00) 4268(0.00) 4266(0.00) 4265(0.00) 


Filtered 1784 locations: 681 2418 2467 245 767 4248 271 2435 3899 1154 2690 1009 4338 2489 1729 4070 3673 774 775 2408 805 801 3954 3922 1267 1122 1158 1300 729 2437 3613 221 3652 3607 3578 3947 3952 3844 3841 4256 1357 3567 1335 4367 3469 4359 3510 884 3431 883 3526 1740 2856 125 1467 2194 3535 4066 3571 738 916 4084 1376 914 760 2817 2818 1727 2827 2080 4274 2210 3536 2230 3466 1802 160 2131 2132 4204 2970 4200 813 3477 820 2971 2919 370 1783 934 2192 4259 4132 1820 2184 2175 144 4180 3508 2888 2892 1418 2899 1460 836 1431 3511 1128 1236 1120 1580 2409 1111 1247 1248 4283 2594 3889 1260 1084 2611 1077 2375 619 3708 1198 2483 2484 3789 2503 2443 3812 1495 1130 2434 3828 1228 2537 1229 2542 1137 3731 1132 2520 2730 3611 3609 1681 1341 1686 3599 962 2368 2270 958 2756 2757 2264 3585 2774 4056 2780 2751 3921 2631 1058 602 2350 3945 3667 3665 2288 583 3657 2329 1016 1652 1001 2712 985 2726 3660 316 317 2007 3230 3380 1847 186 1969 3382 2038 3044 1870 1893 195 3287 3183 3291 4320 1988 212 210 2056 1910 270 3217 4386 242 299 889 3104 3362 3418 4361 297 3108 174 224 185 306 181 3414 1283 161 975 3565 1096 2506 4267 3939 3641 293 2185 2265 1461 811 1394 3892 3135 1263 2091 2406 4131 1352 2900 3011 200 3548 1766 4377 1044 1815 3445 817 3546 3817 3674 2662 3603 1784 2881 4166 1129 2034 3326 107 1942 4313 346 208 220 3066 1745 1272 3919 3550 1856 3925 1054 1186 762 877 2306 1232 2481 1421 201 953 1458 843 779 945 3785 180 2249 1721 3446 1196 1209 241 2485 4035 2440 2674 2928 1208 3138 1818 2305 776 927 2236 1195 3677 1795 3608 1115 4398 1165 2077 1380 329 4284 2000 1178 1955 2823 190 2797 2393 1298 2710 184 2009 1119 1491 2121 1537 3372 3582 4027 1665 3475 3694 167 596 1083 3121 4254 3552 3185 4341 283 154 1387 135 2066 3554 844 3218 1116 178 4332 2452 4252 4357 2765 4099 217 3413 1481 3398 2206 1153 3387 3479 3452 2401 4246 1407 2798 3730 1823 1219 3880 1179 1311 1290 3272 1291 3268 3273 3267 3274 3266 1292 1293 1297 1279 1294 3265 1295 1278 1296 3264 1305 1285 1284 1306 1307 1308 1286 3271 3262 1304 3270 1277 1287 1282 3263 1288 1302 1309 1289 1301 3269 1281 1299 1280 1303 1218 1220 1221 3295 1222 3294 3293 1223 1224 3292 1310 1226 1227 3290 1230 1231 3289 1233 1234 1235 3288 1225 1197 1199 3301 1200 1201 3299 3298 1202 1203 1204 3296 1206 1207 1210 3297 1211 1212 1213 1214 1215 1216 1217 1205 1257 1258 1259 3280 1261 1262 1264 3279 1265 1266 3286 1268 1269 3277 1270 1271 1273 1274 3276 1275 3275 1276 3278 3285 1237 1238 1239 1240 3284 1241 3283 1242 1243 1256 1245 1246 3282 1249 1250 1251 1252 1253 1254 1255 3281 1244 1420 1422 1423 1424 1425 1426 1427 1428 1429 1430 3224 1432 1194 3223 3222 3221 1434 1435 3220 1436 1437 1438 3219 1439 1440 1433 1396 1397 3229 3228 1398 1399 1400 1401 1402 1403 1404 1405 1419 1408 1409 1410 1411 3227 1412 1413 1414 1415 1416 3226 1417 3225 1406 1463 1490 1464 1465 1466 1489 1488 1487 1468 1469 1470 1471 1441 1472 1473 1474 1475 1485 1476 1477 1478 1479 1480 1484 1482 1483 1486 1442 1443 3216 3215 3214 1444 1445 1446 1447 1448 1449 3213 1462 1451 1452 1453 3212 1454 1455 1456 1457 1459 3211 3210 3209 1492 1450 3257 3256 1336 1337 3255 1338 3254 3253 1339 3252 1340 3251 1395 1343 3250 1344 1345 1346 3249 1347 1348 3248 3247 1349 1350 1351 1342 1312 3261 3260 1313 1314 1315 1316 3259 1317 1318 1319 1320 1334 1322 1323 3258 1324 1325 1326 1327 1328 1329 1330 1331 1332 1333 1321 3240 3239 3238 1377 1378 1379 3237 3236 1381 1382 3235 1383 3246 1384 1385 1386 3233 1388 1389 1390 1193 1391 3232 1392 1393 3231 3234 1353 1354 1355 1356 1358 3245 1359 1360 1361 1362 1363 1364 3241 3244 1366 1367 3243 1368 1369 1370 3242 1371 1372 1373 1374 1375 1365 783 784 785 786 787 788 789 790 791 792 793 794 795 796 797 3300 799 800 802 803 804 806 807 808 809 810 812 814 815 816 818 798 743 744 745 746 747 748 749 750 751 752 753 754 755 756 757 782 781 780 778 777 773 772 771 758 769 768 766 765 764 763 761 759 770 857 858 859 860 861 862 863 864 865 866 867 868 869 870 871 819 892 891 890 888 887 886 885 872 881 880 879 878 876 875 874 873 882 821 822 823 824 825 826 827 828 829 830 831 832 833 834 835 856 855 854 853 852 851 850 849 837 847 846 845 842 841 840 839 838 848 261 262 263 264 265 266 267 268 269 272 273 274 275 276 277 742 279 280 281 282 284 285 286 287 288 289 290 291 292 294 295 278 225 226 227 228 229 230 231 232 233 234 235 236 237 238 239 260 259 258 257 256 255 254 253 240 251 250 249 248 247 246 244 243 252 336 709 710 711 712 713 714 715 716 717 718 719 720 721 722 296 741 740 739 737 736 735 734 723 732 731 730 728 727 726 725 724 733 298 300 301 302 303 304 305 307 308 309 310 311 312 313 314 335 334 333 332 331 330 328 327 315 325 324 323 322 321 320 319 318 326 1074 1075 1076 1078 1079 1080 1081 1082 1085 1086 1087 1088 1089 1090 1091 893 1093 1094 1095 1097 1098 1099 1100 1101 1102 1103 1104 1105 1106 1107 1108 1092 1038 1039 1040 1041 1042 1043 1045 1046 1047 1048 1049 1050 1051 1052 1053 1073 1072 1071 1070 1069 1068 1067 1066 1055 1064 1063 1062 1061 1060 1059 1057 1056 1065 1156 1157 1159 1160 1161 1162 1163 1164 1166 1167 1168 1169 1170 1171 1172 1109 1192 1191 1190 1189 1188 1187 1185 1173 1183 1182 1181 1180 1177 1176 1175 1174 1184 1110 1112 1113 1114 1117 1118 1121 1123 1124 1125 1126 1127 1131 1133 1134 1155 1152 1151 1150 1149 1148 1147 1146 1135 1144 1143 1142 1141 1140 1139 1138 1136 1145 930 931 932 933 935 936 937 938 939 940 941 942 943 944 946 1037 948 949 950 951 952 954 955 956 957 959 960 961 963 964 965 947 894 895 896 897 898 899 900 901 902 903 904 905 906 907 908 929 928 926 925 924 923 922 921 909 919 918 917 915 913 912 911 910 920 1003 1004 1005 1006 1007 1008 1010 1011 1012 1013 1014 1015 1017 1018 1019 966 1036 1035 1034 1033 1032 1031 1030 1020 1028 1027 1026 1025 1024 1023 1022 1021 1029 967 968 969 970 971 972 973 974 976 977 978 979 980 981 982 1002 1000 999 998 997 996 995 994 983 992 991 990 989 988 987 986 984 993 4072 4073 4074 4075 4076 4077 4078 4079 4080 4081 4082 4083 4085 4086 4087 3399 4089 4090 4091 4092 4093 4094 4095 4096 4097 4098 4100 4101 4102 4103 4104 4088 4036 4037 4038 4039 4040 4041 4042 4043 4044 4045 4046 4047 4048 4049 4050 4071 4069 4068 4067 4065 4064 4063 4062 4051 4060 4059 4058 4057 4055 4054 4053 4052 4061 4141 4142 4143 4144 4145 4146 4147 4148 4149 4150 4151 4152 4153 4154 4155 4105 4173 4172 4171 4170 4169 4168 4167 4156 4164 4163 4162 4161 4160 4159 4158 4157 4165 4106 4107 4108 4109 4110 4111 4112 4113 4114 4115 4116 4117 4118 4119 4120 4140 4139 4138 4137 4136 4135 4134 4133 4121 4129 4128 4127 4126 4125 4124 4123 4122 4130 3931 3932 3933 3934 3935 3936 3937 3938 3940 3941 3942 3943 3944 3946 3948 4034 3950 3951 3953 3955 3956 3957 3958 3959 3960 3961 3962 3963 3964 3965 3966 3949 3893 3894 3895 3896 3897 3898 3900 3901 3902 3903 3904 3905 3906 3907 3908 3930 3929 3928 3927 3926 3924 3923 3920 3909 3917 3916 3915 3914 3913 3912 3911 3910 3918 4001 4002 4003 4004 4005 4006 4007 4008 4009 4010 4011 4012 4013 4014 4015 3967 4033 4032 4031 4030 4029 4028 4026 4016 4024 4023 4022 4021 4020 4019 4018 4017 4025 3968 3969 3970 3971 3972 3973 3974 3975 3976 3977 3978 3979 3980 3981 3982 4000 3999 3998 3997 3996 3995 3994 3993 3983 3991 3990 3989 3988 3987 3986 3985 3984 3992 4358 4360 4362 4363 4364 4365 4366 4368 4369 4370 4371 4372 4373 4374 4375 4174 4378 4379 4380 4381 4382 4383 4384 4385 4387 4388 4389 4390 4391 4392 4393 4376 4321 4322 4323 4324 4325 4326 4327 4328 4329 4330 4331 4333 4334 4335 4336 4356 4355 4354 4353 4352 4351 4350 4349 4337 4347 4346 4345 4344 4343 4342 4340 4339 4348 4429 4430 4431 4432 4433 4434 4435 4436 4437 4438 4439 4440 4441 4442 4443 4394 4460 4459 4458 4457 4456 4455 4454 4444 4452 4451 4450 4449 4448 4447 4446 4445 4453 4395 4396 4397 4399 4400 4401 4402 4403 4404 4405 4406 4407 4408 4409 4410 4428 4427 4426 4425 4424 4423 4422 4421 4411 4419 4418 4417 4416 4415 4414 4413 4412 4420 4211 4212 4213 4214 4215 4216 4217 4218 4219 4220 4221 4222 4223 4224 4225 4319 4227 4228 4229 4230 4231 4232 4233 4234 4235 4236 4237 4238 4239 4240 4241 4226 4175 4176 4177 4178 4179 4181 4182 4183 4184 4185 4186 4187 4188 4189 4190 4210 4209 4208 4207 4206 4205 4203 4202 4191 4199 4198 4197 4196 4195 4194 4193 4192 4201 4286 4287 4288 4289 4290 4291 4292 4293 4294 4295 4296 4297 4298 4299 4300 4242 4318 4317 4316 4315 4314 4312 4311 4301 4309 4308 4307 4306 4305 4304 4303 4302 4310 4243 4244 4245 4247 4249 4250 4251 4253 4255 4257 4258 4260 4261 4262 4263 4285 4282 4281 4280 4279 4278 4277 4276 4264 4273 4272 4271 4270 4269 4268 4266 4265 

Extracted 0 prioritized locations: 

Final instance parameters:
loc_max_id: 4461
loc_cnt: 1784
service: fnl4461_0020
cust_max_id: 4461
cust_cnt: 4461
unweighted obj function
p: 20
total_demand: 224395.00
threshold_dist: 961.05



-------------------------------------------------
Final Problem RSSV heuristic
-------------------------------------------------
    RSSV_EXACT_CPMP_BIN
-------------------------------------------------
Gap Cplex Reports: gap_Bin_service_fnl4461_0020_p_20_RSSV_EXACT_CPMP_BIN.csv
[CALLBACK] Generating reports cplex callbacks...
[CALLBACK] Using BreakCallback...
Time Limit with not improving 1.00% (gap): 120.00 seconds
Time Limit with Gap less than 1%: 120.00 seconds
Default row names c1, c2 ... being created.
Version identifier: 22.1.1.0 | 2022-11-28 | 9160aff4d
CPXPARAM_TimeLimit                               2100
Legacy callback                                  i
Tried aggregator 1 time.
Presolve has eliminated 6488553 rows and 6488553 columns...
MIP Presolve eliminated 6488553 rows and 6488553 columns.
MIP Presolve modified 1 coefficients.
Reduced MIP has 6246 rows, 1471655 columns, and 2943310 nonzeros.
Reduced MIP has 1471655 binaries, 0 generals, 0 SOSs, and 0 indicators.
Presolve time = 28.97 sec. (16655.93 ticks)
Tried aggregator 1 time.
Detecting symmetries...
Reduced MIP has 6246 rows, 1471655 columns, and 2943310 nonzeros.
Reduced MIP has 1471655 binaries, 0 generals, 0 SOSs, and 0 indicators.
Presolve time = 6.84 sec. (3070.14 ticks)
Probing time = 3.78 sec. (306.96 ticks)
Clique table members: 1474332.
MIP emphasis: balance optimality and feasibility.
MIP search method: dynamic search.
Parallel mode: deterministic, using up to 32 threads.
Root relaxation solution time = 4.40 sec. (1418.12 ticks)

        Nodes                                         Cuts/
   Node  Left     Objective  IInf  Best Integer    Best Bound    ItCnt     Gap

      0     0   298203.8501  1780                 298203.8501     1797         
Time: 118.56 seconds
MIP Gap: 999999999999999926539781176481198923508803215199467887262646419780362305536.00
Nodes: 0
Best Objective: 298203.850055881659500
Incumbent Obj:  999999999999999926539781176481198923508803215199467887262646419780362305536.000000000000000
*     0+    0                      1866376.3010   298203.8501            84.02%
Time: 150.970888137817383 seconds
MIP Gap: 0.840223083688534
Nodes: 0
Best Objective: 298203.850055881659500
Incumbent Obj:  1866376.301033174851909
      0     0   383383.3680  3492  1866376.3010    Cuts: 1661     6247   79.46%
Time: 186.206198930740356 seconds
MIP Gap: 0.794584099809204
Nodes: 0
Best Objective: 383383.367971496831160
Incumbent Obj:  1866376.301033174851909
      0     0   433934.2474  5582  1866376.3010    Cuts: 1661    10796   76.75%
Time: 228.986994981765747 seconds
MIP Gap: 0.767499058390572
Nodes: 0
Best Objective: 433934.247387735056691
Incumbent Obj:  1866376.301033174851909
      0     0   468764.8715  7086  1866376.3010    Cuts: 1661    15332   74.88%
Time: 559.247820138931274 seconds
MIP Gap: 0.748836892496490
Nodes: 0
Best Objective: 468764.871538399485871
Incumbent Obj:  1866376.301033174851909
      0     0   497438.8547  8561  1866376.3010    Cuts: 1661    19877   73.35%
Time: 606.391171932220459 seconds
MIP Gap: 0.733473440234966
Nodes: 0
Best Objective: 497438.854741361399647
Incumbent Obj:  1866376.301033174851909
      0     0   522331.7399  9798  1866376.3010    Cuts: 1661    24925   72.01%
Detecting symmetries...
Time: 664.479543924331665 seconds
MIP Gap: 0.720135891343395
Nodes: 0
Best Objective: 522331.739906461210921
Incumbent Obj:  1866376.301033174851909
      0     0   544885.1190 10978  1866376.3010    Cuts: 1661    30222   70.81%
Time: 729.981363058090210 seconds
MIP Gap: 0.708051844245015
Nodes: 0
Best Objective: 544885.119031446985900
Incumbent Obj:  1866376.301033174851909
      0     0   565671.3016 12239  1866376.3010    Cuts: 1661    35637   69.69%
Time: 806.137804031372070 seconds
MIP Gap: 0.696914656894466
Nodes: 0
Best Objective: 565671.301562678068876
Incumbent Obj:  1866376.301033174851909
      0     0   585756.0722 13297  1866376.3010    Cuts: 1661    41537   68.62%
Time: 896.135844945907593 seconds
MIP Gap: 0.686153284360614
Nodes: 0
Best Objective: 585756.072226447518915
Incumbent Obj:  1866376.301033174851909
      0     0   604588.0431 14607  1866376.3010    Cuts: 1661    47527   67.61%
Time: 1020.359997034072876 seconds
MIP Gap: 0.676063158977000
Nodes: 0
Best Objective: 604588.043116879183799
Incumbent Obj:  1866376.301033174851909
      0     0   621777.3348 15684  1866376.3010    Cuts: 1661    53653   66.69%
Time: 1173.497945070266724 seconds
MIP Gap: 0.666853177220677
Nodes: 0
Best Objective: 621777.334799827658571
Incumbent Obj:  1866376.301033174851909
      0     0   639465.8909 16570  1866376.3010    Cuts: 1661    60569   65.74%
Time: 1364.078112125396729 seconds
MIP Gap: 0.657375690791610
Nodes: 0
Best Objective: 639465.890864401590079
Incumbent Obj:  1866376.301033174851909
      0     0   654871.4408 17877  1866376.3010    Cuts: 1661    67021   64.91%
Time: 1517.003168106079102 seconds
MIP Gap: 0.649121433659115
Nodes: 0
Best Objective: 654871.440759125165641
Incumbent Obj:  1866376.301033174851909
      0     0   669281.4107 18665  1866376.3010    Cuts: 1661    73954   64.14%
*     0+    0                      1839648.3893   669281.4107            63.62%
Time: 1774.287331104278564 seconds
MIP Gap: 0.636190581548680
Nodes: 0
Best Objective: 669281.410658147884533
Incumbent Obj:  1839648.389278031187132
      0     0   683243.7886 19957  1839648.3893    Cuts: 1661    81175   62.86%
*     0+    0                      1831015.6879   683243.7886            62.68%
Advanced basis not built.
      0     0        cutoff        1831015.6879   683243.7886    81175   62.68%
Elapsed time = 2100.44 sec. (1034643.14 ticks, tree = 0.01 MB, solutions = 3)

Clique cuts applied:  4438
Cover cuts applied:  3738
Mixed integer rounding cuts applied:  9885
Zero-half cuts applied:  13

Root node processing (before b&c):
  Real time             = 2101.23 sec. (1034983.36 ticks)
Parallel b&c, 32 threads:
  Real time             =    0.00 sec. (0.00 ticks)
  Sync time (average)   =    0.00 sec.
  Wait time (average)   =    0.00 sec.
                          ------------
Total (root+branch&cut) = 2101.23 sec. (1034983.36 ticks)
[INFO] Saving variables cplex:
./outputs/solutions/2024-08-28_LIT_seed_500_Subp_nxC/VarsValues_cplex/test_lit_fnl4461_0020_CPMP_Vars_Bin_p_20_RSSV_EXACT_CPMP_BIN.txt
[INFO] Saving results cplex: 
./outputs/solutions/2024-08-28_LIT_seed_500_Subp_nxC/Results_cplex/test_lit_fnl4461_0020_Bin_RSSV_EXACT_CPMP_BIN.csv

Final solution CPMP:
p locations: 3968 758 993 3546 2249 190 2817 995 3399 994 3969 4202 983 989 987 1393 986 4193 4203 984 
p size: 20
objective: 1831015.687903692014515
sum (dij * xij) 
demand/capacity: 224395.000000000000000/280500
Solution is Feasible
Statistics:
Max distance: 959.229899450595781
Min distance: 0.000000000000000
Avg distance: 410.449604999706821
Std deviation distance: 213.456106872136161


Final total elapsed time: 2458s
[INFO] Saving assignment: ./outputs/solutions/2024-08-28_LIT_seed_500_Subp_nxC/Assignments/test_lit_fnl4461_0020_p_20_RSSV_EXACT_CPMP_BIN.txt
[INFO] Saving results: ./outputs/solutions/2024-08-28_LIT_seed_500_Subp_nxC/test_lit_fnl4461_0020_results_RSSV_EXACT_CPMP_BIN.csv
[INFO] Saving all results: ./outputs/solutions/test_all_results.csv
Post Optimization: EXACT_CPMP_BIN


-------------------------------------------------
Post Optimization
-------------------------------------------------
method: EXACT_CPMP_BIN
-------------------------------------------------
Time for post-optimization: 1142.000000000000000s
PostOptimization constructor for Solution_cap
p locations: 3968 758 993 3546 2249 190 2817 995 3399 994 3969 4202 983 989 987 1393 986 4193 4203 984 
p size: 20
objective: 1831015.687903692014515
sum (dij * xij) 
demand/capacity: 224395.000000000000000/280500
Solution is Feasible
[INFO] Running post-optimization
Time limit: 1142.000000000000000
Max size of the neigh: 222
 ------------------------------------ 

Iteration Post-Optimization: 1
Size of neighborhood: 1
[INFO] Adding MIP start solution
Gap Cplex Reports: gap_Bin_service_fnl4461_0020_p_20_RSSV_POSTOPT.csv
[CALLBACK] Generating reports cplex callbacks...
Default row names c1, c2 ... being created.
Version identifier: 22.1.1.0 | 2022-11-28 | 9160aff4d
CPXPARAM_TimeLimit                               1142
CPXPARAM_MIP_Tolerances_LowerCutoff              683243.78855271661
Legacy callback                                  i
1 of 2 MIP starts provided solutions.
MIP start 'm1' defined initial solution with objective 1746335.8156.
Presolve has eliminated 16070226 rows and 16074647 columns...
Presolve has improved bounds 4421 times...
Tried aggregator 2 times.
MIP Presolve eliminated 16074647 rows and 19872008 columns.
MIP Presolve modified 9 coefficients.
Aggregator did 205 substitutions.
Reduced MIP has 4317 rows, 32769 columns, and 65578 nonzeros.
Reduced MIP has 32769 binaries, 0 generals, 0 SOSs, and 0 indicators.
Presolve time = 77.16 sec. (50493.24 ticks)
Tried aggregator 1 time.
Detecting symmetries...
Reduced MIP has 4317 rows, 32769 columns, and 65578 nonzeros.
Reduced MIP has 32769 binaries, 0 generals, 0 SOSs, and 0 indicators.
Presolve time = 0.09 sec. (43.59 ticks)
Probing time = 0.02 sec. (6.27 ticks)
Clique table members: 37210.
MIP emphasis: balance optimality and feasibility.
MIP search method: dynamic search.
Parallel mode: deterministic, using up to 32 threads.
Root relaxation solution time = 0.05 sec. (48.37 ticks)

        Nodes                                         Cuts/
   Node  Left     Objective  IInf  Best Integer    Best Bound    ItCnt     Gap

*     0+    0                      1746335.8156    88641.7398            94.92%
      0     0  1701557.3351    56  1746335.8156  1701557.3351     1012    2.56%
Time: 201.275651931762695 seconds
MIP Gap: 0.025641391585253
Nodes: 0
Best Objective: 1701557.335149870952591
Incumbent Obj:  1746335.815637997584417
      0     0  1718102.9628  2295  1746335.8156    Cuts: 1179     2307    1.62%
*     0+    0                      1726473.3053  1718102.9628             0.48%
      0     0  1724995.7856  3251  1726473.3053    Cuts: 1179     3619    0.09%
Time: 206.814783096313477 seconds
MIP Gap: 0.000855802251956
Nodes: 0
Best Objective: 1724995.785569963976741
Incumbent Obj:  1726473.305312593234703
      0     0  1725919.5691   719  1726473.3053     Cuts: 819     4095    0.03%
*     0+    0                      1726347.8828  1725919.5691             0.02%
      0     0  -1.00000e+75     0  1726347.8828  1725919.5691     4095    0.02%
Time: 216.030203104019165 seconds
MIP Gap: 0.000248103975586
Nodes: 0
Best Objective: 1725919.569076600484550
Incumbent Obj:  1726347.882849580608308
      0     0  1725944.2981    88  1726347.8828      Cuts: 21     4137    0.02%
*     0+    0                      1726205.8562  1725944.2981             0.02%
      0     0  -1.00000e+75     0  1726205.8562  1725944.2981     4137    0.02%
*     0+    0                      1726192.8332  1725944.2981             0.01%
Detecting symmetries...

Repeating presolve.
Tried aggregator 3 times.
MIP Presolve eliminated 242 rows and 15386 columns.
MIP Presolve added 11 rows and 0 columns.
MIP Presolve modified 4 coefficients.
Aggregator did 939 substitutions.
Reduced MIP has 3147 rows, 16444 columns, and 32924 nonzeros.
Reduced MIP has 16444 binaries, 0 generals, 0 SOSs, and 0 indicators.
Presolve time = 0.07 sec. (47.51 ticks)
Probing time = 0.02 sec. (3.84 ticks)
Tried aggregator 1 time.
Detecting symmetries...
Reduced MIP has 3147 rows, 16444 columns, and 32924 nonzeros.
Reduced MIP has 16444 binaries, 0 generals, 0 SOSs, and 0 indicators.
Presolve time = 0.03 sec. (20.76 ticks)
Represolve time = 20.18 sec. (7691.21 ticks)
Probing time = 0.02 sec. (3.84 ticks)
Clique table members: 19936.
MIP emphasis: balance optimality and feasibility.
MIP search method: dynamic search.
Parallel mode: deterministic, using up to 32 threads.
Root relaxation solution time = 0.51 sec. (364.70 ticks)

        Nodes                                         Cuts/
   Node  Left     Objective  IInf  Best Integer    Best Bound    ItCnt     Gap

*     0+    0                      1726192.8332  1725951.9822             0.01%
      0     0  1725945.7447    17  1726192.8332  1725951.9822     8449    0.01%
Time: 256.124321937561035 seconds
MIP Gap: 0.000139527305693
Nodes: 0
Best Objective: 1725951.982188529567793
Incumbent Obj:  1726192.833223655354232
      0     0  1725951.0552    23  1726192.8332       Cuts: 9     8530    0.01%
      0     0  1725953.5704    35  1726192.8332      Cuts: 11     8651    0.01%
*     0+    0                      1726173.6474  1725956.0285             0.01%
*     0+    0                      1726124.7815  1725956.0285             0.01%
      0     0  -1.00000e+75     0  1726124.7815  1725956.0285     8651    0.01%

Clique cuts applied:  2576
Cover cuts applied:  45
Flow cuts applied:  14
Mixed integer rounding cuts applied:  51
Zero-half cuts applied:  1
Gomory fractional cuts applied:  12

Root node processing (before b&c):
  Real time             =  227.90 sec. (92175.47 ticks)
Parallel b&c, 32 threads:
  Real time             =    0.00 sec. (0.00 ticks)
  Sync time (average)   =    0.00 sec.
  Wait time (average)   =    0.00 sec.
                          ------------
Total (root+branch&cut) =  227.90 sec. (92175.47 ticks)
Post-Optimization Solution: 
p locations: 4193 4203 984 1035 983 989 952 1037 3399 4190 3968 995 3969 713 1416 2249 190 2817 993 3546 
p size: 20
objective: 1726124.781514754751697
sum (dij * xij) 
demand/capacity: 224395.000000000000000/280500
Solution is Feasible
Comparing Best Bounds: 
Old Best Bound: 1725956.028467426775023
New Best Bound: 1725956.028467426775023
Time elapsed: 332.566350539999974s
Time remaining: 1142.000000000000000s
 ------------------------------------ 

Iteration Post-Optimization: 2
Size of neighborhood: 1
[INFO] Adding MIP start solution
Gap Cplex Reports: gap_Bin_service_fnl4461_0020_p_20_RSSV_POSTOPT.csv
[CALLBACK] Generating reports cplex callbacks...
Default row names c1, c2 ... being created.
Version identifier: 22.1.1.0 | 2022-11-28 | 9160aff4d
CPXPARAM_TimeLimit                               809.43364945999997
CPXPARAM_MIP_Tolerances_LowerCutoff              1725956.0284674268
Legacy callback                                  i
1 of 2 MIP starts provided solutions.
MIP start 'm1' defined initial solution with objective 1726101.5602.
Presolve has eliminated 16110194 rows and 16114615 columns...
Presolve has improved bounds 4421 times...
Tried aggregator 2 times.
MIP Presolve eliminated 16114615 rows and 19872342 columns.
MIP Presolve modified 9 coefficients.
Aggregator did 213 substitutions.
Reduced MIP has 4309 rows, 32427 columns, and 64894 nonzeros.
Reduced MIP has 32427 binaries, 0 generals, 0 SOSs, and 0 indicators.
Presolve time = 76.51 sec. (49788.52 ticks)
Tried aggregator 1 time.
Detecting symmetries...
Reduced MIP has 4309 rows, 32427 columns, and 64894 nonzeros.
Reduced MIP has 32427 binaries, 0 generals, 0 SOSs, and 0 indicators.
Presolve time = 0.09 sec. (43.12 ticks)
Probing time = 0.02 sec. (6.21 ticks)
Clique table members: 36868.
MIP emphasis: balance optimality and feasibility.
MIP search method: dynamic search.
Parallel mode: deterministic, using up to 32 threads.
Root relaxation solution time = 0.05 sec. (55.64 ticks)

        Nodes                                         Cuts/
   Node  Left     Objective  IInf  Best Integer    Best Bound    ItCnt     Gap

*     0+    0                      1726101.5602    91867.5435            94.68%
      0     0  1691307.4165    56  1726101.5602  1691307.4165     1039    2.02%
Time: 227.822326898574829 seconds
MIP Gap: 0.020157645678078
Nodes: 0
Best Objective: 1691307.416515647200868
Incumbent Obj:  1726101.560169930104166
*     0+    0                      1726082.8168  1691307.4165             2.01%
      0     0  1706983.2341  2277  1726082.8168    Cuts: 1177     2335    1.11%
*     0+    0                      1715827.5156  1706983.2341             0.52%
Time: 232.915515899658203 seconds
MIP Gap: 0.005154528280171
Nodes: 0
Best Objective: 1706983.234098702436313
Incumbent Obj:  1715827.515551507938653
      0     0  1713507.4855  2856  1715827.5156    Cuts: 1177     3713    0.14%
      0     0  1714225.7642   723  1715827.5156     Cuts: 405     4178    0.09%
*     0+    0                      1714793.6450  1714225.7642             0.03%
*     0+    0                      1714688.1071  1714225.7642             0.03%
      0     0  -1.00000e+75     0  1714688.1071  1714225.7642     4178    0.03%
Time: 239.791578054428101 seconds
MIP Gap: 0.000269636698428
Nodes: 0
Best Objective: 1714225.764210862573236
Incumbent Obj:  1714688.107050882186741
*     0+    0                      1714541.8408  1714225.7642             0.02%
      0     0  1714256.0106  1340  1714541.8408      Cuts: 24     4337    0.02%
*     0+    0                      1714437.9933  1714256.0106             0.01%
      0     0  -1.00000e+75     0  1714437.9933  1714256.0106     4337    0.01%

Clique cuts applied:  2471
Cover cuts applied:  32
Flow cuts applied:  15
Mixed integer rounding cuts applied:  52
Zero-half cuts applied:  10
Gomory fractional cuts applied:  11

Root node processing (before b&c):
  Real time             =  172.97 sec. (78392.40 ticks)
Parallel b&c, 32 threads:
  Real time             =    0.00 sec. (0.00 ticks)
  Sync time (average)   =    0.00 sec.
  Wait time (average)   =    0.00 sec.
                          ------------
Total (root+branch&cut) =  172.97 sec. (78392.40 ticks)
Post-Optimization Solution: 
p locations: 4193 3969 4203 984 983 952 989 1037 667 4190 3968 995 190 2817 2249 3399 993 1067 1474 3546 
p size: 20
objective: 1714437.993316194275394
sum (dij * xij) 
demand/capacity: 224395.000000000000000/280500
Solution is Feasible
Comparing Best Bounds: 
Old Best Bound: 1714269.448657959932461
New Best Bound: 1714269.448657959932461
Time elapsed: 302.588194629999975s
Time remaining: 809.433649459999970s
 ------------------------------------ 

Iteration Post-Optimization: 3
Size of neighborhood: 1
[INFO] Adding MIP start solution
Gap Cplex Reports: gap_Bin_service_fnl4461_0020_p_20_RSSV_POSTOPT.csv
[CALLBACK] Generating reports cplex callbacks...
Default row names c1, c2 ... being created.
Version identifier: 22.1.1.0 | 2022-11-28 | 9160aff4d
CPXPARAM_TimeLimit                               506.84545482999999
CPXPARAM_MIP_Tolerances_LowerCutoff              1714269.4486579599
Legacy callback                                  i
1 of 2 MIP starts provided solutions.
MIP start 'm1' defined initial solution with objective 1714396.7767.
Presolve has eliminated 16110194 rows and 16114615 columns...
Presolve has improved bounds 4421 times...
Tried aggregator 2 times.
MIP Presolve eliminated 16114615 rows and 19872357 columns.
MIP Presolve modified 9 coefficients.
Aggregator did 212 substitutions.
Reduced MIP has 4310 rows, 32413 columns, and 64866 nonzeros.
Reduced MIP has 32413 binaries, 0 generals, 0 SOSs, and 0 indicators.
Presolve time = 76.92 sec. (49788.50 ticks)
Tried aggregator 1 time.
Detecting symmetries...
Reduced MIP has 4310 rows, 32413 columns, and 64866 nonzeros.
Reduced MIP has 32413 binaries, 0 generals, 0 SOSs, and 0 indicators.
Presolve time = 0.09 sec. (43.09 ticks)
Probing time = 0.02 sec. (6.21 ticks)
Clique table members: 36854.
MIP emphasis: balance optimality and feasibility.
MIP search method: dynamic search.
Parallel mode: deterministic, using up to 32 threads.
Root relaxation solution time = 0.05 sec. (54.90 ticks)

        Nodes                                         Cuts/
   Node  Left     Objective  IInf  Best Integer    Best Bound    ItCnt     Gap

*     0+    0                      1714396.7767    91082.8646            94.69%
      0     0  1689233.8791    56  1714396.7767  1689233.8791     1093    1.47%
Time: 208.114337921142578 seconds
MIP Gap: 0.014677406031621
Nodes: 0
Best Objective: 1689233.879070708528161
Incumbent Obj:  1714396.776661064708605
      0     0  1705234.1491  2243  1714396.7767    Cuts: 1177     2419    0.53%
*     0+    0                      1713524.8859  1705234.1491             0.48%
      0     0  1712103.6987  3463  1713524.8859    Cuts: 1177     3773    0.08%
      0     0  1713092.4037  1609  1713524.8859     Cuts: 695     4564    0.03%
*     0+    0                      1713362.3515  1713092.4037             0.02%
      0     0  -1.00000e+75     0  1713362.3515  1713092.4037     4564    0.02%
Time: 219.108849048614502 seconds
MIP Gap: 0.000157554426346
Nodes: 0
Best Objective: 1713092.403721628244966
Incumbent Obj:  1713362.351544048869982
*     0+    0                      1713307.1205  1713092.4037             0.01%
      0     0  -1.00000e+75     0  1713307.1205  1713092.4037     4564    0.01%

Clique cuts applied:  2691
Cover cuts applied:  31
Flow cuts applied:  10
Mixed integer rounding cuts applied:  51
Zero-half cuts applied:  2
Gomory fractional cuts applied:  11

Root node processing (before b&c):
  Real time             =  186.37 sec. (77696.72 ticks)
Parallel b&c, 32 threads:
  Real time             =    0.00 sec. (0.00 ticks)
  Sync time (average)   =    0.00 sec.
  Wait time (average)   =    0.00 sec.
                          ------------
Total (root+branch&cut) =  186.37 sec. (77696.72 ticks)
Post-Optimization Solution: 
p locations: 4193 3969 4203 984 1477 983 952 989 1037 667 4190 3968 995 2249 190 2817 3399 993 1067 3546 
p size: 20
objective: 1713307.120497911237180
sum (dij * xij) 
demand/capacity: 224395.000000000000000/280500
Solution is Feasible
Comparing Best Bounds: 
Old Best Bound: 1713143.417418441036716
New Best Bound: 1713143.417418441036716
Time elapsed: 288.639979349999976s
Time remaining: 506.845454829999994s
 ------------------------------------ 

Iteration Post-Optimization: 4
Size of neighborhood: 1
[INFO] Adding MIP start solution
Gap Cplex Reports: gap_Bin_service_fnl4461_0020_p_20_RSSV_POSTOPT.csv
[CALLBACK] Generating reports cplex callbacks...
Default row names c1, c2 ... being created.
Version identifier: 22.1.1.0 | 2022-11-28 | 9160aff4d
CPXPARAM_TimeLimit                               218.20547548000002
CPXPARAM_MIP_Tolerances_LowerCutoff              1713143.417418441
Legacy callback                                  i
1 of 2 MIP starts provided solutions.
MIP start 'm1' defined initial solution with objective 1713283.5827.
Presolve has eliminated 16110194 rows and 16114615 columns...
Presolve has improved bounds 4421 times...
Tried aggregator 2 times.
MIP Presolve eliminated 16114615 rows and 19872357 columns.
MIP Presolve modified 9 coefficients.
Aggregator did 212 substitutions.
Reduced MIP has 4310 rows, 32413 columns, and 64866 nonzeros.
Reduced MIP has 32413 binaries, 0 generals, 0 SOSs, and 0 indicators.
Presolve time = 76.97 sec. (49788.50 ticks)
Tried aggregator 1 time.
Detecting symmetries...
Reduced MIP has 4310 rows, 32413 columns, and 64866 nonzeros.
Reduced MIP has 32413 binaries, 0 generals, 0 SOSs, and 0 indicators.
Presolve time = 0.09 sec. (43.09 ticks)
Probing time = 0.03 sec. (6.21 ticks)
Clique table members: 36854.
MIP emphasis: balance optimality and feasibility.
MIP search method: dynamic search.
Parallel mode: deterministic, using up to 32 threads.
Root relaxation solution time = 0.05 sec. (54.90 ticks)

        Nodes                                         Cuts/
   Node  Left     Objective  IInf  Best Integer    Best Bound    ItCnt     Gap

*     0+    0                      1713283.5827    91082.8646            94.68%
      0     0  1689233.8791    56  1713283.5827  1689233.8791     1093    1.40%
Time: 229.545691013336182 seconds
MIP Gap: 0.014037199605304
Nodes: 0
Best Objective: 1689233.879070708993822
Incumbent Obj:  1713283.582701581530273
      0     0  1705246.5186  2245  1713283.5827    Cuts: 1177     2418    0.47%
*     0+    0                      1713269.6693  1705246.5186             0.47%
      0     0  1712112.1892  3452  1713269.6693    Cuts: 1177     3802    0.07%
      0     0  1713090.7963  1716  1713269.6693     Cuts: 704     4531    0.01%
*     0+    0                      1713261.8026  1713090.7963             0.01%
      0     0  -1.00000e+75     0  1713261.8026  1713090.7963     4531    0.01%

Clique cuts applied:  2683
Cover cuts applied:  30
Flow cuts applied:  11
Mixed integer rounding cuts applied:  52
Zero-half cuts applied:  2
Gomory fractional cuts applied:  11

Root node processing (before b&c):
  Real time             =  172.76 sec. (77112.50 ticks)
Parallel b&c, 32 threads:
  Real time             =    0.00 sec. (0.00 ticks)
  Sync time (average)   =    0.00 sec.
  Wait time (average)   =    0.00 sec.
                          ------------
Total (root+branch&cut) =  172.76 sec. (77112.50 ticks)
Post-Optimization Solution: 
p locations: 4193 3969 4203 984 1477 983 952 989 1037 667 4190 3968 995 2249 190 2817 3399 993 1067 3546 
p size: 20
objective: 1713261.802595301531255
sum (dij * xij) 
demand/capacity: 224395.000000000000000/280500
Solution is Feasible
Comparing Best Bounds: 
Old Best Bound: 1713090.796301763039082
New Best Bound: 1713090.796301763039082
Time elapsed: 294.403149392999978s
Time remaining: 218.205475480000018s



Finishing post-optimization
p locations: 4193 3969 4203 984 1477 983 952 989 1037 667 4190 3968 995 2249 190 2817 3399 993 1067 3546 
p size: 20
objective: 1713261.802595301531255
sum (dij * xij) 
demand/capacity: 224395.000000000000000/280500
Solution is Feasible
Solution Stats
Statistics:
Max distance: 952.924446113121803
Min distance: 0.000000000000000
Avg distance: 384.053307015310793
Std deviation distance: 199.550604687228031


[INFO] Saving assignment: ./outputs/solutions/2024-08-28_LIT_seed_500_Subp_nxC/Assignments/test_lit_fnl4461_0020_p_20_RSSV_EXACT_CPMP_BIN_POSTOPT.txt
[INFO] Saving results: ./outputs/solutions/2024-08-28_LIT_seed_500_Subp_nxC/test_lit_fnl4461_0020_results_RSSV_EXACT_CPMP_BIN_POSTOPT.csv
[INFO] Saving all results: ./outputs/solutions/test_all_results.csv
Final total elapsed time (post opt): 3676s
PostOptimization destructor
Finish solving problem
Elapsed time: 3676602 ms

RSSV finished.
