Debug: configOverride contents: IsWeighted_ObjFunc add_break_callback add_generate_reports add_threshold_distance_rssv bw_multiplier capacities cover_mode coverages cust_max_id distance_matrix loc_max_id max_ite_subprob_rssv method method_post_opt method_rssv_fp method_rssv_sp output p seed service size_subproblems_rssv subarea threads time time_cplex time_subprob_rssv weights 
Loading instance...
Scanning input data...
Distance matrix dimensions: 3039 x 3039 = 9235521
Elapsed time: 0 ms

Loading weights...
Skipped line: customer weight coord_x coord_y
Loaded 3038 weights
Loaded 3038 coordinates
Total customer demand: 154482.00
Elapsed time: 22 ms

Loading capacities...
Skipped line: location capacity coord_x coord_y
Loaded 3038 capacities
Loaded 3038 coordinates
Elapsed time: 24 ms

Loading distance matrix...
Computing euclidian distances...
bw multiplier: 0.50
Loaded 9232482 distances
dists stdev: 862.93
bandwidth h: 18.49
locations: 3038
customers: 3038
p: 600
Elapsed time: 160 ms

[INFO] Instance loaded
loc_max_id: 3038
loc_cnt: 3038
service: p3038_600
cust_max_id: 3038
cust_cnt: 3038
unweighted obj function
p: 600
total_demand: 154482.00


-------------------------------------------------


-------------------------------------------------
RSSV heuristic 
-------------------------------------------------
method subproblems: TB_PMP
method final problem: EXACT_CPMP_BIN
-------------------------------------------------
RSSV running...
cPMP size (N): 3038
sub-cPMP size (n): 720
Subproblems cnt (M): 21
p: 600
Seed: 0
Time limit for subproblems: 300.00

thread cnt: 20

Thread 1 created with seed 1
Thread 2 created with seed 2
Thread 3 created with seed 3
Thread 4 created with seed 4
Solving sub-PMP 1/21...
Thread 5 created with seed 5
Solving sub-PMP 2/21...
Thread 6 created with seed 6
Solving sub-PMP 3/21...
Solving sub-PMP 4/21...
Solving sub-PMP 5/21...
Thread 7 created with seed 7
Solving sub-PMP 6/21...
Thread 8 created with seed 8
Thread 9 created with seed 9
Thread 10 created with seed 10
Solving sub-PMP 7/21...
Thread 11 created with seed 11
Solving sub-PMP 9/21...
Solving sub-PMP Thread 12 created with seed 12
10/21...
uncapacitated TB started
Solving sub-PMP 11/21...
Solving sub-PMP 8/21...
uncapacitated TB started
Thread uncapacitated TB started
13 created with seed 13
uncapacitated TB started
Solving sub-PMP 12/21...
uncapacitated TB started
Thread 14 created with seed 14
Solving sub-PMP 13/21...
uncapacitated TB started
Thread 15 created with seed 15
Solving sub-PMP 14/21...
uncapacitated TB started
Thread uncapacitated TB started
16uncapacitated TB started
 created with seed 16
Solving sub-PMP 15/21...
Thread 17 created with seed 17
Solving sub-PMP 16/21...
uncapacitated TB started
uncapacitated TB started
uncapacitated TB started
uncapacitated TB started
Thread 18 created with seed 18
Solving sub-PMP 17/21...
Thread 19 created with seed 19
Thread uncapacitated TB started
20 created with seed 20
Solving sub-PMP 18/21...
uncapacitated TB started
Solving sub-PMP 20/21...
uncapacitated TB started
uncapacitated TB started
uncapacitated TB started
uncapacitated TB started
[INFO] Uncapacitated TB local search started
[INFO] Uncapacitated TB local search started
[INFO] Uncapacitated TB local search started
[INFO] Uncapacitated TB local search started
[INFO] Uncapacitated TB local search started
[INFO] Uncapacitated TB local search started
[INFO] Uncapacitated TB local search started
[INFO] Uncapacitated TB local search started
[INFO] Uncapacitated TB local search started
[INFO] Uncapacitated TB local search started
[INFO] Uncapacitated TB local search started
[INFO] Uncapacitated TB local search started
[INFO] Uncapacitated TB local search started
[INFO] Uncapacitated TB local search started
Solving sub-PMP 19/21...
[INFO] Uncapacitated TB local search started
[INFO] Uncapacitated TB local search started
[INFO] Uncapacitated TB local search started
[INFO] Uncapacitated TB local search started
[INFO] Uncapacitated TB local search started
uncapacitated TB started
[INFO] Uncapacitated TB local search started

[INFO] Time limit reached. Stopping the algorithm.
TB elapsed time: 
[INFO] Time limit reached. Stopping the algorithm.
TB elapsed time: 
[INFO] Time limit reached. Stopping the algorithm.
TB elapsed time: 300.00300.00 seconds
300.00 seconds
 seconds
Num ite total uncapacited TB: 10
tb solution is feasible
Num ite total uncapacited TB: 12
tb solution is feasible
Num ite total uncapacited TB: 19
tb solution is feasible

[INFO] Time limit reached. Stopping the algorithm.
TB elapsed time: 300.00 seconds
Num ite total uncapacited TB: 11
tb solution is feasible

[INFO] Time limit reached. Stopping the algorithm.
TB elapsed time: 300.00 seconds
Num ite total uncapacited TB: 21
tb solution is feasible

[INFO] Time limit reached. Stopping the algorithm.
TB elapsed time: 300.00 seconds
Num ite total uncapacited TB: 17
tb solution is feasible

[INFO] Time limit reached. Stopping the algorithm.
TB elapsed time: 300.00 seconds
Num ite total uncapacited TB: 13
tb solution is feasible

[INFO] Time limit reached. Stopping the algorithm.
TB elapsed time: 300.00 seconds
Num ite total uncapacited TB: 13
tb solution is feasible

[INFO] Time limit reached. Stopping the algorithm.
TB elapsed time: 300.00 seconds
Num ite total uncapacited TB: 12
tb solution is feasible

[INFO] Time limit reached. Stopping the algorithm.
TB elapsed time: 300.00 seconds
Num ite total uncapacited TB: 12
tb solution is feasible

[INFO] Time limit reached. Stopping the algorithm.
TB elapsed time: 300.00 seconds
Num ite total uncapacited TB: 11
tb solution is feasible

[INFO] Time limit reached. Stopping the algorithm.
TB elapsed time: 300.00 seconds
Num ite total uncapacited TB: 13
tb solution is feasible

[INFO] Time limit reached. Stopping the algorithm.
TB elapsed time: 
[INFO] Time limit reached. Stopping the algorithm.
TB elapsed time: 300.00 seconds
Num ite total uncapacited TB: 15
tb solution is feasible
300.01 seconds
Num ite total uncapacited TB: 14
tb solution is feasible

[INFO] Time limit reached. Stopping the algorithm.
TB elapsed time: 300.00 seconds
Num ite total uncapacited TB: 12
tb solution is feasible

[INFO] Time limit reached. Stopping the algorithm.
TB elapsed time: 300.01 seconds
Num ite total uncapacited TB: 13
tb solution is feasible

[INFO] Time limit reached. Stopping the algorithm.
TB elapsed time: 300.01 seconds
Num ite total uncapacited TB: 11
tb solution is feasible

[INFO] Time limit reached. Stopping the algorithm.
TB elapsed time: 300.01 seconds
Num ite total uncapacited TB: 17
tb solution is feasible

[INFO] Time limit reached. Stopping the algorithm.
TB elapsed time: 300.01 seconds
Num ite total uncapacited TB: 15
tb solution is feasible

[INFO] Time limit reached. Stopping the algorithm.
TB elapsed time: 300.00 seconds
Num ite total uncapacited TB: 10
tb solution is feasible
Thread 21 created with seed 21
Solving sub-PMP 21/21...
uncapacitated TB started
[INFO] Uncapacitated TB local search started

[INFO] Time limit reached. Stopping the algorithm.
TB elapsed time: 300.00 seconds
Num ite total uncapacited TB: 25
tb solution is feasible
[INFO] All subproblems solved.

Elapsed time: 602858 ms


Stats: 
Max dist: 375.67
Min dist: 0.00
avg of Avg dists: 55.48
avg Std dev dist: 41.21

First 720 voting weights (sorted): 2326(19.81) 2322(19.80) 2323(19.52) 2321(19.08) 2324(17.40) 2033(13.20) 2109(12.00) 1853(11.30) 1251(11.14) 2931(11.13) 2293(11.13) 729(11.05) 648(11.05) 2445(11.00) 2558(11.00) 747(11.00) 2587(11.00) 1769(11.00) 1224(11.00) 2275(11.00) 650(10.79) 3004(10.78) 1584(10.68) 2573(10.56) 2453(10.48) 555(10.34) 1586(10.29) 1092(10.26) 2219(10.08) 2492(10.08) 1446(10.06) 537(10.00) 2349(10.00) 1782(10.00) 2029(10.00) 2228(10.00) 2270(10.00) 2635(10.00) 2837(10.00) 881(10.00) 3037(10.00) 2571(9.96) 177(9.96) 179(9.95) 3005(9.92) 1332(9.86) 2134(9.58) 3003(9.55) 1333(9.44) 1559(9.25) 1785(9.24) 977(9.23) 439(9.14) 188(9.11) 939(9.10) 668(9.09) 2944(9.09) 579(9.07) 1736(9.04) 108(9.01) 2888(9.00) 28(9.00) 1663(9.00) 419(9.00) 2258(9.00) 2371(9.00) 2358(9.00) 1116(9.00) 1277(9.00) 582(9.00) 1935(9.00) 2866(9.00) 753(9.00) 1763(9.00) 1898(9.00) 1069(9.00) 2877(9.00) 1110(9.00) 922(8.99) 901(8.99) 2064(8.90) 797(8.90) 2062(8.87) 821(8.87) 98(8.84) 570(8.83) 1792(8.79) 554(8.66) 107(8.50) 340(8.49) 675(8.38) 659(8.34) 699(8.30) 2319(8.28) 2583(8.27) 717(8.24) 185(8.24) 2235(8.22) 1261(8.21) 640(8.21) 1329(8.14) 90(8.14) 2080(8.14) 2698(8.14) 2912(8.13) 225(8.12) 1919(8.12) 2875(8.11) 2011(8.11) 1209(8.11) 1662(8.11) 2317(8.10) 1214(8.09) 329(8.09) 1689(8.07) 2804(8.07) 1074(8.04) 1890(8.00) 2330(8.00) 2524(8.00) 1059(8.00) 135(8.00) 3020(8.00) 1886(8.00) 1197(8.00) 15(8.00) 1463(8.00) 965(8.00) 1315(8.00) 2473(8.00) 2310(8.00) 113(8.00) 1803(8.00) 1052(8.00) 1337(8.00) 643(8.00) 772(8.00) 2290(8.00) 2666(8.00) 244(8.00) 2163(8.00) 1206(8.00) 1670(8.00) 2699(8.00) 251(8.00) 568(8.00) 229(8.00) 1076(8.00) 508(8.00) 1419(8.00) 1599(8.00) 1457(8.00) 1588(8.00) 3016(8.00) 445(8.00) 2043(8.00) 277(8.00) 1655(8.00) 2543(8.00) 74(8.00) 655(8.00) 927(8.00) 820(8.00) 132(7.96) 133(7.93) 736(7.84) 1501(7.66) 1687(7.64) 652(7.54) 974(7.46) 3006(7.43) 335(7.43) 1129(7.42) 265(7.38) 1513(7.30) 2892(7.29) 2626(7.28) 2060(7.28) 1230(7.27) 2526(7.23) 664(7.23) 1901(7.22) 1752(7.21) 562(7.20) 2088(7.20) 2193(7.20) 1248(7.20) 2602(7.20) 509(7.20) 2488(7.17) 413(7.17) 2703(7.16) 92(7.15) 2904(7.15) 1911(7.14) 81(7.14) 2376(7.14) 1556(7.13) 421(7.13) 2609(7.13) 120(7.13) 2144(7.13) 1158(7.12) 795(7.11) 2105(7.11) 2367(7.11) 529(7.11) 1947(7.11) 118(7.11) 101(7.10) 1514(7.10) 50(7.09) 574(7.09) 1977(7.09) 889(7.09) 2941(7.09) 49(7.09) 2786(7.09) 375(7.08) 816(7.08) 2615(7.08) 2737(7.08) 674(7.07) 1278(7.07) 1490(7.07) 2914(7.07) 423(7.07) 985(7.06) 503(7.06) 1237(7.06) 2878(7.04) 826(7.03) 1113(7.03) 1942(7.02) 2041(7.00) 454(7.00) 676(7.00) 3017(7.00) 677(7.00) 1216(7.00) 1541(7.00) 476(7.00) 1007(7.00) 3034(7.00) 1493(7.00) 1547(7.00) 682(7.00) 1926(7.00) 1192(7.00) 1185(7.00) 585(7.00) 3022(7.00) 1839(7.00) 1835(7.00) 623(7.00) 641(7.00) 1161(7.00) 1681(7.00) 851(7.00) 1149(7.00) 1980(7.00) 1146(7.00) 1746(7.00) 663(7.00) 1070(7.00) 1671(7.00) 1642(7.00) 1629(7.00) 1622(7.00) 1159(7.00) 2672(7.00) 238(7.00) 226(7.00) 2641(7.00) 2628(7.00) 924(7.00) 746(7.00) 169(7.00) 1354(7.00) 2528(7.00) 127(7.00) 2267(7.00) 3(7.00) 2468(7.00) 2455(7.00) 771(7.00) 2443(7.00) 83(7.00) 2406(7.00) 2387(7.00) 1307(7.00) 57(7.00) 2916(7.00) 2900(7.00) 2886(7.00) 2873(7.00) 1432(7.00) 2845(7.00) 317(7.00) 313(7.00) 2816(7.00) 2810(7.00) 1394(7.00) 897(7.00) 2778(7.00) 2764(7.00) 287(7.00) 2753(7.00) 276(7.00) 1405(7.00) 1404(7.00) 259(7.00) 1401(7.00) 312(7.00) 2294(7.00) 1286(7.00) 2291(7.00) 164(7.00) 371(7.00) 2220(7.00) 2214(7.00) 991(7.00) 157(7.00) 406(7.00) 410(7.00) 2167(7.00) 2116(7.00) 853(7.00) 2090(7.00) 447(7.00) 3015(7.00) 403(7.00) 14(7.00) 784(7.00) 1297(7.00) 2998(7.00) 779(7.00) 151(7.00) 2808(6.98) 2363(6.81) 2357(6.79) 387(6.79) 598(6.75) 2098(6.74) 1725(6.71) 1688(6.71) 1487(6.67) 2099(6.60) 2581(6.59) 2819(6.55) 1071(6.52) 2137(6.52) 112(6.50) 2401(6.48) 1635(6.48) 248(6.47) 2852(6.43) 543(6.42) 2030(6.40) 932(6.40) 2818(6.40) 818(6.38) 2285(6.36) 1427(6.36) 1072(6.35) 2119(6.34) 2891(6.34) 2152(6.34) 2245(6.30) 577(6.30) 576(6.30) 2525(6.30) 2589(6.29) 1817(6.29) 2143(6.28) 1359(6.26) 1094(6.26) 599(6.26) 526(6.25) 2932(6.25) 596(6.24) 2133(6.23) 478(6.22) 2977(6.21) 2690(6.20) 2691(6.20) 438(6.20) 1372(6.19) 2572(6.19) 2655(6.19) 2704(6.19) 2913(6.18) 3000(6.18) 67(6.16) 66(6.16) 1058(6.16) 480(6.16) 1555(6.16) 1824(6.16) 2203(6.16) 1905(6.15) 1596(6.14) 181(6.14) 2195(6.14) 1950(6.14) 846(6.14) 1856(6.14) 1585(6.14) 535(6.14) 1507(6.13) 1506(6.13) 1474(6.12) 1428(6.11) 2758(6.11) 2729(6.11) 2307(6.11) 2969(6.11) 1825(6.11) 594(6.11) 2001(6.11) 894(6.11) 231(6.11) 2157(6.11) 519(6.11) 1607(6.11) 2662(6.11) 931(6.11) 1220(6.10) 2508(6.10) 813(6.10) 796(6.10) 742(6.10) 1582(6.09) 561(6.09) 2838(6.09) 978(6.09) 2592(6.09) 511(6.09) 518(6.09) 2289(6.09) 721(6.09) 2185(6.09) 2430(6.09) 906(6.09) 1470(6.09) 3031(6.08) 310(6.08) 3029(6.08) 404(6.08) 1581(6.08) 2563(6.08) 1388(6.08) 2948(6.07) 593(6.07) 2987(6.07) 791(6.07) 566(6.07) 2597(6.07) 1664(6.07) 2568(6.07) 2974(6.07) 685(6.07) 2205(6.07) 955(6.07) 402(6.06) 1494(6.05) 1648(6.05) 1369(6.05) 1981(6.05) 678(6.05) 992(6.05) 2953(6.04) 2651(6.04) 2521(6.04) 553(6.04) 325(6.04) 2569(6.04) 1356(6.02) 2480(6.00) 2498(6.00) 46(6.00) 831(6.00) 2710(6.00) 2514(6.00) 2518(6.00) 59(6.00) 2709(6.00) 2676(6.00) 63(6.00) 2479(6.00) 2538(6.00) 834(6.00) 2654(6.00) 2562(6.00) 191(6.00) 2624(6.00) 2555(6.00) 76(6.00) 2559(6.00) 172(6.00) 819(6.00) 2844(6.00) 3011(6.00) 334(6.00) 2881(6.00) 2887(6.00) 2889(6.00) 725(6.00) 726(6.00) 727(6.00) 23(6.00) 731(6.00) 2938(6.00) 743(6.00) 749(6.00) 2959(6.00) 756(6.00) 767(6.00) 2960(6.00) 775(6.00) 2993(6.00) 2930(6.00) 2719(6.00) 3033(6.00) 270(6.00) 273(6.00) 2733(6.00) 2744(6.00) 280(6.00) 281(6.00) 284(6.00) 285(6.00) 315(6.00) 292(6.00) 302(6.00) 2798(6.00) 305(6.00) 309(6.00) 3018(6.00) 24(6.00) 2809(6.00) 3013(6.00) 2833(6.00) 2746(6.00) 1818(6.00) 1819(6.00) 1821(6.00) 638(6.00) 1822(6.00) 839(6.00) 609(6.00) 608(6.00) 1833(6.00) 1850(6.00) 1855(6.00) 1866(6.00) 2333(6.00) 1899(6.00) 1906(6.00) 1934(6.00) 1938(6.00) 1960(6.00) 548(6.00) 1989(6.00) 1991(6.00) 524(6.00) 2002(6.00) 2021(6.00) 2023(6.00) 1892(6.00) 1530(6.00) 1508(6.00) 1565(6.00) 700(6.00) 698(6.00) 694(6.00) 1593(6.00) 1605(6.00) 1620(6.00) 1621(6.00) 1637(6.00) 1672(6.00) 646(6.00) 1684(6.00) 1692(6.00) 1710(6.00) 661(6.00) 1757(6.00) 657(6.00) 1773(6.00) 1774(6.00) 1784(6.00) 1786(6.00) 1790(6.00) 1811(6.00) 1677(6.00) 2273(6.00) 161(6.00) 158(6.00) 2298(6.00) 152(6.00) 2320(6.00) 138(6.00) 2335(6.00) 2336(6.00) 2350(6.00) 2359(6.00) 2369(6.00) 496(6.00) 2396(6.00) 2405(6.00) 2412(6.00) 2416(6.00) 2421(6.00) 2426(6.00) 94(6.00) 2435(6.00) 2439(6.00) 2440(6.00) 79(6.00) 2441(6.00) 2386(6.00) 493(6.00) 490(6.00) 488(6.00) 486(6.00) 2028(6.00) 2036(6.00) 2037(6.00) 465(6.00) 2042(6.00) 2058(6.00) 2076(6.00) 2125(6.00) 337(6.00) 2175(6.00) 2210(6.00) 2211(6.00) 2213(6.00) 383(6.00) 382(6.00) 2216(6.00) 2229(6.00) 2238(6.00) 365(6.00) 342(6.00) 2268(6.00) 2136(6.00) 1313(6.00) 909(6.00) 905(6.00) 1319(6.00) 899(6.00) 1328(6.00) 1342(6.00) 892(6.00) 1056(6.00) 982(6.00) 1347(6.00) 1355(6.00) 1048(6.00) 862(6.00) 1381(6.00) 1046(6.00) 1042(6.00) 1398(6.00) 871(6.00) 1408(6.00) 1409(6.00) 1410(6.00) 1029(6.00) 1415(6.00) 1416(6.00) 1422(6.00) 1025(6.00) 1380(6.00) 1154(6.00) 950(6.00) 1165(6.00) 1168(6.00) 1170(6.00) 951(6.00) 952(6.00) 1186(6.00) 953(6.00) 1190(6.00) 941(6.00) 1199(6.00) 1205(6.00) 1310(6.00) 1131(6.00) 1128(6.00) 961(6.00) 1123(6.00) 1240(6.00) 1242(6.00) 1119(6.00) 1104(6.00) 1265(6.00) 916(6.00) 1097(6.00) 1305(6.00) 1308(6.00) 1208(6.00) 1008(6.00) 1009(6.00) 1476(6.00) 856(6.00) 1492(6.00) 1433(6.00) 1464(6.00) 1020(6.00) 339(6.00) 2981(5.97) 900(5.97) 923(5.97) 2355(5.95) 1810(5.92) 696(5.91) 2984(5.91) 


Filtered 720 locations: 2326 2322 2323 2321 2324 2033 2109 1853 1251 2931 2293 729 648 2445 2558 747 2587 1769 1224 2275 650 3004 1584 2573 2453 555 1586 1092 2219 2492 1446 537 2349 1782 2029 2228 2270 2635 2837 881 3037 2571 177 179 3005 1332 2134 3003 1333 1559 1785 977 439 188 939 668 2944 579 1736 108 2888 28 1663 419 2258 2371 2358 1116 1277 582 1935 2866 753 1763 1898 1069 2877 1110 922 901 2064 797 2062 821 98 570 1792 554 107 340 675 659 699 2319 2583 717 185 2235 1261 640 1329 90 2080 2698 2912 225 1919 2875 2011 1209 1662 2317 1214 329 1689 2804 1074 1890 2330 2524 1059 135 3020 1886 1197 15 1463 965 1315 2473 2310 113 1803 1052 1337 643 772 2290 2666 244 2163 1206 1670 2699 251 568 229 1076 508 1419 1599 1457 1588 3016 445 2043 277 1655 2543 74 655 927 820 132 133 736 1501 1687 652 974 3006 335 1129 265 1513 2892 2626 2060 1230 2526 664 1901 1752 562 2088 2193 1248 2602 509 2488 413 2703 92 2904 1911 81 2376 1556 421 2609 120 2144 1158 795 2105 2367 529 1947 118 101 1514 50 574 1977 889 2941 49 2786 375 816 2615 2737 674 1278 1490 2914 423 985 503 1237 2878 826 1113 1942 2041 454 676 3017 677 1216 1541 476 1007 3034 1493 1547 682 1926 1192 1185 585 3022 1839 1835 623 641 1161 1681 851 1149 1980 1146 1746 663 1070 1671 1642 1629 1622 1159 2672 238 226 2641 2628 924 746 169 1354 2528 127 2267 3 2468 2455 771 2443 83 2406 2387 1307 57 2916 2900 2886 2873 1432 2845 317 313 2816 2810 1394 897 2778 2764 287 2753 276 1405 1404 259 1401 312 2294 1286 2291 164 371 2220 2214 991 157 406 410 2167 2116 853 2090 447 3015 403 14 784 1297 2998 779 151 2808 2363 2357 387 598 2098 1725 1688 1487 2099 2581 2819 1071 2137 112 2401 1635 248 2852 543 2030 932 2818 818 2285 1427 1072 2119 2891 2152 2245 577 576 2525 2589 1817 2143 1359 1094 599 526 2932 596 2133 478 2977 2690 2691 438 1372 2572 2655 2704 2913 3000 67 66 1058 480 1555 1824 2203 1905 1596 181 2195 1950 846 1856 1585 535 1507 1506 1474 1428 2758 2729 2307 2969 1825 594 2001 894 231 2157 519 1607 2662 931 1220 2508 813 796 742 1582 561 2838 978 2592 511 518 2289 721 2185 2430 906 1470 3031 310 3029 404 1581 2563 1388 2948 593 2987 791 566 2597 1664 2568 2974 685 2205 955 402 1494 1648 1369 1981 678 992 2953 2651 2521 553 325 2569 1356 2480 2498 46 831 2710 2514 2518 59 2709 2676 63 2479 2538 834 2654 2562 191 2624 2555 76 2559 172 819 2844 3011 334 2881 2887 2889 725 726 727 23 731 2938 743 749 2959 756 767 2960 775 2993 2930 2719 3033 270 273 2733 2744 280 281 284 285 315 292 302 2798 305 309 3018 24 2809 3013 2833 2746 1818 1819 1821 638 1822 839 609 608 1833 1850 1855 1866 2333 1899 1906 1934 1938 1960 548 1989 1991 524 2002 2021 2023 1892 1530 1508 1565 700 698 694 1593 1605 1620 1621 1637 1672 646 1684 1692 1710 661 1757 657 1773 1774 1784 1786 1790 1811 1677 2273 161 158 2298 152 2320 138 2335 2336 2350 2359 2369 496 2396 2405 2412 2416 2421 2426 94 2435 2439 2440 79 2441 2386 493 490 488 486 2028 2036 2037 465 2042 2058 2076 2125 337 2175 2210 2211 2213 383 382 2216 2229 2238 365 342 2268 2136 1313 909 905 1319 899 1328 1342 892 1056 982 1347 1355 1048 862 1381 1046 1042 1398 871 1408 1409 1410 1029 1415 1416 1422 1025 1380 1154 950 1165 1168 1170 951 952 1186 953 1190 941 1199 1205 1310 1131 1128 961 1123 1240 1242 1119 1104 1265 916 1097 1305 1308 1208 1008 1009 1476 856 1492 1433 1464 1020 339 2981 900 923 2355 1810 696 2984 

Extracted 0 prioritized locations: 

Final instance parameters:
loc_max_id: 3038
loc_cnt: 720
service: p3038_600
cust_max_id: 3038
cust_cnt: 3038
unweighted obj function
p: 600
total_demand: 154482.00
threshold_dist: 416.88



-------------------------------------------------
Final Problem RSSV heuristic
-------------------------------------------------
    RSSV_EXACT_CPMP_BIN
-------------------------------------------------
Gap Cplex Reports: gap_Bin_service_p3038_600_p_600_RSSV_EXACT_CPMP_BIN.csv
[CALLBACK] Generating reports cplex callbacks...
[CALLBACK] Using BreakCallback...
Time Limit with not improving 1.00% (gap): 120.00 seconds
Time Limit with Gap less than 1%: 120.00 seconds
Default row names c1, c2 ... being created.
Version identifier: 22.1.1.0 | 2022-11-28 | 9160aff4d
CPXPARAM_TimeLimit                               1798
Legacy callback                                  i
Tried aggregator 1 time.
MIP Presolve eliminated 2091841 rows and 2091841 columns.
Reduced MIP has 3759 rows, 96239 columns, and 192478 nonzeros.
Reduced MIP has 96239 binaries, 0 generals, 0 SOSs, and 0 indicators.
Presolve time = 2.24 sec. (1455.41 ticks)
Found incumbent of value 841521.997382 after 3.94 sec. (2402.61 ticks)
Tried aggregator 1 time.
Detecting symmetries...
Reduced MIP has 3759 rows, 96239 columns, and 192478 nonzeros.
Reduced MIP has 96239 binaries, 0 generals, 0 SOSs, and 0 indicators.
Presolve time = 0.29 sec. (160.64 ticks)
Probing time = 1.72 sec. (13.59 ticks)
Clique table members: 98557.
MIP emphasis: balance optimality and feasibility.
MIP search method: dynamic search.
Parallel mode: deterministic, using up to 32 threads.
Root relaxation solution time = 0.27 sec. (115.25 ticks)

        Nodes                                         Cuts/
   Node  Left     Objective  IInf  Best Integer    Best Bound    ItCnt     Gap

*     0+    0                       841521.9974        0.0000           100.00%
*     0+    0                       301467.7004        0.0000           100.00%
*     0+    0                       261603.3998        0.0000           100.00%
      0     0   162026.4907   658   261603.3998   162026.4907     1091   38.06%
Time: 15.00 seconds
MIP Gap: 0.38
Nodes: 0
Best Objective: 162026.490683006559266
Incumbent Obj:  261603.399820036429446
      0     0   162830.8875   692   261603.3998    Cuts: 1039     1982   37.76%
      0     0   167257.9679  1033   261603.3998    Cuts: 1039     3507   36.06%
      0     0   168832.2189  1200   261603.3998    Cuts: 1039     4813   35.46%
*     0+    0                       198390.3352   168832.2189            14.90%
*     0+    0                       177531.3228   168832.2189             4.90%
      0     0  -1.00000e+75     0   177531.3228   168832.2189     4813    4.90%
Time: 60.089695215225220 seconds
MIP Gap: 0.049000389183222
Nodes: 0
Best Objective: 168832.218852101796074
Incumbent Obj:  177531.322759531001793
      0     0   169441.0365  1034   177531.3228     Cuts: 799     5708    4.56%
      0     0   169728.4503  1050   177531.3228     Cuts: 487     6382    4.40%
Detecting symmetries...
      0     0   169860.1605   985   177531.3228     Cuts: 409     6842    4.32%
      0     0   169945.3321   984   177531.3228     Cuts: 263     7157    4.27%
      0     0   170001.3282   905   177531.3228     Cuts: 237     7453    4.24%
      0     0   170036.8018   893   177531.3228     Cuts: 195     7733    4.22%
      0     0   170064.4666   859   177531.3228     Cuts: 173     7973    4.21%
      0     0   170081.8179   839   177531.3228     Cuts: 171     8165    4.20%
      0     0   170101.2549   918   177531.3228     Cuts: 157     8396    4.19%
      0     0   170114.5134   930   177531.3228     Cuts: 104     8555    4.18%
*     0+    0                       173535.5041   170114.5134             1.97%
*     0+    0                       172894.9555   170114.5134             1.61%
Detecting symmetries...
Time: 69.614796161651611 seconds
MIP Gap: 0.016081684727548
Nodes: 0
Best Objective: 170114.513365884340601
Incumbent Obj:  172894.955531729036011
      0     2   170114.5134   930   172894.9555   170114.5134     8555    1.61%
Elapsed time = 62.82 sec. (9815.52 ticks, tree = 0.02 MB, solutions = 7)
     31    25   170162.1237   908   172894.9555   170118.8804     9178    1.61%
     91    83   170161.0273   951   172894.9555   170124.2849    10772    1.60%
    160   131   170268.8279   850   172894.9555   170124.2849    12173    1.60%
    342   309   170224.0664   812   172894.9555   170139.1894    15273    1.59%
Time: 74.811336040496826 seconds
MIP Gap: 0.015938962194513
Nodes: 327
Best Objective: 170139.189371886808658
Incumbent Obj:  172894.955531729036011
    526   475   170195.8537   793   172894.9555   170139.3682    17695    1.59%
    656   621   170326.0827   728   172894.9555   170139.3682    20348    1.59%
    820   760   170273.5180   778   172894.9555   170139.3682    22380    1.59%
*  1041+  714                       171763.4216   170143.4150             0.94%
   1057   921   170313.5865   725   171763.4216   170143.4150    24690    0.94%
   1086  1016   170395.0733   750   171763.4216   170143.4150    26058    0.94%
Time: 80.016278982162476 seconds
MIP Gap: 0.009431615710369
Nodes: 1115
Best Objective: 170143.415048865223071
Incumbent Obj:  171763.421634822996566
   1804  1565   170893.4753   541   171763.4216   170143.4150    32404    0.94%
Elapsed time = 74.96 sec. (12934.27 ticks, tree = 96.21 MB, solutions = 8)
Time: 85.864457130432129 seconds
MIP Gap: 0.009420764938491
Nodes: 2731
Best Objective: 170145.278814570338000
Incumbent Obj:  171763.421634822996566
   2990  2741   171218.5368   470   171763.4216   170145.2788    45643    0.94%
*  3206+ 2794                       171109.2759   170145.2788             0.56%
*  3299+ 2794                       171079.9372   170145.2788             0.55%
*  3309+ 2777                       171021.1973   170145.2788             0.51%
*  3419+ 2929                       171005.8703   170145.2788             0.50%
*  3422+ 2777                       170958.6711   170145.2788             0.48%
*  3434+ 2955                       170925.6636   170145.2788             0.46%
*  3494+ 3058                       170722.4869   170145.2788             0.34%
   3561  2571   170181.2100   841   170722.4869   170145.2788    51337    0.34%
*  3565+ 3016                       170694.5813   170145.2788             0.32%
*  3580+ 3021                       170684.3160   170145.2788             0.32%
*  3580+ 3019                       170678.7448   170145.2788             0.31%
*  3597+ 3019                       170656.9177   170145.2788             0.30%
*  3625+ 2573                       170590.4417   170145.2788             0.26%
Time: 91.543466091156006 seconds
MIP Gap: 0.002998055501672
Nodes: 3388
Best Objective: 170145.278814570338000
Incumbent Obj:  170656.917725656181574
*  3657+ 2573                       170530.8545   170145.2788             0.23%
*  3678+ 2573                       170518.6265   170145.2788             0.22%
   3753  2557   170226.2094   782   170518.6265   170145.2788    54794    0.22%
   4091  2415   170482.9392   614   170518.6265   170145.2788    59412    0.22%
Time: 96.999706983566284 seconds
MIP Gap: 0.002189483270371
Nodes: 4180
Best Objective: 170145.278814570338000
Incumbent Obj:  170518.626494566909969
*  4476+ 2566                       170488.1529   170145.2788             0.20%
   4672  2689   170288.9041   778   170488.1529   170145.2788    68282    0.20%
   5060  3008   170291.1155   784   170488.1529   170145.2788    73090    0.20%
Time: 102.447537183761597 seconds
MIP Gap: 0.002011131394277
Nodes: 5099
Best Objective: 170145.278814570338000
Incumbent Obj:  170488.152891202131286

Performing restart 1

Repeating presolve.
Tried aggregator 1 time.
MIP Presolve eliminated 0 rows and 1988 columns.
MIP Presolve modified 12 coefficients.
Reduced MIP has 3759 rows, 94251 columns, and 188502 nonzeros.
Reduced MIP has 94251 binaries, 0 generals, 0 SOSs, and 0 indicators.
Presolve time = 0.22 sec. (141.49 ticks)
Tried aggregator 1 time.
MIP Presolve modified 6 coefficients.
Reduced MIP has 3759 rows, 94251 columns, and 188502 nonzeros.
Reduced MIP has 94251 binaries, 0 generals, 0 SOSs, and 0 indicators.
Presolve time = 0.32 sec. (192.45 ticks)
Represolve time = 6.13 sec. (2375.87 ticks)
*  5461+    0                       170481.7051   170147.8750             0.20%
   5461     0   170155.3126   770   170481.7051     Cuts: 120    90463    0.19%
   5461     0   170176.3836   766   170481.7051     Cuts: 134    90680    0.18%
   5461     0   170184.5013   809   170481.7051     Cuts: 134    90818    0.17%
*  5461+    0                       170456.6109   170184.5013             0.16%
*  5461+    0                       170450.9607   170184.5013             0.16%
   5461     0  -1.00000e+75     0   170450.9607   170184.5013    90818    0.16%
*  5461+    0                       170443.7896   170184.5013             0.15%

Repeating presolve.
Tried aggregator 1 time.
MIP Presolve eliminated 0 rows and 28498 columns.
MIP Presolve modified 48 coefficients.
Reduced MIP has 3759 rows, 65753 columns, and 131506 nonzeros.
Reduced MIP has 65753 binaries, 0 generals, 0 SOSs, and 0 indicators.
Presolve time = 0.18 sec. (116.57 ticks)
Tried aggregator 1 time.
MIP Presolve modified 18 coefficients.
Reduced MIP has 3759 rows, 65753 columns, and 131506 nonzeros.
Reduced MIP has 65753 binaries, 0 generals, 0 SOSs, and 0 indicators.
Presolve time = 0.21 sec. (124.95 ticks)
Represolve time = 5.99 sec. (2748.57 ticks)
   5461     0   170200.7525   739   170443.7896     Cuts: 103    95822    0.14%
   5461     0   170249.4118   756   170443.7896     Cuts: 105    95996    0.11%
   5461     0   170261.4707   848   170443.7896     Cuts: 101    96167    0.11%
   5461     0   170270.0307   716   170443.7896     Cuts: 120    96321    0.10%
   5461     0   170273.9383   760   170443.7896     Cuts: 100    96454    0.10%
*  5461+    0                       170433.9056   170273.9383             0.09%
   5461     0   170277.7510   803   170433.9056      Cuts: 87    96587    0.09%
   5461     0   170281.8007   833   170433.9056      Cuts: 67    96713    0.09%
   5461     0   170284.6275   782   170433.9056      Cuts: 88    96827    0.09%
   5461     0   170287.9280   720   170433.9056      Cuts: 60    96935    0.09%
   5461     0   170290.2141   602   170433.9056      Cuts: 68    97030    0.08%
   5461     0   170292.6984   574   170433.9056      Cuts: 63    97100    0.08%
   5461     0   170293.5488   567   170433.9056      Cuts: 49    97152    0.08%
   5461     0   170295.9249   649   170433.9056      Cuts: 51    97245    0.08%
   5461     0   170297.7135   647   170433.9056      Cuts: 77    97330    0.08%
   5461     0   170299.5149   571   170433.9056      Cuts: 88    97426    0.08%
   5461     0   170301.9732   558   170433.9056      Cuts: 55    97553    0.08%
Time: 244.896683216094971 seconds
MIP Gap: 0.000774097131980
Nodes: 5461
Best Objective: 170301.973224649875192
Incumbent Obj:  170433.905622184101958
Stopping optimization: Gap is less than 1% for more than 120.00 seconds.
Stopping optimization: Gap is less than 1% for more than 120.00 seconds.

Clique cuts applied:  1172
Cover cuts applied:  960
Flow cuts applied:  256
Mixed integer rounding cuts applied:  445
Zero-half cuts applied:  822
Lift and project cuts applied:  1
Gomory fractional cuts applied:  124

Root node processing (before b&c):
  Real time             =   59.25 sec. (10454.44 ticks)
Parallel b&c, 32 threads:
  Real time             =  182.58 sec. (26058.68 ticks)
  Sync time (average)   =   23.75 sec.
  Wait time (average)   =    1.84 sec.
                          ------------
Total (root+branch&cut) =  241.82 sec. (36513.13 ticks)
[INFO] Saving variables cplex:
./outputs/solutions/2024-08-27_LIT_seed_0_1-2p/VarsValues_cplex/test_lit_p3038_600_CPMP_Vars_Bin_p_600_RSSV_EXACT_CPMP_BIN.txt
[INFO] Saving results cplex: 
./outputs/solutions/2024-08-27_LIT_seed_0_1-2p/Results_cplex/test_lit_p3038_600_Bin_RSSV_EXACT_CPMP_BIN.csv

Final solution CPMP:
p locations: 1097 916 1265 2758 1104 2597 1242 1240 1123 1131 2624 1310 1186 952 1168 950 1422 1029 1042 862 2355 1056 1342 909 1313 342 1835 382 2211 2175 337 1416 2125 2076 2036 543 486 1199 490 79 2435 1008 2426 2421 2416 923 2405 1205 496 2698 1989 2369 941 2359 2336 2335 152 2298 2273 1811 1790 1786 1774 281 1773 657 1757 661 1684 191 1637 1620 127 1605 694 856 1565 1892 2023 2021 2002 1991 548 1938 1934 1190 2333 1866 1833 608 609 839 1347 638 1818 1328 2037 2746 1415 2833 24 3018 305 2873 1380 2798 302 1710 292 315 2412 285 284 2744 982 273 2719 94 2930 2960 756 743 736 2229 2938 731 23 727 1593 819 1850 2559 2555 2654 1161 834 2538 2479 2676 59 2518 2443 1025 831 2480 1356 1785 1076 553 2521 992 678 1369 402 2568 955 1664 566 791 1388 2563 2320 3029 310 2430 1476 767 2185 721 2214 518 465 2592 561 813 2508 511 1220 1607 519 2710 2001 2729 2216 1507 2662 535 1950 1905 846 1555 1058 2913 1856 438 2691 1981 2690 2133 1305 596 1308 599 2525 2152 1410 2119 1072 158 2350 932 2030 537 725 2143 2852 1359 248 1635 1692 2401 1428 2137 1487 1763 270 1688 1725 2098 2514 387 2363 2733 1315 2987 151 779 2043 445 1154 2572 2877 2116 1297 2810 2473 2941 2267 579 826 2445 1736 231 905 2778 753 2060 375 2088 1821 1655 574 2666 1248 1474 1149 493 1911 226 2376 1398 2816 120 795 2367 682 2809 113 2228 1584 2258 2144 1977 49 1792 2319 107 816 1490 2195 2904 138 2974 1556 577 2704 1286 1251 1960 169 503 2932 1514 2583 1165 1681 1007 413 1494 76 2981 889 2307 476 406 1824 2105 1803 1094 454 419 1128 287 1919 2628 3000 1582 2291 164 1629 447 2602 329 50 2886 1622 2136 1427 2845 674 3033 1354 1020 953 2371 1662 244 2916 2764 2406 2219 1208 179 3015 939 1648 265 974 2439 312 1470 2888 2090 1381 1677 2386 259 181 1599 251 14 1432 1839 421 1769 965 508 2635 2993 157 784 1493 2498 371 685 2033 991 317 1817 1401 2819 1230 2900 696 1405 2753 1642 2167 749 1746 529 1947 488 1197 1906 2615 2011 593 568 1277 2528 1819 1110 3003 1585 2294 1752 2641 2878 335 3031 1671 276 985 648 1237 2655 2488 46 1464 2041 623 1332 897 188 1501 2210 2651 524 1942 2349 931 2818 2109 404 1113 851 881 172 2387 28 1446 98 81 2440 1092 383 659 2786 1588 3006 1513 2984 2275 927 1059 668 747 410 1119 1853 423 924 2609 1261 1935 1825 1116 63 2205 555 2310 892 699 238 2163 2238 1192 1901 1547 2558 582 2709 1216 1890 2543 1158 112 1530 2948 585 922 2235 2944 2270 853 2875 1457 2468 2866 2157 1855 1146 135 2672 2573 1663 655 871 2998 2289 717 2844 1886 771 1782 2029 2703 576 2064 646 797 1506 2062 225 562 1980 899 2317 570 3 2804 677 2699 1541 3034 675 2977 1559 2193 66 775 1333 961 1670 894 185 1224 1898 480 1069 2080 641 2326 1687 978 2396 2837 1419 1209 2330 1214 1689 365 1074 2492 2969 133 90 1508 1433 15 2881 1463 2245 118 1129 2587 1319 2737 1052 3022 1337 663 1372 1581 2290 229 1492 74 
p size: 600
objective: 170433.905621990154032
sum (dij * xij) 
demand/capacity: 154482.000000000000000/192600
Solution is Feasible
Statistics:
Max distance: 367.821967805078202
Min distance: 0.000000000000000
Avg distance: 56.100693094795972
Std deviation distance: 44.762289156430789


Final total elapsed time: 859s
[INFO] Saving assignment: ./outputs/solutions/2024-08-27_LIT_seed_0_1-2p/Assignments/test_lit_p3038_600_p_600_RSSV_EXACT_CPMP_BIN.txt
[INFO] Saving results: ./outputs/solutions/2024-08-27_LIT_seed_0_1-2p/test_lit_p3038_600_results_RSSV_EXACT_CPMP_BIN.csv
[INFO] Saving all results: ./outputs/solutions/test_all_results.csv
Post Optimization: EXACT_CPMP_BIN


-------------------------------------------------
Post Optimization
-------------------------------------------------
method: EXACT_CPMP_BIN
-------------------------------------------------
Time for post-optimization: 2741.000000000000000s
PostOptimization constructor for Solution_cap
p locations: 1097 916 1265 2758 1104 2597 1242 1240 1123 1131 2624 1310 1186 952 1168 950 1422 1029 1042 862 2355 1056 1342 909 1313 342 1835 382 2211 2175 337 1416 2125 2076 2036 543 486 1199 490 79 2435 1008 2426 2421 2416 923 2405 1205 496 2698 1989 2369 941 2359 2336 2335 152 2298 2273 1811 1790 1786 1774 281 1773 657 1757 661 1684 191 1637 1620 127 1605 694 856 1565 1892 2023 2021 2002 1991 548 1938 1934 1190 2333 1866 1833 608 609 839 1347 638 1818 1328 2037 2746 1415 2833 24 3018 305 2873 1380 2798 302 1710 292 315 2412 285 284 2744 982 273 2719 94 2930 2960 756 743 736 2229 2938 731 23 727 1593 819 1850 2559 2555 2654 1161 834 2538 2479 2676 59 2518 2443 1025 831 2480 1356 1785 1076 553 2521 992 678 1369 402 2568 955 1664 566 791 1388 2563 2320 3029 310 2430 1476 767 2185 721 2214 518 465 2592 561 813 2508 511 1220 1607 519 2710 2001 2729 2216 1507 2662 535 1950 1905 846 1555 1058 2913 1856 438 2691 1981 2690 2133 1305 596 1308 599 2525 2152 1410 2119 1072 158 2350 932 2030 537 725 2143 2852 1359 248 1635 1692 2401 1428 2137 1487 1763 270 1688 1725 2098 2514 387 2363 2733 1315 2987 151 779 2043 445 1154 2572 2877 2116 1297 2810 2473 2941 2267 579 826 2445 1736 231 905 2778 753 2060 375 2088 1821 1655 574 2666 1248 1474 1149 493 1911 226 2376 1398 2816 120 795 2367 682 2809 113 2228 1584 2258 2144 1977 49 1792 2319 107 816 1490 2195 2904 138 2974 1556 577 2704 1286 1251 1960 169 503 2932 1514 2583 1165 1681 1007 413 1494 76 2981 889 2307 476 406 1824 2105 1803 1094 454 419 1128 287 1919 2628 3000 1582 2291 164 1629 447 2602 329 50 2886 1622 2136 1427 2845 674 3033 1354 1020 953 2371 1662 244 2916 2764 2406 2219 1208 179 3015 939 1648 265 974 2439 312 1470 2888 2090 1381 1677 2386 259 181 1599 251 14 1432 1839 421 1769 965 508 2635 2993 157 784 1493 2498 371 685 2033 991 317 1817 1401 2819 1230 2900 696 1405 2753 1642 2167 749 1746 529 1947 488 1197 1906 2615 2011 593 568 1277 2528 1819 1110 3003 1585 2294 1752 2641 2878 335 3031 1671 276 985 648 1237 2655 2488 46 1464 2041 623 1332 897 188 1501 2210 2651 524 1942 2349 931 2818 2109 404 1113 851 881 172 2387 28 1446 98 81 2440 1092 383 659 2786 1588 3006 1513 2984 2275 927 1059 668 747 410 1119 1853 423 924 2609 1261 1935 1825 1116 63 2205 555 2310 892 699 238 2163 2238 1192 1901 1547 2558 582 2709 1216 1890 2543 1158 112 1530 2948 585 922 2235 2944 2270 853 2875 1457 2468 2866 2157 1855 1146 135 2672 2573 1663 655 871 2998 2289 717 2844 1886 771 1782 2029 2703 576 2064 646 797 1506 2062 225 562 1980 899 2317 570 3 2804 677 2699 1541 3034 675 2977 1559 2193 66 775 1333 961 1670 894 185 1224 1898 480 1069 2080 641 2326 1687 978 2396 2837 1419 1209 2330 1214 1689 365 1074 2492 2969 133 90 1508 1433 15 2881 1463 2245 118 1129 2587 1319 2737 1052 3022 1337 663 1372 1581 2290 229 1492 74 
p size: 600
objective: 170433.905621990154032
sum (dij * xij) 
demand/capacity: 154482.000000000000000/192600
Solution is Feasible
[INFO] Running post-optimization
Time limit: 2741.000000000000000
Max size of the neigh: 4
 ------------------------------------ 

Iteration Post-Optimization: 1
Size of neighborhood: 1
[INFO] Adding MIP start solution
Gap Cplex Reports: gap_Bin_service_p3038_600_p_600_RSSV_POSTOPT.csv
[CALLBACK] Generating reports cplex callbacks...
Default row names c1, c2 ... being created.
Version identifier: 22.1.1.0 | 2022-11-28 | 9160aff4d
CPXPARAM_TimeLimit                               2741
CPXPARAM_MIP_Tolerances_LowerCutoff              170301.97322464988
Legacy callback                                  i
1 of 2 MIP starts provided solutions.
MIP start 'm1' defined initial solution with objective 170579.1646.
Tried aggregator 1 time.
MIP Presolve eliminated 8903332 rows and 8903332 columns.
Reduced MIP has 6677 rows, 329150 columns, and 659500 nonzeros.
Reduced MIP has 329150 binaries, 0 generals, 0 SOSs, and 0 indicators.
Presolve time = 9.50 sec. (6251.09 ticks)
Tried aggregator 1 time.
Detecting symmetries...
Reduced MIP has 6677 rows, 329150 columns, and 659500 nonzeros.
Reduced MIP has 329150 binaries, 0 generals, 0 SOSs, and 0 indicators.
Presolve time = 1.35 sec. (732.92 ticks)
Probing time = 1.29 sec. (78.87 ticks)
Clique table members: 329750.
MIP emphasis: balance optimality and feasibility.
MIP search method: dynamic search.
Parallel mode: deterministic, using up to 32 threads.
Root relaxation solution time = 0.77 sec. (542.15 ticks)

        Nodes                                         Cuts/
   Node  Left     Objective  IInf  Best Integer    Best Bound    ItCnt     Gap

*     0+    0                       170579.1646        0.0000           100.00%
      0     0    86760.3452  2070   170579.1646    86760.3452     6825   49.14%
Time: 220.572656154632568 seconds
MIP Gap: 0.491377828061748
Nodes: 0
Best Objective: 86760.345207240636228
Incumbent Obj:  170579.164641240902711
*     0+    0                       170432.9195    86760.3452            49.09%
      0     0   115081.5727  3680   170432.9195    Cuts: 1769     9773   32.48%
      0     0   126988.3126  3634   170432.9195    Cuts: 1769    12034   25.49%
Time: 225.578979969024658 seconds
MIP Gap: 0.254907368092127
Nodes: 0
Best Objective: 126988.312587383727077
Incumbent Obj:  170432.919544808013598
      0     0   132680.0574  3305   170432.9195    Cuts: 1769    14203   22.15%
*     0+    0                       164896.5089   132680.0574            19.54%
      0     0  -1.00000e+75     0   164896.5089   132680.0574    14203   19.54%
Time: 232.654327154159546 seconds
MIP Gap: 0.195373763126405
Nodes: 0
Best Objective: 132680.057431522669503
Incumbent Obj:  164896.508902140718419
      0     0   136238.7086  3112   164896.5089    Cuts: 1769    16349   17.38%
      0     0   138304.1064  2882   164896.5089    Cuts: 1700    17937   16.13%
Detecting symmetries...
Time: 238.982067108154297 seconds
MIP Gap: 0.161267225492381
Nodes: 0
Best Objective: 138304.106418112758547
Incumbent Obj:  164896.508902140718419
      0     0   139511.5981  3011   164896.5089    Cuts: 1345    19335   15.39%
      0     0   140427.7000  2875   164896.5089    Cuts: 1105    20560   14.84%
Time: 244.564183950424194 seconds
MIP Gap: 0.148388883721648
Nodes: 0
Best Objective: 140427.700016555318143
Incumbent Obj:  164896.508902140718419
      0     0   141036.5817  2755   164896.5089     Cuts: 976    21684   14.47%
      0     0   141474.1309  2895   164896.5089     Cuts: 754    22713   14.20%
      0     0   141794.4016  2724   164896.5089     Cuts: 758    23588   14.01%
Time: 251.139844179153442 seconds
MIP Gap: 0.140100645378627
Nodes: 0
Best Objective: 141794.401584268227452
Incumbent Obj:  164896.508902140718419
      0     0   141999.7321  2442   164896.5089     Cuts: 563    24328   13.89%
      0     0   142195.3882  2599   164896.5089     Cuts: 475    25058   13.77%
      0     0   142349.7330  2519   164896.5089     Cuts: 422    25766   13.67%
Time: 257.057546138763428 seconds
MIP Gap: 0.136732888401003
Nodes: 0
Best Objective: 142349.732952709367964
Incumbent Obj:  164896.508902140718419
      0     0   142444.0168  2353   164896.5089     Cuts: 382    26296   13.62%
      0     0   142501.1615  2437   164896.5089     Cuts: 312    26786   13.58%
      0     0   142563.4049  2353   164896.5089     Cuts: 290    27243   13.54%
Time: 262.219427108764648 seconds
MIP Gap: 0.135437093884808
Nodes: 0
Best Objective: 142563.404944684385555
Incumbent Obj:  164896.508902140718419
      0     0   142614.8426  2290   164896.5089     Cuts: 259    27728   13.51%
      0     0   142654.8426  2331   164896.5089     Cuts: 210    28089   13.49%
      0     0   142684.4906  2517   164896.5089     Cuts: 143    28428   13.47%
      0     0   142707.6048  2543   164896.5089     Cuts: 202    28783   13.46%
Time: 267.854902982711792 seconds
MIP Gap: 0.134562606670478
Nodes: 0
Best Objective: 142707.604833406949183
Incumbent Obj:  164896.508902140718419
      0     0   142728.0404  2372   164896.5089     Cuts: 161    29092   13.44%
      0     0   142748.6199  2583   164896.5089     Cuts: 164    29339   13.43%
*     0+    0                       145463.5730   142748.6199             1.87%
Detecting symmetries...
Time: 312.492805004119873 seconds
MIP Gap: 0.018664144170697
Nodes: 0
Best Objective: 142748.619904250168474
Incumbent Obj:  145463.573002350778552
      0     2   142748.6199  2583   145463.5730   142748.6199    29339    1.87%
Elapsed time = 287.51 sec. (69949.32 ticks, tree = 0.02 MB, solutions = 4)
      3     3   142749.4599  2561   145463.5730   142748.6258    29343    1.87%
      8     9   142758.7659  2293   145463.5730   142749.4908    29618    1.87%
     17     8   142757.2917  2391   145463.5730   142749.4908    29590    1.87%
     30    12   142772.8531  2350   145463.5730   142751.5685    29939    1.86%
     45    38   142766.0310  2387   145463.5730   142751.5685    31629    1.86%
     60    47   142804.5323  2114   145463.5730   142751.5685    32023    1.86%
     88    75   142801.2575  2236   145463.5730   142751.5685    33391    1.86%
    122    92   142789.6834  2050   145463.5730   142751.5685    33978    1.86%
Time: 319.685503005981445 seconds
MIP Gap: 0.018611234541769
Nodes: 112
Best Objective: 142756.316327920270851
Incumbent Obj:  145463.573002350778552
    141   103   142838.9644  2031   145463.5730   142756.3163    34593    1.86%
    228   208   142808.1355  1969   145463.5730   142761.3733    38898    1.86%
Elapsed time = 298.23 sec. (73212.36 ticks, tree = 23.68 MB, solutions = 4)
Time: 325.273509979248047 seconds
MIP Gap: 0.018563097068085
Nodes: 237
Best Objective: 142763.318576837657019
Incumbent Obj:  145463.573002350778552
    327   283   142833.4573  1999   145463.5730   142764.0371    42324    1.86%
    473   383   142969.6142  1381   145463.5730   142765.1802    46244    1.86%
Time: 330.813640117645264 seconds
MIP Gap: 0.018550299361329
Nodes: 444
Best Objective: 142765.180176988593303
Incumbent Obj:  145463.573002350778552
*   588+  336                       144953.4663   142765.1802             1.51%
Time: 335.968590974807739 seconds
MIP Gap: 0.015096473424715
Nodes: 562
Best Objective: 142765.180176988593303
Incumbent Obj:  144953.466329248389229
    619   559   142986.2299  1315   144953.4663   142765.1802    51984    1.51%
    657   587   142927.3804  1717   144953.4663   142765.1802    52667    1.51%
    710   651   142939.0749  1428   144953.4663   142765.1802    54463    1.51%
Time: 341.541998147964478 seconds
MIP Gap: 0.015096473424715
Nodes: 668
Best Objective: 142765.180176988593303
Incumbent Obj:  144953.466329248389229
    805   711   143000.0149  1270   144953.4663   142765.1802    56335    1.51%
    936   844   142964.3738  1158   144953.4663   142765.1802    60282    1.51%
Time: 347.645588159561157 seconds
MIP Gap: 0.015096473424715
Nodes: 899
Best Objective: 142765.180176988593303
Incumbent Obj:  144953.466329248389229
   1105   992   142875.5540  1765   144953.4663   142765.1802    64620    1.51%
Time: 352.725260019302368 seconds
MIP Gap: 0.015090913818318
Nodes: 1106
Best Objective: 142765.986061207222519
Incumbent Obj:  144953.466329248389229
   1270  1109   143137.8660   896   144953.4663   142765.9861    68284    1.51%
   1448  1315   143020.3448  1459   144953.4663   142766.0584    75362    1.51%
Elapsed time = 332.12 sec. (82836.35 ticks, tree = 179.59 MB, solutions = 6)
Time: 359.357568025588989 seconds
MIP Gap: 0.015090289962158
Nodes: 1404
Best Objective: 142766.076491320098285
Incumbent Obj:  144953.466329248389229
   1520  1387   143164.1183  1019   144953.4663   142766.0584    77142    1.51%
Time: 367.941517114639282 seconds
MIP Gap: 0.015082204355413
Nodes: 1531
Best Objective: 142767.248528045136482
Incumbent Obj:  144953.466329248389229
   1641  1553   143192.7229   923   144953.4663   142767.2485    84263    1.51%
   1846  1725   142875.2667  1585   144953.4663   142767.2485    90933    1.51%
Time: 380.371376991271973 seconds
MIP Gap: 0.015082204355413
Nodes: 1807
Best Objective: 142767.248528045136482
Incumbent Obj:  144953.466329248389229
   2022  1870   142883.7792  1611   144953.4663   142767.2485    95859    1.51%
Time: 387.460172176361084 seconds
MIP Gap: 0.015082204355413
Nodes: 1960
Best Objective: 142767.248528045136482
Incumbent Obj:  144953.466329248389229
   2147  1946   143211.2685  1244   144953.4663   142767.2485    98649    1.51%
Time: 394.502341985702515 seconds
MIP Gap: 0.015082204355413
Nodes: 2060
Best Objective: 142767.248528045136482
Incumbent Obj:  144953.466329248389229
   2254  2049   142943.4806  1335   144953.4663   142767.2485   102011    1.51%
   2415  2144   143274.9386   895   144953.4663   142767.2485   105480    1.51%
Time: 400.625123977661133 seconds
MIP Gap: 0.015082204355413
Nodes: 2251
Best Objective: 142767.248528045136482
Incumbent Obj:  144953.466329248389229
   2597  2289   143246.6268  1151   144953.4663   142767.2485   110310    1.51%
Time: 409.425536155700684 seconds
MIP Gap: 0.015082204355413
Nodes: 2591
Best Objective: 142767.248528045136482
Incumbent Obj:  144953.466329248389229
   2852  2426   143077.0138  1032   144953.4663   142767.2485   114720    1.51%
   3072  2586   143400.0160  1100   144953.4663   142767.2485   121023    1.51%
Elapsed time = 389.67 sec. (92899.08 ticks, tree = 426.06 MB, solutions = 6)
Time: 419.705260992050171 seconds
MIP Gap: 0.015082204355413
Nodes: 2978
Best Objective: 142767.248528045136482
Incumbent Obj:  144953.466329248389229
   3296  2868   143370.1422   621   144953.4663   142767.2485   132655    1.51%
   3470  3235   143101.6205  1178   144953.4663   142767.2485   146904    1.51%
   3596  3268   143382.4796   690   144953.4663   142767.2485   148956    1.51%
Time: 433.717547178268433 seconds
MIP Gap: 0.015082204355413
Nodes: 3464
Best Objective: 142767.248528045136482
Incumbent Obj:  144953.466329248389229
   3750  3402   143647.2782   464   144953.4663   142767.2485   154929    1.51%
   3884  3741   143532.7562   647   144953.4663   142767.2485   172261    1.51%
Time: 447.016410112380981 seconds
MIP Gap: 0.015082204355413
Nodes: 3789
Best Objective: 142767.248528045136482
Incumbent Obj:  144953.466329248389229
   4020  3744   143666.8315   767   144953.4663   142767.2485   172597    1.51%
   4145  3834   143236.4219   990   144953.4663   142767.2485   176888    1.51%
Time: 459.087619066238403 seconds
MIP Gap: 0.015082204355413
Nodes: 4047
Best Objective: 142767.248528045136482
Incumbent Obj:  144953.466329248389229
   4294  4115   143454.2183   526   144953.4663   142767.2485   193167    1.51%
   4417  4145   143575.5669   780   144953.4663   142767.2485   195359    1.51%
   4528  4172   143488.7735   749   144953.4663   142767.2485   196477    1.51%
Elapsed time = 448.94 sec. (102496.05 ticks, tree = 770.89 MB, solutions = 6)
Time: 478.641564130783081 seconds
MIP Gap: 0.015082204355413
Nodes: 4451
Best Objective: 142767.248528045136482
Incumbent Obj:  144953.466329248389229
   4647  4307   143428.1374   652   144953.4663   142767.2485   206290    1.51%
   4779  4440   143600.3290   887   144953.4663   142767.2485   214817    1.51%
   4916  4510   143560.2876   691   144953.4663   142767.2485   219532    1.51%
Time: 495.632816076278687 seconds
MIP Gap: 0.015082204355413
Nodes: 4804
Best Objective: 142767.248528045136482
Incumbent Obj:  144953.466329248389229
   5041  4890   143390.2000   738   144953.4663   142767.2485   244362    1.51%
   5158  4854   143925.1441   241   144953.4663   142767.2485   243048    1.51%
*  5254+ 4653                       144587.2046   142767.2485             1.26%
   5283  5053   143751.5240   523   144587.2046   142767.2485   255102    1.26%
*  5289+ 4653                       144481.6182   142767.2485             1.19%
*  5328+ 4832                       144424.5946   142767.2485             1.15%
*  5345+ 4832                       144392.0920   142767.2485             1.13%
   5354  5023   143507.5722   861   144392.0920   142767.2485   253655    1.13%
   5372  5066   144066.6605   525   144392.0920   142767.2485   257148    1.13%

Performing restart 1

Repeating presolve.
Tried aggregator 1 time.
MIP Presolve modified 56 coefficients.
Reduced MIP has 6677 rows, 329150 columns, and 659500 nonzeros.
Reduced MIP has 329150 binaries, 0 generals, 0 SOSs, and 0 indicators.
Presolve time = 1.09 sec. (753.66 ticks)
Tried aggregator 1 time.
MIP Presolve modified 18 coefficients.
Reduced MIP has 6677 rows, 329150 columns, and 659500 nonzeros.
Reduced MIP has 329150 binaries, 0 generals, 0 SOSs, and 0 indicators.
Presolve time = 1.45 sec. (858.77 ticks)
Represolve time = 19.09 sec. (8035.34 ticks)
   5376     0   142803.2106  2617   144392.0920     Cuts: 237   300048    1.10%
   5376     0   142823.0132  2482   144392.0920     Cuts: 141   300316    1.09%
   5376     0   142842.9458  2449   144392.0920     Cuts: 107   300609    1.07%
   5376     0   142860.5396  2393   144392.0920     Cuts: 155   300863    1.06%
   5376     0   142869.1973  2308   144392.0920      Cuts: 90   301045    1.05%
   5376     0   142878.3503  2338   144392.0920     Cuts: 103   301271    1.05%
   5376     0   142885.0398  2261   144392.0920      Cuts: 73   301454    1.04%
   5376     0   142894.2670  2289   144392.0920      Cuts: 81   301711    1.04%
   5376     0   142902.8700  2220   144392.0920      Cuts: 91   301937    1.03%
   5376     0   142912.5598  2124   144392.0920      Cuts: 95   302180    1.02%
   5376     0   142916.3048  2175   144392.0920      Cuts: 82   302344    1.02%
   5376     0   142921.0597  1972   144392.0920      Cuts: 53   302528    1.02%
   5376     0   142926.1989  2214   144392.0920      Cuts: 75   302698    1.02%
   5376     0   142928.6356  2086   144392.0920      Cuts: 56   302815    1.01%
   5376     0   142930.9869  2044   144392.0920      Cuts: 47   302955    1.01%
   5376     0   142931.8631  2313   144392.0920      Cuts: 29   303038    1.01%
*  5376+    0                       144200.2647   142931.8631             0.88%
   5376     0   142932.5062  2275   144200.2647      Cuts: 27   303090    0.88%
   5376     0   142932.9353  2287   144200.2647      Cuts: 17   303141    0.88%
   5376     0   142933.4123  2256   144200.2647      Cuts: 17   303171    0.88%
   5376     0   142934.5201  2219   144200.2647      Cuts: 18   303212    0.88%
   5376     0   142934.9663  2269   144200.2647      Cuts: 12   303231    0.88%
   5376     0   142935.0685  2056   144200.2647      Cuts: 18   303247    0.88%
   5376     0   142935.1480  2250   144200.2647      Cuts: 16   303279    0.88%
Time: 697.812385082244873 seconds
MIP Gap: 0.008773331076208
Nodes: 5376
Best Objective: 142935.148036535072606
Incumbent Obj:  144200.264700025261845
   5376     2   142935.1480  2250   144200.2647   142935.1480   303279    0.88%
Time: 702.854572057723999 seconds
MIP Gap: 0.008762556668974
Nodes: 5385
Best Objective: 142936.701708910259185
Incumbent Obj:  144200.264700025261845
   5386     4   142977.1124  2186   144200.2647   142936.7017   303394    0.88%
Elapsed time = 678.31 sec. (226222.99 ticks, tree = 0.02 MB, solutions = 11)
Time: 709.125529050827026 seconds
MIP Gap: 0.008673434379927
Nodes: 5400
Best Objective: 142949.553166581434198
Incumbent Obj:  144200.264700025261845
   5397    14   143042.3340  2130   144200.2647   142936.7017   303543    0.88%
   5451    46   143033.6184  2130   144200.2647   142951.6480   304752    0.87%
Time: 714.250782966613770 seconds
MIP Gap: 0.008658907177734
Nodes: 5447
Best Objective: 142951.647992983140284
Incumbent Obj:  144200.264700025261845
   5667    97   143007.7688  2206   144200.2647   142951.6480   306788    0.87%
   5913   369   143086.1875  2222   144200.2647   142951.6480   315271    0.87%
Time: 722.292497158050537 seconds
MIP Gap: 0.008657583321612
Nodes: 5841
Best Objective: 142951.838893386215204
Incumbent Obj:  144200.264700025261845
   6139   570   143408.3621  2078   144200.2647   142952.2448   322014    0.87%
Time: 729.181550979614258 seconds
MIP Gap: 0.008654768257940
Nodes: 6211
Best Objective: 142952.244826312875375
Incumbent Obj:  144200.264700025261845
   6455   969   143294.1419  2188   144200.2647   142952.2448   334838    0.87%
   6566   688   143084.4336  1868   144200.2647   142952.2448   325994    0.87%
   6572   989   143301.5522  1892   144200.2647   142952.2448   335609    0.87%
Time: 744.634607076644897 seconds
MIP Gap: 0.008654768257940
Nodes: 6564
Best Objective: 142952.244826312875375
Incumbent Obj:  144200.264700025261845
   6813  1198   143809.4191  2014   144200.2647   142952.2448   341299    0.87%
   7117  1490   143143.0216  2090   144200.2647   142952.2448   350484    0.87%
Elapsed time = 728.18 sec. (236105.85 ticks, tree = 201.93 MB, solutions = 11)
Time: 754.546636104583740 seconds
MIP Gap: 0.008654768257940
Nodes: 6970
Best Objective: 142952.244826312875375
Incumbent Obj:  144200.264700025261845
   7422  1836   143877.1724  1787   144200.2647   142952.2448   360346    0.87%
Time: 761.346379041671753 seconds
MIP Gap: 0.008654768257940
Nodes: 7274
Best Objective: 142952.244826312875375
Incumbent Obj:  144200.264700025261845
   7734  1967   143404.4330  1597   144200.2647   142952.2448   363673    0.87%
Time: 767.369536161422729 seconds
MIP Gap: 0.008654768257940
Nodes: 7588
Best Objective: 142952.244826312875375
Incumbent Obj:  144200.264700025261845
   8114  2558   143922.9627  1770   144200.2647   142952.2448   380034    0.87%
Time: 773.945572137832642 seconds
MIP Gap: 0.008654768257940
Nodes: 8075
Best Objective: 142952.244826312875375
Incumbent Obj:  144200.264700025261845
   8476  2689   143108.0536  1726   144200.2647   142952.2448   383900    0.87%
Time: 783.346809148788452 seconds
MIP Gap: 0.008654768257940
Nodes: 8502
Best Objective: 142952.244826312875375
Incumbent Obj:  144200.264700025261845
   8778  2797   143366.0168  1846   144200.2647   142952.2448   386340    0.87%
   9081  3335   143663.4006  1835   144200.2647   142952.2448   401281    0.87%
Time: 791.293519973754883 seconds
MIP Gap: 0.008654768257940
Nodes: 8965
Best Objective: 142952.244826312875375
Incumbent Obj:  144200.264700025261845
   9431  3543   143306.6587  1410   144200.2647   142952.2448   406833    0.87%
Time: 799.465553998947144 seconds
MIP Gap: 0.008654768257940
Nodes: 9500
Best Objective: 142952.244826312875375
Incumbent Obj:  144200.264700025261845
   9830  4032   143384.5324  1734   144200.2647   142952.2448   420043    0.87%
  10234  4349   143386.3351  1670   144200.2647   142952.2448   428379    0.87%
Time: 808.081531047821045 seconds
MIP Gap: 0.008654768257940
Nodes: 10115
Best Objective: 142952.244826312875375
Incumbent Obj:  144200.264700025261845
  10583  4750   144192.8452  1481   144200.2647   142952.2448   439373    0.87%
Elapsed time = 784.84 sec. (245671.47 ticks, tree = 910.98 MB, solutions = 11)
  10905  5086   143711.9685  1659   144200.2647   142952.2448   448141    0.87%
* 11159+ 4728                       143804.2210   142952.2448             0.59%
  11207  5311   143575.4730  1273   143804.2210   142952.2448   453959    0.59%
* 11309+ 4728                       143801.6847   142952.2448             0.59%
Time: 827.440662145614624 seconds
MIP Gap: 0.005907023012485
Nodes: 11067
Best Objective: 142952.244826312875375
Incumbent Obj:  143801.684686993045034
  11439  5606   143456.1805  1795   143801.6847   142952.2448   461879    0.59%
* 11530+ 4935                       143770.7031   142952.2448             0.57%
  11574  5509   143129.9301  2060   143770.7031   142952.2448   464371    0.57%
Time: 833.317945003509521 seconds
MIP Gap: 0.005692802904504
Nodes: 11267
Best Objective: 142952.244826312875375
Incumbent Obj:  143770.703102517494699
* 11664+ 5665                       143752.0287   142952.2448             0.56%
* 11673+ 5297                       143622.7026   142952.2448             0.47%
  11680  5208   143585.5046  1214   143622.7026   142952.2448   467467    0.47%
  11765  4529   143548.8146  1193   143622.7026   142952.2448   470860    0.47%
  11846  4553   143056.4188  2212   143622.7026   142952.2448   472190    0.47%
* 11851+ 5214                       143601.2690   142952.2448             0.45%
Time: 842.302818059921265 seconds
MIP Gap: 0.004668187809818
Nodes: 11506
Best Objective: 142952.244826312875375
Incumbent Obj:  143622.702575689851074
* 11883+ 5214                       143575.7710   142952.2448             0.43%
  11959  4637   143051.5982  2109   143575.7710   142952.2448   474584    0.43%
  12058  4666   143475.1392  1588   143575.7710   142952.2448   475352    0.43%
Time: 848.561481952667236 seconds
MIP Gap: 0.004342836917651
Nodes: 11635
Best Objective: 142952.244826312875375
Incumbent Obj:  143575.770985026872950
  12141  4483   143092.3135  2136   143575.7710   142952.2448   477266    0.43%
Elapsed time = 824.55 sec. (255271.13 ticks, tree = 832.80 MB, solutions = 24)
  12239  4513   143506.2466  1253   143575.7710   142952.2448   478273    0.43%
  12348  4581   143001.0178  2311   143575.7710   142952.2448   481338    0.43%
Time: 857.985303163528442 seconds
MIP Gap: 0.004342836917651
Nodes: 12017
Best Objective: 142952.244826312875375
Incumbent Obj:  143575.770985026872950
  12466  4680   143566.3913  1405   143575.7710   142952.2448   483699    0.43%
  12566  4767   143091.5648  2057   143575.7710   142952.2448   486218    0.43%
Time: 864.949889183044434 seconds
MIP Gap: 0.004342836917651
Nodes: 12300
Best Objective: 142952.244826312875375
Incumbent Obj:  143575.770985026872950
  12699  4838   143275.7646  1990   143575.7710   142952.2448   487708    0.43%
  12814  5022   143241.4958  1855   143575.7710   142952.2448   493120    0.43%
  12902  5092   143494.2105  1657   143575.7710   142952.2448   495360    0.43%
  13050  5224   143326.3366  1446   143575.7710   142952.2448   498987    0.43%
Time: 877.317482948303223 seconds
MIP Gap: 0.004342836917651
Nodes: 12716
Best Objective: 142952.244826312875375
Incumbent Obj:  143575.770985026872950
  13230  5352   143258.4822  1679   143575.7710   142952.2448   502383    0.43%
  13346  5542   143412.1281  1569   143575.7710   142952.2448   507476    0.43%
Elapsed time = 854.54 sec. (264865.20 ticks, tree = 1086.69 MB, solutions = 30)
  13482  5690   143122.9488  1764   143575.7710   142952.2448   511729    0.43%
Time: 887.548336029052734 seconds
MIP Gap: 0.004342836917651
Nodes: 13297
Best Objective: 142952.244826312875375
Incumbent Obj:  143575.770985026872950
  13676  5880   143387.4866  1745   143575.7710   142952.2448   516411    0.43%
  13893  6028   143312.2310  1475   143575.7710   142952.2448   520848    0.43%
Time: 896.927405118942261 seconds
MIP Gap: 0.004342836917651
Nodes: 13813
Best Objective: 142952.244826312875375
Incumbent Obj:  143575.770985026872950
  14173  6246   143314.0482  1502   143575.7710   142952.2448   527994    0.43%
  14454  6482   143222.0144  1779   143575.7710   142952.2448   534076    0.43%
Time: 906.503307104110718 seconds
MIP Gap: 0.004342836917651
Nodes: 14402
Best Objective: 142952.244826312875375
Incumbent Obj:  143575.770985026872950
  14783  6556   143286.6482  1602   143575.7710   142963.9841   536429    0.43%
* 15073+ 6410                       143561.7562   142963.9841             0.42%
  15118  6981   143497.7448  1626   143561.7562   142963.9841   548856    0.42%
Time: 914.943528175354004 seconds
MIP Gap: 0.004245638895450
Nodes: 14865
Best Objective: 142952.244826312875375
Incumbent Obj:  143561.756202344695339
  15358  7088   143132.1249  1809   143561.7562   142963.9841   552071    0.42%
  15493  7103   143025.3335  2175   143561.7562   142963.9841   557672    0.42%
Time: 920.076416969299316 seconds
MIP Gap: 0.004245638895450
Nodes: 15117
Best Objective: 142952.244826312875375
Incumbent Obj:  143561.756202344695339
Time: 926.169644117355347 seconds
MIP Gap: 0.004245638895450
Nodes: 15541
Best Objective: 142952.244826312875375
Incumbent Obj:  143561.756202344695339
  16286  7826   143416.2808  1659   143561.7562   142963.9841   578928    0.42%
Elapsed time = 905.59 sec. (277291.00 ticks, tree = 1639.41 MB, solutions = 31)
Time: 934.017526149749756 seconds
MIP Gap: 0.004245638895450
Nodes: 16033
Best Objective: 142952.244826312875375
Incumbent Obj:  143561.756202344695339
Time: 942.269541978836060 seconds
MIP Gap: 0.004163867266049
Nodes: 16656
Best Objective: 142963.984105037263362
Incumbent Obj:  143561.756202344695339
Time: 954.215357065200806 seconds
MIP Gap: 0.004163867266049
Nodes: 17392
Best Objective: 142963.984105037263362
Incumbent Obj:  143561.756202344695339
  17722  8792   143539.0608  1316   143561.7562   142963.9841   606076    0.42%
Time: 965.007538080215454 seconds
MIP Gap: 0.004163867266049
Nodes: 18041
Best Objective: 142963.984105037263362
Incumbent Obj:  143561.756202344695339
Time: 976.169095993041992 seconds
MIP Gap: 0.004163867266049
Nodes: 18656
Best Objective: 142963.984105037263362
Incumbent Obj:  143561.756202344695339
  19172 10553   143060.2683  2162   143561.7562   142963.9841   647679    0.42%
Time: 986.725126028060913 seconds
MIP Gap: 0.004163867266049
Nodes: 19253
Best Objective: 142963.984105037263362
Incumbent Obj:  143561.756202344695339
  20532 11664   143077.9353  2087   143561.7562   142963.9841   673739    0.42%
* 20843+10550                       143546.0065   142963.9841             0.41%
  21378 12108   143477.1645  1533   143546.0065   142963.9841   690673    0.41%
Time: 1018.693081140518188 seconds
MIP Gap: 0.004054604984079
Nodes: 20845
Best Objective: 142963.984105037263362
Incumbent Obj:  143546.006458267656853
* 21600+12164                       143537.7066   142963.9841             0.40%
Time: 1028.938266038894653 seconds
MIP Gap: 0.003997015777245
Nodes: 21215
Best Objective: 142963.984105037263362
Incumbent Obj:  143537.706582878628979
  21944 12430   143215.4250  2009   143537.7066   142963.9841   699625    0.40%
Time: 1037.293689012527466 seconds
MIP Gap: 0.003997015777245
Nodes: 21456
Best Objective: 142963.984105037263362
Incumbent Obj:  143537.706582878628979
Time: 1047.441495180130005 seconds
MIP Gap: 0.003997015777245
Nodes: 21849
Best Objective: 142963.984105037263362
Incumbent Obj:  143537.706582878628979
  22585 13036   143130.0603  1628   143537.7066   142963.9841   710161    0.40%
Time: 1060.498896121978760 seconds
MIP Gap: 0.003997015777245
Nodes: 22424
Best Objective: 142963.984105037263362
Incumbent Obj:  143537.706582878628979
Time: 1069.130712985992432 seconds
MIP Gap: 0.003997015777245
Nodes: 22811
Best Objective: 142963.984105037263362
Incumbent Obj:  143537.706582878628979
  23452 13926   143345.9702  1501   143537.7066   142963.9841   726612    0.40%
* 23476+13465                       143459.5356   142963.9841             0.35%
Time: 1077.805511951446533 seconds
MIP Gap: 0.003454294705634
Nodes: 23080
Best Objective: 142963.984105037263362
Incumbent Obj:  143459.535619400092401
  23905 12370        cutoff         143459.5356   142963.9841   734563    0.35%
Time: 1088.330559015274048 seconds
MIP Gap: 0.003454294705634
Nodes: 23434
Best Objective: 142963.984105037263362
Incumbent Obj:  143459.535619400092401
* 24114+12252                       143442.5208   142963.9841             0.33%
Time: 1099.616599082946777 seconds
MIP Gap: 0.003336086963443
Nodes: 23785
Best Objective: 142963.984105037263362
Incumbent Obj:  143442.520828777487623
  24463 12438   143165.9820  2231   143442.5208   142963.9841   745174    0.33%
Time: 1116.969309091567993 seconds
MIP Gap: 0.003336086963443
Nodes: 24350
Best Objective: 142963.984105037263362
Incumbent Obj:  143442.520828777487623
  24885 12728   143059.8047  2039   143442.5208   142963.9841   752644    0.33%
Elapsed time = 1090.79 sec. (315482.17 ticks, tree = 2833.00 MB, solutions = 39)
Nodefile size = 775.69 MB (523.73 MB after compression)
Time: 1129.169541120529175 seconds
MIP Gap: 0.003336086963443
Nodes: 24827
Best Objective: 142963.984105037263362
Incumbent Obj:  143442.520828777487623
* 25545+13206                       143441.9263   142963.9841             0.33%
  25722 13572   143400.3488  1753   143441.9263   142963.9841   773316    0.33%
Time: 1140.753533124923706 seconds
MIP Gap: 0.003331956301146
Nodes: 25310
Best Objective: 142963.984105037263362
Incumbent Obj:  143441.926335338881472
* 26020+13180                       143438.4642   142963.9841             0.33%
Time: 1150.502611160278320 seconds
MIP Gap: 0.003331956301146
Nodes: 25611
Best Objective: 142963.984105037263362
Incumbent Obj:  143441.926335338881472
  26288 14073   143341.4762  1895   143438.4642   142963.9841   785919    0.33%
Time: 1163.940781116485596 seconds
MIP Gap: 0.003331956301146
Nodes: 26123
Best Objective: 142963.984105037263362
Incumbent Obj:  143441.926335338881472
* 26748+13890                       143435.0276   142963.9841             0.33%
* 26800+13890                       143418.5197   142963.9841             0.32%
* 26840+13890                       143417.3437   142963.9841             0.32%
  27029 14518   143386.1899  1678   143417.3437   142963.9841   794734    0.32%
Time: 1174.581552028656006 seconds
MIP Gap: 0.003161121384895
Nodes: 26465
Best Objective: 142963.984105037263362
Incumbent Obj:  143417.343737290066201
Time: 1184.994904041290283 seconds
MIP Gap: 0.003161121384895
Nodes: 26923
Best Objective: 142963.984105037263362
Incumbent Obj:  143417.343737290066201
  27604 14199   143286.5213  1816   143417.3437   142963.9841   806038    0.32%
Time: 1193.385499000549316 seconds
MIP Gap: 0.003161121384895
Nodes: 27262
Best Objective: 142963.984105037263362
Incumbent Obj:  143417.343737290066201
  28212 14952   143397.8790  1294   143417.3437   142963.9841   820253    0.32%
Time: 1204.336430072784424 seconds
MIP Gap: 0.003161121384895
Nodes: 27737
Best Objective: 142963.984105037263362
Incumbent Obj:  143417.343737290066201
* 28848+14668                       143416.5983   142963.9841             0.32%
* 28964+14668                       143401.9516   142963.9841             0.31%
  29264 15404   143217.1956  2148   143401.9516   142963.9841   842529    0.31%
Time: 1228.718575000762939 seconds
MIP Gap: 0.003054124817523
Nodes: 28957
Best Objective: 142963.984105037263362
Incumbent Obj:  143401.951564190618228
  30084 15740   143274.3833  1831   143401.9516   142963.9841   849016    0.31%
Time: 1240.760825157165527 seconds
MIP Gap: 0.003054124817523
Nodes: 29593
Best Objective: 142963.984105037263362
Incumbent Obj:  143401.951564190618228
Time: 1255.978116035461426 seconds
MIP Gap: 0.003054124817523
Nodes: 30611
Best Objective: 142963.984105037263362
Incumbent Obj:  143401.951564190618228
  31474 16830   143247.0788  1453   143401.9516   142963.9841   869370    0.31%
Time: 1271.057151079177856 seconds
MIP Gap: 0.003054124817523
Nodes: 31613
Best Objective: 142963.984105037263362
Incumbent Obj:  143401.951564190618228
  32898 18887   143270.2469  1838   143401.9516   142979.8299   908279    0.29%
Time: 1285.319507122039795 seconds
MIP Gap: 0.002943625730687
Nodes: 32450
Best Objective: 142979.829889735585311
Incumbent Obj:  143401.951564190618228
  33808 19659   143265.6954  1913   143401.9516   142982.4850   922787    0.29%
Elapsed time = 1274.75 sec. (353688.16 ticks, tree = 4549.25 MB, solutions = 47)
Nodefile size = 2490.84 MB (1687.92 MB after compression)
Time: 1313.238775014877319 seconds
MIP Gap: 0.002925110743239
Nodes: 33980
Best Objective: 142982.484975068829954
Incumbent Obj:  143401.951564190618228
  35455 20499   143202.3100  1746   143401.9516   142989.9870   938476    0.29%
Time: 1329.529690980911255 seconds
MIP Gap: 0.002925110743239
Nodes: 35157
Best Objective: 142982.484975068829954
Incumbent Obj:  143401.951564190618228
Time: 1347.161509990692139 seconds
MIP Gap: 0.002863570065905
Nodes: 36434
Best Objective: 142991.310028299019905
Incumbent Obj:  143401.951564190618228
  37150 22476   143282.8058  2083   143401.9516   142991.3100   974638    0.29%
Time: 1364.216703176498413 seconds
MIP Gap: 0.002859160341869
Nodes: 37619
Best Objective: 142991.942391331685940
Incumbent Obj:  143401.951564190618228
  38849 23961   143342.5526  1506   143401.9516   142991.9424  1003124    0.29%
Time: 1381.723832130432129 seconds
MIP Gap: 0.002852036171633
Nodes: 38791
Best Objective: 142992.964011246804148
Incumbent Obj:  143401.951564190618228
  40716 25762   143343.7471  1826   143401.9516   142995.0993  1034171    0.28%
Time: 1399.282178163528442 seconds
MIP Gap: 0.002837145868124
Nodes: 40247
Best Objective: 142995.099309829296544
Incumbent Obj:  143401.951564190618228
Time: 1416.333137035369873 seconds
MIP Gap: 0.002837145868124
Nodes: 41589
Best Objective: 142995.099309829296544
Incumbent Obj:  143401.951564190618228
  42478 27763   143243.2865  1859   143401.9516   142995.0993  1074525    0.28%
Time: 1433.268217086791992 seconds
MIP Gap: 0.002837145868124
Nodes: 42864
Best Objective: 142995.099309829296544
Incumbent Obj:  143401.951564190618228
  43889 29118   143159.2985  2005   143401.9516   142995.8831  1101586    0.28%
Time: 1450.326817035675049 seconds
MIP Gap: 0.002831680326810
Nodes: 43942
Best Objective: 142995.883079120161710
Incumbent Obj:  143401.951564190618228
  45517 30363   143112.5979  2046   143401.9516   142996.6028  1125694    0.28%
Time: 1468.375539064407349 seconds
MIP Gap: 0.002826661110131
Nodes: 45135
Best Objective: 142996.602844587236177
Incumbent Obj:  143401.951564190618228
  47406 31601   143147.6651  1910   143401.9516   142998.1482  1150798    0.28%
Time: 1487.783452033996582 seconds
MIP Gap: 0.002815884659132
Nodes: 46694
Best Objective: 142998.148208691418404
Incumbent Obj:  143401.951564190618228
Time: 1507.983273983001709 seconds
MIP Gap: 0.002810541816363
Nodes: 48438
Best Objective: 142998.914382771414239
Incumbent Obj:  143401.951564190618228
  49255 33238   143318.6783  1281   143401.9516   142998.9144  1179644    0.28%
Time: 1527.205080032348633 seconds
MIP Gap: 0.002794081694395
Nodes: 49772
Best Objective: 143001.274796384619549
Incumbent Obj:  143401.951564190618228
  50896 35300   143250.6324  2047   143401.9516   143001.2748  1217550    0.28%
Elapsed time = 1506.20 sec. (391849.50 ticks, tree = 8440.06 MB, solutions = 47)
Nodefile size = 6378.08 MB (4330.20 MB after compression)
Time: 1546.236658096313477 seconds
MIP Gap: 0.002794081694395
Nodes: 51078
Best Objective: 143001.274796384619549
Incumbent Obj:  143401.951564190618228
  52610 36498   143280.7300  1400   143401.9516   143001.2748  1238675    0.28%
Time: 1565.072395086288452 seconds
MIP Gap: 0.002791846959308
Nodes: 52496
Best Objective: 143001.595261757232947
Incumbent Obj:  143401.951564190618228
  54677 37801   143304.1114  2014   143401.9516   143001.5953  1261642    0.28%
Time: 1585.302945137023926 seconds
MIP Gap: 0.002791036892037
Nodes: 54371
Best Objective: 143001.711426984868012
Incumbent Obj:  143401.951564190618228
  56658 39938   143350.7257  1055   143401.9516   143002.3484  1295486    0.28%
Time: 1609.932710170745850 seconds
MIP Gap: 0.002776402379307
Nodes: 56342
Best Objective: 143003.810044670535717
Incumbent Obj:  143401.951564190618228
  57867 42850   143383.6810  1698   143401.9516   143003.8100  1344493    0.28%
* 58086+41597                       143401.9455   143003.8100             0.28%
* 58475+42224                       143388.8185   143003.8100             0.27%
  58662 43217   143242.7881  1745   143388.8185   143003.8100  1350548    0.27%
* 58962+42123                       143388.8185   143003.8100             0.27%
  59495 44053   143299.7037  1897   143388.8185   143003.8100  1366615    0.27%
* 59821+42123                       143388.8124   143003.8100             0.27%
  60394 44841   143255.2066  1225   143388.8124   143003.8100  1380979    0.27%
  61386 45391   143310.8188  1532   143388.8124   143003.8100  1390308    0.27%
  62417 46283   143111.7797  1772   143388.8124   143003.8100  1406987    0.27%
  63339 47526   143069.6898  2080   143388.8124   143003.8100  1428763    0.27%
Elapsed time = 1742.24 sec. (430032.01 ticks, tree = 11680.18 MB, solutions = 48)
Nodefile size = 9615.10 MB (6527.42 MB after compression)
* 63731+41597                       143383.3014   143003.8100             0.26%
  64422 48268   143277.5014  1755   143383.3014   143003.8100  1440777    0.26%
  65474 49245   143193.4921  1888   143383.3014   143003.8100  1458867    0.26%
Time: 1810.176329135894775 seconds
MIP Gap: 0.002646691574462
Nodes: 65343
Best Objective: 143003.810044670535717
Incumbent Obj:  143383.301420458679786
  66423 47405   143127.7022  1848   143383.3014   143003.8100  1473559    0.26%
  67196 48381   143242.3470  1773   143383.3014   143003.8100  1492202    0.26%
Time: 1832.017593145370483 seconds
MIP Gap: 0.002646691574462
Nodes: 66590
Best Objective: 143003.810044670535717
Incumbent Obj:  143383.301420458679786
  68183 49059   143195.6645  1773   143383.3014   143003.8100  1504692    0.26%
Time: 1850.368191957473755 seconds
MIP Gap: 0.002646691574462
Nodes: 67573
Best Objective: 143003.810044670535717
Incumbent Obj:  143383.301420458679786
  69331 50100   143258.8944  1444   143383.3014   143003.8100  1525738    0.26%
Time: 1874.506769180297852 seconds
MIP Gap: 0.002646691574462
Nodes: 69063
Best Objective: 143003.810044670535717
Incumbent Obj:  143383.301420458679786
  70656 51229   143189.5046  2060   143383.3014   143003.8100  1548600    0.26%
Time: 1895.692101955413818 seconds
MIP Gap: 0.002646691574462
Nodes: 70496
Best Objective: 143003.810044670535717
Incumbent Obj:  143383.301420458679786
  71901 51521   143327.9385  1892   143383.3014   143003.8100  1555121    0.26%
  73308 53286   143235.6208  1829   143383.3014   143003.8100  1587844    0.26%
Time: 1921.685824155807495 seconds
MIP Gap: 0.002646691574462
Nodes: 72162
Best Objective: 143003.810044670535717
Incumbent Obj:  143383.301420458679786
  74477 54887   143233.2385  1948   143383.3014   143004.4470  1617323    0.26%
Elapsed time = 1915.16 sec. (468196.43 ticks, tree = 13356.55 MB, solutions = 60)
Nodefile size = 11287.98 MB (7679.72 MB after compression)
Time: 1944.700289964675903 seconds
MIP Gap: 0.002642249044971
Nodes: 73590
Best Objective: 143004.447029215632938
Incumbent Obj:  143383.301420458679786
  75723 55726   143302.3219  1972   143383.3014   143004.4470  1635921    0.26%
Time: 1967.952468156814575 seconds
MIP Gap: 0.002642249044971
Nodes: 75100
Best Objective: 143004.447029215632938
Incumbent Obj:  143383.301420458679786
* 76380+55893                       143371.2140   143004.4470             0.26%
* 76494+55889                       143358.9574   143004.4470             0.25%
  77031 56438   143375.1370  1901   143358.9574   143004.4470  1648677    0.25%

Performing restart 2

Repeating presolve.
Tried aggregator 1 time.
MIP Presolve eliminated 0 rows and 15716 columns.
MIP Presolve modified 119 coefficients.
Reduced MIP has 6677 rows, 313434 columns, and 628068 nonzeros.
Reduced MIP has 313434 binaries, 0 generals, 0 SOSs, and 0 indicators.
Presolve time = 1.11 sec. (733.07 ticks)
Tried aggregator 1 time.
MIP Presolve modified 42 coefficients.
Reduced MIP has 6677 rows, 313434 columns, and 628068 nonzeros.
Reduced MIP has 313434 binaries, 0 generals, 0 SOSs, and 0 indicators.
Presolve time = 1.41 sec. (813.41 ticks)
Represolve time = 28.34 sec. (12000.07 ticks)
  77870     0   142964.5420  2215   143358.9574      Cuts: 73  1728392    0.24%
  77870     0   142967.6169  2132   143358.9574      Cuts: 37  1728547    0.24%
  77870     0   142971.5832  2211   143358.9574      Cuts: 44  1728673    0.24%
  77870     0   142973.7451  2128   143358.9574      Cuts: 36  1728754    0.24%
  77870     0   142976.6512  2246   143358.9574      Cuts: 22  1728889    0.24%
  77870     0   142980.8008  2229   143358.9574      Cuts: 40  1729014    0.24%
  77870     0   142983.4000  2203   143358.9574      Cuts: 39  1729102    0.24%
  77870     0   142986.3532  2211   143358.9574      Cuts: 36  1729212    0.24%
  77870     0   142987.9564  2101   143358.9574      Cuts: 30  1729291    0.24%
  77870     0   142989.1321  2115   143358.9574      Cuts: 18  1729365    0.24%
  77870     0   142989.9382  2192   143358.9574      Cuts: 13  1729418    0.24%
  77870     0   142991.9276  2239   143358.9574      Cuts: 17  1729504    0.24%
  77870     0   142992.5881  2288   143358.9574      Cuts: 15  1729544    0.24%

Repeating presolve.
Tried aggregator 1 time.
MIP Presolve eliminated 9 rows and 17323 columns.
MIP Presolve modified 487 coefficients.
Reduced MIP has 6668 rows, 296111 columns, and 593422 nonzeros.
Reduced MIP has 296111 binaries, 0 generals, 0 SOSs, and 0 indicators.
Presolve time = 1.06 sec. (706.86 ticks)
Tried aggregator 1 time.
MIP Presolve modified 138 coefficients.
Reduced MIP has 6668 rows, 296111 columns, and 593422 nonzeros.
Reduced MIP has 296111 binaries, 0 generals, 0 SOSs, and 0 indicators.
Presolve time = 1.34 sec. (776.71 ticks)
Represolve time = 25.64 sec. (11003.95 ticks)
* 77870+    0                       143358.3629   143007.8274             0.24%
  77870     0   142993.8336  2317   143358.3629      Cuts: 40  1748397    0.24%
  77870     0   142994.4356  2292   143358.3629      Cuts: 12  1748438    0.24%
  77870     0   142995.0920  2190   143358.3629      Cuts: 14  1748478    0.24%
  77870     0   142997.6529  2357   143358.3629      Cuts: 14  1748540    0.24%
  77870     0   142998.3457  2337   143358.3629      Cuts: 17  1748588    0.24%
  77870     0   142998.8462  2291   143358.3629      Cuts: 17  1748652    0.24%
  77870     0   142999.7943  2356   143358.3629       Cuts: 9  1748707    0.24%
  77870     0   143000.2821  2317   143358.3629      Cuts: 10  1748738    0.24%
  77870     0   143000.6098  2328   143358.3629       Cuts: 8  1748771    0.24%
  77870     0   143001.0915  2338   143358.3629      Cuts: 11  1748808    0.24%
  77870     0   143001.6335  2479   143358.3629      Cuts: 17  1748840    0.24%
  77870     0   143001.8154  2494   143358.3629       Cuts: 6  1748862    0.24%
  77870     0   143001.9773  2517   143358.3629      Cuts: 11  1748900    0.24%
  77870     0   143002.0686  2468   143358.3629       Cuts: 7  1748908    0.24%
  77870     0   143002.1021  2560   143358.3629       Cuts: 5  1748918    0.24%
Time: 2458.588485956192017 seconds
MIP Gap: 0.002445170000000
Nodes: 77870
Best Objective: 143007.827381142356899
Incumbent Obj:  143358.362949475529604
  77870     2   143002.1021  2560   143358.3629   143007.8274  1748918    0.24%
Time: 2463.715955972671509 seconds
MIP Gap: 0.002445170000000
Nodes: 77880
Best Objective: 143007.827381142356899
Incumbent Obj:  143358.362949475529604
Time: 2470.753560066223145 seconds
MIP Gap: 0.002445170000000
Nodes: 77911
Best Objective: 143007.827381142356899
Incumbent Obj:  143358.362949475529604
Time: 2476.854225158691406 seconds
MIP Gap: 0.002445170000000
Nodes: 78063
Best Objective: 143007.827381142356899
Incumbent Obj:  143358.362949475529604
  78238   154   143078.9081  2233   143358.3629   143007.8274  1754271    0.24%
Time: 2483.910583019256592 seconds
MIP Gap: 0.002445170000000
Nodes: 78586
Best Objective: 143007.827381142356899
Incumbent Obj:  143358.362949475529604
Time: 2489.061541080474854 seconds
MIP Gap: 0.002445170000000
Nodes: 79008
Best Objective: 143007.827381142356899
Incumbent Obj:  143358.362949475529604
Time: 2495.588402032852173 seconds
MIP Gap: 0.002445170000000
Nodes: 79621
Best Objective: 143007.827381142356899
Incumbent Obj:  143358.362949475529604
  79954  1444   143198.8231  1982   143358.3629   143007.8274  1792134    0.24%
Starting limited solution polishing.
Time: 2503.025532960891724 seconds
MIP Gap: 0.002436654655256
Nodes: 80283
Best Objective: 143009.048127024783753
Incumbent Obj:  143358.362949475529604
Time: 2511.588878154754639 seconds
MIP Gap: 0.002436654655256
Nodes: 80896
Best Objective: 143009.048127024783753
Incumbent Obj:  143358.362949475529604
  81291  2657   143261.1773  1983   143358.3629   143014.4635  1828431    0.24%
Time: 2517.596888065338135 seconds
MIP Gap: 0.002436654655256
Nodes: 81088
Best Objective: 143009.048127024783753
Incumbent Obj:  143358.362949475529604
Time: 2526.788740158081055 seconds
MIP Gap: 0.002398879434394
Nodes: 81876
Best Objective: 143014.463520847668406
Incumbent Obj:  143358.362949475529604
Time: 2533.232534170150757 seconds
MIP Gap: 0.002356901095908
Nodes: 82463
Best Objective: 143020.481466732337140
Incumbent Obj:  143358.362949475529604
  82959  3773   143286.9442  1668   143358.3629   143020.4815  1855500    0.24%
Time: 2540.039986133575439 seconds
MIP Gap: 0.002356901095908
Nodes: 83063
Best Objective: 143020.481466732337140
Incumbent Obj:  143358.362949475529604
Time: 2546.191213130950928 seconds
MIP Gap: 0.002356901095908
Nodes: 83597
Best Objective: 143020.481466732337140
Incumbent Obj:  143358.362949475529604
Time: 2552.593588113784790 seconds
MIP Gap: 0.002356901095908
Nodes: 84103
Best Objective: 143020.481466732337140
Incumbent Obj:  143358.362949475529604
  84745  5613   143168.2683  2039   143358.3629   143020.4815  1903762    0.24%
Time: 2558.478873014450073 seconds
MIP Gap: 0.002356901095908
Nodes: 84643
Best Objective: 143020.481466732337140
Incumbent Obj:  143358.362949475529604
Time: 2565.253545045852661 seconds
MIP Gap: 0.002356901095908
Nodes: 85194
Best Objective: 143020.481466732337140
Incumbent Obj:  143358.362949475529604
Time: 2571.674592971801758 seconds
MIP Gap: 0.002311583902321
Nodes: 85839
Best Objective: 143026.978065418370534
Incumbent Obj:  143358.362949475529604
Time: 2578.915660142898560 seconds
MIP Gap: 0.002291916280541
Nodes: 86483
Best Objective: 143029.797583479958121
Incumbent Obj:  143358.362949475529604
  86877  7297   143338.9157  1655   143358.3629   143029.7976  1938612    0.23%
Time: 2584.938102006912231 seconds
MIP Gap: 0.002276718897150
Nodes: 87067
Best Objective: 143031.976255483954446
Incumbent Obj:  143358.362949475529604
Time: 2591.046334028244019 seconds
MIP Gap: 0.002276718897150
Nodes: 87710
Best Objective: 143031.976255483954446
Incumbent Obj:  143358.362949475529604
Time: 2597.662008047103882 seconds
MIP Gap: 0.002276718897150
Nodes: 88329
Best Objective: 143031.976255483954446
Incumbent Obj:  143358.362949475529604
  88844  9170   143301.5354  1352   143358.3629   143031.9763  1975991    0.23%
Elapsed time = 2574.31 sec. (797926.34 ticks, tree = 1795.91 MB, solutions = 64)
Time: 2604.185554981231689 seconds
MIP Gap: 0.002233738987132
Nodes: 88916
Best Objective: 143038.137785023864126
Incumbent Obj:  143358.362949475529604
Time: 2611.663324117660522 seconds
MIP Gap: 0.002226163617522
Nodes: 89469
Best Objective: 143039.223777609964600
Incumbent Obj:  143358.362949475529604
Time: 2620.716439962387085 seconds
MIP Gap: 0.002212490939092
Nodes: 90124
Best Objective: 143041.183870406821370
Incumbent Obj:  143358.362949475529604
  90723 10848   143135.4404  1972   143358.3629   143041.1839  2011990    0.22%
Time: 2627.963273048400879 seconds
MIP Gap: 0.002212490939092
Nodes: 90733
Best Objective: 143041.183870406821370
Incumbent Obj:  143358.362949475529604
Time: 2638.097756147384644 seconds
MIP Gap: 0.002212490939092
Nodes: 91613
Best Objective: 143041.183870406821370
Incumbent Obj:  143358.362949475529604
Time: 2646.404200077056885 seconds
MIP Gap: 0.002212490939092
Nodes: 92225
Best Objective: 143041.183870406821370
Incumbent Obj:  143358.362949475529604
  92745 12997   143136.1948  1948   143358.3629   143041.1839  2058385    0.22%
Time: 2654.180751085281372 seconds
MIP Gap: 0.002212490939092
Nodes: 92901
Best Objective: 143041.183870406821370
Incumbent Obj:  143358.362949475529604
Time: 2662.580640077590942 seconds
MIP Gap: 0.002190497858842
Nodes: 93648
Best Objective: 143044.336762387567433
Incumbent Obj:  143358.362949475529604
Time: 2670.326544046401978 seconds
MIP Gap: 0.002182382350558
Nodes: 94382
Best Objective: 143045.500188369711395
Incumbent Obj:  143358.362949475529604
  94813 14837   143173.3387  2163   143358.3629   143046.2841  2103215    0.22%
Time: 2677.759849071502686 seconds
MIP Gap: 0.002172536760707
Nodes: 95096
Best Objective: 143046.911636013042880
Incumbent Obj:  143358.362949475529604
Time: 2690.483102083206177 seconds
MIP Gap: 0.002172536760707
Nodes: 96097
Best Objective: 143046.911636013042880
Incumbent Obj:  143358.362949475529604
  96788 16344   143056.8168  2087   143358.3629   143048.9755  2139184    0.22%
Time: 2699.212058067321777 seconds
MIP Gap: 0.002158139904753
Nodes: 96801
Best Objective: 143048.975545714143664
Incumbent Obj:  143358.362949475529604
Time: 2708.241177082061768 seconds
MIP Gap: 0.002151512676698
Nodes: 97521
Best Objective: 143049.925614279025467
Incumbent Obj:  143358.362949475529604
  98790 18477   143302.4854  1658   143358.3629   143050.5689  2190040    0.21%
Time: 2717.537269115447998 seconds
MIP Gap: 0.002151512676698
Nodes: 98417
Best Objective: 143049.925614279025467
Incumbent Obj:  143358.362949475529604
Time: 2726.768824100494385 seconds
MIP Gap: 0.002143767504029
Nodes: 99323
Best Objective: 143051.035949553654063
Incumbent Obj:  143358.362949475529604
Time: 2737.074846029281616 seconds
MIP Gap: 0.002141711453533
Nodes: 100252
Best Objective: 143051.330701586935902
Incumbent Obj:  143358.362949475529604
 100968 20479   143252.6392  1338   143358.3629   143051.7317  2239289    0.21%
Time: 2746.276273965835571 seconds
MIP Gap: 0.002126295852914
Nodes: 101153
Best Objective: 143053.540656855562702
Incumbent Obj:  143358.362949475529604
Time: 2757.152779102325439 seconds
MIP Gap: 0.002123057551302
Nodes: 102102
Best Objective: 143054.004894473298918
Incumbent Obj:  143358.362949475529604
 103059 22633   143212.3904  1926   143358.3629   143054.0049  2287001    0.21%
Time: 2766.892771959304810 seconds
MIP Gap: 0.002123057551302
Nodes: 102805
Best Objective: 143054.004894473298918
Incumbent Obj:  143358.362949475529604
Time: 2778.795217037200928 seconds
MIP Gap: 0.002120932422326
Nodes: 103539
Best Objective: 143054.309549484401941
Incumbent Obj:  143358.362949475529604

Clique cuts applied:  2218
Cover cuts applied:  3432
Flow cuts applied:  345
Mixed integer rounding cuts applied:  767
Zero-half cuts applied:  500
Lift and project cuts applied:  3
Gomory fractional cuts applied:  20

Root node processing (before b&c):
  Real time             =  286.07 sec. (73237.85 ticks)
Parallel b&c, 32 threads:
  Real time             = 2480.49 sec. (758313.99 ticks)
  Sync time (average)   =  945.63 sec.
  Wait time (average)   =   13.07 sec.
                          ------------
Total (root+branch&cut) = 2766.56 sec. (831551.85 ticks)
Post-Optimization Solution: 
p locations: 3034 3033 3018 3012 2987 2981 2937 2932 2888 2879 2877 2873 2847 2839 2836 2834 2826 2811 2808 2805 2779 2776 2763 2758 2747 2743 2733 2730 2708 2703 2681 2673 2663 2659 2641 2629 2624 2615 2583 2572 2568 2563 2558 2555 2543 2529 2521 2507 2503 2498 2488 2480 2479 2468 2459 2445 2440 2438 2430 2421 2416 2412 2407 2405 2395 2389 2385 2366 2359 2352 2338 2336 2330 2326 3029 2320 2294 2997 2288 2282 2982 2273 2270 2975 2266 2245 2944 2235 2939 2230 2227 2205 2193 2185 2163 2866 2157 2152 2145 2137 2116 2108 2105 2098 2089 2087 2065 2060 2050 2042 2040 2033 2030 2029 2020 2719 2010 2003 2699 1990 1985 1968 1961 1953 1945 1935 1927 2609 1900 1897 1892 2598 1889 1888 1886 1867 1857 1841 1837 1835 1823 1821 1811 1802 1792 1790 1786 1782 1775 1772 1766 1762 1757 1752 1737 1724 1720 1706 1697 2401 1692 1683 1681 2388 1679 1671 818 2941 814 477 2215 797 123 2922 795 1469 771 2880 753 79 740 728 705 1042 2797 1379 1375 695 1402 693 668 2051 1342 655 2064 646 641 304 637 2427 300 1677 259 584 575 238 3004 1586 2697 1988 570 566 560 2652 1234 2676 549 544 533 1942 524 518 507 499 2612 485 148 465 128 438 1851 433 1129 420 1828 410 166 503 2258 840 163 1911 493 830 159 2978 142 1862 1153 1490 2348 221 90 2968 132 462 1473 49 1769 1060 28 780 2573 446 2201 783 2538 1120 2239 112 1832 1123 2318 191 683 2845 2136 9 648 1357 1360 816 107 529 1203 1540 679 172 846 84 14 1432 2308 1599 2893 766 2527 1109 335 94 2167 749 2841 2132 5 1423 2000 582 1593 81 1092 1068 1405 397 731 22 593 45 282 153 1908 490 455 1164 1501 390 413 2443 316 990 999 571 2124 1415 569 1243 235 909 2949 1531 113 743 34 673 1382 2875 39 2904 2195 777 2737 610 985 276 2848 721 349 1058 686 1395 2209 791 2174 756 47 1465 360 325 1034 2080 1371 2886 50 2514 1096 387 1398 287 961 1635 2765 1347 638 975 178 2607 1189 3015 179 1196 677 510 2602 1184 2435 1017 1354 188 2689 1980 562 2355 228 64 1819 401 310 578 2913 77 2371 244 2951 824 2075 657 323 2752 1334 978 269 607 291 537 1548 370 1711 293 1641 663 1337 1747 329 208 882 1556 1084 375 378 343 1052 826 119 828 834 838 2276 858 863 1200 1580 871 3000 2291 873 1210 169 878 889 2311 893 1607 898 901 2993 1575 904 916 923 1260 927 929 3021 185 1603 931 1977 1268 935 231 940 1277 949 1286 2376 958 273 982 1006 1008 1021 1055 1072 2492 365 1074 1785 1076 1413 1097 2143 725 1434 1104 404 1113 407 1116 422 1131 426 1135 1855 1146 774 1483 1149 1157 1494 2578 1160 1168 2214 1505 478 1187 1524 1193 496 1205 1214 2635 1217 1554 1220 1933 1224 2647 1938 520 1229 2655 1237 1248 1250 1265 1289 1296 2723 596 1305 599 1308 1310 1647 1314 1318 1328 247 956 1665 623 1332 251 1669 2786 659 1368 2119 701 1410 2 1420 717 1426 1447 1456 1477 67 1485 2218 1509 1515 98 1516 1559 1565 1568 3006 2297 1588 1619 2331 1622 1628 1637 2363 1654 2370 1661 
p size: 600
objective: 143358.362949475063942
sum (dij * xij) 
demand/capacity: 154482.000000000000000/192600
Solution is Feasible
Comparing Best Bounds: 
Old Best Bound: 143054.309549484401941
New Best Bound: 143054.309549484401941
Time elapsed: 2820.799838476999867s
Time remaining: 2741.000000000000000s



Finishing post-optimization
p locations: 3034 3033 3018 3012 2987 2981 2937 2932 2888 2879 2877 2873 2847 2839 2836 2834 2826 2811 2808 2805 2779 2776 2763 2758 2747 2743 2733 2730 2708 2703 2681 2673 2663 2659 2641 2629 2624 2615 2583 2572 2568 2563 2558 2555 2543 2529 2521 2507 2503 2498 2488 2480 2479 2468 2459 2445 2440 2438 2430 2421 2416 2412 2407 2405 2395 2389 2385 2366 2359 2352 2338 2336 2330 2326 3029 2320 2294 2997 2288 2282 2982 2273 2270 2975 2266 2245 2944 2235 2939 2230 2227 2205 2193 2185 2163 2866 2157 2152 2145 2137 2116 2108 2105 2098 2089 2087 2065 2060 2050 2042 2040 2033 2030 2029 2020 2719 2010 2003 2699 1990 1985 1968 1961 1953 1945 1935 1927 2609 1900 1897 1892 2598 1889 1888 1886 1867 1857 1841 1837 1835 1823 1821 1811 1802 1792 1790 1786 1782 1775 1772 1766 1762 1757 1752 1737 1724 1720 1706 1697 2401 1692 1683 1681 2388 1679 1671 818 2941 814 477 2215 797 123 2922 795 1469 771 2880 753 79 740 728 705 1042 2797 1379 1375 695 1402 693 668 2051 1342 655 2064 646 641 304 637 2427 300 1677 259 584 575 238 3004 1586 2697 1988 570 566 560 2652 1234 2676 549 544 533 1942 524 518 507 499 2612 485 148 465 128 438 1851 433 1129 420 1828 410 166 503 2258 840 163 1911 493 830 159 2978 142 1862 1153 1490 2348 221 90 2968 132 462 1473 49 1769 1060 28 780 2573 446 2201 783 2538 1120 2239 112 1832 1123 2318 191 683 2845 2136 9 648 1357 1360 816 107 529 1203 1540 679 172 846 84 14 1432 2308 1599 2893 766 2527 1109 335 94 2167 749 2841 2132 5 1423 2000 582 1593 81 1092 1068 1405 397 731 22 593 45 282 153 1908 490 455 1164 1501 390 413 2443 316 990 999 571 2124 1415 569 1243 235 909 2949 1531 113 743 34 673 1382 2875 39 2904 2195 777 2737 610 985 276 2848 721 349 1058 686 1395 2209 791 2174 756 47 1465 360 325 1034 2080 1371 2886 50 2514 1096 387 1398 287 961 1635 2765 1347 638 975 178 2607 1189 3015 179 1196 677 510 2602 1184 2435 1017 1354 188 2689 1980 562 2355 228 64 1819 401 310 578 2913 77 2371 244 2951 824 2075 657 323 2752 1334 978 269 607 291 537 1548 370 1711 293 1641 663 1337 1747 329 208 882 1556 1084 375 378 343 1052 826 119 828 834 838 2276 858 863 1200 1580 871 3000 2291 873 1210 169 878 889 2311 893 1607 898 901 2993 1575 904 916 923 1260 927 929 3021 185 1603 931 1977 1268 935 231 940 1277 949 1286 2376 958 273 982 1006 1008 1021 1055 1072 2492 365 1074 1785 1076 1413 1097 2143 725 1434 1104 404 1113 407 1116 422 1131 426 1135 1855 1146 774 1483 1149 1157 1494 2578 1160 1168 2214 1505 478 1187 1524 1193 496 1205 1214 2635 1217 1554 1220 1933 1224 2647 1938 520 1229 2655 1237 1248 1250 1265 1289 1296 2723 596 1305 599 1308 1310 1647 1314 1318 1328 247 956 1665 623 1332 251 1669 2786 659 1368 2119 701 1410 2 1420 717 1426 1447 1456 1477 67 1485 2218 1509 1515 98 1516 1559 1565 1568 3006 2297 1588 1619 2331 1622 1628 1637 2363 1654 2370 1661 
p size: 600
objective: 143358.362949475063942
sum (dij * xij) 
demand/capacity: 154482.000000000000000/192600
Solution is Feasible
Solution Stats
Statistics:
Max distance: 281.396517391384918
Min distance: 0.000000000000000
Avg distance: 47.188401234191922
Std deviation distance: 34.274407932530131


[INFO] Saving assignment: ./outputs/solutions/2024-08-27_LIT_seed_0_1-2p/Assignments/test_lit_p3038_600_p_600_RSSV_EXACT_CPMP_BIN_POSTOPT.txt
[INFO] Saving results: ./outputs/solutions/2024-08-27_LIT_seed_0_1-2p/test_lit_p3038_600_results_RSSV_EXACT_CPMP_BIN_POSTOPT.csv
[INFO] Saving all results: ./outputs/solutions/test_all_results.csv
Final total elapsed time (post opt): 3680s
PostOptimization destructor
Finish solving problem
Elapsed time: 3680449 ms

RSSV finished.
