Debug: configOverride contents: IsWeighted_ObjFunc add_break_callback add_generate_reports add_threshold_distance_rssv bw_multiplier capacities cover_mode coverages cust_max_id distance_matrix loc_max_id max_ite_subprob_rssv method method_post_opt method_rssv_fp method_rssv_sp output p seed service size_subproblems_rssv subarea threads time time_cplex time_subprob_rssv weights 
Loading instance...
Scanning input data...
Distance matrix dimensions: 4462 x 4462 = 19909444
Elapsed time: 0 ms

Loading weights...
Skipped line: customer weight coord_x coord_y
Loaded 4461 weights
Loaded 4461 coordinates
Total customer demand: 224395.00
Elapsed time: 11 ms

Loading capacities...
Skipped line: location capacity coord_x coord_y
Loaded 4461 capacities
Loaded 4461 coordinates
Elapsed time: 8 ms

Loading distance matrix...
Computing euclidian distances...
bw multiplier: 0.50
Loaded 19904982 distances
dists stdev: 954.33
bandwidth h: 17.53
locations: 4461
customers: 4461
p: 100
Elapsed time: 586 ms

[INFO] Instance loaded
loc_max_id: 4461
loc_cnt: 4461
service: fnl4461_0100
cust_max_id: 4461
cust_cnt: 4461
unweighted obj function
p: 100
total_demand: 224395.00


-------------------------------------------------


-------------------------------------------------
RSSV heuristic 
-------------------------------------------------
method subproblems: TB_PMP
method final problem: EXACT_CPMP_BIN
-------------------------------------------------
RSSV running...
cPMP size (N): 4461
sub-cPMP size (n): 120
Subproblems cnt (M): 185
p: 100
Seed: 0
Time limit for subproblems: 300.00

thread cnt: 20

Thread 1 created with seed 1
Thread 2 created with seed 2
Thread 3 created with seed 3
Solving sub-PMP 1/185...
Thread 4 created with seed 4
Solving sub-PMP 2/185...
Solving sub-PMP 3/185...
Thread 5 created with seed 5
Solving sub-PMP 4/185...
Thread 6 created with seed 6
Solving sub-PMP 5/185...
Thread 7 created with seed 7
Solving sub-PMP 6/185...
Thread 8 created with seed 8
uncapacitated TB started
uncapacitated TB started
uncapacitated TB started
Thread 9 created with seed 9
uncapacitated TB started
Thread 10 created with seed 10
uncapacitated TB started
Thread 11 created with seed 11
Thread 12 created with seed 12
Thread 13 created with seed 13
Thread 14 created with seed 14
[INFO] Uncapacitated TB local search started
[INFO] Uncapacitated TB local search started
Thread 15 created with seed 15
Thread 16 created with seed 16
Thread 17 created with seed 17
Thread 18 created with seed 18
Thread 19[INFO] Uncapacitated TB local search started
 created with seed 19
[INFO] Uncapacitated TB local search started
Thread 20 created with seed 20
[INFO] Uncapacitated TB local search started
Solving sub-PMP 12/185...
uncapacitated TB started
Solving sub-PMP 7/185...
Solving sub-PMP 13/185...
uncapacitated TB started
uncapacitated TB started
[INFO] Uncapacitated TB local search started
uncapacitated TB started
Solving sub-PMP 14/185...
[INFO] Uncapacitated TB local search started
[INFO] Uncapacitated TB local search started
[INFO] Uncapacitated TB local search started
uncapacitated TB started
Solving sub-PMP 8/185...
Solving sub-PMP 9/185...
[INFO] Uncapacitated TB local search started
Solving sub-PMP 15/185...
uncapacitated TB started
Solving sub-PMP 19/185...
Solving sub-PMP 16/185...
[INFO] Uncapacitated TB local search started
Solving sub-PMP 10/185...
Solving sub-PMP 17/185...
Solving sub-PMP 11/185...
Solving sub-PMP 20/185...
Solving sub-PMP 18/185...
uncapacitated TB started
uncapacitated TB started
[INFO] Uncapacitated TB local search started
uncapacitated TB started
[INFO] Uncapacitated TB local search started
uncapacitated TB started
uncapacitated TB started
[INFO] Uncapacitated TB local search started
uncapacitated TB started
uncapacitated TB started
uncapacitated TB started
[INFO] Uncapacitated TB local search started
[INFO] Uncapacitated TB local search started
[INFO] Uncapacitated TB local search started
[INFO] Uncapacitated TB local search started
[INFO] Uncapacitated TB local search started
uncapacitated TB started
[INFO] Uncapacitated TB local search started
Num ite total uncapacited TB: 11
tb solution is feasible
Num ite total uncapacited TB: 11
tb solution is feasible
Num ite total uncapacited TB: 10
tb solution is feasible
Num ite total uncapacited TB: 11
tb solution is feasible
Num ite total uncapacited TB: 11
tb solution is feasible
Num ite total uncapacited TB: 10
tb solution is feasible
Num ite total uncapacited TB: 13
tb solution is feasible
Num ite total uncapacited TB: 15
tb solution is feasible
Num ite total uncapacited TB: 11
tb solution is feasible
Num ite total uncapacited TB: 10
tb solution is feasible
Num ite total uncapacited TB: 13
tb solution is feasible
Num ite total uncapacited TB: 12
tb solution is feasible
Num ite total uncapacited TB: 12
tb solution is feasible
Num ite total uncapacited TB: 15
tb solution is feasible
Num ite total uncapacited TB: 14
tb solution is feasible
Num ite total uncapacited TB: 11
tb solution is feasible
Num ite total uncapacited TB: 14
tb solution is feasible
Num ite total uncapacited TB: 15
tb solution is feasible
Num ite total uncapacited TB: 12
tb solution is feasible
Num ite total uncapacited TB: 15
tb solution is feasible
Thread 21 created with seed 21
Thread 22 created with seed 22
Solving sub-PMP Thread 23 created with seed 23
21/185...
Thread 24 created with seed 24
Solving sub-PMP 22/185...
Thread 25 created with seed 25
Thread 26 created with seed 26
Solving sub-PMP 25/185...
Thread 27 created with seed 27
Solving sub-PMP 26/185...
Thread 28 created with seed 28
Solving sub-PMP 24/185...
Solving sub-PMP 23/185...
uncapacitated TB started
Thread 29 created with seed 29
Solving sub-PMP 27/185...
Thread 30 created with seed 30
Thread 31 created with seed 31
uncapacitated TB started
Solving sub-PMP 30/185...
Thread 32 created with seed 32
Solving sub-PMP 28/185...
uncapacitated TB started
Thread 33 created with seed 33
uncapacitated TB started
uncapacitated TB started
uncapacitated TB started
Thread 34 created with seed 34
Thread 35 created with seed 35
[INFO] Uncapacitated TB local search started
Thread 36 created with seed 36
uncapacitated TB started
Thread 37 created with seed 37
uncapacitated TB started
[INFO] Uncapacitated TB local search started
Thread 38 created with seed 38
uncapacitated TB started
Thread 39 created with seed 39
Thread 40 created with seed 40
Solving sub-PMP 31/185...
[INFO] Uncapacitated TB local search started
[INFO] Uncapacitated TB local search started
[INFO] Uncapacitated TB local search started
[INFO] Uncapacitated TB local search started
[INFO] Uncapacitated TB local search started
uncapacitated TB started
[INFO] Uncapacitated TB local search started
[INFO] Uncapacitated TB local search started
[INFO] Uncapacitated TB local search started
Solving sub-PMP 36/185...
Solving sub-PMP 38/185...
uncapacitated TB started
uncapacitated TB started
[INFO] Uncapacitated TB local search started
[INFO] Uncapacitated TB local search started
Solving sub-PMP 29/185...
Solving sub-PMP Solving sub-PMP 40/18537.../185...
Solving sub-PMP 39/185...
uncapacitated TB started
uncapacitated TB started
uncapacitated TB started
[INFO] Uncapacitated TB local search started
[INFO] Uncapacitated TB local search started
[INFO] Uncapacitated TB local search started
Solving sub-PMP 34/185...
Solving sub-PMP 33/185...
uncapacitated TB started
uncapacitated TB started
[INFO] Uncapacitated TB local search started
[INFO] Uncapacitated TB local search started
Solving sub-PMP 35/185...

uncapacitated TB started
Solving sub-PMP 32/185...
uncapacitated TB started
uncapacitated TB started
[INFO] Uncapacitated TB local search started
[INFO] Uncapacitated TB local search started
[INFO] Uncapacitated TB local search started
Num ite total uncapacited TB: 11
tb solution is feasible
Num ite total uncapacited TB: 10
tb solution is feasible
Num ite total uncapacited TB: 12
tb solution is feasible
Num ite total uncapacited TB: 14
tb solution is feasible
Num ite total uncapacited TB: 10
tb solution is feasible
Num ite total uncapacited TB: 11
tb solution is feasible
Num ite total uncapacited TB: 16
tb solution is feasible
Num ite total uncapacited TB: 18
tb solution is feasible
Num ite total uncapacited TB: 9
tb solution is feasible
Num ite total uncapacited TB: 15
tb solution is feasible
Num ite total uncapacited TB: 12
tb solution is feasible
Num ite total uncapacited TB: 12
tb solution is feasible
Num ite total uncapacited TB: 15
tb solution is feasible
Num ite total uncapacited TB: 16
tb solution is feasible
Num ite total uncapacited TB: 12
tb solution is feasible
Num ite total uncapacited TB: 14
tb solution is feasible
Num ite total uncapacited TB: 15
tb solution is feasible
Num ite total uncapacited TB: 13
tb solution is feasible
Num ite total uncapacited TB: 16
tb solution is feasible
Num ite total uncapacited TB: 14
tb solution is feasible
Thread 41 created with seed 41
Thread 42 created with seed 42
Thread 43 created with seed 43
Solving sub-PMP 41/185...
Solving sub-PMP 42/185...
Thread 44 created with seed 44
Thread 45 created with seed 45
Solving sub-PMP 44/185...
Thread 46 created with seed 46
Solving sub-PMP 45/185...
Solving sub-PMP 43/185...
uncapacitated TB started
uncapacitated TB started
Thread 47 created with seed 47
Thread 48 created with seed 48
uncapacitated TB started
Solving sub-PMP 46/185...
Thread 49 created with seed 49
uncapacitated TB started
uncapacitated TB started
Thread 50 created with seed 50
Thread 51 created with seed 51
Thread 52 created with seed 52
[INFO] Uncapacitated TB local search started
[INFO] Uncapacitated TB local search started
Thread 53 created with seed 53
Solving sub-PMP 47/185...
uncapacitated TB started
Solving sub-PMP 49/185...
Thread 54 created with seed 54
Solving sub-PMP 50/185...
Solving sub-PMP 51/185...
Solving sub-PMP Thread 55 created with seed 55
Solving sub-PMP [INFO] Uncapacitated TB local search started
48/185...53
/Thread 56 created with seed 56
185...
Thread 57 created with seed 57
[INFO] Uncapacitated TB local search started
uncapacitated TB started
[INFO] Uncapacitated TB local search started
uncapacitated TB started
Thread 58 created with seed 58
uncapacitated TB started
Thread 59 created with seed 59
Solving sub-PMP [INFO] Uncapacitated TB local search started
uncapacitated TB started
Thread 60 created with seed 60
uncapacitated TB started
uncapacitated TB started
Solving sub-PMP 58/185...
[INFO] Uncapacitated TB local search started
[INFO] Uncapacitated TB local search started
[INFO] Uncapacitated TB local search started
[INFO] Uncapacitated TB local search started
uncapacitated TB started
[INFO] Uncapacitated TB local search started
[INFO] Uncapacitated TB local search started
[INFO] Uncapacitated TB local search started
Solving sub-PMP 55/185...
52/185...
uncapacitated TB started
Solving sub-PMP 59/185...
uncapacitated TB started
uncapacitated TB started
[INFO] Uncapacitated TB local search started
[INFO] Uncapacitated TB local search started
[INFO] Uncapacitated TB local search started
Solving sub-PMP 57/185...
Solving sub-PMP 60/185...
uncapacitated TB started
uncapacitated TB started
[INFO] Uncapacitated TB local search started
[INFO] Uncapacitated TB local search started
Solving sub-PMP 54/185...
Solving sub-PMP 56/185...
uncapacitated TB started
uncapacitated TB started
[INFO] Uncapacitated TB local search started
[INFO] Uncapacitated TB local search started
Num ite total uncapacited TB: 8
tb solution is feasible
Num ite total uncapacited TB: 10
tb solution is feasible
Num ite total uncapacited TB: 10
tb solution is feasible
Num ite total uncapacited TB: 13
tb solution is feasible
Num ite total uncapacited TB: 13
tb solution is feasible
Num ite total uncapacited TB: 13
tb solution is feasible
Num ite total uncapacited TB: 11
tb solution is feasible
Num ite total uncapacited TB: 16
tb solution is feasible
Num ite total uncapacited TB: 13
tb solution is feasible
Num ite total uncapacited TB: 12
tb solution is feasible
Num ite total uncapacited TB: 13
tb solution is feasible
Num ite total uncapacited TB: 16
tb solution is feasible
Num ite total uncapacited TB: 11
tb solution is feasible
Num ite total uncapacited TB: 14
tb solution is feasible
Num ite total uncapacited TB: 16
tb solution is feasible
Num ite total uncapacited TB: 12
tb solution is feasible
Num ite total uncapacited TB: 13
tb solution is feasible
Num ite total uncapacited TB: 16
tb solution is feasible
Num ite total uncapacited TB: 15
tb solution is feasible
Num ite total uncapacited TB: 15
tb solution is feasible
Thread 61 created with seed 61
Thread 62 created with seed 62
Thread 63 created with seed 63
Thread 64 created with seed 64
Solving sub-PMP 63/185...
Solving sub-PMP 62/185...
Solving sub-PMP 64/185...
Thread 65 created with seed 65
Solving sub-PMP 61/185...
Thread 66 created with seed 66
uncapacitated TB started
uncapacitated TB started
Thread 67 created with seed 67
uncapacitated TB started
Thread 68 created with seed 68
Solving sub-PMP 66/185...
Solving sub-PMP 65/185...
Thread 69 created with seed 69
Solving sub-PMP 68/185Solving sub-PMP 67/...185...

uncapacitated TB started
uncapacitated TB started
Thread 70 created with seed 70
Thread 71 created with seed 71
Thread 72 created with seed 72
[INFO] Uncapacitated TB local search started
[INFO] Uncapacitated TB local search started
uncapacitated TB started
uncapacitated TB started
Thread 73 created with seed 73
[INFO] Uncapacitated TB local search started
Thread 74 created with seed 74
Thread 75 created with seed 75
Thread 76 created with seed 76
Thread 77 created with seed 77
Thread 78 created with seed 78
[INFO] Uncapacitated TB local search started
Solving sub-PMP Thread 79 created with seed 7179/
Solving sub-PMP 72/185...
[INFO] Uncapacitated TB local search started
[INFO] Uncapacitated TB local search started
Thread 80 created with seed 80
Solving sub-PMP 75185Solving sub-PMP 70/185...
Solving sub-PMP 76/185...
[INFO] Uncapacitated TB local search started
uncapacitated TB started
Solving sub-PMP ...73
/Solving sub-PMP 79/185...
185...Solving sub-PMP 
Solving sub-PMP Solving sub-PMP 77/185...
78/185uncapacitated TB started
uncapacitated TB started
80/185...
Solving sub-PMP 69/185...
/185...
uncapacitated TB started
uncapacitated TB started
uncapacitated TB started
[INFO] Uncapacitated TB local search started
[INFO] Uncapacitated TB local search started
[INFO] Uncapacitated TB local search started
[INFO] Uncapacitated TB local search started
[INFO] Uncapacitated TB local search started
Solving sub-PMP 74/185...
uncapacitated TB started
uncapacitated TB started
[INFO] Uncapacitated TB local search started
[INFO] Uncapacitated TB local search started
[INFO] Uncapacitated TB local search started
uncapacitated TB started
uncapacitated TB started
[INFO] Uncapacitated TB local search started
[INFO] Uncapacitated TB local search started
uncapacitated TB started
...
uncapacitated TB started
uncapacitated TB started
[INFO] Uncapacitated TB local search started
[INFO] Uncapacitated TB local search started
[INFO] Uncapacitated TB local search started
Num ite total uncapacited TB: 12
tb solution is feasible
Num ite total uncapacited TB: 13
tb solution is feasible
Num ite total uncapacited TB: 13
tb solution is feasible
Num ite total uncapacited TB: 14
tb solution is feasible
Num ite total uncapacited TB: 13
tb solution is feasible
Num ite total uncapacited TB: 13
tb solution is feasible
Num ite total uncapacited TB: 12
tb solution is feasible
Num ite total uncapacited TB: 15
tb solution is feasible
Num ite total uncapacited TB: 14
tb solution is feasible
Num ite total uncapacited TB: 14
tb solution is feasible
Num ite total uncapacited TB: 15
tb solution is feasible
Num ite total uncapacited TB: 17
tb solution is feasible
Num ite total uncapacited TB: 15
tb solution is feasible
Num ite total uncapacited TB: 15
tb solution is feasible
Num ite total uncapacited TB: 12
tb solution is feasible
Num ite total uncapacited TB: 14
tb solution is feasible
Num ite total uncapacited TB: 13
tb solution is feasible
Num ite total uncapacited TB: 15
tb solution is feasible
Num ite total uncapacited TB: 17
tb solution is feasible
Num ite total uncapacited TB: 16
tb solution is feasible
Thread 81 created with seed 81
Thread 82 created with seed 82
Solving sub-PMP 82/185...
Thread 83 created with seed 83
Thread 84 created with seed 84
Solving sub-PMP 83/185...
Thread 85 created with seed 85
Solving sub-PMP 84/185...
Solving sub-PMP 81/185...
Thread 86 created with seed 86
Solving sub-PMP 85/185...
Thread 87 created with seed 87
uncapacitated TB started
Solving sub-PMP 86/185...
uncapacitated TB started
Thread 88 created with seed 88
uncapacitated TB started
Thread 89 created with seed 89
Thread 90 created with seed 90
Thread 91 created with seed 91
Thread 92 created with seed 92
Thread 93 created with seed 93
Thread 94 created with seed 94
uncapacitated TB started
uncapacitated TB started
uncapacitated TB started
[INFO] Uncapacitated TB local search started
[INFO] Uncapacitated TB local search started
[INFO] Uncapacitated TB local search started
[INFO] Uncapacitated TB local search started
[INFO] Uncapacitated TB local search started
[INFO] Uncapacitated TB local search started
Solving sub-PMP 90/185...
Solving sub-PMP 87/185...
Solving sub-PMP 89/185...
Solving sub-PMP 93/185...
Solving sub-PMP 91/185...
Solving sub-PMP 88/185...
Solving sub-PMP 92/185...
Thread 95 created with seed 95
uncapacitated TB started
uncapacitated TB started
uncapacitated TB started
uncapacitated TB started
[INFO] Uncapacitated TB local search started
[INFO] Uncapacitated TB local search started
[INFO] Uncapacitated TB local search started
[INFO] Uncapacitated TB local search started
uncapacitated TB started
uncapacitated TB started
[INFO] Uncapacitated TB local search started
[INFO] Uncapacitated TB local search started
Solving sub-PMP 94/185...
Thread 96 created with seed 96
Thread 97 created with seed 97
uncapacitated TB started
Thread 98 created with seed 98
Thread 99 created with seed 99
uncapacitated TB started
Thread 100 created with seed 100
[INFO] Uncapacitated TB local search started
[INFO] Uncapacitated TB local search started
Solving sub-PMP 96/185...
Solving sub-PMP 95/185...
Solving sub-PMP 98/185...
Solving sub-PMP 99/185...
Solving sub-PMP 100/185...
uncapacitated TB started
uncapacitated TB started
uncapacitated TB started
uncapacitated TB started
[INFO] Uncapacitated TB local search started
[INFO] Uncapacitated TB local search started
[INFO] Uncapacitated TB local search started
[INFO] Uncapacitated TB local search started
Solving sub-PMP 97/185...
uncapacitated TB started
uncapacitated TB started
[INFO] Uncapacitated TB local search started
[INFO] Uncapacitated TB local search started
Num ite total uncapacited TB: 12
tb solution is feasible
Num ite total uncapacited TB: 9
tb solution is feasible
Num ite total uncapacited TB: 15
tb solution is feasible
Num ite total uncapacited TB: 11
tb solution is feasible
Num ite total uncapacited TB: 14
tb solution is feasible
Num ite total uncapacited TB: 12
tb solution is feasible
Num ite total uncapacited TB: 15
tb solution is feasible
Num ite total uncapacited TB: 13
tb solution is feasible
Num ite total uncapacited TB: 16
tb solution is feasible
Num ite total uncapacited TB: 14
tb solution is feasible
Num ite total uncapacited TB: 16
tb solution is feasible
Num ite total uncapacited TB: 14
tb solution is feasible
Num ite total uncapacited TB: 15
tb solution is feasible
Num ite total uncapacited TB: 15
tb solution is feasible
Num ite total uncapacited TB: 16
tb solution is feasible
Num ite total uncapacited TB: 15
tb solution is feasible
Num ite total uncapacited TB: 15
tb solution is feasible
Num ite total uncapacited TB: 15
tb solution is feasible
Num ite total uncapacited TB: 13
tb solution is feasible
Num ite total uncapacited TB: 14
tb solution is feasible
Thread 101 created with seed 101
Thread 102 created with seed 102
Thread 103 created with seed 103
Thread 104 created with seed 104
Solving sub-PMP 103/185...
Solving sub-PMP 102/185...
Solving sub-PMP 104/185...
Thread 105 created with seed 105
Solving sub-PMP 101/185...
Thread 106 created with seed 106
Solving sub-PMP 105/185...
Thread 107 created with seed 107
Solving sub-PMP 106/185...
Thread 108 created with seed 108
uncapacitated TB started
Thread 109 created with seed 109
Solving sub-PMP uncapacitated TB started
107/185...
uncapacitated TB started
Thread 110 created with seed 110
uncapacitated TB started
Solving sub-PMP 109/185...
Thread 111 created with seed 111
uncapacitated TB started
uncapacitated TB started
Thread 112 created with seed 112
Thread 113 created with seed 113
Thread 114 created with seed 114
uncapacitated TB started
Thread 115 created with seed 115
Thread 116 created with seed 116
Thread 117 created with seed 117
Thread 118 created with seed 118
Thread 119 created with seed 119
Thread 120 created with seed 120
uncapacitated TB started
Solving sub-PMP 120/185...
[INFO] Uncapacitated TB local search started
Solving sub-PMP 110/185...
[INFO] Uncapacitated TB local search started
uncapacitated TB started
Solving sub-PMP 111/185...
Solving sub-PMP 118/185...
Solving sub-PMP 112/185...
uncapacitated TB started
uncapacitated TB started
[INFO] Uncapacitated TB local search started
uncapacitated TB started
[INFO] Uncapacitated TB local search started
[INFO] Uncapacitated TB local search started
[INFO] Uncapacitated TB local search started
[INFO] Uncapacitated TB local search started
Solving sub-PMP 108Solving sub-PMP /119/185uncapacitated TB started
...Solving sub-PMP 116/185...
[INFO] Uncapacitated TB local search started
Solving sub-PMP 115/185...
[INFO] Uncapacitated TB local search started
[INFO] Uncapacitated TB local search started
Solving sub-PMP 117/185...

Solving sub-PMP 114/185185...
[INFO] Uncapacitated TB local search started
...
[INFO] Uncapacitated TB local search started
uncapacitated TB started
uncapacitated TB started
[INFO] Uncapacitated TB local search started
uncapacitated TB started
uncapacitated TB started
Solving sub-PMP 113/185...
uncapacitated TB started
uncapacitated TB started
[INFO] Uncapacitated TB local search started
[INFO] Uncapacitated TB local search started
[INFO] Uncapacitated TB local search started
[INFO] Uncapacitated TB local search started
[INFO] Uncapacitated TB local search started
[INFO] Uncapacitated TB local search started
uncapacitated TB started
[INFO] Uncapacitated TB local search started
Num ite total uncapacited TB: 12
tb solution is feasible
Num ite total uncapacited TB: 9
tb solution is feasible
Num ite total uncapacited TB: 9
tb solution is feasible
Num ite total uncapacited TB: 12
tb solution is feasible
Num ite total uncapacited TB: 12
tb solution is feasible
Num ite total uncapacited TB: 13
tb solution is feasible
Num ite total uncapacited TB: 11
tb solution is feasible
Num ite total uncapacited TB: 12
tb solution is feasible
Num ite total uncapacited TB: 10
tb solution is feasible
Num ite total uncapacited TB: 12
tb solution is feasible
Num ite total uncapacited TB: 16
tb solution is feasible
Num ite total uncapacited TB: 14
tb solution is feasible
Num ite total uncapacited TB: 11
tb solution is feasible
Num ite total uncapacited TB: 14
tb solution is feasible
Num ite total uncapacited TB: 14
tb solution is feasible
Num ite total uncapacited TB: 14
tb solution is feasible
Num ite total uncapacited TB: 12
tb solution is feasible
Num ite total uncapacited TB: 14
tb solution is feasible
Num ite total uncapacited TB: 15
tb solution is feasible
Num ite total uncapacited TB: 17
tb solution is feasible
Thread 121 created with seed 121
Thread 122 created with seed 122
Thread 123 created with seed 123
Thread 124 created with seed 124
Solving sub-PMP 123/185...
Thread 125 created with seed 125
Thread 126 created with seed 126
Solving sub-PMP 125/185...
Solving sub-PMP 121/185...
Solving sub-PMP uncapacitated TB started
Thread 127 created with seed 127
Thread 128 created with seed 128
Thread 129 created with seed 129
Thread 130 created with seed 130
uncapacitated TB started
Thread 131 created with seed 131
uncapacitated TB started
Thread 132 created with seed 132
Thread 133 created with seed 133
Thread 134 created with seed 134
Thread 135 created with seed 135
Thread 136 created with seed 136
Thread 137 created with seed 137
Thread 138 created with seed 138
Thread 139 created with seed 139
Solving sub-PMP 136/185...
Thread 140 created with seed 140
122/185...
Solving sub-PMP 124/185...
Solving sub-PMP 135/185...
Solving sub-PMP 140/185...
uncapacitated TB started
Solving sub-PMP 132/185...
[INFO] Uncapacitated TB local search started
[INFO] Uncapacitated TB local search started
uncapacitated TB started
Solving sub-PMP 131/185...
uncapacitated TB started
Solving sub-PMP 130/185...
uncapacitated TB started
Solving sub-PMP 126/185...
uncapacitated TB started
Solving sub-PMP Solving sub-PMP 129/185...
139/185...
Solving sub-PMP 138/185...
uncapacitated TB started
uncapacitated TB started
uncapacitated TB started
[INFO] Uncapacitated TB local search started
uncapacitated TB started
Solving sub-PMP 137/[INFO] Uncapacitated TB local search started
185...
uncapacitated TB started
[INFO] Uncapacitated TB local search started
uncapacitated TB started
[INFO] Uncapacitated TB local search started
Solving sub-PMP 134/185...
[INFO] Uncapacitated TB local search started
Solving sub-PMP 127/185...
uncapacitated TB started
[INFO] Uncapacitated TB local search started
[INFO] Uncapacitated TB local search started
uncapacitated TB started
[INFO] Uncapacitated TB local search started
[INFO] Uncapacitated TB local search started
Solving sub-PMP 133/185...
Solving sub-PMP 128/185...
[INFO] Uncapacitated TB local search started
[INFO] Uncapacitated TB local search started
uncapacitated TB started
[INFO] Uncapacitated TB local search started
uncapacitated TB started
[INFO] Uncapacitated TB local search started
[INFO] Uncapacitated TB local search started
uncapacitated TB started
uncapacitated TB started
[INFO] Uncapacitated TB local search started
[INFO] Uncapacitated TB local search started
[INFO] Uncapacitated TB local search started
[INFO] Uncapacitated TB local search started
Num ite total uncapacited TB: 11
tb solution is feasible
Num ite total uncapacited TB: 11
tb solution is feasible
Num ite total uncapacited TB: 12
tb solution is feasible
Num ite total uncapacited TB: 10
tb solution is feasible
Num ite total uncapacited TB: 12
tb solution is feasible
Num ite total uncapacited TB: 13
tb solution is feasible
Num ite total uncapacited TB: 13
tb solution is feasible
Num ite total uncapacited TB: 10
tb solution is feasible
Num ite total uncapacited TB: 13
tb solution is feasible
Num ite total uncapacited TB: 14
tb solution is feasible
Num ite total uncapacited TB: 14
tb solution is feasible
Num ite total uncapacited TB: 14
tb solution is feasible
Num ite total uncapacited TB: 11
tb solution is feasible
Num ite total uncapacited TB: 17
tb solution is feasible
Num ite total uncapacited TB: 16
tb solution is feasible
Num ite total uncapacited TB: 13
tb solution is feasible
Num ite total uncapacited TB: 18
tb solution is feasible
Num ite total uncapacited TB: 12
tb solution is feasible
Num ite total uncapacited TB: 16
tb solution is feasible
Num ite total uncapacited TB: 16
tb solution is feasible
Thread 141 created with seed 141
Thread 142 created with seed 142
Thread 143 created with seed 143
Solving sub-PMP 142/185...
Thread 144 created with seed 144
Thread 145 created with seed 145
Thread 146 created with seed 146
Thread 147 created with seed 147
Thread 148 created with seed 148
Thread 149 created with seed 149
Thread 150 created with seed 150
Solving sub-PMP 143/185...
Solving sub-PMP 144/185...
Solving sub-PMP 148/185...
uncapacitated TB started
Solving sub-PMP 147/185...
Solving sub-PMP uncapacitated TB started
141/185...
[INFO] Uncapacitated TB local search started
uncapacitated TB started
uncapacitated TB started
[INFO] Uncapacitated TB local search started
[INFO] Uncapacitated TB local search started
[INFO] Uncapacitated TB local search started
Solving sub-PMP 149/185...
Solving sub-PMP 146/185...
Solving sub-PMP 145/185...
Thread 151 created with seed 151
Thread 152 created with seed 152
uncapacitated TB started
Thread 153 created with seed 153
Solving sub-PMP 151/185...
Solving sub-PMP 150/185...
uncapacitated TB started
uncapacitated TB started
Thread 154 created with seed 154
Solving sub-PMP 152/185...
uncapacitated TB started
uncapacitated TB started
Thread 155 created with seed 155
Thread 156 created with seed 156
Thread 157 created with seed 157
Thread 158 created with seed 158
uncapacitated TB started
uncapacitated TB started
Thread 159 created with seed 159
Thread 160 created with seed 160
[INFO] Uncapacitated TB local search started
[INFO] Uncapacitated TB local search started
[INFO] Uncapacitated TB local search started
[INFO] Uncapacitated TB local search started
[INFO] Uncapacitated TB local search started
[INFO] Uncapacitated TB local search started
[INFO] Uncapacitated TB local search started
Solving sub-PMP 154/185...
uncapacitated TB started
Solving sub-PMP 155/185...
Solving sub-PMP 156/185...
Solving sub-PMP 158/185Solving sub-PMP ...159/185...
[INFO] Uncapacitated TB local search started
uncapacitated TB started

Solving sub-PMP 153/185...
uncapacitated TB started
uncapacitated TB started
uncapacitated TB started
uncapacitated TB started
[INFO] Uncapacitated TB local search started
[INFO] Uncapacitated TB local search started
[INFO] Uncapacitated TB local search started
[INFO] Uncapacitated TB local search started
Solving sub-PMP 157/185...
uncapacitated TB started
uncapacitated TB started
[INFO] Uncapacitated TB local search started
[INFO] Uncapacitated TB local search started
Solving sub-PMP 160/185...
uncapacitated TB started
[INFO] Uncapacitated TB local search started
[INFO] Uncapacitated TB local search started
Num ite total uncapacited TB: 12
tb solution is feasible
Num ite total uncapacited TB: 14
tb solution is feasible
Num ite total uncapacited TB: 10
tb solution is feasible
Num ite total uncapacited TB: 11
tb solution is feasible
Num ite total uncapacited TB: 9
tb solution is feasible
Num ite total uncapacited TB: 11
tb solution is feasible
Num ite total uncapacited TB: 11
tb solution is feasible
Num ite total uncapacited TB: 14
tb solution is feasible
Num ite total uncapacited TB: 14
tb solution is feasible
Num ite total uncapacited TB: 14
tb solution is feasible
Num ite total uncapacited TB: 15
tb solution is feasible
Num ite total uncapacited TB: 15
tb solution is feasible
Num ite total uncapacited TB: 15
tb solution is feasible
Num ite total uncapacited TB: 17
tb solution is feasible
Num ite total uncapacited TB: 19
tb solution is feasible
Num ite total uncapacited TB: 15
tb solution is feasible
Num ite total uncapacited TB: 16
tb solution is feasible
Num ite total uncapacited TB: 14
tb solution is feasible
Num ite total uncapacited TB: 16
tb solution is feasible
Num ite total uncapacited TB: 14
tb solution is feasible
Thread 161 created with seed 161
Thread 162 created with seed 162
Solving sub-PMP 161/185...
Thread 163 created with seed 163
Thread 164 created with seed 164
Thread 165 created with seed 165
Thread 166 created with seed 166
Solving sub-PMP Thread 167 created with seed 163167/
Solving sub-PMP 164/185...
Solving sub-PMP 162/185...
185...
Solving sub-PMP 165/185...
Solving sub-PMP 166/185...
uncapacitated TB started
uncapacitated TB started
Thread 168 created with seed 168
uncapacitated TB started
uncapacitated TB started
[INFO] Uncapacitated TB local search started
[INFO] Uncapacitated TB local search started
uncapacitated TB started
uncapacitated TB started
Solving sub-PMP 167/185...
[INFO] Uncapacitated TB local search started
Thread 169 created with seed 169
[INFO] Uncapacitated TB local search started
uncapacitated TB started
Thread 170 created with seed 170
Solving sub-PMP 168/185...
Solving sub-PMP 169/185...
Thread 171 created with seed 171
Solving sub-PMP 170/185...
Thread 172 created with seed 172
[INFO] Uncapacitated TB local search started
Thread 173[INFO] Uncapacitated TB local search started
 created with seed 173
Thread 174 created with seed 174
Solving sub-PMP 171/185...
uncapacitated TB started
Thread 175 created with seed 175
Solving sub-PMP uncapacitated TB started
173/185...
uncapacitated TB started
Solving sub-PMP 174/185...
[INFO] Uncapacitated TB local search started
Thread 176 created with seed 176
uncapacitated TB started
uncapacitated TB started
[INFO] Uncapacitated TB local search started
uncapacitated TB started
[INFO] Uncapacitated TB local search started
[INFO] Uncapacitated TB local search started
[INFO] Uncapacitated TB local search started
[INFO] Uncapacitated TB local search started
[INFO] Uncapacitated TB local search started
Solving sub-PMP 172/185...
Thread 177 created with seed 177
Thread 178 created with seed 178
Thread 179 created with seed 179
Thread 180 created with seed 180
Solving sub-PMP 176/185...
Solving sub-PMP 175/185...
Solving sub-PMP 177/uncapacitated TB started
185...
Solving sub-PMP 178/185...
Solving sub-PMP uncapacitated TB started
180/185...
uncapacitated TB started
uncapacitated TB started
uncapacitated TB started
uncapacitated TB started
[INFO] Uncapacitated TB local search started
[INFO] Uncapacitated TB local search started
[INFO] Uncapacitated TB local search started
[INFO] Uncapacitated TB local search started
[INFO] Uncapacitated TB local search started
[INFO] Uncapacitated TB local search started
Solving sub-PMP 179/185...
uncapacitated TB started
[INFO] Uncapacitated TB local search started
Num ite total uncapacited TB: 11
tb solution is feasible
Num ite total uncapacited TB: 13
tb solution is feasible
Num ite total uncapacited TB: 13
tb solution is feasible
Num ite total uncapacited TB: 13
tb solution is feasible
Num ite total uncapacited TB: 13
tb solution is feasible
Num ite total uncapacited TB: 13
tb solution is feasible
Num ite total uncapacited TB: 13
tb solution is feasible
Num ite total uncapacited TB: 14
tb solution is feasible
Num ite total uncapacited TB: 13
tb solution is feasible
Num ite total uncapacited TB: 13
tb solution is feasible
Num ite total uncapacited TB: 12
tb solution is feasible
Num ite total uncapacited TB: 12
tb solution is feasible
Num ite total uncapacited TB: 14
tb solution is feasible
Num ite total uncapacited TB: 16
tb solution is feasible
Num ite total uncapacited TB: 14
tb solution is feasible
Num ite total uncapacited TB: 16
tb solution is feasible
Num ite total uncapacited TB: 13
tb solution is feasible
Num ite total uncapacited TB: 14
tb solution is feasible
Num ite total uncapacited TB: 14
tb solution is feasible
Num ite total uncapacited TB: 14
tb solution is feasible
Thread 181 created with seed 181
Thread 182 created with seed 182
Solving sub-PMP 181/185...
Thread 183 created with seed 183
Thread 184 created with seed 184
Solving sub-PMP 183/185...
Thread 185 created with seed 185
Solving sub-PMP 184/185...
uncapacitated TB started
Solving sub-PMP 182/185...
uncapacitated TB started
Solving sub-PMP 185/185...
uncapacitated TB started
uncapacitated TB started
[INFO] Uncapacitated TB local search started
uncapacitated TB started
[INFO] Uncapacitated TB local search started
[INFO] Uncapacitated TB local search started
[INFO] Uncapacitated TB local search started
[INFO] Uncapacitated TB local search started
Num ite total uncapacited TB: 12
tb solution is feasible
Num ite total uncapacited TB: 12
tb solution is feasible
Num ite total uncapacited TB: 13
tb solution is feasible
Num ite total uncapacited TB: 12
tb solution is feasible
Num ite total uncapacited TB: 13
tb solution is feasible
[INFO] All subproblems solved.

Elapsed time: 34401 ms


Stats: 
Max dist: 727.73
Min dist: 0.00
avg of Avg dists: 156.99
avg Std dev dist: 89.55

First 120 voting weights (sorted): 2034(48.93) 3578(38.93) 3576(34.99) 2588(33.00) 3580(30.00) 1055(25.00) 2032(23.00) 2586(22.14) 3574(22.07) 1396(22.00) 2629(19.00) 4019(17.01) 872(17.00) 3002(16.97) 3908(16.21) 2106(16.00) 3232(15.28) 3891(15.21) 1906(15.17) 1030(15.02) 3000(15.00) 59(14.95) 1010(14.57) 3728(14.37) 502(14.21) 3572(14.16) 1534(13.53) 57(13.51) 1812(13.37) 3594(13.02) 1810(13.00) 3038(13.00) 2243(13.00) 1960(12.78) 1111(12.74) 504(12.63) 2564(12.63) 2010(12.60) 3043(12.32) 3098(12.29) 1804(12.27) 681(12.27) 3993(12.14) 3078(12.09) 737(12.09) 2940(12.00) 3629(12.00) 2687(11.97) 1129(11.90) 150(11.81) 3040(11.76) 2372(11.66) 453(11.55) 2900(11.35) 1764(11.29) 3388(11.28) 1982(11.22) 3716(11.20) 3127(11.10) 271(11.10) 1166(11.07) 1710(11.04) 3315(11.00) 4050(11.00) 3546(10.98) 2056(10.92) 88(10.90) 3707(10.80) 2742(10.71) 3239(10.62) 3160(10.59) 2662(10.55) 2998(10.52) 1013(10.51) 2134(10.46) 4218(10.42) 3653(10.40) 1864(10.39) 949(10.32) 3860(10.29) 3544(10.27) 3756(10.27) 133(10.25) 876(10.24) 1599(10.23) 1234(10.19) 311(10.16) 2047(10.14) 2899(10.14) 151(10.13) 975(10.13) 3056(10.12) 1993(10.10) 1798(10.09) 3281(10.09) 4214(10.09) 3477(10.07) 1388(10.04) 941(10.02) 1519(10.00) 1109(10.00) 795(10.00) 3631(10.00) 3068(10.00) 658(10.00) 840(10.00) 3906(10.00) 2942(10.00) 3671(10.00) 718(10.00) 1213(10.00) 976(10.00) 3286(10.00) 3213(10.00) 4216(10.00) 3964(10.00) 2818(10.00) 1834(10.00) 3632(9.95) 565(9.93) 


Filtered 120 locations: 2034 3578 3576 2588 3580 1055 2032 2586 3574 1396 2629 4019 872 3002 3908 2106 3232 3891 1906 1030 3000 59 1010 3728 502 3572 1534 57 1812 3594 1810 3038 2243 1960 1111 504 2564 2010 3043 3098 1804 681 3993 3078 737 2940 3629 2687 1129 150 3040 2372 453 2900 1764 3388 1982 3716 3127 271 1166 1710 3315 4050 3546 2056 88 3707 2742 3239 3160 2662 2998 1013 2134 4218 3653 1864 949 3860 3544 3756 133 876 1599 1234 311 2047 2899 151 975 3056 1993 1798 3281 4214 3477 1388 941 1519 1109 795 3631 3068 658 840 3906 2942 3671 718 1213 976 3286 3213 4216 3964 2818 1834 3632 565 

Extracted 0 prioritized locations: 

Final instance parameters:
loc_max_id: 4461
loc_cnt: 120
service: fnl4461_0100
cust_max_id: 4461
cust_cnt: 4461
unweighted obj function
p: 100
total_demand: 224395.00
threshold_dist: 817.28



-------------------------------------------------
Final Problem RSSV heuristic
-------------------------------------------------
    RSSV_EXACT_CPMP_BIN
-------------------------------------------------
Gap Cplex Reports: gap_Bin_service_fnl4461_0100_p_100_RSSV_EXACT_CPMP_BIN.csv
[CALLBACK] Generating reports cplex callbacks...
[CALLBACK] Using BreakCallback...
Time Limit with not improving 1.00% (gap): 120.00 seconds
Time Limit with Gap less than 1%: 120.00 seconds
Default row names c1, c2 ... being created.
Version identifier: 22.1.1.0 | 2022-11-28 | 9160aff4d
CPXPARAM_TimeLimit                               2366
Legacy callback                                  i
Tried aggregator 2 times.
MIP Presolve eliminated 453995 rows and 453995 columns.
Aggregator did 8 substitutions.
Reduced MIP has 4574 rows, 81437 columns, and 162874 nonzeros.
Reduced MIP has 81437 binaries, 0 generals, 0 SOSs, and 0 indicators.
Presolve time = 1.09 sec. (453.02 ticks)
Found incumbent of value 2347382.321145 after 1.87 sec. (720.27 ticks)
Tried aggregator 1 time.
Detecting symmetries...
Reduced MIP has 4574 rows, 81437 columns, and 162874 nonzeros.
Reduced MIP has 81437 binaries, 0 generals, 0 SOSs, and 0 indicators.
Presolve time = 0.34 sec. (118.92 ticks)
Probing time = 1.68 sec. (13.62 ticks)
Clique table members: 85780.
MIP emphasis: balance optimality and feasibility.
MIP search method: dynamic search.
Parallel mode: deterministic, using up to 32 threads.
Root relaxation solution time = 0.54 sec. (79.15 ticks)

        Nodes                                         Cuts/
   Node  Left     Objective  IInf  Best Integer    Best Bound    ItCnt     Gap

*     0+    0                      2347382.3211     3861.3123            99.84%
*     0+    0                       938889.8121     3861.3123            99.59%
*     0+    0                       866983.7991     3861.3123            99.55%
*     0+    0                       839773.7298     3861.3123            99.54%
      0     0   760083.0152   105   839773.7298   760083.0152      636    9.49%
Time: 7.92 seconds
MIP Gap: 0.09
Nodes: 0
Best Objective: 760083.015246570226736
Incumbent Obj:  839773.729804596514441
      0     0   760124.0741   117   839773.7298    Cuts: 1243      795    9.48%
*     0+    0                       795945.5582   760124.0741             4.50%
      0     0   764049.7802   826   795945.5582    Cuts: 1243     2869    4.01%
      0     0   765039.8722   985   795945.5582     Cuts: 316     3358    3.88%
*     0+    0                       777838.3349   765039.8722             1.65%
*     0+    0                       777467.5047   765039.8722             1.60%
      0     0  -1.00000e+75     0   777467.5047   765039.8722     3358    1.60%
Time: 52.395905017852783 seconds
MIP Gap: 0.015984761230542
Nodes: 0
Best Objective: 765039.872246125363745
Incumbent Obj:  777467.504672826034948
      0     0   765151.6293   940   777467.5047     Cuts: 169     3546    1.58%
      0     0   765220.5335   916   777467.5047     Cuts: 100     3803    1.58%
Detecting symmetries...
      0     0   765273.0035  1011   777467.5047     Cuts: 120     4040    1.57%
      0     0   765297.7301   973   777467.5047      Cuts: 80     4255    1.57%
      0     0   765319.7884  1073   777467.5047      Cuts: 83     4401    1.56%
      0     0   765333.5030   948   777467.5047      Cuts: 76     4505    1.56%
      0     0   765342.0930  1079   777467.5047      Cuts: 38     4595    1.56%
*     0+    0                       774288.1545   765342.0930             1.16%
*     0+    0                       769503.2382   765342.0930             0.54%
*     0+    0                       769091.6536   765342.0930             0.49%
      0     0  -1.00000e+75     0   769091.6536   765342.0930     4595    0.49%
Detecting symmetries...
Time: 119.113940954208374 seconds
MIP Gap: 0.004875310502864
Nodes: 0
Best Objective: 765342.092958509572782
Incumbent Obj:  769091.653574847849086
      0     2   765342.0930  1079   769091.6536   765342.0930     4595    0.49%
Elapsed time = 117.53 sec. (7445.80 ticks, tree = 0.02 MB, solutions = 10)
      8     9   765995.3289   814   769091.6536   765392.2367     5221    0.48%
     52    46   766509.0430   777   769091.6536   765457.4367     6678    0.47%
    104    83   766745.4976   719   769091.6536   765494.9342     9339    0.47%
Time: 125.558233976364136 seconds
MIP Gap: 0.004676580927590
Nodes: 106
Best Objective: 765494.934216171153821
Incumbent Obj:  769091.653574847849086
    184   152   766667.5852   560   769091.6536   765523.8610    15511    0.46%
    299   246   766504.8612   457   769091.6536   765523.8610    23105    0.46%
*   338+  101                       767669.6382   765523.8610             0.28%
    339   298   766471.9541   526   767669.6382   765523.8610    28162    0.28%
Time: 131.111736059188843 seconds
MIP Gap: 0.004638969360049
Nodes: 353
Best Objective: 765523.860958844656125
Incumbent Obj:  769091.653574847849086
*   381+  101                       767540.9665   765523.8610             0.26%
*   402+  101                       767417.1287   765523.8610             0.25%
    435   362   767113.6866   438   767417.1287   765523.8610    34855    0.25%
    503   379   767464.5874   550   767417.1287   765523.8610    36937    0.25%
    590   494   767351.0451   357   767417.1287   765523.8610    41931    0.25%
Time: 137.510652065277100 seconds
MIP Gap: 0.002892756309513
Nodes: 669
Best Objective: 765523.860958844656125
Incumbent Obj:  767744.759455856401473
   1337  1120   767196.9427   402   767417.1287   765523.8610    60521    0.25%
Elapsed time = 140.07 sec. (10583.46 ticks, tree = 58.81 MB, solutions = 17)
Time: 142.805968046188354 seconds
MIP Gap: 0.002884825423612
Nodes: 1189
Best Objective: 765529.949854933074676
Incumbent Obj:  767744.759455856401473
Time: 147.980472087860107 seconds
MIP Gap: 0.002432418707119
Nodes: 1851
Best Objective: 765550.448943566065282
Incumbent Obj:  767417.128723636735231
   2062  1237   767190.6619   252   767417.1287   765550.8983    73792    0.24%
*  2065+ 1564                       767263.7036   765550.8983             0.22%
*  2077+ 1560                       767061.4187   765550.8983             0.20%
Time: 153.992440938949585 seconds
MIP Gap: 0.001969815830934
Nodes: 2313
Best Objective: 765550.448943566065282
Incumbent Obj:  767061.418669359874912
   2568   844   767042.3796   212   767061.4187   765558.0954   102902    0.20%
Time: 159.999516963958740 seconds
MIP Gap: 0.001959847301736
Nodes: 2793
Best Objective: 765558.095417715143412
Incumbent Obj:  767061.418669359874912
*  3102+ 1014                       766744.4739   765558.0954             0.15%
*  3159+ 1012                       766625.8668   765558.0954             0.14%
   3414  1418   767049.3748   356   766625.8668   765558.0954   130757    0.14%
*  3778+  864                       766560.1031   765558.0954             0.13%
Time: 167.987439870834351 seconds
MIP Gap: 0.001307148196037
Nodes: 3681
Best Objective: 765558.095417715143412
Incumbent Obj:  766560.103073601610959
*  4100+  894                       766548.0470   765558.0954             0.13%
   4112   884   766280.9882   479   766548.0470   765558.0954   157580    0.13%
*  4125+  894                       766547.9518   765558.0954             0.13%
*  4657+ 1081                       766533.8028   765558.0954             0.13%
Time: 174.344398975372314 seconds
MIP Gap: 0.001291316967242
Nodes: 4413
Best Objective: 765558.095417715143412
Incumbent Obj:  766547.951794071588665
   4921  1311    infeasible         766533.8028   765558.0954   184515    0.13%
*  5318+ 1402                       766533.7076   765873.4760             0.09%
   5583  1543   766414.6262   550   766533.7076   765873.4760   195370    0.09%

Performing restart 1

Repeating presolve.
Tried aggregator 1 time.
MIP Presolve eliminated 0 rows and 41 columns.
Reduced MIP has 4574 rows, 81396 columns, and 162792 nonzeros.
Reduced MIP has 81396 binaries, 0 generals, 0 SOSs, and 0 indicators.
Presolve time = 0.29 sec. (100.20 ticks)
Tried aggregator 1 time.
Reduced MIP has 4574 rows, 81396 columns, and 162792 nonzeros.
Reduced MIP has 81396 binaries, 0 generals, 0 SOSs, and 0 indicators.
Presolve time = 0.38 sec. (121.19 ticks)
Represolve time = 4.93 sec. (701.43 ticks)
   5585     0   765405.5956  1100   766533.7076      Cuts: 41   218664    0.07%
   5585     0   765427.6193  1053   766533.7076      Cuts: 56   218803    0.07%
   5585     0   765439.9464  1094   766533.7076      Cuts: 63   218938    0.07%
*  5585+    0                       766487.3217   765970.6994             0.07%
slurmstepd: error: *** JOB 902404 ON gaia CANCELLED AT 2024-08-27T17:43:33 ***
slurmstepd: error: *** STEP 902404.0 ON gaia CANCELLED AT 2024-08-27T17:43:33 ***
