Debug: configOverride contents: IsWeighted_ObjFunc add_break_callback add_generate_reports add_threshold_distance_rssv bw_multiplier capacities cover_mode coverages cust_max_id distance_matrix loc_max_id max_ite_subprob_rssv method method_post_opt method_rssv_fp method_rssv_sp output p seed service size_subproblems_rssv subarea threads time time_cplex time_subprob_rssv weights 
Loading instance...
Scanning input data...
Distance matrix dimensions: 4462 x 4462 = 19909444
Elapsed time: 0 ms

Loading weights...
Skipped line: customer weight coord_x coord_y
Loaded 4461 weights
Loaded 4461 coordinates
Total customer demand: 224395.00
Elapsed time: 5 ms

Loading capacities...
Skipped line: location capacity coord_x coord_y
Loaded 4461 capacities
Loaded 4461 coordinates
Elapsed time: 4 ms

Loading distance matrix...
Computing euclidian distances...
bw multiplier: 0.50
Loaded 19904982 distances
dists stdev: 954.33
bandwidth h: 17.53
locations: 4461
customers: 4461
p: 250
Elapsed time: 345 ms

[INFO] Instance loaded
loc_max_id: 4461
loc_cnt: 4461
service: fnl4461_0250
cust_max_id: 4461
cust_cnt: 4461
unweighted obj function
p: 250
total_demand: 224395.00


-------------------------------------------------


-------------------------------------------------
RSSV heuristic 
-------------------------------------------------
method subproblems: TB_PMP
method final problem: EXACT_CPMP_BIN
-------------------------------------------------
RSSV running...
cPMP size (N): 4461
sub-cPMP size (n): 1784
Subproblems cnt (M): 12
p: 250
Seed: 200
Time limit for subproblems: 300.00

thread cnt: 20

Thread 1 created with seed 201
Thread 2 created with seed 202
Thread 3 created with seed 203
Thread 4 created with seed 204
Thread 5 created with seed 205
Solving sub-PMP 1/12...
Solving sub-PMP 2/12...
Thread 6 created with seed 206
Solving sub-PMP 4/12...
Solving sub-PMP 3/12...
Thread 7 created with seed 207
Solving sub-PMP 5/12...
Thread 8 created with seed 208
Solving sub-PMP 6/12...
Thread 9 created with seed 209
Solving sub-PMP 7/12...
Solving sub-PMP Thread 9Solving sub-PMP /128...10/12...

 created with seed 210
uncapacitated TB started
uncapacitated TB started
Thread 11 created with seed 211
uncapacitated TB started
Solving sub-PMP 10/12...
Thread 12 created with seed 212
Solving sub-PMP 11/12...
uncapacitated TB started
uncapacitated TB started
Solving sub-PMP 12/12...
uncapacitated TB started
uncapacitated TB started
uncapacitated TB started
uncapacitated TB started
uncapacitated TB started
uncapacitated TB started
uncapacitated TB started
[INFO] Uncapacitated TB local search started
[INFO] Uncapacitated TB local search started
[INFO] Uncapacitated TB local search started
[INFO] Uncapacitated TB local search started
[INFO] Uncapacitated TB local search started
[INFO] Uncapacitated TB local search started
[INFO] Uncapacitated TB local search started
[INFO] Uncapacitated TB local search started
[INFO] Uncapacitated TB local search started
[INFO] Uncapacitated TB local search started
[INFO] Uncapacitated TB local search started
[INFO] Uncapacitated TB local search started

[INFO] Time limit reached. Stopping the algorithm.
TB elapsed time: 300.00 seconds
Num ite total uncapacited TB: 37
tb solution is feasible

[INFO] Time limit reached. Stopping the algorithm.
TB elapsed time: 300.00 seconds
Num ite total uncapacited TB: 37
tb solution is feasible

[INFO] Time limit reached. Stopping the algorithm.
TB elapsed time: 300.01 seconds
Num ite total uncapacited TB: 43
tb solution is feasible

[INFO] Time limit reached. Stopping the algorithm.
TB elapsed time: 300.01 seconds
Num ite total uncapacited TB: 30
tb solution is feasible

[INFO] Time limit reached. Stopping the algorithm.
TB elapsed time: 300.01 seconds
Num ite total uncapacited TB: 26
tb solution is feasible

[INFO] Time limit reached. Stopping the algorithm.
TB elapsed time: 300.01 seconds
Num ite total uncapacited TB: 55
tb solution is feasible

[INFO] Time limit reached. Stopping the algorithm.
TB elapsed time: 300.01 seconds
Num ite total uncapacited TB: 31
tb solution is feasible

[INFO] Time limit reached. Stopping the algorithm.
TB elapsed time: 300.01 seconds
Num ite total uncapacited TB: 34
tb solution is feasible

[INFO] Time limit reached. Stopping the algorithm.
TB elapsed time: 300.01 seconds
Num ite total uncapacited TB: 31
tb solution is feasible

[INFO] Time limit reached. Stopping the algorithm.
TB elapsed time: 300.01 seconds
Num ite total uncapacited TB: 28
tb solution is feasible

[INFO] Time limit reached. Stopping the algorithm.
TB elapsed time: 300.01 seconds
Num ite total uncapacited TB: 29
tb solution is feasible

[INFO] Time limit reached. Stopping the algorithm.
TB elapsed time: 300.01 seconds
Num ite total uncapacited TB: 31
tb solution is feasible
[INFO] All subproblems solved.

Elapsed time: 300705 ms


Stats: 
Max dist: 449.18
Min dist: 0.00
avg of Avg dists: 97.61
avg Std dev dist: 57.04

First 1784 voting weights (sorted): 2034(4.58) 3576(4.39) 1793(4.22) 743(4.18) 165(4.11) 1820(4.07) 283(4.07) 1166(4.04) 738(4.00) 2743(4.00) 1122(4.00) 11(4.00) 2032(4.00) 1618(4.00) 4106(4.00) 2971(4.00) 1013(3.54) 4284(3.51) 154(3.49) 1585(3.42) 81(3.34) 3435(3.27) 1993(3.22) 4114(3.22) 3890(3.18) 3661(3.18) 2165(3.18) 1024(3.18) 2712(3.11) 311(3.07) 943(3.07) 2208(3.07) 2592(3.07) 2880(3.07) 2477(3.06) 3578(3.06) 3953(3.05) 1650(3.05) 1966(3.04) 2815(3.04) 3567(3.04) 4135(3.04) 385(3.03) 2581(3.03) 1016(3.00) 2102(3.00) 4016(3.00) 1147(3.00) 99(3.00) 3051(3.00) 3906(3.00) 2100(3.00) 886(3.00) 172(3.00) 4225(3.00) 884(3.00) 3967(3.00) 2714(3.00) 2008(3.00) 356(3.00) 3052(3.00) 2896(3.00) 773(3.00) 1036(3.00) 2902(3.00) 3869(3.00) 849(3.00) 746(3.00) 4014(3.00) 925(3.00) 1086(3.00) 1933(3.00) 3836(3.00) 2092(3.00) 3097(3.00) 1020(3.00) 4290(3.00) 1124(3.00) 934(3.00) 654(3.00) 2669(3.00) 2990(3.00) 4080(3.00) 1426(3.00) 4041(3.00) 3303(3.00) 3976(3.00) 233(3.00) 2327(3.00) 2630(3.00) 2334(3.00) 2378(3.00) 1485(3.00) 2361(3.00) 3240(3.00) 3580(3.00) 1715(3.00) 2632(3.00) 2920(3.00) 1241(3.00) 613(3.00) 2501(3.00) 1247(3.00) 595(3.00) 3425(3.00) 580(3.00) 3510(3.00) 1265(3.00) 3522(3.00) 3369(3.00) 405(3.00) 407(3.00) 3141(3.00) 4084(3.00) 3665(3.00) 3667(3.00) 1010(2.81) 2056(2.73) 1558(2.63) 1798(2.60) 2610(2.56) 904(2.52) 1637(2.49) 2027(2.49) 2998(2.49) 3375(2.48) 3750(2.47) 239(2.47) 2063(2.46) 2062(2.42) 3031(2.42) 3705(2.42) 3721(2.42) 2098(2.42) 1831(2.42) 1811(2.42) 1844(2.42) 3723(2.39) 91(2.37) 3307(2.34) 3325(2.34) 1573(2.32) 1259(2.28) 161(2.27) 2792(2.27) 1584(2.27) 4447(2.27) 368(2.27) 579(2.27) 1835(2.27) 951(2.27) 1153(2.25) 1352(2.25) 2946(2.24) 1320(2.23) 2363(2.22) 166(2.21) 1525(2.21) 133(2.21) 632(2.21) 277(2.21) 1266(2.21) 2822(2.20) 1746(2.20) 131(2.18) 4335(2.18) 191(2.18) 108(2.18) 733(2.18) 3975(2.18) 721(2.18) 4044(2.18) 224(2.18) 3470(2.18) 4320(2.18) 378(2.18) 3177(2.18) 2933(2.18) 729(2.18) 2638(2.18) 57(2.17) 319(2.16) 2710(2.16) 316(2.14) 3769(2.12) 2625(2.11) 681(2.11) 1179(2.10) 2561(2.09) 4231(2.08) 4223(2.08) 2401(2.08) 3449(2.07) 193(2.07) 3413(2.07) 630(2.07) 2353(2.07) 503(2.07) 2402(2.07) 4388(2.07) 4402(2.07) 2469(2.07) 32(2.07) 3986(2.07) 2810(2.07) 2798(2.07) 4292(2.07) 2735(2.07) 1467(2.07) 43(2.07) 3722(2.07) 425(2.07) 1030(2.07) 53(2.07) 1137(2.07) 2427(2.07) 2415(2.07) 4390(2.07) 171(2.07) 4384(2.07) 146(2.07) 4389(2.07) 1978(2.07) 2979(2.07) 2156(2.06) 328(2.06) 4092(2.06) 3364(2.06) 639(2.06) 612(2.06) 938(2.05) 3572(2.05) 4089(2.05) 1962(2.05) 3727(2.05) 4053(2.05) 3387(2.05) 2865(2.05) 2310(2.05) 1257(2.04) 2951(2.04) 3489(2.04) 924(2.04) 4066(2.04) 3532(2.04) 4329(2.04) 3010(2.04) 966(2.04) 1468(2.04) 2837(2.04) 907(2.04) 4006(2.04) 865(2.04) 4110(2.04) 4207(2.04) 1503(2.04) 254(2.04) 2787(2.04) 2047(2.04) 2748(2.04) 656(2.04) 3351(2.04) 3602(2.04) 2142(2.04) 3299(2.04) 1062(2.03) 1572(2.03) 324(2.03) 1424(2.03) 500(2.03) 3893(2.03) 415(2.03) 1599(2.03) 920(2.03) 4359(2.03) 2069(2.03) 648(2.03) 644(2.03) 3336(2.02) 4339(2.00) 410(2.00) 404(2.00) 1304(2.00) 1288(2.00) 2223(2.00) 2221(2.00) 3690(2.00) 1269(2.00) 3681(2.00) 1415(2.00) 1414(2.00) 2285(2.00) 2282(2.00) 2658(2.00) 1381(2.00) 1380(2.00) 1370(2.00) 1367(2.00) 2253(2.00) 1533(2.00) 1343(2.00) 1338(2.00) 1526(2.00) 4352(2.00) 411(2.00) 1315(2.00) 1306(2.00) 3672(2.00) 1364(2.00) 1214(2.00) 4317(2.00) 2162(2.00) 2161(2.00) 2158(2.00) 364(2.00) 4309(2.00) 2148(2.00) 363(2.00) 360(2.00) 1175(2.00) 1238(2.00) 3758(2.00) 348(2.00) 1568(2.00) 2130(2.00) 4301(2.00) 3770(2.00) 3110(2.00) 3780(2.00) 3788(2.00) 3789(2.00) 4300(2.00) 2121(2.00) 1172(2.00) 2196(2.00) 2692(2.00) 2195(2.00) 1250(2.00) 2695(2.00) 2696(2.00) 3703(2.00) 386(2.00) 2703(2.00) 2186(2.00) 3716(2.00) 2171(2.00) 4330(2.00) 2711(2.00) 1545(2.00) 1234(2.00) 2180(2.00) 1547(2.00) 4321(2.00) 2718(2.00) 3124(2.00) 3726(2.00) 3729(2.00) 1230(2.00) 2184(2.00) 552(2.00) 3527(2.00) 3530(2.00) 3345(2.00) 3535(2.00) 3340(2.00) 3337(2.00) 2571(2.00) 653(2.00) 4415(2.00) 3319(2.00) 2311(2.00) 3316(2.00) 3553(2.00) 3313(2.00) 3555(2.00) 659(2.00) 3557(2.00) 3558(2.00) 3306(2.00) 533(2.00) 3178(2.00) 3175(2.00) 3318(2.00) 3482(2.00) 2522(2.00) 3475(2.00) 3452(2.00) 3206(2.00) 3205(2.00) 2502(2.00) 617(2.00) 625(2.00) 3423(2.00) 581(2.00) 3521(2.00) 3408(2.00) 2474(2.00) 2472(2.00) 2470(2.00) 3195(2.00) 577(2.00) 3514(2.00) 2466(2.00) 3384(2.00) 2555(2.00) 563(2.00) 2489(2.00) 2338(2.00) 698(2.00) 460(2.00) 1494(2.00) 2628(2.00) 1461(2.00) 1496(2.00) 1499(2.00) 4365(2.00) 1452(2.00) 1443(2.00) 4401(2.00) 3614(2.00) 1436(2.00) 1434(2.00) 1430(2.00) 1428(2.00) 1427(2.00) 2307(2.00) 3631(2.00) 1511(2.00) 2303(2.00) 2301(2.00) 1438(2.00) 2594(2.00) 3279(2.00) 2386(2.00) 2598(2.00) 3265(2.00) 4399(2.00) 2601(2.00) 529(2.00) 2603(2.00) 671(2.00) 3248(2.00) 1478(2.00) 509(2.00) 3581(2.00) 2369(2.00) 3165(2.00) 3232(2.00) 3230(2.00) 3588(2.00) 499(2.00) 3223(2.00) 689(2.00) 3158(2.00) 2341(2.00) 510(2.00) 1925(2.00) 4187(2.00) 843(2.00) 841(2.00) 1918(2.00) 834(2.00) 810(2.00) 1894(2.00) 784(2.00) 1886(2.00) 3028(2.00) 3053(2.00) 1675(2.00) 2899(2.00) 768(2.00) 1868(2.00) 4008(2.00) 750(2.00) 3024(2.00) 2907(2.00) 4182(2.00) 1679(2.00) 4173(2.00) 1884(2.00) 2852(2.00) 3945(2.00) 28(2.00) 2858(2.00) 1961(2.00) 1647(2.00) 913(2.00) 909(2.00) 905(2.00) 1953(2.00) 3792(2.00) 3032(2.00) 1951(2.00) 901(2.00) 4199(2.00) 1944(2.00) 5(2.00) 40(2.00) 867(2.00) 3036(2.00) 3034(2.00) 50(2.00) 866(2.00) 3984(2.00) 2869(2.00) 2941(2.00) 1731(2.00) 1810(2.00) 305(2.00) 1733(2.00) 4061(2.00) 4124(2.00) 4070(2.00) 2954(2.00) 292(2.00) 1738(2.00) 65(2.00) 1739(2.00) 2960(2.00) 2991(2.00) 4113(2.00) 1780(2.00) 268(2.00) 4088(2.00) 1775(2.00) 4100(2.00) 2977(2.00) 1756(2.00) 240(2.00) 4077(2.00) 2912(2.00) 4170(2.00) 731(2.00) 3018(2.00) 175(2.00) 1698(2.00) 1702(2.00) 1837(2.00) 711(2.00) 4155(2.00) 4153(2.00) 2940(2.00) 1703(2.00) 2929(2.00) 2930(2.00) 1709(2.00) 3006(2.00) 1714(2.00) 2934(2.00) 4137(2.00) 3002(2.00) 1814(2.00) 2938(2.00) 1723(2.00) 4036(2.00) 3084(2.00) 3825(2.00) 1055(2.00) 2802(2.00) 3872(2.00) 2804(2.00) 340(2.00) 2048(2.00) 1129(2.00) 2807(2.00) 1125(2.00) 1046(2.00) 4262(2.00) 1586(2.00) 3095(2.00) 2036(2.00) 1127(2.00) 153(2.00) 3106(2.00) 2071(2.00) 3843(2.00) 1576(2.00) 3847(2.00) 3849(2.00) 1075(2.00) 2073(2.00) 1580(2.00) 1097(2.00) 2799(2.00) 1068(2.00) 3830(2.00) 3088(2.00) 3867(2.00) 2796(2.00) 1057(2.00) 157(2.00) 1109(2.00) 3096(2.00) 1105(2.00) 1619(2.00) 3818(2.00) 1624(2.00) 90(2.00) 3916(2.00) 994(2.00) 3919(2.00) 1140(2.00) 1015(2.00) 1141(2.00) 1631(2.00) 3927(2.00) 2844(2.00) 86(2.00) 2119(2.00) 1634(2.00) 4202(2.00) 975(2.00) 1023(2.00) 151(2.00) 139(2.00) 2757(2.00) 2025(2.00) 122(2.00) 2022(2.00) 2018(2.00) 3067(2.00) 342(2.00) 2031(2.00) 2107(2.00) 3461(1.99) 80(1.98) 1655(1.97) 3707(1.90) 3594(1.87) 2010(1.83) 160(1.83) 152(1.81) 3432(1.81) 4268(1.81) 1982(1.81) 3709(1.79) 1766(1.77) 3456(1.77) 3544(1.77) 734(1.73) 1791(1.72) 1806(1.72) 1444(1.72) 1419(1.72) 3857(1.72) 3860(1.72) 59(1.71) 4256(1.71) 1745(1.70) 4248(1.69) 1758(1.69) 3353(1.67) 1783(1.66) 1587(1.61) 1575(1.60) 1534(1.60) 4086(1.58) 3920(1.58) 1519(1.57) 536(1.56) 1050(1.55) 2182(1.55) 3625(1.55) 4298(1.55) 811(1.54) 2789(1.54) 4446(1.54) 238(1.54) 548(1.54) 388(1.54) 1801(1.54) 947(1.54) 2112(1.54) 1148(1.51) 1335(1.49) 2687(1.49) 2134(1.49) 2709(1.49) 551(1.49) 2915(1.47) 1271(1.47) 94(1.46) 606(1.45) 4313(1.45) 4054(1.44) 2797(1.44) 4(1.44) 908(1.43) 4267(1.43) 1900(1.42) 3498(1.42) 1553(1.42) 137(1.42) 1244(1.42) 259(1.42) 1864(1.41) 2682(1.41) 399(1.40) 78(1.40) 87(1.40) 1728(1.39) 2793(1.39) 231(1.39) 1625(1.38) 1764(1.37) 124(1.37) 183(1.37) 3960(1.37) 4331(1.37) 104(1.37) 2381(1.37) 745(1.37) 1290(1.37) 220(1.37) 4012(1.37) 3161(1.37) 705(1.37) 1169(1.37) 1878(1.36) 1920(1.35) 1418(1.34) 565(1.34) 69(1.34) 2684(1.34) 776(1.34) 813(1.34) 31(1.33) 3460(1.33) 281(1.32) 2633(1.32) 1628(1.32) 1510(1.32) 22(1.32) 1514(1.32) 3999(1.31) 1368(1.31) 1815(1.30) 1856(1.29) 2445(1.29) 3135(1.28) 1744(1.27) 1895(1.27) 2365(1.27) 2313(1.27) 2274(1.27) 1369(1.27) 2366(1.27) 1156(1.27) 1394(1.27) 2275(1.27) 2734(1.27) 2002(1.27) 3301(1.27) 4214(1.27) 2732(1.27) 2635(1.27) 2239(1.27) 1102(1.27) 1072(1.27) 1192(1.27) 2037(1.27) 4213(1.27) 201(1.27) 12(1.26) 3739(1.26) 2847(1.26) 1300(1.25) 2170(1.25) 508(1.24) 184(1.24) 623(1.24) 1879(1.24) 2480(1.24) 3138(1.24) 1840(1.24) 1997(1.24) 4030(1.24) 4283(1.23) 2516(1.23) 1741(1.23) 593(1.23) 2030(1.22) 7(1.22) 2554(1.22) 285(1.22) 2249(1.22) 437(1.22) 4373(1.21) 1960(1.21) 1842(1.21) 3536(1.21) 3922(1.21) 794(1.21) 4406(1.21) 4413(1.21) 816(1.21) 3939(1.21) 871(1.21) 3132(1.21) 3548(1.21) 3100(1.21) 275(1.21) 255(1.21) 308(1.21) 4450(1.21) 836(1.21) 817(1.21) 1710(1.21) 527(1.21) 4455(1.21) 1283(1.21) 2652(1.21) 4118(1.21) 1818(1.20) 1227(1.20) 2201(1.20) 3638(1.20) 3621(1.20) 3607(1.19) 4410(1.19) 2019(1.18) 1218(1.18) 1332(1.18) 2832(1.18) 3235(1.18) 3249(1.18) 1201(1.18) 1374(1.18) 176(1.18) 1623(1.18) 2552(1.18) 4228(1.18) 4237(1.18) 1590(1.18) 162(1.18) 3128(1.18) 422(1.18) 1762(1.18) 2538(1.18) 471(1.18) 3290(1.18) 3157(1.18) 586(1.18) 3278(1.18) 3266(1.18) 605(1.18) 3308(1.18) 450(1.18) 1421(1.18) 3398(1.18) 3505(1.18) 3407(1.18) 4034(1.18) 4071(1.18) 3066(1.18) 4093(1.18) 3520(1.18) 39(1.18) 3918(1.18) 3886(1.18) 2053(1.18) 3108(1.18) 4003(1.18) 601(1.18) 2605(1.18) 18(1.17) 3996(1.16) 1701(1.16) 484(1.15) 2371(1.15) 762(1.15) 2507(1.15) 396(1.15) 3419(1.15) 4396(1.15) 4306(1.15) 2385(1.15) 3958(1.15) 3688(1.15) 209(1.15) 1713(1.15) 2693(1.15) 2772(1.15) 2765(1.15) 2964(1.15) 3389(1.15) 1146(1.14) 2446(1.14) 1823(1.14) 3732(1.14) 4387(1.14) 1258(1.14) 4060(1.14) 2708(1.14) 1157(1.14) 1121(1.13) 1382(1.13) 2819(1.13) 2118(1.13) 353(1.13) 2742(1.13) 609(1.13) 3403(1.13) 649(1.13) 1935(1.13) 4022(1.13) 77(1.12) 2005(1.12) 185(1.12) 1502(1.12) 1458(1.12) 2076(1.12) 3613(1.11) 4103(1.11) 4143(1.11) 3349(1.11) 47(1.11) 2265(1.11) 2467(1.11) 2559(1.11) 4091(1.11) 3529(1.11) 1963(1.11) 1722(1.11) 990(1.11) 2667(1.11) 3965(1.11) 2816(1.11) 2304(1.11) 3331(1.11) 395(1.10) 2534(1.10) 2229(1.10) 592(1.10) 4058(1.10) 1757(1.10) 2949(1.09) 3538(1.09) 2064(1.09) 4127(1.09) 4027(1.09) 263(1.09) 390(1.09) 3895(1.08) 2821(1.08) 3025(1.08) 1018(1.08) 3542(1.08) 1521(1.08) 855(1.08) 2286(1.08) 3979(1.07) 2468(1.07) 1946(1.07) 3605(1.07) 2190(1.07) 989(1.07) 4188(1.07) 2218(1.07) 3951(1.07) 2622(1.07) 949(1.07) 2114(1.07) 2967(1.07) 4098(1.07) 1779(1.07) 2965(1.07) 1747(1.07) 4072(1.07) 829(1.07) 2931(1.07) 2437(1.07) 4029(1.07) 4002(1.07) 791(1.07) 2612(1.07) 4163(1.07) 1678(1.07) 1808(1.07) 2234(1.07) 2281(1.07) 665(1.07) 2315(1.07) 669(1.07) 3649(1.07) 2511(1.07) 640(1.07) 3669(1.07) 506(1.07) 635(1.07) 2653(1.07) 2670(1.07) 3635(1.07) 2252(1.07) 4364(1.07) 2647(1.07) 2999(1.07) 3808(1.07) 41(1.07) 4120(1.07) 4198(1.07) 1484(1.07) 2343(1.07) 852(1.07) 2764(1.07) 2066(1.07) 642(1.07) 3288(1.07) 3372(1.07) 2079(1.07) 3591(1.07) 4285(1.07) 1841(1.07) 1860(1.07) 971(1.07) 2350(1.07) 1407(1.07) 380(1.07) 4367(1.07) 521(1.07) 1612(1.07) 287(1.07) 1081(1.07) 2515(1.07) 3936(1.07) 684(1.07) 2127(1.07) 1229(1.07) 622(1.07) 4033(1.06) 3226(1.06) 1724(1.06) 3254(1.06) 2775(1.06) 252(1.06) 2087(1.06) 2051(1.06) 273(1.06) 1782(1.06) 3779(1.06) 3809(1.06) 1685(1.06) 3396(1.06) 540(1.06) 504(1.06) 2476(1.06) 2619(1.05) 1667(1.05) 3955(1.05) 429(1.05) 474(1.05) 1955(1.05) 4109(1.05) 248(1.05) 247(1.05) 2677(1.05) 4111(1.05) 695(1.05) 1508(1.05) 1912(1.05) 3063(1.05) 329(1.05) 2169(1.05) 2077(1.05) 1098(1.05) 3069(1.05) 1719(1.05) 740(1.05) 1048(1.05) 3500(1.05) 4131(1.05) 297(1.05) 2116(1.05) 1760(1.05) 498(1.05) 1872(1.05) 2450(1.05) 1264(1.05) 265(1.05) 2786(1.05) 2846(1.05) 2663(1.05) 464(1.05) 2857(1.04) 3821(1.04) 100(1.04) 1379(1.04) 2898(1.04) 3476(1.04) 158(1.04) 1725(1.04) 177(1.04) 3121(1.04) 82(1.04) 3488(1.04) 1755(1.04) 1704(1.04) 3784(1.04) 958(1.04) 1115(1.04) 1413(1.04) 3298(1.04) 1687(1.04) 4148(1.04) 3357(1.04) 2015(1.04) 279(1.04) 3883(1.04) 4411(1.04) 3297(1.04) 3892(1.04) 3251(1.04) 372(1.04) 3887(1.04) 376(1.04) 1252(1.04) 1805(1.04) 1803(1.04) 35(1.04) 3225(1.04) 1862(1.04) 3212(1.04) 3593(1.04) 2242(1.04) 2258(1.04) 1207(1.04) 2012(1.04) 2666(1.04) 3604(1.04) 3935(1.04) 3129(1.04) 4025(1.04) 3884(1.04) 3956(1.04) 3972(1.04) 4043(1.04) 3574(1.04) 1416(1.04) 859(1.04) 915(1.04) 3791(1.04) 55(1.04) 49(1.04) 10(1.04) 1357(1.04) 2452(1.04) 1474(1.04) 1106(1.04) 3752(1.04) 3929(1.04) 2503(1.04) 3747(1.04) 1384(1.04) 1090(1.04) 3559(1.04) 2890(1.04) 4430(1.04) 3027(1.04) 213(1.04) 4431(1.04) 218(1.04) 2973(1.04) 3643(1.04) 3659(1.04) 2877(1.04) 428(1.04) 1021(1.03) 3790(1.03) 3897(1.03) 4169(1.03) 440(1.03) 475(1.03) 3911(1.03) 3575(1.03) 2485(1.03) 2535(1.03) 3579(1.03) 2372(1.03) 589(1.03) 3749(1.03) 4146(1.03) 2440(1.03) 1411(1.03) 4361(1.03) 4357(1.03) 3562(1.03) 1688(1.03) 525(1.03) 1792(1.03) 2418(1.03) 3863(1.03) 3824(1.03) 276(1.03) 4205(1.03) 1033(1.03) 3589(1.03) 2583(1.03) 312(1.03) 2414(1.03) 488(1.03) 1906(1.03) 1629(1.03) 4196(1.03) 1967(1.03) 4171(1.03) 381(1.03) 2412(1.03) 2494(1.03) 1613(1.03) 140(1.03) 147(1.03) 736(1.03) 4018(1.03) 585(1.03) 3465(1.03) 230(1.03) 2432(1.03) 4185(1.03) 781(1.03) 250(1.03) 4305(1.03) 4297(1.03) 393(1.03) 1565(1.03) 296(1.03) 1268(1.03) 2017(1.03) 1314(1.03) 3480(1.03) 4244(1.00) 1276(1.00) 3411(1.00) 149(1.00) 4245(1.00) 4247(1.00) 3394(1.00) 4252(1.00) 4257(1.00) 4258(1.00) 4263(1.00) 4266(1.00) 1277(1.00) 1278(1.00) 4275(1.00) 4276(1.00) 4253(1.00) 387(1.00) 3683(1.00) 3511(1.00) 111(1.00) 113(1.00) 119(1.00) 121(1.00) 4229(1.00) 1457(1.00) 129(1.00) 1270(1.00) 132(1.00) 4233(1.00) 134(1.00) 4234(1.00) 3390(1.00) 3506(1.00) 3509(1.00) 3679(1.00) 1289(1.00) 4316(1.00) 3675(1.00) 369(1.00) 3610(1.00) 373(1.00) 1294(1.00) 4278(1.00) 1295(1.00) 4319(1.00) 1296(1.00) 1299(1.00) 4328(1.00) 384(1.00) 3410(1.00) 1454(1.00) 374(1.00) 1279(1.00) 4279(1.00) 4281(1.00) 3501(1.00) 3397(1.00) 1456(1.00) 4288(1.00) 1284(1.00) 3680(1.00) 343(1.00) 4302(1.00) 4303(1.00) 349(1.00) 1285(1.00) 352(1.00) 3402(1.00) 4304(1.00) 3399(1.00) 1472(1.00) 1235(1.00) 3717(1.00) 3715(1.00) 4191(1.00) 3710(1.00) 4194(1.00) 1239(1.00) 3687(1.00) 3359(1.00) 3708(1.00) 1245(1.00) 9(1.00) 4197(1.00) 1246(1.00) 3362(1.00) 3701(1.00) 37(1.00) 3595(1.00) 76(1.00) 3596(1.00) 71(1.00) 1216(1.00) 67(1.00) 1217(1.00) 62(1.00) 52(1.00) 1222(1.00) 61(1.00) 1228(1.00) 3731(1.00) 58(1.00) 3720(1.00) 56(1.00) 3718(1.00) 4186(1.00) 4179(1.00) 4217(1.00) 3378(1.00) 3606(1.00) 3380(1.00) 4219(1.00) 4220(1.00) 3381(1.00) 4222(1.00) 3363(1.00) 93(1.00) 4226(1.00) 98(1.00) 1465(1.00) 4227(1.00) 3695(1.00) 1464(1.00) 102(1.00) 3516(1.00) 4203(1.00) 20(1.00) 3523(1.00) 4204(1.00) 24(1.00) 25(1.00) 3700(1.00) 3698(1.00) 4216(1.00) 33(1.00) 34(1.00) 1251(1.00) 4211(1.00) 4212(1.00) 3371(1.00) 1253(1.00) 3697(1.00) 83(1.00) 4206(1.00) 534(1.00) 3487(1.00) 539(1.00) 1391(1.00) 3458(1.00) 546(1.00) 547(1.00) 3650(1.00) 389(1.00) 4417(1.00) 4418(1.00) 549(1.00) 4419(1.00) 4423(1.00) 1432(1.00) 4426(1.00) 553(1.00) 1393(1.00) 4386(1.00) 3655(1.00) 3616(1.00) 1375(1.00) 3450(1.00) 4394(1.00) 511(1.00) 512(1.00) 4404(1.00) 3653(1.00) 3651(1.00) 1435(1.00) 3618(1.00) 1385(1.00) 528(1.00) 4397(1.00) 1386(1.00) 515(1.00) 3467(1.00) 4452(1.00) 1420(1.00) 3484(1.00) 3622(1.00) 3628(1.00) 3483(1.00) 3472(1.00) 554(1.00) 4456(1.00) 3481(1.00) 602(1.00) 604(1.00) 4457(1.00) 4459(1.00) 3639(1.00) 3629(1.00) 598(1.00) 557(1.00) 4428(1.00) 558(1.00) 1396(1.00) 560(1.00) 1399(1.00) 1401(1.00) 1412(1.00) 3620(1.00) 572(1.00) 3648(1.00) 4438(1.00) 4441(1.00) 4444(1.00) 4445(1.00) 1417(1.00) 4451(1.00) 584(1.00) 3486(1.00) 417(1.00) 4358(1.00) 418(1.00) 419(1.00) 420(1.00) 3427(1.00) 3428(1.00) 1325(1.00) 4382(1.00) 4363(1.00) 3429(1.00) 1442(1.00) 1333(1.00) 432(1.00) 3493(1.00) 438(1.00) 1339(1.00) 1326(1.00) 3496(1.00) 1301(1.00) 3671(1.00) 3421(1.00) 3495(1.00) 4333(1.00) 3668(1.00) 4336(1.00) 3611(1.00) 406(1.00) 4343(1.00) 4347(1.00) 4349(1.00) 4354(1.00) 4356(1.00) 413(1.00) 414(1.00) 1322(1.00) 3494(1.00) 1355(1.00) 3437(1.00) 1356(1.00) 477(1.00) 1360(1.00) 482(1.00) 3445(1.00) 1363(1.00) 1440(1.00) 491(1.00) 4376(1.00) 492(1.00) 497(1.00) 3656(1.00) 4378(1.00) 1439(1.00) 3446(1.00) 490(1.00) 1346(1.00) 443(1.00) 3434(1.00) 1347(1.00) 451(1.00) 455(1.00) 4370(1.00) 457(1.00) 1353(1.00) 3492(1.00) 463(1.00) 1351(1.00) 466(1.00) 3658(1.00) 467(1.00) 468(1.00) 469(1.00) 470(1.00) 4372(1.00) 3888(1.00) 786(1.00) 3289(1.00) 1026(1.00) 4001(1.00) 777(1.00) 3587(1.00) 3292(1.00) 1215(1.00) 771(1.00) 3294(1.00) 3569(1.00) 3565(1.00) 767(1.00) 766(1.00) 765(1.00) 763(1.00) 3885(1.00) 825(1.00) 824(1.00) 1022(1.00) 823(1.00) 3271(1.00) 3571(1.00) 3281(1.00) 812(1.00) 3586(1.00) 3995(1.00) 3285(1.00) 807(1.00) 800(1.00) 3286(1.00) 3998(1.00) 798(1.00) 796(1.00) 3284(1.00) 3228(1.00) 4023(1.00) 1058(1.00) 730(1.00) 4026(1.00) 727(1.00) 724(1.00) 722(1.00) 1035(1.00) 4028(1.00) 719(1.00) 1063(1.00) 1064(1.00) 3304(1.00) 714(1.00) 713(1.00) 1065(1.00) 3866(1.00) 1038(1.00) 759(1.00) 755(1.00) 753(1.00) 4004(1.00) 752(1.00) 4011(1.00) 749(1.00) 3871(1.00) 748(1.00) 3876(1.00) 3563(1.00) 3875(1.00) 3300(1.00) 4017(1.00) 3873(1.00) 3302(1.00) 1054(1.00) 1045(1.00) 974(1.00) 3246(1.00) 977(1.00) 3952(1.00) 3243(1.00) 979(1.00) 997(1.00) 3253(1.00) 828(1.00) 1003(1.00) 3959(1.00) 3259(1.00) 3962(1.00) 3907(1.00) 3966(1.00) 896(1.00) 895(1.00) 1001(1.00) 953(1.00) 963(1.00) 948(1.00) 3250(1.00) 944(1.00) 3932(1.00) 964(1.00) 965(1.00) 917(1.00) 929(1.00) 3928(1.00) 3940(1.00) 922(1.00) 3943(1.00) 919(1.00) 918(1.00) 973(1.00) 3926(1.00) 3938(1.00) 850(1.00) 3987(1.00) 3990(1.00) 848(1.00) 847(1.00) 3991(1.00) 3573(1.00) 3992(1.00) 892(1.00) 837(1.00) 3268(1.00) 3896(1.00) 833(1.00) 831(1.00) 1019(1.00) 830(1.00) 3894(1.00) 3994(1.00) 1011(1.00) 890(1.00) 3970(1.00) 3971(1.00) 885(1.00) 3584(1.00) 880(1.00) 874(1.00) 851(1.00) 870(1.00) 869(1.00) 3903(1.00) 3900(1.00) 3977(1.00) 3978(1.00) 3899(1.00) 3234(1.00) 1017(1.00) 1012(1.00) 237(1.00) 1162(1.00) 3330(1.00) 4119(1.00) 3765(1.00) 1164(1.00) 3760(1.00) 228(1.00) 3305(1.00) 4129(1.00) 1171(1.00) 4130(1.00) 3756(1.00) 1174(1.00) 3753(1.00) 211(1.00) 1486(1.00) 1487(1.00) 251(1.00) 3796(1.00) 1142(1.00) 3210(1.00) 3793(1.00) 1143(1.00) 1144(1.00) 249(1.00) 4117(1.00) 1152(1.00) 243(1.00) 242(1.00) 4107(1.00) 1155(1.00) 1490(1.00) 1488(1.00) 4112(1.00) 3329(1.00) 1491(1.00) 1194(1.00) 1198(1.00) 4152(1.00) 4162(1.00) 1199(1.00) 3742(1.00) 3352(1.00) 1482(1.00) 1176(1.00) 1204(1.00) 3526(1.00) 4164(1.00) 4167(1.00) 3738(1.00) 169(1.00) 3356(1.00) 3734(1.00) 181(1.00) 1177(1.00) 1180(1.00) 1182(1.00) 205(1.00) 204(1.00) 1183(1.00) 202(1.00) 3344(1.00) 186(1.00) 1185(1.00) 4139(1.00) 1186(1.00) 197(1.00) 1189(1.00) 3533(1.00) 1191(1.00) 192(1.00) 1193(1.00) 198(1.00) 314(1.00) 3556(1.00) 4050(1.00) 1088(1.00) 4051(1.00) 3833(1.00) 1089(1.00) 1095(1.00) 3327(1.00) 3309(1.00) 4063(1.00) 3832(1.00) 301(1.00) 1108(1.00) 299(1.00) 3222(1.00) 1110(1.00) 1101(1.00) 4031(1.00) 710(1.00) 336(1.00) 334(1.00) 3224(1.00) 333(1.00) 330(1.00) 3862(1.00) 4046(1.00) 3844(1.00) 323(1.00) 321(1.00) 3839(1.00) 320(1.00) 1087(1.00) 4045(1.00) 318(1.00) 3838(1.00) 3853(1.00) 3810(1.00) 274(1.00) 1130(1.00) 1131(1.00) 1133(1.00) 


Filtered 1784 locations: 2034 3576 1793 743 165 1820 283 1166 738 2743 1122 11 2032 1618 4106 2971 1013 4284 154 1585 81 3435 1993 4114 3890 3661 2165 1024 2712 311 943 2208 2592 2880 2477 3578 3953 1650 1966 2815 3567 4135 385 2581 1016 2102 4016 1147 99 3051 3906 2100 886 172 4225 884 3967 2714 2008 356 3052 2896 773 1036 2902 3869 849 746 4014 925 1086 1933 3836 2092 3097 1020 4290 1124 934 654 2669 2990 4080 1426 4041 3303 3976 233 2327 2630 2334 2378 1485 2361 3240 3580 1715 2632 2920 1241 613 2501 1247 595 3425 580 3510 1265 3522 3369 405 407 3141 4084 3665 3667 1010 2056 1558 1798 2610 904 1637 2027 2998 3375 3750 239 2063 2062 3031 3705 3721 2098 1831 1811 1844 3723 91 3307 3325 1573 1259 161 2792 1584 4447 368 579 1835 951 1153 1352 2946 1320 2363 166 1525 133 632 277 1266 2822 1746 131 4335 191 108 733 3975 721 4044 224 3470 4320 378 3177 2933 729 2638 57 319 2710 316 3769 2625 681 1179 2561 4231 4223 2401 3449 193 3413 630 2353 503 2402 4388 4402 2469 32 3986 2810 2798 4292 2735 1467 43 3722 425 1030 53 1137 2427 2415 4390 171 4384 146 4389 1978 2979 2156 328 4092 3364 639 612 938 3572 4089 1962 3727 4053 3387 2865 2310 1257 2951 3489 924 4066 3532 4329 3010 966 1468 2837 907 4006 865 4110 4207 1503 254 2787 2047 2748 656 3351 3602 2142 3299 1062 1572 324 1424 500 3893 415 1599 920 4359 2069 648 644 3336 4339 410 404 1304 1288 2223 2221 3690 1269 3681 1415 1414 2285 2282 2658 1381 1380 1370 1367 2253 1533 1343 1338 1526 4352 411 1315 1306 3672 1364 1214 4317 2162 2161 2158 364 4309 2148 363 360 1175 1238 3758 348 1568 2130 4301 3770 3110 3780 3788 3789 4300 2121 1172 2196 2692 2195 1250 2695 2696 3703 386 2703 2186 3716 2171 4330 2711 1545 1234 2180 1547 4321 2718 3124 3726 3729 1230 2184 552 3527 3530 3345 3535 3340 3337 2571 653 4415 3319 2311 3316 3553 3313 3555 659 3557 3558 3306 533 3178 3175 3318 3482 2522 3475 3452 3206 3205 2502 617 625 3423 581 3521 3408 2474 2472 2470 3195 577 3514 2466 3384 2555 563 2489 2338 698 460 1494 2628 1461 1496 1499 4365 1452 1443 4401 3614 1436 1434 1430 1428 1427 2307 3631 1511 2303 2301 1438 2594 3279 2386 2598 3265 4399 2601 529 2603 671 3248 1478 509 3581 2369 3165 3232 3230 3588 499 3223 689 3158 2341 510 1925 4187 843 841 1918 834 810 1894 784 1886 3028 3053 1675 2899 768 1868 4008 750 3024 2907 4182 1679 4173 1884 2852 3945 28 2858 1961 1647 913 909 905 1953 3792 3032 1951 901 4199 1944 5 40 867 3036 3034 50 866 3984 2869 2941 1731 1810 305 1733 4061 4124 4070 2954 292 1738 65 1739 2960 2991 4113 1780 268 4088 1775 4100 2977 1756 240 4077 2912 4170 731 3018 175 1698 1702 1837 711 4155 4153 2940 1703 2929 2930 1709 3006 1714 2934 4137 3002 1814 2938 1723 4036 3084 3825 1055 2802 3872 2804 340 2048 1129 2807 1125 1046 4262 1586 3095 2036 1127 153 3106 2071 3843 1576 3847 3849 1075 2073 1580 1097 2799 1068 3830 3088 3867 2796 1057 157 1109 3096 1105 1619 3818 1624 90 3916 994 3919 1140 1015 1141 1631 3927 2844 86 2119 1634 4202 975 1023 151 139 2757 2025 122 2022 2018 3067 342 2031 2107 3461 80 1655 3707 3594 2010 160 152 3432 4268 1982 3709 1766 3456 3544 734 1791 1806 1444 1419 3857 3860 59 4256 1745 4248 1758 3353 1783 1587 1575 1534 4086 3920 1519 536 1050 2182 3625 4298 811 2789 4446 238 548 388 1801 947 2112 1148 1335 2687 2134 2709 551 2915 1271 94 606 4313 4054 2797 4 908 4267 1900 3498 1553 137 1244 259 1864 2682 399 78 87 1728 2793 231 1625 1764 124 183 3960 4331 104 2381 745 1290 220 4012 3161 705 1169 1878 1920 1418 565 69 2684 776 813 31 3460 281 2633 1628 1510 22 1514 3999 1368 1815 1856 2445 3135 1744 1895 2365 2313 2274 1369 2366 1156 1394 2275 2734 2002 3301 4214 2732 2635 2239 1102 1072 1192 2037 4213 201 12 3739 2847 1300 2170 508 184 623 1879 2480 3138 1840 1997 4030 4283 2516 1741 593 2030 7 2554 285 2249 437 4373 1960 1842 3536 3922 794 4406 4413 816 3939 871 3132 3548 3100 275 255 308 4450 836 817 1710 527 4455 1283 2652 4118 1818 1227 2201 3638 3621 3607 4410 2019 1218 1332 2832 3235 3249 1201 1374 176 1623 2552 4228 4237 1590 162 3128 422 1762 2538 471 3290 3157 586 3278 3266 605 3308 450 1421 3398 3505 3407 4034 4071 3066 4093 3520 39 3918 3886 2053 3108 4003 601 2605 18 3996 1701 484 2371 762 2507 396 3419 4396 4306 2385 3958 3688 209 1713 2693 2772 2765 2964 3389 1146 2446 1823 3732 4387 1258 4060 2708 1157 1121 1382 2819 2118 353 2742 609 3403 649 1935 4022 77 2005 185 1502 1458 2076 3613 4103 4143 3349 47 2265 2467 2559 4091 3529 1963 1722 990 2667 3965 2816 2304 3331 395 2534 2229 592 4058 1757 2949 3538 2064 4127 4027 263 390 3895 2821 3025 1018 3542 1521 855 2286 3979 2468 1946 3605 2190 989 4188 2218 3951 2622 949 2114 2967 4098 1779 2965 1747 4072 829 2931 2437 4029 4002 791 2612 4163 1678 1808 2234 2281 665 2315 669 3649 2511 640 3669 506 635 2653 2670 3635 2252 4364 2647 2999 3808 41 4120 4198 1484 2343 852 2764 2066 642 3288 3372 2079 3591 4285 1841 1860 971 2350 1407 380 4367 521 1612 287 1081 2515 3936 684 2127 1229 622 4033 3226 1724 3254 2775 252 2087 2051 273 1782 3779 3809 1685 3396 540 504 2476 2619 1667 3955 429 474 1955 4109 248 247 2677 4111 695 1508 1912 3063 329 2169 2077 1098 3069 1719 740 1048 3500 4131 297 2116 1760 498 1872 2450 1264 265 2786 2846 2663 464 2857 3821 100 1379 2898 3476 158 1725 177 3121 82 3488 1755 1704 3784 958 1115 1413 3298 1687 4148 3357 2015 279 3883 4411 3297 3892 3251 372 3887 376 1252 1805 1803 35 3225 1862 3212 3593 2242 2258 1207 2012 2666 3604 3935 3129 4025 3884 3956 3972 4043 3574 1416 859 915 3791 55 49 10 1357 2452 1474 1106 3752 3929 2503 3747 1384 1090 3559 2890 4430 3027 213 4431 218 2973 3643 3659 2877 428 1021 3790 3897 4169 440 475 3911 3575 2485 2535 3579 2372 589 3749 4146 2440 1411 4361 4357 3562 1688 525 1792 2418 3863 3824 276 4205 1033 3589 2583 312 2414 488 1906 1629 4196 1967 4171 381 2412 2494 1613 140 147 736 4018 585 3465 230 2432 4185 781 250 4305 4297 393 1565 296 1268 2017 1314 3480 4244 1276 3411 149 4245 4247 3394 4252 4257 4258 4263 4266 1277 1278 4275 4276 4253 387 3683 3511 111 113 119 121 4229 1457 129 1270 132 4233 134 4234 3390 3506 3509 3679 1289 4316 3675 369 3610 373 1294 4278 1295 4319 1296 1299 4328 384 3410 1454 374 1279 4279 4281 3501 3397 1456 4288 1284 3680 343 4302 4303 349 1285 352 3402 4304 3399 1472 1235 3717 3715 4191 3710 4194 1239 3687 3359 3708 1245 9 4197 1246 3362 3701 37 3595 76 3596 71 1216 67 1217 62 52 1222 61 1228 3731 58 3720 56 3718 4186 4179 4217 3378 3606 3380 4219 4220 3381 4222 3363 93 4226 98 1465 4227 3695 1464 102 3516 4203 20 3523 4204 24 25 3700 3698 4216 33 34 1251 4211 4212 3371 1253 3697 83 4206 534 3487 539 1391 3458 546 547 3650 389 4417 4418 549 4419 4423 1432 4426 553 1393 4386 3655 3616 1375 3450 4394 511 512 4404 3653 3651 1435 3618 1385 528 4397 1386 515 3467 4452 1420 3484 3622 3628 3483 3472 554 4456 3481 602 604 4457 4459 3639 3629 598 557 4428 558 1396 560 1399 1401 1412 3620 572 3648 4438 4441 4444 4445 1417 4451 584 3486 417 4358 418 419 420 3427 3428 1325 4382 4363 3429 1442 1333 432 3493 438 1339 1326 3496 1301 3671 3421 3495 4333 3668 4336 3611 406 4343 4347 4349 4354 4356 413 414 1322 3494 1355 3437 1356 477 1360 482 3445 1363 1440 491 4376 492 497 3656 4378 1439 3446 490 1346 443 3434 1347 451 455 4370 457 1353 3492 463 1351 466 3658 467 468 469 470 4372 3888 786 3289 1026 4001 777 3587 3292 1215 771 3294 3569 3565 767 766 765 763 3885 825 824 1022 823 3271 3571 3281 812 3586 3995 3285 807 800 3286 3998 798 796 3284 3228 4023 1058 730 4026 727 724 722 1035 4028 719 1063 1064 3304 714 713 1065 3866 1038 759 755 753 4004 752 4011 749 3871 748 3876 3563 3875 3300 4017 3873 3302 1054 1045 974 3246 977 3952 3243 979 997 3253 828 1003 3959 3259 3962 3907 3966 896 895 1001 953 963 948 3250 944 3932 964 965 917 929 3928 3940 922 3943 919 918 973 3926 3938 850 3987 3990 848 847 3991 3573 3992 892 837 3268 3896 833 831 1019 830 3894 3994 1011 890 3970 3971 885 3584 880 874 851 870 869 3903 3900 3977 3978 3899 3234 1017 1012 237 1162 3330 4119 3765 1164 3760 228 3305 4129 1171 4130 3756 1174 3753 211 1486 1487 251 3796 1142 3210 3793 1143 1144 249 4117 1152 243 242 4107 1155 1490 1488 4112 3329 1491 1194 1198 4152 4162 1199 3742 3352 1482 1176 1204 3526 4164 4167 3738 169 3356 3734 181 1177 1180 1182 205 204 1183 202 3344 186 1185 4139 1186 197 1189 3533 1191 192 1193 198 314 3556 4050 1088 4051 3833 1089 1095 3327 3309 4063 3832 301 1108 299 3222 1110 1101 4031 710 336 334 3224 333 330 3862 4046 3844 323 321 3839 320 1087 4045 318 3838 3853 3810 274 1130 1131 1133 

Extracted 0 prioritized locations: 

Final instance parameters:
loc_max_id: 4461
loc_cnt: 1784
service: fnl4461_0250
cust_max_id: 4461
cust_cnt: 4461
unweighted obj function
p: 250
total_demand: 224395.00
threshold_dist: 506.22



-------------------------------------------------
Final Problem RSSV heuristic
-------------------------------------------------
    RSSV_EXACT_CPMP_BIN
-------------------------------------------------
Gap Cplex Reports: gap_Bin_service_fnl4461_0250_p_250_RSSV_EXACT_CPMP_BIN.csv
[CALLBACK] Generating reports cplex callbacks...
[CALLBACK] Using BreakCallback...
Time Limit with not improving 1.00% (gap): 300.00 seconds
Time Limit with Gap less than 1%: 180.00 seconds
Default row names c1, c2 ... being created.
Version identifier: 22.1.1.0 | 2022-11-28 | 9160aff4d
CPXPARAM_TimeLimit                               2100
Legacy callback                                  i
Tried aggregator 1 time.
MIP Presolve eliminated 7468867 rows and 7468867 columns.
Reduced MIP has 6246 rows, 491341 columns, and 982682 nonzeros.
Reduced MIP has 491341 binaries, 0 generals, 0 SOSs, and 0 indicators.
Presolve time = 10.67 sec. (6566.84 ticks)
Tried aggregator 1 time.
Detecting symmetries...
Reduced MIP has 6246 rows, 491341 columns, and 982682 nonzeros.
Reduced MIP has 491341 binaries, 0 generals, 0 SOSs, and 0 indicators.
Presolve time = 2.18 sec. (1009.39 ticks)
Probing time = 2.53 sec. (106.20 ticks)
Clique table members: 494018.
MIP emphasis: balance optimality and feasibility.
MIP search method: dynamic search.
Parallel mode: deterministic, using up to 32 threads.
Root relaxation solution time = 1.21 sec. (488.01 ticks)

        Nodes                                         Cuts/
   Node  Left     Objective  IInf  Best Integer    Best Bound    ItCnt     Gap

*     0+    0                       747505.5594        0.0000           100.00%
*     0+    0                       716161.2340        0.0000           100.00%
*     0+    0                       715324.5308        0.0000           100.00%
      0     0   136143.4839  1729   715324.5308   136143.4839     1760   80.97%
Time: 55.38 seconds
MIP Gap: 0.81
Nodes: 0
Best Objective: 136143.483909592468990
Incumbent Obj:  715324.530760611291043
*     0+    0                       713722.4810   136143.4839            80.92%
      0     0   185307.3211  3608   713722.4810    Cuts: 1661     4991   74.04%
Time: 62.387480974197388 seconds
MIP Gap: 0.740365021389137
Nodes: 0
Best Objective: 185307.321080258436268
Incumbent Obj:  713722.480968152871355
      0     0   215857.1696  5586   713722.4810    Cuts: 1661     8148   69.76%
      0     0   234766.6516  6984   713722.4810    Cuts: 1661    11175   67.11%
*     0+    0                       691149.7292   234766.6516            66.03%
      0     0  -1.00000e+75     0   691149.7292   234766.6516    11175   66.03%
Time: 70.069613933563232 seconds
MIP Gap: 0.660324468561944
Nodes: 0
Best Objective: 234766.651559426070889
Incumbent Obj:  691149.729170995298773
Time: 75.786464929580688 seconds
MIP Gap: 0.660324468561944
Nodes: 0
Best Objective: 234766.651559426070889
Incumbent Obj:  691149.729170995298773
      0     0   251065.7242  8451   691149.7292    Cuts: 1661    14490   63.67%
Time: 82.599694967269897 seconds
MIP Gap: 0.636741919118768
Nodes: 0
Best Objective: 251065.724220239120768
Incumbent Obj:  691149.729170995298773
      0     0   263885.2082  9732   691149.7292    Cuts: 1661    18045   61.82%
Detecting symmetries...
Time: 94.602772951126099 seconds
MIP Gap: 0.618193863030382
Nodes: 0
Best Objective: 263885.208162375085521
Incumbent Obj:  691149.729170995298773
      0     0   274436.2532 11091   691149.7292    Cuts: 1661    21734   60.29%
Time: 109.082025051116943 seconds
MIP Gap: 0.602927930711574
Nodes: 0
Best Objective: 274436.253150062111672
Incumbent Obj:  691149.729170995298773
      0     0   283163.8398 11787   691149.7292    Cuts: 1661    26006   59.03%
Time: 129.275255918502808 seconds
MIP Gap: 0.590300295512097
Nodes: 0
Best Objective: 283163.839798251050524
Incumbent Obj:  691149.729170995298773
      0     0   290606.7160 12781   691149.7292    Cuts: 1661    30367   57.95%
Time: 155.721958875656128 seconds
MIP Gap: 0.579531462302840
Nodes: 0
Best Objective: 290606.715954316488933
Incumbent Obj:  691149.729170995298773
      0     0   296383.0639 13604   691149.7292    Cuts: 1661    34339   57.12%
Time: 191.495838880538940 seconds
MIP Gap: 0.571173869544425
Nodes: 0
Best Objective: 296383.063925816386472
Incumbent Obj:  691149.729170995298773
      0     0   301326.7936 14718   691149.7292    Cuts: 1661    38958   56.40%
Time: 222.808750867843628 seconds
MIP Gap: 0.564020962613251
Nodes: 0
Best Objective: 301326.793614083086140
Incumbent Obj:  691149.729170995298773
      0     0   305607.1181 15385   691149.7292    Cuts: 1661    43971   55.78%
Time: 267.725648880004883 seconds
MIP Gap: 0.557827913091338
Nodes: 0
Best Objective: 305607.118113895703573
Incumbent Obj:  691149.729170995298773
      0     0   309281.5558 16024   691149.7292    Cuts: 1661    49284   55.25%
Time: 319.156260013580322 seconds
MIP Gap: 0.552511499618420
Nodes: 0
Best Objective: 309281.555845863709692
Incumbent Obj:  691149.729170995298773
      0     0   312469.4079 16679   691149.7292    Cuts: 1661    55273   54.79%
*     0+    0                       420117.3584   312469.4079            25.62%
Time: 367.708369970321655 seconds
MIP Gap: 0.256233046211293
Nodes: 0
Best Objective: 312469.407886050583329
Incumbent Obj:  420117.358393444563262
      0     0   315096.4013 17250   420117.3584    Cuts: 1661    61009   25.00%
*     0+    0                       413413.1242   315096.4013            23.78%
Time: 565.605309009552002 seconds
MIP Gap: 0.237817130575034
Nodes: 0
Best Objective: 315096.401261540304404
Incumbent Obj:  413413.124201108119451
      0     0   322126.0103 18865   413413.1242    Cuts: 1661    66797   22.08%
Time: 631.167603969573975 seconds
MIP Gap: 0.220813294359019
Nodes: 0
Best Objective: 322126.010315007297322
Incumbent Obj:  413413.124201108119451
      0     0   326889.5508 19636   413413.1242    Cuts: 1661    73097   20.93%
*     0+    0                       410198.5355   326889.5508            20.31%
Time: 703.174522876739502 seconds
MIP Gap: 0.203094300595153
Nodes: 0
Best Objective: 326889.550818796735257
Incumbent Obj:  410198.535489114641678
      0     0   330390.6734 20417   410198.5355    Cuts: 1661    80541   19.46%
Time: 806.059940814971924 seconds
MIP Gap: 0.194559110138696
Nodes: 0
Best Objective: 330390.673444156360347
Incumbent Obj:  410198.535489114641678
      0     0   333196.0282 20913   410198.5355    Cuts: 1661    89797   18.77%
*     0+    0                       406504.0192   333196.0282            18.03%
Time: 957.200121879577637 seconds
MIP Gap: 0.180337678247430
Nodes: 0
Best Objective: 333196.028199602500536
Incumbent Obj:  406504.019224863150157
      0     0   335409.1327 21651   406504.0192    Cuts: 1661   102279   17.49%
*     0+    0                       402356.4197   335409.1327            16.64%
Time: 1094.829924821853638 seconds
MIP Gap: 0.166388017342317
Nodes: 0
Best Objective: 335409.132727915421128
Incumbent Obj:  402356.419660115148872
      0     0   337148.2637 21882   402356.4197    Cuts: 1661   112835   16.21%
*     0+    0                       389541.9191   337148.2637            13.45%
Time: 1448.254031896591187 seconds
MIP Gap: 0.134500686210489
Nodes: 0
Best Objective: 337148.263678790477570
Incumbent Obj:  389541.919106344692409
      0     0   338598.7042 22162   389541.9191    Cuts: 1661   124469   13.08%
*     0+    0                       387205.7246   338598.7042            12.55%
Time: 1585.937396049499512 seconds
MIP Gap: 0.125532804176071
Nodes: 0
Best Objective: 338598.704230373201426
Incumbent Obj:  387205.724637095350772
      0     0   339752.5385 22466   387205.7246    Cuts: 1661   135773   12.26%
*     0+    0                       385352.9683   339752.5385            11.83%
Time: 1730.683236837387085 seconds
MIP Gap: 0.118334185937134
Nodes: 0
Best Objective: 339752.538472090440337
Incumbent Obj:  385352.968270883488003
      0     0   340644.5923 22890   385352.9683    Cuts: 1661   147412   11.60%
*     0+    0                       384348.1861   340644.5923            11.37%
Time: 1909.193958997726440 seconds
MIP Gap: 0.113708338716169
Nodes: 0
Best Objective: 340644.592336375906598
Incumbent Obj:  384348.186062066466548
      0     0   341336.8945 22932   384348.1861    Cuts: 1661   161764   11.19%
*     0+    0                       383460.9450   341336.8945            10.99%
Time: 2055.872133016586304 seconds
MIP Gap: 0.109852257619724
Nodes: 0
Best Objective: 341336.894517994835041
Incumbent Obj:  383460.945039586338680
      0     0   341959.3706 22944   383460.9450    Cuts: 1661   175390   10.82%

Clique cuts applied:  11463
Cover cuts applied:  8523
Flow cuts applied:  45
Mixed integer rounding cuts applied:  7108
Zero-half cuts applied:  1044

Root node processing (before b&c):
  Real time             = 2103.34 sec. (1430562.20 ticks)
Parallel b&c, 32 threads:
  Real time             =    0.00 sec. (0.00 ticks)
  Sync time (average)   =    0.00 sec.
  Wait time (average)   =    0.00 sec.
                          ------------
Total (root+branch&cut) = 2103.34 sec. (1430562.20 ticks)
[INFO] Saving variables cplex:
./outputs/solutions/2024-08-26_LIT_seed_200/VarsValues_cplex/test_lit_fnl4461_0250_CPMP_Vars_Bin_p_250_RSSV_EXACT_CPMP_BIN.txt
[INFO] Saving results cplex: 
./outputs/solutions/2024-08-26_LIT_seed_200/Results_cplex/test_lit_fnl4461_0250_Bin_RSSV_EXACT_CPMP_BIN.csv

Final solution CPMP:
p locations: 1127 3668 3671 438 418 4212 1465 4278 3399 3589 4361 4397 450 185 3892 958 177 2898 4279 3484 247 746 411 2999 2511 37 374 1722 2819 2507 884 193 2552 376 713 3494 314 3301 2365 1967 705 2196 1568 2161 2632 1526 1384 3069 836 2184 784 4356 3716 2798 369 1380 2991 82 3088 2265 917 2693 4041 2037 1046 1222 211 3780 3106 1436 2804 612 2971 3289 4253 546 918 1419 4109 2087 2025 2415 4100 752 4092 536 1065 3265 1580 1982 4004 3002 1499 388 1353 1731 3753 830 719 1791 1486 4026 3352 3475 1411 4107 3266 1918 3940 3796 2764 4112 3329 4164 3344 2008 1198 2022 3051 18 205 2036 2710 1482 3987 3423 1738 1064 3529 3866 3970 1508 497 1171 1619 3304 1775 3284 111 2282 3998 1144 1105 94 796 2466 2633 1130 2990 467 2489 1679 800 1811 463 3833 2775 753 1925 1424 3437 4275 2253 231 3938 1961 1587 2598 2605 3279 2583 2920 4130 1434 3432 3095 4106 766 1443 865 287 1058 2171 831 3527 963 2311 2718 3052 3593 1234 2837 2186 1879 1347 3369 3032 2695 1013 2361 2369 3903 2555 1098 3108 2162 3340 644 1618 2787 277 308 4352 4298 2208 161 4423 2401 2064 1214 2899 3680 4354 4017 2669 738 3097 3718 11 348 3756 4430 2071 2402 3750 896 2581 2303 2977 3651 2896 4441 734 1745 698 1709 2343 2503 3514 4223 
p size: 250
objective: 383460.945039584999904
sum (dij * xij) 
demand/capacity: 224395.000000000000000/280500
Solution is Feasible
Statistics:
Max distance: 303.902945033443189
Min distance: 0.000000000000000
Avg distance: 85.958517157494953
Std deviation distance: 42.185388331729200


Final total elapsed time: 2452s
[INFO] Saving assignment: ./outputs/solutions/2024-08-26_LIT_seed_200/Assignments/test_lit_fnl4461_0250_p_250_RSSV_EXACT_CPMP_BIN.txt
[INFO] Saving results: ./outputs/solutions/2024-08-26_LIT_seed_200/test_lit_fnl4461_0250_results_RSSV_EXACT_CPMP_BIN.csv
[INFO] Saving all results: ./outputs/solutions/test_all_results.csv
Post Optimization: EXACT_CPMP_BIN


-------------------------------------------------
Post Optimization
-------------------------------------------------
method: EXACT_CPMP_BIN
-------------------------------------------------
Time for post-optimization: 1148.000000000000000s
PostOptimization constructor
p locations: 1127 3668 3671 438 418 4212 1465 4278 3399 3589 4361 4397 450 185 3892 958 177 2898 4279 3484 247 746 411 2999 2511 37 374 1722 2819 2507 884 193 2552 376 713 3494 314 3301 2365 1967 705 2196 1568 2161 2632 1526 1384 3069 836 2184 784 4356 3716 2798 369 1380 2991 82 3088 2265 917 2693 4041 2037 1046 1222 211 3780 3106 1436 2804 612 2971 3289 4253 546 918 1419 4109 2087 2025 2415 4100 752 4092 536 1065 3265 1580 1982 4004 3002 1499 388 1353 1731 3753 830 719 1791 1486 4026 3352 3475 1411 4107 3266 1918 3940 3796 2764 4112 3329 4164 3344 2008 1198 2022 3051 18 205 2036 2710 1482 3987 3423 1738 1064 3529 3866 3970 1508 497 1171 1619 3304 1775 3284 111 2282 3998 1144 1105 94 796 2466 2633 1130 2990 467 2489 1679 800 1811 463 3833 2775 753 1925 1424 3437 4275 2253 231 3938 1961 1587 2598 2605 3279 2583 2920 4130 1434 3432 3095 4106 766 1443 865 287 1058 2171 831 3527 963 2311 2718 3052 3593 1234 2837 2186 1879 1347 3369 3032 2695 1013 2361 2369 3903 2555 1098 3108 2162 3340 644 1618 2787 277 308 4352 4298 2208 161 4423 2401 2064 1214 2899 3680 4354 4017 2669 738 3097 3718 11 348 3756 4430 2071 2402 3750 896 2581 2303 2977 3651 2896 4441 734 1745 698 1709 2343 2503 3514 4223 
p size: 250
objective: 383460.945039584999904
sum (dij * xij) 
demand/capacity: 224395.000000000000000/280500
Solution is Feasible
[INFO] Running post-optimization
Time limit: 1148.000000000000000
Max size of the neigh: 16
 ------------------------------------ 

Iteration Post-Optimization: 1
Size of neighborhood: 1
[INFO] Adding MIP start solution
Gap Cplex Reports: gap_Bin_service_fnl4461_0250_p_250_RSSV_POSTOPT.csv
[CALLBACK] Generating reports cplex callbacks...
Default row names c1, c2 ... being created.
Version identifier: 22.1.1.0 | 2022-11-28 | 9160aff4d
CPXPARAM_TimeLimit                               1148
CPXPARAM_MIP_Tolerances_LowerCutoff              341959.37063182052
Legacy callback                                  i
1 of 2 MIP starts provided solutions.
MIP start 'm1' defined initial solution with objective 382634.1564.
Presolve has eliminated 19430891 rows and 19852493 columns...
Presolve has improved bounds 3961 times...
Tried aggregator 2 times.
MIP Presolve eliminated 19430891 rows and 19852493 columns.
Aggregator did 2 substitutions.
Reduced MIP has 5210 rows, 52487 columns, and 105474 nonzeros.
Reduced MIP has 52487 binaries, 0 generals, 0 SOSs, and 0 indicators.
Presolve time = 26.90 sec. (17149.27 ticks)
Tried aggregator 1 time.
Detecting symmetries...
Reduced MIP has 5210 rows, 52487 columns, and 105474 nonzeros.
Reduced MIP has 52487 binaries, 0 generals, 0 SOSs, and 0 indicators.
Presolve time = 0.14 sec. (73.43 ticks)
Probing time = 1.89 sec. (4.72 ticks)
Clique table members: 56698.
MIP emphasis: balance optimality and feasibility.
MIP search method: dynamic search.
Parallel mode: deterministic, using up to 32 threads.
Root relaxation solution time = 0.07 sec. (56.37 ticks)

        Nodes                                         Cuts/
   Node  Left     Objective  IInf  Best Integer    Best Bound    ItCnt     Gap

*     0+    0                       382634.1564      273.6826            99.93%
      0     0   337187.0525   623   382634.1564   337187.0525      882   11.88%
Time: 201.450555086135864 seconds
MIP Gap: 0.118774299576106
Nodes: 0
Best Objective: 337187.052512034482788
Incumbent Obj:  382634.156436697463505
      0     0   353178.7204  2979   382634.1564    Cuts: 1402     2858    7.70%
      0     0   364516.1505  4416   382634.1564    Cuts: 1402     4657    4.74%
      0     0   368980.5937  4509   382634.1564    Cuts: 1402     6232    3.57%
*     0+    0                       380708.3166   368980.5937             3.08%
*     0+    0                       379300.0632   368980.5937             2.72%
*     0+    0                       379103.0272   368980.5937             2.67%
      0     0  -1.00000e+75     0   379103.0272   368980.5937     6232    2.67%
Time: 228.980047941207886 seconds
MIP Gap: 0.026701009299463
Nodes: 0
Best Objective: 368980.593741643882822
Incumbent Obj:  379103.027196266048122
      0     0   370687.2401  3182   379103.0272    Cuts: 1402     7354    2.22%
      0     0   371103.2817  1884   379103.0272     Cuts: 641     7932    2.11%
Detecting symmetries...
      0     0   371229.4281  1803   379103.0272     Cuts: 253     8279    2.08%
      0     0   371294.6631  1801   379103.0272     Cuts: 183     8548    2.06%
      0     0   371319.3184  1628   379103.0272     Cuts: 121     8717    2.05%
      0     0   371341.1558  1034   379103.0272      Cuts: 88     8845    2.05%
      0     0   371356.1326   919   379103.0272      Cuts: 64     8944    2.04%
      0     0   371369.3000  1066   379103.0272      Cuts: 52     9019    2.04%
      0     0   371375.7693  1141   379103.0272      Cuts: 53     9081    2.04%
*     0+    0                       371623.8070   371375.7693             0.07%
Detecting symmetries...
Time: 258.587892055511475 seconds
MIP Gap: 0.000667442858569
Nodes: 0
Best Objective: 371375.769336322322488
Incumbent Obj:  371623.806992373778485
      0     2   371375.7693  1141   371623.8070   371375.7693     9081    0.07%
Elapsed time = 180.57 sec. (47130.83 ticks, tree = 0.02 MB, solutions = 5)
     77    53   371411.7522   821   371623.8070   371378.6828    10348    0.07%
    265   228   371568.7899   167   371623.8070   371383.9292    12545    0.06%
Time: 263.707000970840454 seconds
MIP Gap: 0.000632513462383
Nodes: 390
Best Objective: 371388.749931508908048
Incumbent Obj:  371623.806992373778485
    468   384   371557.3802   168   371623.8070   371388.7499    14587    0.06%
*   620+  311                       371505.3298   371388.7499             0.03%
*   623+  316                       371502.7547   371388.7499             0.03%
    632   530   371553.7607   127   371502.7547   371388.7499    17693    0.03%
*   642+  429                       371502.6161   371388.7499             0.03%
    644   338   371432.3253   258   371502.6161   371388.7499    17780    0.03%
    645   335   371461.1751   295   371502.6161   371388.7499    17773    0.03%
    650   330   371463.0990   138   371502.6161   371388.7499    17791    0.03%
Time: 268.941045045852661 seconds
MIP Gap: 0.000313804020784
Nodes: 626
Best Objective: 371388.749931508908048
Incumbent Obj:  371505.329797742073424
    655   327   371492.0056    87   371502.6161   371388.7499    17858    0.03%
    664   330   371432.2479   730   371502.6161   371388.7499    18111    0.03%
    734   359   371436.5147   404   371502.6161   371388.7499    18726    0.03%
Elapsed time = 193.17 sec. (50644.20 ticks, tree = 18.04 MB, solutions = 6)
Time: 274.330049991607666 seconds
MIP Gap: 0.000313804020784
Nodes: 798
Best Objective: 371388.749931508908048
Incumbent Obj:  371505.329797742073424
    863   434        cutoff         371502.6161   371388.7499    19920    0.03%
*   913+  445                       371492.8686   371388.7499             0.03%
    931   488   371461.5603    46   371492.8686   371388.7499    20645    0.03%
*   978+  512                       371477.3907   371388.7499             0.02%
    978   514   371465.9140    58   371477.3907   371388.7499    20991    0.02%
Time: 280.701076984405518 seconds
MIP Gap: 0.000238616920497
Nodes: 904
Best Objective: 371388.749931508908048
Incumbent Obj:  371477.390722517506219
*   983+  510                       371444.5397   371388.7499             0.02%
   1003   492   371477.0006     4   371444.5397   371388.7499    21272    0.02%
   1044   380   371424.2195   828   371444.5397   371388.7499    21960    0.02%
Time: 286.024070024490356 seconds
MIP Gap: 0.000150196853008
Nodes: 983
Best Objective: 371388.749931508908048
Incumbent Obj:  371444.539732443750836
   1050   384   371416.7610   570   371444.5397   371388.7499    22399    0.02%
Time: 291.078603029251099 seconds
MIP Gap: 0.000150196853008
Nodes: 1015
Best Objective: 371388.749931508908048
Incumbent Obj:  371444.539732443750836
   1051   368   371414.2015   503   371444.5397   371388.7499    23197    0.02%
Time: 296.665318965911865 seconds
MIP Gap: 0.000150196853008
Nodes: 1037
Best Objective: 371388.749931508908048
Incumbent Obj:  371444.539732443750836
Time: 301.974205017089844 seconds
MIP Gap: 0.000150196853008
Nodes: 1038
Best Objective: 371388.749931508908048
Incumbent Obj:  371444.539732443750836
   1054   360        cutoff         371444.5397   371388.7499    23626    0.02%
   1055   358   371434.6877   641   371444.5397   371391.1413    23741    0.01%
Time: 309.766623020172119 seconds
MIP Gap: 0.000143758820525
Nodes: 1040
Best Objective: 371391.141303521289956
Incumbent Obj:  371444.539732443750836
   1056   352   371441.0060   995   371444.5397   371391.1413    23941    0.01%
Elapsed time = 234.49 sec. (71455.50 ticks, tree = 31.05 MB, solutions = 12)
Time: 319.316930055618286 seconds
MIP Gap: 0.000143758820525
Nodes: 1044
Best Objective: 371391.141303521289956
Incumbent Obj:  371444.539732443750836
Time: 328.314149856567383 seconds
MIP Gap: 0.000143758820525
Nodes: 1051
Best Objective: 371391.141303521289956
Incumbent Obj:  371444.539732443750836
   1058   343        cutoff         371444.5397   371391.1413    24127    0.01%
   1059   341        cutoff         371444.5397   371391.1413    24180    0.01%
   1061   341   371409.6626   698   371444.5397   371396.1541    24639    0.01%
Time: 334.197840929031372 seconds
MIP Gap: 0.000099184524566
Nodes: 1070
Best Objective: 371407.698182367894333
Incumbent Obj:  371444.539732443750836
Time: 343.059544086456299 seconds
MIP Gap: 0.000099184524566
Nodes: 1070
Best Objective: 371407.698182367894333
Incumbent Obj:  371444.539732443750836

Clique cuts applied:  3716
Cover cuts applied:  679
Flow cuts applied:  93
Mixed integer rounding cuts applied:  917
Zero-half cuts applied:  242
Multi commodity flow cuts applied:  81
Gomory fractional cuts applied:  43

Root node processing (before b&c):
  Real time             =  161.64 sec. (48978.59 ticks)
Parallel b&c, 32 threads:
  Real time             =  112.39 sec. (42692.01 ticks)
  Sync time (average)   =   73.67 sec.
  Wait time (average)   =    0.00 sec.
                          ------------
Total (root+branch&cut) =  274.04 sec. (91670.59 ticks)
Post-Optimization Solution: 
p locations: 4339 4296 4260 4164 4107 4106 4092 4033 3994 3971 4285 3948 3912 3868 3848 3832 3796 3780 3762 3733 4342 4005 3668 3639 3632 3600 3589 3484 3431 3368 3335 3301 3289 3280 3243 3109 4111 3100 4431 3083 3077 3017 3004 2999 3329 2992 889 1368 2036 211 1222 3066 1381 1124 1058 1161 2172 917 82 4231 1198 861 832 4017 2669 800 2804 2971 778 277 752 1587 2923 3064 705 2208 4098 3424 3087 1065 38 667 1184 236 1405 3671 975 796 2144 817 128 2487 3892 185 865 698 1144 470 1806 4221 177 160 494 830 3347 1999 314 536 1380 706 369 4253 546 209 4420 376 2798 2718 22 2303 281 11 94 4356 649 3593 223 1234 1568 3435 1076 918 1419 3494 461 947 2632 2966 324 927 708 4397 3723 2712 377 1436 1770 3279 2605 1003 1340 2008 471 1974 438 467 3340 644 2982 1407 4130 1434 1459 1128 1465 1486 2847 1499 1510 1844 1526 1010 2695 1580 4357 1661 2836 2162 1676 2511 1679 2347 1048 374 1722 3422 1737 3756 2071 3423 390 1738 4441 3093 734 1745 1840 231 1916 4277 3266 2255 1918 1967 2635 1982 2004 2037 3045 2371 3399 2051 2552 1390 2401 2064 1214 2899 2113 2185 2257 2260 4112 2764 2427 2264 2359 2693 2365 2866 684 1695 2369 2377 771 434 2456 3514 2503 2507 3903 2555 2581 2583 3997 2649 3753 2742 3572 2898 
p size: 250
objective: 371444.539732443576213
sum (dij * xij) 
demand/capacity: 224395.000000000000000/280500
Solution is Feasible
Comparing Best Bounds: 
Old Best Bound: 371407.698182367894333
New Best Bound: 371407.698182367894333
Time elapsed: 410.357019358000002s
Time remaining: 1148.000000000000000s
 ------------------------------------ 

Iteration Post-Optimization: 2
Size of neighborhood: 1
[INFO] Adding MIP start solution
Gap Cplex Reports: gap_Bin_service_fnl4461_0250_p_250_RSSV_POSTOPT.csv
[CALLBACK] Generating reports cplex callbacks...
Default row names c1, c2 ... being created.
Version identifier: 22.1.1.0 | 2022-11-28 | 9160aff4d
CPXPARAM_TimeLimit                               737.642980642
CPXPARAM_MIP_Tolerances_LowerCutoff              371407.69818236789
Legacy callback                                  i
1 of 2 MIP starts provided solutions.
MIP start 'm1' defined initial solution with objective 371447.7570.
Presolve has eliminated 19630691 rows and 19874366 columns...
Presolve has improved bounds 3961 times...
Tried aggregator 3 times.
MIP Presolve eliminated 19630691 rows and 19874366 columns.
MIP Presolve added 2 rows and 0 columns.
MIP Presolve modified 13 coefficients.
Aggregator did 102 substitutions.
Reduced MIP has 5112 rows, 30514 columns, and 61529 nonzeros.
Reduced MIP has 30514 binaries, 0 generals, 0 SOSs, and 0 indicators.
Presolve time = 31.55 sec. (19908.35 ticks)
Tried aggregator 1 time.
Detecting symmetries...
Reduced MIP has 5112 rows, 30514 columns, and 61529 nonzeros.
Reduced MIP has 30514 binaries, 0 generals, 0 SOSs, and 0 indicators.
Presolve time = 0.07 sec. (41.81 ticks)
Probing time = 0.04 sec. (7.51 ticks)
Clique table members: 34725.
MIP emphasis: balance optimality and feasibility.
MIP search method: dynamic search.
Parallel mode: deterministic, using up to 32 threads.
Root relaxation solution time = 0.05 sec. (43.41 ticks)

        Nodes                                         Cuts/
   Node  Left     Objective  IInf  Best Integer    Best Bound    ItCnt     Gap

*     0+    0                       371447.7570     7754.1825            97.91%
      0     0   337763.0883   618   371447.7570   337763.0883      994    9.07%
Time: 177.898459911346436 seconds
MIP Gap: 0.090684808253262
Nodes: 0
Best Objective: 337763.088343327923212
Incumbent Obj:  371447.756959284888580
      0     0   352515.3699  2909   371447.7570    Cuts: 1378     2873    5.10%
      0     0   362895.3262  4170   371447.7570    Cuts: 1378     4642    2.30%
      0     0   367214.7123  4493   371447.7570    Cuts: 1378     6271    1.14%
*     0+    0                       371081.5156   367214.7123             1.04%
*     0+    0                       370590.7207   367214.7123             0.91%
*     0+    0                       370517.8470   367214.7123             0.89%
      0     0  -1.00000e+75     0   370517.8470   367214.7123     6271    0.89%
Time: 207.431113004684448 seconds
MIP Gap: 0.008914913891722
Nodes: 0
Best Objective: 367214.712261106295045
Incumbent Obj:  370517.846962119801901
      0     0   368730.7962  2644   370517.8470    Cuts: 1378     7340    0.48%
      0     0   369080.0634  1971   370517.8470     Cuts: 772     7847    0.38%
Detecting symmetries...
      0     0   369177.4777  1491   370517.8470     Cuts: 268     8263    0.36%
      0     0   369225.2419  1575   370517.8470     Cuts: 145     8441    0.35%
      0     0   369251.6241  1313   370517.8470     Cuts: 147     8602    0.34%
      0     0   369267.9198  1041   370517.8470     Cuts: 102     8734    0.34%
      0     0   369281.0025  1143   370517.8470      Cuts: 89     8844    0.33%
      0     0   369295.0991  1036   370517.8470      Cuts: 70     8933    0.33%
      0     0   369304.4175  1040   370517.8470      Cuts: 53     9006    0.33%
*     0+    0                       369514.6494   369304.4175             0.06%
Detecting symmetries...
Time: 236.550397872924805 seconds
MIP Gap: 0.000568940597331
Nodes: 0
Best Objective: 369304.417510295868851
Incumbent Obj:  369514.649395645596087
      0     2   369304.4175  1040   369514.6494   369304.4175     9006    0.06%
Elapsed time = 183.58 sec. (49199.44 ticks, tree = 0.02 MB, solutions = 5)
    164   144   369389.8909    96   369514.6494   369306.7553    12143    0.06%
    464   406   369340.7858   573   369514.6494   369306.7553    17129    0.06%
*   466+   58                       369498.0201   369306.7553             0.05%
*   519+  126                       369477.9475   369306.7553             0.05%
*   523+  301                       369470.3072   369306.7553             0.04%
*   523+  323                       369461.4303   369306.7553             0.04%
    523   325   369382.4412   586   369461.4303   369306.7553    15502    0.04%
*   525+  403                       369450.2709   369306.7553             0.04%
Time: 243.217701911926270 seconds
MIP Gap: 0.000495807606188
Nodes: 437
Best Objective: 369314.820179941365495
Incumbent Obj:  369498.020108782569878
    532   426   369366.3514   177   369450.2709   369314.8202    17589    0.04%
    542   432   369391.0721   146   369450.2709   369314.8202    17656    0.04%
    556   411   369385.7009    28   369450.2709   369314.8202    17726    0.04%
    560   411        cutoff         369450.2709   369314.8202    17800    0.04%
    562   417   369411.7800    72   369450.2709   369314.8202    17854    0.04%
    572   427   369350.8481   421   369450.2709   369314.8202    17989    0.04%
Time: 248.844028949737549 seconds
MIP Gap: 0.000420837630807
Nodes: 511
Best Objective: 369314.820179941365495
Incumbent Obj:  369470.307188672246411
    630   468        cutoff         369450.2709   369314.8202    18615    0.04%
Elapsed time = 196.43 sec. (53197.56 ticks, tree = 3.86 MB, solutions = 7)
    720   526   369455.0336    50   369450.2709   369314.8202    20165    0.04%
Time: 255.365952014923096 seconds
MIP Gap: 0.000420837630807
Nodes: 653
Best Objective: 369314.820179941365495
Incumbent Obj:  369470.307188672246411
    763   562   369370.1662   533   369450.2709   369314.8202    20831    0.04%
    822   601   369368.0937   437   369450.2709   369314.8202    21458    0.04%
    927   705   369442.8192    55   369450.2709   369314.8202    23295    0.04%
*   978+  696                       369421.4394   369314.8202             0.03%
Time: 262.809108018875122 seconds
MIP Gap: 0.000288611344766
Nodes: 891
Best Objective: 369314.820179941365495
Incumbent Obj:  369421.439398351649288
   1027   601   369357.4971   466   369421.4394   369314.8202    24189    0.03%
   1084   645   369382.1976    58   369421.4394   369314.8202    24928    0.03%
Time: 268.045056819915771 seconds
MIP Gap: 0.000288611344766
Nodes: 1034
Best Objective: 369314.820179941365495
Incumbent Obj:  369421.439398351649288
   1206   713   369397.6814    75   369421.4394   369314.8202    26521    0.03%
*  1408+  805                       369392.3502   369314.8202             0.02%
   1408   804   369392.3502     0   369392.3502   369314.8202    29122    0.02%
Time: 273.840256929397583 seconds
MIP Gap: 0.000209885287354
Nodes: 1284
Best Objective: 369314.820179941365495
Incumbent Obj:  369392.350199509353843
   1424   653   369379.9921   331   369392.3502   369314.8202    30547    0.02%
   1493   664        cutoff         369392.3502   369314.8202    32059    0.02%
Elapsed time = 223.31 sec. (64298.79 ticks, tree = 5.74 MB, solutions = 10)
*  1559+  697                       369391.5523   369314.8202             0.02%
Time: 279.941241025924683 seconds
MIP Gap: 0.000207725605645
Nodes: 1454
Best Objective: 369314.820179941365495
Incumbent Obj:  369391.552263855526689
   1582   697   369375.0828    90   369391.5523   369314.8202    33977    0.02%
   1627   730        cutoff         369391.5523   369314.8202    34981    0.02%
   1705   756        cutoff         369391.5523   369314.8202    38303    0.02%
Time: 285.257293939590454 seconds
MIP Gap: 0.000207725605645
Nodes: 1702
Best Objective: 369314.820179941365495
Incumbent Obj:  369391.552263855526689
   1805   776   369390.8321   665   369391.5523   369314.8202    41996    0.02%
   1868   786   369378.2818   120   369391.5523   369314.8202    46644    0.02%
Time: 291.283309936523438 seconds
MIP Gap: 0.000207725605645
Nodes: 1819
Best Objective: 369314.820179941365495
Incumbent Obj:  369391.552263855526689
   1874   780        cutoff         369391.5523   369314.8202    48063    0.02%
Time: 298.549949884414673 seconds
MIP Gap: 0.000204822399789
Nodes: 1826
Best Objective: 369314.820179941365495
Incumbent Obj:  369390.479624437226448
Time: 306.401865005493164 seconds
MIP Gap: 0.000204822399789
Nodes: 1827
Best Objective: 369314.820179941365495
Incumbent Obj:  369390.479624437226448
*  1875+  780                       369390.4796   369314.8202             0.02%
   1876   741        cutoff         369390.4796   369314.8202    48204    0.02%
   1879   743   369386.4302   102   369390.4796   369314.8202    48421    0.02%
Time: 315.215643882751465 seconds
MIP Gap: 0.000204822399789
Nodes: 1834
Best Objective: 369314.820179941365495
Incumbent Obj:  369390.479624437226448
   1880   743        cutoff         369390.4796   369314.8202    48936    0.02%
Time: 320.829964876174927 seconds
MIP Gap: 0.000204822399789
Nodes: 1874
Best Objective: 369314.820179941365495
Incumbent Obj:  369390.479624437226448
   1900   762   369384.2515   865   369390.4796   369314.8202    51208    0.02%
Elapsed time = 268.22 sec. (88001.96 ticks, tree = 10.28 MB, solutions = 15)
   1904   761        cutoff         369390.4796   369314.8202    51411    0.02%
Time: 329.164683818817139 seconds
MIP Gap: 0.000204822399789
Nodes: 1881
Best Objective: 369314.820179941365495
Incumbent Obj:  369390.479624437226448
   1907   764        cutoff         369390.4796   369314.8202    51918    0.02%
Time: 334.971400022506714 seconds
MIP Gap: 0.000193570694444
Nodes: 1924
Best Objective: 369318.976452775474172
Incumbent Obj:  369390.479624437226448
   1923   759        cutoff         369390.4796   369314.8202    54505    0.02%
   1935   753        cutoff         369390.4796   369332.3236    56121    0.02%
Time: 341.565119028091431 seconds
MIP Gap: 0.000099629272136
Nodes: 1941
Best Objective: 369353.677519818302244
Incumbent Obj:  369390.479624437226448

Clique cuts applied:  3704
Cover cuts applied:  716
Flow cuts applied:  104
Mixed integer rounding cuts applied:  930
Zero-half cuts applied:  360
Multi commodity flow cuts applied:  72
Lift and project cuts applied:  4
Gomory fractional cuts applied:  53

Root node processing (before b&c):
  Real time             =  166.24 sec. (51322.61 ticks)
Parallel b&c, 32 threads:
  Real time             =  132.80 sec. (50085.98 ticks)
  Sync time (average)   =   98.11 sec.
  Wait time (average)   =    0.00 sec.
                          ------------
Total (root+branch&cut) =  299.04 sec. (101408.59 ticks)
Post-Optimization Solution: 
p locations: 4339 4301 4285 4260 4212 4164 4107 4106 4431 4094 4092 4072 3994 3968 3912 3908 3848 3832 3796 3780 3762 3733 4342 4005 3668 3635 3589 3588 3484 3454 3431 3335 3301 3289 3221 3132 3102 3087 3017 2999 3329 2992 1407 889 1369 2037 3045 2371 211 1222 1124 1058 1161 2172 917 82 4231 1198 861 832 4017 2669 800 2804 778 752 1587 2923 3064 705 2208 3066 1381 38 667 1184 3671 975 3155 796 2144 817 128 2487 3892 185 698 1144 470 1806 177 830 3347 1999 314 648 536 1380 369 4253 546 209 4420 376 1879 2798 2718 22 2303 281 3044 11 1030 277 951 3868 161 94 4356 649 3593 223 1234 3590 1568 3435 1076 918 1419 3494 461 324 927 708 4397 3723 690 2712 377 1436 1770 3279 2605 1003 1340 2008 471 1974 438 3280 2943 467 865 528 2365 2866 3340 644 1434 1448 1459 2971 1960 1128 1465 1486 1499 1510 1844 1526 3369 2695 1580 4357 1661 2836 2162 1676 2511 1005 1679 2347 4081 1048 374 1722 3422 1737 3756 2071 3423 390 1738 4441 3093 734 1745 4275 1242 231 1916 3266 2255 1918 1967 3983 2635 2004 4058 2036 3399 2051 2552 2899 2113 2185 2260 4112 2764 2427 2264 236 2932 2632 2295 2359 2693 1695 2369 2377 1390 2064 2401 771 434 2456 3514 2503 2507 3903 2555 2581 2583 2649 3753 2742 2832 3572 2898 2946 
p size: 250
objective: 369390.479624437051825
sum (dij * xij) 
demand/capacity: 224395.000000000000000/280500
Solution is Feasible
Comparing Best Bounds: 
Old Best Bound: 369353.677519818302244
New Best Bound: 369353.677519818302244
Time elapsed: 408.755190758000026s
Time remaining: 737.642980641999998s
 ------------------------------------ 

Iteration Post-Optimization: 3
Size of neighborhood: 1
[INFO] Adding MIP start solution
Gap Cplex Reports: gap_Bin_service_fnl4461_0250_p_250_RSSV_POSTOPT.csv
[CALLBACK] Generating reports cplex callbacks...
Default row names c1, c2 ... being created.
Version identifier: 22.1.1.0 | 2022-11-28 | 9160aff4d
CPXPARAM_TimeLimit                               328.88778988399997
CPXPARAM_MIP_Tolerances_LowerCutoff              369353.6775198183
Legacy callback                                  i
1 of 2 MIP starts provided solutions.
MIP start 'm1' defined initial solution with objective 369393.6054.
Presolve has eliminated 19630691 rows and 19874343 columns...
Presolve has improved bounds 3961 times...
Tried aggregator 3 times.
MIP Presolve eliminated 19630691 rows and 19874343 columns.
MIP Presolve added 2 rows and 0 columns.
MIP Presolve modified 13 coefficients.
Aggregator did 102 substitutions.
Reduced MIP has 5112 rows, 30537 columns, and 61575 nonzeros.
Reduced MIP has 30537 binaries, 0 generals, 0 SOSs, and 0 indicators.
Presolve time = 31.04 sec. (19908.38 ticks)
Tried aggregator 1 time.
Detecting symmetries...
Reduced MIP has 5112 rows, 30537 columns, and 61575 nonzeros.
Reduced MIP has 30537 binaries, 0 generals, 0 SOSs, and 0 indicators.
Presolve time = 0.07 sec. (41.84 ticks)
Probing time = 0.03 sec. (7.51 ticks)
Clique table members: 34747.
MIP emphasis: balance optimality and feasibility.
MIP search method: dynamic search.
Parallel mode: deterministic, using up to 32 threads.
Root relaxation solution time = 0.05 sec. (43.64 ticks)

        Nodes                                         Cuts/
   Node  Left     Objective  IInf  Best Integer    Best Bound    ItCnt     Gap

*     0+    0                       369393.6054     7759.0667            97.90%
      0     0   338050.8940   617   369393.6054   338050.8940      940    8.48%
Time: 177.652374982833862 seconds
MIP Gap: 0.084849090357486
Nodes: 0
Best Objective: 338050.893955513078254
Incumbent Obj:  369393.605353641905822
      0     0   352621.8702  2910   369393.6054    Cuts: 1378     2790    4.54%
      0     0   362913.3446  4164   369393.6054    Cuts: 1378     4561    1.75%
      0     0   367048.5346  4301   369393.6054    Cuts: 1378     6196    0.63%
*     0+    0                       369351.6378   367048.5346             0.62%
*     0+    0                       369212.7973   367048.5346             0.59%
*     0+    0                       369203.4607   367048.5346             0.58%
      0     0  -1.00000e+75     0   369203.4607   367048.5346     6196    0.58%
Time: 200.346178054809570 seconds
MIP Gap: 0.005836689953832
Nodes: 0
Best Objective: 367048.534593699150719
Incumbent Obj:  369203.460723825963214
      0     0   368603.0857  2268   369203.4607    Cuts: 1378     7200    0.16%
      0     0   368901.5413  1874   369203.4607     Cuts: 580     7741    0.08%
Detecting symmetries...
      0     0   368982.1576  1517   369203.4607     Cuts: 245     8049    0.06%
      0     0   369028.1269  1534   369203.4607     Cuts: 158     8295    0.05%
      0     0   369066.1761  1135   369203.4607     Cuts: 163     8463    0.04%
      0     0   369087.4006   919   369203.4607     Cuts: 103     8568    0.03%
      0     0   369097.9999   939   369203.4607      Cuts: 60     8642    0.03%
      0     0   369117.4563  1021   369203.4607      Cuts: 36     8725    0.02%
Detecting symmetries...

Repeating presolve.
Tried aggregator 3 times.
MIP Presolve eliminated 4 rows and 9913 columns.
MIP Presolve added 63 rows and 0 columns.
MIP Presolve modified 48 coefficients.
Aggregator did 962 substitutions.
Reduced MIP has 4209 rows, 19662 columns, and 39823 nonzeros.
Reduced MIP has 19662 binaries, 0 generals, 0 SOSs, and 0 indicators.
Presolve time = 0.13 sec. (94.08 ticks)
Probing time = 0.02 sec. (5.13 ticks)
Tried aggregator 1 time.
Detecting symmetries...
Reduced MIP has 4209 rows, 19662 columns, and 39823 nonzeros.
Reduced MIP has 19662 binaries, 0 generals, 0 SOSs, and 0 indicators.
Presolve time = 0.04 sec. (27.00 ticks)
Represolve time = 18.22 sec. (7015.42 ticks)
Probing time = 0.02 sec. (5.13 ticks)
Clique table members: 23775.
MIP emphasis: balance optimality and feasibility.
MIP search method: dynamic search.
Parallel mode: deterministic, using up to 32 threads.
Root relaxation solution time = 0.73 sec. (296.70 ticks)

        Nodes                                         Cuts/
   Node  Left     Objective  IInf  Best Integer    Best Bound    ItCnt     Gap

*     0+    0                       369203.4607   369117.4563             0.02%
      0     0   369117.4563   955   369203.4607   369117.4563    15102    0.02%
Time: 231.635338068008423 seconds
MIP Gap: 0.000232945952011
Nodes: 0
Best Objective: 369117.456272181938402
Incumbent Obj:  369203.460723825846799
*     0+    0                       369190.5335   369117.4563             0.02%
      0     0   369124.7410   768   369190.5335      Cuts: 45    15180    0.02%
      0     0   369132.1138   989   369190.5335      Cuts: 39    15251    0.02%
      0     0   369137.2844   792   369190.5335      Cuts: 40    15315    0.01%
*     0+    0                       369190.3394   369137.2844             0.01%
Time: 237.154504060745239 seconds
MIP Gap: 0.000118420603389
Nodes: 0
Best Objective: 369146.619641657744069
Incumbent Obj:  369190.339384412916843
      0     0   369146.6196   822   369190.3394      Cuts: 26    15386    0.01%
Detecting symmetries...
Time: 430.792926073074341 seconds
MIP Gap: 0.000118420603389
Nodes: 0
Best Objective: 369146.619641657802276
Incumbent Obj:  369190.339384412916843

Clique cuts applied:  3636
Cover cuts applied:  459
Flow cuts applied:  98
Mixed integer rounding cuts applied:  927
Zero-half cuts applied:  215
Multi commodity flow cuts applied:  91
Lift and project cuts applied:  6
Gomory fractional cuts applied:  44

Root node processing (before b&c):
  Real time             =  334.17 sec. (61707.18 ticks)
Parallel b&c, 32 threads:
  Real time             =   41.79 sec. (413.56 ticks)
  Sync time (average)   =    0.07 sec.
  Wait time (average)   =    0.00 sec.
                          ------------
Total (root+branch&cut) =  375.96 sec. (62120.74 ticks)
Post-Optimization Solution: 
p locations: 4431 4339 4301 4285 4260 4212 4164 4107 4106 4092 4072 4061 4058 3994 3968 3912 3891 3848 3832 3796 3780 3762 3733 4342 4005 3668 3635 3589 3588 3484 3454 3431 3335 3301 3289 3221 3132 3102 3087 3017 2999 3329 2992 1407 889 1369 2037 3045 2371 211 1222 1124 1058 1161 2172 917 82 4231 1198 861 832 4017 2669 800 2804 778 752 1587 2923 3064 705 2208 3066 1381 38 667 1184 3671 975 3155 796 2144 817 128 2487 3892 185 698 1144 470 1806 177 830 3347 1999 314 648 536 1380 369 4253 546 209 4420 376 1879 2798 2718 22 3988 2303 281 3044 11 1030 277 951 3868 161 94 4356 649 3593 223 1234 3590 1568 3435 1076 918 1419 3494 461 1964 324 927 708 4397 3723 690 2712 377 1436 1770 3279 2605 1003 1340 2008 471 1974 438 3280 2943 467 865 528 2365 2866 3340 644 1434 1448 1459 2971 1960 1128 1465 1486 1499 1510 1844 1526 3369 2695 1580 4357 1661 2836 2162 1676 2511 1005 1679 2347 4081 1048 374 1722 3422 1737 3756 2071 3423 390 1738 4441 3093 734 1745 4275 1242 231 1916 3266 2255 1918 1967 2635 2004 3399 2051 2552 2899 2113 2185 2260 4112 2764 2427 2264 236 2932 2632 2295 2359 2693 1695 2369 2377 1390 2064 2401 771 434 2456 3514 2503 2507 3903 2555 2581 2583 2649 3753 2742 2832 3572 2898 2946 
p size: 250
objective: 369190.339384412567597
sum (dij * xij) 
demand/capacity: 224395.000000000000000/280500
Solution is Feasible
Comparing Best Bounds: 
Old Best Bound: 369146.619641657802276
New Best Bound: 369146.619641657802276
Time elapsed: 495.731421350000005s
Time remaining: 328.887789883999972s



Finishing post-optimization
p locations: 4431 4339 4301 4285 4260 4212 4164 4107 4106 4092 4072 4061 4058 3994 3968 3912 3891 3848 3832 3796 3780 3762 3733 4342 4005 3668 3635 3589 3588 3484 3454 3431 3335 3301 3289 3221 3132 3102 3087 3017 2999 3329 2992 1407 889 1369 2037 3045 2371 211 1222 1124 1058 1161 2172 917 82 4231 1198 861 832 4017 2669 800 2804 778 752 1587 2923 3064 705 2208 3066 1381 38 667 1184 3671 975 3155 796 2144 817 128 2487 3892 185 698 1144 470 1806 177 830 3347 1999 314 648 536 1380 369 4253 546 209 4420 376 1879 2798 2718 22 3988 2303 281 3044 11 1030 277 951 3868 161 94 4356 649 3593 223 1234 3590 1568 3435 1076 918 1419 3494 461 1964 324 927 708 4397 3723 690 2712 377 1436 1770 3279 2605 1003 1340 2008 471 1974 438 3280 2943 467 865 528 2365 2866 3340 644 1434 1448 1459 2971 1960 1128 1465 1486 1499 1510 1844 1526 3369 2695 1580 4357 1661 2836 2162 1676 2511 1005 1679 2347 4081 1048 374 1722 3422 1737 3756 2071 3423 390 1738 4441 3093 734 1745 4275 1242 231 1916 3266 2255 1918 1967 2635 2004 3399 2051 2552 2899 2113 2185 2260 4112 2764 2427 2264 236 2932 2632 2295 2359 2693 1695 2369 2377 1390 2064 2401 771 434 2456 3514 2503 2507 3903 2555 2581 2583 2649 3753 2742 2832 3572 2898 2946 
p size: 250
objective: 369190.339384412567597
sum (dij * xij) 
demand/capacity: 224395.000000000000000/280500
Solution is Feasible
Solution Stats
Statistics:
Max distance: 227.721320916597534
Min distance: 0.000000000000000
Avg distance: 82.759547048736280
Std deviation distance: 40.732906035694221


[INFO] Saving assignment: ./outputs/solutions/2024-08-26_LIT_seed_200/Assignments/test_lit_fnl4461_0250_p_250_RSSV_EXACT_CPMP_BIN_POSTOPT.txt
[INFO] Saving results: ./outputs/solutions/2024-08-26_LIT_seed_200/test_lit_fnl4461_0250_results_RSSV_EXACT_CPMP_BIN_POSTOPT.csv
[INFO] Saving all results: ./outputs/solutions/test_all_results.csv
Final total elapsed time (post opt): 3767s
Elapsed time: 3767838 ms

RSSV finished.
