Debug: configOverride contents: IsWeighted_ObjFunc add_break_callback add_generate_reports add_threshold_distance_rssv bw_multiplier capacities cover_mode coverages cust_max_id distance_matrix loc_max_id max_ite_subprob_rssv method method_post_opt method_rssv_fp method_rssv_sp output p seed service size_subproblems_rssv subarea threads time time_cplex time_subprob_rssv weights 
Loading instance...
Scanning input data...
Distance matrix dimensions: 4462 x 4462 = 19909444
Elapsed time: 0 ms

Loading weights...
Skipped line: customer weight coord_x coord_y
Loaded 4461 weights
Loaded 4461 coordinates
Total customer demand: 224395.00
Elapsed time: 11 ms

Loading capacities...
Skipped line: location capacity coord_x coord_y
Loaded 4461 capacities
Loaded 4461 coordinates
Elapsed time: 8 ms

Loading distance matrix...
Computing euclidian distances...
bw multiplier: 0.50
Loaded 19904982 distances
dists stdev: 954.33
bandwidth h: 17.53
locations: 4461
customers: 4461
p: 500
Elapsed time: 587 ms

[INFO] Instance loaded
loc_max_id: 4461
loc_cnt: 4461
service: fnl4461_0500
cust_max_id: 4461
cust_cnt: 4461
unweighted obj function
p: 500
total_demand: 224395.00


-------------------------------------------------


-------------------------------------------------
RSSV heuristic 
-------------------------------------------------
method subproblems: TB_PMP
method final problem: EXACT_CPMP_BIN
-------------------------------------------------
RSSV running...
cPMP size (N): 4461
sub-cPMP size (n): 750
Subproblems cnt (M): 29
p: 500
Seed: 0
Time limit for subproblems: 180.00

thread cnt: 20

Thread 1 created with seed 1
Thread 2 created with seed 2
Thread 3 created with seed 3
Solving sub-PMP 1/29...
Thread 4 created with seed 4
Solving sub-PMP 2/29...
Solving sub-PMP 3/29...
Thread 5 created with seed 5
Solving sub-PMP 4/29...
Thread 6 created with seed 6
uncapacitated TB started
uncapacitated TB started
Solving sub-PMP 5/29...
uncapacitated TB started
Thread 7 created with seed 7
Solving sub-PMP 6/29...
Thread 8 created with seed 8
uncapacitated TB started
uncapacitated TB started
Solving sub-PMP 7/29...
Solving sub-PMP 8/29...
Thread 9 created with seed 9
Thread 10 created with seed 10
Thread 11 created with seed 11
Thread 12 created with seed 12
Solving sub-PMP 10/29...
uncapacitated TB started
Thread 13 created with seed 13
Thread 14 created with seed 14
Thread 15 created with seed 15
Solving sub-PMP 13/29...
Thread 16 created with seed 16
uncapacitated TB started
Thread 17 created with seed 17
Solving sub-PMP uncapacitated TB started
9/29...
Solving sub-PMP 16/29...
Solving sub-PMP 14/29...
Solving sub-PMP 11/29...
Solving sub-PMP 15/29...
Thread 18 created with seed 18
Thread 19 created with seed 19
Solving sub-PMP 17/29...
Thread 20 created with seed 20
Solving sub-PMP 12/29...
uncapacitated TB started
uncapacitated TB started
Solving sub-PMP 19/Solving sub-PMP 18/29...
uncapacitated TB started
uncapacitated TB started
uncapacitated TB started
uncapacitated TB started
uncapacitated TB started
[INFO] Uncapacitated TB local search started
[INFO] Uncapacitated TB local search started
[INFO] Uncapacitated TB local search started
29...
uncapacitated TB started
[INFO] Uncapacitated TB local search started
[INFO] Uncapacitated TB local search started
[INFO] Uncapacitated TB local search started
uncapacitated TB started
[INFO] Uncapacitated TB local search started
[INFO] Uncapacitated TB local search started
[INFO] Uncapacitated TB local search started
[INFO] Uncapacitated TB local search started
uncapacitated TB started
uncapacitated TB started
Solving sub-PMP 20/29...
[INFO] Uncapacitated TB local search started
uncapacitated TB started
[INFO] Uncapacitated TB local search started
[INFO] Uncapacitated TB local search started
[INFO] Uncapacitated TB local search started
[INFO] Uncapacitated TB local search started
[INFO] Uncapacitated TB local search started
[INFO] Uncapacitated TB local search started
[INFO] Uncapacitated TB local search started
[INFO] Uncapacitated TB local search started
[INFO] Uncapacitated TB local search started

[INFO] Time limit reached. Stopping the algorithm.
TB elapsed time: 180.00 seconds
Num ite total uncapacited TB: 7
tb solution is feasible

[INFO] Time limit reached. Stopping the algorithm.
TB elapsed time: 180.00 seconds
Num ite total uncapacited TB: 6
tb solution is feasible

[INFO] Time limit reached. Stopping the algorithm.
TB elapsed time: 180.00 seconds
Num ite total uncapacited TB: 7
tb solution is feasible

[INFO] Time limit reached. Stopping the algorithm.
TB elapsed time: 180.00 seconds
Num ite total uncapacited TB: 9
tb solution is feasible

[INFO] Time limit reached. Stopping the algorithm.
TB elapsed time: 180.02 seconds
Num ite total uncapacited TB: 7
tb solution is feasible

[INFO] Time limit reached. Stopping the algorithm.
TB elapsed time: 180.01 seconds
Num ite total uncapacited TB: 5
tb solution is feasible

[INFO] Time limit reached. Stopping the algorithm.
TB elapsed time: 180.01 seconds
Num ite total uncapacited TB: 14
tb solution is feasible

[INFO] Time limit reached. Stopping the algorithm.
TB elapsed time: 180.01 seconds
Num ite total uncapacited TB: 10
tb solution is feasible

[INFO] Time limit reached. Stopping the algorithm.
TB elapsed time: 180.01 seconds
Num ite total uncapacited TB: 7
tb solution is feasible

[INFO] Time limit reached. Stopping the algorithm.
TB elapsed time: 180.01 seconds
Num ite total uncapacited TB: 5
tb solution is feasible

[INFO] Time limit reached. Stopping the algorithm.
TB elapsed time: 180.02 seconds
Num ite total uncapacited TB: 8
tb solution is feasible

[INFO] Time limit reached. Stopping the algorithm.
TB elapsed time: 180.01 seconds
Num ite total uncapacited TB: 7
tb solution is feasible

[INFO] Time limit reached. Stopping the algorithm.
TB elapsed time: 180.01 seconds
Num ite total uncapacited TB: 8
tb solution is feasible

[INFO] Time limit reached. Stopping the algorithm.
TB elapsed time: 180.01 seconds
Num ite total uncapacited TB: 6
tb solution is feasible

[INFO] Time limit reached. Stopping the algorithm.
TB elapsed time: 180.02 seconds
Num ite total uncapacited TB: 11
tb solution is feasible

[INFO] Time limit reached. Stopping the algorithm.
TB elapsed time: 180.01 seconds
Num ite total uncapacited TB: 11
tb solution is feasible

[INFO] Time limit reached. Stopping the algorithm.
TB elapsed time: 180.01 seconds
Num ite total uncapacited TB: 9
tb solution is feasible

[INFO] Time limit reached. Stopping the algorithm.
TB elapsed time: 180.00 seconds
Num ite total uncapacited TB: 8
tb solution is feasible

[INFO] Time limit reached. Stopping the algorithm.
TB elapsed time: 180.00 seconds
Num ite total uncapacited TB: 12
tb solution is feasible

[INFO] Time limit reached. Stopping the algorithm.
TB elapsed time: 180.01 seconds
Num ite total uncapacited TB: 7
tb solution is feasible
Thread 21 created with seed 21
Thread 22 created with seed 22
Solving sub-PMP 21/29...
Solving sub-PMP 22/Thread 29...
23 created with seed 23
Thread 24 created with seed 24
Thread 25 created with seed 25
Solving sub-PMP 24/29...
Solving sub-PMP 23/29...
Thread 26 created with seed 26
Solving sub-PMP 25/29...
Thread 27 created with seed 27
Solving sub-PMP 26/29...
uncapacitated TB started
uncapacitated TB started
uncapacitated TB started
Thread 28 created with seed 28
uncapacitated TB started
Solving sub-PMP 27/29...
Thread uncapacitated TB started
29 created with seed 29
uncapacitated TB started
Solving sub-PMP 28/29...
uncapacitated TB started
uncapacitated TB started
Solving sub-PMP 29/29...
uncapacitated TB started
[INFO] Uncapacitated TB local search started
[INFO] Uncapacitated TB local search started
[INFO] Uncapacitated TB local search started
[INFO] Uncapacitated TB local search started
[INFO] Uncapacitated TB local search started
[INFO] Uncapacitated TB local search started
[INFO] Uncapacitated TB local search started
[INFO] Uncapacitated TB local search started
[INFO] Uncapacitated TB local search started

[INFO] Time limit reached. Stopping the algorithm.
TB elapsed time: 180.00 seconds
Num ite total uncapacited TB: 7
tb solution is feasible

[INFO] Time limit reached. Stopping the algorithm.
TB elapsed time: 180.00 seconds

[INFO] Time limit reached. Stopping the algorithm.
TB elapsed time: 180.00 seconds
Num ite total uncapacited TB: 7
tb solution is feasible
Num ite total uncapacited TB: 6
tb solution is feasible

[INFO] Time limit reached. Stopping the algorithm.
TB elapsed time: 180.01 seconds
Num ite total uncapacited TB: 8
tb solution is feasible

[INFO] Time limit reached. Stopping the algorithm.
TB elapsed time: 180.01 seconds
Num ite total uncapacited TB: 7
tb solution is feasible

[INFO] Time limit reached. Stopping the algorithm.
TB elapsed time: 180.01 seconds
Num ite total uncapacited TB: 10
tb solution is feasible

[INFO] Time limit reached. Stopping the algorithm.

[INFO] Time limit reached. Stopping the algorithm.
TB elapsed time: TB elapsed time: 180.01 seconds
Num ite total uncapacited TB: 13
tb solution is feasible
180.01 seconds
Num ite total uncapacited TB: 11
tb solution is feasible

[INFO] Time limit reached. Stopping the algorithm.
TB elapsed time: 180.01 seconds
Num ite total uncapacited TB: 10
tb solution is feasible
[INFO] All subproblems solved.

Elapsed time: 363864 ms


Stats: 
Max dist: 303.80
Min dist: 0.00
avg of Avg dists: 70.23
avg Std dev dist: 44.12

First 750 voting weights (sorted): 2621(15.00) 2047(12.18) 3038(12.00) 1960(11.54) 750(11.26) 2838(11.00) 40(10.92) 431(10.89) 1804(10.81) 2638(10.68) 238(10.27) 2836(10.23) 1032(10.07) 26(10.06) 3953(10.05) 3017(10.05) 4282(10.03) 1654(10.00) 748(10.00) 1982(9.79) 432(9.78) 3578(9.62) 3776(9.61) 2037(9.60) 37(9.47) 1198(9.37) 1081(9.36) 3598(9.27) 450(9.18) 3574(9.18) 1148(9.15) 1893(9.15) 4147(9.10) 1260(9.09) 1846(9.09) 1334(9.07) 2191(9.00) 1494(9.00) 1822(9.00) 1316(9.00) 4278(9.00) 3915(9.00) 2588(9.00) 906(9.00) 1001(9.00) 3531(9.00) 1786(9.00) 940(9.00) 3171(8.99) 3087(8.92) 2034(8.85) 2819(8.85) 2702(8.81) 57(8.78) 3882(8.74) 1146(8.57) 904(8.57) 704(8.55) 2731(8.55) 161(8.53) 3173(8.45) 3389(8.43) 598(8.42) 599(8.42) 2446(8.40) 4329(8.38) 324(8.30) 1205(8.30) 1630(8.30) 2816(8.25) 3891(8.24) 3844(8.21) 4334(8.20) 3055(8.19) 3205(8.19) 2078(8.18) 3955(8.16) 4284(8.15) 3431(8.15) 3808(8.14) 1798(8.12) 4138(8.11) 1764(8.10) 2203(8.10) 2444(8.10) 284(8.09) 1083(8.08) 3935(8.08) 3437(8.07) 160(8.07) 3758(8.04) 802(8.04) 656(8.04) 1680(8.03) 1534(8.01) 3487(8.00) 2917(8.00) 491(8.00) 1699(8.00) 2803(8.00) 365(8.00) 2609(8.00) 1152(8.00) 3005(8.00) 406(8.00) 112(8.00) 3580(8.00) 806(8.00) 472(7.97) 1935(7.97) 1190(7.95) 1793(7.89) 567(7.89) 1806(7.89) 1766(7.89) 2127(7.88) 4446(7.81) 4030(7.81) 449(7.81) 4256(7.79) 4248(7.78) 2913(7.78) 1801(7.76) 546(7.74) 2557(7.73) 3822(7.73) 1812(7.73) 3939(7.67) 1044(7.63) 1419(7.62) 1791(7.61) 568(7.61) 582(7.59) 570(7.59) 59(7.58) 46(7.58) 2007(7.57) 2770(7.57) 4342(7.55) 124(7.55) 4003(7.55) 4044(7.55) 3661(7.55) 4401(7.54) 4410(7.54) 4141(7.54) 1045(7.51) 2404(7.50) 908(7.49) 128(7.47) 1266(7.42) 3908(7.39) 3605(7.37) 1548(7.37) 751(7.36) 4214(7.36) 771(7.35) 3653(7.33) 1757(7.33) 653(7.32) 639(7.32) 3520(7.32) 2960(7.31) 1818(7.30) 3649(7.28) 154(7.27) 66(7.25) 3637(7.25) 4381(7.25) 1759(7.24) 1335(7.22) 3958(7.22) 1288(7.22) 4306(7.22) 1678(7.22) 3515(7.22) 3045(7.22) 376(7.22) 3735(7.21) 3335(7.17) 2113(7.17) 2247(7.17) 1676(7.16) 1470(7.16) 70(7.16) 1745(7.16) 1444(7.15) 2632(7.14) 737(7.13) 2741(7.13) 2876(7.13) 2407(7.13) 4254(7.12) 19(7.11) 1666(7.09) 1526(7.07) 178(7.07) 3309(7.07) 703(7.07) 4261(7.07) 257(7.05) 2010(7.05) 3044(7.05) 596(7.04) 2673(7.03) 523(7.03) 4189(7.03) 2122(7.02) 404(7.02) 3998(7.00) 2878(7.00) 1439(7.00) 2168(7.00) 4057(7.00) 3420(7.00) 2408(7.00) 3296(7.00) 144(7.00) 3443(7.00) 2497(7.00) 3447(7.00) 2276(7.00) 3439(7.00) 2518(7.00) 2840(7.00) 4014(7.00) 872(7.00) 670(7.00) 2106(7.00) 15(7.00) 1336(7.00) 350(7.00) 1567(7.00) 1304(7.00) 755(7.00) 1888(7.00) 2110(7.00) 3116(7.00) 3630(7.00) 4308(7.00) 3059(7.00) 822(7.00) 1250(7.00) 67(7.00) 819(7.00) 1976(7.00) 4229(7.00) 1854(7.00) 1686(7.00) 2828(7.00) 726(7.00) 3496(7.00) 2274(7.00) 1126(6.97) 3780(6.92) 3002(6.88) 2313(6.84) 3445(6.83) 2365(6.82) 1582(6.81) 2406(6.81) 2182(6.80) 597(6.79) 3638(6.79) 435(6.78) 3135(6.77) 3214(6.73) 3308(6.73) 1549(6.73) 3534(6.68) 7(6.67) 2758(6.67) 2700(6.66) 924(6.65) 4345(6.63) 4213(6.63) 133(6.63) 2040(6.63) 4118(6.61) 1093(6.60) 535(6.58) 1502(6.57) 2610(6.56) 138(6.56) 2552(6.55) 891(6.55) 3081(6.55) 3889(6.54) 3166(6.54) 3016(6.53) 2275(6.53) 20(6.52) 3490(6.50) 244(6.50) 249(6.50) 3127(6.47) 2237(6.46) 2939(6.42) 1308(6.41) 1042(6.41) 2493(6.39) 1519(6.39) 4092(6.39) 3922(6.37) 2356(6.37) 2530(6.37) 2783(6.37) 1590(6.37) 1605(6.37) 1221(6.37) 2377(6.37) 4193(6.37) 1849(6.37) 3576(6.36) 2239(6.36) 2564(6.36) 152(6.36) 2567(6.36) 111(6.35) 2834(6.34) 2708(6.34) 3954(6.34) 1116(6.33) 931(6.32) 3121(6.30) 1352(6.30) 4424(6.29) 3233(6.29) 1859(6.29) 1807(6.29) 1156(6.27) 725(6.27) 4330(6.27) 4(6.26) 3791(6.26) 2042(6.26) 3011(6.25) 1602(6.25) 1179(6.24) 103(6.24) 1474(6.23) 3652(6.23) 2869(6.22) 1681(6.22) 4021(6.22) 3619(6.21) 1787(6.21) 1773(6.21) 955(6.20) 678(6.19) 4132(6.19) 3828(6.18) 2265(6.18) 206(6.18) 2517(6.18) 576(6.17) 4085(6.17) 1606(6.17) 2509(6.17) 2002(6.17) 488(6.17) 1864(6.16) 3774(6.16) 2707(6.16) 456(6.16) 3269(6.15) 2592(6.15) 503(6.15) 965(6.13) 2350(6.13) 1909(6.13) 79(6.13) 4230(6.13) 2094(6.12) 3855(6.12) 3366(6.12) 3973(6.12) 4199(6.11) 3554(6.11) 4252(6.11) 1852(6.11) 55(6.11) 1508(6.11) 2162(6.11) 3902(6.11) 2450(6.11) 380(6.10) 873(6.10) 3860(6.10) 3167(6.09) 2372(6.08) 35(6.08) 3449(6.07) 4388(6.07) 1400(6.07) 1413(6.07) 2787(6.07) 2925(6.07) 1160(6.07) 1621(6.07) 1541(6.07) 2139(6.07) 3075(6.07) 423(6.07) 3468(6.06) 1892(6.05) 3196(6.04) 867(6.04) 1542(6.03) 2581(6.03) 813(6.03) 1853(6.01) 1234(6.00) 2608(6.00) 2636(6.00) 3675(6.00) 569(6.00) 560(6.00) 1381(6.00) 1378(6.00) 738(6.00) 1321(6.00) 1319(6.00) 2039(6.00) 2038(6.00) 769(6.00) 2029(6.00) 1247(6.00) 1241(6.00) 1948(6.00) 1189(6.00) 815(6.00) 1175(6.00) 2183(6.00) 828(6.00) 1905(6.00) 1898(6.00) 1880(6.00) 1108(6.00) 1091(6.00) 1079(6.00) 1829(6.00) 886(6.00) 1672(6.00) 1019(6.00) 1673(6.00) 991(6.00) 1715(6.00) 1698(6.00) 1617(6.00) 3650(6.00) 3626(6.00) 2565(6.00) 2560(6.00) 3617(6.00) 3600(6.00) 2536(6.00) 633(6.00) 3557(6.00) 3547(6.00) 2486(6.00) 3504(6.00) 2461(6.00) 202(6.00) 2451(6.00) 2151(6.00) 3436(6.00) 3390(6.00) 2358(6.00) 2322(6.00) 266(6.00) 691(6.00) 3322(6.00) 3304(6.00) 3286(6.00) 3237(6.00) 2195(6.00) 2723(6.00) 712(6.00) 720(6.00) 1422(6.00) 2435(6.00) 3835(6.00) 2841(6.00) 2993(6.00) 2756(6.00) 123(6.00) 3164(6.00) 4107(6.00) 3982(6.00) 520(6.00) 4201(6.00) 458(6.00) 4211(6.00) 3155(6.00) 543(6.00) 3115(6.00) 4258(6.00) 2929(6.00) 497(6.00) 496(6.00) 4321(6.00) 3904(6.00) 377(6.00) 113(6.00) 2454(6.00) 2799(6.00) 3187(6.00) 119(6.00) 2804(6.00) 3964(6.00) 4273(6.00) 3942(6.00) 2818(6.00) 4435(6.00) 4336(6.00) 3036(6.00) 4226(6.00) 2835(6.00) 3194(6.00) 1783(6.00) 3635(5.99) 2793(5.98) 2822(5.98) 1010(5.98) 2134(5.97) 369(5.97) 532(5.96) 4010(5.95) 2463(5.95) 1805(5.92) 1008(5.92) 972(5.92) 286(5.90) 1663(5.89) 1208(5.88) 3325(5.88) 2704(5.88) 2605(5.88) 878(5.87) 85(5.87) 3674(5.86) 3525(5.85) 4387(5.84) 1758(5.83) 2682(5.83) 3369(5.82) 2719(5.81) 2253(5.81) 4022(5.80) 1030(5.79) 3604(5.79) 346(5.78) 4268(5.78) 4009(5.77) 1466(5.76) 3746(5.76) 207(5.75) 3195(5.73) 310(5.73) 4331(5.73) 2384(5.73) 734(5.73) 1420(5.73) 3705(5.73) 508(5.73) 2899(5.71) 3343(5.71) 2992(5.71) 1987(5.70) 3101(5.70) 312(5.70) 1111(5.69) 2066(5.69) 1193(5.66) 4377(5.63) 4158(5.62) 3376(5.61) 1628(5.60) 2681(5.59) 429(5.58) 1259(5.58) 3654(5.58) 279(5.57) 4349(5.56) 1101(5.55) 2178(5.55) 1374(5.55) 3770(5.55) 1166(5.55) 4406(5.55) 1311(5.55) 984(5.55) 2480(5.55) 167(5.55) 2546(5.54) 858(5.52) 18(5.52) 4086(5.50) 3056(5.49) 3596(5.48) 1195(5.48) 3341(5.47) 966(5.47) 4131(5.46) 4286(5.46) 21(5.46) 609(5.45) 2531(5.45) 1584(5.44) 499(5.44) 2826(5.44) 2555(5.44) 425(5.44) 461(5.43) 3513(5.42) 1227(5.42) 794(5.42) 2241(5.42) 2058(5.42) 485(5.42) 454(5.41) 3752(5.40) 1082(5.38) 1261(5.37) 2511(5.37) 2468(5.37) 1294(5.37) 1201(5.37) 2987(5.37) 4015(5.37) 422(5.37) 176(5.37) 3728(5.37) 1610(5.37) 142(5.37) 3442(5.37) 2999(5.37) 1377(5.37) 300(5.36) 1604(5.36) 1281(5.36) 2754(5.35) 197(5.35) 2928(5.34) 3582(5.34) 860(5.34) 2056(5.34) 3364(5.33) 10(5.33) 3559(5.32) 247(5.32) 2635(5.32) 2374(5.32) 3117(5.31) 2901(5.30) 4411(5.30) 372(5.30) 1936(5.30) 592(5.30) 2633(5.30) 3414(5.29) 2537(5.29) 1447(5.29) 2238(5.29) 4072(5.29) 838(5.29) 4060(5.29) 1845(5.29) 3811(5.29) 1697(5.28) 1916(5.28) 899(5.28) 2842(5.27) 287(5.27) 695(5.27) 1962(5.27) 740(5.27) 1963(5.27) 418(5.27) 874(5.27) 3607(5.26) 4183(5.26) 4148(5.26) 4033(5.26) 3254(5.26) 1136(5.26) 1831(5.25) 627(5.25) 3766(5.25) 1756(5.25) 583(5.25) 3476(5.24) 1718(5.24) 1862(5.23) 1878(5.23) 33(5.22) 1327(5.22) 2060(5.22) 3454(5.22) 1232(5.22) 4391(5.22) 4302(5.22) 3227(5.22) 3683(5.22) 3640(5.22) 2318(5.21) 4090(5.21) 659(5.21) 3657(5.21) 4005(5.21) 3143(5.21) 2164(5.21) 1066(5.21) 1159(5.21) 550(5.21) 1961(5.21) 475(5.20) 2761(5.19) 612(5.19) 191(5.18) 3410(5.18) 3621(5.18) 3299(5.18) 3643(5.18) 3659(5.18) 3288(5.18) 2(5.17) 4027(5.17) 2698(5.17) 851(5.17) 1403(5.17) 1464(5.17) 3824(5.17) 3863(5.17) 1968(5.16) 2440(5.16) 2258(5.16) 4394(5.16) 1531(5.16) 4109(5.16) 2423(5.16) 3021(5.16) 920(5.15) 4415(5.15) 3247(5.15) 1692(5.15) 635(5.15) 953(5.15) 2398(5.15) 


Filtered 750 locations: 2621 2047 3038 1960 750 2838 40 431 1804 2638 238 2836 1032 26 3953 3017 4282 1654 748 1982 432 3578 3776 2037 37 1198 1081 3598 450 3574 1148 1893 4147 1260 1846 1334 2191 1494 1822 1316 4278 3915 2588 906 1001 3531 1786 940 3171 3087 2034 2819 2702 57 3882 1146 904 704 2731 161 3173 3389 598 599 2446 4329 324 1205 1630 2816 3891 3844 4334 3055 3205 2078 3955 4284 3431 3808 1798 4138 1764 2203 2444 284 1083 3935 3437 160 3758 802 656 1680 1534 3487 2917 491 1699 2803 365 2609 1152 3005 406 112 3580 806 472 1935 1190 1793 567 1806 1766 2127 4446 4030 449 4256 4248 2913 1801 546 2557 3822 1812 3939 1044 1419 1791 568 582 570 59 46 2007 2770 4342 124 4003 4044 3661 4401 4410 4141 1045 2404 908 128 1266 3908 3605 1548 751 4214 771 3653 1757 653 639 3520 2960 1818 3649 154 66 3637 4381 1759 1335 3958 1288 4306 1678 3515 3045 376 3735 3335 2113 2247 1676 1470 70 1745 1444 2632 737 2741 2876 2407 4254 19 1666 1526 178 3309 703 4261 257 2010 3044 596 2673 523 4189 2122 404 3998 2878 1439 2168 4057 3420 2408 3296 144 3443 2497 3447 2276 3439 2518 2840 4014 872 670 2106 15 1336 350 1567 1304 755 1888 2110 3116 3630 4308 3059 822 1250 67 819 1976 4229 1854 1686 2828 726 3496 2274 1126 3780 3002 2313 3445 2365 1582 2406 2182 597 3638 435 3135 3214 3308 1549 3534 7 2758 2700 924 4345 4213 133 2040 4118 1093 535 1502 2610 138 2552 891 3081 3889 3166 3016 2275 20 3490 244 249 3127 2237 2939 1308 1042 2493 1519 4092 3922 2356 2530 2783 1590 1605 1221 2377 4193 1849 3576 2239 2564 152 2567 111 2834 2708 3954 1116 931 3121 1352 4424 3233 1859 1807 1156 725 4330 4 3791 2042 3011 1602 1179 103 1474 3652 2869 1681 4021 3619 1787 1773 955 678 4132 3828 2265 206 2517 576 4085 1606 2509 2002 488 1864 3774 2707 456 3269 2592 503 965 2350 1909 79 4230 2094 3855 3366 3973 4199 3554 4252 1852 55 1508 2162 3902 2450 380 873 3860 3167 2372 35 3449 4388 1400 1413 2787 2925 1160 1621 1541 2139 3075 423 3468 1892 3196 867 1542 2581 813 1853 1234 2608 2636 3675 569 560 1381 1378 738 1321 1319 2039 2038 769 2029 1247 1241 1948 1189 815 1175 2183 828 1905 1898 1880 1108 1091 1079 1829 886 1672 1019 1673 991 1715 1698 1617 3650 3626 2565 2560 3617 3600 2536 633 3557 3547 2486 3504 2461 202 2451 2151 3436 3390 2358 2322 266 691 3322 3304 3286 3237 2195 2723 712 720 1422 2435 3835 2841 2993 2756 123 3164 4107 3982 520 4201 458 4211 3155 543 3115 4258 2929 497 496 4321 3904 377 113 2454 2799 3187 119 2804 3964 4273 3942 2818 4435 4336 3036 4226 2835 3194 1783 3635 2793 2822 1010 2134 369 532 4010 2463 1805 1008 972 286 1663 1208 3325 2704 2605 878 85 3674 3525 4387 1758 2682 3369 2719 2253 4022 1030 3604 346 4268 4009 1466 3746 207 3195 310 4331 2384 734 1420 3705 508 2899 3343 2992 1987 3101 312 1111 2066 1193 4377 4158 3376 1628 2681 429 1259 3654 279 4349 1101 2178 1374 3770 1166 4406 1311 984 2480 167 2546 858 18 4086 3056 3596 1195 3341 966 4131 4286 21 609 2531 1584 499 2826 2555 425 461 3513 1227 794 2241 2058 485 454 3752 1082 1261 2511 2468 1294 1201 2987 4015 422 176 3728 1610 142 3442 2999 1377 300 1604 1281 2754 197 2928 3582 860 2056 3364 10 3559 247 2635 2374 3117 2901 4411 372 1936 592 2633 3414 2537 1447 2238 4072 838 4060 1845 3811 1697 1916 899 2842 287 695 1962 740 1963 418 874 3607 4183 4148 4033 3254 1136 1831 627 3766 1756 583 3476 1718 1862 1878 33 1327 2060 3454 1232 4391 4302 3227 3683 3640 2318 4090 659 3657 4005 3143 2164 1066 1159 550 1961 475 2761 612 191 3410 3621 3299 3643 3659 3288 2 4027 2698 851 1403 1464 3824 3863 1968 2440 2258 4394 1531 4109 2423 3021 920 4415 3247 1692 635 953 2398 

Extracted 0 prioritized locations: 

Final instance parameters:
loc_max_id: 4461
loc_cnt: 750
service: fnl4461_0500
cust_max_id: 4461
cust_cnt: 4461
unweighted obj function
p: 500
total_demand: 224395.00
threshold_dist: 347.92



-------------------------------------------------
Final Problem RSSV heuristic
-------------------------------------------------
    RSSV_EXACT_CPMP_BIN
-------------------------------------------------
Gap Cplex Reports: gap_Bin_service_fnl4461_0500_p_500_RSSV_EXACT_CPMP_BIN.csv
[CALLBACK] Generating reports cplex callbacks...
[CALLBACK] Using BreakCallback...
Time Limit with not improving 1.00% (gap): 120.00 seconds
Time Limit with Gap less than 1%: 120.00 seconds
Default row names c1, c2 ... being created.
Version identifier: 22.1.1.0 | 2022-11-28 | 9160aff4d
CPXPARAM_TimeLimit                               2037
Legacy callback                                  i
Tried aggregator 1 time.
MIP Presolve eliminated 3240965 rows and 3240965 columns.
Reduced MIP has 5212 rows, 105535 columns, and 211070 nonzeros.
Reduced MIP has 105535 binaries, 0 generals, 0 SOSs, and 0 indicators.
Presolve time = 5.72 sec. (2190.31 ticks)
Tried aggregator 1 time.
Detecting symmetries...
Reduced MIP has 5212 rows, 105535 columns, and 211070 nonzeros.
Reduced MIP has 105535 binaries, 0 generals, 0 SOSs, and 0 indicators.
Presolve time = 0.53 sec. (169.40 ticks)
Probing time = 1.92 sec. (13.82 ticks)
Clique table members: 109246.
MIP emphasis: balance optimality and feasibility.
MIP search method: dynamic search.
Parallel mode: deterministic, using up to 32 threads.
Root relaxation solution time = 0.43 sec. (110.96 ticks)

        Nodes                                         Cuts/
   Node  Left     Objective  IInf  Best Integer    Best Bound    ItCnt     Gap

*     0+    0                       512509.0069        0.0000           100.00%
*     0+    0                       429152.4578        0.0000           100.00%
      0     0   264142.9716   668   429152.4578   264142.9716      895   38.45%
Time: 31.17 seconds
MIP Gap: 0.38
Nodes: 0
Best Objective: 264142.971638771530706
Incumbent Obj:  429152.457797873590607
      0     0   268635.1944   976   429152.4578    Cuts: 1403     2574   37.40%
*     0+    0                       371490.2938   268635.1944            27.69%
*     0+    0                       371454.6999   268635.1944            27.68%
      0     0   276390.3373  1834   371454.6999    Cuts: 1403     4238   25.59%
      0     0   279417.8668  1903   371454.6999    Cuts: 1403     5601   24.78%
Time: 51.920474052429199 seconds
MIP Gap: 0.247774043747377
Nodes: 0
Best Objective: 279417.866809136932716
Incumbent Obj:  371454.699863213812932
      0     0   281384.9448  1901   371454.6999    Cuts: 1403     7132   24.25%
      0     0   282085.7018  1718   371454.6999    Cuts: 1009     8035   24.06%
Detecting symmetries...
      0     0   282364.9841  1592   371454.6999     Cuts: 639     8690   23.98%
      0     0   282491.8575  1374   371454.6999     Cuts: 440     9111   23.95%
      0     0   282562.3835  1345   371454.6999     Cuts: 290     9482   23.93%
      0     0   282601.2921  1253   371454.6999     Cuts: 277     9715   23.92%
      0     0   282635.6166  1227   371454.6999     Cuts: 192     9907   23.91%
Time: 57.171998977661133 seconds
MIP Gap: 0.239111480692771
Nodes: 0
Best Objective: 282635.616568631958216
Incumbent Obj:  371454.699863213812932
      0     0   282661.5441  1218   371454.6999     Cuts: 167    10126   23.90%
      0     0   282684.9882  1397   371454.6999     Cuts: 141    10319   23.90%
*     0+    0                       284832.2927   282684.9882             0.75%
Detecting symmetries...
Time: 71.898458003997803 seconds
MIP Gap: 0.007538837959834
Nodes: 0
Best Objective: 282684.988242773106322
Incumbent Obj:  284832.292743494210299
      0     2   282684.9882  1397   284832.2927   282684.9882    10319    0.75%
Elapsed time = 55.98 sec. (12144.05 ticks, tree = 0.02 MB, solutions = 5)
     21    18   282715.0109  1421   284832.2927   282686.9325    10621    0.75%
     77    61   282745.0616  1094   284832.2927   282687.0315    11871    0.75%
Time: 77.531028985977173 seconds
MIP Gap: 0.007531664283398
Nodes: 94
Best Objective: 282687.031537479779217
Incumbent Obj:  284832.292743494210299
    160   140   282788.5010   774   284832.2927   282687.0315    13092    0.75%
    249   211   282830.6368   716   284832.2927   282693.1191    14493    0.75%
    365   312   282963.4236   600   284832.2927   282694.3355    16208    0.75%
Time: 83.390219926834106 seconds
MIP Gap: 0.007494185983610
Nodes: 440
Best Objective: 282697.706567536341026
Incumbent Obj:  284832.292743494210299
    482   436   282945.5685   496   284832.2927   282697.7066    18191    0.75%
    625   579   282765.3206   826   284832.2927   282697.7066    20615    0.75%
    831   744   282849.1951   668   284832.2927   282697.7066    23480    0.75%
Time: 89.226623058319092 seconds
MIP Gap: 0.007494185983610
Nodes: 900
Best Objective: 282697.706567536341026
Incumbent Obj:  284832.292743494210299
    987   864   282900.8781   744   284832.2927   282697.7066    25588    0.75%
*  1087+  905                       283406.8001   282697.7066             0.25%
*  1095+  905                       283225.7853   282701.7898             0.19%
*  1161+  905                       283220.2668   282701.7898             0.18%
Time: 97.768920898437500 seconds
MIP Gap: 0.001830649153694
Nodes: 1228
Best Objective: 282701.789815851661842
Incumbent Obj:  283220.266757500241511
   1429  1233   283113.5977   288   283220.2668   282701.7898    33592    0.18%
Elapsed time = 85.93 sec. (15265.30 ticks, tree = 84.81 MB, solutions = 8)
Time: 103.075628042221069 seconds
MIP Gap: 0.001830649153694
Nodes: 1279
Best Objective: 282701.789815851661842
Incumbent Obj:  283220.266757500241511
Time: 109.419014930725098 seconds
MIP Gap: 0.001830649153694
Nodes: 1548
Best Objective: 282701.789815851661842
Incumbent Obj:  283220.266757500241511
   1722  1506   282879.6364   496   283220.2668   282702.4144    42216    0.18%
Time: 114.843884944915771 seconds
MIP Gap: 0.001828443985844
Nodes: 1887
Best Objective: 282702.414364078256767
Incumbent Obj:  283220.266757500241511
   2334  1965   283133.0910   376   283220.2668   282702.4144    53421    0.18%
Time: 119.895139932632446 seconds
MIP Gap: 0.001828443985844
Nodes: 2375
Best Objective: 282702.414364078256767
Incumbent Obj:  283220.266757500241511
Time: 126.001395940780640 seconds
MIP Gap: 0.001814430073591
Nodes: 2578
Best Objective: 282706.383388044952881
Incumbent Obj:  283220.266757500241511
   2875  2425   283024.6837   531   283220.2668   282706.3834    63732    0.18%
*  2952+ 2467                       283216.4182   282706.3834             0.18%
   3111  2639   282979.1224   483   283216.4182   282706.3834    68569    0.18%
*  3121+ 2615                       283144.7535   282706.3834             0.15%
*  3123+ 2602                       283134.6950   282706.3834             0.15%
*  3133+ 2615                       283023.2786   282706.3834             0.11%
Time: 137.854923963546753 seconds
MIP Gap: 0.001129796905871
Nodes: 2846
Best Objective: 282706.383388044952881
Incumbent Obj:  283026.145451456657611
*  3149+ 2612                       283006.3160   282706.3834             0.11%
   3253  1826   282749.9982  1062   283006.3160   282706.3834    71751    0.11%
Time: 144.173860073089600 seconds
MIP Gap: 0.001059809065209
Nodes: 3135
Best Objective: 282706.383388044952881
Incumbent Obj:  283006.316047303378582
   3551  2075   282993.9867   360   283006.3160   282706.3834    77722    0.11%
Time: 151.684489011764526 seconds
MIP Gap: 0.001059809065209
Nodes: 3514
Best Objective: 282706.383388044952881
Incumbent Obj:  283006.316047303378582
*  3822+ 2152                       283005.2781   282706.3834             0.11%
*  3856+ 2152                       283001.4295   282706.3834             0.10%
*  3971+ 2294                       283000.3049   282706.3834             0.10%
   4034  2377        cutoff         283000.3049   282706.3834    84569    0.10%
*  4040+ 2320                       282975.2146   282706.3834             0.10%
Time: 159.895297050476074 seconds
MIP Gap: 0.001038590653571
Nodes: 3807
Best Objective: 282706.383388044952881
Incumbent Obj:  283000.304859629948623
   4222  2279   282780.9479  1124   282975.2146   282706.3834    87781    0.10%
Time: 167.024844884872437 seconds
MIP Gap: 0.000950016837605
Nodes: 4080
Best Objective: 282706.383388044952881
Incumbent Obj:  282975.214606546098366
   4472  2579   282891.0989   571   282975.2146   282706.3834    91819    0.10%
Time: 173.680243968963623 seconds
MIP Gap: 0.000950016837605
Nodes: 4394
Best Objective: 282706.383388044952881
Incumbent Obj:  282975.214606546098366
   4997  2937   282969.0584   352   282975.2146   282706.3834    97023    0.10%
Elapsed time = 161.43 sec. (24815.89 ticks, tree = 280.29 MB, solutions = 28)
Time: 179.702386856079102 seconds
MIP Gap: 0.000950016837605
Nodes: 4904
Best Objective: 282706.383388044952881
Incumbent Obj:  282975.214606546098366

Performing restart 1

Repeating presolve.
Tried aggregator 1 time.
MIP Presolve eliminated 0 rows and 3146 columns.
Reduced MIP has 5212 rows, 102389 columns, and 204778 nonzeros.
Reduced MIP has 102389 binaries, 0 generals, 0 SOSs, and 0 indicators.
Presolve time = 0.43 sec. (136.49 ticks)
Tried aggregator 1 time.
Reduced MIP has 5212 rows, 102389 columns, and 204778 nonzeros.
Reduced MIP has 102389 binaries, 0 generals, 0 SOSs, and 0 indicators.
Presolve time = 0.57 sec. (166.68 ticks)
Represolve time = 9.82 sec. (3112.63 ticks)
*  5491+    0                       282966.4220   282707.4602             0.09%
   5491     0   282732.8183   975   282966.4220     Cuts: 137   117677    0.08%
   5491     0   282757.1324   792   282966.4220     Cuts: 126   117837    0.07%
*  5491+    0                       282946.7756   282757.1324             0.07%
   5491     0  -1.00000e+75     0   282946.7756   282757.1324   117837    0.07%

Repeating presolve.
Tried aggregator 2 times.
MIP Presolve eliminated 0 rows and 36303 columns.
Aggregator did 8 substitutions.
Reduced MIP has 5204 rows, 66078 columns, and 132156 nonzeros.
Reduced MIP has 66078 binaries, 0 generals, 0 SOSs, and 0 indicators.
Presolve time = 0.30 sec. (103.29 ticks)
Tried aggregator 1 time.
Reduced MIP has 5204 rows, 66078 columns, and 132156 nonzeros.
Reduced MIP has 66078 binaries, 0 generals, 0 SOSs, and 0 indicators.
Presolve time = 0.30 sec. (99.76 ticks)
Represolve time = 11.43 sec. (3459.16 ticks)
   5491     0   282775.5532   808   282946.7756     Cuts: 129   124592    0.06%
   5491     0   282795.5017   729   282946.7756     Cuts: 122   124735    0.05%
   5491     0   282804.2969   860   282946.7756      Cuts: 95   124841    0.05%
   5491     0   282812.5576   828   282946.7756      Cuts: 85   124949    0.05%
   5491     0   282819.8057   766   282946.7756      Cuts: 65   125038    0.04%
   5491     0   282823.4618   872   282946.7756      Cuts: 53   125135    0.04%
   5491     0   282827.1358   809   282946.7756      Cuts: 66   125203    0.04%
   5491     0   282829.1744   851   282946.7756      Cuts: 37   125256    0.04%
   5491     0   282831.8298   782   282946.7756      Cuts: 44   125318    0.04%
   5491     0   282833.0976   806   282946.7756      Cuts: 45   125361    0.04%
   5491     0   282833.6456   800   282946.7756      Cuts: 30   125402    0.04%
   5491     0   282834.7668   766   282946.7756      Cuts: 31   125440    0.04%
   5491     0   282835.6347   813   282946.7756      Cuts: 17   125491    0.04%
   5491     0   282836.8816   693   282946.7756      Cuts: 45   125536    0.04%
   5491     0   282838.6127   814   282946.7756      Cuts: 27   125610    0.04%
   5491     0   282840.0942   765   282946.7756      Cuts: 27   125654    0.04%
   5491     0   282840.7043   719   282946.7756      Cuts: 13   125679    0.04%
   5491     0   282841.3521   782   282946.7756      Cuts: 26   125714    0.04%
Time: 303.918998003005981 seconds
MIP Gap: 0.000372591300879
Nodes: 5491
Best Objective: 282841.352057025826070
Incumbent Obj:  282946.775564212817699
Stopping optimization: Gap is less than 1% for more than 120.00 seconds.
Stopping optimization: Gap is less than 1% for more than 120.00 seconds.

Clique cuts applied:  3005
Cover cuts applied:  1273
Flow cuts applied:  226
Mixed integer rounding cuts applied:  501
Zero-half cuts applied:  999
Lift and project cuts applied:  4
Gomory fractional cuts applied:  155

Root node processing (before b&c):
  Real time             =   49.40 sec. (12931.74 ticks)
Parallel b&c, 32 threads:
  Real time             =  245.63 sec. (30369.89 ticks)
  Sync time (average)   =   85.17 sec.
  Wait time (average)   =    0.75 sec.
                          ------------
Total (root+branch&cut) =  295.03 sec. (43301.63 ticks)
[INFO] Saving variables cplex:
./outputs/solutions/2024-08-28_LIT_seed_0_1-5p/VarsValues_cplex/test_lit_fnl4461_0500_CPMP_Vars_Bin_p_500_RSSV_EXACT_CPMP_BIN.txt
[INFO] Saving results cplex: 
./outputs/solutions/2024-08-28_LIT_seed_0_1-5p/Results_cplex/test_lit_fnl4461_0500_Bin_RSSV_EXACT_CPMP_BIN.csv

Final solution CPMP:
p locations: 3811 4391 2060 3454 1327 1862 1756 3766 874 4090 1962 4060 4072 3414 2633 2901 4394 2374 247 10 3364 4183 2056 1281 1718 300 1793 142 3728 176 422 860 2987 1201 1261 3476 2058 2241 1936 1227 4286 4131 3056 167 3770 3596 2178 1101 429 1628 1193 1111 312 3101 3343 2899 508 734 207 2253 1316 4302 1466 4009 4022 3369 2682 838 3674 2704 286 1010 3194 2835 4226 2546 3964 2804 3187 497 1961 543 4211 520 3164 178 2993 2841 2435 720 712 2195 3304 1195 3322 3390 3436 3286 450 3195 2486 633 3619 3617 2565 3650 991 1673 3166 1672 886 1880 1905 119 1175 815 1189 1898 2038 2039 1319 2799 1381 2636 454 2581 867 3196 3468 3075 3557 2139 4377 1541 1621 1160 2925 2818 691 4388 3449 3167 3635 1508 1852 3554 568 3366 380 3437 3774 598 3214 1494 2203 3605 3233 3942 324 1335 1822 2531 2698 3891 2398 376 891 2928 906 1831 1288 67 4321 3515 4189 1156 4284 1439 21 2450 1032 1807 1630 3652 2454 1745 2047 2756 1663 3081 4092 3653 3309 1605 3021 3044 3889 1221 3420 144 2754 1336 627 2106 3791 955 2761 4381 499 3335 1208 4044 2377 2040 66 819 2237 3922 377 2876 40 3410 1849 1464 1801 244 953 2518 3227 496 1205 4229 2536 3247 3038 659 350 2407 1698 1686 4424 3982 3308 475 2834 4261 2134 670 2493 597 1859 1692 4199 2816 3525 2318 191 1042 726 2113 695 2822 2787 3496 2239 3657 2913 4331 3016 2122 1413 704 1378 576 2632 3341 546 2673 2878 751 2029 3447 2723 4193 920 3953 794 85 2444 2840 4258 1422 2758 369 3205 1787 1676 4014 3135 1008 435 1470 4306 4446 1610 2384 257 966 3325 635 4342 3296 4005 3638 802 3824 279 2406 1697 2708 609 2042 3780 2110 2552 425 2939 103 1311 4147 4401 2274 1250 4086 4282 737 740 3576 206 4015 1888 1179 1304 3431 3902 1066 2610 1567 2276 1602 2731 57 2702 238 2365 2 3547 1420 1757 1266 2010 2719 592 2265 3683 3578 3915 1079 4273 3389 3005 878 1419 2588 461 1542 124 3487 3504 1377 4248 703 1854 2191 3017 4435 2350 3059 1584 3002 1654 406 3776 2358 1045 2463 771 1116 1804 1786 1681 3808 485 310 1019 3855 372 1081 4109 1982 2127 2836 3173 3580 35 2162 4329 2238 111 1976 3998 3661 965 1502 491 1909 2037 1260 1759 2468 37 3582 4415 161 1474 2183 3973 2555 3155 2446 2783 4201 2258 1549 3908 2560 3127 4138 3935 55 3600 725 3758 523 4230 899 365 2094 2803 924 4027 2609 1152 1447 873 908 4278 2151 2828 806 2741 2404 3299 1334 1044 2537 872 2999 1126 133 3649 813 4308 4410 2992 4003 458 3828 3626 2917 678 1699 1531 822 113 1864 3376 4085 2592 503 
p size: 500
objective: 282946.775564204552211
sum (dij * xij) 
demand/capacity: 224395.000000000000000/280500
Solution is Feasible
Statistics:
Max distance: 240.260275534679266
Min distance: 0.000000000000000
Avg distance: 63.426759821610524
Std deviation distance: 40.340049824136109


Final total elapsed time: 695s
[INFO] Saving assignment: ./outputs/solutions/2024-08-28_LIT_seed_0_1-5p/Assignments/test_lit_fnl4461_0500_p_500_RSSV_EXACT_CPMP_BIN.txt
[INFO] Saving results: ./outputs/solutions/2024-08-28_LIT_seed_0_1-5p/test_lit_fnl4461_0500_results_RSSV_EXACT_CPMP_BIN.csv
[INFO] Saving all results: ./outputs/solutions/test_all_results.csv
Post Optimization: EXACT_CPMP_BIN


-------------------------------------------------
Post Optimization
-------------------------------------------------
method: EXACT_CPMP_BIN
-------------------------------------------------
Time for post-optimization: 2905.000000000000000s
PostOptimization constructor for Solution_cap
p locations: 3811 4391 2060 3454 1327 1862 1756 3766 874 4090 1962 4060 4072 3414 2633 2901 4394 2374 247 10 3364 4183 2056 1281 1718 300 1793 142 3728 176 422 860 2987 1201 1261 3476 2058 2241 1936 1227 4286 4131 3056 167 3770 3596 2178 1101 429 1628 1193 1111 312 3101 3343 2899 508 734 207 2253 1316 4302 1466 4009 4022 3369 2682 838 3674 2704 286 1010 3194 2835 4226 2546 3964 2804 3187 497 1961 543 4211 520 3164 178 2993 2841 2435 720 712 2195 3304 1195 3322 3390 3436 3286 450 3195 2486 633 3619 3617 2565 3650 991 1673 3166 1672 886 1880 1905 119 1175 815 1189 1898 2038 2039 1319 2799 1381 2636 454 2581 867 3196 3468 3075 3557 2139 4377 1541 1621 1160 2925 2818 691 4388 3449 3167 3635 1508 1852 3554 568 3366 380 3437 3774 598 3214 1494 2203 3605 3233 3942 324 1335 1822 2531 2698 3891 2398 376 891 2928 906 1831 1288 67 4321 3515 4189 1156 4284 1439 21 2450 1032 1807 1630 3652 2454 1745 2047 2756 1663 3081 4092 3653 3309 1605 3021 3044 3889 1221 3420 144 2754 1336 627 2106 3791 955 2761 4381 499 3335 1208 4044 2377 2040 66 819 2237 3922 377 2876 40 3410 1849 1464 1801 244 953 2518 3227 496 1205 4229 2536 3247 3038 659 350 2407 1698 1686 4424 3982 3308 475 2834 4261 2134 670 2493 597 1859 1692 4199 2816 3525 2318 191 1042 726 2113 695 2822 2787 3496 2239 3657 2913 4331 3016 2122 1413 704 1378 576 2632 3341 546 2673 2878 751 2029 3447 2723 4193 920 3953 794 85 2444 2840 4258 1422 2758 369 3205 1787 1676 4014 3135 1008 435 1470 4306 4446 1610 2384 257 966 3325 635 4342 3296 4005 3638 802 3824 279 2406 1697 2708 609 2042 3780 2110 2552 425 2939 103 1311 4147 4401 2274 1250 4086 4282 737 740 3576 206 4015 1888 1179 1304 3431 3902 1066 2610 1567 2276 1602 2731 57 2702 238 2365 2 3547 1420 1757 1266 2010 2719 592 2265 3683 3578 3915 1079 4273 3389 3005 878 1419 2588 461 1542 124 3487 3504 1377 4248 703 1854 2191 3017 4435 2350 3059 1584 3002 1654 406 3776 2358 1045 2463 771 1116 1804 1786 1681 3808 485 310 1019 3855 372 1081 4109 1982 2127 2836 3173 3580 35 2162 4329 2238 111 1976 3998 3661 965 1502 491 1909 2037 1260 1759 2468 37 3582 4415 161 1474 2183 3973 2555 3155 2446 2783 4201 2258 1549 3908 2560 3127 4138 3935 55 3600 725 3758 523 4230 899 365 2094 2803 924 4027 2609 1152 1447 873 908 4278 2151 2828 806 2741 2404 3299 1334 1044 2537 872 2999 1126 133 3649 813 4308 4410 2992 4003 458 3828 3626 2917 678 1699 1531 822 113 1864 3376 4085 2592 503 
p size: 500
objective: 282946.775564204552211
sum (dij * xij) 
demand/capacity: 224395.000000000000000/280500
Solution is Feasible
[INFO] Running post-optimization
Time limit: 2905.000000000000000
Max size of the neigh: 7
 ------------------------------------ 

Iteration Post-Optimization: 1
Size of neighborhood: 1
[INFO] Adding MIP start solution
Gap Cplex Reports: gap_Bin_service_fnl4461_0500_p_500_RSSV_POSTOPT.csv
[CALLBACK] Generating reports cplex callbacks...
Default row names c1, c2 ... being created.
Version identifier: 22.1.1.0 | 2022-11-28 | 9160aff4d
CPXPARAM_TimeLimit                               2905
CPXPARAM_MIP_Tolerances_LowerCutoff              282841.35205702583
Legacy callback                                  i
1 of 2 MIP starts provided solutions.
MIP start 'm1' defined initial solution with objective 282928.7516.
Tried aggregator 1 time.
Presolve has eliminated 19597842 rows and 19597842 columns...
MIP Presolve eliminated 19597842 rows and 19597842 columns.
Reduced MIP has 9423 rows, 307140 columns, and 615280 nonzeros.
Reduced MIP has 307140 binaries, 0 generals, 0 SOSs, and 0 indicators.
Presolve time = 33.44 sec. (12979.41 ticks)
Tried aggregator 1 time.
Detecting symmetries...
Reduced MIP has 9423 rows, 307140 columns, and 615280 nonzeros.
Reduced MIP has 307140 binaries, 0 generals, 0 SOSs, and 0 indicators.
Presolve time = 2.16 sec. (635.96 ticks)
Probing time = 1.66 sec. (57.45 ticks)
Clique table members: 307640.
MIP emphasis: balance optimality and feasibility.
MIP search method: dynamic search.
Parallel mode: deterministic, using up to 32 threads.
Root relaxation solution time = 1.78 sec. (649.35 ticks)

        Nodes                                         Cuts/
   Node  Left     Objective  IInf  Best Integer    Best Bound    ItCnt     Gap

*     0+    0                       282928.7516        0.0000           100.00%
      0     0   199059.2287  1782   282928.7516   199059.2287    12651   29.64%
Time: 370.587246179580688 seconds
MIP Gap: 0.296433368652842
Nodes: 0
Best Objective: 199059.228685694979504
Incumbent Obj:  282928.751615955960006
*     0+    0                       282911.9114   199059.2287            29.64%
      0     0   228548.8900  4448   282911.9114    Cuts: 2455    16522   19.22%
Time: 375.588683128356934 seconds
MIP Gap: 0.192155293667076
Nodes: 0
Best Objective: 228548.889961761509767
Incumbent Obj:  282911.911373685928993
      0     0   241360.6873  4612   282911.9114    Cuts: 2455    19432   14.69%
Time: 380.648507118225098 seconds
MIP Gap: 0.146869829054489
Nodes: 0
Best Objective: 241360.687312753929291
Incumbent Obj:  282911.911373685928993
Time: 386.140468120574951 seconds
MIP Gap: 0.146869829054489
Nodes: 0
Best Objective: 241360.687312753929291
Incumbent Obj:  282911.911373685928993
      0     0   246568.7176  3541   282911.9114    Cuts: 2455    21943   12.85%
*     0+    0                       279713.9253   246568.7176            11.85%
      0     0  -1.00000e+75     0   279713.9253   246568.7176    21943   11.85%
Time: 402.242075204849243 seconds
MIP Gap: 0.118496809627651
Nodes: 0
Best Objective: 246568.717585451027844
Incumbent Obj:  279713.925347564334515
      0     0   249831.5137  3264   279713.9253    Cuts: 2261    24155   10.68%
Time: 408.269965171813965 seconds
MIP Gap: 0.106832048425768
Nodes: 0
Best Objective: 249831.513729471567785
Incumbent Obj:  279713.925347564334515
      0     0   252015.8828  2941   279713.9253    Cuts: 1617    25768    9.90%
Detecting symmetries...
      0     0   253830.2358  3183   279713.9253    Cuts: 1420    27225    9.25%
Time: 417.425810098648071 seconds
MIP Gap: 0.092536292252411
Nodes: 0
Best Objective: 253830.235804533003829
Incumbent Obj:  279713.925347564334515
      0     0   255365.1604  2997   279713.9253    Cuts: 1345    28600    8.70%
Time: 424.875197172164917 seconds
MIP Gap: 0.087048812215682
Nodes: 0
Best Objective: 255365.160385872877669
Incumbent Obj:  279713.925347564334515
      0     0   256525.5978  3253   279713.9253    Cuts: 1137    29929    8.29%
Time: 430.733323097229004 seconds
MIP Gap: 0.082900154130167
Nodes: 0
Best Objective: 256525.597823897143826
Incumbent Obj:  279713.925347564334515
      0     0   257435.9828  2802   279713.9253    Cuts: 1046    31067    7.96%
Time: 436.231113195419312 seconds
MIP Gap: 0.079645454074600
Nodes: 0
Best Objective: 257435.982752268871991
Incumbent Obj:  279713.925347564334515
      0     0   258151.1082  3442   279713.9253     Cuts: 939    32159    7.71%
Time: 441.411565065383911 seconds
MIP Gap: 0.077088822486107
Nodes: 0
Best Objective: 258151.108209553640336
Incumbent Obj:  279713.925347564334515
      0     0   258731.6346  2668   279713.9253     Cuts: 939    33222    7.50%
      0     0   259179.5430  2941   279713.9253     Cuts: 748    34210    7.34%
Time: 448.238047122955322 seconds
MIP Gap: 0.073412084634543
Nodes: 0
Best Objective: 259179.542986488668248
Incumbent Obj:  279713.925347564334515
      0     0   259588.3548  3109   279713.9253     Cuts: 730    35112    7.20%
      0     0   259933.3175  2701   279713.9253     Cuts: 768    36007    7.07%
Time: 455.835281133651733 seconds
MIP Gap: 0.070717279473937
Nodes: 0
Best Objective: 259933.317516008712118
Incumbent Obj:  279713.925347564334515
      0     0   260196.3232  2833   279713.9253     Cuts: 622    36890    6.98%
      0     0   260404.1151  2547   279713.9253     Cuts: 624    37813    6.90%
Time: 464.456222057342529 seconds
MIP Gap: 0.069034139844469
Nodes: 0
Best Objective: 260404.115108675119700
Incumbent Obj:  279713.925347564334515
      0     0   260586.4579  2993   279713.9253     Cuts: 555    38548    6.84%
Time: 469.638940095901489 seconds
MIP Gap: 0.068382249533087
Nodes: 0
Best Objective: 260586.457906568044564
Incumbent Obj:  279713.925347564334515
      0     0   260747.2636  2714   279713.9253     Cuts: 692    39348    6.78%
      0     0   260918.9726  2686   279713.9253     Cuts: 559    40018    6.72%
Time: 477.231329202651978 seconds
MIP Gap: 0.067193482671606
Nodes: 0
Best Objective: 260918.972551715967711
Incumbent Obj:  279713.925347564334515
      0     0   261031.3111  2797   279713.9253     Cuts: 463    40699    6.68%
      0     0   261160.2189  2993   279713.9253     Cuts: 495    41429    6.63%
Time: 484.289352178573608 seconds
MIP Gap: 0.066331007361526
Nodes: 0
Best Objective: 261160.218906213704031
Incumbent Obj:  279713.925347564334515
      0     0   261251.7249  2803   279713.9253     Cuts: 474    42119    6.60%
      0     0   261335.8246  2904   279713.9253     Cuts: 465    42880    6.57%
Time: 491.234672069549561 seconds
MIP Gap: 0.065703202861456
Nodes: 0
Best Objective: 261335.824567279196344
Incumbent Obj:  279713.925347564334515
      0     0   261424.3505  2883   279713.9253     Cuts: 447    43586    6.54%
      0     0   261492.0436  2823   279713.9253     Cuts: 465    44156    6.51%
Time: 498.311184167861938 seconds
MIP Gap: 0.065144707290545
Nodes: 0
Best Objective: 261492.043555707845371
Incumbent Obj:  279713.925347564334515
      0     0   261553.0132  2785   279713.9253     Cuts: 396    44763    6.49%
      0     0   261596.6193  2396   279713.9253     Cuts: 352    45260    6.48%
Time: 504.333569049835205 seconds
MIP Gap: 0.064770840481647
Nodes: 0
Best Objective: 261596.619308381894371
Incumbent Obj:  279713.925347564334515
      0     0   261641.0102  2808   279713.9253     Cuts: 304    45738    6.46%
      0     0   261677.3300  2467   279713.9253     Cuts: 324    46167    6.45%
Time: 510.277310132980347 seconds
MIP Gap: 0.064482293160760
Nodes: 0
Best Objective: 261677.330012155696750
Incumbent Obj:  279713.925347564334515
      0     0   261704.1421  2296   279713.9253     Cuts: 260    46563    6.44%
      0     0   261729.3685  2086   279713.9253     Cuts: 238    46959    6.43%
      0     0   261753.6448  2241   279713.9253     Cuts: 214    47314    6.42%
Heuristic still looking.
*     0+    0                       276723.5739   261753.6448             5.41%
*     0+    0                       262753.6794   261753.6448             0.38%
*     0+    0                       262572.5271   261753.6448             0.31%
      0     0  -1.00000e+75     0   262572.5271   261753.6448    47314    0.31%
Detecting symmetries...
Time: 684.437204122543335 seconds
MIP Gap: 0.003118690031855
Nodes: 0
Best Objective: 261753.644816460931906
Incumbent Obj:  262572.527139489830006
      0     2   261753.6448  2241   262572.5271   261753.6448    47314    0.31%
Elapsed time = 589.00 sec. (117722.89 ticks, tree = 0.02 MB, solutions = 6)
Time: 689.687559127807617 seconds
MIP Gap: 0.003118445093143
Nodes: 3
Best Objective: 261753.709130637638737
Incumbent Obj:  262572.527139489830006
      4     6   261760.3075  2029   262572.5271   261753.7091    47358    0.31%
      8    10   261766.7802  1948   262572.5271   261753.7091    47413    0.31%
     14     7   261760.5461  1998   262572.5271   261753.7091    47360    0.31%
     19    13   261771.6750  1982   262572.5271   261755.2586    47723    0.31%
Time: 704.947924137115479 seconds
MIP Gap: 0.003112544026259
Nodes: 23
Best Objective: 261755.258588681987021
Incumbent Obj:  262572.527139489830006
     31    19   261783.3131  1894   262572.5271   261755.2586    47804    0.31%
     39    20   261774.7481  1968   262572.5271   261755.2586    47839    0.31%
Time: 712.094665050506592 seconds
MIP Gap: 0.003092390781139
Nodes: 42
Best Objective: 261760.550277183268918
Incumbent Obj:  262572.527139489830006
     59    18   261776.8690  1914   262572.5271   261760.5503    47786    0.31%
     84    50   261840.0305  1806   262572.5271   261760.5503    52067    0.31%
    111    55   261798.1998  2112   262572.5271   261771.9280    53956    0.30%
Time: 721.678740978240967 seconds
MIP Gap: 0.003046880410318
Nodes: 94
Best Objective: 261772.500050260918215
Incumbent Obj:  262572.527139489830006
Time: 727.858114004135132 seconds
MIP Gap: 0.003046880410318
Nodes: 160
Best Objective: 261772.500050260918215
Incumbent Obj:  262572.527139489830006
    250   175   261841.2597  1753   262572.5271   261772.5001    63437    0.30%
Elapsed time = 634.54 sec. (121047.38 ticks, tree = 19.77 MB, solutions = 6)
Time: 734.721587181091309 seconds
MIP Gap: 0.003041428044991
Nodes: 237
Best Objective: 261773.931691603502259
Incumbent Obj:  262572.527139489830006
Time: 740.929297208786011 seconds
MIP Gap: 0.003041428044991
Nodes: 265
Best Objective: 261773.931691603502259
Incumbent Obj:  262572.527139489830006
    343   310   261860.5128  1815   262572.5271   261773.9317    72610    0.30%
Time: 750.252915143966675 seconds
MIP Gap: 0.003041428044991
Nodes: 333
Best Objective: 261773.931691603502259
Incumbent Obj:  262572.527139489830006
Time: 762.522531032562256 seconds
MIP Gap: 0.003041428044991
Nodes: 406
Best Objective: 261773.931691603502259
Incumbent Obj:  262572.527139489830006
    566   374   261911.6019  1172   262572.5271   261773.9317    76434    0.30%
Time: 773.844591140747070 seconds
MIP Gap: 0.003041428044991
Nodes: 531
Best Objective: 261773.931691603502259
Incumbent Obj:  262572.527139489830006
*   669+  261                       262342.5546   261773.9317             0.22%
*   716+  261                       262325.6437   261773.9317             0.21%
    723   688   261919.8462  1400   262325.6437   261773.9317    90609    0.21%
*   764+  261                       262317.0531   261773.9317             0.21%
    797   265   261841.5039  2128   262317.0531   261773.9317    69393    0.21%
Time: 825.532100200653076 seconds
MIP Gap: 0.002066553124504
Nodes: 723
Best Objective: 261774.960994630586356
Incumbent Obj:  262317.053120367228985
Time: 832.117165088653564 seconds
MIP Gap: 0.002066553124504
Nodes: 733
Best Objective: 261774.960994630586356
Incumbent Obj:  262317.053120367228985
    814   726   262131.5903   664   262317.0531   261774.9610    93215    0.21%
Time: 840.261118173599243 seconds
MIP Gap: 0.002066553124504
Nodes: 739
Best Objective: 261774.960994630586356
Incumbent Obj:  262317.053120367228985
    824   741   261936.5724   826   262317.0531   261774.9610    94590    0.21%
Time: 858.910675048828125 seconds
MIP Gap: 0.002066553124504
Nodes: 765
Best Objective: 261774.960994630586356
Incumbent Obj:  262317.053120367228985
    836   759   262003.7146   611   262317.0531   261774.9610    96586    0.21%
Time: 878.736596107482910 seconds
MIP Gap: 0.002066553124504
Nodes: 778
Best Objective: 261774.960994630586356
Incumbent Obj:  262317.053120367228985
    852   749   261974.1621   876   262317.0531   261774.9610    95699    0.21%
    875   770   262041.7007   752   262317.0531   261774.9610    99729    0.21%
    907   794   262105.8659  1109   262317.0531   261774.9610   101860    0.21%
Elapsed time = 803.66 sec. (130919.65 ticks, tree = 114.67 MB, solutions = 9)
Time: 913.878869056701660 seconds
MIP Gap: 0.002066553124504
Nodes: 847
Best Objective: 261774.960994630586356
Incumbent Obj:  262317.053120367228985
    951   864   262109.4365   793   262317.0531   261774.9610   112016    0.21%
Time: 923.698126077651978 seconds
MIP Gap: 0.002066553124504
Nodes: 885
Best Objective: 261774.960994630586356
Incumbent Obj:  262317.053120367228985
Time: 940.047262191772461 seconds
MIP Gap: 0.002066553124504
Nodes: 942
Best Objective: 261774.960994630586356
Incumbent Obj:  262317.053120367228985
    999   923   262117.7033   321   262317.0531   261774.9610   117014    0.21%
   1049   969   262017.2538   530   262317.0531   261774.9610   121093    0.21%
   1106   985   261942.3300   964   262317.0531   261774.9610   123996    0.21%
Time: 971.121389150619507 seconds
MIP Gap: 0.002066553124504
Nodes: 1043
Best Objective: 261774.960994630586356
Incumbent Obj:  262317.053120367228985
   1160  1041   261925.7390  1791   262317.0531   261774.9610   130032    0.21%
Time: 989.481274127960205 seconds
MIP Gap: 0.002066553124504
Nodes: 1125
Best Objective: 261774.960994630586356
Incumbent Obj:  262317.053120367228985
   1227  1105   262103.4875   332   262317.0531   261774.9610   136193    0.21%
Time: 1005.904356002807617 seconds
MIP Gap: 0.002053373457324
Nodes: 1201
Best Objective: 261778.418246086337604
Incumbent Obj:  262317.053120367228985
   1258  1122   262188.6626   453   262317.0531   261774.9610   138786    0.21%
   1274  1050   261956.5709   851   262317.0531   261778.4182   132218    0.21%
Time: 1015.581076145172119 seconds
MIP Gap: 0.002053373457324
Nodes: 1217
Best Objective: 261778.418246086337604
Incumbent Obj:  262317.053120367228985
   1284  1192   262145.2379   273   262317.0531   261778.4182   146725    0.21%
   1312  1221   262311.5066   705   262317.0531   261778.4182   149172    0.21%
Elapsed time = 929.24 sec. (140774.51 ticks, tree = 217.15 MB, solutions = 12)
   1344  1233   262171.4252   502   262317.0531   261778.4182   151049    0.21%
   1373  1260   262296.9296   732   262317.0531   261778.4182   155489    0.21%
Time: 1055.262547016143799 seconds
MIP Gap: 0.002053373457324
Nodes: 1315
Best Objective: 261778.418246086337604
Incumbent Obj:  262317.053120367228985
   1414  1293   262280.5993   166   262317.0531   261778.4182   163507    0.21%
Time: 1068.421142101287842 seconds
MIP Gap: 0.002053373457324
Nodes: 1376
Best Objective: 261778.418246086337604
Incumbent Obj:  262317.053120367228985
   1501  1301        cutoff         262317.0531   261778.4182   163844    0.21%
Time: 1084.782664060592651 seconds
MIP Gap: 0.002053373457324
Nodes: 1475
Best Objective: 261778.418246086337604
Incumbent Obj:  262317.053120367228985
   1585  1418   262074.1473   455   262317.0531   261778.4182   177088    0.21%
   1651  1425   261977.8183   797   262317.0531   261778.4182   178953    0.21%
Time: 1105.509128093719482 seconds
MIP Gap: 0.002053373457324
Nodes: 1606
Best Objective: 261778.418246086337604
Incumbent Obj:  262317.053120367228985
   1722  1318   262059.9489   301   262317.0531   261778.4182   169190    0.21%
   1797  1502   262231.7878   266   262317.0531   261778.4182   188876    0.21%
   1895  1573   261982.7117  1155   262317.0531   261778.4182   196886    0.21%
Time: 1142.598878145217896 seconds
MIP Gap: 0.002046442308792
Nodes: 1759
Best Objective: 261780.236404544149991
Incumbent Obj:  262317.053120367228985
   1973  1650   261881.0014  1751   262317.0531   261780.2364   207033    0.20%
Elapsed time = 1046.44 sec. (150431.71 ticks, tree = 329.85 MB, solutions = 13)
   1991  1666   262008.4195   897   262317.0531   261780.2364   208687    0.20%
   2019  1697   261906.4901  1328   262317.0531   261780.2364   209962    0.20%
   2041  1711   261850.0879  1620   262317.0531   261780.2364   214532    0.20%
Time: 1170.263328075408936 seconds
MIP Gap: 0.002046442308792
Nodes: 1840
Best Objective: 261780.236404544149991
Incumbent Obj:  262317.053120367228985
   2089  1736   262023.8644   738   262317.0531   261780.2364   215273    0.20%
   2137  1781   262140.1784   729   262317.0531   261780.2364   222723    0.20%
   2202  1870   262156.1042   132   262317.0531   261780.2364   229204    0.20%
Time: 1203.626789093017578 seconds
MIP Gap: 0.002046442308792
Nodes: 2084
Best Objective: 261780.236404544149991
Incumbent Obj:  262317.053120367228985
   2294  1939   262178.9801   298   262317.0531   261780.2364   237330    0.20%
   2360  1954   262099.1434   723   262317.0531   261780.2364   239598    0.20%
   2432  2008   262267.3790  1226   262317.0531   261780.2364   245178    0.20%
Time: 1236.477916002273560 seconds
MIP Gap: 0.002046442308792
Nodes: 2306
Best Objective: 261780.236404544149991
Incumbent Obj:  262317.053120367228985
   2516  2039   262113.7025   591   262317.0531   261780.2364   250147    0.20%
Elapsed time = 1142.84 sec. (160212.47 ticks, tree = 442.09 MB, solutions = 13)
   2619  2222   262281.9186   210   262317.0531   261780.2364   269629    0.20%
   2705  2258   261948.1488  1113   262317.0531   261781.1530   271161    0.20%
Time: 1274.351647138595581 seconds
MIP Gap: 0.002042948149030
Nodes: 2505
Best Objective: 261781.152982235886157
Incumbent Obj:  262317.053120367228985
   2753  2278        cutoff         262317.0531   261781.1530   273737    0.20%
   2794  2303        cutoff         262317.0531   261781.1530   277440    0.20%
   2835  2329   262137.8095   827   262317.0531   261781.1530   279522    0.20%
Time: 1291.021254062652588 seconds
MIP Gap: 0.002042948149030
Nodes: 2621
Best Objective: 261781.152982235886157
Incumbent Obj:  262317.053120367228985
*  2855+ 2304                       262251.7639   261781.1530             0.18%
   2886  2341   262198.6021   831   262251.7639   261781.1530   280021    0.18%
   2927  2368   262177.6350   446   262251.7639   261781.1530   287168    0.18%
Time: 1308.073250055313110 seconds
MIP Gap: 0.001794500515377
Nodes: 2723
Best Objective: 261781.152982235886157
Incumbent Obj:  262251.763907726795878
   2972  2175   261867.8460  1577   262251.7639   261781.1530   290736    0.18%
   3025  2185   261884.0917  1388   262251.7639   261781.1530   291008    0.18%
   3102  2213   262224.7955   140   262251.7639   261781.1530   295515    0.18%
Elapsed time = 1224.69 sec. (170025.90 ticks, tree = 475.87 MB, solutions = 18)
Time: 1330.017356157302856 seconds
MIP Gap: 0.001794500515377
Nodes: 2873
Best Objective: 261781.152982235886157
Incumbent Obj:  262251.763907726795878
   3167  2193   262223.1357   679   262251.7639   261781.1530   293777    0.18%
   3219  2232   261910.1115  1635   262251.7639   261781.1530   298067    0.18%
   3263  2299   261863.6195  1813   262251.7639   261781.1530   302720    0.18%
*  3281+ 2276                       262250.6988   261781.1530             0.18%
Time: 1348.473210096359253 seconds
MIP Gap: 0.001790446212306
Nodes: 3000
Best Objective: 261781.152982235886157
Incumbent Obj:  262250.698752491967753
   3302  2311   261896.0711  1091   262250.6988   261781.1530   303033    0.18%
   3343  2312   262008.6449  1122   262250.6988   261781.1530   304670    0.18%
   3392  2352   262041.7651   879   262250.6988   261781.1530   306573    0.18%
*  3421+ 2350                       262191.3374   261781.1530             0.16%
Time: 1368.101148128509521 seconds
MIP Gap: 0.001790446212306
Nodes: 3149
Best Objective: 261781.152982235886157
Incumbent Obj:  262250.698752491967753
   3439  2423   261975.8125  1471   262191.3374   261781.1530   310807    0.16%
*  3456+ 2392                       262188.3372   261781.1530             0.16%
   3475  2480   262018.7562  1043   262188.3372   261781.1530   314856    0.16%
   3520  2249   262027.0207  1223   262188.3372   261781.1530   315579    0.16%
Time: 1391.541177988052368 seconds
MIP Gap: 0.001553021815387
Nodes: 3281
Best Objective: 261781.152982235886157
Incumbent Obj:  262188.337189631420188
   3565  2266   261872.5681  1695   262188.3372   261781.1530   317541    0.16%
Elapsed time = 1297.25 sec. (179691.66 ticks, tree = 487.84 MB, solutions = 21)
   3623  2286   262024.1296  1010   262188.3372   261781.1530   316552    0.16%
   3683  2358   261940.2452   915   262188.3372   261781.1530   320320    0.16%
Time: 1413.566084146499634 seconds
MIP Gap: 0.001553021815387
Nodes: 3456
Best Objective: 261781.152982235886157
Incumbent Obj:  262188.337189631420188
   3740  2368   261943.0568  1088   262188.3372   261781.1530   320449    0.16%
   3834  2481   262139.0334  1090   262188.3372   261781.1530   323317    0.16%
   3918  2511   261944.4294   628   262188.3372   261781.1530   324291    0.16%
Time: 1436.121115207672119 seconds
MIP Gap: 0.001553021815387
Nodes: 3680
Best Objective: 261781.152982235886157
Incumbent Obj:  262188.337189631420188
   3997  2529   262160.5553   635   262188.3372   261781.1530   327928    0.16%
   4073  2654   262105.6982   944   262188.3372   261781.1530   330265    0.16%
   4165  2641   262100.2098  1099   262188.3372   261781.1530   330068    0.16%
   4259  2811   261890.6240  1574   262188.3372   261781.1530   336867    0.16%
Time: 1458.041149139404297 seconds
MIP Gap: 0.001553021815387
Nodes: 3989
Best Objective: 261781.152982235886157
Incumbent Obj:  262188.337189631420188
   4369  2868   262133.4179  1023   262188.3372   261781.1530   338367    0.16%
Elapsed time = 1364.28 sec. (189309.82 ticks, tree = 668.39 MB, solutions = 22)
   4503  3043   262027.2894   941   262188.3372   261781.1530   344389    0.16%
*  4555+ 2903                       262161.8908   261781.1530             0.15%
Time: 1478.793233156204224 seconds
MIP Gap: 0.001452300495460
Nodes: 4308
Best Objective: 261781.152982235886157
Incumbent Obj:  262161.890826173592359
   4646  3155   262165.5967   623   262161.8908   261781.1530   352824    0.15%
   4730  3017   261887.5488  1764   262161.8908   261781.1530   356053    0.15%
   4768  3103   262108.3483   942   262161.8908   261781.1530   357430    0.15%
Time: 1494.241597175598145 seconds
MIP Gap: 0.001452300495460
Nodes: 4477
Best Objective: 261781.152982235886157
Incumbent Obj:  262161.890826173592359
   4834  3113   262128.3973   937   262161.8908   261781.1530   357544    0.15%
   4923  3144   261968.7259   935   262161.8908   261781.1530   358026    0.15%
   5031  3245   261968.7708   894   262161.8908   261781.1530   360990    0.15%
Time: 1512.906850099563599 seconds
MIP Gap: 0.001452300495460
Nodes: 4777
Best Objective: 261781.152982235886157
Incumbent Obj:  262161.890826173592359
   5136  3346   261984.6680  1171   262161.8908   261781.1530   363726    0.15%
   5270  3584   262079.2454   902   262161.8908   261781.1530   370537    0.15%
   5386  3656   261973.7251  1020   262161.8908   261781.1530   372487    0.15%
Elapsed time = 1436.36 sec. (198994.67 ticks, tree = 901.70 MB, solutions = 23)
   5451  3637   262033.5689   931   262161.8908   261781.1530   372190    0.15%
   5472  3668   262077.8530   418   262161.8908   261781.1530   374448    0.15%

Performing restart 1

Repeating presolve.
Tried aggregator 1 time.
MIP Presolve eliminated 236 rows and 25830 columns.
MIP Presolve modified 828 coefficients.
Reduced MIP has 9187 rows, 281310 columns, and 563620 nonzeros.
Reduced MIP has 281310 binaries, 0 generals, 0 SOSs, and 0 indicators.
Presolve time = 1.65 sec. (540.76 ticks)
Tried aggregator 1 time.
Reduced MIP has 9187 rows, 281310 columns, and 563620 nonzeros.
Reduced MIP has 281310 binaries, 0 generals, 0 SOSs, and 0 indicators.
Presolve time = 2.09 sec. (602.57 ticks)
Represolve time = 108.31 sec. (14492.52 ticks)
   5473     0   261864.9018  2350   262161.8908     Cuts: 128   428692    0.11%
   5473     0   261871.6150  1785   262161.8908     Cuts: 127   428935    0.11%
*  5473+    0                       262144.2775   261871.6150             0.10%
   5473     0  -1.00000e+75     0   262144.2775   261871.6150   428935    0.10%

Repeating presolve.
Tried aggregator 1 time.
MIP Presolve eliminated 771 rows and 87162 columns.
MIP Presolve modified 2678 coefficients.
Reduced MIP has 8416 rows, 194148 columns, and 389280 nonzeros.
Reduced MIP has 194148 binaries, 0 generals, 0 SOSs, and 0 indicators.
Presolve time = 1.43 sec. (430.67 ticks)
Tried aggregator 1 time.
MIP Presolve modified 24 coefficients.
Reduced MIP has 8416 rows, 194148 columns, and 389280 nonzeros.
Reduced MIP has 194148 binaries, 0 generals, 0 SOSs, and 0 indicators.
Presolve time = 1.52 sec. (444.68 ticks)
Represolve time = 123.96 sec. (16568.56 ticks)
*  5473+    0                       262141.0274   261871.6150             0.10%
   5473     0   261872.5305  1810   262141.0274     Cuts: 306   455733    0.10%
   5473     0   261890.3324  1831   262141.0274      Cuts: 95   455959    0.10%
   5473     0   261897.1568  1626   262141.0274     Cuts: 127   456175    0.09%
*  5473+    0                       262139.2045   261897.1568             0.09%
   5473     0  -1.00000e+75     0   262139.2045   261897.1568   456175    0.09%
   5473     0   261900.7167  1873   262139.2045      Cuts: 82   456392    0.09%
   5473     0   261904.0217  1301   262139.2045     Cuts: 103   456566    0.09%
   5473     0   261906.1286  1395   262139.2045      Cuts: 64   456666    0.09%
   5473     0   261909.4548  1375   262139.2045      Cuts: 86   456804    0.09%
   5473     0   261914.9813  1321   262139.2045      Cuts: 74   456930    0.09%
   5473     0   261917.0715  1410   262139.2045      Cuts: 46   457051    0.08%
   5473     0   261920.3224  1437   262139.2045      Cuts: 43   457180    0.08%
   5473     0   261921.4485  1253   262139.2045      Cuts: 49   457268    0.08%
   5473     0   261922.7687  1469   262139.2045      Cuts: 45   457354    0.08%
   5473     0   261923.7691  1333   262139.2045      Cuts: 64   457428    0.08%
   5473     0   261924.9297  1548   262139.2045      Cuts: 34   457532    0.08%
   5473     0   261926.0859  1478   262139.2045      Cuts: 41   457605    0.08%
   5473     0   261927.3588  1465   262139.2045      Cuts: 39   457680    0.08%
   5473     0   261928.0943  1544   262139.2045      Cuts: 28   457777    0.08%
*  5473+    0                       262137.0434   261928.0943             0.08%
*  5473+    0                       262133.9651   261928.0943             0.08%
   5473     0  -1.00000e+75     0   262133.9651   261928.0943   457777    0.08%
Time: 2143.336665153503418 seconds
MIP Gap: 0.000785365158183
Nodes: 5473
Best Objective: 261928.094256972137373
Incumbent Obj:  262133.965139969543088
   5473     2   261928.0943  1544   262133.9651   261928.0943   457777    0.08%
   5486    10        cutoff         262133.9651   261929.5562   457966    0.08%
   5515    29   262006.5514  1035   262133.9651   261933.2667   459083    0.08%
Time: 2160.475002050399780 seconds
MIP Gap: 0.000765633214988
Nodes: 5527
Best Objective: 261933.266669481905410
Incumbent Obj:  262133.965139969543088
Time: 2169.609783172607422 seconds
MIP Gap: 0.000751318144492
Nodes: 5595
Best Objective: 261937.019135672308039
Incumbent Obj:  262133.965139969543088
   5670    63   262017.0596  1109   262133.9651   261933.5588   460998    0.08%
*  5704+   33                       262131.0716   261937.0191             0.07%
Time: 2178.501106023788452 seconds
MIP Gap: 0.000734490553170
Nodes: 5701
Best Objective: 261938.538801258255262
Incumbent Obj:  262131.071597038506297
   5771     9   261958.9948   690   262131.0716   261938.5388   458175    0.07%
Time: 2189.532232999801636 seconds
MIP Gap: 0.000734490553170
Nodes: 5719
Best Objective: 261938.538801258255262
Incumbent Obj:  262131.071597038506297
*  5788+   35                       262125.3239   261938.5388             0.07%
   5789   214   262028.6643  1015   262125.3239   261938.5388   471008    0.07%
Time: 2195.622173070907593 seconds
MIP Gap: 0.000734490553170
Nodes: 5738
Best Objective: 261938.538801258255262
Incumbent Obj:  262131.071597038506297
*  5791+   33                       262117.4422   261938.5388             0.07%
Time: 2208.708791017532349 seconds
MIP Gap: 0.000731964730494
Nodes: 5811
Best Objective: 261939.200897862901911
Incumbent Obj:  262131.071597038506297
   5881   262   262002.2033   869   262117.4422   261939.2009   473969    0.07%
Time: 2219.310142040252686 seconds
MIP Gap: 0.000731964730494
Nodes: 5850
Best Objective: 261939.200897862901911
Incumbent Obj:  262131.071597038506297
Time: 2228.307305097579956 seconds
MIP Gap: 0.000731964730494
Nodes: 5911
Best Objective: 261939.200897862901911
Incumbent Obj:  262131.071597038506297
Time: 2238.543804168701172 seconds
MIP Gap: 0.000731964730494
Nodes: 6077
Best Objective: 261939.200897862901911
Incumbent Obj:  262131.071597038506297
Time: 2251.055243015289307 seconds
MIP Gap: 0.000731964730494
Nodes: 6219
Best Objective: 261939.200897862901911
Incumbent Obj:  262131.071597038506297
Time: 2256.801586151123047 seconds
MIP Gap: 0.000731964730494
Nodes: 6336
Best Objective: 261939.200897862901911
Incumbent Obj:  262131.071597038506297
   6523   718   262103.9259   493   262117.4422   261939.2009   497524    0.07%
Elapsed time = 2163.59 sec. (291346.49 ticks, tree = 101.43 MB, solutions = 32)
Time: 2263.465145111083984 seconds
MIP Gap: 0.000731964730494
Nodes: 6437
Best Objective: 261939.200897862901911
Incumbent Obj:  262131.071597038506297
*  6582+  696                       262117.2010   261939.2009             0.07%
Time: 2271.524466991424561 seconds
MIP Gap: 0.000679085873010
Nodes: 6548
Best Objective: 261939.200897862901911
Incumbent Obj:  262117.200986125564668
Time: 2281.393120050430298 seconds
MIP Gap: 0.000679085873010
Nodes: 6632
Best Objective: 261939.200897862901911
Incumbent Obj:  262117.200986125564668
Time: 2287.896684169769287 seconds
MIP Gap: 0.000679085873010
Nodes: 6723
Best Objective: 261939.200897862901911
Incumbent Obj:  262117.200986125564668
   6919   929   262115.0052   495   262117.2010   261939.2009   509939    0.07%
Time: 2298.818710088729858 seconds
MIP Gap: 0.000679085873010
Nodes: 6940
Best Objective: 261939.200897862901911
Incumbent Obj:  262117.200986125564668
Time: 2304.564702033996582 seconds
MIP Gap: 0.000679085873010
Nodes: 7057
Best Objective: 261939.200897862901911
Incumbent Obj:  262117.200986125564668
Time: 2310.037202119827271 seconds
MIP Gap: 0.000679085873010
Nodes: 7211
Best Objective: 261939.200897862901911
Incumbent Obj:  262117.200986125564668
Time: 2318.381205081939697 seconds
MIP Gap: 0.000679085873010
Nodes: 7608
Best Objective: 261939.200897862901911
Incumbent Obj:  262117.200986125564668
   7795  1569        cutoff         262117.2010   261939.2009   536068    0.07%
Time: 2324.262099981307983 seconds
MIP Gap: 0.000679085873010
Nodes: 7710
Best Objective: 261939.200897862901911
Incumbent Obj:  262117.200986125564668
*  8186+ 1752                       262116.6217   261943.1120             0.07%
Time: 2345.695314168930054 seconds
MIP Gap: 0.000661956002594
Nodes: 8068
Best Objective: 261943.111989962373627
Incumbent Obj:  262116.621661050652619
Time: 2355.996420145034790 seconds
MIP Gap: 0.000661956002594
Nodes: 8120
Best Objective: 261943.111989962373627
Incumbent Obj:  262116.621661050594412
   8467  2010   261986.3727  1502   262116.6217   261943.1120   560550    0.07%
Time: 2379.733122110366821 seconds
MIP Gap: 0.000661956002593
Nodes: 8202
Best Objective: 261943.111989962373627
Incumbent Obj:  262116.621661050274270
*  8587+ 2101                       262108.3959   261943.1120             0.06%
Time: 2393.765125036239624 seconds
MIP Gap: 0.000630593857271
Nodes: 8284
Best Objective: 261943.111989962373627
Incumbent Obj:  262108.395934377622325
   8649  2033   262083.2809   714   262108.3959   261943.1120   564677    0.06%
*  8742+ 2064                       262107.8774   261943.1120             0.06%
Time: 2416.292926073074341 seconds
MIP Gap: 0.000628616675506
Nodes: 8439
Best Objective: 261943.111989962373627
Incumbent Obj:  262107.877372460265178
   8880  2194   262027.2798  1086   262107.8774   261943.1120   570758    0.06%
Time: 2428.176757097244263 seconds
MIP Gap: 0.000628616675506
Nodes: 8602
Best Objective: 261943.111989962373627
Incumbent Obj:  262107.877372460265178
Time: 2437.348587989807129 seconds
MIP Gap: 0.000628616675506
Nodes: 8733
Best Objective: 261943.111989962373627
Incumbent Obj:  262107.877372460265178
Time: 2446.813242197036743 seconds
MIP Gap: 0.000628616675506
Nodes: 8930
Best Objective: 261943.111989962373627
Incumbent Obj:  262107.877372460265178
Time: 2454.038777112960815 seconds
MIP Gap: 0.000628616675506
Nodes: 9141
Best Objective: 261943.111989962373627
Incumbent Obj:  262107.877372460265178
   9488  2709   262058.2827   942   262107.8774   261943.1120   586281    0.06%
Time: 2461.317257165908813 seconds
MIP Gap: 0.000628616675506
Nodes: 9367
Best Objective: 261943.111989962373627
Incumbent Obj:  262107.877372460265178
Time: 2478.211879014968872 seconds
MIP Gap: 0.000628616675506
Nodes: 9875
Best Objective: 261943.111989962373627
Incumbent Obj:  262107.877372460265178
Time: 2484.657185077667236 seconds
MIP Gap: 0.000628616675506
Nodes: 10157
Best Objective: 261943.111989962373627
Incumbent Obj:  262107.877372460265178
  10492  3373   262016.2447   765   262107.8774   261944.6174   612113    0.06%
Time: 2493.456106185913086 seconds
MIP Gap: 0.000622873313303
Nodes: 10480
Best Objective: 261944.617370438558282
Incumbent Obj:  262107.877372460265178
Time: 2503.828794002532959 seconds
MIP Gap: 0.000618494336757
Nodes: 10814
Best Objective: 261945.765134686022066
Incumbent Obj:  262107.877372460265178
Time: 2521.781136035919189 seconds
MIP Gap: 0.000618494336757
Nodes: 11233
Best Objective: 261945.765134686022066
Incumbent Obj:  262107.877372460265178
  11833  4533   262035.2169  1139   262107.8774   261945.7651   657696    0.06%
Time: 2538.075530052185059 seconds
MIP Gap: 0.000618494336757
Nodes: 11643
Best Objective: 261945.765134686022066
Incumbent Obj:  262107.877372460265178
Time: 2543.193157196044922 seconds
MIP Gap: 0.000618494336757
Nodes: 11718
Best Objective: 261945.765134686022066
Incumbent Obj:  262107.877372460265178
Time: 2550.104032993316650 seconds
MIP Gap: 0.000618494336757
Nodes: 11787
Best Objective: 261945.765134686022066
Incumbent Obj:  262107.877372460265178
  12331  4816   262037.9474  1068   262107.8774   261958.8233   664535    0.06%
Time: 2563.842295169830322 seconds
MIP Gap: 0.000618494336757
Nodes: 12084
Best Objective: 261945.765134686022066
Incumbent Obj:  262107.877372460265178
Time: 2574.044878005981445 seconds
MIP Gap: 0.000618494336757
Nodes: 12389
Best Objective: 261945.765134686022066
Incumbent Obj:  262107.877372460265178
Time: 2583.012868165969849 seconds
MIP Gap: 0.000618494336757
Nodes: 12685
Best Objective: 261945.765134686022066
Incumbent Obj:  262107.877372460265178
  13352  5435   262097.0970   870   262107.8774   261958.8233   682061    0.06%
Elapsed time = 2492.97 sec. (329674.86 ticks, tree = 1171.50 MB, solutions = 37)
Time: 2594.981194019317627 seconds
MIP Gap: 0.000618494336757
Nodes: 13196
Best Objective: 261945.765134686022066
Incumbent Obj:  262107.877372460265178
Time: 2602.015172004699707 seconds
MIP Gap: 0.000618494336757
Nodes: 13435
Best Objective: 261945.765134686022066
Incumbent Obj:  262107.877372460265178
Time: 2610.353110074996948 seconds
MIP Gap: 0.000618494336757
Nodes: 13657
Best Objective: 261945.765134686022066
Incumbent Obj:  262107.877372460265178
Time: 2621.256245136260986 seconds
MIP Gap: 0.000618494336757
Nodes: 14036
Best Objective: 261945.765134686022066
Incumbent Obj:  262107.877372460265178
  14644  6496   262069.9885   675   262107.8774   261958.8233   719012    0.06%
Time: 2634.080893993377686 seconds
MIP Gap: 0.000568674398634
Nodes: 14457
Best Objective: 261958.823332918196684
Incumbent Obj:  262107.877372460265178
Time: 2644.209366083145142 seconds
MIP Gap: 0.000565105898640
Nodes: 14855
Best Objective: 261959.758664877095725
Incumbent Obj:  262107.877372460265178
Time: 2664.495089054107666 seconds
MIP Gap: 0.000565105898640
Nodes: 15226
Best Objective: 261959.758664877095725
Incumbent Obj:  262107.877372460265178
  15796  7284   262013.7694  1296   262107.8774   261959.9225   761987    0.06%
Time: 2674.245579004287720 seconds
MIP Gap: 0.000565105898640
Nodes: 15390
Best Objective: 261959.758664877095725
Incumbent Obj:  262107.877372460265178
Time: 2681.069208145141602 seconds
MIP Gap: 0.000565105898640
Nodes: 15528
Best Objective: 261959.758664877095725
Incumbent Obj:  262107.877372460265178
Time: 2692.621205091476440 seconds
MIP Gap: 0.000565105898640
Nodes: 15727
Best Objective: 261959.758664877095725
Incumbent Obj:  262107.877372460265178
  16208  7601   262047.1763   741   262107.8774   261959.9225   779236    0.06%
Time: 2703.005129098892212 seconds
MIP Gap: 0.000565105898640
Nodes: 16005
Best Objective: 261959.758664877095725
Incumbent Obj:  262107.877372460265178
Time: 2711.613886117935181 seconds
MIP Gap: 0.000565105898640
Nodes: 16394
Best Objective: 261959.758664877095725
Incumbent Obj:  262107.877372460265178
Starting limited solution polishing.
  17139  8287   262082.4272   722   262107.8774   261959.9225   811532    0.06%
Time: 2722.429466009140015 seconds
MIP Gap: 0.000565105898640
Nodes: 16689
Best Objective: 261959.758664877095725
Incumbent Obj:  262107.877372460265178
Time: 2733.142796993255615 seconds
MIP Gap: 0.000565105898640
Nodes: 17205
Best Objective: 261959.758664877095725
Incumbent Obj:  262107.877372460265178
Time: 2742.707226991653442 seconds
MIP Gap: 0.000565105898640
Nodes: 17672
Best Objective: 261959.758664877095725
Incumbent Obj:  262107.877372460265178
Time: 2757.486567020416260 seconds
MIP Gap: 0.000564480789236
Nodes: 18057
Best Objective: 261959.922510975971818
Incumbent Obj:  262107.877372460265178
  18502  9079   262106.2171   589   262107.8774   261959.9225   853752    0.06%
Time: 2768.911172151565552 seconds
MIP Gap: 0.000515456818622
Nodes: 18552
Best Objective: 261972.772079854097683
Incumbent Obj:  262107.877372460265178
Time: 2785.367156982421875 seconds
MIP Gap: 0.000515456818622
Nodes: 19202
Best Objective: 261972.772079854097683
Incumbent Obj:  262107.877372460265178
Time: 2799.643289089202881 seconds
MIP Gap: 0.000473991334923
Nodes: 19825
Best Objective: 261983.640509770775679
Incumbent Obj:  262107.877372460265178
  20175 10231   262100.9269   942   262107.8774   261985.9224   915995    0.05%
Time: 2820.209151983261108 seconds
MIP Gap: 0.000442415860940
Nodes: 20582
Best Objective: 261991.916690233425470
Incumbent Obj:  262107.877372460265178
Time: 2835.076829195022583 seconds
MIP Gap: 0.000436603317662
Nodes: 21097
Best Objective: 261993.440203614125494
Incumbent Obj:  262107.877372460265178
  21709 11441   262100.2289   790   262107.8774   261993.7470   994206    0.04%
Time: 2849.675917148590088 seconds
MIP Gap: 0.000435432641069
Nodes: 21512
Best Objective: 261993.747047171113081
Incumbent Obj:  262107.877372460265178
Time: 2863.424767017364502 seconds
MIP Gap: 0.000430427397788
Nodes: 22013
Best Objective: 261995.058960863127140
Incumbent Obj:  262107.877372460265178
* 22707+11904                       262092.0801   261995.0590             0.04%
Time: 2881.401878118515015 seconds
MIP Gap: 0.000370179545436
Nodes: 22460
Best Objective: 261995.058960863127140
Incumbent Obj:  262092.080087932583410
  22941 12143   262078.8702   730   262092.0801   261995.9175  1050492    0.04%
Time: 2890.248161077499390 seconds
MIP Gap: 0.000370179545436
Nodes: 22543
Best Objective: 261995.058960863127140
Incumbent Obj:  262092.080087932583410
Time: 2914.692515134811401 seconds
MIP Gap: 0.000370179545436
Nodes: 22669
Best Objective: 261995.058960863127140
Incumbent Obj:  262092.080087932583410
  23221  9544   262057.2711  1061   262092.0801   261995.9175  1068060    0.04%
Time: 2928.529706001281738 seconds
MIP Gap: 0.000370179545436
Nodes: 22895
Best Objective: 261995.058960863127140
Incumbent Obj:  262092.080087932583410
Time: 2950.553760051727295 seconds
MIP Gap: 0.000370179545436
Nodes: 23297
Best Objective: 261995.058960863127140
Incumbent Obj:  262092.080087932583410
  23741  9805        cutoff         262092.0801   261995.9175  1099739    0.04%
Elapsed time = 2857.08 sec. (367894.42 ticks, tree = 2215.76 MB, solutions = 40)
Nodefile size = 159.18 MB (129.16 MB after compression)
Time: 2962.821135044097900 seconds
MIP Gap: 0.000370179545436
Nodes: 23569
Best Objective: 261995.058960863127140
Incumbent Obj:  262092.080087932583410
Time: 2980.540423154830933 seconds
MIP Gap: 0.000370179545436
Nodes: 24027
Best Objective: 261995.058960863127140
Incumbent Obj:  262092.080087932583410
  24530 10218        cutoff         262092.0801   261997.6668  1150945    0.04%
Time: 2993.646178007125854 seconds
MIP Gap: 0.000360229393105
Nodes: 24340
Best Objective: 261997.666816984885372
Incumbent Obj:  262092.080087932583410
Time: 3027.905677080154419 seconds
MIP Gap: 0.000354448571374
Nodes: 24990
Best Objective: 261999.181924576958409
Incumbent Obj:  262092.080087932583410

Clique cuts applied:  4234
Cover cuts applied:  6965
Flow cuts applied:  515
Mixed integer rounding cuts applied:  1418
Zero-half cuts applied:  1905
Multi commodity flow cuts applied:  25
Lift and project cuts applied:  5
Gomory fractional cuts applied:  48

Root node processing (before b&c):
  Real time             =  550.91 sec. (121835.37 ticks)
Parallel b&c, 32 threads:
  Real time             = 2443.21 sec. (259762.39 ticks)
  Sync time (average)   = 1231.52 sec.
  Wait time (average)   =   36.52 sec.
                          ------------
Total (root+branch&cut) = 2994.12 sec. (381597.76 ticks)
Post-Optimization Solution: 
p locations: 4451 4431 4400 4395 4390 4388 4342 4333 4308 4304 4286 4268 4248 4245 4235 4230 4227 4226 4216 4193 4179 4176 4144 4114 4092 4090 4066 4053 4014 4012 4009 4005 3993 3990 3982 3971 3953 3897 3832 3817 3811 3769 3767 3758 3734 3728 3661 3653 3650 3632 3619 3617 3600 3578 3576 3557 3554 3523 3515 3496 3454 3453 3433 3428 4131 3422 3419 3414 3389 3375 3371 3368 4034 3325 3299 3286 3275 3260 3243 3948 3239 3942 3233 3231 3196 3195 3194 3173 3875 3166 3151 3127 3119 3819 3110 3101 3062 3044 3016 1420 409 1757 1756 3476 2767 3504 1377 324 3799 1672 2346 4147 1311 1281 1263 4189 1353 4022 1186 1156 1101 2925 21 1706 2449 1031 3776 2358 1175 1849 1008 991 930 924 3038 911 908 897 523 789 1126 770 3596 760 1060 726 3155 1737 1221 1205 1542 691 2039 320 1331 1261 2679 312 1464 1801 295 623 2094 1385 1218 49 758 1605 78 494 3412 576 1312 310 737 3781 236 3002 1584 191 2213 176 4415 3706 161 3638 802 635 2657 257 966 2490 3922 377 2736 1437 435 874 206 3053 926 217 3657 2239 894 1905 452 2579 727 59 3791 955 2476 4111 1275 106 422 2444 1364 2038 195 1880 1160 659 158 3592 47 1732 1179 10 1319 3279 1152 484 2506 150 4367 113 3895 350 965 3394 1976 2278 860 2987 130 2826 66 1129 4302 1466 2588 461 704 1413 3915 1079 806 1073 2491 639 485 415 1833 920 3649 813 104 1334 2682 666 1747 329 3335 499 111 1195 4072 527 4292 38 1081 372 2463 1045 3005 878 2226 378 2110 244 953 1190 1864 2274 856 4296 2878 3525 689 2037 2374 1876 458 4391 137 471 475 2834 633 3364 2655 4410 2992 1502 1355 2029 3075 239 2366 520 534 1419 710 546 1066 2042 2751 3026 899 565 568 2253 743 3137 1010 2428 1266 85 794 627 2649 686 3824 2406 1697 4161 2034 2708 1470 1807 1474 1831 799 1508 2147 2856 3640 1513 1533 1541 425 2552 2258 131 1549 1602 1567 2276 4446 1610 1621 3341 2632 3046 1628 1630 3081 1663 1681 3104 1686 1693 2367 2704 1699 1724 1745 2770 1077 1786 369 1787 1793 1804 1854 2528 1447 2865 1859 1862 3582 2873 491 1909 1928 2265 1227 1936 543 1961 1962 1982 598 2016 2024 2047 3494 2076 286 2413 2098 4240 2822 2113 1032 2450 2119 716 2134 3889 2471 2151 2825 3580 2162 2127 2836 3613 2195 2912 1494 2203 2221 819 2237 4329 2911 2321 4076 1240 2658 2350 2377 2404 2032 2741 1698 2407 1759 2468 365 2492 2546 3973 3264 2555 2557 3290 454 2581 2592 2601 2625 3342 2633 2715 3431 1304 2722 1335 2753 2757 2799 720 11 2847 40 2876 2899 2901 4335 3626 2208 2917 2928 3674 838 2965 
p size: 500
objective: 262092.080087925627595
sum (dij * xij) 
demand/capacity: 224395.000000000000000/280500
Solution is Feasible
Comparing Best Bounds: 
Old Best Bound: 261999.181924576958409
New Best Bound: 261999.181924576958409
Time elapsed: 3175.002893175999816s
Time remaining: 2905.000000000000000s



Finishing post-optimization
p locations: 4451 4431 4400 4395 4390 4388 4342 4333 4308 4304 4286 4268 4248 4245 4235 4230 4227 4226 4216 4193 4179 4176 4144 4114 4092 4090 4066 4053 4014 4012 4009 4005 3993 3990 3982 3971 3953 3897 3832 3817 3811 3769 3767 3758 3734 3728 3661 3653 3650 3632 3619 3617 3600 3578 3576 3557 3554 3523 3515 3496 3454 3453 3433 3428 4131 3422 3419 3414 3389 3375 3371 3368 4034 3325 3299 3286 3275 3260 3243 3948 3239 3942 3233 3231 3196 3195 3194 3173 3875 3166 3151 3127 3119 3819 3110 3101 3062 3044 3016 1420 409 1757 1756 3476 2767 3504 1377 324 3799 1672 2346 4147 1311 1281 1263 4189 1353 4022 1186 1156 1101 2925 21 1706 2449 1031 3776 2358 1175 1849 1008 991 930 924 3038 911 908 897 523 789 1126 770 3596 760 1060 726 3155 1737 1221 1205 1542 691 2039 320 1331 1261 2679 312 1464 1801 295 623 2094 1385 1218 49 758 1605 78 494 3412 576 1312 310 737 3781 236 3002 1584 191 2213 176 4415 3706 161 3638 802 635 2657 257 966 2490 3922 377 2736 1437 435 874 206 3053 926 217 3657 2239 894 1905 452 2579 727 59 3791 955 2476 4111 1275 106 422 2444 1364 2038 195 1880 1160 659 158 3592 47 1732 1179 10 1319 3279 1152 484 2506 150 4367 113 3895 350 965 3394 1976 2278 860 2987 130 2826 66 1129 4302 1466 2588 461 704 1413 3915 1079 806 1073 2491 639 485 415 1833 920 3649 813 104 1334 2682 666 1747 329 3335 499 111 1195 4072 527 4292 38 1081 372 2463 1045 3005 878 2226 378 2110 244 953 1190 1864 2274 856 4296 2878 3525 689 2037 2374 1876 458 4391 137 471 475 2834 633 3364 2655 4410 2992 1502 1355 2029 3075 239 2366 520 534 1419 710 546 1066 2042 2751 3026 899 565 568 2253 743 3137 1010 2428 1266 85 794 627 2649 686 3824 2406 1697 4161 2034 2708 1470 1807 1474 1831 799 1508 2147 2856 3640 1513 1533 1541 425 2552 2258 131 1549 1602 1567 2276 4446 1610 1621 3341 2632 3046 1628 1630 3081 1663 1681 3104 1686 1693 2367 2704 1699 1724 1745 2770 1077 1786 369 1787 1793 1804 1854 2528 1447 2865 1859 1862 3582 2873 491 1909 1928 2265 1227 1936 543 1961 1962 1982 598 2016 2024 2047 3494 2076 286 2413 2098 4240 2822 2113 1032 2450 2119 716 2134 3889 2471 2151 2825 3580 2162 2127 2836 3613 2195 2912 1494 2203 2221 819 2237 4329 2911 2321 4076 1240 2658 2350 2377 2404 2032 2741 1698 2407 1759 2468 365 2492 2546 3973 3264 2555 2557 3290 454 2581 2592 2601 2625 3342 2633 2715 3431 1304 2722 1335 2753 2757 2799 720 11 2847 40 2876 2899 2901 4335 3626 2208 2917 2928 3674 838 2965 
p size: 500
objective: 262092.080087925627595
sum (dij * xij) 
demand/capacity: 224395.000000000000000/280500
Solution is Feasible
Solution Stats
Statistics:
Max distance: 218.220072403983949
Min distance: 0.000000000000000
Avg distance: 58.751867314038471
Std deviation distance: 35.555286666134862


[INFO] Saving assignment: ./outputs/solutions/2024-08-28_LIT_seed_0_1-5p/Assignments/test_lit_fnl4461_0500_p_500_RSSV_EXACT_CPMP_BIN_POSTOPT.txt
[INFO] Saving results: ./outputs/solutions/2024-08-28_LIT_seed_0_1-5p/test_lit_fnl4461_0500_results_RSSV_EXACT_CPMP_BIN_POSTOPT.csv
[INFO] Saving all results: ./outputs/solutions/test_all_results.csv
Final total elapsed time (post opt): 3870s
PostOptimization destructor
Finish solving problem
Elapsed time: 3870691 ms

RSSV finished.
