Debug: configOverride contents: IsWeighted_ObjFunc add_break_callback add_generate_reports add_threshold_distance_rssv bw_multiplier capacities cover_mode coverages cust_max_id distance_matrix loc_max_id max_ite_subprob_rssv method method_post_opt method_rssv_fp method_rssv_sp output p seed service size_subproblems_rssv subarea threads time time_cplex time_subprob_rssv weights 
Loading instance...
Scanning input data...
Distance matrix dimensions: 3039 x 3039 = 9235521
Elapsed time: 0 ms

Loading weights...
Skipped line: customer weight coord_x coord_y
Loaded 3038 weights
Loaded 3038 coordinates
Total customer demand: 152913.00
Elapsed time: 7 ms

Loading capacities...
Skipped line: location capacity coord_x coord_y
Loaded 3038 capacities
Loaded 3038 coordinates
Elapsed time: 5 ms

Loading distance matrix...
Computing euclidian distances...
bw multiplier: 0.50
Loaded 9232482 distances
dists stdev: 862.93
bandwidth h: 18.49
locations: 3038
customers: 3038
p: 700
Elapsed time: 273 ms

[INFO] Instance loaded
loc_max_id: 3038
loc_cnt: 3038
service: p3038_700
cust_max_id: 3038
cust_cnt: 3038
unweighted obj function
p: 700
total_demand: 152913.00


-------------------------------------------------


-------------------------------------------------
RSSV heuristic 
-------------------------------------------------
method subproblems: TB_PMP
method final problem: EXACT_CPMP_BIN
-------------------------------------------------
RSSV running...
cPMP size (N): 3038
sub-cPMP size (n): 840
Subproblems cnt (M): 18
p: 700
Seed: 0
Time limit for subproblems: 300.00

thread cnt: 20

Thread 1 created with seed 1
Thread 2 created with seed 2
Thread 3 created with seed 3
Solving sub-PMP 1/18...
Solving sub-PMP 2/18...
Thread 4 created with seed 4
Solving sub-PMP 3/18...
Thread 5 created with seed 5
Solving sub-PMP 4/18...
uncapacitated TB started
uncapacitated TB started
Thread 6 created with seed 6
Solving sub-PMP 5/18...
Thread 7 created with seed 7
uncapacitated TB started
uncapacitated TB started
uncapacitated TB started
Thread 8 created with seed 8
Thread 9 created with seed 9
Thread 10 created with seed 10
Solving sub-PMP Solving sub-PMP 9/18...
Solving sub-PMP 7/18...
Solving sub-PMP 8/18...
Solving sub-PMP 10/18...
6Thread 11 created with seed 11
Thread 12 created with seed 12
/18...
uncapacitated TB started
Solving sub-PMP 11/18...
Thread 13 created with seed 13uncapacitated TB started

uncapacitated TB started
uncapacitated TB started
Thread 14 created with seed 14
Thread 15 created with seed 15
uncapacitated TB started
Thread 16 created with seed 16
Thread 17 created with seed 17
Thread 18 created with seed 18
Solving sub-PMP 12/18...
Solving sub-PMP 13/18...
Solving sub-PMP 14/18...
Solving sub-PMP 18/18...
uncapacitated TB started
Solving sub-PMP 15/18...
Solving sub-PMP 17/18...
Solving sub-PMP 16/18...
uncapacitated TB started
uncapacitated TB started
uncapacitated TB started
uncapacitated TB started
uncapacitated TB started
uncapacitated TB started
uncapacitated TB started
[INFO] Uncapacitated TB local search started
[INFO] Uncapacitated TB local search started
[INFO] Uncapacitated TB local search started
[INFO] Uncapacitated TB local search started
[INFO] Uncapacitated TB local search started
[INFO] Uncapacitated TB local search started
[INFO] Uncapacitated TB local search started
[INFO] Uncapacitated TB local search started
[INFO] Uncapacitated TB local search started
[INFO] Uncapacitated TB local search started
[INFO] Uncapacitated TB local search started
[INFO] Uncapacitated TB local search started
[INFO] Uncapacitated TB local search started
[INFO] Uncapacitated TB local search started
[INFO] Uncapacitated TB local search started
[INFO] Uncapacitated TB local search started
[INFO] Uncapacitated TB local search started
[INFO] Uncapacitated TB local search started

[INFO] Time limit reached. Stopping the algorithm.
TB elapsed time: 300.00 seconds
Num ite total uncapacited TB: 8
tb solution is feasible

[INFO] Time limit reached. Stopping the algorithm.
TB elapsed time: 300.01 seconds
Num ite total uncapacited TB: 6
tb solution is feasible

[INFO] Time limit reached. Stopping the algorithm.
TB elapsed time: 300.00 seconds
Num ite total uncapacited TB: 10
tb solution is feasible

[INFO] Time limit reached. Stopping the algorithm.
TB elapsed time: 300.01 seconds
Num ite total uncapacited TB: 10
tb solution is feasible

[INFO] Time limit reached. Stopping the algorithm.
TB elapsed time: 300.00 seconds
Num ite total uncapacited TB: 7
tb solution is feasible

[INFO] Time limit reached. Stopping the algorithm.
TB elapsed time: 300.01 seconds
Num ite total uncapacited TB: 8
tb solution is feasible

[INFO] Time limit reached. Stopping the algorithm.
TB elapsed time: 300.01 seconds
Num ite total uncapacited TB: 8
tb solution is feasible

[INFO] Time limit reached. Stopping the algorithm.
TB elapsed time: 300.01 seconds
Num ite total uncapacited TB: 6
tb solution is feasible

[INFO] Time limit reached. Stopping the algorithm.
TB elapsed time: 300.02 seconds
Num ite total uncapacited TB: 12
tb solution is feasible

[INFO] Time limit reached. Stopping the algorithm.
TB elapsed time: 300.02 seconds
Num ite total uncapacited TB: 18
tb solution is feasible

[INFO] Time limit reached. Stopping the algorithm.
TB elapsed time: 300.02 seconds
Num ite total uncapacited TB: 4
tb solution is feasible

[INFO] Time limit reached. Stopping the algorithm.
TB elapsed time: 300.02 seconds
Num ite total uncapacited TB: 7
tb solution is feasible

[INFO] Time limit reached. Stopping the algorithm.
TB elapsed time: 300.01 seconds
Num ite total uncapacited TB: 4
tb solution is feasible

[INFO] Time limit reached. Stopping the algorithm.
TB elapsed time: 300.02 seconds
Num ite total uncapacited TB: 8
tb solution is feasible

[INFO] Time limit reached. Stopping the algorithm.
TB elapsed time: 300.01 seconds
Num ite total uncapacited TB: 5
tb solution is feasible

[INFO] Time limit reached. Stopping the algorithm.
TB elapsed time: 300.02 seconds
Num ite total uncapacited TB: 11
tb solution is feasible

[INFO] Time limit reached. Stopping the algorithm.
TB elapsed time: 300.02 seconds
Num ite total uncapacited TB: 5
tb solution is feasible

[INFO] Time limit reached. Stopping the algorithm.
TB elapsed time: 300.02 seconds
Num ite total uncapacited TB: 5
tb solution is feasible
[INFO] All subproblems solved.

Elapsed time: 302420 ms


Stats: 
Max dist: 482.15
Min dist: 0.00
avg of Avg dists: 50.56
avg Std dev dist: 39.41

First 840 voting weights (sorted): 2326(18.38) 2322(18.21) 2321(17.86) 2323(17.61) 2324(15.37) 2228(13.00) 2033(12.10) 648(12.00) 3037(12.00) 650(11.69) 2161(11.03) 2445(11.00) 3020(11.00) 2109(11.00) 2626(10.28) 3004(10.15) 2219(10.11) 2931(10.09) 1251(10.08) 1935(10.00) 2275(10.00) 1423(10.00) 2558(10.00) 675(9.94) 821(9.90) 797(9.84) 570(9.77) 1332(9.68) 554(9.66) 1792(9.49) 2453(9.48) 665(9.46) 1584(9.44) 974(9.35) 2235(9.29) 1092(9.26) 413(9.26) 2891(9.24) 340(9.21) 1214(9.11) 2944(9.11) 2293(9.11) 906(9.11) 2698(9.10) 421(9.10) 179(9.09) 801(9.08) 2875(9.07) 1369(9.05) 1736(9.04) 185(9.03) 1070(9.00) 2473(9.00) 1419(9.00) 83(9.00) 862(9.00) 3022(9.00) 2443(9.00) 1398(9.00) 2877(9.00) 1116(9.00) 1315(9.00) 1102(9.00) 1790(9.00) 1493(9.00) 2635(9.00) 229(9.00) 682(9.00) 779(9.00) 1224(9.00) 922(8.99) 901(8.99) 177(8.97) 132(8.96) 133(8.91) 3003(8.91) 2573(8.91) 2134(8.61) 664(8.52) 1333(8.44) 964(8.44) 1324(8.40) 544(8.38) 3005(8.37) 2928(8.26) 1586(8.25) 1496(8.24) 2602(8.20) 120(8.16) 2912(8.16) 1752(8.16) 118(8.14) 1830(8.11) 795(8.11) 439(8.11) 1278(8.11) 231(8.11) 2804(8.10) 1853(8.10) 1977(8.09) 1074(8.09) 2185(8.09) 329(8.07) 1321(8.06) 404(8.05) 729(8.05) 518(8.04) 108(8.01) 3017(8.00) 2083(8.00) 1890(8.00) 1892(8.00) 661(8.00) 2837(8.00) 676(8.00) 537(8.00) 2167(8.00) 568(8.00) 3016(8.00) 2139(8.00) 952(8.00) 1277(8.00) 346(8.00) 2136(8.00) 851(8.00) 2699(8.00) 3013(8.00) 15(8.00) 591(8.00) 2753(8.00) 563(8.00) 2092(8.00) 2349(8.00) 2910(8.00) 1655(8.00) 2423(8.00) 2440(8.00) 2076(8.00) 1149(8.00) 447(8.00) 881(8.00) 284(8.00) 280(8.00) 1069(8.00) 1769(8.00) 2358(8.00) 1782(8.00) 1576(8.00) 2930(8.00) 2873(8.00) 1056(8.00) 1216(8.00) 1432(8.00) 2866(8.00) 753(8.00) 1803(8.00) 1819(8.00) 2587(8.00) 785(8.00) 1059(8.00) 2571(7.96) 2583(7.94) 2064(7.92) 2062(7.87) 98(7.87) 2106(7.72) 2819(7.69) 387(7.66) 1788(7.61) 2137(7.59) 699(7.50) 107(7.50) 2475(7.44) 523(7.43) 1137(7.42) 553(7.39) 989(7.38) 1559(7.37) 2000(7.37) 659(7.34) 2852(7.32) 2319(7.28) 2317(7.28) 2181(7.28) 2297(7.27) 176(7.26) 526(7.25) 2589(7.25) 2862(7.24) 1900(7.24) 668(7.23) 2526(7.23) 2927(7.22) 1914(7.21) 225(7.21) 562(7.20) 674(7.20) 389(7.20) 717(7.20) 2913(7.18) 745(7.18) 1896(7.17) 1456(7.17) 2088(7.16) 2080(7.16) 2001(7.16) 478(7.15) 92(7.15) 1053(7.15) 2581(7.15) 1178(7.14) 188(7.14) 2157(7.14) 1490(7.13) 511(7.13) 1082(7.13) 1158(7.12) 1556(7.11) 566(7.11) 1280(7.11) 2941(7.11) 2233(7.11) 2908(7.11) 2901(7.11) 2563(7.11) 1209(7.11) 2663(7.11) 813(7.10) 101(7.10) 26(7.10) 939(7.10) 1329(7.10) 2693(7.09) 2987(7.09) 2729(7.09) 2914(7.09) 955(7.09) 60(7.08) 2868(7.07) 1356(7.07) 298(7.07) 685(7.07) 2242(7.06) 2749(7.05) 678(7.05) 50(7.05) 2252(7.04) 1237(7.03) 834(7.02) 1942(7.02) 1446(7.02) 673(7.01) 1663(7.00) 2886(7.00) 2359(7.00) 747(7.00) 2938(7.00) 1590(7.00) 1745(7.00) 1588(7.00) 1046(7.00) 489(7.00) 1401(7.00) 493(7.00) 2296(7.00) 1185(7.00) 2371(7.00) 1110(7.00) 2396(7.00) 2291(7.00) 251(7.00) 2499(7.00) 733(7.00) 1154(7.00) 1621(7.00) 1618(7.00) 1067(7.00) 445(7.00) 2921(7.00) 2888(7.00) 1631(7.00) 99(7.00) 1065(7.00) 1076(7.00) 2426(7.00) 302(7.00) 1637(7.00) 1389(7.00) 2478(7.00) 1639(7.00) 1422(7.00) 1784(7.00) 2330(7.00) 476(7.00) 1409(7.00) 2416(7.00) 312(7.00) 487(7.00) 1394(7.00) 853(7.00) 1944(7.00) 2125(7.00) 1924(7.00) 382(7.00) 951(7.00) 643(7.00) 14(7.00) 663(7.00) 646(7.00) 965(7.00) 1270(7.00) 655(7.00) 1685(7.00) 2659(7.00) 820(7.00) 982(7.00) 1463(7.00) 2073(7.00) 160(7.00) 337(7.00) 573(7.00) 2774(7.00) 2022(7.00) 2093(7.00) 871(7.00) 74(7.00) 582(7.00) 57(7.00) 1479(7.00) 1305(7.00) 1980(7.00) 2107(7.00) 612(7.00) 927(7.00) 1336(7.00) 1017(7.00) 496(7.00) 2258(7.00) 2559(7.00) 2260(7.00) 1206(7.00) 33(7.00) 508(7.00) 1841(7.00) 1508(7.00) 2543(7.00) 1835(7.00) 244(7.00) 2959(7.00) 1197(7.00) 419(7.00) 784(7.00) 1263(7.00) 987(7.00) 1240(7.00) 1886(7.00) 2216(7.00) 399(7.00) 2596(7.00) 698(7.00) 2209(7.00) 1866(7.00) 2238(7.00) 403(7.00) 2527(6.89) 2221(6.83) 2143(6.83) 2525(6.77) 520(6.67) 450(6.64) 2357(6.64) 2363(6.62) 2111(6.59) 652(6.58) 2191(6.58) 2098(6.54) 265(6.52) 2802(6.51) 1502(6.48) 1824(6.48) 1688(6.47) 510(6.45) 976(6.44) 1871(6.43) 1872(6.43) 2120(6.41) 2119(6.41) 1524(6.41) 932(6.40) 555(6.39) 1817(6.39) 2059(6.38) 818(6.38) 1486(6.36) 308(6.36) 596(6.35) 977(6.35) 1066(6.34) 335(6.34) 2151(6.34) 2935(6.34) 2851(6.32) 1096(6.31) 598(6.30) 1560(6.30) 509(6.30) 2401(6.29) 1635(6.29) 1603(6.29) 2060(6.28) 556(6.27) 112(6.27) 2383(6.27) 2327(6.26) 1350(6.25) 1248(6.25) 931(6.25) 3000(6.24) 2245(6.23) 2966(6.21) 994(6.20) 2034(6.20) 2691(6.20) 2690(6.20) 577(6.20) 2488(6.20) 1299(6.20) 718(6.18) 1513(6.18) 1334(6.18) 1612(6.17) 1145(6.17) 1532(6.17) 1533(6.17) 2195(6.16) 519(6.16) 2194(6.16) 2704(6.16) 2703(6.16) 1491(6.16) 2904(6.15) 1220(6.15) 2568(6.13) 430(6.12) 1474(6.12) 2187(6.12) 625(6.11) 2714(6.11) 310(6.11) 402(6.11) 2492(6.11) 1596(6.11) 2448(6.11) 1607(6.11) 535(6.11) 1506(6.11) 2376(6.10) 887(6.10) 2700(6.10) 1448(6.10) 1514(6.10) 423(6.10) 1184(6.10) 2144(6.09) 783(6.09) 560(6.09) 1050(6.09) 49(6.09) 2482(6.09) 2451(6.09) 571(6.09) 2786(6.09) 2381(6.08) 1327(6.08) 2460(6.08) 67(6.08) 1881(6.08) 1689(6.07) 2661(6.07) 2882(6.07) 2806(6.07) 2367(6.07) 2656(6.07) 1260(6.07) 1470(6.06) 1378(6.06) 816(6.06) 830(6.06) 1868(6.05) 2580(6.05) 1130(6.04) 2839(6.03) 2592(6.02) 2597(6.02) 2289(6.02) 579(6.02) 2061(6.00) 169(6.00) 839(6.00) 626(6.00) 454(6.00) 378(6.00) 383(6.00) 1918(6.00) 460(6.00) 627(6.00) 317(6.00) 631(6.00) 315(6.00) 2029(6.00) 2028(6.00) 2023(6.00) 154(6.00) 152(6.00) 1731(6.00) 53(6.00) 588(6.00) 93(6.00) 342(6.00) 1734(6.00) 157(6.00) 1680(6.00) 604(6.00) 369(6.00) 620(6.00) 76(6.00) 1681(6.00) 1692(6.00) 370(6.00) 1976(6.00) 1968(6.00) 1669(6.00) 46(6.00) 1668(6.00) 1958(6.00) 601(6.00) 126(6.00) 228(6.00) 798(6.00) 1629(6.00) 294(6.00) 1613(6.00) 1864(6.00) 497(6.00) 1498(6.00) 408(6.00) 240(6.00) 418(6.00) 1833(6.00) 775(6.00) 334(6.00) 772(6.00) 1773(6.00) 1822(6.00) 1821(6.00) 1774(6.00) 1783(6.00) 762(6.00) 270(6.00) 1807(6.00) 285(6.00) 277(6.00) 433(6.00) 748(6.00) 1599(6.00) 1606(6.00) 1746(6.00) 1653(6.00) 726(6.00) 1906(6.00) 183(6.00) 727(6.00) 826(6.00) 191(6.00) 1899(6.00) 392(6.00) 135(6.00) 1763(6.00) 1649(6.00) 1764(6.00) 446(6.00) 1642(6.00) 524(6.00) 477(6.00) 19(6.00) 677(6.00) 21(6.00) 396(6.00) 809(6.00) 808(6.00) 212(6.00) 1884(6.00) 223(6.00) 1876(6.00) 486(6.00) 1766(6.00) 662(6.00) 2310(6.00) 2917(6.00) 2315(6.00) 1408(6.00) 2320(6.00) 1080(6.00) 2333(6.00) 2346(6.00) 1399(6.00) 2889(6.00) 2214(6.00) 2392(6.00) 2398(6.00) 1119(6.00) 2405(6.00) 2406(6.00) 2412(6.00) 1380(6.00) 1376(6.00) 2439(6.00) 2441(6.00) 2386(6.00) 998(6.00) 2220(6.00) 2229(6.00) 2240(6.00) 1445(6.00) 1016(6.00) 2965(6.00) 2960(6.00) 1023(6.00) 2268(6.00) 1052(6.00) 2942(6.00) 2273(6.00) 1433(6.00) 1031(6.00) 2277(6.00) 2290(6.00) 2298(6.00) 1417(6.00) 1415(6.00) 2305(6.00) 2270(6.00) 1207(6.00) 1208(6.00) 2778(6.00) 1235(6.00) 2769(6.00) 2608(6.00) 1318(6.00) 2610(6.00) 1242(6.00) 1313(6.00) 2442(6.00) 2742(6.00) 2672(6.00) 2676(6.00) 2709(6.00) 1307(6.00) 2740(6.00) 2733(6.00) 1293(6.00) 1297(6.00) 2719(6.00) 2746(6.00) 1364(6.00) 2465(6.00) 2853(6.00) 2849(6.00) 1159(6.00) 1165(6.00) 2486(6.00) 1168(6.00) 2498(6.00) 1175(6.00) 1328(6.00) 163(6.00) 2514(6.00) 2796(6.00) 1337(6.00) 1190(6.00) 2524(6.00) 1194(6.00) 2528(6.00) 2538(6.00) 2782(6.00) 1181(6.00) 2173(6.00) 905(6.00) 1472(6.00) 3033(6.00) 903(6.00) 953(6.00) 2998(6.00) 983(6.00) 3032(6.00) 1476(6.00) 1465(6.00) 2089(6.00) 924(6.00) 2112(6.00) 1451(6.00) 950(6.00) 2067(6.00) 2993(6.00) 2211(6.00) 2110(6.00) 2210(6.00) 2991(6.00) 911(6.00) 3035(6.00) 923(5.97) 900(5.97) 2105(5.90) 2982(5.76) 1271(5.76) 1273(5.76) 2981(5.72) 701(5.70) 2570(5.70) 1749(5.70) 233(5.69) 543(5.67) 1331(5.67) 1501(5.67) 696(5.66) 1823(5.64) 741(5.64) 1455(5.64) 2244(5.61) 2827(5.60) 2124(5.59) 1129(5.58) 2713(5.56) 1247(5.48) 2114(5.48) 704(5.48) 248(5.47) 2892(5.44) 2712(5.43) 2300(5.42) 2925(5.41) 221(5.40) 1999(5.39) 1816(5.39) 35(5.38) 1785(5.35) 525(5.35) 1279(5.34) 1071(5.34) 331(5.33) 2122(5.33) 2945(5.32) 644(5.31) 119(5.30) 1249(5.30) 1349(5.30) 963(5.30) 2533(5.29) 2132(5.29) 2534(5.29) 2133(5.29) 993(5.29) 2285(5.29) 1915(5.29) 1187(5.29) 2924(5.29) 559(5.29) 2554(5.28) 2572(5.27) 2135(5.27) 1800(5.27) 2030(5.27) 1687(5.26) 1058(5.26) 1832(5.26) 2121(5.26) 1984(5.24) 1897(5.24) 1300(5.24) 227(5.23) 2717(5.21) 857(5.21) 640(5.21) 1144(5.20) 1215(5.20) 1367(5.20) 2897(5.20) 1359(5.20) 187(5.19) 2158(5.19) 907(5.19) 1372(5.19) 1057(5.19) 480(5.19) 2344(5.19) 438(5.18) 794(5.18) 1919(5.18) 1844(5.18) 202(5.17) 1667(5.17) 1666(5.17) 1996(5.17) 1997(5.17) 742(5.17) 1325(5.16) 567(5.16) 1555(5.16) 2232(5.16) 2920(5.16) 2609(5.15) 2662(5.15) 1453(5.15) 1261(5.14) 2011(5.14) 2010(5.14) 940(5.14) 272(5.14) 271(5.14) 2615(5.14) 1339(5.14) 1153(5.14) 2508(5.14) 847(5.14) 624(5.14) 220(5.14) 2447(5.13) 1507(5.13) 443(5.12) 1176(5.12) 2601(5.12) 1388(5.12) 889(5.11) 890(5.11) 1825(5.11) 2652(5.11) 216(5.11) 2651(5.11) 217(5.11) 2031(5.11) 1124(5.11) 


Filtered 840 locations: 2326 2322 2321 2323 2324 2228 2033 648 3037 650 2161 2445 3020 2109 2626 3004 2219 2931 1251 1935 2275 1423 2558 675 821 797 570 1332 554 1792 2453 665 1584 974 2235 1092 413 2891 340 1214 2944 2293 906 2698 421 179 801 2875 1369 1736 185 1070 2473 1419 83 862 3022 2443 1398 2877 1116 1315 1102 1790 1493 2635 229 682 779 1224 922 901 177 132 133 3003 2573 2134 664 1333 964 1324 544 3005 2928 1586 1496 2602 120 2912 1752 118 1830 795 439 1278 231 2804 1853 1977 1074 2185 329 1321 404 729 518 108 3017 2083 1890 1892 661 2837 676 537 2167 568 3016 2139 952 1277 346 2136 851 2699 3013 15 591 2753 563 2092 2349 2910 1655 2423 2440 2076 1149 447 881 284 280 1069 1769 2358 1782 1576 2930 2873 1056 1216 1432 2866 753 1803 1819 2587 785 1059 2571 2583 2064 2062 98 2106 2819 387 1788 2137 699 107 2475 523 1137 553 989 1559 2000 659 2852 2319 2317 2181 2297 176 526 2589 2862 1900 668 2526 2927 1914 225 562 674 389 717 2913 745 1896 1456 2088 2080 2001 478 92 1053 2581 1178 188 2157 1490 511 1082 1158 1556 566 1280 2941 2233 2908 2901 2563 1209 2663 813 101 26 939 1329 2693 2987 2729 2914 955 60 2868 1356 298 685 2242 2749 678 50 2252 1237 834 1942 1446 673 1663 2886 2359 747 2938 1590 1745 1588 1046 489 1401 493 2296 1185 2371 1110 2396 2291 251 2499 733 1154 1621 1618 1067 445 2921 2888 1631 99 1065 1076 2426 302 1637 1389 2478 1639 1422 1784 2330 476 1409 2416 312 487 1394 853 1944 2125 1924 382 951 643 14 663 646 965 1270 655 1685 2659 820 982 1463 2073 160 337 573 2774 2022 2093 871 74 582 57 1479 1305 1980 2107 612 927 1336 1017 496 2258 2559 2260 1206 33 508 1841 1508 2543 1835 244 2959 1197 419 784 1263 987 1240 1886 2216 399 2596 698 2209 1866 2238 403 2527 2221 2143 2525 520 450 2357 2363 2111 652 2191 2098 265 2802 1502 1824 1688 510 976 1871 1872 2120 2119 1524 932 555 1817 2059 818 1486 308 596 977 1066 335 2151 2935 2851 1096 598 1560 509 2401 1635 1603 2060 556 112 2383 2327 1350 1248 931 3000 2245 2966 994 2034 2691 2690 577 2488 1299 718 1513 1334 1612 1145 1532 1533 2195 519 2194 2704 2703 1491 2904 1220 2568 430 1474 2187 625 2714 310 402 2492 1596 2448 1607 535 1506 2376 887 2700 1448 1514 423 1184 2144 783 560 1050 49 2482 2451 571 2786 2381 1327 2460 67 1881 1689 2661 2882 2806 2367 2656 1260 1470 1378 816 830 1868 2580 1130 2839 2592 2597 2289 579 2061 169 839 626 454 378 383 1918 460 627 317 631 315 2029 2028 2023 154 152 1731 53 588 93 342 1734 157 1680 604 369 620 76 1681 1692 370 1976 1968 1669 46 1668 1958 601 126 228 798 1629 294 1613 1864 497 1498 408 240 418 1833 775 334 772 1773 1822 1821 1774 1783 762 270 1807 285 277 433 748 1599 1606 1746 1653 726 1906 183 727 826 191 1899 392 135 1763 1649 1764 446 1642 524 477 19 677 21 396 809 808 212 1884 223 1876 486 1766 662 2310 2917 2315 1408 2320 1080 2333 2346 1399 2889 2214 2392 2398 1119 2405 2406 2412 1380 1376 2439 2441 2386 998 2220 2229 2240 1445 1016 2965 2960 1023 2268 1052 2942 2273 1433 1031 2277 2290 2298 1417 1415 2305 2270 1207 1208 2778 1235 2769 2608 1318 2610 1242 1313 2442 2742 2672 2676 2709 1307 2740 2733 1293 1297 2719 2746 1364 2465 2853 2849 1159 1165 2486 1168 2498 1175 1328 163 2514 2796 1337 1190 2524 1194 2528 2538 2782 1181 2173 905 1472 3033 903 953 2998 983 3032 1476 1465 2089 924 2112 1451 950 2067 2993 2211 2110 2210 2991 911 3035 923 900 2105 2982 1271 1273 2981 701 2570 1749 233 543 1331 1501 696 1823 741 1455 2244 2827 2124 1129 2713 1247 2114 704 248 2892 2712 2300 2925 221 1999 1816 35 1785 525 1279 1071 331 2122 2945 644 119 1249 1349 963 2533 2132 2534 2133 993 2285 1915 1187 2924 559 2554 2572 2135 1800 2030 1687 1058 1832 2121 1984 1897 1300 227 2717 857 640 1144 1215 1367 2897 1359 187 2158 907 1372 1057 480 2344 438 794 1919 1844 202 1667 1666 1996 1997 742 1325 567 1555 2232 2920 2609 2662 1453 1261 2011 2010 940 272 271 2615 1339 1153 2508 847 624 220 2447 1507 443 1176 2601 1388 889 890 1825 2652 216 2651 217 2031 1124 

Extracted 0 prioritized locations: 

Final instance parameters:
loc_max_id: 3038
loc_cnt: 840
service: p3038_700
cust_max_id: 3038
cust_cnt: 3038
unweighted obj function
p: 700
total_demand: 152913.00
threshold_dist: 521.55



-------------------------------------------------
Final Problem RSSV heuristic
-------------------------------------------------
    RSSV_EXACT_CPMP_BIN
-------------------------------------------------
Gap Cplex Reports: gap_Bin_service_p3038_700_p_700_RSSV_EXACT_CPMP_BIN.csv
[CALLBACK] Generating reports cplex callbacks...
[CALLBACK] Using BreakCallback...
Time Limit with not improving 1.00% (gap): 300.00 seconds
Time Limit with Gap less than 1%: 180.00 seconds
Default row names c1, c2 ... being created.
Version identifier: 22.1.1.0 | 2022-11-28 | 9160aff4d
CPXPARAM_TimeLimit                               2098
Legacy callback                                  i
Tried aggregator 1 time.
MIP Presolve eliminated 2382864 rows and 2382864 columns.
Reduced MIP has 3879 rows, 169896 columns, and 339792 nonzeros.
Reduced MIP has 169896 binaries, 0 generals, 0 SOSs, and 0 indicators.
Presolve time = 5.22 sec. (1886.08 ticks)
Found incumbent of value 1019101.590033 after 9.15 sec. (2978.10 ticks)
Tried aggregator 1 time.
Detecting symmetries...
Reduced MIP has 3879 rows, 169896 columns, and 339792 nonzeros.
Reduced MIP has 169896 binaries, 0 generals, 0 SOSs, and 0 indicators.
Presolve time = 1.10 sec. (345.43 ticks)
Probing time = 1.89 sec. (35.13 ticks)
Clique table members: 172094.
MIP emphasis: balance optimality and feasibility.
MIP search method: dynamic search.
Parallel mode: deterministic, using up to 32 threads.
Root relaxation solution time = 1.48 sec. (190.54 ticks)

        Nodes                                         Cuts/
   Node  Left     Objective  IInf  Best Integer    Best Bound    ItCnt     Gap

*     0+    0                      1019101.5900        0.0000           100.00%
*     0+    0                       313083.6059        0.0000           100.00%
*     0+    0                       302084.6680        0.0000           100.00%
*     0+    0                       240259.5261        0.0000           100.00%
      0     0   147885.7869   758   240259.5261   147885.7869     1104   38.45%
Time: 32.48 seconds
MIP Gap: 0.38
Nodes: 0
Best Objective: 147885.786880147905322
Incumbent Obj:  240259.526058948482387
      0     0   149376.4610   832   240259.5261    Cuts: 1069     2151   37.83%
*     0+    0                       218214.6513   149376.4610            31.55%
      0     0   153733.5561  1089   218214.6513    Cuts: 1069     3731   29.55%
*     0+    0                       178186.9433   153733.5561            13.72%
Time: 38.755358934402466 seconds
MIP Gap: 0.137234450554451
Nodes: 0
Best Objective: 153733.556075986998621
Incumbent Obj:  178186.943341424455866
      0     0   155478.0381  1214   178186.9433    Cuts: 1069     5012   12.74%
*     0+    0                       169573.2362   155478.0381             8.31%
*     0+    0                       162409.4051   155478.0381             4.27%
*     0+    0                       161567.5489   155478.0381             3.77%
      0     0  -1.00000e+75     0   161567.5489   155478.0381     5012    3.77%
Time: 81.358857870101929 seconds
MIP Gap: 0.037690185447011
Nodes: 0
Best Objective: 155478.038058099627960
Incumbent Obj:  161567.548939862113912
      0     0   156066.3304  1230   161567.5489     Cuts: 919     6060    3.40%
      0     0   156331.3065  1157   161567.5489     Cuts: 634     6691    3.24%
Detecting symmetries...
      0     0   156441.5131  1050   161567.5489     Cuts: 445     7129    3.17%
      0     0   156522.3153  1069   161567.5489     Cuts: 343     7493    3.12%
Time: 87.076234817504883 seconds
MIP Gap: 0.031226776100176
Nodes: 0
Best Objective: 156522.315264062839560
Incumbent Obj:  161567.548939862113912
      0     0   156578.7396   982   161567.5489     Cuts: 274     7796    3.09%
      0     0   156612.4292   992   161567.5489     Cuts: 202     8055    3.07%
      0     0   156660.4624   921   161567.5489     Cuts: 204     8278    3.04%
      0     0   156685.2238   983   161567.5489     Cuts: 190     8467    3.02%
      0     0   156709.2351   789   161567.5489     Cuts: 152     8615    3.01%
      0     0   156724.0489   855   161567.5489     Cuts: 124     8767    3.00%
Time: 92.511663913726807 seconds
MIP Gap: 0.029978173734962
Nodes: 0
Best Objective: 156724.048887810960878
Incumbent Obj:  161567.548939862113912
      0     0   156732.6361   932   161567.5489     Cuts: 113     8899    2.99%
*     0+    0                       158233.0796   156732.6361             0.95%
Detecting symmetries...
Time: 119.881216049194336 seconds
MIP Gap: 0.009482489618716
Nodes: 0
Best Objective: 156732.636072417080868
Incumbent Obj:  158233.079607129184296
      0     2   156732.6361   932   158233.0796   156732.6361     8899    0.95%
Elapsed time = 104.76 sec. (15284.44 ticks, tree = 0.02 MB, solutions = 10)
     12     6   156744.6289   845   158233.0796   156733.7209     8974    0.95%
     39    33   156754.6268   770   158233.0796   156733.7209     9619    0.95%
     74    53   156747.6438   895   158233.0796   156740.0648    10247    0.94%
    123    96   156781.0154   876   158233.0796   156743.6301    11403    0.94%
Time: 126.928823947906494 seconds
MIP Gap: 0.009413009740652
Nodes: 131
Best Objective: 156743.630087493889732
Incumbent Obj:  158233.079607129184296
    188   174   156818.7304   744   158233.0796   156743.6301    13493    0.94%
    240   176   156821.6843   748   158233.0796   156745.4017    13509    0.94%
    311   290   156863.8506   646   158233.0796   156745.4017    15325    0.94%
Time: 132.564914941787720 seconds
MIP Gap: 0.009401813523893
Nodes: 362
Best Objective: 156745.401699351670686
Incumbent Obj:  158233.079607129184296
    401   350   156761.6398   857   158233.0796   156745.4017    16316    0.94%
    479   434   156996.6288   720   158233.0796   156747.2219    17868    0.94%
Time: 140.296833992004395 seconds
MIP Gap: 0.009385244973707
Nodes: 624
Best Objective: 156748.023392072209390
Incumbent Obj:  158233.079607129184296
    848   739   156930.0408   755   158233.0796   156748.6797    23375    0.94%
Elapsed time = 127.25 sec. (18414.76 ticks, tree = 46.73 MB, solutions = 10)
Time: 145.577556848526001 seconds
MIP Gap: 0.009380851487619
Nodes: 971
Best Objective: 156748.718586906121345
Incumbent Obj:  158233.079607129184296
Time: 152.102404832839966 seconds
MIP Gap: 0.009380851487619
Nodes: 1101
Best Objective: 156748.718586906121345
Incumbent Obj:  158233.079607129184296
*  1283+ 1018                       157751.7685   156748.7186             0.64%
   1318  1215   156913.5156   691   157751.7685   156748.7186    29798    0.64%
*  1340+ 1014                       157617.7305   156748.7186             0.55%
*  1382+ 1031                       157603.4086   156748.7186             0.54%
*  1388+ 1018                       157577.4688   156748.7186             0.53%
*  1413+ 1014                       157570.1856   156748.7186             0.52%
*  1498+ 1014                       157549.7977   156748.7186             0.51%
*  1513+ 1014                       157471.6472   156748.7186             0.46%
*  1531+ 1014                       157460.2401   156748.7186             0.45%
Time: 159.917358875274658 seconds
MIP Gap: 0.005259319461946
Nodes: 1399
Best Objective: 156748.718586906121345
Incumbent Obj:  157577.468835517007392
   1678  1472   157144.5314   577   157460.2401   156748.7186    32901    0.45%
Time: 165.876831054687500 seconds
MIP Gap: 0.005259319461946
Nodes: 1696
Best Objective: 156748.718586906121345
Incumbent Obj:  157577.468835517007392
Time: 171.537108898162842 seconds
MIP Gap: 0.005182879501128
Nodes: 2020
Best Objective: 156748.718586906121345
Incumbent Obj:  157565.360865825437941
   2163  1895   157308.9014   234   157460.2401   156748.7186    37524    0.45%
Time: 176.976833820343018 seconds
MIP Gap: 0.005182879501128
Nodes: 2150
Best Objective: 156748.718586906121345
Incumbent Obj:  157565.360865825437941
   2429  2171   156796.2433   885   157460.2401   156748.7186    41433    0.45%
Time: 185.297847032546997 seconds
MIP Gap: 0.004903568950318
Nodes: 2555
Best Objective: 156748.718586906121345
Incumbent Obj:  157521.134330226632301
   2799  2472   156793.9737   798   157460.2401   156748.7186    46618    0.45%
Time: 190.559491872787476 seconds
MIP Gap: 0.004881118196974
Nodes: 2784
Best Objective: 156748.718586906121345
Incumbent Obj:  157517.580515503737843
   2997  2660   157004.5886   663   157460.2401   156748.7186    49244    0.45%
   3277  2880   157052.7787   593   157460.2401   156748.7186    52172    0.45%
Time: 199.756153821945190 seconds
MIP Gap: 0.004881118196974
Nodes: 3142
Best Objective: 156748.718586906121345
Incumbent Obj:  157517.580515503737843
*  3508+ 3108                       157302.1580   156748.7186             0.35%
*  3530+ 3108                       157297.2650   156748.7186             0.35%
Time: 208.249622821807861 seconds
MIP Gap: 0.003487323462404
Nodes: 3463
Best Objective: 156748.718586906121345
Incumbent Obj:  157297.265029816655442
   3646  3219   157085.2738   278   157297.2650   156748.7186    56845    0.35%
Time: 217.781061887741089 seconds
MIP Gap: 0.003487323462404
Nodes: 3737
Best Objective: 156748.718586906121345
Incumbent Obj:  157297.265029816655442
   3900  3017   157202.1882   626   157297.2650   156748.7186    60599    0.35%
Time: 225.765784978866577 seconds
MIP Gap: 0.003476614849550
Nodes: 4079
Best Objective: 156750.403022420359775
Incumbent Obj:  157297.265029816655442
   4290  3367   156866.5223   621   157297.2650   156750.4030    66036    0.35%
Elapsed time = 210.58 sec. (27990.51 ticks, tree = 303.23 MB, solutions = 28)
Time: 232.611758947372437 seconds
MIP Gap: 0.003476614849550
Nodes: 4397
Best Objective: 156750.403022420359775
Incumbent Obj:  157297.265029816655442
   4617  3703   157084.8002   707   157297.2650   156750.4030    70571    0.35%
*  4685+ 3668                       157289.5212   156750.4030             0.34%
*  4808+ 3718                       157288.8793   156750.8287             0.34%
Time: 239.444843053817749 seconds
MIP Gap: 0.003473908533235
Nodes: 4708
Best Objective: 156750.828718575125095
Incumbent Obj:  157297.265029816655442
   4983  3982   157267.6947   522   157288.8793   156750.8287    74466    0.34%
Time: 246.041772842407227 seconds
MIP Gap: 0.003424846351948
Nodes: 4983
Best Objective: 156750.828718575125095
Incumbent Obj:  157289.521161324111745
   5273  4191   157248.1362   267   157288.8793   156750.8287    77337    0.34%
*  5333+ 4148                       157238.1644   156750.8287             0.31%
*  5357+ 4148                       157204.1546   156750.8287             0.29%
*  5363+ 4148                       157192.0466   156750.8287             0.28%

Performing restart 1

Repeating presolve.
Tried aggregator 1 time.
MIP Presolve eliminated 0 rows and 6974 columns.
Reduced MIP has 3879 rows, 162922 columns, and 325844 nonzeros.
Reduced MIP has 162922 binaries, 0 generals, 0 SOSs, and 0 indicators.
Presolve time = 0.86 sec. (287.58 ticks)
Tried aggregator 1 time.
Reduced MIP has 3879 rows, 162922 columns, and 325844 nonzeros.
Reduced MIP has 162922 binaries, 0 generals, 0 SOSs, and 0 indicators.
Presolve time = 1.15 sec. (331.20 ticks)
Represolve time = 12.64 sec. (3372.77 ticks)
*  5371+    0                       157184.0155   156752.2584             0.27%
   5371     0   156763.5059   682   157184.0155     Cuts: 141    89403    0.27%
   5371     0   156782.9911   680   157184.0155     Cuts: 124    89584    0.26%
   5371     0   156796.4111   733   157184.0155     Cuts: 116    89769    0.25%
*  5371+    0                       157072.0036   156796.4111             0.18%
*  5371+    0                       157037.6900   156796.4111             0.15%
   5371     0  -1.00000e+75     0   157037.6900   156796.4111    89769    0.15%
*  5371+    0                       157018.1252   156796.4111             0.14%
*  5371+    0                       157004.9535   156796.4111             0.13%
   5371     0  -1.00000e+75     0   157004.9535   156796.4111    89769    0.13%

Repeating presolve.
Tried aggregator 2 times.
MIP Presolve eliminated 0 rows and 105128 columns.
MIP Presolve modified 53 coefficients.
Aggregator did 1 substitutions.
Reduced MIP has 3878 rows, 57793 columns, and 115586 nonzeros.
Reduced MIP has 57793 binaries, 0 generals, 0 SOSs, and 0 indicators.
Presolve time = 0.37 sec. (130.63 ticks)
Tried aggregator 1 time.
MIP Presolve modified 6 coefficients.
Reduced MIP has 3878 rows, 57793 columns, and 115586 nonzeros.
Reduced MIP has 57793 binaries, 0 generals, 0 SOSs, and 0 indicators.
Presolve time = 0.32 sec. (109.77 ticks)
Represolve time = 14.56 sec. (4759.39 ticks)
   5371     0   156809.3551   676   157004.9535     Cuts: 142    94778    0.12%
   5371     0   156813.6791   728   157004.9535     Cuts: 109    94903    0.12%
   5371     0   156828.8572   584   157004.9535      Cuts: 82    95060    0.11%
*  5371+    0                       156967.0433   156828.8572             0.09%
   5371     0  -1.00000e+75     0   156967.0433   156828.8572    95060    0.09%
*  5371+    0                       156962.9333   156828.8572             0.09%
   5371     0  -1.00000e+75     0   156962.9333   156828.8572    95060    0.09%

Repeating presolve.
Tried aggregator 2 times.
MIP Presolve eliminated 4 rows and 24452 columns.
MIP Presolve modified 78 coefficients.
Aggregator did 14 substitutions.
Reduced MIP has 3860 rows, 33327 columns, and 66654 nonzeros.
Reduced MIP has 33327 binaries, 0 generals, 0 SOSs, and 0 indicators.
Presolve time = 0.21 sec. (84.02 ticks)
Tried aggregator 1 time.
MIP Presolve modified 12 coefficients.
Reduced MIP has 3860 rows, 33327 columns, and 66654 nonzeros.
Reduced MIP has 33327 binaries, 0 generals, 0 SOSs, and 0 indicators.
Presolve time = 0.17 sec. (62.11 ticks)
Represolve time = 9.88 sec. (3140.01 ticks)
   5371     0   156833.9491   570   156962.9333     Cuts: 114   100133    0.08%
   5371     0   156837.2858   527   156962.9333      Cuts: 81   100223    0.08%
   5371     0   156841.5837   578   156962.9333      Cuts: 48   100303    0.08%
   5371     0   156844.3529   555   156962.9333      Cuts: 77   100407    0.08%
   5371     0   156846.7017   524   156962.9333      Cuts: 75   100496    0.07%
*  5371+    0                       156959.3164   156846.7017             0.07%
   5371     0   156847.8693   536   156959.3164      Cuts: 58   100584    0.07%
   5371     0   156848.3335   538   156959.3164      Cuts: 40   100619    0.07%
   5371     0   156849.5179   605   156959.3164      Cuts: 36   100675    0.07%
   5371     0   156850.2515   488   156959.3164      Cuts: 61   100730    0.07%
   5371     0   156851.0649   534   156959.3164      Cuts: 33   100783    0.07%
   5371     0   156852.0157   504   156959.3164      Cuts: 57   100848    0.07%
   5371     0   156853.6488   544   156959.3164      Cuts: 45   100939    0.07%
   5371     0   156854.6346   498   156959.3164      Cuts: 44   101003    0.07%
   5371     0   156857.5755   458   156959.3164      Cuts: 44   101085    0.06%
   5371     0   156858.2546   484   156959.3164      Cuts: 28   101129    0.06%
   5371     0   156859.1611   500   156959.3164      Cuts: 49   101190    0.06%
   5371     0   156859.4962   552   156959.3164      Cuts: 39   101231    0.06%
*  5371+    0                       156956.7741   156859.4962             0.06%
Time: 494.005966901779175 seconds
MIP Gap: 0.000619774699829
Nodes: 5371
Best Objective: 156859.496236689476063
Incumbent Obj:  156956.774074227403617
Stopping optimization: Gap is less than 1% for more than 180.00 seconds.
Stopping optimization: Gap is less than 1% for more than 180.00 seconds.

Clique cuts applied:  1100
Cover cuts applied:  1109
Flow cuts applied:  301
Mixed integer rounding cuts applied:  481
Zero-half cuts applied:  1006
Lift and project cuts applied:  2
Gomory fractional cuts applied:  65

Root node processing (before b&c):
  Real time             =   93.62 sec. (16291.72 ticks)
Parallel b&c, 32 threads:
  Real time             =  393.81 sec. (42759.51 ticks)
  Sync time (average)   =   99.83 sec.
  Wait time (average)   =    3.36 sec.
                          ------------
Total (root+branch&cut) =  487.43 sec. (59051.23 ticks)
[INFO] Saving variables cplex:
./outputs/solutions/2024-08-27_LIT_seed_0_1-2p/VarsValues_cplex/test_lit_p3038_700_CPMP_Vars_Bin_p_700_RSSV_EXACT_CPMP_BIN.txt
[INFO] Saving results cplex: 
./outputs/solutions/2024-08-27_LIT_seed_0_1-2p/Results_cplex/test_lit_p3038_700_Bin_RSSV_EXACT_CPMP_BIN.csv

Final solution CPMP:
p locations: 2991 1498 2067 950 924 1465 2538 1194 1031 1337 1168 2486 2849 2465 2746 1293 1247 2676 2672 1242 2610 1318 2778 2270 1415 2908 1417 2298 163 2277 2960 1016 2240 2386 1023 1376 2089 1380 2873 2406 1119 2214 1399 2333 2498 1080 2320 2917 486 1876 1175 1884 212 809 396 21 1514 19 477 1642 1763 270 135 392 1190 1899 191 727 2310 183 1653 160 1746 433 277 772 775 340 418 408 294 1629 228 126 1958 1968 1976 1681 369 1680 187 2993 157 342 1835 93 1297 588 2889 762 53 152 154 2023 2028 535 2442 315 631 317 378 2597 2592 2839 830 2796 1260 2656 240 2367 2806 2173 46 2882 3032 905 1881 1327 2381 2451 1773 2482 280 989 49 3035 1050 2543 560 726 2144 2376 1607 2448 2305 887 1596 402 310 1803 2714 430 2568 1491 2703 67 2194 519 1532 625 1334 577 2034 2412 285 994 839 2966 1248 556 2769 2060 983 1692 2401 1307 598 335 1066 2559 2904 2195 1486 818 1350 2059 555 932 701 2119 2753 626 1871 2580 510 2211 2191 698 652 2363 2652 1868 450 520 2527 1821 1866 2209 1886 1240 2405 987 413 2959 1508 423 1841 2699 2258 1053 1165 1734 1130 421 1216 1181 1890 2901 1408 1056 1560 851 2930 1782 673 544 447 1731 2440 383 1092 753 2423 15 1433 2851 993 284 952 1069 662 2080 2927 931 2349 1332 568 1277 677 2804 518 2011 2877 729 329 404 1752 1774 1065 2558 1783 2492 1074 1977 2626 795 2245 118 460 2587 76 785 1184 2602 3020 2167 1493 2064 646 2139 2392 265 974 120 1613 2322 2659 1369 964 571 1280 2698 2862 26 1631 2987 1639 2383 1372 2228 543 2729 370 2187 1176 1745 1071 2242 220 2938 2229 1555 337 1046 3005 169 2296 2749 2528 1110 747 1456 35 1453 779 2291 3000 2663 2733 1315 1790 2499 1067 1470 1389 2098 14 1432 1769 2478 119 1422 579 1997 1270 312 2439 881 1590 1892 2601 1924 99 808 2935 951 798 2216 2925 229 596 1305 907 233 1599 890 216 820 2238 794 2445 1736 1261 1935 624 1586 3004 982 524 1942 1649 231 940 272 2719 2010 911 202 2981 1663 620 1329 1356 2774 2609 1900 1919 1129 2886 50 1635 2344 217 2913 1479 1816 2273 2982 2508 1339 1944 1235 1833 1124 2135 1576 2285 1116 1825 2534 640 1349 1823 1149 2914 1496 443 2076 1367 1996 648 1800 1463 2137 2740 2031 1556 847 1153 2327 1618 2910 74 783 1076 1785 1844 1472 2181 1914 496 2110 2819 566 2693 1984 2357 939 438 2691 1273 1832 1158 1906 1197 2615 570 1279 1394 685 298 176 2554 1209 2712 2073 2782 1364 1506 2924 497 1206 1915 834 2252 2300 2133 83 1501 480 244 2371 953 2330 1621 2709 2000 582 2941 1666 248 331 1749 2122 704 2868 741 826 2244 696 308 1017 1398 2107 1185 476 813 2161 1220 2157 1448 2866 2581 454 2219 801 2928 2088 1807 389 2359 3033 1313 2022 604 1685 976 302 2092 225 487 1271 562 1980 2317 1178 399 2526 1817 251 1669 2105 1588 1251 901 493 2268 1559 1524 2233 2942 1896 1187 478 1419 2837 1137 2062 644 1655 3003 2125 733 2151 2488 1145 2563 2132 1423 682 612 1321 2030 2185 1476 387 1096 2514 1237 2690 563 668 1451 33 742 2944 2235 1224 2109 3022 1853 1606 2315 862 2802 2093 745 185 1603 133 2260 2573 1864 853 748 2875 718 2136 2398 1689 271 346 2473 1764 1214 2061 643 889 3016 2001 2635 508 1300 591 2742 2033 1324 1359 650 1102 678 1059 1513 2931 2827 1409 665 2083 2158 2852 2143 2293 1584 2700 573 816 107 1792 1057 1766 2475 1637 2346 537 821 112 2786 659 1299 2717 1446 98 57 998 2416 923 2453 927 857 2275 1263 903 1612 1687 2396 3013 177 2289 2998 871 
p size: 700
objective: 156956.774074239947367
sum (dij * xij) 
demand/capacity: 152913.000000000000000/191100
Solution is Feasible
Statistics:
Max distance: 281.396517391384918
Min distance: 0.000000000000000
Avg distance: 51.664507595207354
Std deviation distance: 41.757050524513502


Final total elapsed time: 820s
[INFO] Saving assignment: ./outputs/solutions/2024-08-27_LIT_seed_0_1-2p/Assignments/test_lit_p3038_700_p_700_RSSV_EXACT_CPMP_BIN.txt
[INFO] Saving results: ./outputs/solutions/2024-08-27_LIT_seed_0_1-2p/test_lit_p3038_700_results_RSSV_EXACT_CPMP_BIN.csv
[INFO] Saving all results: ./outputs/solutions/test_all_results.csv
Post Optimization: EXACT_CPMP_BIN


-------------------------------------------------
Post Optimization
-------------------------------------------------
method: EXACT_CPMP_BIN
-------------------------------------------------
Time for post-optimization: 2780.000000000000000s
PostOptimization constructor
p locations: 2991 1498 2067 950 924 1465 2538 1194 1031 1337 1168 2486 2849 2465 2746 1293 1247 2676 2672 1242 2610 1318 2778 2270 1415 2908 1417 2298 163 2277 2960 1016 2240 2386 1023 1376 2089 1380 2873 2406 1119 2214 1399 2333 2498 1080 2320 2917 486 1876 1175 1884 212 809 396 21 1514 19 477 1642 1763 270 135 392 1190 1899 191 727 2310 183 1653 160 1746 433 277 772 775 340 418 408 294 1629 228 126 1958 1968 1976 1681 369 1680 187 2993 157 342 1835 93 1297 588 2889 762 53 152 154 2023 2028 535 2442 315 631 317 378 2597 2592 2839 830 2796 1260 2656 240 2367 2806 2173 46 2882 3032 905 1881 1327 2381 2451 1773 2482 280 989 49 3035 1050 2543 560 726 2144 2376 1607 2448 2305 887 1596 402 310 1803 2714 430 2568 1491 2703 67 2194 519 1532 625 1334 577 2034 2412 285 994 839 2966 1248 556 2769 2060 983 1692 2401 1307 598 335 1066 2559 2904 2195 1486 818 1350 2059 555 932 701 2119 2753 626 1871 2580 510 2211 2191 698 652 2363 2652 1868 450 520 2527 1821 1866 2209 1886 1240 2405 987 413 2959 1508 423 1841 2699 2258 1053 1165 1734 1130 421 1216 1181 1890 2901 1408 1056 1560 851 2930 1782 673 544 447 1731 2440 383 1092 753 2423 15 1433 2851 993 284 952 1069 662 2080 2927 931 2349 1332 568 1277 677 2804 518 2011 2877 729 329 404 1752 1774 1065 2558 1783 2492 1074 1977 2626 795 2245 118 460 2587 76 785 1184 2602 3020 2167 1493 2064 646 2139 2392 265 974 120 1613 2322 2659 1369 964 571 1280 2698 2862 26 1631 2987 1639 2383 1372 2228 543 2729 370 2187 1176 1745 1071 2242 220 2938 2229 1555 337 1046 3005 169 2296 2749 2528 1110 747 1456 35 1453 779 2291 3000 2663 2733 1315 1790 2499 1067 1470 1389 2098 14 1432 1769 2478 119 1422 579 1997 1270 312 2439 881 1590 1892 2601 1924 99 808 2935 951 798 2216 2925 229 596 1305 907 233 1599 890 216 820 2238 794 2445 1736 1261 1935 624 1586 3004 982 524 1942 1649 231 940 272 2719 2010 911 202 2981 1663 620 1329 1356 2774 2609 1900 1919 1129 2886 50 1635 2344 217 2913 1479 1816 2273 2982 2508 1339 1944 1235 1833 1124 2135 1576 2285 1116 1825 2534 640 1349 1823 1149 2914 1496 443 2076 1367 1996 648 1800 1463 2137 2740 2031 1556 847 1153 2327 1618 2910 74 783 1076 1785 1844 1472 2181 1914 496 2110 2819 566 2693 1984 2357 939 438 2691 1273 1832 1158 1906 1197 2615 570 1279 1394 685 298 176 2554 1209 2712 2073 2782 1364 1506 2924 497 1206 1915 834 2252 2300 2133 83 1501 480 244 2371 953 2330 1621 2709 2000 582 2941 1666 248 331 1749 2122 704 2868 741 826 2244 696 308 1017 1398 2107 1185 476 813 2161 1220 2157 1448 2866 2581 454 2219 801 2928 2088 1807 389 2359 3033 1313 2022 604 1685 976 302 2092 225 487 1271 562 1980 2317 1178 399 2526 1817 251 1669 2105 1588 1251 901 493 2268 1559 1524 2233 2942 1896 1187 478 1419 2837 1137 2062 644 1655 3003 2125 733 2151 2488 1145 2563 2132 1423 682 612 1321 2030 2185 1476 387 1096 2514 1237 2690 563 668 1451 33 742 2944 2235 1224 2109 3022 1853 1606 2315 862 2802 2093 745 185 1603 133 2260 2573 1864 853 748 2875 718 2136 2398 1689 271 346 2473 1764 1214 2061 643 889 3016 2001 2635 508 1300 591 2742 2033 1324 1359 650 1102 678 1059 1513 2931 2827 1409 665 2083 2158 2852 2143 2293 1584 2700 573 816 107 1792 1057 1766 2475 1637 2346 537 821 112 2786 659 1299 2717 1446 98 57 998 2416 923 2453 927 857 2275 1263 903 1612 1687 2396 3013 177 2289 2998 871 
p size: 700
objective: 156956.774074239947367
sum (dij * xij) 
demand/capacity: 152913.000000000000000/191100
Solution is Feasible
[INFO] Running post-optimization
Time limit: 2780.000000000000000
Max size of the neigh: 3
 ------------------------------------ 

Iteration Post-Optimization: 1
Size of neighborhood: 1
[INFO] Adding MIP start solution
Gap Cplex Reports: gap_Bin_service_p3038_700_p_700_RSSV_POSTOPT.csv
[CALLBACK] Generating reports cplex callbacks...
Default row names c1, c2 ... being created.
Version identifier: 22.1.1.0 | 2022-11-28 | 9160aff4d
CPXPARAM_TimeLimit                               2780
CPXPARAM_MIP_Tolerances_LowerCutoff              156859.49623668948
Legacy callback                                  i
1 of 2 MIP starts provided solutions.
MIP start 'm1' defined initial solution with objective 157310.0910.
Tried aggregator 1 time.
MIP Presolve eliminated 9030034 rows and 9030034 columns.
Reduced MIP has 6777 rows, 202448 columns, and 406296 nonzeros.
Reduced MIP has 202448 binaries, 0 generals, 0 SOSs, and 0 indicators.
Presolve time = 15.44 sec. (5975.93 ticks)
Tried aggregator 1 time.
Detecting symmetries...
Reduced MIP has 6777 rows, 202448 columns, and 406296 nonzeros.
Reduced MIP has 202448 binaries, 0 generals, 0 SOSs, and 0 indicators.
Presolve time = 1.26 sec. (410.04 ticks)
Probing time = 1.46 sec. (37.04 ticks)
Clique table members: 203148.
MIP emphasis: balance optimality and feasibility.
MIP search method: dynamic search.
Parallel mode: deterministic, using up to 32 threads.
Root relaxation solution time = 0.83 sec. (380.33 ticks)

        Nodes                                         Cuts/
   Node  Left     Objective  IInf  Best Integer    Best Bound    ItCnt     Gap

*     0+    0                       157310.0910        0.0000           100.00%
      0     0    64103.5235  2436   157310.0910    64103.5235     6632   59.25%
Time: 198.926330089569092 seconds
MIP Gap: 0.592502152122487
Nodes: 0
Best Objective: 64103.523527353965619
Incumbent Obj:  157310.090988805488450
*     0+    0                       156630.6739    64103.5235            59.07%
      0     0    96803.1013  3937   156630.6739    Cuts: 1794     9822   38.20%
Time: 205.412258148193359 seconds
MIP Gap: 0.381965876304885
Nodes: 0
Best Objective: 96803.101265085075283
Incumbent Obj:  156630.673863631935092
      0     0   109481.4993  3862   156630.6739    Cuts: 1794    12302   30.10%
      0     0   115721.0448  3773   156630.6739    Cuts: 1794    14627   26.12%
*     0+    0                       148407.3430   115721.0448            22.02%
      0     0  -1.00000e+75     0   148407.3430   115721.0448    14627   22.02%
Time: 213.982292175292969 seconds
MIP Gap: 0.220247175974493
Nodes: 0
Best Objective: 115721.044784233949031
Incumbent Obj:  148407.342966479016468
      0     0   119493.9110  3499   148407.3430    Cuts: 1794    16584   19.48%
Time: 220.357038021087646 seconds
MIP Gap: 0.194824806799212
Nodes: 0
Best Objective: 119493.911045450338861
Incumbent Obj:  148407.342966479016468
      0     0   121698.1913  3160   148407.3430    Cuts: 1794    18291   18.00%
Detecting symmetries...
      0     0   123034.4971  3229   148407.3430    Cuts: 1481    19933   17.10%
Time: 227.005146026611328 seconds
MIP Gap: 0.170967591017387
Nodes: 0
Best Objective: 123034.497050208869041
Incumbent Obj:  148407.342966479016468
      0     0   123831.9027  3115   148407.3430    Cuts: 1193    21332   16.56%
      0     0   124302.2061  2900   148407.3430     Cuts: 935    22609   16.24%
Time: 233.296633005142212 seconds
MIP Gap: 0.162425500181928
Nodes: 0
Best Objective: 124302.206054477675934
Incumbent Obj:  148407.342966479016468
      0     0   124603.2716  2644   148407.3430     Cuts: 766    23606   16.04%
      0     0   124813.1897  2585   148407.3430     Cuts: 572    24390   15.90%
      0     0   124921.8380  2597   148407.3430     Cuts: 472    25027   15.83%
Time: 238.523464202880859 seconds
MIP Gap: 0.158250289033811
Nodes: 0
Best Objective: 124921.838047293756972
Incumbent Obj:  148407.342966479016468
      0     0   125019.6366  2686   148407.3430     Cuts: 412    25628   15.76%
      0     0   125090.8807  2500   148407.3430     Cuts: 405    26140   15.71%
      0     0   125132.3993  2513   148407.3430     Cuts: 278    26574   15.68%
Time: 244.261012077331543 seconds
MIP Gap: 0.156831483145092
Nodes: 0
Best Objective: 125132.399259423749754
Incumbent Obj:  148407.342966479016468
      0     0   125166.0958  2429   148407.3430     Cuts: 278    26966   15.66%
      0     0   125189.9949  2364   148407.3430     Cuts: 208    27289   15.64%
      0     0   125209.1287  2395   148407.3430     Cuts: 173    27560   15.63%
Time: 251.230072975158691 seconds
MIP Gap: 0.156314464184656
Nodes: 0
Best Objective: 125209.128669605299365
Incumbent Obj:  148407.342966479016468
      0     0   125224.6483  2534   148407.3430     Cuts: 143    27868   15.62%
Detecting symmetries...
Time: 308.020987987518311 seconds
MIP Gap: 0.156209889786835
Nodes: 0
Best Objective: 125224.648278128268430
Incumbent Obj:  148407.342966479016468
      0     2   125224.6483  2534   148407.3430   125224.6483    27868   15.62%
Elapsed time = 257.83 sec. (49960.05 ticks, tree = 0.02 MB, solutions = 3)
      4     6   125236.5729  2307   148407.3430   125224.6888    28031   15.62%
      9     8   125241.8239  2142   148407.3430   125226.1817    28246   15.62%
Time: 313.378350973129272 seconds
MIP Gap: 0.156187550081584
Nodes: 19
Best Objective: 125227.963654427192523
Incumbent Obj:  148407.342966479016468
     24    10   125236.5389  2128   148407.3430   125227.9637    28300   15.62%
     49    33   125275.9913  2101   148407.3430   125234.7973    30821   15.61%
     82    58   125291.5155  2329   148407.3430   125235.2406    32520   15.61%
    124    98   125306.3809  1818   148407.3430   125236.5674    34490   15.61%
Time: 318.618594169616699 seconds
MIP Gap: 0.156129575921422
Nodes: 126
Best Objective: 125236.567445497552399
Incumbent Obj:  148407.342966479016468
    181   144   125304.6549  1626   148407.3430   125236.5674    36906   15.61%
    249   206   125283.8738  1776   148407.3430   125236.5674    38611   15.61%
    289   199   125250.1211  2115   148407.3430   125243.8285    38553   15.61%
Time: 324.150279045104980 seconds
MIP Gap: 0.156080317745003
Nodes: 306
Best Objective: 125243.877720579330344
Incumbent Obj:  148407.342966479016468
Time: 329.642332077026367 seconds
MIP Gap: 0.156061296531859
Nodes: 446
Best Objective: 125246.700608282044413
Incumbent Obj:  148407.342966479016468
    472   404   125341.6807  1398   148407.3430   125245.9835    44956   15.61%
Elapsed time = 278.65 sec. (53115.98 ticks, tree = 41.96 MB, solutions = 3)
Time: 334.757766008377075 seconds
MIP Gap: 0.156048899496281
Nodes: 521
Best Objective: 125248.540419392782496
Incumbent Obj:  148407.342966479016468
*   542+  423                       131519.9115   125248.5404             4.77%
*   571+  343                       127989.5216   125248.5404             2.14%
    582   437   125286.3242  1806   127989.5216   125248.5404    46456    2.14%
Time: 340.311571121215820 seconds
MIP Gap: 0.047683814904109
Nodes: 537
Best Objective: 125248.540419392782496
Incumbent Obj:  131519.911537344334647
*   588+  433                       127799.2874   125248.5404             2.00%
Time: 346.183531999588013 seconds
MIP Gap: 0.021415668499280
Nodes: 550
Best Objective: 125248.540419392782496
Incumbent Obj:  127989.521585039445199
    616   562   125516.6824  1186   127799.2874   125248.5404    50487    2.00%
Time: 352.747110128402710 seconds
MIP Gap: 0.021415668499280
Nodes: 575
Best Objective: 125248.540419392782496
Incumbent Obj:  127989.521585039445199
    656   588   125572.4789  1179   127799.2874   125248.5404    51349    2.00%
Time: 360.073696136474609 seconds
MIP Gap: 0.021415668499280
Nodes: 637
Best Objective: 125248.540419392782496
Incumbent Obj:  127989.521585039445199
    742   682   125599.9945  1091   127799.2874   125248.5404    53911    2.00%
Time: 365.806321144104004 seconds
MIP Gap: 0.019959007612756
Nodes: 720
Best Objective: 125248.540419392782496
Incumbent Obj:  127799.287368893303210
    816   734   125490.5725  1235   127799.2874   125248.5404    55359    2.00%
Time: 371.345503091812134 seconds
MIP Gap: 0.019959007612756
Nodes: 795
Best Objective: 125248.540419392782496
Incumbent Obj:  127799.287368893303210
    868   775   125657.2284   839   127799.2874   125248.5404    56842    2.00%
Time: 378.966351985931396 seconds
MIP Gap: 0.019959007612756
Nodes: 841
Best Objective: 125248.540419392782496
Incumbent Obj:  127799.287368893303210
    949   888   125389.1317  1255   127799.2874   125248.5404    60943    2.00%
Time: 384.677713155746460 seconds
MIP Gap: 0.019959007612756
Nodes: 905
Best Objective: 125248.540419392782496
Incumbent Obj:  127799.287368893303210
    997   916   125491.1041   962   127799.2874   125248.5404    61998    2.00%
Time: 391.600196123123169 seconds
MIP Gap: 0.019959007612756
Nodes: 950
Best Objective: 125248.540419392782496
Incumbent Obj:  127799.287368893303210
   1050   975   125635.2154   919   127799.2874   125248.5404    64011    2.00%
Time: 398.203924179077148 seconds
MIP Gap: 0.019959007612756
Nodes: 1050
Best Objective: 125248.540419392782496
Incumbent Obj:  127799.287368893303210
   1100  1012   125816.0109   645   127799.2874   125248.5404    65520    2.00%
Elapsed time = 352.48 sec. (62964.06 ticks, tree = 120.42 MB, solutions = 8)
Time: 408.790896177291870 seconds
MIP Gap: 0.019959007612756
Nodes: 1082
Best Objective: 125248.540419392782496
Incumbent Obj:  127799.287368893303210
   1226  1104   125746.2422   644   127799.2874   125248.5404    68343    2.00%
Time: 418.182548046112061 seconds
MIP Gap: 0.019954163776565
Nodes: 1324
Best Objective: 125249.159458206137060
Incumbent Obj:  127799.287368893303210
   1459  1323   125666.9339   649   127799.2874   125249.1595    75190    2.00%
Time: 427.637500047683716 seconds
MIP Gap: 0.019953641127937
Nodes: 1484
Best Objective: 125249.226252328269766
Incumbent Obj:  127799.287368893303210
   1685  1501   125602.7730   930   127799.2874   125249.2263    80385    2.00%
Time: 434.551124095916748 seconds
MIP Gap: 0.019951459092707
Nodes: 1632
Best Objective: 125249.505114875777508
Incumbent Obj:  127799.287368893303210
Time: 441.890031099319458 seconds
MIP Gap: 0.019950793728244
Nodes: 1849
Best Objective: 125249.590147979994072
Incumbent Obj:  127799.287368893303210
   1954  1736   125441.1979  1053   127799.2874   125249.5051    88350    2.00%
   2217  1962   125472.8921   967   127799.2874   125249.5901    96066    2.00%
Time: 452.523394107818604 seconds
MIP Gap: 0.019950793728244
Nodes: 2142
Best Objective: 125249.590147979994072
Incumbent Obj:  127799.287368893303210
Time: 462.248576164245605 seconds
MIP Gap: 0.019950793728244
Nodes: 2370
Best Objective: 125249.590147979994072
Incumbent Obj:  127799.287368893303210
   2517  2173   125655.8409   797   127799.2874   125249.5901   104105    2.00%
   2763  2536   125562.6511  1096   127799.2874   125249.5901   116649    2.00%
*  2862+ 2339                       127061.9006   125249.5901             1.43%
Time: 483.284507989883423 seconds
MIP Gap: 0.014263209284943
Nodes: 2763
Best Objective: 125249.590147979994072
Incumbent Obj:  127061.900628791074269
   2972  2729   125773.4935   807   127061.9006   125249.5901   123308    1.43%
Time: 488.469711065292358 seconds
MIP Gap: 0.014263209284943
Nodes: 2805
Best Objective: 125249.590147979994072
Incumbent Obj:  127061.900628791074269
   3034  2779   125993.2106   545   127061.9006   125249.5901   125461    1.43%
Time: 495.215607166290283 seconds
MIP Gap: 0.014263209284943
Nodes: 2885
Best Objective: 125249.590147979994072
Incumbent Obj:  127061.900628791074269
   3083  2823   125862.3384   569   127061.9006   125249.5901   128349    1.43%
Elapsed time = 443.58 sec. (72669.41 ticks, tree = 406.49 MB, solutions = 9)
   3181  2878   126166.6629   559   127061.9006   125249.5901   131338    1.43%
Time: 503.326516151428223 seconds
MIP Gap: 0.014263209284943
Nodes: 3025
Best Objective: 125249.590147979994072
Incumbent Obj:  127061.900628791074269
   3309  3079   125617.9833   711   127061.9006   125249.5901   142097    1.43%
   3432  3256   125801.1790   773   127061.9006   125249.5901   150255    1.43%
   3595  3357   126110.0737   452   127061.9006   125250.2241   154022    1.43%
Time: 535.748011112213135 seconds
MIP Gap: 0.014257924474292
Nodes: 3555
Best Objective: 125250.261646065730019
Incumbent Obj:  127061.900628791074269
   3740  3507   125971.6080   622   127061.9006   125250.2616   161537    1.43%
*  3748+ 3452                       126696.8805   125250.2616             1.14%
*  3824+ 3452                       126583.6599   125250.2616             1.05%
   3901  3608   125434.5394  1223   126583.6599   125250.2616   165904    1.05%
   4009  3688   126424.5701   567   126583.6599   125250.2616   169675    1.05%
Time: 552.411870002746582 seconds
MIP Gap: 0.010533731432417
Nodes: 3735
Best Objective: 125250.261646065730019
Incumbent Obj:  126583.659923431550851
*  4023+ 3694                       126474.0973   125250.2616             0.97%
   4050  3721   126422.7877   381   126474.0973   125250.2616   172726    0.97%
Time: 566.522279024124146 seconds
MIP Gap: 0.009676571517604
Nodes: 3809
Best Objective: 125250.261646065730019
Incumbent Obj:  126474.097293652186636
   4114  3783   126101.1261   529   126474.0973   125250.2616   175783    0.97%
*  4118+ 3790                       126444.7453   125250.2616             0.94%
*  4125+ 3797                       126423.0943   125250.2616             0.93%
*  4138+ 3797                       126399.6680   125250.2616             0.91%
   4148  3829   126434.0830   349   126399.6680   125250.2616   180474    0.91%
Elapsed time = 520.27 sec. (82340.96 ticks, tree = 589.15 MB, solutions = 13)
*  4152+ 3797                       126373.3763   125250.2616             0.89%
Time: 579.466273069381714 seconds
MIP Gap: 0.008887272432474
Nodes: 3889
Best Objective: 125250.261646065730019
Incumbent Obj:  126373.376269181491807
   4207  3847   125354.5299  1348   126373.3763   125250.2616   181346    0.89%
*  4220+ 3861                       126336.2940   125250.2616             0.86%
   4240  3847   126172.3543   403   126336.2940   125250.2616   183005    0.86%
Time: 590.714331150054932 seconds
MIP Gap: 0.008887272432474
Nodes: 3983
Best Objective: 125250.261646065730019
Incumbent Obj:  126373.376269181491807
   4296  3901        cutoff         126336.2940   125250.2616   189207    0.86%
Time: 598.731544017791748 seconds
MIP Gap: 0.008596360370643
Nodes: 4078
Best Objective: 125250.261646065730019
Incumbent Obj:  126336.293956809910014
   4364  3929   125473.6491  1179   126336.2940   125250.2616   190810    0.86%
   4448  4022   126330.0716   451   126336.2940   125250.2616   197654    0.86%
*  4530+ 3970                       126252.8152   125250.2616             0.79%
Time: 614.758406162261963 seconds
MIP Gap: 0.008596360370643
Nodes: 4258
Best Objective: 125250.261646065730019
Incumbent Obj:  126336.293956809910014
   4542  4026   125379.2193  1717   126252.8152   125250.2616   198161    0.79%
   4648  4077   125544.7779  1025   126252.8152   125250.2616   204243    0.79%
Time: 631.419454097747803 seconds
MIP Gap: 0.007940841359704
Nodes: 4389
Best Objective: 125250.261646065730019
Incumbent Obj:  126252.815222967386944
   4730  4105   125416.7007  1399   126252.8152   125250.2616   206391    0.79%
   4796  4222   125488.5209  1189   126252.8152   125250.2616   211815    0.79%
Time: 641.014479160308838 seconds
MIP Gap: 0.007940841359704
Nodes: 4544
Best Objective: 125250.261646065730019
Incumbent Obj:  126252.815222967386944
*  4845+ 4111                       126235.7769   125250.2616             0.78%
   4875  4225   125665.7878   950   126235.7769   125250.2616   211638    0.78%
Elapsed time = 591.51 sec. (92001.39 ticks, tree = 665.47 MB, solutions = 23)
   4960  4274   125572.1950  1015   126235.7769   125250.2616   215726    0.78%
Time: 649.178138017654419 seconds
MIP Gap: 0.007806940927024
Nodes: 4688
Best Objective: 125250.261646065730019
Incumbent Obj:  126235.776899194737780
   5049  4315   125616.1334  1024   126235.7769   125250.2616   216638    0.78%
*  5132+ 4409                       126193.3084   125250.2616             0.75%
Time: 661.106535196304321 seconds
MIP Gap: 0.007806940927024
Nodes: 4852
Best Objective: 125250.261646065730019
Incumbent Obj:  126235.776899194737780
   5142  4517   125550.5162   972   126193.3084   125250.2616   227595    0.75%
*  5159+ 4409                       126157.0541   125250.2616             0.72%
   5254  4394   125628.9395   745   126157.0541   125250.2616   230088    0.72%
Time: 672.210497140884399 seconds
MIP Gap: 0.007187806400522
Nodes: 5000
Best Objective: 125250.261646065730019
Incumbent Obj:  126157.054127192182932
   5341  4378   125331.0754  1733   126157.0541   125250.2616   229872    0.72%
   5435  4522   125346.2169  1618   126157.0541   125250.2616   235756    0.72%

Performing restart 1

Repeating presolve.
Tried aggregator 1 time.
MIP Presolve modified 96 coefficients.
Reduced MIP has 6777 rows, 202448 columns, and 406296 nonzeros.
Reduced MIP has 202448 binaries, 0 generals, 0 SOSs, and 0 indicators.
Presolve time = 1.10 sec. (421.08 ticks)
Tried aggregator 1 time.
MIP Presolve modified 18 coefficients.
Reduced MIP has 6777 rows, 202448 columns, and 406296 nonzeros.
Reduced MIP has 202448 binaries, 0 generals, 0 SOSs, and 0 indicators.
Presolve time = 1.73 sec. (488.77 ticks)
Represolve time = 60.09 sec. (8424.39 ticks)
   5472     0   125293.4775  2450   126157.0541     Cuts: 212   269464    0.68%
   5472     0   125321.8548  2518   126157.0541     Cuts: 226   269878    0.66%
   5472     0   125338.9089  2223   126157.0541     Cuts: 219   270202    0.65%
   5472     0   125355.6426  2386   126157.0541     Cuts: 177   270525    0.64%
   5472     0   125368.2161  2404   126157.0541     Cuts: 141   270769    0.63%
   5472     0   125384.4821  2592   126157.0541     Cuts: 114   271053    0.61%
   5472     0   125395.9513  2494   126157.0541     Cuts: 127   271350    0.60%
   5472     0   125405.1517  2233   126157.0541     Cuts: 130   271590    0.60%
   5472     0   125414.9804  2155   126157.0541     Cuts: 100   271789    0.59%
   5472     0   125423.4504  2258   126157.0541      Cuts: 74   271991    0.58%
   5472     0   125429.5896  2233   126157.0541      Cuts: 66   272160    0.58%
   5472     0   125433.5550  2526   126157.0541      Cuts: 82   272372    0.57%
   5472     0   125438.7175  2221   126157.0541      Cuts: 71   272571    0.57%
   5472     0   125442.9471  2271   126157.0541     Cuts: 106   272725    0.57%
   5472     0   125445.4080  2400   126157.0541      Cuts: 58   272875    0.56%
   5472     0   125447.7113  2541   126157.0541      Cuts: 58   272991    0.56%
   5472     0   125450.6795  2474   126157.0541      Cuts: 42   273080    0.56%
   5472     0   125451.6087  2424   126157.0541      Cuts: 25   273120    0.56%
   5472     0   125452.4912  2404   126157.0541      Cuts: 18   273168    0.56%
   5472     0   125453.5232  2229   126157.0541      Cuts: 16   273217    0.56%
   5472     0   125454.9708  2461   126157.0541      Cuts: 33   273290    0.56%
*  5472+    0                       126081.2191   125454.9708             0.50%
Time: 960.254329204559326 seconds
MIP Gap: 0.004967022315134
Nodes: 5472
Best Objective: 125454.970825207070448
Incumbent Obj:  126081.219053766399156
   5472     2   125454.9708  2461   126081.2191   125454.9708   273290    0.50%
Time: 965.354930162429810 seconds
MIP Gap: 0.004962697381901
Nodes: 5481
Best Objective: 125455.516118061335874
Incumbent Obj:  126081.219053766399156
   5494     8   125514.7744  2297   126081.2191   125455.5774   273445    0.50%
Time: 970.501613140106201 seconds
MIP Gap: 0.004950795423293
Nodes: 5496
Best Objective: 125457.016731511801481
Incumbent Obj:  126081.219053766399156
Time: 978.644243001937866 seconds
MIP Gap: 0.004939061364589
Nodes: 5535
Best Objective: 125458.496175937703811
Incumbent Obj:  126081.219053766399156
   5672   103   125569.2912  2018   126081.2191   125458.4962   276427    0.49%
Time: 984.863003015518188 seconds
MIP Gap: 0.004936162175481
Nodes: 5746
Best Objective: 125458.861709234697628
Incumbent Obj:  126081.219053766399156
   5923   362   125510.5661  1809   126081.2191   125458.8617   285448    0.49%
Elapsed time = 937.09 sec. (152438.60 ticks, tree = 34.46 MB, solutions = 26)
Time: 991.174405097961426 seconds
MIP Gap: 0.004936162175481
Nodes: 5958
Best Objective: 125458.861709234697628
Incumbent Obj:  126081.219053766399156
   6212   569   125859.3394  2182   126081.2191   125458.8617   292385    0.49%
Time: 1002.385730028152466 seconds
MIP Gap: 0.004934879555634
Nodes: 6234
Best Objective: 125459.023423508551787
Incumbent Obj:  126081.219053766399156
   6439   759   125505.9274  1992   126081.2191   125459.0234   298513    0.49%
Time: 1007.912184000015259 seconds
MIP Gap: 0.004934879555634
Nodes: 6407
Best Objective: 125459.023423508551787
Incumbent Obj:  126081.219053766399156
Time: 1013.094580173492432 seconds
MIP Gap: 0.004934879555634
Nodes: 6682
Best Objective: 125459.023423508551787
Incumbent Obj:  126081.219053766399156
   7073  1210   125808.5171  1932   126081.2191   125459.0234   311522    0.49%
Time: 1020.107388973236084 seconds
MIP Gap: 0.004934879555634
Nodes: 7035
Best Objective: 125459.023423508551787
Incumbent Obj:  126081.219053766399156
Time: 1028.195501089096069 seconds
MIP Gap: 0.004934879555634
Nodes: 7244
Best Objective: 125459.023423508551787
Incumbent Obj:  126081.219053766399156
   7514  1694   125554.4888  2013   126081.2191   125459.0234   324503    0.49%
Time: 1035.980637073516846 seconds
MIP Gap: 0.004934879555634
Nodes: 7493
Best Objective: 125459.023423508551787
Incumbent Obj:  126081.219053766399156
Time: 1043.258918046951294 seconds
MIP Gap: 0.004934879555634
Nodes: 7855
Best Objective: 125459.023423508551787
Incumbent Obj:  126081.219053766399156
   8033  2306   125852.4688  1811   126081.2191   125459.0234   339654    0.49%
Time: 1053.380810022354126 seconds
MIP Gap: 0.004934879555634
Nodes: 8284
Best Objective: 125459.023423508551787
Incumbent Obj:  126081.219053766399156
   8691  2520   125715.7961  1741   126081.2191   125459.0234   345477    0.49%
Time: 1063.504230022430420 seconds
MIP Gap: 0.004934879555634
Nodes: 8817
Best Objective: 125459.023423508551787
Incumbent Obj:  126081.219053766399156
   9240  3140   125688.9262  1416   126081.2191   125459.0234   360611    0.49%
Time: 1073.920140027999878 seconds
MIP Gap: 0.004934879555634
Nodes: 9269
Best Objective: 125459.023423508551787
Incumbent Obj:  126081.219053766399156
   9826  4009   125582.4708  1276   126081.2191   125459.0234   380827    0.49%
Time: 1084.267680168151855 seconds
MIP Gap: 0.004934879555634
Nodes: 9825
Best Objective: 125459.023423508551787
Incumbent Obj:  126081.219053766399156
  10465  4125   125674.0790  1325   126081.2191   125459.0234   382884    0.49%
  11013  5085   125872.8281  1224   126081.2191   125459.0234   405702    0.49%
Elapsed time = 1050.86 sec. (162088.29 ticks, tree = 840.68 MB, solutions = 26)
* 11444+ 4531                       126044.6201   125459.0234             0.46%
  11476  5497   125905.6112   896   126044.6201   125459.0234   415882    0.46%
Time: 1114.108846187591553 seconds
MIP Gap: 0.004934879555634
Nodes: 11224
Best Objective: 125459.023423508551787
Incumbent Obj:  126081.219053766399156
* 11507+ 5263                       125963.0917   125459.0234             0.40%
* 11723+ 5261                       125923.6502   125459.0234             0.37%
* 11723+ 5349                       125906.8926   125459.0234             0.36%
Time: 1121.844279050827026 seconds
MIP Gap: 0.004040561297048
Nodes: 11411
Best Objective: 125459.023423508551787
Incumbent Obj:  125968.004868647141848
  11740  5757   125901.1313  1318   125906.8926   125459.0234   421448    0.36%
* 11757+ 5261                       125894.8869   125459.0234             0.35%
* 11760+ 5158                       125892.3790   125459.0234             0.34%
* 11782+ 5158                       125891.4181   125459.0234             0.34%
* 11784+ 5349                       125874.7915   125459.0234             0.33%
* 11807+ 5158                       125870.2151   125459.0234             0.33%
  11826  5548   125838.6561   964   125870.2151   125459.0234   416703    0.33%
Time: 1127.874590158462524 seconds
MIP Gap: 0.003346418067655
Nodes: 11470
Best Objective: 125459.023423508551787
Incumbent Obj:  125880.271438210678753
* 11873+ 5728                       125847.4153   125459.0234             0.31%
* 11889+ 5728                       125847.0387   125459.0234             0.31%
  11910  4921   125673.1116   996   125847.0387   125459.0234   425279    0.31%
* 11926+ 5728                       125836.9237   125459.0234             0.30%
Time: 1134.326269149780273 seconds
MIP Gap: 0.003266791161293
Nodes: 11569
Best Objective: 125459.023423508551787
Incumbent Obj:  125870.215129764517769
  11999  4973   125472.9467  2314   125836.9237   125460.1682   426572    0.30%
Time: 1139.790349006652832 seconds
MIP Gap: 0.003257696616335
Nodes: 11662
Best Objective: 125460.168155838939128
Incumbent Obj:  125870.215129764517769
  12096  5044   125851.4377   949   125836.9237   125460.1682   427932    0.30%
Time: 1148.014333009719849 seconds
MIP Gap: 0.003136925851120
Nodes: 11753
Best Objective: 125460.168155838939128
Incumbent Obj:  125854.965851710992865
  12159  5000   125543.3013  2158   125836.9237   125460.1682   429907    0.30%
  12324  5188   125707.8585   549   125836.9237   125460.1682   435324    0.30%
Time: 1162.055096149444580 seconds
MIP Gap: 0.003136925851120
Nodes: 12014
Best Objective: 125460.168155838939128
Incumbent Obj:  125854.965851710992865
  12449  5276   125487.2194  2288   125836.9237   125460.1682   437659    0.30%
Time: 1168.167828083038330 seconds
MIP Gap: 0.003136925851120
Nodes: 12167
Best Objective: 125460.168155838939128
Incumbent Obj:  125854.965851710992865
  12593  5374   125809.2863  1610   125836.9237   125460.1682   440016    0.30%
Elapsed time = 1120.82 sec. (171697.69 ticks, tree = 890.73 MB, solutions = 50)
Time: 1176.891630172729492 seconds
MIP Gap: 0.003136925851120
Nodes: 12341
Best Objective: 125460.168155838939128
Incumbent Obj:  125854.965851710992865
  12800  5518        cutoff         125836.9237   125460.1682   443040    0.30%
Time: 1184.248064041137695 seconds
MIP Gap: 0.003129170770400
Nodes: 12472
Best Objective: 125461.144171258085407
Incumbent Obj:  125854.965851710992865
  12894  5652   125759.2589  1617   125836.9237   125461.1442   446974    0.30%
  13081  5702   125831.2077  1718   125836.9237   125461.1442   448511    0.30%
  13302  5947   125546.1386  1804   125836.9237   125461.1442   453764    0.30%
Time: 1204.248387098312378 seconds
MIP Gap: 0.003123229155736
Nodes: 12893
Best Objective: 125461.144171258085407
Incumbent Obj:  125854.215727189512108
  13433  6023   125556.4801  2006   125836.9237   125461.1442   455423    0.30%
Time: 1209.382132053375244 seconds
MIP Gap: 0.003082378873291
Nodes: 13031
Best Objective: 125461.144171258085407
Incumbent Obj:  125849.058650867140386
  13518  6090   125583.3827  1975   125836.9237   125461.1442   457228    0.30%
Time: 1214.467032194137573 seconds
MIP Gap: 0.003076078067622
Nodes: 13201
Best Objective: 125461.937121720373398
Incumbent Obj:  125849.058650867140386
  13641  6226   125462.3352  2154   125836.9237   125462.4389   461064    0.30%
Time: 1220.184430122375488 seconds
MIP Gap: 0.003072090760729
Nodes: 13434
Best Objective: 125462.438920539396349
Incumbent Obj:  125849.058650867140386
  13853  6415   125521.5457  2216   125836.9237   125462.4389   464915    0.30%
  14103  6578   125632.1276  1893   125836.9237   125462.4389   468980    0.30%
Time: 1228.654345989227295 seconds
MIP Gap: 0.003072090760729
Nodes: 13669
Best Objective: 125462.438920539396349
Incumbent Obj:  125849.058650867140386
  14265  6674   125487.8464  2207   125836.9237   125462.4389   470572    0.30%
Elapsed time = 1183.61 sec. (181267.60 ticks, tree = 1150.72 MB, solutions = 59)
Time: 1237.954351186752319 seconds
MIP Gap: 0.003072090760729
Nodes: 13889
Best Objective: 125462.438920539396349
Incumbent Obj:  125849.058650867140386
  14418  6720   125588.3466  1206   125836.9237   125462.4389   470921    0.30%
Time: 1247.839645147323608 seconds
MIP Gap: 0.003072090760729
Nodes: 14253
Best Objective: 125462.438920539396349
Incumbent Obj:  125849.058650867140386
  14708  7197   125721.3677   798   125836.9237   125462.4389   479937    0.30%
Time: 1258.378365993499756 seconds
MIP Gap: 0.003072090760729
Nodes: 14419
Best Objective: 125462.438920539396349
Incumbent Obj:  125849.058650867140386
  14903  7243   125620.9208  1453   125836.9237   125462.6660   481659    0.30%
  15069  7387   125641.6288  1971   125836.9237   125462.6660   483278    0.30%
Time: 1264.182274103164673 seconds
MIP Gap: 0.003072090760729
Nodes: 14634
Best Objective: 125462.438920539396349
Incumbent Obj:  125849.058650867140386
  15365  7612   125649.2809  1252   125836.9237   125462.6660   486844    0.30%
Time: 1271.654703140258789 seconds
MIP Gap: 0.003072090760729
Nodes: 15008
Best Objective: 125462.438920539396349
Incumbent Obj:  125849.058650867140386
  15712  7981   125580.7680  1901   125836.9237   125463.9971   493895    0.30%
Time: 1282.598921060562134 seconds
MIP Gap: 0.003059709303546
Nodes: 15172
Best Objective: 125463.997115270569338
Incumbent Obj:  125849.058650867140386
  15858  8199   125693.4447  1134   125836.9237   125463.9971   496588    0.30%
Time: 1292.629834175109863 seconds
MIP Gap: 0.003059709303546
Nodes: 15430
Best Objective: 125463.997115270569338
Incumbent Obj:  125849.058650867140386
  16092  8403   125807.5092  1129   125836.9237   125463.9971   499803    0.30%
Time: 1301.890431165695190 seconds
MIP Gap: 0.003059709303546
Nodes: 15808
Best Objective: 125463.997115270569338
Incumbent Obj:  125849.058650867140386
  16422  8576   125792.2166   980   125836.9237   125464.0256   502811    0.30%
Time: 1312.341612100601196 seconds
MIP Gap: 0.003059482800464
Nodes: 16237
Best Objective: 125464.025620470230933
Incumbent Obj:  125849.058650867140386
Time: 1320.859783172607422 seconds
MIP Gap: 0.003025389115814
Nodes: 16516
Best Objective: 125464.128741358086700
Incumbent Obj:  125844.858406261497294
* 16951+ 8949                       125835.0238   125464.9250             0.29%
* 17004+ 8949                       125830.8014   125464.9250             0.29%
Time: 1331.750344038009644 seconds
MIP Gap: 0.002967481362490
Nodes: 16624
Best Objective: 125464.128741358086700
Incumbent Obj:  125837.549323677507346
Time: 1339.653988122940063 seconds
MIP Gap: 0.002966398678376
Nodes: 16682
Best Objective: 125464.128741358086700
Incumbent Obj:  125837.412676010499126
  17235  9361   125626.9630  1229   125830.8014   125464.9250   519838    0.29%
Elapsed time = 1289.59 sec. (193698.32 ticks, tree = 1691.83 MB, solutions = 70)
Time: 1350.672928094863892 seconds
MIP Gap: 0.002914013880666
Nodes: 16818
Best Objective: 125464.128741358086700
Incumbent Obj:  125830.801443379445118
* 17438+ 9409                       125828.3089   125464.9250             0.29%
* 17473+ 9459                       125828.3089   125464.9250             0.29%
Time: 1357.342297077178955 seconds
MIP Gap: 0.002894262174627
Nodes: 16966
Best Objective: 125464.128741358086700
Incumbent Obj:  125828.308856177754933
Time: 1362.425614118576050 seconds
MIP Gap: 0.002894262174626
Nodes: 17135
Best Objective: 125464.128741358086700
Incumbent Obj:  125828.308856177667622
  17688  9551   125614.2313  1322   125828.3089   125464.9250   524541    0.29%
Time: 1369.744907140731812 seconds
MIP Gap: 0.002894262174626
Nodes: 17439
Best Objective: 125464.128741358086700
Incumbent Obj:  125828.308856177667622
Time: 1377.663902997970581 seconds
MIP Gap: 0.002887934006722
Nodes: 17748
Best Objective: 125464.925004023549263
Incumbent Obj:  125828.308856177667622
Time: 1385.590881109237671 seconds
MIP Gap: 0.002884076272947
Nodes: 18250
Best Objective: 125465.410416140570305
Incumbent Obj:  125828.308856177667622
* 18918+10566                       125762.5587   125465.4104             0.24%
  18946 10781   125677.7003  1543   125762.5587   125465.4104   548729    0.24%
Time: 1395.550291061401367 seconds
MIP Gap: 0.002362772600845
Nodes: 18503
Best Objective: 125465.410416140570305
Incumbent Obj:  125762.558744153415319
Time: 1407.790062189102173 seconds
MIP Gap: 0.002362772600845
Nodes: 18691
Best Objective: 125465.410416140570305
Incumbent Obj:  125762.558744153415319
Time: 1415.279287099838257 seconds
MIP Gap: 0.002362772600845
Nodes: 19001
Best Objective: 125465.410416140570305
Incumbent Obj:  125762.558744153415319
  19738 10192   125544.7723  1656   125762.5587   125465.4104   563741    0.24%
Time: 1423.557415008544922 seconds
MIP Gap: 0.002362030114858
Nodes: 19372
Best Objective: 125465.503793078154558
Incumbent Obj:  125762.558744153415319
Time: 1432.038797140121460 seconds
MIP Gap: 0.002362030114858
Nodes: 19885
Best Objective: 125465.503793078154558
Incumbent Obj:  125762.558744153415319
  21191 11473   125625.0367  1594   125762.5587   125465.5038   587298    0.24%
* 21416+11132                       125738.6201   125465.5038             0.22%
Time: 1468.548577070236206 seconds
MIP Gap: 0.002362030114858
Nodes: 20976
Best Objective: 125465.503793078154558
Incumbent Obj:  125762.558744153415319
Time: 1479.274288177490234 seconds
MIP Gap: 0.002172095339576
Nodes: 21132
Best Objective: 125465.503793078154558
Incumbent Obj:  125738.620063723239582
  21999 11711   125676.2263  1224   125738.6201   125465.5038   600606    0.22%
Time: 1492.666651010513306 seconds
MIP Gap: 0.002172095339576
Nodes: 21449
Best Objective: 125465.503793078154558
Incumbent Obj:  125738.620063723239582
Time: 1508.363553047180176 seconds
MIP Gap: 0.002172095339576
Nodes: 21872
Best Objective: 125465.503793078154558
Incumbent Obj:  125738.620063723239582
Time: 1525.145085096359253 seconds
MIP Gap: 0.002172095339576
Nodes: 22325
Best Objective: 125465.503793078154558
Incumbent Obj:  125738.620063723239582
Time: 1535.900546073913574 seconds
MIP Gap: 0.002172095339576
Nodes: 22843
Best Objective: 125465.503793078154558
Incumbent Obj:  125738.620063723239582
  23211 13103   125634.8382  1951   125738.6201   125465.5038   624192    0.22%
Time: 1550.715732097625732 seconds
MIP Gap: 0.002172095339576
Nodes: 23353
Best Objective: 125465.503793078154558
Incumbent Obj:  125738.620063723239582
Time: 1558.665403127670288 seconds
MIP Gap: 0.002172095339576
Nodes: 23535
Best Objective: 125465.503793078154558
Incumbent Obj:  125738.620063723239582
Time: 1571.434284210205078 seconds
MIP Gap: 0.002172095339576
Nodes: 23757
Best Objective: 125465.503793078154558
Incumbent Obj:  125738.620063723239582
  24235 13923   125568.9104  1963   125738.6201   125465.5038   640117    0.22%
Time: 1584.816774129867554 seconds
MIP Gap: 0.002172095339576
Nodes: 24105
Best Objective: 125465.503793078154558
Incumbent Obj:  125738.620063723239582
* 24736+14078                       125722.3586   125465.5038             0.20%
Time: 1597.246009111404419 seconds
MIP Gap: 0.002043031783288
Nodes: 24489
Best Objective: 125465.503793078154558
Incumbent Obj:  125722.358567501447396
  25208 14193   125483.0521  2159   125722.3586   125465.5038   654667    0.20%
Time: 1607.982901096343994 seconds
MIP Gap: 0.002043031783288
Nodes: 24669
Best Objective: 125465.503793078154558
Incumbent Obj:  125722.358567501447396
Time: 1618.592603206634521 seconds
MIP Gap: 0.002043031783288
Nodes: 24994
Best Objective: 125465.503793078154558
Incumbent Obj:  125722.358567501447396
Time: 1629.929562091827393 seconds
MIP Gap: 0.002043031783288
Nodes: 25433
Best Objective: 125465.503793078154558
Incumbent Obj:  125722.358567501447396
  26274 15237   125679.6460  2167   125722.3586   125465.5038   671960    0.20%
Time: 1644.069954156875610 seconds
MIP Gap: 0.002043031783288
Nodes: 26038
Best Objective: 125465.503793078154558
Incumbent Obj:  125722.358567501447396
Time: 1655.369070053100586 seconds
MIP Gap: 0.002043031783288
Nodes: 26589
Best Objective: 125465.503793078154558
Incumbent Obj:  125722.358567501447396
Time: 1669.044526100158691 seconds
MIP Gap: 0.002043031783288
Nodes: 27152
Best Objective: 125465.503793078154558
Incumbent Obj:  125722.358567501447396
  28101 16638   125539.3664  1831   125722.3586   125465.7961   698016    0.20%
Elapsed time = 1630.93 sec. (231878.53 ticks, tree = 3151.67 MB, solutions = 89)
Nodefile size = 1092.28 MB (834.06 MB after compression)
Time: 1686.027107000350952 seconds
MIP Gap: 0.002043031783288
Nodes: 27701
Best Objective: 125465.503793078154558
Incumbent Obj:  125722.358567501447396
* 28332+16813                       125704.9027   125465.7961             0.19%
Time: 1701.727174043655396 seconds
MIP Gap: 0.002043031783288
Nodes: 27968
Best Objective: 125465.503793078154558
Incumbent Obj:  125722.358567501447396
Time: 1714.982259035110474 seconds
MIP Gap: 0.002015132663200
Nodes: 28180
Best Objective: 125465.503793078154558
Incumbent Obj:  125718.843941885221284
  28896 17205   125641.1600   896   125704.9027   125465.7961   711888    0.19%
Time: 1733.105395078659058 seconds
MIP Gap: 0.001933765098383
Nodes: 28535
Best Objective: 125465.503793078154558
Incumbent Obj:  125708.594686048803851
Time: 1753.606947183609009 seconds
MIP Gap: 0.001921513546183
Nodes: 28686
Best Objective: 125465.503793078154558
Incumbent Obj:  125707.051595569704659
  29471 17144   125636.3932  1214   125704.9027   125465.7961   723497    0.19%
  30356 17840   125702.2400   948   125704.9027   125465.7961   736638    0.19%
Time: 1803.690761089324951 seconds
MIP Gap: 0.001921513546183
Nodes: 30206
Best Objective: 125465.503793078154558
Incumbent Obj:  125707.051595569704659
Time: 1816.595533132553101 seconds
MIP Gap: 0.001921513546183
Nodes: 30905
Best Objective: 125465.503793078154558
Incumbent Obj:  125707.051595569704659
Time: 1832.228044986724854 seconds
MIP Gap: 0.001921513546183
Nodes: 31679
Best Objective: 125465.503793078154558
Incumbent Obj:  125707.051595569704659
  32147 19341   125704.3938  1771   125704.9027   125465.7961   762824    0.19%
* 32443+19252                       125699.2446   125465.7961             0.19%
* 32786+19740                       125697.7015   125465.7961             0.18%
Time: 1846.196089982986450 seconds
MIP Gap: 0.001857199321831
Nodes: 32094
Best Objective: 125465.796076227255980
Incumbent Obj:  125699.244628105196171
Time: 1851.558260202407837 seconds
MIP Gap: 0.001844945918358
Nodes: 32126
Best Objective: 125465.796076227255980
Incumbent Obj:  125697.701537626082427
  33069 19829   125514.7334  1884   125697.7015   125465.7961   786217    0.18%
Time: 1862.574716091156006 seconds
MIP Gap: 0.001844945918357
Nodes: 32297
Best Objective: 125465.796076227255980
Incumbent Obj:  125697.701537626009667
Time: 1878.773835182189941 seconds
MIP Gap: 0.001844945918357
Nodes: 32598
Best Objective: 125465.796076227255980
Incumbent Obj:  125697.701537626009667
  33981 20467   125639.8628  1560   125697.7015   125465.7961   798081    0.18%
* 34016+20186                       125676.8553   125465.7961             0.17%
Time: 1903.181879043579102 seconds
MIP Gap: 0.001679380156826
Nodes: 33467
Best Objective: 125465.796076227255980
Incumbent Obj:  125676.855293178959982
Time: 1912.025056123733521 seconds
MIP Gap: 0.001679380156826
Nodes: 33762
Best Objective: 125465.796076227255980
Incumbent Obj:  125676.855293178959982
Time: 1925.063858985900879 seconds
MIP Gap: 0.001679380156826
Nodes: 34193
Best Objective: 125465.796076227255980
Incumbent Obj:  125676.855293178959982
  34974 19436   125648.8137  1501   125676.8553   125465.7961   812560    0.17%
Time: 1942.113425016403198 seconds
MIP Gap: 0.001679380156826
Nodes: 34789
Best Objective: 125465.796076227255980
Incumbent Obj:  125676.855293178959982
Time: 1955.878482103347778 seconds
MIP Gap: 0.001679380156826
Nodes: 35506
Best Objective: 125465.796076227255980
Incumbent Obj:  125676.855293178959982
  36515 21058   125571.4527  1650   125676.8553   125465.7961   845362    0.17%
Time: 1975.075325012207031 seconds
MIP Gap: 0.001679380156826
Nodes: 36469
Best Objective: 125465.796076227255980
Incumbent Obj:  125676.855293178959982
Time: 1998.191722154617310 seconds
MIP Gap: 0.001679380156826
Nodes: 37362
Best Objective: 125465.796076227255980
Incumbent Obj:  125676.855293178959982
  38729 22739   125577.6694  1734   125676.8553   125467.3684   879320    0.17%
Time: 2014.430279016494751 seconds
MIP Gap: 0.001679380156826
Nodes: 37829
Best Objective: 125465.796076227255980
Incumbent Obj:  125676.855293178959982
Time: 2030.525173187255859 seconds
MIP Gap: 0.001679380156826
Nodes: 38477
Best Objective: 125465.796076227255980
Incumbent Obj:  125676.855293178959982
  40028 24019   125648.5208  1722   125676.8553   125467.3684   902000    0.17%
Elapsed time = 1994.09 sec. (270055.58 ticks, tree = 4649.75 MB, solutions = 96)
Nodefile size = 2588.06 MB (1985.90 MB after compression)
Time: 2046.386404991149902 seconds
MIP Gap: 0.001679380156826
Nodes: 39225
Best Objective: 125465.796076227255980
Incumbent Obj:  125676.855293178959982
Time: 2062.996949195861816 seconds
MIP Gap: 0.001679380156826
Nodes: 40165
Best Objective: 125465.796076227255980
Incumbent Obj:  125676.855293178959982
Time: 2081.199023008346558 seconds
MIP Gap: 0.001679380156826
Nodes: 41162
Best Objective: 125465.796076227255980
Incumbent Obj:  125676.855293178959982
  42065 26358   125638.2346  1531   125676.8553   125467.3684   947690    0.17%
Time: 2099.110941171646118 seconds
MIP Gap: 0.001666869027445
Nodes: 42166
Best Objective: 125467.368435624099220
Incumbent Obj:  125676.855293178959982
Time: 2119.043553113937378 seconds
MIP Gap: 0.001666869027445
Nodes: 43228
Best Objective: 125467.368435624099220
Incumbent Obj:  125676.855293178959982
  44445 28379   125565.0152  1958   125676.8553   125467.3684   990968    0.17%
Time: 2140.916804075241089 seconds
MIP Gap: 0.001666869027445
Nodes: 44430
Best Objective: 125467.368435624099220
Incumbent Obj:  125676.855293178959982
Time: 2165.429726123809814 seconds
MIP Gap: 0.001589559641886
Nodes: 45803
Best Objective: 125477.084436085715424
Incumbent Obj:  125676.855293178959982
  47413 30265   125643.5854  1160   125676.8553   125477.0844  1034681    0.16%
Time: 2189.698017120361328 seconds
MIP Gap: 0.001588951204177
Nodes: 47176
Best Objective: 125477.160902623742004
Incumbent Obj:  125676.855293178959982
Time: 2213.267992019653320 seconds
MIP Gap: 0.001586557510162
Nodes: 48507
Best Objective: 125477.461734560070909
Incumbent Obj:  125676.855293178959982
  50139 33250   125621.1322  1798   125676.8553   125477.4718  1095445    0.16%
Time: 2232.926818132400513 seconds
MIP Gap: 0.001586557510162
Nodes: 49724
Best Objective: 125477.461734560070909
Incumbent Obj:  125676.855293178959982
* 51395+32421                       125660.9425   125477.7731             0.15%
* 51966+32488                       125659.3994   125477.8647             0.14%
  52257 32334   125618.8710  1399   125659.3994   125477.8647  1138650    0.14%
Time: 2283.943517208099365 seconds
MIP Gap: 0.001444656274966
Nodes: 51534
Best Objective: 125477.864748117048293
Incumbent Obj:  125659.399387951270910
  53153 32810        cutoff         125659.3994   125478.1741  1149338    0.14%
Time: 2299.166373014450073 seconds
MIP Gap: 0.001442194641308
Nodes: 52069
Best Objective: 125478.174075523958891
Incumbent Obj:  125659.399387951270910
Time: 2322.047604084014893 seconds
MIP Gap: 0.001442194641308
Nodes: 52804
Best Objective: 125478.174075523958891
Incumbent Obj:  125659.399387951270910
  54414 33858   125547.7846  1682   125659.3994   125478.1741  1170544    0.14%
* 54671+33082                       125647.6119   125478.1741             0.13%
Time: 2340.488916158676147 seconds
MIP Gap: 0.001442194641308
Nodes: 53526
Best Objective: 125478.174075523958891
Incumbent Obj:  125659.399387951270910
Time: 2361.658729076385498 seconds
MIP Gap: 0.001348515883113
Nodes: 54037
Best Objective: 125478.174075523958891
Incumbent Obj:  125647.611875813687220
  55386 32468   125561.6031  2127   125647.6119   125478.1741  1197692    0.13%
Time: 2385.429250001907349 seconds
MIP Gap: 0.001348515883113
Nodes: 54961
Best Objective: 125478.174075523958891
Incumbent Obj:  125647.611875813687220
  57232 33986   125634.4798  1270   125647.6119   125478.3565  1232884    0.13%
Time: 2408.270576000213623 seconds
MIP Gap: 0.001347063803745
Nodes: 56286
Best Objective: 125478.356525828727172
Incumbent Obj:  125647.611875813687220
  58454 35468   125579.8729  1682   125647.6119   125478.9590  1268275    0.13%
Elapsed time = 2414.67 sec. (308221.84 ticks, tree = 7128.92 MB, solutions = 102)
Nodefile size = 5061.76 MB (3897.35 MB after compression)
* 59280+34566                       125642.5903   125478.9590             0.13%
  60117 37205   125530.7268  1694   125642.5903   125478.9590  1311218    0.13%
  61580 38640   125572.5092  1821   125642.5903   125478.9590  1342339    0.13%
Starting limited solution polishing.
  63087 39566   125519.0963  1870   125642.5903   125478.9590  1360832    0.13%
  64345 40690   125640.2540  1604   125642.5903   125478.9590  1386967    0.13%
Time: 2610.327999114990234 seconds
MIP Gap: 0.001302355578755
Nodes: 64015
Best Objective: 125478.958963016368216
Incumbent Obj:  125642.590291411615908
  65327 39965   125642.3531  1386   125642.5903   125478.9590  1400370    0.13%
Time: 2632.875430107116699 seconds
MIP Gap: 0.001302355578755
Nodes: 64998
Best Objective: 125478.958963016368216
Incumbent Obj:  125642.590291411615908
  66657 40739   125634.2710   908   125642.5903   125478.9590  1418068    0.13%
  66923 41187   125544.0402  1662   125642.5903   125478.9590  1430095    0.13%

Performing restart 2

Repeating presolve.
Tried aggregator 1 time.
MIP Presolve eliminated 25 rows and 65229 columns.
MIP Presolve modified 1092 coefficients.
Reduced MIP has 6752 rows, 137219 columns, and 275838 nonzeros.
Reduced MIP has 137219 binaries, 0 generals, 0 SOSs, and 0 indicators.
Presolve time = 0.94 sec. (324.13 ticks)
Tried aggregator 1 time.
MIP Presolve modified 336 coefficients.
Reduced MIP has 6752 rows, 137219 columns, and 275838 nonzeros.
Reduced MIP has 137219 binaries, 0 generals, 0 SOSs, and 0 indicators.
Presolve time = 1.04 sec. (333.56 ticks)
Represolve time = 93.37 sec. (14581.25 ticks)
  66929     0   125466.1136  2449   125642.5903      Cuts: 61  1485046    0.13%
  66929     0   125469.8677  2408   125642.5903      Cuts: 54  1485166    0.13%
  66929     0   125471.4195  2503   125642.5903      Cuts: 44  1485282    0.13%
Advanced basis not built.

Clique cuts applied:  2325
Cover cuts applied:  4869
Flow cuts applied:  389
Mixed integer rounding cuts applied:  1128
Zero-half cuts applied:  1447
Multi commodity flow cuts applied:  1
Lift and project cuts applied:  5
Gomory fractional cuts applied:  30

Root node processing (before b&c):
  Real time             =  279.79 sec. (56118.85 ticks)
Parallel b&c, 32 threads:
  Real time             = 2555.56 sec. (314657.20 ticks)
  Sync time (average)   = 1459.52 sec.
  Wait time (average)   =   27.42 sec.
                          ------------
Total (root+branch&cut) = 2835.34 sec. (370776.06 ticks)
Post-Optimization Solution: 
p locations: 3033 3031 3018 2993 2984 2959 2939 2928 2925 2912 2903 2877 2873 2868 2861 2836 2814 2805 2779 2761 2756 2734 2717 2713 2708 2701 2673 2663 2659 2656 2642 2631 2601 2589 2583 2564 2559 2534 2525 2507 2495 2488 2459 2454 2451 2448 2445 2442 2440 2438 2408 2401 2395 2392 2386 2383 2381 2366 2335 2316 2997 2288 2283 2988 2279 2271 2976 2267 2251 2944 2235 2938 2229 2936 2227 2932 2223 2221 2910 2201 2187 2186 2182 2147 2145 2134 2130 2124 2111 2108 2811 2102 2098 2094 2796 2087 2084 2082 2080 2073 2776 2067 2063 2056 2040 2037 2743 2034 2740 2031 2721 2012 2009 2704 1995 1979 1975 1972 1946 1942 1938 1927 1924 1908 1900 2607 1898 1896 2602 1893 2598 1889 2590 1881 1876 1871 2577 1868 1866 2573 1864 1857 1853 2553 1844 1835 1833 1832 1828 1821 1814 1803 1800 1795 1792 1775 1772 1766 1762 1752 1749 1747 1737 1720 1706 2412 1703 1701 2406 1697 2398 1689 1670 1664 1652 1641 2330 1621 1618 1611 3021 1603 3016 1598 1589 1580 2991 1573 2979 1561 1559 1557 1554 1532 2942 2233 1524 1515 2218 1509 1501 1499 2205 1496 2908 2199 1490 1480 1476 1469 1460 1456 1446 2823 696 683 2802 675 668 995 2750 1332 1711 293 624 280 954 2000 1291 2729 602 250 924 1250 573 2363 1654 236 571 2326 908 730 562 1236 560 549 3013 2304 1595 886 2635 1217 533 2652 1234 525 523 1569 860 2615 1197 1935 517 677 642 1351 510 507 3006 2297 170 1181 2626 499 665 328 630 1339 1916 498 835 651 484 1158 2064 646 479 142 473 810 469 132 454 117 438 434 1848 430 1104 1840 422 2514 1805 1096 421 742 1952 1243 402 1076 2151 1442 733 2693 1984 566 399 2863 736 2119 1410 1808 390 2180 1471 53 2482 1064 2513 386 49 2478 1769 1060 1913 495 2293 166 1174 418 1092 2273 146 820 304 2768 641 1884 466 369 2089 1380 2948 2239 112 816 107 99 2528 1110 772 728 19 2076 658 1367 335 2882 1464 46 14 1362 1931 513 1190 388 2348 1639 221 300 2158 1449 31 347 1730 1021 2311 184 2985 2276 858 5 2046 1337 628 1302 127 1138 531 903 194 364 153 1164 493 830 2286 159 447 2847 11 1359 583 2209 82 2174 756 1463 45 2870 2161 34 207 2865 2156 29 1605 187 718 381 1764 1055 50 1398 122 2923 2214 796 289 2317 1608 190 269 273 2306 179 888 1225 460 2215 1506 797 425 1134 2343 1634 216 890 397 699 1408 2357 230 2193 66 1414 233 2697 570 2325 907 408 2500 1791 1082 2368 241 1961 543 1252 1422 786 77 244 247 261 2690 563 1272 2029 611 576 1285 277 1997 579 1288 2967 840 131 298 307 644 981 1318 310 1693 984 1321 1734 316 325 2417 999 339 26 704 537 2497 370 545 882 1629 211 2505 378 1453 744 2876 2167 749 753 763 57 766 2901 774 1486 777 405 1114 779 782 84 793 799 93 802 1516 98 807 2941 814 818 2951 2242 824 825 828 846 863 2999 163 872 3003 1585 876 1587 878 901 1614 905 1632 214 923 2345 1636 218 927 929 931 2686 1977 1268 2359 1650 941 569 1278 949 2376 1667 958 964 966 969 975 1685 976 987 2033 1324 2424 1006 1724 1015 1018 1026 323 1032 2787 1369 1744 1035 663 1372 2465 1047 1050 342 1051 679 1388 360 1069 1781 1072 1783 1074 1080 1417 1084 1824 1115 2538 411 1120 2543 1125 1145 2567 1149 443 1152 1168 1176 1179 2604 1186 2612 485 1194 1206 1210 1214 2646 1228 1957 1248 2677 1968 550 1259 1262 2005 587 1296 596 1305 599 1308 1314 617 1326 2747 620 1329 2753 1335 1348 2774 2065 1356 1365 2794 1376 2092 1383 1391 686 1395 1400 1403 2838 711 1420 2133 1424 725 1434 
p size: 700
objective: 125642.590291387357865
sum (dij * xij) 
demand/capacity: 152913.000000000000000/191100
Solution is Feasible
Comparing Best Bounds: 
Old Best Bound: 125481.662224800587865
New Best Bound: 125481.662224800587865
Time elapsed: 2925.213869703999990s
Time remaining: 2780.000000000000000s



Finishing post-optimization
p locations: 3033 3031 3018 2993 2984 2959 2939 2928 2925 2912 2903 2877 2873 2868 2861 2836 2814 2805 2779 2761 2756 2734 2717 2713 2708 2701 2673 2663 2659 2656 2642 2631 2601 2589 2583 2564 2559 2534 2525 2507 2495 2488 2459 2454 2451 2448 2445 2442 2440 2438 2408 2401 2395 2392 2386 2383 2381 2366 2335 2316 2997 2288 2283 2988 2279 2271 2976 2267 2251 2944 2235 2938 2229 2936 2227 2932 2223 2221 2910 2201 2187 2186 2182 2147 2145 2134 2130 2124 2111 2108 2811 2102 2098 2094 2796 2087 2084 2082 2080 2073 2776 2067 2063 2056 2040 2037 2743 2034 2740 2031 2721 2012 2009 2704 1995 1979 1975 1972 1946 1942 1938 1927 1924 1908 1900 2607 1898 1896 2602 1893 2598 1889 2590 1881 1876 1871 2577 1868 1866 2573 1864 1857 1853 2553 1844 1835 1833 1832 1828 1821 1814 1803 1800 1795 1792 1775 1772 1766 1762 1752 1749 1747 1737 1720 1706 2412 1703 1701 2406 1697 2398 1689 1670 1664 1652 1641 2330 1621 1618 1611 3021 1603 3016 1598 1589 1580 2991 1573 2979 1561 1559 1557 1554 1532 2942 2233 1524 1515 2218 1509 1501 1499 2205 1496 2908 2199 1490 1480 1476 1469 1460 1456 1446 2823 696 683 2802 675 668 995 2750 1332 1711 293 624 280 954 2000 1291 2729 602 250 924 1250 573 2363 1654 236 571 2326 908 730 562 1236 560 549 3013 2304 1595 886 2635 1217 533 2652 1234 525 523 1569 860 2615 1197 1935 517 677 642 1351 510 507 3006 2297 170 1181 2626 499 665 328 630 1339 1916 498 835 651 484 1158 2064 646 479 142 473 810 469 132 454 117 438 434 1848 430 1104 1840 422 2514 1805 1096 421 742 1952 1243 402 1076 2151 1442 733 2693 1984 566 399 2863 736 2119 1410 1808 390 2180 1471 53 2482 1064 2513 386 49 2478 1769 1060 1913 495 2293 166 1174 418 1092 2273 146 820 304 2768 641 1884 466 369 2089 1380 2948 2239 112 816 107 99 2528 1110 772 728 19 2076 658 1367 335 2882 1464 46 14 1362 1931 513 1190 388 2348 1639 221 300 2158 1449 31 347 1730 1021 2311 184 2985 2276 858 5 2046 1337 628 1302 127 1138 531 903 194 364 153 1164 493 830 2286 159 447 2847 11 1359 583 2209 82 2174 756 1463 45 2870 2161 34 207 2865 2156 29 1605 187 718 381 1764 1055 50 1398 122 2923 2214 796 289 2317 1608 190 269 273 2306 179 888 1225 460 2215 1506 797 425 1134 2343 1634 216 890 397 699 1408 2357 230 2193 66 1414 233 2697 570 2325 907 408 2500 1791 1082 2368 241 1961 543 1252 1422 786 77 244 247 261 2690 563 1272 2029 611 576 1285 277 1997 579 1288 2967 840 131 298 307 644 981 1318 310 1693 984 1321 1734 316 325 2417 999 339 26 704 537 2497 370 545 882 1629 211 2505 378 1453 744 2876 2167 749 753 763 57 766 2901 774 1486 777 405 1114 779 782 84 793 799 93 802 1516 98 807 2941 814 818 2951 2242 824 825 828 846 863 2999 163 872 3003 1585 876 1587 878 901 1614 905 1632 214 923 2345 1636 218 927 929 931 2686 1977 1268 2359 1650 941 569 1278 949 2376 1667 958 964 966 969 975 1685 976 987 2033 1324 2424 1006 1724 1015 1018 1026 323 1032 2787 1369 1744 1035 663 1372 2465 1047 1050 342 1051 679 1388 360 1069 1781 1072 1783 1074 1080 1417 1084 1824 1115 2538 411 1120 2543 1125 1145 2567 1149 443 1152 1168 1176 1179 2604 1186 2612 485 1194 1206 1210 1214 2646 1228 1957 1248 2677 1968 550 1259 1262 2005 587 1296 596 1305 599 1308 1314 617 1326 2747 620 1329 2753 1335 1348 2774 2065 1356 1365 2794 1376 2092 1383 1391 686 1395 1400 1403 2838 711 1420 2133 1424 725 1434 
p size: 700
objective: 125642.590291387357865
sum (dij * xij) 
demand/capacity: 152913.000000000000000/191100
Solution is Feasible
Solution Stats
Statistics:
Max distance: 232.475805192712471
Min distance: 0.000000000000000
Avg distance: 41.357007995848370
Std deviation distance: 30.390303865295657


[INFO] Saving assignment: ./outputs/solutions/2024-08-27_LIT_seed_0_1-2p/Assignments/test_lit_p3038_700_p_700_RSSV_EXACT_CPMP_BIN_POSTOPT.txt
[INFO] Saving results: ./outputs/solutions/2024-08-27_LIT_seed_0_1-2p/test_lit_p3038_700_results_RSSV_EXACT_CPMP_BIN_POSTOPT.csv
[INFO] Saving all results: ./outputs/solutions/test_all_results.csv
Final total elapsed time (post opt): 3745s
Elapsed time: 3745644 ms

RSSV finished.
