Debug: configOverride contents: IsWeighted_ObjFunc add_break_callback add_generate_reports add_threshold_distance_rssv bw_multiplier capacities cover_mode coverages cust_max_id distance_matrix loc_max_id max_ite_subprob_rssv method method_post_opt method_rssv_fp method_rssv_sp output p seed service size_subproblems_rssv subarea threads time time_cplex time_subprob_rssv weights 
Loading instance...
Scanning input data...
Distance matrix dimensions: 4462 x 4462 = 19909444
Elapsed time: 0 ms

Loading weights...
Skipped line: customer weight coord_x coord_y
Loaded 4461 weights
Loaded 4461 coordinates
Total customer demand: 224395.00
Elapsed time: 8 ms

Loading capacities...
Skipped line: location capacity coord_x coord_y
Loaded 4461 capacities
Loaded 4461 coordinates
Elapsed time: 4 ms

Loading distance matrix...
Computing euclidian distances...
bw multiplier: 0.50
Loaded 19904982 distances
dists stdev: 954.33
bandwidth h: 17.53
locations: 4461
customers: 4461
p: 500
Elapsed time: 338 ms

[INFO] Instance loaded
loc_max_id: 4461
loc_cnt: 4461
service: fnl4461_0500
cust_max_id: 4461
cust_cnt: 4461
unweighted obj function
p: 500
total_demand: 224395.00


-------------------------------------------------


-------------------------------------------------
RSSV heuristic 
-------------------------------------------------
method subproblems: TB_PMP
method final problem: EXACT_CPMP_BIN
-------------------------------------------------
RSSV running...
cPMP size (N): 4461
sub-cPMP size (n): 600
Subproblems cnt (M): 37
p: 500
Seed: 0
Time limit for subproblems: 300.00

thread cnt: 20

Thread 1 created with seed 1
Thread 2 created with seed 2
Thread 3 created with seed 3
Thread 4 created with seed 4
Solving sub-PMP 1/37...
Thread 5 created with seed 5
Solving sub-PMP 3/37...
Solving sub-PMP Thread 6 created with seed 6
2/37...
Solving sub-PMP 4/37...
Thread 7 created with seed 7
Thread 8 created with seed 8
Solving sub-PMP 6/37...
Thread 9 created with seed 9
Thread 10 created with seed 10
Solving sub-PMP 7/37...
Solving sub-PMP 9/37...
Solving sub-PMP 8/37...
Solving sub-PMP 5/37...
Thread 11 created with seed 11
Solving sub-PMP 10/37...
Thread 12 created with seed 12
Solving sub-PMP 11/37...
Thread 13 created with seed 13
uncapacitated TB started
Thread 14 created with seed 14
Solving sub-PMP 12/37...
Thread 15 created with seed 15
Solving sub-PMP 13/37...
Thread 16 created with seed 16
Solving sub-PMP 14/37...
Thread 17 created with seed 17
uncapacitated TB started
uncapacitated TB started
uncapacitated TB started
uncapacitated TB started
uncapacitated TB started
Solving sub-PMP 16/37...
Thread 18 created with seed 18
Thread 19 created with seed 19
uncapacitated TB started
uncapacitated TB started
Thread 20 created with seed 20
Solving sub-PMP 18/37...
Solving sub-PMP 19/37...
Solving sub-PMP 20/37...
uncapacitated TB started
Solving sub-PMP 15/37...
Solving sub-PMP 17/37...
uncapacitated TB started
uncapacitated TB started
uncapacitated TB started
uncapacitated TB started
uncapacitated TB started
uncapacitated TB started
uncapacitated TB started
uncapacitated TB started
uncapacitated TB started
uncapacitated TB started
uncapacitated TB started
[INFO] Uncapacitated TB local search started
[INFO] Uncapacitated TB local search started
[INFO] Uncapacitated TB local search started
[INFO] Uncapacitated TB local search started
[INFO] Uncapacitated TB local search started
[INFO] Uncapacitated TB local search started
[INFO] Uncapacitated TB local search started
[INFO] Uncapacitated TB local search started
[INFO] Uncapacitated TB local search started
[INFO] Uncapacitated TB local search started
[INFO] Uncapacitated TB local search started
[INFO] Uncapacitated TB local search started
[INFO] Uncapacitated TB local search started
[INFO] Uncapacitated TB local search started
[INFO] Uncapacitated TB local search started
[INFO] Uncapacitated TB local search started
[INFO] Uncapacitated TB local search started
[INFO] Uncapacitated TB local search started
[INFO] Uncapacitated TB local search started
[INFO] Uncapacitated TB local search started

[INFO] Time limit reached. Stopping the algorithm.
TB elapsed time: 300.00 seconds
Num ite total uncapacited TB: 18
tb solution is feasible

[INFO] Time limit reached. Stopping the algorithm.
TB elapsed time: 300.00 seconds
Num ite total uncapacited TB: 17
tb solution is feasible

[INFO] Time limit reached. Stopping the algorithm.
TB elapsed time: 300.00 seconds
Num ite total uncapacited TB: 10
tb solution is feasible

[INFO] Time limit reached. Stopping the algorithm.
TB elapsed time: 300.00 seconds
Num ite total uncapacited TB: 11
tb solution is feasible

[INFO] Time limit reached. Stopping the algorithm.
TB elapsed time: 300.00 seconds
Num ite total uncapacited TB: 13
tb solution is feasible

[INFO] Time limit reached. Stopping the algorithm.
TB elapsed time: 300.01 seconds
Num ite total uncapacited TB: 13
tb solution is feasible

[INFO] Time limit reached. Stopping the algorithm.
TB elapsed time: 300.00 seconds
Num ite total uncapacited TB: 14
tb solution is feasible

[INFO] Time limit reached. Stopping the algorithm.
TB elapsed time: 300.01 seconds
Num ite total uncapacited TB: 12
tb solution is feasible

[INFO] Time limit reached. Stopping the algorithm.
TB elapsed time: 300.00 seconds

[INFO] Time limit reached. Stopping the algorithm.
TB elapsed time: 300.00 seconds
Num ite total uncapacited TB: 12
tb solution is feasible
Num ite total uncapacited TB: 11
tb solution is feasible

[INFO] Time limit reached. Stopping the algorithm.
TB elapsed time: 300.00 seconds
Num ite total uncapacited TB: 20
tb solution is feasible

[INFO] Time limit reached. Stopping the algorithm.
TB elapsed time: 300.00 seconds
Num ite total uncapacited TB: 16
tb solution is feasible

[INFO] Time limit reached. Stopping the algorithm.
TB elapsed time: 300.01 seconds
Num ite total uncapacited TB: 16
tb solution is feasible

[INFO] Time limit reached. Stopping the algorithm.
TB elapsed time: 300.01 seconds
Num ite total uncapacited TB: 12
tb solution is feasible

[INFO] Time limit reached. Stopping the algorithm.
TB elapsed time: 300.01 seconds
Num ite total uncapacited TB: 12
tb solution is feasible

[INFO] Time limit reached. Stopping the algorithm.
TB elapsed time: 300.01 seconds
Num ite total uncapacited TB: 8
tb solution is feasible

[INFO] Time limit reached. Stopping the algorithm.
TB elapsed time: 300.01 seconds
Num ite total uncapacited TB: 14
tb solution is feasible

[INFO] Time limit reached. Stopping the algorithm.
TB elapsed time: 300.01 seconds
Num ite total uncapacited TB: 14
tb solution is feasible

[INFO] Time limit reached. Stopping the algorithm.
TB elapsed time: 300.01 seconds
Num ite total uncapacited TB: 17
tb solution is feasible

[INFO] Time limit reached. Stopping the algorithm.
TB elapsed time: 300.00 seconds
Num ite total uncapacited TB: 15
tb solution is feasible
Thread 21 created with seed 21
Thread 22 created with seed 22
Thread 23 created with seed 23
Thread 24 created with seed 24
Solving sub-PMP 22/37...
Solving sub-PMP 23/37...
Solving sub-PMP 21/37...
Solving sub-PMP 24/37...
Thread 25 created with seed 25
Thread 26 created with seed 26
Thread 27 created with seed 27
Solving sub-PMP 25/37...
Thread 28 created with seed 28
Solving sub-PMP 26/37...
Solving sub-PMP 27/37...
Thread 29 created with seed 29
Thread 30 created with seed 30
Solving sub-PMP 29/37...
uncapacitated TB started
uncapacitated TB started
Solving sub-PMP 28/37...
Thread 31 created with seed 31
uncapacitated TB started
uncapacitated TB started
Thread 32 created with seed 32
Solving sub-PMP 31/37...
Solving sub-PMP 30/37...
Thread 33 created with seed 33
Solving sub-PMP 32/37...
Thread 34 created with seed 34
uncapacitated TB started
Solving sub-PMP 33/37...
uncapacitated TB started
uncapacitated TB started
uncapacitated TB started
Thread 35 created with seed 35
Solving sub-PMP 34/37...
Thread 36 created with seed 36
uncapacitated TB started
Solving sub-PMP 35/37...
uncapacitated TB started
Thread 37 created with seed 37
uncapacitated TB started
Solving sub-PMP 36/37...
Solving sub-PMP 37/37...
uncapacitated TB started
uncapacitated TB started
uncapacitated TB started
uncapacitated TB started
uncapacitated TB started
uncapacitated TB started
[INFO] Uncapacitated TB local search started
[INFO] Uncapacitated TB local search started
[INFO] Uncapacitated TB local search started
[INFO] Uncapacitated TB local search started
[INFO] Uncapacitated TB local search started
[INFO] Uncapacitated TB local search started
[INFO] Uncapacitated TB local search started
[INFO] Uncapacitated TB local search started
[INFO] Uncapacitated TB local search started
[INFO] Uncapacitated TB local search started
[INFO] Uncapacitated TB local search started
[INFO] Uncapacitated TB local search started
[INFO] Uncapacitated TB local search started
[INFO] Uncapacitated TB local search started
[INFO] Uncapacitated TB local search started
[INFO] Uncapacitated TB local search started
[INFO] Uncapacitated TB local search started

[INFO] Time limit reached. Stopping the algorithm.
TB elapsed time: 300.00 seconds
Num ite total uncapacited TB: 18
tb solution is feasible

[INFO] Time limit reached. Stopping the algorithm.
TB elapsed time: 300.00 seconds
Num ite total uncapacited TB: 18
tb solution is feasible

[INFO] Time limit reached. Stopping the algorithm.
TB elapsed time: 300.00 seconds
Num ite total uncapacited TB: 12
tb solution is feasible

[INFO] Time limit reached. Stopping the algorithm.
TB elapsed time: 300.00 seconds
Num ite total uncapacited TB: 17
tb solution is feasible

[INFO] Time limit reached. Stopping the algorithm.
TB elapsed time: 300.00 seconds
Num ite total uncapacited TB: 22
tb solution is feasible

[INFO] Time limit reached. Stopping the algorithm.
TB elapsed time: 300.00 seconds
Num ite total uncapacited TB: 13
tb solution is feasible

[INFO] Time limit reached. Stopping the algorithm.
TB elapsed time: 300.00 seconds
Num ite total uncapacited TB: 13
tb solution is feasible

[INFO] Time limit reached. Stopping the algorithm.
TB elapsed time: 300.00 seconds
Num ite total uncapacited TB: 16
tb solution is feasible

[INFO] Time limit reached. Stopping the algorithm.
TB elapsed time: 300.00 seconds
Num ite total uncapacited TB: 18
tb solution is feasible

[INFO] Time limit reached. Stopping the algorithm.
TB elapsed time: 300.01 seconds
Num ite total uncapacited TB: 11
tb solution is feasible

[INFO] Time limit reached. Stopping the algorithm.
TB elapsed time: 300.00 seconds
Num ite total uncapacited TB: 16
tb solution is feasible

[INFO] Time limit reached. Stopping the algorithm.
TB elapsed time: 300.01 seconds
Num ite total uncapacited TB: 15
tb solution is feasible

[INFO] Time limit reached. Stopping the algorithm.
TB elapsed time: 300.01 seconds
Num ite total uncapacited TB: 20
tb solution is feasible

[INFO] Time limit reached. Stopping the algorithm.
TB elapsed time: 300.01 seconds
Num ite total uncapacited TB: 13
tb solution is feasible

[INFO] Time limit reached. Stopping the algorithm.
TB elapsed time: 300.01 seconds
Num ite total uncapacited TB: 17
tb solution is feasible

[INFO] Time limit reached. Stopping the algorithm.
TB elapsed time: 300.01 seconds
Num ite total uncapacited TB: 18
tb solution is feasible

[INFO] Time limit reached. Stopping the algorithm.
TB elapsed time: 300.01 seconds
Num ite total uncapacited TB: 11
tb solution is feasible
[INFO] All subproblems solved.

Elapsed time: 605510 ms


Stats: 
Max dist: 321.10
Min dist: 0.00
avg of Avg dists: 69.79
avg Std dev dist: 44.39

First 600 voting weights (sorted): 3038(18.00) 3055(16.19) 2838(15.00) 2621(15.00) 2034(14.62) 567(14.06) 1960(13.93) 568(13.50) 3045(13.40) 3578(13.36) 2836(13.06) 3735(13.05) 748(13.00) 597(12.95) 161(12.90) 3193(12.65) 3173(12.65) 431(12.61) 3490(12.46) 4284(12.40) 2047(12.22) 4142(12.21) 1334(12.21) 3776(12.17) 4282(12.13) 2406(12.09) 2037(12.03) 1935(12.01) 1822(12.00) 820(12.00) 2588(12.00) 2497(12.00) 904(11.61) 432(11.50) 2446(11.49) 1198(11.47) 1146(11.46) 2002(11.44) 2819(11.42) 40(11.38) 1764(11.29) 2632(11.18) 2707(11.16) 1032(11.11) 2010(11.09) 71(11.06) 160(11.03) 319(11.01) 4336(11.00) 2110(11.00) 2609(11.00) 668(11.00) 3036(11.00) 2638(11.00) 4213(10.90) 3034(10.83) 1042(10.83) 3746(10.82) 3101(10.81) 2682(10.77) 3891(10.76) 3582(10.59) 312(10.57) 404(10.53) 1815(10.52) 3713(10.52) 1982(10.45) 3146(10.44) 565(10.35) 3121(10.34) 154(10.28) 57(10.22) 2932(10.22) 3205(10.19) 2444(10.17) 1864(10.16) 3908(10.11) 3935(10.08) 1419(10.07) 3580(10.00) 1250(10.00) 571(10.00) 1854(10.00) 3531(10.00) 872(10.00) 1654(10.00) 4119(10.00) 3322(10.00) 1148(9.90) 1444(9.87) 4410(9.85) 311(9.83) 4286(9.83) 1666(9.81) 1234(9.80) 46(9.79) 3515(9.79) 3638(9.79) 924(9.70) 2928(9.68) 1798(9.67) 200(9.65) 751(9.64) 3525(9.62) 1502(9.60) 59(9.58) 563(9.58) 2078(9.55) 135(9.53) 3117(9.51) 2127(9.49) 2704(9.48) 1126(9.47) 4214(9.44) 2990(9.42) 3161(9.38) 599(9.37) 450(9.37) 527(9.36) 3576(9.36) 3002(9.36) 435(9.34) 1962(9.27) 3529(9.27) 2913(9.25) 3643(9.25) 1893(9.22) 138(9.22) 2741(9.22) 4359(9.21) 2247(9.21) 3574(9.18) 3171(9.17) 1066(9.16) 708(9.15) 1261(9.15) 1923(9.14) 423(9.13) 2265(9.12) 3009(9.10) 3667(9.10) 3863(9.10) 284(9.09) 70(9.08) 3938(9.07) 1685(9.06) 26(9.06) 3445(9.04) 1484(9.04) 1859(9.03) 1242(9.02) 1783(9.00) 4435(9.00) 3600(9.00) 2978(9.00) 406(9.00) 384(9.00) 806(9.00) 620(9.00) 755(9.00) 631(9.00) 633(9.00) 2575(9.00) 458(9.00) 726(9.00) 2595(9.00) 4024(9.00) 1058(9.00) 1055(9.00) 1175(9.00) 4014(9.00) 1152(9.00) 1001(9.00) 3964(9.00) 9(9.00) 1877(9.00) 2108(9.00) 1163(9.00) 2195(9.00) 1494(9.00) 192(9.00) 944(9.00) 1766(9.00) 3343(8.95) 355(8.92) 453(8.92) 515(8.91) 335(8.88) 3604(8.87) 133(8.84) 4048(8.82) 2274(8.81) 4269(8.76) 1045(8.76) 3882(8.74) 1336(8.72) 4118(8.72) 1534(8.71) 2241(8.63) 495(8.61) 4147(8.60) 2681(8.59) 2062(8.57) 3661(8.55) 1156(8.54) 2661(8.52) 1936(8.51) 1267(8.48) 4176(8.47) 143(8.46) 3044(8.46) 3011(8.46) 341(8.45) 174(8.45) 2918(8.44) 1205(8.42) 2072(8.40) 1374(8.37) 4329(8.33) 2407(8.32) 324(8.30) 4138(8.30) 2592(8.29) 4199(8.29) 782(8.29) 1470(8.28) 1681(8.27) 376(8.26) 320(8.26) 1759(8.24) 1022(8.24) 239(8.22) 4143(8.22) 3774(8.21) 2700(8.21) 198(8.21) 1266(8.21) 3546(8.20) 2203(8.20) 1522(8.20) 4298(8.20) 2035(8.20) 1559(8.19) 3303(8.18) 3365(8.18) 3288(8.18) 2113(8.17) 737(8.17) 1680(8.17) 4223(8.16) 257(8.16) 326(8.16) 223(8.16) 4260(8.15) 4345(8.15) 3309(8.14) 292(8.14) 6(8.14) 4392(8.14) 3637(8.14) 488(8.13) 3758(8.13) 1773(8.12) 764(8.11) 19(8.11) 3127(8.10) 1160(8.10) 3790(8.10) 4261(8.10) 4271(8.10) 4209(8.10) 1775(8.09) 2433(8.09) 3537(8.09) 958(8.09) 4417(8.09) 1846(8.09) 1692(8.07) 2586(8.07) 3636(8.07) 207(8.06) 3953(8.05) 4169(8.04) 2044(8.03) 1396(8.00) 4273(8.00) 3120(8.00) 3915(8.00) 1304(8.00) 3242(8.00) 3940(8.00) 3293(8.00) 3957(8.00) 2107(8.00) 1256(8.00) 389(8.00) 3348(8.00) 2268(8.00) 1183(8.00) 3420(8.00) 3433(8.00) 3778(8.00) 3772(8.00) 3447(8.00) 4057(8.00) 4308(8.00) 1875(8.00) 2917(8.00) 3194(8.00) 3630(8.00) 2934(8.00) 282(8.00) 4243(8.00) 933(8.00) 4133(8.00) 1794(8.00) 1891(8.00) 840(8.00) 1898(8.00) 1786(8.00) 772(8.00) 2582(8.00) 815(8.00) 2982(8.00) 3159(8.00) 1888(8.00) 4132(7.98) 4(7.98) 2134(7.97) 1820(7.96) 4030(7.94) 422(7.92) 3128(7.92) 1404(7.92) 2992(7.90) 3513(7.90) 152(7.90) 3505(7.89) 145(7.89) 2275(7.84) 922(7.84) 1811(7.83) 1010(7.83) 2847(7.80) 1257(7.76) 1121(7.76) 2736(7.75) 3679(7.74) 2377(7.73) 3770(7.73) 626(7.73) 4447(7.73) 3674(7.73) 1643(7.72) 813(7.72) 4086(7.72) 1013(7.71) 37(7.71) 1111(7.71) 2404(7.71) 1158(7.70) 82(7.69) 2627(7.68) 3017(7.67) 4446(7.63) 238(7.63) 1255(7.63) 1081(7.62) 2007(7.60) 2480(7.58) 3654(7.58) 3016(7.57) 244(7.57) 1598(7.54) 1804(7.54) 3149(7.54) 2544(7.54) 1758(7.52) 1227(7.51) 1053(7.50) 3649(7.50) 908(7.49) 1458(7.49) 1236(7.48) 598(7.48) 1190(7.47) 66(7.47) 2975(7.47) 472(7.46) 3653(7.44) 3030(7.44) 4053(7.43) 874(7.42) 2374(7.42) 3909(7.42) 1474(7.41) 860(7.39) 4411(7.39) 1347(7.39) 639(7.39) 2414(7.37) 2356(7.37) 2931(7.37) 503(7.37) 3925(7.37) 3958(7.37) 2552(7.37) 2731(7.37) 3066(7.37) 2901(7.36) 3147(7.36) 1604(7.36) 1281(7.36) 1191(7.36) 1093(7.34) 2725(7.33) 1520(7.32) 653(7.32) 3659(7.32) 3619(7.32) 542(7.32) 4420(7.31) 4076(7.31) 4085(7.31) 330(7.30) 3243(7.29) 2278(7.29) 3087(7.29) 4381(7.28) 2837(7.28) 4109(7.27) 740(7.27) 3608(7.27) 2580(7.26) 3860(7.26) 1416(7.25) 3602(7.25) 3591(7.25) 1204(7.25) 2816(7.24) 111(7.24) 3407(7.22) 2122(7.22) 1678(7.22) 920(7.22) 3598(7.21) 1531(7.21) 3955(7.21) 1508(7.21) 1457(7.21) 3855(7.21) 2350(7.20) 2581(7.20) 2722(7.19) 3468(7.19) 1628(7.19) 927(7.19) 1030(7.19) 1025(7.18) 3747(7.18) 3320(7.17) 1580(7.17) 2509(7.17) 2963(7.17) 2126(7.17) 1959(7.17) 1709(7.17) 1968(7.16) 5(7.16) 165(7.16) 2180(7.16) 1298(7.16) 2561(7.15) 3554(7.14) 3968(7.14) 4252(7.14) 241(7.14) 449(7.14) 1082(7.14) 703(7.13) 1565(7.13) 873(7.13) 4305(7.13) 1599(7.13) 3398(7.13) 979(7.13) 975(7.13) 3169(7.13) 1252(7.12) 3881(7.12) 100(7.12) 3829(7.11) 540(7.11) 4159(7.11) 55(7.11) 1426(7.11) 1554(7.11) 3910(7.11) 851(7.10) 521(7.10) 1189(7.10) 250(7.10) 3076(7.10) 1368(7.10) 1895(7.09) 3335(7.09) 3640(7.09) 680(7.09) 1127(7.07) 780(7.07) 178(7.07) 3949(7.07) 3020(7.07) 4346(7.07) 587(7.05) 1745(7.05) 517(7.04) 2643(7.04) 3766(7.04) 1564(7.03) 48(7.02) 1260(7.00) 479(7.00) 1739(7.00) 1736(7.00) 2590(7.00) 2518(7.00) 1729(7.00) 1715(7.00) 1703(7.00) 720(7.00) 1829(7.00) 1825(7.00) 306(7.00) 2560(7.00) 1034(7.00) 3620(7.00) 1617(7.00) 1924(7.00) 1880(7.00) 822(7.00) 819(7.00) 1672(7.00) 1673(7.00) 788(7.00) 2525(7.00) 787(7.00) 940(7.00) 2358(7.00) 2351(7.00) 2117(7.00) 2333(7.00) 3285(7.00) 2328(7.00) 3257(7.00) 2322(7.00) 3253(7.00) 2145(7.00) 2150(7.00) 3237(7.00) 3223(7.00) 2600(7.00) 1299(7.00) 1316(7.00) 700(7.00) 2283(7.00) 34(7.00) 2191(7.00) 658(7.00) 1339(7.00) 36(7.00) 2199(7.00) 1354(7.00) 1439(7.00) 1361(7.00) 1397(7.00) 3209(7.00) 607(7.00) 3516(7.00) 611(7.00) 1091(7.00) 1569(7.00) 3487(7.00) 3481(7.00) 3453(7.00) 2461(7.00) 1108(7.00) 2458(7.00) 1567(7.00) 1139(7.00) 3339(7.00) 1545(7.00) 67(7.00) 3429(7.00) 1176(7.00) 1181(7.00) 2039(7.00) 3390(7.00) 1206(7.00) 1212(7.00) 


Filtered 600 locations: 3038 3055 2838 2621 2034 567 1960 568 3045 3578 2836 3735 748 597 161 3193 3173 431 3490 4284 2047 4142 1334 3776 4282 2406 2037 1935 1822 820 2588 2497 904 432 2446 1198 1146 2002 2819 40 1764 2632 2707 1032 2010 71 160 319 4336 2110 2609 668 3036 2638 4213 3034 1042 3746 3101 2682 3891 3582 312 404 1815 3713 1982 3146 565 3121 154 57 2932 3205 2444 1864 3908 3935 1419 3580 1250 571 1854 3531 872 1654 4119 3322 1148 1444 4410 311 4286 1666 1234 46 3515 3638 924 2928 1798 200 751 3525 1502 59 563 2078 135 3117 2127 2704 1126 4214 2990 3161 599 450 527 3576 3002 435 1962 3529 2913 3643 1893 138 2741 4359 2247 3574 3171 1066 708 1261 1923 423 2265 3009 3667 3863 284 70 3938 1685 26 3445 1484 1859 1242 1783 4435 3600 2978 406 384 806 620 755 631 633 2575 458 726 2595 4024 1058 1055 1175 4014 1152 1001 3964 9 1877 2108 1163 2195 1494 192 944 1766 3343 355 453 515 335 3604 133 4048 2274 4269 1045 3882 1336 4118 1534 2241 495 4147 2681 2062 3661 1156 2661 1936 1267 4176 143 3044 3011 341 174 2918 1205 2072 1374 4329 2407 324 4138 2592 4199 782 1470 1681 376 320 1759 1022 239 4143 3774 2700 198 1266 3546 2203 1522 4298 2035 1559 3303 3365 3288 2113 737 1680 4223 257 326 223 4260 4345 3309 292 6 4392 3637 488 3758 1773 764 19 3127 1160 3790 4261 4271 4209 1775 2433 3537 958 4417 1846 1692 2586 3636 207 3953 4169 2044 1396 4273 3120 3915 1304 3242 3940 3293 3957 2107 1256 389 3348 2268 1183 3420 3433 3778 3772 3447 4057 4308 1875 2917 3194 3630 2934 282 4243 933 4133 1794 1891 840 1898 1786 772 2582 815 2982 3159 1888 4132 4 2134 1820 4030 422 3128 1404 2992 3513 152 3505 145 2275 922 1811 1010 2847 1257 1121 2736 3679 2377 3770 626 4447 3674 1643 813 4086 1013 37 1111 2404 1158 82 2627 3017 4446 238 1255 1081 2007 2480 3654 3016 244 1598 1804 3149 2544 1758 1227 1053 3649 908 1458 1236 598 1190 66 2975 472 3653 3030 4053 874 2374 3909 1474 860 4411 1347 639 2414 2356 2931 503 3925 3958 2552 2731 3066 2901 3147 1604 1281 1191 1093 2725 1520 653 3659 3619 542 4420 4076 4085 330 3243 2278 3087 4381 2837 4109 740 3608 2580 3860 1416 3602 3591 1204 2816 111 3407 2122 1678 920 3598 1531 3955 1508 1457 3855 2350 2581 2722 3468 1628 927 1030 1025 3747 3320 1580 2509 2963 2126 1959 1709 1968 5 165 2180 1298 2561 3554 3968 4252 241 449 1082 703 1565 873 4305 1599 3398 979 975 3169 1252 3881 100 3829 540 4159 55 1426 1554 3910 851 521 1189 250 3076 1368 1895 3335 3640 680 1127 780 178 3949 3020 4346 587 1745 517 2643 3766 1564 48 1260 479 1739 1736 2590 2518 1729 1715 1703 720 1829 1825 306 2560 1034 3620 1617 1924 1880 822 819 1672 1673 788 2525 787 940 2358 2351 2117 2333 3285 2328 3257 2322 3253 2145 2150 3237 3223 2600 1299 1316 700 2283 34 2191 658 1339 36 2199 1354 1439 1361 1397 3209 607 3516 611 1091 1569 3487 3481 3453 2461 1108 2458 1567 1139 3339 1545 67 3429 1176 1181 2039 3390 1206 1212 

Extracted 0 prioritized locations: 

Final instance parameters:
loc_max_id: 4461
loc_cnt: 600
service: fnl4461_0500
cust_max_id: 4461
cust_cnt: 4461
unweighted obj function
p: 500
total_demand: 224395.00
threshold_dist: 365.49



-------------------------------------------------
Final Problem RSSV heuristic
-------------------------------------------------
    RSSV_EXACT_CPMP_BIN
-------------------------------------------------
Gap Cplex Reports: gap_Bin_service_fnl4461_0500_p_500_RSSV_EXACT_CPMP_BIN.csv
[CALLBACK] Generating reports cplex callbacks...
[CALLBACK] Using BreakCallback...
Time Limit with not improving 1.00% (gap): 120.00 seconds
Time Limit with Gap less than 1%: 120.00 seconds
Default row names c1, c2 ... being created.
Version identifier: 22.1.1.0 | 2022-11-28 | 9160aff4d
CPXPARAM_TimeLimit                               1795
Legacy callback                                  i
Tried aggregator 2 times.
MIP Presolve eliminated 2584787 rows and 2584787 columns.
Aggregator did 1 substitutions.
Reduced MIP has 5061 rows, 92412 columns, and 184824 nonzeros.
Reduced MIP has 92412 binaries, 0 generals, 0 SOSs, and 0 indicators.
Presolve time = 3.21 sec. (2100.49 ticks)
Tried aggregator 1 time.
Detecting symmetries...
Reduced MIP has 5061 rows, 92412 columns, and 184824 nonzeros.
Reduced MIP has 92412 binaries, 0 generals, 0 SOSs, and 0 indicators.
Presolve time = 0.26 sec. (141.72 ticks)
Probing time = 1.33 sec. (11.58 ticks)
Clique table members: 96275.
MIP emphasis: balance optimality and feasibility.
MIP search method: dynamic search.
Parallel mode: deterministic, using up to 32 threads.
Root relaxation solution time = 0.33 sec. (126.31 ticks)

        Nodes                                         Cuts/
   Node  Left     Objective  IInf  Best Integer    Best Bound    ItCnt     Gap

*     0+    0                       447388.7875      242.2499            99.95%
*     0+    0                       410657.0156      242.2499            99.94%
*     0+    0                       403949.0159      242.2499            99.94%
      0     0   302677.5199   558   403949.0159   302677.5199     1162   25.07%
Time: 19.08 seconds
MIP Gap: 0.25
Nodes: 0
Best Objective: 302677.519900923711248
Incumbent Obj:  403949.015876295743510
      0     0   303297.8311   662   403949.0159    Cuts: 1365     1992   24.92%
      0     0   307183.8234  1203   403949.0159    Cuts: 1365     4014   23.95%
      0     0   308648.3611  1171   403949.0159    Cuts: 1269     5405   23.59%
*     0+    0                       335227.7141   308648.3611             7.93%
*     0+    0                       330198.6392   308648.3611             6.53%
*     0+    0                       325517.9675   308648.3611             5.18%
*     0+    0                       323889.2956   308648.3611             4.71%
*     0+    0                       322455.6111   308648.3611             4.28%
      0     0  -1.00000e+75     0   322455.6111   308648.3611     5405    4.28%
Time: 112.626295804977417 seconds
MIP Gap: 0.042819071945460
Nodes: 0
Best Objective: 308648.361055405810475
Incumbent Obj:  322455.611064807046205
      0     0   309050.2364  1312   322455.6111     Cuts: 786     6289    4.16%
      0     0   309228.2162  1302   322455.6111     Cuts: 516     6918    4.10%
Detecting symmetries...
      0     0   309316.2993  1227   322455.6111     Cuts: 404     7313    4.07%
      0     0   309376.5951  1247   322455.6111     Cuts: 302     7676    4.06%
      0     0   309422.2062  1312   322455.6111     Cuts: 225     7996    4.04%
      0     0   309458.8456  1197   322455.6111     Cuts: 182     8272    4.03%
      0     0   309483.7308  1086   322455.6111     Cuts: 168     8532    4.02%
      0     0   309496.3144  1211   322455.6111     Cuts: 125     8713    4.02%
      0     0   309509.2793  1142   322455.6111     Cuts: 117     8931    4.01%
      0     0   309521.9353  1140   322455.6111     Cuts: 118     9137    4.01%
*     0+    0                       315101.7800   309521.9353             1.77%
Detecting symmetries...
Time: 123.317851781845093 seconds
MIP Gap: 0.017708071072545
Nodes: 0
Best Objective: 309521.935271493915934
Incumbent Obj:  315101.779986581706908
      0     2   309521.9353  1140   315101.7800   309521.9353     9137    1.77%
Elapsed time = 112.59 sec. (10850.36 ticks, tree = 0.02 MB, solutions = 9)
     18     8   309541.7154  1099   315101.7800   309523.9398     9278    1.77%
     72    53   309548.1201  1201   315101.7800   309529.3790    11888    1.77%
    123   117   309559.1797  1205   315101.7800   309529.7924    14815    1.77%
*   148+   55                       312869.2665   309529.8075             1.07%
Time: 128.556981801986694 seconds
MIP Gap: 0.014843041598325
Nodes: 140
Best Objective: 309529.807481686992105
Incumbent Obj:  314193.393085169140249
    177    98   309551.5284  1208   312869.2665   309529.8075    14213    1.07%
    211   170   309577.6036  1157   312869.2665   309529.8075    16968    1.07%
    258   211   309555.2864  1166   312869.2665   309529.8075    18166    1.07%
    293   249   309781.3876   964   312869.2665   309529.8075    18971    1.07%
    353   303   309568.4767  1119   312869.2665   309529.8075    20307    1.07%
    382   331   309822.4813   941   312869.2665   309529.8075    20680    1.07%
Time: 133.842459917068481 seconds
MIP Gap: 0.010848239744212
Nodes: 502
Best Objective: 309529.807481686992105
Incumbent Obj:  312924.487342209904455
    664   619   309591.2409  1139   312869.2665   309529.8075    26026    1.07%
Elapsed time = 123.14 sec. (14021.08 ticks, tree = 40.78 MB, solutions = 13)
    940   873   310067.0851   939   312869.2665   309532.5350    30480    1.07%
Time: 139.449669837951660 seconds
MIP Gap: 0.010644037136720
Nodes: 1137
Best Objective: 309539.074450477259234
Incumbent Obj:  312869.266542494064197
   1276  1181   309862.6378  1014   312869.2665   309539.0745    35911    1.06%
*  1407+ 1197                       310981.1186   309539.0745             0.46%
*  1518+ 1355                       310653.7742   309539.0745             0.36%
*  1534+ 1355                       310604.9491   309539.0745             0.34%
   1602  1467   310493.9670   706   310604.9491   309539.0745    39663    0.34%
*  1613+ 1450                       310576.3326   309539.0745             0.33%
Time: 144.657542943954468 seconds
MIP Gap: 0.003339784888778
Nodes: 1681
Best Objective: 309539.074450477259234
Incumbent Obj:  310576.332592883147299
*  1860+ 1684                       310561.8722   309539.0745             0.33%
   1875  1747   310492.4052   958   310561.8722   309539.0745    45322    0.33%
*  1906+ 1598                       310532.8138   309539.0745             0.32%
*  1928+ 1598                       310461.7239   309539.0745             0.30%
*  1997+ 1744                       310458.2358   309539.0745             0.30%
   2028  1774   309581.4790  1151   310458.2358   309539.0745    49534    0.30%
Time: 150.014675855636597 seconds
MIP Gap: 0.002960660094053
Nodes: 2153
Best Objective: 309539.074450477259234
Incumbent Obj:  310458.235759961768053
*  2330+ 1896                       310447.9165   309539.0745             0.29%
   2373  2072   309629.2919  1132   310447.9165   309539.0745    58108    0.29%
   2749  2402   310180.6745   808   310447.9165   309539.0745    64426    0.29%
Time: 155.259491920471191 seconds
MIP Gap: 0.002927518594865
Nodes: 3097
Best Objective: 309539.074450477259234
Incumbent Obj:  310447.916498764476273
   3565  3216   309710.8317  1159   310447.9165   309539.0745    82407    0.29%
   3935  3502   310193.6328   593   310447.9165   309539.0745    89803    0.29%
Time: 160.724650859832764 seconds
MIP Gap: 0.002927518594865
Nodes: 3875
Best Objective: 309539.074450477259234
Incumbent Obj:  310447.916498764476273
*  4482+ 3801                       310420.0991   309539.0745             0.28%
   4573  4041   309959.6539   971   310420.0991   309539.0745   102950    0.28%
Elapsed time = 153.13 sec. (23589.16 ticks, tree = 337.87 MB, solutions = 26)
Time: 166.391251802444458 seconds
MIP Gap: 0.002838168974635
Nodes: 4529
Best Objective: 309539.074450477259234
Incumbent Obj:  310420.099144973792136
   4942  4319   309597.4739  1264   310420.0991   309539.0745   111047    0.28%
*  5118+ 4422                       310410.5968   309539.0745             0.28%

Performing restart 1

Repeating presolve.
Tried aggregator 1 time.
MIP Presolve eliminated 0 rows and 23 columns.
Reduced MIP has 5061 rows, 92389 columns, and 184778 nonzeros.
Reduced MIP has 92389 binaries, 0 generals, 0 SOSs, and 0 indicators.
Presolve time = 0.19 sec. (116.78 ticks)
Tried aggregator 1 time.
Reduced MIP has 5061 rows, 92389 columns, and 184778 nonzeros.
Reduced MIP has 92389 binaries, 0 generals, 0 SOSs, and 0 indicators.
Presolve time = 0.26 sec. (144.61 ticks)
Represolve time = 5.78 sec. (2531.95 ticks)
   5328     0   309573.4934  1138   310410.5968     Cuts: 168   132556    0.27%
   5328     0   309608.5206   957   310410.5968     Cuts: 178   132879    0.26%
   5328     0   309627.9145  1059   310410.5968     Cuts: 203   133108    0.25%
*  5328+    0                       310289.2373   309627.9145             0.21%
*  5328+    0                       310269.6032   309627.9145             0.21%
*  5328+    0                       310188.2955   309627.9145             0.18%
*  5328+    0                       310176.5120   309627.9145             0.18%
   5328     0  -1.00000e+75     0   310176.5120   309627.9145   133108    0.18%
   5328     0   309647.6817   968   310176.5120     Cuts: 182   133341    0.17%
   5328     0   309675.8187  1017   310176.5120     Cuts: 139   133550    0.16%
   5328     0   309688.3729   907   310176.5120     Cuts: 168   133767    0.16%
   5328     0   309697.3058   893   310176.5120     Cuts: 141   133971    0.15%
   5328     0   309706.3664   824   310176.5120     Cuts: 123   134188    0.15%
   5328     0   309713.9873   863   310176.5120     Cuts: 125   134366    0.15%
   5328     0   309720.7027   819   310176.5120      Cuts: 85   134525    0.15%
   5328     0   309726.4631   897   310176.5120      Cuts: 82   134654    0.15%
   5328     0   309729.1870   839   310176.5120      Cuts: 78   134758    0.14%
   5328     0   309732.8766   837   310176.5120      Cuts: 72   134861    0.14%
   5328     0   309737.5954   883   310176.5120      Cuts: 89   134999    0.14%
   5328     0   309740.1718   857   310176.5120      Cuts: 73   135098    0.14%
   5328     0   309741.6657   870   310176.5120      Cuts: 70   135185    0.14%
   5328     0   309744.4217   886   310176.5120      Cuts: 69   135306    0.14%
Time: 351.623136997222900 seconds
MIP Gap: 0.001393046635614
Nodes: 5328
Best Objective: 309744.421697013254743
Incumbent Obj:  310176.512043561902829
Stopping optimization: Gap is less than 1% for more than 120.00 seconds.
Stopping optimization: Gap is less than 1% for more than 120.00 seconds.

Clique cuts applied:  2076
Cover cuts applied:  740
Flow cuts applied:  179
Mixed integer rounding cuts applied:  576
Zero-half cuts applied:  719
Lift and project cuts applied:  5
Gomory fractional cuts applied:  72

Root node processing (before b&c):
  Real time             =  108.02 sec. (11332.69 ticks)
Parallel b&c, 32 threads:
  Real time             =  236.68 sec. (30940.25 ticks)
  Sync time (average)   =   37.78 sec.
  Wait time (average)   =    1.50 sec.
                          ------------
Total (root+branch&cut) =  344.70 sec. (42272.94 ticks)
[INFO] Saving variables cplex:
./outputs/solutions/2024-08-27_LIT_seed_0_1-2p/VarsValues_cplex/test_lit_fnl4461_0500_CPMP_Vars_Bin_p_500_RSSV_EXACT_CPMP_BIN.txt
[INFO] Saving results cplex: 
./outputs/solutions/2024-08-27_LIT_seed_0_1-2p/Results_cplex/test_lit_fnl4461_0500_Bin_RSSV_EXACT_CPMP_BIN.csv

Final solution CPMP:
p locations: 2134 4261 1888 3159 1032 2982 1564 1786 1898 1189 840 1794 376 4133 933 2351 4243 2917 4308 3772 1256 3242 406 1304 2722 4169 2268 1559 3953 207 3636 4345 1692 4417 872 3537 4209 2586 1877 4271 726 3790 1160 4273 1775 1066 764 3600 55 3758 922 488 2928 4346 3309 1891 2600 326 3433 4142 737 4282 2113 3531 1680 3365 4057 3348 3453 4298 2203 1494 1419 2837 3288 1266 4143 2725 320 1681 1470 782 3940 2592 324 1396 2407 3420 2072 3490 4199 2918 4336 1267 1936 1227 2661 3661 1534 3390 4147 1204 2241 3659 3173 2274 1565 4 2700 4118 341 1759 4048 3339 1212 335 3171 515 453 2580 1773 3343 3303 1176 2195 1163 2581 192 4446 9 3554 257 3964 3128 292 815 1152 4014 1175 1055 3891 4223 1864 422 2107 3525 2816 2444 3205 3038 3747 2704 57 3602 312 6 4260 3713 4435 3017 2356 404 1822 3949 924 1261 1685 4119 282 2978 851 2199 633 2595 3468 2275 927 3679 1766 4447 1484 66 1081 3320 2480 458 1598 3016 1804 1257 920 1758 908 571 3604 1190 2975 2638 1604 2404 755 3591 3640 1281 607 3958 2552 2731 3066 2901 542 772 3608 2934 1520 152 653 1158 449 3285 3619 1260 3909 2561 4076 330 1678 2836 3087 1739 250 2377 165 874 3910 4381 2963 1545 3860 1416 3101 2122 100 1924 239 819 3515 1156 1025 620 3653 1968 787 450 2518 3529 3257 2278 1569 860 1361 3020 1672 2461 1397 4053 1715 4411 3445 2736 3237 3574 1567 34 1880 1206 3223 2117 432 67 1252 241 2150 1139 3161 2333 3335 639 2145 111 3955 389 2560 3908 3146 3855 3481 1354 788 2458 658 3009 1298 2007 1339 2350 1673 2010 1336 3766 1053 1554 740 3576 135 1111 1820 1474 2643 1347 1010 178 472 1181 1127 1628 700 1374 1368 1825 3243 1895 3580 3076 2525 2191 1854 521 680 3516 3770 1643 975 979 3398 4305 873 2039 703 2283 4410 2374 3209 2509 244 540 4085 1580 822 1531 2180 3598 3935 565 2590 1242 1811 3938 568 720 2847 517 2609 1191 3957 1121 40 1458 2247 4269 527 1236 806 631 2990 3578 3915 2497 1923 2632 1859 174 1045 3881 3649 1522 813 1962 3253 2544 1126 2741 4159 2913 1798 3925 3968 423 3638 1234 2582 4420 1654 2328 1666 1148 3322 3117 4286 1846 3194 4359 3011 1250 4086 1959 1457 748 306 2433 567 2406 384 1058 3429 4138 1709 4213 668 2358 3776 4284 2047 2621 599 284 3829 3120 3055 626 2044 751 611 3447 71 3778 2588 200 3036 2034 3045 1875 3293 3630 2838 2446 319 160 311 3147 1729 708 2126 3169 1042 1703 3121 587 4132 2819 2110 1334 2682 4030 479 4024 37 3582 2707 3149 1022 138 4392 2265 3667 1982 4109 198 3034 2575 
p size: 500
objective: 310176.512043584778439
sum (dij * xij) 
demand/capacity: 224395.000000000000000/280500
Solution is Feasible
Statistics:
Max distance: 339.530558271269570
Min distance: 0.000000000000000
Avg distance: 69.530713302753824
Std deviation distance: 44.907413951465514


Final total elapsed time: 970s
[INFO] Saving assignment: ./outputs/solutions/2024-08-27_LIT_seed_0_1-2p/Assignments/test_lit_fnl4461_0500_p_500_RSSV_EXACT_CPMP_BIN.txt
[INFO] Saving results: ./outputs/solutions/2024-08-27_LIT_seed_0_1-2p/test_lit_fnl4461_0500_results_RSSV_EXACT_CPMP_BIN.csv
[INFO] Saving all results: ./outputs/solutions/test_all_results.csv
Post Optimization: EXACT_CPMP_BIN


-------------------------------------------------
Post Optimization
-------------------------------------------------
method: EXACT_CPMP_BIN
-------------------------------------------------
Time for post-optimization: 2630.000000000000000s
PostOptimization constructor for Solution_cap
p locations: 2134 4261 1888 3159 1032 2982 1564 1786 1898 1189 840 1794 376 4133 933 2351 4243 2917 4308 3772 1256 3242 406 1304 2722 4169 2268 1559 3953 207 3636 4345 1692 4417 872 3537 4209 2586 1877 4271 726 3790 1160 4273 1775 1066 764 3600 55 3758 922 488 2928 4346 3309 1891 2600 326 3433 4142 737 4282 2113 3531 1680 3365 4057 3348 3453 4298 2203 1494 1419 2837 3288 1266 4143 2725 320 1681 1470 782 3940 2592 324 1396 2407 3420 2072 3490 4199 2918 4336 1267 1936 1227 2661 3661 1534 3390 4147 1204 2241 3659 3173 2274 1565 4 2700 4118 341 1759 4048 3339 1212 335 3171 515 453 2580 1773 3343 3303 1176 2195 1163 2581 192 4446 9 3554 257 3964 3128 292 815 1152 4014 1175 1055 3891 4223 1864 422 2107 3525 2816 2444 3205 3038 3747 2704 57 3602 312 6 4260 3713 4435 3017 2356 404 1822 3949 924 1261 1685 4119 282 2978 851 2199 633 2595 3468 2275 927 3679 1766 4447 1484 66 1081 3320 2480 458 1598 3016 1804 1257 920 1758 908 571 3604 1190 2975 2638 1604 2404 755 3591 3640 1281 607 3958 2552 2731 3066 2901 542 772 3608 2934 1520 152 653 1158 449 3285 3619 1260 3909 2561 4076 330 1678 2836 3087 1739 250 2377 165 874 3910 4381 2963 1545 3860 1416 3101 2122 100 1924 239 819 3515 1156 1025 620 3653 1968 787 450 2518 3529 3257 2278 1569 860 1361 3020 1672 2461 1397 4053 1715 4411 3445 2736 3237 3574 1567 34 1880 1206 3223 2117 432 67 1252 241 2150 1139 3161 2333 3335 639 2145 111 3955 389 2560 3908 3146 3855 3481 1354 788 2458 658 3009 1298 2007 1339 2350 1673 2010 1336 3766 1053 1554 740 3576 135 1111 1820 1474 2643 1347 1010 178 472 1181 1127 1628 700 1374 1368 1825 3243 1895 3580 3076 2525 2191 1854 521 680 3516 3770 1643 975 979 3398 4305 873 2039 703 2283 4410 2374 3209 2509 244 540 4085 1580 822 1531 2180 3598 3935 565 2590 1242 1811 3938 568 720 2847 517 2609 1191 3957 1121 40 1458 2247 4269 527 1236 806 631 2990 3578 3915 2497 1923 2632 1859 174 1045 3881 3649 1522 813 1962 3253 2544 1126 2741 4159 2913 1798 3925 3968 423 3638 1234 2582 4420 1654 2328 1666 1148 3322 3117 4286 1846 3194 4359 3011 1250 4086 1959 1457 748 306 2433 567 2406 384 1058 3429 4138 1709 4213 668 2358 3776 4284 2047 2621 599 284 3829 3120 3055 626 2044 751 611 3447 71 3778 2588 200 3036 2034 3045 1875 3293 3630 2838 2446 319 160 311 3147 1729 708 2126 3169 1042 1703 3121 587 4132 2819 2110 1334 2682 4030 479 4024 37 3582 2707 3149 1022 138 4392 2265 3667 1982 4109 198 3034 2575 
p size: 500
objective: 310176.512043584778439
sum (dij * xij) 
demand/capacity: 224395.000000000000000/280500
Solution is Feasible
[INFO] Running post-optimization
Time limit: 2630.000000000000000
Max size of the neigh: 7
 ------------------------------------ 

Iteration Post-Optimization: 1
Size of neighborhood: 1
[INFO] Adding MIP start solution
Gap Cplex Reports: gap_Bin_service_fnl4461_0500_p_500_RSSV_POSTOPT.csv
[CALLBACK] Generating reports cplex callbacks...
Default row names c1, c2 ... being created.
Version identifier: 22.1.1.0 | 2022-11-28 | 9160aff4d
CPXPARAM_TimeLimit                               2630
CPXPARAM_MIP_Tolerances_LowerCutoff              309744.42169701325
Legacy callback                                  i
1 of 2 MIP starts provided solutions.
MIP start 'm1' defined initial solution with objective 310362.3517.
Presolve has eliminated 19315542 rows and 19315542 columns...
Tried aggregator 1 time.
MIP Presolve eliminated 19315542 rows and 19315542 columns.
Reduced MIP has 9423 rows, 589440 columns, and 1179880 nonzeros.
Reduced MIP has 589440 binaries, 0 generals, 0 SOSs, and 0 indicators.
Presolve time = 23.16 sec. (14276.79 ticks)
Tried aggregator 1 time.
Detecting symmetries...
Reduced MIP has 9423 rows, 589440 columns, and 1179880 nonzeros.
Reduced MIP has 589440 binaries, 0 generals, 0 SOSs, and 0 indicators.
Presolve time = 2.68 sec. (1297.95 ticks)
Probing time = 1.61 sec. (139.45 ticks)
Clique table members: 589940.
MIP emphasis: balance optimality and feasibility.
MIP search method: dynamic search.
Parallel mode: deterministic, using up to 32 threads.
Root relaxation solution time = 2.02 sec. (1218.16 ticks)

        Nodes                                         Cuts/
   Node  Left     Objective  IInf  Best Integer    Best Bound    ItCnt     Gap

*     0+    0                       310362.3517        0.0000           100.00%
      0     0   193861.3542  2054   310362.3517   193861.3542    12356   37.54%
Time: 443.109220027923584 seconds
MIP Gap: 0.375370907165691
Nodes: 0
Best Objective: 193861.354201952432049
Incumbent Obj:  310362.351715463213623
*     0+    0                       310232.5341   193861.3542            37.51%
      0     0   228117.4444  4368   310232.5341    Cuts: 2455    16344   26.47%
Time: 453.243514060974121 seconds
MIP Gap: 0.264688840393513
Nodes: 0
Best Objective: 228117.444375223305542
Incumbent Obj:  310232.534070751396939
      0     0   242658.4091  4893   310232.5341    Cuts: 2455    19556   21.78%
Time: 459.037246227264404 seconds
MIP Gap: 0.217817661043425
Nodes: 0
Best Objective: 242658.409119885647669
Incumbent Obj:  310232.534070751396939
      0     0   250015.8274  4611   310232.5341    Cuts: 2455    22465   19.41%
*     0+    0                       307478.4831   250015.8274            18.69%
      0     0  -1.00000e+75     0   307478.4831   250015.8274    22465   18.69%
Time: 467.807258129119873 seconds
MIP Gap: 0.186883501816975
Nodes: 0
Best Objective: 250015.827447040966945
Incumbent Obj:  307478.483102632453665
      0     0   255067.6531  4222   307478.4831    Cuts: 2455    25352   17.05%
Time: 474.531114101409912 seconds
MIP Gap: 0.170453650789685
Nodes: 0
Best Objective: 255067.653118514310336
Incumbent Obj:  307478.483102632453665
      0     0   258682.1596  4187   307478.4831    Cuts: 2455    27557   15.87%
Detecting symmetries...
Time: 482.850446224212646 seconds
MIP Gap: 0.158698335538787
Nodes: 0
Best Objective: 258682.159620253747562
Incumbent Obj:  307478.483102632453665
      0     0   261409.0832  4096   307478.4831    Cuts: 2067    29541   14.98%
Time: 490.033044099807739 seconds
MIP Gap: 0.149829670900114
Nodes: 0
Best Objective: 261409.083170498633990
Incumbent Obj:  307478.483102632453665
      0     0   263671.5647  4359   307478.4831    Cuts: 1793    31508   14.25%
Time: 496.642703056335449 seconds
MIP Gap: 0.142471492551472
Nodes: 0
Best Objective: 263671.564687537844293
Incumbent Obj:  307478.483102632453665
      0     0   265488.3326  4651   307478.4831    Cuts: 1719    33499   13.66%
Time: 502.439313173294067 seconds
MIP Gap: 0.136562890802386
Nodes: 0
Best Objective: 265488.332590604200959
Incumbent Obj:  307478.483102632453665
      0     0   266990.3166  4826   307478.4831    Cuts: 1538    35275   13.17%
Time: 509.569130182266235 seconds
MIP Gap: 0.131678048196006
Nodes: 0
Best Objective: 266990.316585409222171
Incumbent Obj:  307478.483102632453665
      0     0   268135.5081  4651   307478.4831    Cuts: 1485    36969   12.80%
Time: 515.885266065597534 seconds
MIP Gap: 0.127953587416349
Nodes: 0
Best Objective: 268135.508136313408613
Incumbent Obj:  307478.483102632453665
      0     0   269062.5962  4890   307478.4831    Cuts: 1390    38520   12.49%
Time: 522.041786193847656 seconds
MIP Gap: 0.124938455843416
Nodes: 0
Best Objective: 269062.596218713792041
Incumbent Obj:  307478.483102632453665
      0     0   269779.3614  4942   307478.4831    Cuts: 1150    40065   12.26%
Time: 528.330081224441528 seconds
MIP Gap: 0.122607349063631
Nodes: 0
Best Objective: 269779.361395312240347
Incumbent Obj:  307478.483102632453665
      0     0   270392.7696  4788   307478.4831    Cuts: 1129    41521   12.06%
*     0+    0                       307218.6633   270392.7696            11.99%
Time: 535.606796026229858 seconds
MIP Gap: 0.119868673643003
Nodes: 0
Best Objective: 270392.769591605872847
Incumbent Obj:  307218.663276995765045
      0     0   270898.6017  4749   307218.6633    Cuts: 1019    42975   11.82%
Time: 542.827352046966553 seconds
MIP Gap: 0.118222184715419
Nodes: 0
Best Objective: 270898.601719038560987
Incumbent Obj:  307218.663276995765045
      0     0   271307.4001  4554   307218.6633    Cuts: 1015    44387   11.69%
Time: 549.644790172576904 seconds
MIP Gap: 0.116891541817742
Nodes: 0
Best Objective: 271307.400051362114027
Incumbent Obj:  307218.663276995765045
      0     0   271657.5540  4787   307218.6633     Cuts: 907    45645   11.58%
Time: 555.239234209060669 seconds
MIP Gap: 0.115751786974864
Nodes: 0
Best Objective: 271657.554010654333979
Incumbent Obj:  307218.663276995765045
      0     0   271924.7695  4556   307218.6633     Cuts: 919    46815   11.49%
Time: 561.290375232696533 seconds
MIP Gap: 0.114881997831046
Nodes: 0
Best Objective: 271924.769468751095701
Incumbent Obj:  307218.663276995765045
      0     0   272126.0735  4149   307218.6633     Cuts: 693    47913   11.42%
      0     0   272291.7024  4017   307218.6633     Cuts: 660    48822   11.37%
Time: 572.166370153427124 seconds
MIP Gap: 0.113687627108474
Nodes: 0
Best Objective: 272291.702445596689358
Incumbent Obj:  307218.663276995765045
      0     0   272441.7309  4054   307218.6633     Cuts: 562    49887   11.32%
Time: 577.341199159622192 seconds
MIP Gap: 0.113199282829379
Nodes: 0
Best Objective: 272441.730922239425126
Incumbent Obj:  307218.663276995765045
      0     0   272528.6282  4119   307218.6633     Cuts: 476    50715   11.29%
      0     0   272604.2043  3878   307218.6633     Cuts: 420    51482   11.27%
Time: 586.422568082809448 seconds
MIP Gap: 0.112670430357960
Nodes: 0
Best Objective: 272604.204271579510532
Incumbent Obj:  307218.663276995765045
      0     0   272670.6457  4238   307218.6633     Cuts: 420    52262   11.25%
      0     0   272730.0614  3951   307218.6633     Cuts: 444    53021   11.23%
Time: 595.768602132797241 seconds
MIP Gap: 0.112260763966305
Nodes: 0
Best Objective: 272730.061432813061401
Incumbent Obj:  307218.663276995765045
      0     0   272768.5192  4052   307218.6633     Cuts: 344    53619   11.21%
      0     0   272802.0268  3481   307218.6633     Cuts: 316    54199   11.20%
Time: 600.821977138519287 seconds
MIP Gap: 0.112026515864102
Nodes: 0
Best Objective: 272802.026821647072211
Incumbent Obj:  307218.663276995765045
      0     0   272834.3421  4211   307218.6633     Cuts: 244    54840   11.19%
Heuristic still looking.
Heuristic still looking.
Detecting symmetries...
Time: 702.008106231689453 seconds
MIP Gap: 0.111921329306268
Nodes: 0
Best Objective: 272834.342095339496154
Incumbent Obj:  307218.663276995765045
      0     2   272834.3421  4211   307218.6633   272834.3421    54840   11.19%
Elapsed time = 645.42 sec. (200599.67 ticks, tree = 0.02 MB, solutions = 4)
Time: 707.424380064010620 seconds
MIP Gap: 0.111921298842028
Nodes: 2
Best Objective: 272834.351454522868153
Incumbent Obj:  307218.663276995765045
      1     3   272834.3814  4156   307218.6633   272834.3515    54863   11.19%
      2     4   272841.5403  4013   307218.6633   272834.3515    54959   11.19%
      4     6   272850.0590  3940   307218.6633   272834.3515    55057   11.19%
      6     7   272861.4795  3919   307218.6633   272834.3515    55133   11.19%
      7     4   272836.8082  4160   307218.6633   272834.3515    54898   11.19%
      8     8   272872.0244  3763   307218.6633   272834.5582    55453   11.19%
      9     9   272877.6846  4048   307218.6633   272834.5582    55512   11.19%
Time: 713.062110185623169 seconds
MIP Gap: 0.111919996238892
Nodes: 10
Best Objective: 272834.751638517074753
Incumbent Obj:  307218.663276995765045
     11    13   272891.3370  4144   307218.6633   272834.7516    56107   11.19%
     17    19   272902.4500  4037   307218.6633   272834.7516    56281   11.19%
     27    26   272867.3518  4052   307218.6633   272834.7516    56924   11.19%
Elapsed time = 660.73 sec. (204722.11 ticks, tree = 0.37 MB, solutions = 4)
     38     7   272852.6301  3879   307218.6633   272834.7516    55116   11.19%
     47    38   272878.7119  4098   307218.6633   272834.7516    57896   11.19%
     65    16   272895.6766  4016   307218.6633   272834.7516    56182   11.19%
     79    73   272940.2101  4000   307218.6633   272836.8186    60327   11.19%
*    98+   16                       282997.0548   272836.8186             3.59%
Time: 755.535459041595459 seconds
MIP Gap: 0.035902268494887
Nodes: 91
Best Objective: 272836.818592397787143
Incumbent Obj:  282997.054838470823597
    122    22   272911.5769  3908   282997.0548   272836.8186    56755    3.59%
*   133+   25                       280693.5824   272836.8186             2.80%
    143    19   272903.6022  3953   280693.5824   272836.8186    56344    2.80%
    167   121   273192.6580  2500   280693.5824   272836.8186    65114    2.80%
Time: 763.432033061981201 seconds
MIP Gap: 0.035902268494887
Nodes: 131
Best Objective: 272836.818592397787143
Incumbent Obj:  282997.054838470823597
    191   148   273294.9402  2399   280693.5824   272836.8186    66676    2.80%
    223   179   273313.6441  2216   280693.5824   272848.2816    69424    2.79%
Time: 771.523429155349731 seconds
MIP Gap: 0.035861762628823
Nodes: 206
Best Objective: 272848.281633197504561
Incumbent Obj:  282997.054838470823597
    251   194   273053.7596  3361   280693.5824   272848.2816    70670    2.79%
Elapsed time = 711.03 sec. (214517.62 ticks, tree = 37.97 MB, solutions = 5)
    289   233   273127.6431  3592   280693.5824   272848.2816    73876    2.79%
    341   282   273220.3563  2963   280693.5824   272848.2816    77317    2.79%
    390   350   273173.3267  3220   280693.5824   272848.2816    80690    2.79%
Time: 784.823452234268188 seconds
MIP Gap: 0.035861762628823
Nodes: 354
Best Objective: 272848.281633197504561
Incumbent Obj:  282997.054838470823597
    439   366   273494.2090  1973   280693.5824   272848.2816    83058    2.79%
Time: 790.766701221466064 seconds
MIP Gap: 0.035861762628823
Nodes: 424
Best Objective: 272848.281633197504561
Incumbent Obj:  282997.054838470823597
    502   363   272888.0274  3879   280693.5824   272848.2816    82806    2.79%
Time: 796.399927139282227 seconds
MIP Gap: 0.035861762628823
Nodes: 454
Best Objective: 272848.281633197504561
Incumbent Obj:  282997.054838470823597
    534   415   273199.6512  3344   280693.5824   272848.2816    85774    2.79%
    549   456   273236.6196  2678   280693.5824   272848.2816    88195    2.79%
    569   477   273261.6552  2777   280693.5824   272848.2816    89422    2.79%
    600   513   273304.3320  2977   280693.5824   272848.2816    91078    2.79%
Time: 805.315410137176514 seconds
MIP Gap: 0.035861762628823
Nodes: 551
Best Objective: 272848.281633197504561
Incumbent Obj:  282997.054838470823597
    636   528   273476.3187  2055   280693.5824   272848.2816    91978    2.79%
Elapsed time = 746.24 sec. (224318.30 ticks, tree = 107.23 MB, solutions = 6)
Time: 810.643452167510986 seconds
MIP Gap: 0.035861762628823
Nodes: 626
Best Objective: 272848.281633197504561
Incumbent Obj:  282997.054838470823597
    676   613   273278.1740  2523   280693.5824   272848.2816    96295    2.79%
    732   642   273437.0994  2182   280693.5824   272848.2816    97790    2.79%
    798   689   273097.4319  3008   280693.5824   272848.2816   101497    2.79%
Time: 822.539080142974854 seconds
MIP Gap: 0.035861762628823
Nodes: 739
Best Objective: 272848.281633197504561
Incumbent Obj:  282997.054838470823597
    850   742   273203.5824  2051   280693.5824   272848.2816   105941    2.79%
    908   776   273379.7366  2486   280693.5824   272848.2816   107976    2.79%
Time: 832.664620161056519 seconds
MIP Gap: 0.027949697667415
Nodes: 854
Best Objective: 272848.281633197504561
Incumbent Obj:  280693.582398416998331
    958   830   273297.2987  2879   280693.5824   272848.2816   111184    2.79%
    973   863   273553.7314  2026   280693.5824   272848.2816   114090    2.79%
    981   881   273419.4985  1866   280693.5824   272848.2816   116098    2.79%
   1007   882   273524.7906  1678   280693.5824   272848.2816   115710    2.79%
   1018   898   273393.7847  2089   280693.5824   272848.2816   117669    2.79%
Elapsed time = 786.65 sec. (234363.15 ticks, tree = 179.06 MB, solutions = 7)
   1042   893   273776.5963  1566   280693.5824   272848.2816   117555    2.79%
   1061   966   273405.6976  2077   280693.5824   272848.2816   123043    2.79%
   1098  1006   273296.8020  2663   280693.5824   272848.2816   126194    2.79%
   1130  1038   273174.8843  2491   280693.5824   272848.2816   128704    2.79%
   1186  1062   273177.3268  3377   280693.5824   272848.2816   130077    2.79%
Time: 869.003482103347778 seconds
MIP Gap: 0.027949697667415
Nodes: 1090
Best Objective: 272848.281633197504561
Incumbent Obj:  280693.582398416998331
   1237  1153   272954.9913  3636   280693.5824   272848.2816   139400    2.79%
   1296  1131   272958.6375  3751   280693.5824   272848.2816   136280    2.79%
   1358  1258   273297.6276  2798   280693.5824   272848.2816   146757    2.79%
Time: 885.916811227798462 seconds
MIP Gap: 0.027949697667415
Nodes: 1261
Best Objective: 272848.281633197504561
Incumbent Obj:  280693.582398416998331
   1407  1144   273548.6305  2476   280693.5824   272848.2816   138664    2.79%
   1475  1312   273267.2556  3221   280693.5824   272848.2816   150742    2.79%
Elapsed time = 834.61 sec. (244149.25 ticks, tree = 294.16 MB, solutions = 7)
   1549  1328   273310.4694  2046   280693.5824   272848.2816   151763    2.79%
   1602  1453   273279.3078  2735   280693.5824   272848.2816   163818    2.79%
   1663  1482   273250.7774  3321   280693.5824   272848.2816   166449    2.79%
   1711  1458   273293.1141  2891   280693.5824   272848.2816   164159    2.79%
   1758  1597   273306.0643  2996   280693.5824   272848.2816   177952    2.79%
   1791  1513   273213.1883  2054   280693.5824   272848.2816   170822    2.79%
   1800  1617   273355.4546  2516   280693.5824   272848.2816   180882    2.79%
   1807  1618   273779.1813  1469   280693.5824   272848.2816   181218    2.79%
   1831  1749   273313.9338  2692   280693.5824   272848.2816   192939    2.79%
   1866  1750   273237.8693  2575   280693.5824   272848.2816   193081    2.79%
Elapsed time = 916.30 sec. (255817.08 ticks, tree = 425.44 MB, solutions = 7)
   1911  1763   273475.3185  1683   280693.5824   272848.2816   193957    2.79%
   1960  1796   273394.8040  2228   280693.5824   272848.2816   197629    2.79%
   2002  1775   273804.9796  1609   280693.5824   272848.2816   195605    2.79%
   2035  1871   273515.5254  1825   280693.5824   272848.2816   204689    2.79%
   2070  1798   273825.7019  1564   280693.5824   272848.2816   197506    2.79%
Time: 1012.366595029830933 seconds
MIP Gap: 0.027949697667415
Nodes: 1918
Best Objective: 272848.281633197504561
Incumbent Obj:  280693.582398416998331
   2108  1876   273586.1319  1788   280693.5824   272848.2816   205061    2.79%
   2159  1889   273375.7276  2130   280693.5824   272848.2816   205904    2.79%
   2187  2008   273700.9414  1432   280693.5824   272848.2816   218411    2.79%
   2236  2003   274046.2734  1464   280693.5824   272848.2816   218084    2.79%
Time: 1037.256775140762329 seconds
MIP Gap: 0.027949697667415
Nodes: 2092
Best Objective: 272848.281633197504561
Incumbent Obj:  280693.582398416998331
   2293  2003   273379.1032  2102   280693.5824   272848.2816   216951    2.79%
Elapsed time = 977.57 sec. (265678.92 ticks, tree = 515.02 MB, solutions = 7)
   2338  1982   273698.6937  1425   280693.5824   272848.2816   214887    2.79%
   2385  2110   273884.1525  1688   280693.5824   272848.2816   227259    2.79%
   2440  2243   273329.6744  2253   280693.5824   272848.2816   239841    2.79%
   2495  2200   273457.7097  2750   280693.5824   272848.2816   234903    2.79%
Time: 1066.844787120819092 seconds
MIP Gap: 0.027949697667415
Nodes: 2320
Best Objective: 272848.281633197504561
Incumbent Obj:  280693.582398416998331
   2545  2231   274064.2111  1630   280693.5824   272848.2816   238036    2.79%
   2601  2389   273795.3138  1297   280693.5824   272848.2816   251960    2.79%
   2661  2328   273351.0627  2451   280693.5824   272848.2816   245579    2.79%
   2713  2504   274887.1398   776   280693.5824   272848.2816   266499    2.79%
   2800  2515   274907.6857   535   280693.5824   272848.2816   266621    2.79%
Time: 1103.817250013351440 seconds
MIP Gap: 0.027949697667415
Nodes: 2628
Best Objective: 272848.281633197504561
Incumbent Obj:  280693.582398416998331
   2882  2397   273808.3631  1191   280693.5824   272848.2816   252653    2.79%
Elapsed time = 1042.94 sec. (275443.88 ticks, tree = 644.82 MB, solutions = 7)
   2953  2563   274224.3468   546   280693.5824   272848.2816   271772    2.79%
*  3015+ 2526                       277264.6528   272848.2816             1.59%
   3016  2586   274214.3258  1365   277264.6528   272848.2816   275402    1.59%
*  3066+ 2486                       276674.4748   272848.2816             1.38%
   3066  2488   274594.6958   351   276674.4748   272848.2816   259834    1.38%
   3112  2672   273900.6671  1237   276674.4748   272848.2816   283854    1.38%
   3165  2788   275031.1389   321   276674.4748   272848.2816   291213    1.38%
Time: 1140.562448024749756 seconds
MIP Gap: 0.013829223429698
Nodes: 2910
Best Objective: 272848.281633197504561
Incumbent Obj:  276674.474761975230649
   3223  2790   275041.0837   316   276674.4748   272848.2816   291226    1.38%
   3280  2716   273828.4010  1467   276674.4748   272848.2816   287365    1.38%
   3344  2922   273871.3206   546   276674.4748   272848.2816   301086    1.38%
   3396  2924   274565.6968   346   276674.4748   272848.2816   299198    1.38%
   3435  3014   275189.9383   312   276674.4748   272848.2816   310586    1.38%
Elapsed time = 1095.36 sec. (285195.58 ticks, tree = 862.13 MB, solutions = 9)
*  3444+ 2881                       276458.9897   272848.2816             1.31%
   3491  2943   274672.1266   282   276458.9897   272848.2816   299601    1.31%
   3538  3052   273929.7659  1559   276458.9897   272848.2816   313919    1.31%
*  3549+ 3022                       276127.2237   272848.2816             1.19%
*  3568+ 3022                       275825.7803   272848.2816             1.08%
   3592  3256   274063.4381   304   275825.7803   272848.2816   321364    1.08%
Time: 1173.368277072906494 seconds
MIP Gap: 0.010794852621354
Nodes: 3298
Best Objective: 272848.281633197504561
Incumbent Obj:  275825.780280495353509
   3643  2944   274715.1728  1471   275825.7803   272848.2816   308116    1.08%
*  3647+ 3209                       275737.1758   272848.2816             1.05%
   3689  3144   275120.8008   237   275737.1758   272848.2816   317954    1.05%
   3723  3330   274526.1591   332   275737.1758   272848.2816   326836    1.05%
   3760  3294   274310.0743   267   275737.1758   272848.2816   322028    1.05%
   3811  3382   274414.9919  1421   275737.1758   272848.2816   332449    1.05%
   3870  3386   274787.8596   273   275737.1758   272848.2816   331284    1.05%
*  3877+ 3305                       275210.9305   272848.2816             0.86%
Time: 1204.607451200485229 seconds
MIP Gap: 0.008584865542051
Nodes: 3628
Best Objective: 272848.281633197504561
Incumbent Obj:  275210.930466959020123
   4079  3393   274449.6206  1097   275210.9305   272848.2816   333361    0.86%
Elapsed time = 1147.27 sec. (297691.92 ticks, tree = 1011.77 MB, solutions = 15)
*  4191+ 3636                       274814.5689   272848.2816             0.72%
   4253  3575   274786.6419   303   274814.5689   272848.2816   356610    0.72%
   4347  3702   274747.2438   179   274814.5689   272848.2816   365375    0.72%
Time: 1255.292566061019897 seconds
MIP Gap: 0.007154960087337
Nodes: 4158
Best Objective: 272848.281633197504561
Incumbent Obj:  274814.568905132357031
   4432  3771   273181.5152  3353   274814.5689   272848.2816   376226    0.72%
*  4514+ 3763                       274734.3454   272848.2816             0.69%
   4589  3896   273176.2613  3973   274734.3454   272848.2816   393932    0.69%
Time: 1288.657199144363403 seconds
MIP Gap: 0.006865045357107
Nodes: 4416
Best Objective: 272848.281633197504561
Incumbent Obj:  274734.345375354343560
   4749  4000   274723.5454   393   274734.3454   272852.6770   412416    0.68%
*  4780+ 3987                       274492.6930   272852.6770             0.60%
*  4788+ 3987                       274453.3214   272852.6770             0.58%
Time: 1302.347773075103760 seconds
MIP Gap: 0.005832118808680
Nodes: 4513
Best Objective: 272852.677005073637702
Incumbent Obj:  274453.321382814960089
   4868  3705   274421.3953   679   274453.3214   272852.6770   423874    0.58%
*  4869+ 3694                       274449.9543   272852.6770             0.58%
   4994  3746   273411.7513  2624   274449.9543   272852.6770   428927    0.58%
Time: 1331.576339006423950 seconds
MIP Gap: 0.005819921941281
Nodes: 4806
Best Objective: 272852.677005073637702
Incumbent Obj:  274449.954315980896354
   5103  3773   273373.5840  3366   274449.9543   272852.6770   433234    0.58%
   5230  3938   273390.7786  3119   274449.9543   272852.6770   450847    0.58%
   5367  4073   273094.9176  3452   274449.9543   272852.6770   464052    0.58%
Elapsed time = 1306.72 sec. (336060.94 ticks, tree = 1254.32 MB, solutions = 20)
*  5381+ 4023                       274425.5385   272852.6770             0.57%
*  5385+ 4023                       274412.8056   272852.6770             0.57%
*  5395+ 4023                       274382.9742   272852.6770             0.56%
*  5397+ 4023                       274368.1821   272852.6770             0.55%
   5405  3996   274005.6777   837   274368.1821   272852.6770   458730    0.55%

Performing restart 1

Repeating presolve.
Tried aggregator 1 time.
Reduced MIP has 9423 rows, 589440 columns, and 1179880 nonzeros.
Reduced MIP has 589440 binaries, 0 generals, 0 SOSs, and 0 indicators.
Presolve time = 1.79 sec. (1128.66 ticks)
Tried aggregator 1 time.
Reduced MIP has 9423 rows, 589440 columns, and 1179880 nonzeros.
Reduced MIP has 589440 binaries, 0 generals, 0 SOSs, and 0 indicators.
Presolve time = 2.60 sec. (1316.44 ticks)
Represolve time = 42.10 sec. (20032.85 ticks)
   5408     0   272936.1160  4036   274368.1821     Cuts: 326   545529    0.52%
   5408     0   272966.3264  3583   274368.1821     Cuts: 233   546153    0.51%
   5408     0   272978.8913  3724   274368.1821     Cuts: 205   546555    0.51%
   5408     0   273005.2380  3447   274368.1821     Cuts: 220   546955    0.50%
   5408     0   273030.7152  3351   274368.1821     Cuts: 195   547376    0.49%
   5408     0   273046.2277  3468   274368.1821     Cuts: 196   547807    0.48%
   5408     0   273059.0406  3316   274368.1821     Cuts: 195   548233    0.48%
   5408     0   273068.6432  3547   274368.1821     Cuts: 198   548598    0.47%
   5408     0   273082.3694  3757   274368.1821     Cuts: 149   548973    0.47%
   5408     0   273091.7839  3808   274368.1821     Cuts: 149   549275    0.47%
   5408     0   273100.8579  3552   274368.1821     Cuts: 127   549587    0.46%
   5408     0   273110.1142  3167   274368.1821     Cuts: 104   549810    0.46%
   5408     0   273116.8322  3516   274368.1821     Cuts: 109   550077    0.46%
   5408     0   273123.5366  3157   274368.1821     Cuts: 108   550374    0.45%
   5408     0   273128.6069  3015   274368.1821      Cuts: 87   550580    0.45%
   5408     0   273132.1881  4042   274368.1821      Cuts: 86   550854    0.45%
   5408     0   273136.0899  3213   274368.1821     Cuts: 116   551049    0.45%
   5408     0   273137.7513  3871   274368.1821      Cuts: 61   551228    0.45%
   5408     0   273138.7457  3311   274368.1821      Cuts: 52   551321    0.45%
   5408     0   273139.6117  3331   274368.1821      Cuts: 36   551407    0.45%
Time: 1723.528956174850464 seconds
MIP Gap: 0.004477816559419
Nodes: 5408
Best Objective: 273139.611705473274924
Incumbent Obj:  274368.182094634335954
   5408     2   273139.6117  3331   274368.1821   273139.6117   551407    0.45%
Time: 1730.293239116668701 seconds
MIP Gap: 0.004476557646148
Nodes: 5409
Best Objective: 273139.957111218827777
Incumbent Obj:  274368.182094634335954
   5424    16   273150.9395  3260   274368.1821   273144.8742   551698    0.45%
Time: 1763.739450216293335 seconds
MIP Gap: 0.004446324359375
Nodes: 5514
Best Objective: 273148.252163149474654
Incumbent Obj:  274368.182094634335954
   5598   125   273937.8333  3069   274368.1821   273148.2522   556545    0.44%
   5982   448   273307.2550  2923   274368.1821   273148.2522   570913    0.44%
Time: 1803.939456224441528 seconds
MIP Gap: 0.004446324359375
Nodes: 6102
Best Objective: 273148.252163149474654
Incumbent Obj:  274368.182094634335954
Time: 1815.411432027816772 seconds
MIP Gap: 0.004446324359375
Nodes: 6275
Best Objective: 273148.252163149474654
Incumbent Obj:  274368.182094634335954
   6329   710   273805.5788  2548   274368.1821   273148.2522   583567    0.44%
Time: 1835.181950092315674 seconds
MIP Gap: 0.004446324359375
Nodes: 6348
Best Objective: 273148.252163149474654
Incumbent Obj:  274368.182094634335954
   6452   951   273369.5890  2733   274368.1821   273148.2522   592454    0.44%
Time: 1841.819151163101196 seconds
MIP Gap: 0.004446324359375
Nodes: 6445
Best Objective: 273148.252163149474654
Incumbent Obj:  274368.182094634335954
Time: 1857.016589164733887 seconds
MIP Gap: 0.004446324359375
Nodes: 6668
Best Objective: 273148.252163149474654
Incumbent Obj:  274368.182094634335954
   7003  1115   273477.3136  2311   274368.1821   273148.2522   600515    0.44%
Time: 1872.893717050552368 seconds
MIP Gap: 0.004446324359375
Nodes: 6969
Best Objective: 273148.252163149474654
Incumbent Obj:  274368.182094634335954
Time: 1883.840347051620483 seconds
MIP Gap: 0.004446324359375
Nodes: 7254
Best Objective: 273148.252163149474654
Incumbent Obj:  274368.182094634335954
   7472  1805   273976.4681  2523   274368.1821   273148.2522   627853    0.44%
Time: 1900.415446043014526 seconds
MIP Gap: 0.004446324359375
Nodes: 7551
Best Objective: 273148.252163149474654
Incumbent Obj:  274368.182094634335954
   8036  2177   273409.0099  2148   274368.1821   273148.2522   646219    0.44%
Elapsed time = 1854.38 sec. (556032.57 ticks, tree = 635.94 MB, solutions = 24)
Time: 1921.039508104324341 seconds
MIP Gap: 0.004446324359375
Nodes: 7991
Best Objective: 273148.252163149474654
Incumbent Obj:  274368.182094634335954
   8634  2824   274036.5955  2394   274368.1821   273148.2522   672344    0.44%
Time: 1947.404492139816284 seconds
MIP Gap: 0.004446324359375
Nodes: 8507
Best Objective: 273148.252163149474654
Incumbent Obj:  274368.182094634335954
   9234  3066   273258.9717  2864   274368.1821   273148.2522   682204    0.44%
Time: 1967.511459112167358 seconds
MIP Gap: 0.004446324359375
Nodes: 8986
Best Objective: 273148.252163149474654
Incumbent Obj:  274368.182094634335954
Time: 1990.579481124877930 seconds
MIP Gap: 0.004446324359375
Nodes: 9567
Best Objective: 273148.252163149474654
Incumbent Obj:  274368.182094634335954
   9823  3914   274162.6828  1988   274368.1821   273148.2522   716798    0.44%
Time: 2013.933824062347412 seconds
MIP Gap: 0.004446324359375
Nodes: 10086
Best Objective: 273148.252163149474654
Incumbent Obj:  274368.182094634335954
  10447  4353   274034.2927  1744   274368.1821   273148.2522   737014    0.44%
* 10765+ 4112                       274358.9769   273148.2522             0.44%
Time: 2034.818814039230347 seconds
MIP Gap: 0.004446324359375
Nodes: 10531
Best Objective: 273148.252163149474654
Incumbent Obj:  274368.182094634335954
* 10821+ 4112                       274345.7767   273148.2522             0.44%
* 10900+ 4105                       274271.4881   273148.2522             0.41%
  10935  4856   273752.3346  1523   274271.4881   273148.2522   757746    0.41%
* 11002+ 4105                       274262.0595   273148.2522             0.41%
* 11071+ 4105                       274259.1195   273148.2522             0.41%
* 11183+ 4105                       274240.2050   273148.2522             0.40%
Time: 2054.132286071777344 seconds
MIP Gap: 0.004235137150264
Nodes: 10808
Best Objective: 273148.252163149474654
Incumbent Obj:  274309.992603513121139
  11348  4916   274207.5822  1891   274240.2050   273148.2522   764270    0.40%
  11503  5060   274093.5526  2116   274240.2050   273148.2522   771079    0.40%
Time: 2083.236372232437134 seconds
MIP Gap: 0.004158873236448
Nodes: 11161
Best Objective: 273148.252163149474654
Incumbent Obj:  274288.985283095855266
  11714  5236   273575.5691  1900   274240.2050   273148.2522   780002    0.40%
Time: 2097.283414125442505 seconds
MIP Gap: 0.004158873236448
Nodes: 11389
Best Objective: 273148.252163149474654
Incumbent Obj:  274288.985283095855266
  11918  5443   274025.7761  1660   274240.2050   273148.2522   789520    0.40%
Time: 2114.399399042129517 seconds
MIP Gap: 0.003981738545537
Nodes: 11577
Best Objective: 273148.252163149474654
Incumbent Obj:  274240.204957966576330
  12043  5330   274068.7560  1827   274240.2050   273148.2522   793836    0.40%
Elapsed time = 2058.41 sec. (594291.10 ticks, tree = 1916.28 MB, solutions = 38)
Time: 2126.679527044296265 seconds
MIP Gap: 0.003981738545537
Nodes: 11707
Best Objective: 273148.252163149474654
Incumbent Obj:  274240.204957966576330
  12192  5463   274092.8728  1761   274240.2050   273148.2522   799622    0.40%
  12444  5541   273254.1054  3190   274240.2050   273148.2522   803226    0.40%
Time: 2148.316626071929932 seconds
MIP Gap: 0.003981738545537
Nodes: 12028
Best Objective: 273148.252163149474654
Incumbent Obj:  274240.204957966576330
  12696  5870   274185.9455  1601   274240.2050   273148.2522   817230    0.40%
Time: 2166.439396142959595 seconds
MIP Gap: 0.003981738545537
Nodes: 12259
Best Objective: 273148.252163149474654
Incumbent Obj:  274240.204957966576330
  12899  6149   274219.8454  1665   274240.2050   273148.2522   831080    0.40%
Time: 2188.087560176849365 seconds
MIP Gap: 0.003981738545537
Nodes: 12625
Best Objective: 273148.252163149474654
Incumbent Obj:  274240.204957966576330
  13308  6350   273527.4770  1916   274240.2050   273148.2522   840083    0.40%
Time: 2208.460504055023193 seconds
MIP Gap: 0.003981738545537
Nodes: 13139
Best Objective: 273148.252163149474654
Incumbent Obj:  274240.204957966576330
* 13434+ 6324                       274234.5781   273148.2522             0.40%
* 13597+ 6438                       274185.3357   273148.2522             0.38%
* 13645+ 6438                       274160.3530   273148.2522             0.37%
* 13682+ 6438                       274136.1661   273148.2522             0.36%
  13686  6605   274055.8556  1623   274136.1661   273148.2522   852445    0.36%
* 13716+ 6438                       274124.0951   273148.2522             0.36%
Time: 2229.535427093505859 seconds
MIP Gap: 0.003961301770070
Nodes: 13413
Best Objective: 273148.252163149474654
Incumbent Obj:  274234.578082723077387
  13874  6820   273901.8770  1845   274124.0951   273148.2522   864532    0.36%
Time: 2254.971428155899048 seconds
MIP Gap: 0.003961301770070
Nodes: 13745
Best Objective: 273148.252163149474654
Incumbent Obj:  274234.578082723077387
  14109  7030   274179.1490  1177   274124.0951   273148.2522   875092    0.36%
Time: 2276.989324092864990 seconds
MIP Gap: 0.003559858426994
Nodes: 13958
Best Objective: 273148.252163149474654
Incumbent Obj:  274124.095133251685183
  14388  6239   273353.3586  2954   274124.0951   273148.2522   888886    0.36%
  14554  6346   273232.4940  2847   274124.0951   273148.2522   894482    0.36%
Elapsed time = 2230.87 sec. (632563.37 ticks, tree = 2322.49 MB, solutions = 48)
Nodefile size = 261.51 MB (181.25 MB after compression)
Time: 2292.963433027267456 seconds
MIP Gap: 0.003559858426994
Nodes: 14165
Best Objective: 273148.252163149474654
Incumbent Obj:  274124.095133251685183
* 14678+ 6363                       274118.4683   273148.2522             0.35%
  14757  6417   273252.4243  2658   274118.4683   273148.2522   896401    0.35%
Time: 2308.500555038452148 seconds
MIP Gap: 0.003539404335011
Nodes: 14379
Best Objective: 273148.252163149474654
Incumbent Obj:  274118.468258008419070
  14996  6637   274098.5087  1185   274118.4683   273148.2522   906664    0.35%
Time: 2324.267423152923584 seconds
MIP Gap: 0.003539404335011
Nodes: 14739
Best Objective: 273148.252163149474654
Incumbent Obj:  274118.468258008419070
  15321  6992   273455.7410  2454   274118.4683   273148.2631   918803    0.35%
* 15434+ 6856                       274104.7899   273148.2631             0.35%
Time: 2346.032347202301025 seconds
MIP Gap: 0.003489679166040
Nodes: 15148
Best Objective: 273148.252163149474654
Incumbent Obj:  274104.789937907597050
  15705  7092   274037.1961  1331   274104.7899   273148.2631   929208    0.35%
Time: 2360.971687078475952 seconds
MIP Gap: 0.003489639370034
Nodes: 15395
Best Objective: 273148.263071425491944
Incumbent Obj:  274104.789937907597050
  16017  7257   273883.9963  2208   274104.7899   273148.2631   933564    0.35%
* 16074+ 7379                       274079.0981   273148.2631             0.34%
Time: 2382.695427179336548 seconds
MIP Gap: 0.003396227750898
Nodes: 15779
Best Objective: 273148.263071425491944
Incumbent Obj:  274079.098110369057395
  16306  7360   273251.1691  2566   274079.0981   273148.2631   944697    0.34%
Time: 2401.995480060577393 seconds
MIP Gap: 0.003396227750898
Nodes: 15992
Best Objective: 273148.263071425491944
Incumbent Obj:  274079.098110369057395
  16453  7531   273293.6106  2983   274079.0981   273148.2631   951931    0.34%
Time: 2417.574379205703735 seconds
MIP Gap: 0.003396227750898
Nodes: 16242
Best Objective: 273148.263071425491944
Incumbent Obj:  274079.098110369057395
  16663  7786   273330.2093  2605   274079.0981   273148.2631   960696    0.34%
* 16728+ 7757                       274077.4637   273148.2631             0.34%
Time: 2435.407845020294189 seconds
MIP Gap: 0.003390284680190
Nodes: 16529
Best Objective: 273148.263071425491944
Incumbent Obj:  274077.463697785395198
  17012  7989   273334.8648  2484   274077.4637   273148.2631   970389    0.34%
Starting limited solution polishing.
  17286  8113   273400.7082  2593   274077.4637   273148.2631   973750    0.34%
Elapsed time = 2389.67 sec. (670940.22 ticks, tree = 3050.58 MB, solutions = 53)
Nodefile size = 980.15 MB (676.36 MB after compression)
Time: 2455.492535114288330 seconds
MIP Gap: 0.003390284680190
Nodes: 16920
Best Objective: 273148.263071425491944
Incumbent Obj:  274077.463697785395198
  17587  8633   273567.9283  2342   274077.4637   273148.2631   990495    0.34%
Time: 2479.007457017898560 seconds
MIP Gap: 0.003390284680190
Nodes: 17418
Best Objective: 273148.263071425491944
Incumbent Obj:  274077.463697785395198
  17962  8985   273302.0232  2783   274077.4637   273148.2631  1003178    0.34%
Time: 2506.188613176345825 seconds
MIP Gap: 0.003390284680190
Nodes: 17867
Best Objective: 273148.263071425491944
Incumbent Obj:  274077.463697785395198
  18529  9150   273685.7178  1659   274077.4637   273148.2631  1009470    0.34%
* 18557+ 9092                       274068.2700   273148.2631             0.34%
* 18650+ 9092                       273989.9135   273148.2631             0.31%
Time: 2527.668500185012817 seconds
MIP Gap: 0.003071829905425
Nodes: 18337
Best Objective: 273148.263071425491944
Incumbent Obj:  273989.913481442607008
  18997  9520   273699.1668  1723   273989.9135   273148.2631  1023311    0.31%
Time: 2548.232256174087524 seconds
MIP Gap: 0.003071829905425
Nodes: 18688
Best Objective: 273148.263071425491944
Incumbent Obj:  273989.913481442607008
* 19207+ 8613                       273930.0057   273148.2631             0.29%
  19242  8803   273269.2336  2358   273930.0057   273148.2631  1035854    0.29%
* 19297+ 8778                       273924.6129   273148.2631             0.28%
  19435  8272   273685.4435  1509   273924.6129   273148.2631  1039166    0.28%
Time: 2567.559395074844360 seconds
MIP Gap: 0.002834173456205
Nodes: 18943
Best Objective: 273148.263071425491944
Incumbent Obj:  273924.612938416888937
  19605  8393   273203.2096  2785   273924.6129   273148.2631  1044628    0.28%
Time: 2588.731467008590698 seconds
MIP Gap: 0.002834173456205
Nodes: 19208
Best Objective: 273148.263071425491944
Incumbent Obj:  273924.612938416888937
  19821  8641   273891.4307  1813   273924.6129   273148.2631  1056429    0.28%
Time: 2612.717026233673096 seconds
MIP Gap: 0.002834173456205
Nodes: 19627
Best Objective: 273148.263071425491944
Incumbent Obj:  273924.612938416888937
* 20090+ 8626                       273924.4156   273148.2631             0.28%
  20126  8966   273322.8763  2395   273924.4156   273149.4598  1068329    0.28%
* 20133+ 8626                       273922.5633   273149.4598             0.28%
* 20138+ 8542                       273914.0526   273149.4598             0.28%
* 20189+ 8626                       273899.0645   273149.4598             0.27%
* 20201+ 8542                       273896.0391   273149.4598             0.27%
Time: 2637.571340084075928 seconds
MIP Gap: 0.002730145289116
Nodes: 20044
Best Objective: 273148.263071425491944
Incumbent Obj:  273896.039052151143551
  20505  9101   273410.5527  2285   273896.0391   273149.4598  1074919    0.27%
Elapsed time = 2576.05 sec. (709169.47 ticks, tree = 3428.90 MB, solutions = 63)
Nodefile size = 1362.36 MB (917.38 MB after compression)
* 20507+ 8872                       273892.1852   273149.4598             0.27%
* 20514+ 8886                       273892.1852   273149.4598             0.27%
* 20562+ 8952                       273885.8897   273149.4598             0.27%
  20677  8892   273390.8639  2230   273885.8897   273149.4598  1082426    0.27%
Time: 2665.586266040802002 seconds
MIP Gap: 0.002693189613967
Nodes: 20378
Best Objective: 273148.263071425491944
Incumbent Obj:  273885.889704991190229
  20857  9081   273256.9664  2512   273885.8897   273149.4598  1092402    0.27%
  21117  9153   273608.2798  2693   273885.8897   273149.4598  1094953    0.27%
Time: 2690.080538034439087 seconds
MIP Gap: 0.002693189613967
Nodes: 20683
Best Objective: 273148.263071425491944
Incumbent Obj:  273885.889704991190229
* 21212+ 9050                       273867.7603   273149.4598             0.26%
  21318  9028   273177.2288  2939   273867.7603   273149.4598  1089011    0.26%
Time: 2733.316392183303833 seconds
MIP Gap: 0.002613527376723
Nodes: 21320
Best Objective: 273151.999416194332298
Incumbent Obj:  273867.760305354080629

Clique cuts applied:  4977
Cover cuts applied:  9083
Flow cuts applied:  608
Mixed integer rounding cuts applied:  1885
Zero-half cuts applied:  2315
Gomory fractional cuts applied:  24

Root node processing (before b&c):
  Real time             =  643.85 sec. (206962.19 ticks)
Parallel b&c, 32 threads:
  Real time             = 2060.62 sec. (540520.18 ticks)
  Sync time (average)   =  850.87 sec.
  Wait time (average)   =   21.21 sec.
                          ------------
Total (root+branch&cut) = 2704.48 sec. (747482.37 ticks)
Post-Optimization Solution: 
p locations: 4437 4423 4417 4411 4402 4359 4304 4298 4297 4279 4217 4213 4169 4166 4147 4133 4111 4054 4048 4009 3964 3953 3910 3899 3895 3868 3860 3832 3758 3732 3674 3659 3653 4358 3649 3638 3630 3619 3604 3596 3584 4291 3582 3571 3554 3541 3535 3529 3523 3515 3511 3505 3494 3447 4138 3429 3428 3414 3398 3388 3375 3348 3343 4035 3326 4031 3322 3285 3246 3948 3239 3221 3217 3205 3204 3179 3152 3141 3140 3135 3829 3120 3108 3799 3090 3087 3780 3071 3056 3045 3044 3036 3027 3025 4435 3017 1392 1055 1729 1053 716 1355 4134 1298 4119 1283 2968 1611 1257 920 2605 3546 1419 71 1756 1252 3309 2600 899 2247 1234 1213 4014 1887 2561 4042 1206 1880 2554 1360 517 1181 2866 135 1820 1095 1081 1368 2365 1010 3776 2358 3819 983 1994 600 1309 635 975 1982 974 927 1242 2253 3299 2590 3337 1919 903 3655 819 1156 982 815 1152 4356 811 1822 789 452 772 435 3600 764 2112 1031 2449 925 737 729 2072 1936 1227 2238 4271 3562 726 389 1737 3881 1045 2056 711 3160 324 661 280 258 1339 2350 3173 337 282 2978 230 1241 3772 227 806 2491 4392 138 6 2133 955 618 2640 3999 454 3557 2139 3185 2476 515 178 1361 3661 1534 4446 192 1540 4132 587 1598 1393 2404 4159 2741 57 285 873 908 199 38 1204 867 2377 740 239 1924 3594 758 49 128 1139 1288 1625 3957 1121 3887 2469 286 1564 2982 1160 325 1548 540 320 924 2342 4258 4 4223 678 4118 2700 3623 78 4176 631 152 1294 1127 793 2815 292 874 165 3640 1513 4355 101 326 1193 484 1332 3875 330 1244 1918 409 174 1859 1724 2061 217 3657 2239 384 1023 1732 1697 2406 423 1146 437 2122 2480 471 4024 479 3858 3149 1022 2707 521 4294 1458 40 609 2736 4086 541 2226 2150 732 1274 1983 565 2587 3977 432 1308 599 1947 607 1955 1129 628 633 488 720 2847 655 2996 160 35 1453 1470 66 1484 3958 1122 1831 1533 3962 2544 1537 4381 1545 1559 1567 860 1569 2580 2917 1602 1613 3034 1616 3790 2372 245 1663 1706 1712 1713 3848 1721 1017 1726 3157 1739 1745 1758 3177 341 1759 1061 1770 2107 2444 1779 3223 1805 2553 1844 1849 2860 2213 1191 1900 2911 3323 1905 3338 1920 1928 3363 1236 527 1945 1963 1995 2753 626 2044 2047 2110 4240 2113 4245 700 2118 708 2126 727 18 2145 2195 1494 2203 2244 4336 2918 2264 2601 2274 2992 2283 2328 2333 2383 2439 2498 3212 376 1794 2503 2509 3237 2528 2865 1825 2534 2538 458 1876 2585 2595 2616 2618 3352 2643 1240 2658 868 2995 2661 1260 2678 3391 2682 4143 2725 2761 1390 2808 4268 3559 2850 4310 1474 2892 2901 2906 2969 2975 3009 
p size: 500
objective: 273867.760305355419405
sum (dij * xij) 
demand/capacity: 224395.000000000000000/280500
Solution is Feasible
Comparing Best Bounds: 
Old Best Bound: 273151.999416194332298
New Best Bound: 273151.999416194332298
Time elapsed: 2827.381210635000116s
Time remaining: 2630.000000000000000s



Finishing post-optimization
p locations: 4437 4423 4417 4411 4402 4359 4304 4298 4297 4279 4217 4213 4169 4166 4147 4133 4111 4054 4048 4009 3964 3953 3910 3899 3895 3868 3860 3832 3758 3732 3674 3659 3653 4358 3649 3638 3630 3619 3604 3596 3584 4291 3582 3571 3554 3541 3535 3529 3523 3515 3511 3505 3494 3447 4138 3429 3428 3414 3398 3388 3375 3348 3343 4035 3326 4031 3322 3285 3246 3948 3239 3221 3217 3205 3204 3179 3152 3141 3140 3135 3829 3120 3108 3799 3090 3087 3780 3071 3056 3045 3044 3036 3027 3025 4435 3017 1392 1055 1729 1053 716 1355 4134 1298 4119 1283 2968 1611 1257 920 2605 3546 1419 71 1756 1252 3309 2600 899 2247 1234 1213 4014 1887 2561 4042 1206 1880 2554 1360 517 1181 2866 135 1820 1095 1081 1368 2365 1010 3776 2358 3819 983 1994 600 1309 635 975 1982 974 927 1242 2253 3299 2590 3337 1919 903 3655 819 1156 982 815 1152 4356 811 1822 789 452 772 435 3600 764 2112 1031 2449 925 737 729 2072 1936 1227 2238 4271 3562 726 389 1737 3881 1045 2056 711 3160 324 661 280 258 1339 2350 3173 337 282 2978 230 1241 3772 227 806 2491 4392 138 6 2133 955 618 2640 3999 454 3557 2139 3185 2476 515 178 1361 3661 1534 4446 192 1540 4132 587 1598 1393 2404 4159 2741 57 285 873 908 199 38 1204 867 2377 740 239 1924 3594 758 49 128 1139 1288 1625 3957 1121 3887 2469 286 1564 2982 1160 325 1548 540 320 924 2342 4258 4 4223 678 4118 2700 3623 78 4176 631 152 1294 1127 793 2815 292 874 165 3640 1513 4355 101 326 1193 484 1332 3875 330 1244 1918 409 174 1859 1724 2061 217 3657 2239 384 1023 1732 1697 2406 423 1146 437 2122 2480 471 4024 479 3858 3149 1022 2707 521 4294 1458 40 609 2736 4086 541 2226 2150 732 1274 1983 565 2587 3977 432 1308 599 1947 607 1955 1129 628 633 488 720 2847 655 2996 160 35 1453 1470 66 1484 3958 1122 1831 1533 3962 2544 1537 4381 1545 1559 1567 860 1569 2580 2917 1602 1613 3034 1616 3790 2372 245 1663 1706 1712 1713 3848 1721 1017 1726 3157 1739 1745 1758 3177 341 1759 1061 1770 2107 2444 1779 3223 1805 2553 1844 1849 2860 2213 1191 1900 2911 3323 1905 3338 1920 1928 3363 1236 527 1945 1963 1995 2753 626 2044 2047 2110 4240 2113 4245 700 2118 708 2126 727 18 2145 2195 1494 2203 2244 4336 2918 2264 2601 2274 2992 2283 2328 2333 2383 2439 2498 3212 376 1794 2503 2509 3237 2528 2865 1825 2534 2538 458 1876 2585 2595 2616 2618 3352 2643 1240 2658 868 2995 2661 1260 2678 3391 2682 4143 2725 2761 1390 2808 4268 3559 2850 4310 1474 2892 2901 2906 2969 2975 3009 
p size: 500
objective: 273867.760305355419405
sum (dij * xij) 
demand/capacity: 224395.000000000000000/280500
Solution is Feasible
Solution Stats
Statistics:
Max distance: 270.972323309964622
Min distance: 0.000000000000000
Avg distance: 61.391562498398436
Std deviation distance: 37.082830992068963


[INFO] Saving assignment: ./outputs/solutions/2024-08-27_LIT_seed_0_1-2p/Assignments/test_lit_fnl4461_0500_p_500_RSSV_EXACT_CPMP_BIN_POSTOPT.txt
[INFO] Saving results: ./outputs/solutions/2024-08-27_LIT_seed_0_1-2p/test_lit_fnl4461_0500_results_RSSV_EXACT_CPMP_BIN_POSTOPT.csv
[INFO] Saving all results: ./outputs/solutions/test_all_results.csv
Final total elapsed time (post opt): 3797s
PostOptimization destructor
Finish solving problem
Elapsed time: 3797723 ms

RSSV finished.
