Debug: configOverride contents: IsWeighted_ObjFunc add_break_callback add_generate_reports add_threshold_distance_rssv bw_multiplier capacities cover_mode coverages cust_max_id distance_matrix loc_max_id max_ite_subprob_rssv method method_post_opt method_rssv_fp method_rssv_sp output p seed service size_subproblems_rssv subarea threads time time_cplex time_subprob_rssv weights 
Loading instance...
Scanning input data...
Distance matrix dimensions: 4462 x 4462 = 19909444
Elapsed time: 0 ms

Loading weights...
Skipped line: customer weight coord_x coord_y
Loaded 4461 weights
Loaded 4461 coordinates
Total customer demand: 224395.00
Elapsed time: 13 ms

Loading capacities...
Skipped line: location capacity coord_x coord_y
Loaded 4461 capacities
Loaded 4461 coordinates
Elapsed time: 8 ms

Loading distance matrix...
Computing euclidian distances...
bw multiplier: 0.50
Loaded 19904982 distances
dists stdev: 954.33
bandwidth h: 17.53
locations: 4461
customers: 4461
p: 20
Elapsed time: 684 ms

[INFO] Instance loaded
loc_max_id: 4461
loc_cnt: 4461
service: fnl4461_0020
cust_max_id: 4461
cust_cnt: 4461
unweighted obj function
p: 20
total_demand: 224395.00


-------------------------------------------------


-------------------------------------------------
RSSV heuristic 
-------------------------------------------------
method subproblems: TB_PMP
method final problem: EXACT_CPMP_BIN
-------------------------------------------------
RSSV running...
cPMP size (N): 4461
sub-cPMP size (n): 1784
Subproblems cnt (M): 12
p: 20
Seed: 200
Time limit for subproblems: 300.00

thread cnt: 20

Thread 1 created with seed 201
Thread 2 created with seed 202
Solving sub-PMP 1/12...
Solving sub-PMP 2/12...
Thread 3 created with seed 203
Thread 4 created with seed 204
Solving sub-PMP 3/12...
Thread 5 created with seed 205
Solving sub-PMP 4/12...
Thread 6 created with seed 206
Thread 7 created with seed 207
Solving sub-PMP 6/12...
Thread 8 created with seed 208
Thread 9 created with seed 209
uncapacitated TB started
Thread 10 created with seed 210
Thread 11 created with seed 211
Thread 12 created with seed 212
uncapacitated TB started
Solving sub-PMP 12/12...
Solving sub-PMP 9/12...
Solving sub-PMP 8/12...
uncapacitated TB started
uncapacitated TB started
Solving sub-PMP 11/12...
Solving sub-PMP 10/12...
Solving sub-PMP 7/12...
Solving sub-PMP 5/12...
uncapacitated TB started
uncapacitated TB started
uncapacitated TB started
uncapacitated TB started
uncapacitated TB started
[INFO] Uncapacitated TB local search started
uncapacitated TB started
uncapacitated TB started
uncapacitated TB started
[INFO] Uncapacitated TB local search started
[INFO] Uncapacitated TB local search started
[INFO] Uncapacitated TB local search started
[INFO] Uncapacitated TB local search started
[INFO] Uncapacitated TB local search started
[INFO] Uncapacitated TB local search started
[INFO] Uncapacitated TB local search started
[INFO] Uncapacitated TB local search started
[INFO] Uncapacitated TB local search started
[INFO] Uncapacitated TB local search started
[INFO] Uncapacitated TB local search started

[INFO] Time limit reached. Stopping the algorithm.
TB elapsed time: 300.00 seconds
Num ite total uncapacited TB: 100
tb solution is feasible

[INFO] Time limit reached. Stopping the algorithm.
TB elapsed time: 300.00 seconds
Num ite total uncapacited TB: 93
tb solution is feasible

[INFO] Time limit reached. Stopping the algorithm.
TB elapsed time: 300.00 seconds
Num ite total uncapacited TB: 91
tb solution is feasible

[INFO] Time limit reached. Stopping the algorithm.
TB elapsed time: 300.00 seconds
Num ite total uncapacited TB: 99
tb solution is feasible

[INFO] Time limit reached. Stopping the algorithm.
TB elapsed time: 300.00 seconds
Num ite total uncapacited TB: 95
tb solution is feasible

[INFO] Time limit reached. Stopping the algorithm.
TB elapsed time: 300.00 seconds
Num ite total uncapacited TB: 80
tb solution is feasible

[INFO] Time limit reached. Stopping the algorithm.
TB elapsed time: 300.00 seconds
Num ite total uncapacited TB: 87
tb solution is feasible

[INFO] Time limit reached. Stopping the algorithm.
TB elapsed time: 300.00 seconds
Num ite total uncapacited TB: 95
tb solution is feasible

[INFO] Time limit reached. Stopping the algorithm.
TB elapsed time: 300.00 seconds
Num ite total uncapacited TB: 85
tb solution is feasible

[INFO] Time limit reached. Stopping the algorithm.
TB elapsed time: 300.00 seconds
Num ite total uncapacited TB: 109
tb solution is feasible

[INFO] Time limit reached. Stopping the algorithm.
TB elapsed time: 300.00 seconds
Num ite total uncapacited TB: 100
tb solution is feasible

[INFO] Time limit reached. Stopping the algorithm.
TB elapsed time: 300.00 seconds
Num ite total uncapacited TB: 107
tb solution is feasible
[INFO] All subproblems solved.

Elapsed time: 300068 ms


Stats: 
Max dist: 744.21
Min dist: 0.00
avg of Avg dists: 285.42
avg Std dev dist: 119.99

First 1784 voting weights (sorted): 4256(3.71) 4248(2.74) 201(2.63) 185(2.15) 3387(2.09) 729(2.07) 1021(2.00) 4066(2.00) 2317(2.00) 1969(2.00) 138(2.00) 2327(2.00) 2390(2.00) 3201(2.00) 986(2.00) 3729(2.00) 3732(2.00) 1086(2.00) 2144(2.00) 1480(2.00) 3492(2.00) 208(1.97) 4267(1.72) 2704(1.72) 2707(1.72) 908(1.21) 871(1.21) 183(1.18) 191(1.18) 3740(1.18) 3752(1.18) 762(1.15) 145(1.11) 3431(1.11) 3331(1.11) 3475(1.04) 205(1.03) 182(1.03) 1453(1.00) 2938(1.00) 3687(1.00) 164(1.00) 807(1.00) 4217(1.00) 1588(1.00) 2112(1.00) 3041(1.00) 2583(1.00) 1448(1.00) 2132(1.00) 820(1.00) 2928(1.00) 1129(1.00) 1782(1.00) 2589(1.00) 2141(1.00) 3045(1.00) 2592(1.00) 361(1.00) 2595(1.00) 1084(1.00) 150(1.00) 3007(1.00) 2084(1.00) 1113(1.00) 767(1.00) 1484(1.00) 1247(1.00) 2093(1.00) 4284(1.00) 774(1.00) 4259(1.00) 2096(1.00) 3430(1.00) 1815(1.00) 2569(1.00) 1813(1.00) 1243(1.00) 3028(1.00) 785(1.00) 787(1.00) 3029(1.00) 2547(1.00) 2374(1.00) 2971(1.00) 789(1.00) 2571(1.00) 3423(1.00) 1254(1.00) 3710(1.00) 1109(1.00) 2247(1.00) 3640(1.00) 565(1.00) 2665(1.00) 4065(1.00) 933(1.00) 2315(1.00) 3044(1.00) 4076(1.00) 2797(1.00) 2803(1.00) 3951(1.00) 1038(1.00) 2223(1.00) 2810(1.00) 3562(1.00) 2658(1.00) 2706(1.00) 1005(1.00) 540(1.00) 2726(1.00) 3986(1.00) 2297(1.00) 2693(1.00) 2736(1.00) 2248(1.00) 1013(1.00) 3632(1.00) 4033(1.00) 1674(1.00) 964(1.00) 956(1.00) 953(1.00) 2674(1.00) 975(1.00) 2862(1.00) 4137(1.00) 2865(1.00) 1063(1.00) 4144(1.00) 3919(1.00) 867(1.00) 1710(1.00) 392(1.00) 2345(1.00) 1418(1.00) 3911(1.00) 1073(1.00) 1082(1.00) 3899(1.00) 4177(1.00) 1750(1.00) 2211(1.00) 4101(1.00) 2210(1.00) 2641(1.00) 4108(1.00) 1387(1.00) 2638(1.00) 3545(1.00) 881(1.00) 1054(1.00) 1396(1.00) 888(1.00) 419(1.00) 4124(1.00) 1056(1.00) 2191(1.00) 883(1.00) 2330(1.00) 280(1.00) 1155(1.00) 3404(1.00) 1196(1.00) 1500(1.00) 4324(1.00) 2527(1.00) 211(1.00) 1150(1.00) 4328(1.00) 328(1.00) 1990(1.00) 2039(1.00) 1537(1.00) 1993(1.00) 237(1.00) 3359(1.00) 1951(1.00) 1166(1.00) 3077(1.00) 3730(1.00) 3192(1.00) 1194(1.00) 3258(1.00) 2418(1.00) 2504(1.00) 4359(1.00) 1162(1.00) 3109(1.00) 4338(1.00) 3726(1.00) 3089(1.00) 3788(1.00) 3769(1.00) 1565(1.00) 734(1.00) 2475(1.00) 2290(1.00) 3414(1.00) 3413(1.00) 3333(1.00) 3281(1.00) 3382(1.00) 181(1.00) 3340(1.00) 251(1.00) 1189(1.00) 1135(1.00) 3765(1.00) 3746(1.00) 3716(1.00) 2019(1.00) 1139(1.00) 3718(1.00) 1180(1.00) 1869(1.00) 1902(1.00) 174(1.00) 175(1.00) 775(0.72) 2798(0.72) 563(0.67) 2077(0.57) 184(0.53) 1115(0.52) 958(0.52) 433(0.52) 2134(0.49) 1096(0.49) 952(0.37) 1942(0.37) 1165(0.34) 3372(0.32) 167(0.31) 1744(0.27) 1010(0.27) 2963(0.27) 4285(0.27) 1394(0.27) 2566(0.27) 2091(0.27) 163(0.27) 4268(0.27) 597(0.27) 151(0.24) 3635(0.24) 2372(0.24) 1030(0.21) 3011(0.21) 1783(0.21) 3445(0.21) 3733(0.20) 1148(0.20) 1074(0.18) 307(0.18) 910(0.18) 3047(0.18) 2695(0.18) 3393(0.18) 3415(0.18) 1111(0.18) 212(0.18) 2312(0.18) 3947(0.18) 743(0.18) 2123(0.18) 136(0.18) 1982(0.18) 3735(0.18) 2408(0.18) 4298(0.18) 1042(0.17) 2099(0.15) 2359(0.13) 4283(0.13) 681(0.11) 3727(0.11) 990(0.09) 1116(0.09) 4027(0.09) 3743(0.08) 3925(0.07) 3979(0.07) 2772(0.07) 1405(0.07) 985(0.07) 1225(0.07) 1458(0.07) 3958(0.07) 2735(0.07) 928(0.07) 4079(0.07) 3776(0.07) 1045(0.07) 180(0.07) 3389(0.07) 2281(0.07) 943(0.07) 1158(0.07) 2605(0.07) 790(0.07) 2554(0.07) 2049(0.07) 3747(0.07) 2334(0.07) 1033(0.07) 1613(0.07) 3383(0.06) 1559(0.06) 4082(0.06) 353(0.06) 2892(0.06) 4058(0.06) 2694(0.06) 369(0.06) 504(0.06) 223(0.05) 283(0.05) 1009(0.05) 2216(0.05) 3910(0.05) 3755(0.05) 967(0.05) 2302(0.05) 2500(0.05) 1457(0.05) 2116(0.05) 4028(0.05) 2751(0.05) 1029(0.05) 2816(0.05) 190(0.05) 3683(0.04) 4085(0.04) 1966(0.04) 1580(0.04) 1766(0.04) 1043(0.04) 3236(0.04) 1818(0.04) 1210(0.04) 2005(0.04) 4138(0.04) 1117(0.04) 4254(0.04) 2304(0.04) 2991(0.04) 2875(0.04) 3750(0.04) 3388(0.04) 898(0.04) 2052(0.04) 1503(0.04) 1146(0.04) 166(0.04) 3273(0.04) 4341(0.04) 2682(0.04) 3791(0.04) 3808(0.04) 200(0.04) 1431(0.04) 4252(0.04) 2149(0.04) 1916(0.04) 856(0.04) 3762(0.04) 2535(0.03) 3030(0.03) 3579(0.03) 2652(0.03) 1693(0.03) 325(0.03) 1240(0.03) 2684(0.03) 4367(0.03) 3466(0.03) 2275(0.03) 3398(0.03) 1481(0.03) 843(0.03) 2440(0.03) 3897(0.03) 1964(0.03) 4209(0.03) 1209(0.03) 2272(0.03) 4332(0.03) 3724(0.03) 1468(0.03) 2414(0.03) 3351(0.03) 2690(0.03) 3708(0.03) 1206(0.00) 1300(0.00) 1315(0.00) 1308(0.00) 1304(0.00) 1213(0.00) 1305(0.00) 1212(0.00) 1303(0.00) 1311(0.00) 1312(0.00) 1306(0.00) 1211(0.00) 1309(0.00) 1208(0.00) 1310(0.00) 1207(0.00) 1313(0.00) 1301(0.00) 1307(0.00) 1314(0.00) 1214(0.00) 1302(0.00) 1253(0.00) 1255(0.00) 1256(0.00) 1257(0.00) 1258(0.00) 1229(0.00) 1259(0.00) 1260(0.00) 1261(0.00) 1316(0.00) 1262(0.00) 1263(0.00) 1264(0.00) 1265(0.00) 1227(0.00) 1266(0.00) 1267(0.00) 1268(0.00) 1269(0.00) 1228(0.00) 1238(0.00) 1239(0.00) 1237(0.00) 1236(0.00) 1241(0.00) 1242(0.00) 1235(0.00) 1244(0.00) 1245(0.00) 1230(0.00) 1234(0.00) 1233(0.00) 1248(0.00) 1249(0.00) 1232(0.00) 1250(0.00) 1231(0.00) 1251(0.00) 1252(0.00) 1246(0.00) 1219(0.00) 1286(0.00) 1287(0.00) 1288(0.00) 1289(0.00) 1290(0.00) 1218(0.00) 1291(0.00) 1292(0.00) 1270(0.00) 1293(0.00) 1294(0.00) 1295(0.00) 1296(0.00) 1216(0.00) 1297(0.00) 1298(0.00) 1215(0.00) 1299(0.00) 1217(0.00) 1271(0.00) 1272(0.00) 1273(0.00) 1274(0.00) 1226(0.00) 1275(0.00) 1276(0.00) 1224(0.00) 1277(0.00) 1285(0.00) 1279(0.00) 1280(0.00) 1223(0.00) 1281(0.00) 1222(0.00) 1282(0.00) 1221(0.00) 1283(0.00) 1284(0.00) 1220(0.00) 1278(0.00) 1492(0.00) 3209(0.00) 3210(0.00) 3211(0.00) 3212(0.00) 3213(0.00) 3214(0.00) 3215(0.00) 3216(0.00) 3217(0.00) 3218(0.00) 3219(0.00) 3220(0.00) 3221(0.00) 3222(0.00) 1386(0.00) 3224(0.00) 3225(0.00) 3226(0.00) 3227(0.00) 3228(0.00) 3229(0.00) 3230(0.00) 3231(0.00) 3232(0.00) 3233(0.00) 3234(0.00) 3235(0.00) 3237(0.00) 3238(0.00) 3239(0.00) 3223(0.00) 1454(0.00) 1455(0.00) 1456(0.00) 1459(0.00) 1460(0.00) 1461(0.00) 1462(0.00) 1463(0.00) 1464(0.00) 1465(0.00) 1466(0.00) 1467(0.00) 1469(0.00) 1470(0.00) 1471(0.00) 1491(0.00) 1473(0.00) 1474(0.00) 1475(0.00) 1476(0.00) 1477(0.00) 1478(0.00) 1479(0.00) 1482(0.00) 1483(0.00) 1485(0.00) 1486(0.00) 1487(0.00) 1488(0.00) 1489(0.00) 1490(0.00) 1472(0.00) 3275(0.00) 3276(0.00) 3277(0.00) 3278(0.00) 3279(0.00) 3280(0.00) 3282(0.00) 3283(0.00) 3284(0.00) 3285(0.00) 3286(0.00) 3287(0.00) 3288(0.00) 3289(0.00) 3290(0.00) 3240(0.00) 3292(0.00) 3293(0.00) 3294(0.00) 3295(0.00) 3296(0.00) 3297(0.00) 3298(0.00) 3299(0.00) 3300(0.00) 3301(0.00) 3302(0.00) 3303(0.00) 3304(0.00) 3305(0.00) 3306(0.00) 3291(0.00) 3241(0.00) 3242(0.00) 3243(0.00) 3244(0.00) 3245(0.00) 3246(0.00) 3247(0.00) 3248(0.00) 3249(0.00) 3250(0.00) 3251(0.00) 3252(0.00) 3253(0.00) 3254(0.00) 3255(0.00) 3274(0.00) 3257(0.00) 3259(0.00) 3260(0.00) 3261(0.00) 3262(0.00) 3263(0.00) 3264(0.00) 3265(0.00) 3266(0.00) 3267(0.00) 3268(0.00) 3269(0.00) 3270(0.00) 3271(0.00) 3272(0.00) 3256(0.00) 1349(0.00) 1350(0.00) 1351(0.00) 1352(0.00) 1353(0.00) 1354(0.00) 1355(0.00) 1356(0.00) 1357(0.00) 1358(0.00) 1359(0.00) 1360(0.00) 1361(0.00) 1362(0.00) 1363(0.00) 1452(0.00) 1365(0.00) 1366(0.00) 1367(0.00) 1368(0.00) 1369(0.00) 1370(0.00) 1371(0.00) 1372(0.00) 1373(0.00) 1374(0.00) 1375(0.00) 1376(0.00) 1377(0.00) 1378(0.00) 1379(0.00) 1364(0.00) 1317(0.00) 1318(0.00) 1319(0.00) 1320(0.00) 1321(0.00) 1322(0.00) 1323(0.00) 1324(0.00) 1325(0.00) 1326(0.00) 1327(0.00) 1328(0.00) 1329(0.00) 1330(0.00) 1331(0.00) 1348(0.00) 1333(0.00) 1334(0.00) 1335(0.00) 1336(0.00) 1337(0.00) 1338(0.00) 1339(0.00) 1340(0.00) 1341(0.00) 1342(0.00) 1343(0.00) 1344(0.00) 1345(0.00) 1346(0.00) 1347(0.00) 1332(0.00) 1419(0.00) 1420(0.00) 1421(0.00) 1422(0.00) 1423(0.00) 1424(0.00) 1425(0.00) 1426(0.00) 1427(0.00) 1428(0.00) 1429(0.00) 1430(0.00) 1432(0.00) 1433(0.00) 1434(0.00) 1380(0.00) 1436(0.00) 1437(0.00) 1438(0.00) 1439(0.00) 1440(0.00) 1441(0.00) 1442(0.00) 1443(0.00) 1444(0.00) 1445(0.00) 1446(0.00) 1447(0.00) 1449(0.00) 1450(0.00) 1451(0.00) 1435(0.00) 1381(0.00) 1382(0.00) 1383(0.00) 1384(0.00) 1385(0.00) 1205(0.00) 1388(0.00) 1389(0.00) 1390(0.00) 1391(0.00) 1392(0.00) 1393(0.00) 1395(0.00) 1397(0.00) 1398(0.00) 1417(0.00) 1416(0.00) 1415(0.00) 1414(0.00) 1413(0.00) 1412(0.00) 1411(0.00) 1410(0.00) 1399(0.00) 1408(0.00) 1407(0.00) 1406(0.00) 1404(0.00) 1403(0.00) 1402(0.00) 1401(0.00) 1400(0.00) 1409(0.00) 780(0.00) 781(0.00) 782(0.00) 783(0.00) 784(0.00) 786(0.00) 788(0.00) 791(0.00) 792(0.00) 793(0.00) 794(0.00) 795(0.00) 796(0.00) 797(0.00) 798(0.00) 1102(0.00) 800(0.00) 801(0.00) 802(0.00) 803(0.00) 804(0.00) 805(0.00) 806(0.00) 808(0.00) 809(0.00) 810(0.00) 811(0.00) 812(0.00) 813(0.00) 814(0.00) 815(0.00) 799(0.00) 744(0.00) 745(0.00) 746(0.00) 747(0.00) 748(0.00) 749(0.00) 750(0.00) 751(0.00) 752(0.00) 753(0.00) 754(0.00) 755(0.00) 756(0.00) 757(0.00) 758(0.00) 779(0.00) 760(0.00) 761(0.00) 763(0.00) 764(0.00) 765(0.00) 766(0.00) 768(0.00) 769(0.00) 770(0.00) 771(0.00) 772(0.00) 773(0.00) 776(0.00) 777(0.00) 778(0.00) 759(0.00) 852(0.00) 853(0.00) 854(0.00) 855(0.00) 857(0.00) 858(0.00) 859(0.00) 860(0.00) 861(0.00) 862(0.00) 863(0.00) 864(0.00) 865(0.00) 866(0.00) 868(0.00) 816(0.00) 870(0.00) 872(0.00) 873(0.00) 874(0.00) 875(0.00) 876(0.00) 877(0.00) 878(0.00) 879(0.00) 880(0.00) 882(0.00) 884(0.00) 885(0.00) 886(0.00) 887(0.00) 869(0.00) 817(0.00) 818(0.00) 819(0.00) 821(0.00) 822(0.00) 823(0.00) 824(0.00) 825(0.00) 826(0.00) 827(0.00) 828(0.00) 829(0.00) 830(0.00) 831(0.00) 832(0.00) 851(0.00) 850(0.00) 849(0.00) 848(0.00) 847(0.00) 846(0.00) 845(0.00) 844(0.00) 833(0.00) 841(0.00) 840(0.00) 839(0.00) 838(0.00) 837(0.00) 836(0.00) 835(0.00) 834(0.00) 842(0.00) 267(0.00) 268(0.00) 269(0.00) 270(0.00) 271(0.00) 272(0.00) 273(0.00) 274(0.00) 275(0.00) 276(0.00) 277(0.00) 278(0.00) 279(0.00) 281(0.00) 282(0.00) 742(0.00) 285(0.00) 286(0.00) 287(0.00) 288(0.00) 289(0.00) 290(0.00) 291(0.00) 292(0.00) 293(0.00) 294(0.00) 295(0.00) 296(0.00) 297(0.00) 298(0.00) 299(0.00) 284(0.00) 232(0.00) 234(0.00) 235(0.00) 236(0.00) 238(0.00) 239(0.00) 240(0.00) 241(0.00) 242(0.00) 243(0.00) 244(0.00) 245(0.00) 246(0.00) 247(0.00) 248(0.00) 266(0.00) 250(0.00) 252(0.00) 253(0.00) 254(0.00) 255(0.00) 256(0.00) 257(0.00) 258(0.00) 259(0.00) 260(0.00) 261(0.00) 262(0.00) 263(0.00) 264(0.00) 265(0.00) 249(0.00) 709(0.00) 710(0.00) 711(0.00) 712(0.00) 713(0.00) 714(0.00) 715(0.00) 716(0.00) 717(0.00) 718(0.00) 719(0.00) 720(0.00) 721(0.00) 722(0.00) 723(0.00) 300(0.00) 725(0.00) 726(0.00) 727(0.00) 728(0.00) 730(0.00) 731(0.00) 732(0.00) 733(0.00) 735(0.00) 736(0.00) 737(0.00) 738(0.00) 739(0.00) 740(0.00) 741(0.00) 724(0.00) 301(0.00) 302(0.00) 303(0.00) 304(0.00) 305(0.00) 306(0.00) 308(0.00) 309(0.00) 310(0.00) 311(0.00) 312(0.00) 313(0.00) 314(0.00) 315(0.00) 316(0.00) 336(0.00) 335(0.00) 334(0.00) 333(0.00) 332(0.00) 331(0.00) 330(0.00) 329(0.00) 317(0.00) 326(0.00) 324(0.00) 323(0.00) 322(0.00) 321(0.00) 320(0.00) 319(0.00) 318(0.00) 327(0.00) 1087(0.00) 1088(0.00) 1089(0.00) 1090(0.00) 1091(0.00) 1092(0.00) 1093(0.00) 1094(0.00) 1095(0.00) 1097(0.00) 1098(0.00) 1099(0.00) 1100(0.00) 1101(0.00) 3307(0.00) 889(0.00) 1104(0.00) 1105(0.00) 1106(0.00) 1107(0.00) 1108(0.00) 1110(0.00) 1112(0.00) 1114(0.00) 1118(0.00) 1119(0.00) 1120(0.00) 1121(0.00) 1122(0.00) 1123(0.00) 1124(0.00) 1103(0.00) 1047(0.00) 1048(0.00) 1049(0.00) 1050(0.00) 1051(0.00) 1052(0.00) 1053(0.00) 1055(0.00) 1057(0.00) 1058(0.00) 1059(0.00) 1060(0.00) 1061(0.00) 1062(0.00) 1064(0.00) 1085(0.00) 1066(0.00) 1067(0.00) 1068(0.00) 1069(0.00) 1070(0.00) 1071(0.00) 1072(0.00) 1075(0.00) 1076(0.00) 1077(0.00) 1078(0.00) 1079(0.00) 1080(0.00) 1081(0.00) 1083(0.00) 1065(0.00) 1170(0.00) 1171(0.00) 1172(0.00) 1173(0.00) 1174(0.00) 1175(0.00) 1176(0.00) 1177(0.00) 1178(0.00) 1179(0.00) 1181(0.00) 1182(0.00) 1183(0.00) 1184(0.00) 1185(0.00) 1125(0.00) 1187(0.00) 1188(0.00) 1190(0.00) 1191(0.00) 1192(0.00) 1193(0.00) 1195(0.00) 1197(0.00) 1198(0.00) 1199(0.00) 1200(0.00) 1201(0.00) 1202(0.00) 1203(0.00) 1204(0.00) 1186(0.00) 1126(0.00) 1127(0.00) 1128(0.00) 1130(0.00) 1131(0.00) 1132(0.00) 1133(0.00) 1134(0.00) 1136(0.00) 1137(0.00) 1138(0.00) 1140(0.00) 1141(0.00) 1142(0.00) 1143(0.00) 1169(0.00) 1168(0.00) 1167(0.00) 1164(0.00) 1163(0.00) 1161(0.00) 1160(0.00) 1159(0.00) 1144(0.00) 1156(0.00) 1154(0.00) 1153(0.00) 1152(0.00) 1151(0.00) 1149(0.00) 1147(0.00) 1145(0.00) 1157(0.00) 925(0.00) 926(0.00) 927(0.00) 929(0.00) 930(0.00) 931(0.00) 932(0.00) 934(0.00) 935(0.00) 936(0.00) 937(0.00) 938(0.00) 939(0.00) 940(0.00) 941(0.00) 1046(0.00) 944(0.00) 945(0.00) 946(0.00) 947(0.00) 948(0.00) 949(0.00) 950(0.00) 951(0.00) 954(0.00) 955(0.00) 957(0.00) 959(0.00) 960(0.00) 961(0.00) 962(0.00) 942(0.00) 890(0.00) 891(0.00) 892(0.00) 893(0.00) 894(0.00) 895(0.00) 896(0.00) 897(0.00) 899(0.00) 900(0.00) 901(0.00) 902(0.00) 903(0.00) 904(0.00) 905(0.00) 924(0.00) 907(0.00) 909(0.00) 911(0.00) 912(0.00) 913(0.00) 914(0.00) 915(0.00) 916(0.00) 917(0.00) 918(0.00) 919(0.00) 920(0.00) 921(0.00) 922(0.00) 923(0.00) 906(0.00) 1003(0.00) 1004(0.00) 1006(0.00) 1007(0.00) 1008(0.00) 1011(0.00) 1012(0.00) 1014(0.00) 1015(0.00) 1016(0.00) 1017(0.00) 1018(0.00) 1019(0.00) 1020(0.00) 1022(0.00) 963(0.00) 1024(0.00) 1025(0.00) 1026(0.00) 1027(0.00) 1028(0.00) 1031(0.00) 1032(0.00) 1034(0.00) 1035(0.00) 1036(0.00) 1037(0.00) 1039(0.00) 1040(0.00) 1041(0.00) 1044(0.00) 1023(0.00) 965(0.00) 966(0.00) 968(0.00) 969(0.00) 970(0.00) 971(0.00) 972(0.00) 973(0.00) 974(0.00) 976(0.00) 977(0.00) 978(0.00) 979(0.00) 980(0.00) 981(0.00) 1002(0.00) 1001(0.00) 1000(0.00) 999(0.00) 998(0.00) 997(0.00) 996(0.00) 995(0.00) 982(0.00) 993(0.00) 992(0.00) 991(0.00) 989(0.00) 988(0.00) 987(0.00) 984(0.00) 983(0.00) 994(0.00) 4071(0.00) 4072(0.00) 4073(0.00) 4074(0.00) 4075(0.00) 4077(0.00) 4078(0.00) 4080(0.00) 4081(0.00) 4083(0.00) 4084(0.00) 4086(0.00) 4087(0.00) 4088(0.00) 4089(0.00) 233(0.00) 4091(0.00) 4092(0.00) 4093(0.00) 4094(0.00) 4095(0.00) 4096(0.00) 4097(0.00) 4098(0.00) 4099(0.00) 4100(0.00) 4102(0.00) 4103(0.00) 4104(0.00) 4105(0.00) 4106(0.00) 4090(0.00) 4035(0.00) 4036(0.00) 4037(0.00) 4038(0.00) 4039(0.00) 4040(0.00) 4041(0.00) 4042(0.00) 4043(0.00) 4044(0.00) 4045(0.00) 4046(0.00) 4047(0.00) 4048(0.00) 4049(0.00) 4070(0.00) 4069(0.00) 4068(0.00) 4067(0.00) 4064(0.00) 4063(0.00) 4062(0.00) 4061(0.00) 4050(0.00) 4059(0.00) 4057(0.00) 4056(0.00) 4055(0.00) 4054(0.00) 4053(0.00) 4052(0.00) 4051(0.00) 4060(0.00) 4146(0.00) 4147(0.00) 4148(0.00) 4149(0.00) 4150(0.00) 4151(0.00) 4152(0.00) 4153(0.00) 4154(0.00) 4155(0.00) 4156(0.00) 4157(0.00) 4158(0.00) 4159(0.00) 4160(0.00) 4107(0.00) 4178(0.00) 4176(0.00) 4175(0.00) 4174(0.00) 4173(0.00) 4172(0.00) 4171(0.00) 4161(0.00) 4169(0.00) 4168(0.00) 4167(0.00) 4166(0.00) 4165(0.00) 4164(0.00) 4163(0.00) 4162(0.00) 4170(0.00) 4109(0.00) 4110(0.00) 4111(0.00) 4112(0.00) 4113(0.00) 4114(0.00) 4115(0.00) 4116(0.00) 4117(0.00) 4118(0.00) 4119(0.00) 4120(0.00) 4121(0.00) 4122(0.00) 4123(0.00) 4145(0.00) 4143(0.00) 4142(0.00) 4141(0.00) 4140(0.00) 4139(0.00) 4136(0.00) 4135(0.00) 4125(0.00) 4133(0.00) 4132(0.00) 4131(0.00) 4130(0.00) 4129(0.00) 4128(0.00) 4127(0.00) 4126(0.00) 4134(0.00) 3929(0.00) 3930(0.00) 3931(0.00) 3932(0.00) 3933(0.00) 3934(0.00) 3935(0.00) 3936(0.00) 3937(0.00) 3938(0.00) 3939(0.00) 3940(0.00) 3941(0.00) 3942(0.00) 3943(0.00) 4034(0.00) 3945(0.00) 3946(0.00) 3948(0.00) 3949(0.00) 3950(0.00) 3952(0.00) 3953(0.00) 3954(0.00) 3955(0.00) 3956(0.00) 3957(0.00) 3959(0.00) 3960(0.00) 3961(0.00) 3962(0.00) 3944(0.00) 3890(0.00) 3891(0.00) 3892(0.00) 3893(0.00) 3894(0.00) 3895(0.00) 3896(0.00) 3898(0.00) 3900(0.00) 3901(0.00) 3902(0.00) 3903(0.00) 3904(0.00) 3905(0.00) 3906(0.00) 3928(0.00) 3927(0.00) 3926(0.00) 3924(0.00) 3923(0.00) 3922(0.00) 3921(0.00) 3920(0.00) 3907(0.00) 3917(0.00) 3916(0.00) 3915(0.00) 3914(0.00) 3913(0.00) 3912(0.00) 3909(0.00) 3908(0.00) 3918(0.00) 3999(0.00) 4000(0.00) 4001(0.00) 4002(0.00) 4003(0.00) 4004(0.00) 4005(0.00) 4006(0.00) 4007(0.00) 4008(0.00) 4009(0.00) 4010(0.00) 4011(0.00) 4012(0.00) 4013(0.00) 3963(0.00) 4032(0.00) 4031(0.00) 4030(0.00) 4029(0.00) 4026(0.00) 4025(0.00) 4024(0.00) 4014(0.00) 4022(0.00) 4021(0.00) 4020(0.00) 4019(0.00) 4018(0.00) 4017(0.00) 4016(0.00) 4015(0.00) 4023(0.00) 3964(0.00) 3965(0.00) 3966(0.00) 3967(0.00) 3968(0.00) 3969(0.00) 3970(0.00) 3971(0.00) 3972(0.00) 3973(0.00) 3974(0.00) 3975(0.00) 3976(0.00) 3977(0.00) 3978(0.00) 3998(0.00) 3997(0.00) 3996(0.00) 3995(0.00) 3994(0.00) 3993(0.00) 3992(0.00) 3991(0.00) 3980(0.00) 3989(0.00) 3988(0.00) 3987(0.00) 3985(0.00) 3984(0.00) 3983(0.00) 3982(0.00) 3981(0.00) 3990(0.00) 4363(0.00) 4364(0.00) 4365(0.00) 4366(0.00) 4368(0.00) 4369(0.00) 4370(0.00) 4371(0.00) 4372(0.00) 4373(0.00) 4374(0.00) 4375(0.00) 4376(0.00) 4377(0.00) 4378(0.00) 4179(0.00) 4380(0.00) 4381(0.00) 4382(0.00) 4383(0.00) 4384(0.00) 4385(0.00) 4386(0.00) 4387(0.00) 4388(0.00) 4389(0.00) 4390(0.00) 4391(0.00) 4392(0.00) 4393(0.00) 4394(0.00) 4379(0.00) 4325(0.00) 4326(0.00) 4327(0.00) 4329(0.00) 4330(0.00) 4331(0.00) 4333(0.00) 4334(0.00) 4335(0.00) 4336(0.00) 4337(0.00) 4339(0.00) 4340(0.00) 4342(0.00) 4343(0.00) 4362(0.00) 4361(0.00) 4360(0.00) 4358(0.00) 4357(0.00) 4356(0.00) 4355(0.00) 4354(0.00) 4344(0.00) 4352(0.00) 4351(0.00) 4350(0.00) 4349(0.00) 4348(0.00) 4347(0.00) 4346(0.00) 4345(0.00) 4353(0.00) 4429(0.00) 4430(0.00) 4431(0.00) 4432(0.00) 4433(0.00) 4434(0.00) 4435(0.00) 4436(0.00) 4437(0.00) 4438(0.00) 4439(0.00) 4440(0.00) 4441(0.00) 4442(0.00) 4443(0.00) 4395(0.00) 4460(0.00) 4459(0.00) 4458(0.00) 4457(0.00) 4456(0.00) 4455(0.00) 4454(0.00) 4444(0.00) 4452(0.00) 4451(0.00) 4450(0.00) 4449(0.00) 4448(0.00) 4447(0.00) 4446(0.00) 4445(0.00) 4453(0.00) 4396(0.00) 4397(0.00) 4398(0.00) 4399(0.00) 4400(0.00) 4401(0.00) 4402(0.00) 4403(0.00) 4404(0.00) 4405(0.00) 4406(0.00) 4407(0.00) 4408(0.00) 4409(0.00) 4410(0.00) 4428(0.00) 4427(0.00) 4426(0.00) 4425(0.00) 4424(0.00) 4423(0.00) 4422(0.00) 4421(0.00) 4411(0.00) 4419(0.00) 4418(0.00) 4417(0.00) 4416(0.00) 4415(0.00) 4414(0.00) 4413(0.00) 4412(0.00) 4420(0.00) 4214(0.00) 4215(0.00) 4216(0.00) 4218(0.00) 4219(0.00) 4220(0.00) 4221(0.00) 4222(0.00) 4223(0.00) 4224(0.00) 4225(0.00) 4226(0.00) 4227(0.00) 4228(0.00) 4229(0.00) 4323(0.00) 4231(0.00) 4232(0.00) 4233(0.00) 4234(0.00) 4235(0.00) 4236(0.00) 4237(0.00) 4238(0.00) 4239(0.00) 4240(0.00) 4241(0.00) 4242(0.00) 4243(0.00) 4244(0.00) 4245(0.00) 4230(0.00) 4180(0.00) 4181(0.00) 4182(0.00) 4183(0.00) 4184(0.00) 4185(0.00) 4186(0.00) 4187(0.00) 4188(0.00) 4189(0.00) 4190(0.00) 4191(0.00) 4192(0.00) 4193(0.00) 4194(0.00) 4213(0.00) 4212(0.00) 4211(0.00) 4210(0.00) 4208(0.00) 4207(0.00) 4206(0.00) 4205(0.00) 4195(0.00) 4203(0.00) 4202(0.00) 4201(0.00) 4200(0.00) 4199(0.00) 4198(0.00) 4197(0.00) 4196(0.00) 4204(0.00) 4290(0.00) 4291(0.00) 4292(0.00) 4293(0.00) 4294(0.00) 4295(0.00) 4296(0.00) 4297(0.00) 4299(0.00) 4300(0.00) 4301(0.00) 4302(0.00) 4303(0.00) 4304(0.00) 4305(0.00) 4246(0.00) 4322(0.00) 4321(0.00) 4320(0.00) 4319(0.00) 4318(0.00) 4317(0.00) 4316(0.00) 4306(0.00) 4314(0.00) 4313(0.00) 4312(0.00) 4311(0.00) 4310(0.00) 4309(0.00) 4308(0.00) 4307(0.00) 4315(0.00) 4247(0.00) 4249(0.00) 4250(0.00) 4251(0.00) 4253(0.00) 4255(0.00) 4257(0.00) 4258(0.00) 4260(0.00) 4261(0.00) 4262(0.00) 4263(0.00) 4264(0.00) 4265(0.00) 4266(0.00) 4289(0.00) 4288(0.00) 4287(0.00) 4286(0.00) 4282(0.00) 4281(0.00) 


Filtered 1784 locations: 4256 4248 201 185 3387 729 1021 4066 2317 1969 138 2327 2390 3201 986 3729 3732 1086 2144 1480 3492 208 4267 2704 2707 908 871 183 191 3740 3752 762 145 3431 3331 3475 205 182 1453 2938 3687 164 807 4217 1588 2112 3041 2583 1448 2132 820 2928 1129 1782 2589 2141 3045 2592 361 2595 1084 150 3007 2084 1113 767 1484 1247 2093 4284 774 4259 2096 3430 1815 2569 1813 1243 3028 785 787 3029 2547 2374 2971 789 2571 3423 1254 3710 1109 2247 3640 565 2665 4065 933 2315 3044 4076 2797 2803 3951 1038 2223 2810 3562 2658 2706 1005 540 2726 3986 2297 2693 2736 2248 1013 3632 4033 1674 964 956 953 2674 975 2862 4137 2865 1063 4144 3919 867 1710 392 2345 1418 3911 1073 1082 3899 4177 1750 2211 4101 2210 2641 4108 1387 2638 3545 881 1054 1396 888 419 4124 1056 2191 883 2330 280 1155 3404 1196 1500 4324 2527 211 1150 4328 328 1990 2039 1537 1993 237 3359 1951 1166 3077 3730 3192 1194 3258 2418 2504 4359 1162 3109 4338 3726 3089 3788 3769 1565 734 2475 2290 3414 3413 3333 3281 3382 181 3340 251 1189 1135 3765 3746 3716 2019 1139 3718 1180 1869 1902 174 175 775 2798 563 2077 184 1115 958 433 2134 1096 952 1942 1165 3372 167 1744 1010 2963 4285 1394 2566 2091 163 4268 597 151 3635 2372 1030 3011 1783 3445 3733 1148 1074 307 910 3047 2695 3393 3415 1111 212 2312 3947 743 2123 136 1982 3735 2408 4298 1042 2099 2359 4283 681 3727 990 1116 4027 3743 3925 3979 2772 1405 985 1225 1458 3958 2735 928 4079 3776 1045 180 3389 2281 943 1158 2605 790 2554 2049 3747 2334 1033 1613 3383 1559 4082 353 2892 4058 2694 369 504 223 283 1009 2216 3910 3755 967 2302 2500 1457 2116 4028 2751 1029 2816 190 3683 4085 1966 1580 1766 1043 3236 1818 1210 2005 4138 1117 4254 2304 2991 2875 3750 3388 898 2052 1503 1146 166 3273 4341 2682 3791 3808 200 1431 4252 2149 1916 856 3762 2535 3030 3579 2652 1693 325 1240 2684 4367 3466 2275 3398 1481 843 2440 3897 1964 4209 1209 2272 4332 3724 1468 2414 3351 2690 3708 1206 1300 1315 1308 1304 1213 1305 1212 1303 1311 1312 1306 1211 1309 1208 1310 1207 1313 1301 1307 1314 1214 1302 1253 1255 1256 1257 1258 1229 1259 1260 1261 1316 1262 1263 1264 1265 1227 1266 1267 1268 1269 1228 1238 1239 1237 1236 1241 1242 1235 1244 1245 1230 1234 1233 1248 1249 1232 1250 1231 1251 1252 1246 1219 1286 1287 1288 1289 1290 1218 1291 1292 1270 1293 1294 1295 1296 1216 1297 1298 1215 1299 1217 1271 1272 1273 1274 1226 1275 1276 1224 1277 1285 1279 1280 1223 1281 1222 1282 1221 1283 1284 1220 1278 1492 3209 3210 3211 3212 3213 3214 3215 3216 3217 3218 3219 3220 3221 3222 1386 3224 3225 3226 3227 3228 3229 3230 3231 3232 3233 3234 3235 3237 3238 3239 3223 1454 1455 1456 1459 1460 1461 1462 1463 1464 1465 1466 1467 1469 1470 1471 1491 1473 1474 1475 1476 1477 1478 1479 1482 1483 1485 1486 1487 1488 1489 1490 1472 3275 3276 3277 3278 3279 3280 3282 3283 3284 3285 3286 3287 3288 3289 3290 3240 3292 3293 3294 3295 3296 3297 3298 3299 3300 3301 3302 3303 3304 3305 3306 3291 3241 3242 3243 3244 3245 3246 3247 3248 3249 3250 3251 3252 3253 3254 3255 3274 3257 3259 3260 3261 3262 3263 3264 3265 3266 3267 3268 3269 3270 3271 3272 3256 1349 1350 1351 1352 1353 1354 1355 1356 1357 1358 1359 1360 1361 1362 1363 1452 1365 1366 1367 1368 1369 1370 1371 1372 1373 1374 1375 1376 1377 1378 1379 1364 1317 1318 1319 1320 1321 1322 1323 1324 1325 1326 1327 1328 1329 1330 1331 1348 1333 1334 1335 1336 1337 1338 1339 1340 1341 1342 1343 1344 1345 1346 1347 1332 1419 1420 1421 1422 1423 1424 1425 1426 1427 1428 1429 1430 1432 1433 1434 1380 1436 1437 1438 1439 1440 1441 1442 1443 1444 1445 1446 1447 1449 1450 1451 1435 1381 1382 1383 1384 1385 1205 1388 1389 1390 1391 1392 1393 1395 1397 1398 1417 1416 1415 1414 1413 1412 1411 1410 1399 1408 1407 1406 1404 1403 1402 1401 1400 1409 780 781 782 783 784 786 788 791 792 793 794 795 796 797 798 1102 800 801 802 803 804 805 806 808 809 810 811 812 813 814 815 799 744 745 746 747 748 749 750 751 752 753 754 755 756 757 758 779 760 761 763 764 765 766 768 769 770 771 772 773 776 777 778 759 852 853 854 855 857 858 859 860 861 862 863 864 865 866 868 816 870 872 873 874 875 876 877 878 879 880 882 884 885 886 887 869 817 818 819 821 822 823 824 825 826 827 828 829 830 831 832 851 850 849 848 847 846 845 844 833 841 840 839 838 837 836 835 834 842 267 268 269 270 271 272 273 274 275 276 277 278 279 281 282 742 285 286 287 288 289 290 291 292 293 294 295 296 297 298 299 284 232 234 235 236 238 239 240 241 242 243 244 245 246 247 248 266 250 252 253 254 255 256 257 258 259 260 261 262 263 264 265 249 709 710 711 712 713 714 715 716 717 718 719 720 721 722 723 300 725 726 727 728 730 731 732 733 735 736 737 738 739 740 741 724 301 302 303 304 305 306 308 309 310 311 312 313 314 315 316 336 335 334 333 332 331 330 329 317 326 324 323 322 321 320 319 318 327 1087 1088 1089 1090 1091 1092 1093 1094 1095 1097 1098 1099 1100 1101 3307 889 1104 1105 1106 1107 1108 1110 1112 1114 1118 1119 1120 1121 1122 1123 1124 1103 1047 1048 1049 1050 1051 1052 1053 1055 1057 1058 1059 1060 1061 1062 1064 1085 1066 1067 1068 1069 1070 1071 1072 1075 1076 1077 1078 1079 1080 1081 1083 1065 1170 1171 1172 1173 1174 1175 1176 1177 1178 1179 1181 1182 1183 1184 1185 1125 1187 1188 1190 1191 1192 1193 1195 1197 1198 1199 1200 1201 1202 1203 1204 1186 1126 1127 1128 1130 1131 1132 1133 1134 1136 1137 1138 1140 1141 1142 1143 1169 1168 1167 1164 1163 1161 1160 1159 1144 1156 1154 1153 1152 1151 1149 1147 1145 1157 925 926 927 929 930 931 932 934 935 936 937 938 939 940 941 1046 944 945 946 947 948 949 950 951 954 955 957 959 960 961 962 942 890 891 892 893 894 895 896 897 899 900 901 902 903 904 905 924 907 909 911 912 913 914 915 916 917 918 919 920 921 922 923 906 1003 1004 1006 1007 1008 1011 1012 1014 1015 1016 1017 1018 1019 1020 1022 963 1024 1025 1026 1027 1028 1031 1032 1034 1035 1036 1037 1039 1040 1041 1044 1023 965 966 968 969 970 971 972 973 974 976 977 978 979 980 981 1002 1001 1000 999 998 997 996 995 982 993 992 991 989 988 987 984 983 994 4071 4072 4073 4074 4075 4077 4078 4080 4081 4083 4084 4086 4087 4088 4089 233 4091 4092 4093 4094 4095 4096 4097 4098 4099 4100 4102 4103 4104 4105 4106 4090 4035 4036 4037 4038 4039 4040 4041 4042 4043 4044 4045 4046 4047 4048 4049 4070 4069 4068 4067 4064 4063 4062 4061 4050 4059 4057 4056 4055 4054 4053 4052 4051 4060 4146 4147 4148 4149 4150 4151 4152 4153 4154 4155 4156 4157 4158 4159 4160 4107 4178 4176 4175 4174 4173 4172 4171 4161 4169 4168 4167 4166 4165 4164 4163 4162 4170 4109 4110 4111 4112 4113 4114 4115 4116 4117 4118 4119 4120 4121 4122 4123 4145 4143 4142 4141 4140 4139 4136 4135 4125 4133 4132 4131 4130 4129 4128 4127 4126 4134 3929 3930 3931 3932 3933 3934 3935 3936 3937 3938 3939 3940 3941 3942 3943 4034 3945 3946 3948 3949 3950 3952 3953 3954 3955 3956 3957 3959 3960 3961 3962 3944 3890 3891 3892 3893 3894 3895 3896 3898 3900 3901 3902 3903 3904 3905 3906 3928 3927 3926 3924 3923 3922 3921 3920 3907 3917 3916 3915 3914 3913 3912 3909 3908 3918 3999 4000 4001 4002 4003 4004 4005 4006 4007 4008 4009 4010 4011 4012 4013 3963 4032 4031 4030 4029 4026 4025 4024 4014 4022 4021 4020 4019 4018 4017 4016 4015 4023 3964 3965 3966 3967 3968 3969 3970 3971 3972 3973 3974 3975 3976 3977 3978 3998 3997 3996 3995 3994 3993 3992 3991 3980 3989 3988 3987 3985 3984 3983 3982 3981 3990 4363 4364 4365 4366 4368 4369 4370 4371 4372 4373 4374 4375 4376 4377 4378 4179 4380 4381 4382 4383 4384 4385 4386 4387 4388 4389 4390 4391 4392 4393 4394 4379 4325 4326 4327 4329 4330 4331 4333 4334 4335 4336 4337 4339 4340 4342 4343 4362 4361 4360 4358 4357 4356 4355 4354 4344 4352 4351 4350 4349 4348 4347 4346 4345 4353 4429 4430 4431 4432 4433 4434 4435 4436 4437 4438 4439 4440 4441 4442 4443 4395 4460 4459 4458 4457 4456 4455 4454 4444 4452 4451 4450 4449 4448 4447 4446 4445 4453 4396 4397 4398 4399 4400 4401 4402 4403 4404 4405 4406 4407 4408 4409 4410 4428 4427 4426 4425 4424 4423 4422 4421 4411 4419 4418 4417 4416 4415 4414 4413 4412 4420 4214 4215 4216 4218 4219 4220 4221 4222 4223 4224 4225 4226 4227 4228 4229 4323 4231 4232 4233 4234 4235 4236 4237 4238 4239 4240 4241 4242 4243 4244 4245 4230 4180 4181 4182 4183 4184 4185 4186 4187 4188 4189 4190 4191 4192 4193 4194 4213 4212 4211 4210 4208 4207 4206 4205 4195 4203 4202 4201 4200 4199 4198 4197 4196 4204 4290 4291 4292 4293 4294 4295 4296 4297 4299 4300 4301 4302 4303 4304 4305 4246 4322 4321 4320 4319 4318 4317 4316 4306 4314 4313 4312 4311 4310 4309 4308 4307 4315 4247 4249 4250 4251 4253 4255 4257 4258 4260 4261 4262 4263 4264 4265 4266 4289 4288 4287 4286 4282 4281 

Extracted 0 prioritized locations: 

Final instance parameters:
loc_max_id: 4461
loc_cnt: 1784
service: fnl4461_0020
cust_max_id: 4461
cust_cnt: 4461
unweighted obj function
p: 20
total_demand: 224395.00
threshold_dist: 864.20



-------------------------------------------------
Final Problem RSSV heuristic
-------------------------------------------------
    RSSV_EXACT_CPMP_BIN
-------------------------------------------------
Gap Cplex Reports: gap_Bin_service_fnl4461_0020_p_20_RSSV_EXACT_CPMP_BIN.csv
[CALLBACK] Generating reports cplex callbacks...
[CALLBACK] Using BreakCallback...
Time Limit with not improving 1.00% (gap): 300.00 seconds
Time Limit with Gap less than 1%: 180.00 seconds
Default row names c1, c2 ... being created.
Version identifier: 22.1.1.0 | 2022-11-28 | 9160aff4d
CPXPARAM_TimeLimit                               2100
Legacy callback                                  i
Tried aggregator 1 time.
Presolve has eliminated 6720481 rows and 6720481 columns...
MIP Presolve eliminated 6720481 rows and 6720481 columns.
MIP Presolve modified 7 coefficients.
Reduced MIP has 6246 rows, 1239727 columns, and 2479454 nonzeros.
Reduced MIP has 1239727 binaries, 0 generals, 0 SOSs, and 0 indicators.
Presolve time = 42.79 sec. (14467.92 ticks)
Tried aggregator 1 time.
Detecting symmetries...
Reduced MIP has 6246 rows, 1239727 columns, and 2479454 nonzeros.
Reduced MIP has 1239727 binaries, 0 generals, 0 SOSs, and 0 indicators.
Presolve time = 9.42 sec. (2589.91 ticks)
Probing time = 4.93 sec. (257.96 ticks)
Clique table members: 1242404.
MIP emphasis: balance optimality and feasibility.
MIP search method: dynamic search.
Parallel mode: deterministic, using up to 32 threads.
Root relaxation solution time = 8.32 sec. (1159.01 ticks)

        Nodes                                         Cuts/
   Node  Left     Objective  IInf  Best Integer    Best Bound    ItCnt     Gap

      0     0   289899.3704  1780                 289899.3704     1796         
Time: 160.46 seconds
MIP Gap: 999999999999999926539781176481198923508803215199467887262646419780362305536.00
Nodes: 0
Best Objective: 289899.370375916245393
Incumbent Obj:  999999999999999926539781176481198923508803215199467887262646419780362305536.000000000000000
*     0+    0                      1787986.7694   289899.3704            83.79%
*     0+    0                      1787982.0646   289899.3704            83.79%
Time: 208.900417089462280 seconds
MIP Gap: 0.837862260411076
Nodes: 0
Best Objective: 289899.370375916245393
Incumbent Obj:  1787982.064576167147607
      0     0   368234.5227  3437  1787982.0646    Cuts: 1661     6152   79.41%
Time: 244.791254043579102 seconds
MIP Gap: 0.794050214498651
Nodes: 0
Best Objective: 368234.522679721063469
Incumbent Obj:  1787982.064576167147607
      0     0   419245.1958  5522  1787982.0646    Cuts: 1661    10797   76.55%
Time: 293.972455024719238 seconds
MIP Gap: 0.765520469053275
Nodes: 0
Best Objective: 419245.195842976507265
Incumbent Obj:  1787982.064576167147607
      0     0   455024.6873  6974  1787982.0646    Cuts: 1661    15266   74.55%
Time: 570.444169044494629 seconds
MIP Gap: 0.745509367086506
Nodes: 0
Best Objective: 455024.687251964933239
Incumbent Obj:  1787982.064576167147607
      0     0   487199.9711  8426  1787982.0646    Cuts: 1661    20156   72.75%
Time: 627.807680130004883 seconds
MIP Gap: 0.727514061393102
Nodes: 0
Best Objective: 487199.971078335714992
Incumbent Obj:  1787982.064576167147607
      0     0   513305.6981  9521  1787982.0646    Cuts: 1661    25085   71.29%
Detecting symmetries...
Time: 703.510147094726562 seconds
MIP Gap: 0.712913396485058
Nodes: 0
Best Objective: 513305.698064806114417
Incumbent Obj:  1787982.064576167147607
      0     0   536526.8467 10946  1787982.0646    Cuts: 1661    30078   69.99%
Time: 788.997846126556396 seconds
MIP Gap: 0.699926046630348
Nodes: 0
Best Objective: 536526.846671403036453
Incumbent Obj:  1787982.064576167147607
      0     0   557497.7927 12221  1787982.0646    Cuts: 1661    35618   68.82%
Time: 895.917466163635254 seconds
MIP Gap: 0.688197211964621
Nodes: 0
Best Objective: 557497.792692100978456
Incumbent Obj:  1787982.064576167147607
      0     0   576745.2367 13376  1787982.0646    Cuts: 1661    41406   67.74%
Time: 1040.885620117187500 seconds
MIP Gap: 0.677432314246697
Nodes: 0
Best Objective: 576745.236738746869378
Incumbent Obj:  1787982.064576167147607
      0     0   596025.2879 14537  1787982.0646    Cuts: 1661    47289   66.66%
Time: 1191.119544982910156 seconds
MIP Gap: 0.666649179701976
Nodes: 0
Best Objective: 596025.287904620636255
Incumbent Obj:  1787982.064576167147607
      0     0   613540.5103 15375  1787982.0646    Cuts: 1661    53672   65.69%
Time: 1390.125648975372314 seconds
MIP Gap: 0.656853095774717
Nodes: 0
Best Objective: 613540.510269642574713
Incumbent Obj:  1787982.064576167147607
      0     0   629627.3641 16525  1787982.0646    Cuts: 1661    60138   64.79%
Time: 1752.131086111068726 seconds
MIP Gap: 0.647855883714419
Nodes: 0
Best Objective: 629627.364064643508755
Incumbent Obj:  1787982.064576167147607
      0     0   645399.8592 17683  1787982.0646    Cuts: 1661    66945   63.90%
*     0+    0                      1785122.3517   645399.8592            63.85%
Time: 2054.478645086288452 seconds
MIP Gap: 0.638456233212856
Nodes: 0
Best Objective: 645399.859192412812263
Incumbent Obj:  1785122.351652617799118
      0     0   660049.9097 18696  1785122.3517    Cuts: 1661    74249   63.02%
*     0+    0                      1775180.4396   660049.9097            62.82%
Advanced basis not built.
      0     0        cutoff        1775180.4396   660049.9097    74249   62.82%
Elapsed time = 2104.08 sec. (682343.34 ticks, tree = 0.01 MB, solutions = 4)

Clique cuts applied:  4171
Cover cuts applied:  3269
Mixed integer rounding cuts applied:  9151
Zero-half cuts applied:  13

Root node processing (before b&c):
  Real time             = 2105.74 sec. (682733.37 ticks)
Parallel b&c, 32 threads:
  Real time             =    0.00 sec. (0.00 ticks)
  Sync time (average)   =    0.00 sec.
  Wait time (average)   =    0.00 sec.
                          ------------
Total (root+branch&cut) = 2105.74 sec. (682733.37 ticks)
[INFO] Saving variables cplex:
./outputs/solutions/2024-08-26_LIT_seed_200/VarsValues_cplex/test_lit_fnl4461_0020_CPMP_Vars_Bin_p_20_RSSV_EXACT_CPMP_BIN.txt
[INFO] Saving results cplex: 
./outputs/solutions/2024-08-26_LIT_seed_200/Results_cplex/test_lit_fnl4461_0020_Bin_RSSV_EXACT_CPMP_BIN.csv

Final solution CPMP:
p locations: 994 983 3307 992 2554 279 4192 1750 3297 748 996 4025 991 988 4196 987 4193 4203 3389 984 
p size: 20
objective: 1775180.439553741132841
sum (dij * xij) 
demand/capacity: 224395.000000000000000/280500
Solution is Feasible
Statistics:
Max distance: 864.090851704842407
Min distance: 0.000000000000000
Avg distance: 397.933297366900035
Std deviation distance: 194.287034442168874


Final total elapsed time: 2486s
[INFO] Saving assignment: ./outputs/solutions/2024-08-26_LIT_seed_200/Assignments/test_lit_fnl4461_0020_p_20_RSSV_EXACT_CPMP_BIN.txt
[INFO] Saving results: ./outputs/solutions/2024-08-26_LIT_seed_200/test_lit_fnl4461_0020_results_RSSV_EXACT_CPMP_BIN.csv
[INFO] Saving all results: ./outputs/solutions/test_all_results.csv
Post Optimization: EXACT_CPMP_BIN


-------------------------------------------------
Post Optimization
-------------------------------------------------
method: EXACT_CPMP_BIN
-------------------------------------------------
Time for post-optimization: 1114.000000000000000s
PostOptimization constructor
p locations: 994 983 3307 992 2554 279 4192 1750 3297 748 996 4025 991 988 4196 987 4193 4203 3389 984 
p size: 20
objective: 1775180.439553741132841
sum (dij * xij) 
demand/capacity: 224395.000000000000000/280500
Solution is Feasible
[INFO] Running post-optimization
Time limit: 1114.000000000000000
Max size of the neigh: 222
 ------------------------------------ 

Iteration Post-Optimization: 1
Size of neighborhood: 1
[INFO] Adding MIP start solution
Gap Cplex Reports: gap_Bin_service_fnl4461_0020_p_20_RSSV_POSTOPT.csv
[CALLBACK] Generating reports cplex callbacks...
Default row names c1, c2 ... being created.
Version identifier: 22.1.1.0 | 2022-11-28 | 9160aff4d
CPXPARAM_TimeLimit                               1114
CPXPARAM_MIP_Tolerances_LowerCutoff              660049.90973707335
Legacy callback                                  i
1 of 2 MIP starts provided solutions.
MIP start 'm1' defined initial solution with objective 1696264.9538.
Presolve has eliminated 16694626 rows and 16699047 columns...
Presolve has improved bounds 4421 times...
Tried aggregator 2 times.
MIP Presolve eliminated 16699047 rows and 19877501 columns.
MIP Presolve modified 28 coefficients.
Aggregator did 402 substitutions.
Reduced MIP has 4120 rows, 27079 columns, and 54198 nonzeros.
Reduced MIP has 27079 binaries, 0 generals, 0 SOSs, and 0 indicators.
Presolve time = 113.49 sec. (40231.50 ticks)
Tried aggregator 1 time.
Detecting symmetries...
Reduced MIP has 4120 rows, 27079 columns, and 54198 nonzeros.
Reduced MIP has 27079 binaries, 0 generals, 0 SOSs, and 0 indicators.
Presolve time = 0.17 sec. (35.63 ticks)
Probing time = 0.03 sec. (5.43 ticks)
Clique table members: 31520.
MIP emphasis: balance optimality and feasibility.
MIP search method: dynamic search.
Parallel mode: deterministic, using up to 32 threads.
Root relaxation solution time = 0.08 sec. (45.98 ticks)

        Nodes                                         Cuts/
   Node  Left     Objective  IInf  Best Integer    Best Bound    ItCnt     Gap

*     0+    0                      1696264.9538   181543.5538            89.30%
      0     0  1651057.1603    56  1696264.9538  1651057.1603      897    2.67%
Time: 354.346899986267090 seconds
MIP Gap: 0.026651375110043
Nodes: 0
Best Objective: 1651057.160259424708784
Incumbent Obj:  1696264.953829967416823
Time: 360.785023927688599 seconds
MIP Gap: 0.026651375110043
Nodes: 0
Best Objective: 1651057.160259424708784
Incumbent Obj:  1696264.953829967416823
      0     0  1667317.4272  2221  1696264.9538    Cuts: 1130     2147    1.71%
*     0+    0                      1696231.1957  1667317.4272             1.70%
      0     0  1674871.5155  3593  1696231.1957    Cuts: 1130     3355    1.26%
      0     0  1676345.5370  2766  1696231.1957    Cuts: 1130     4405    1.17%
Time: 365.790494918823242 seconds
MIP Gap: 0.011723436526108
Nodes: 0
Best Objective: 1676345.536976172123104
Incumbent Obj:  1696231.195732951164246
*     0+    0                      1677194.4788  1676345.5370             0.05%
*     0+    0                      1677131.3576  1676345.5370             0.05%
      0     0  -1.00000e+75     0  1677131.3576  1676345.5370     4405    0.05%
Time: 371.842068910598755 seconds
MIP Gap: 0.000468550410121
Nodes: 0
Best Objective: 1676345.536976172123104
Incumbent Obj:  1677131.357561585027725
      0     0  1676677.5649  2321  1677131.3576     Cuts: 192     4607    0.03%
      0     0  1676763.5788  1277  1677131.3576     Cuts: 167     4741    0.02%
Detecting symmetries...
      0     0  1676786.2307   898  1677131.3576      Cuts: 24     4789    0.02%
      0     0  1676797.0406  1357  1677131.3576      Cuts: 21     4856    0.02%
      0     0  1676800.8232  1235  1677131.3576      Cuts: 11     4900    0.02%
      0     0  1676802.5315  1235  1677131.3576       Cuts: 9     4926    0.02%
*     0+    0                      1676897.6862  1676802.5315             0.01%
      0     0  -1.00000e+75     0  1676897.6862  1676802.5315     4926    0.01%

Clique cuts applied:  3366
Cover cuts applied:  59
Flow cuts applied:  9
Mixed integer rounding cuts applied:  72
Zero-half cuts applied:  3
Gomory fractional cuts applied:  10

Root node processing (before b&c):
  Real time             =  300.27 sec. (69411.06 ticks)
Parallel b&c, 32 threads:
  Real time             =    0.00 sec. (0.00 ticks)
  Sync time (average)   =    0.00 sec.
  Wait time (average)   =    0.00 sec.
                          ------------
Total (root+branch&cut) =  300.27 sec. (69411.06 ticks)
Post-Optimization Solution: 
p locations: 4196 4192 4183 4174 992 3389 1023 988 968 279 1821 748 1024 1037 2554 1032 1035 3251 3325 4043 
p size: 20
objective: 1676897.686232024570927
sum (dij * xij) 
demand/capacity: 224395.000000000000000/280500
Solution is Feasible
Comparing Best Bounds: 
Old Best Bound: 1676802.531465210951865
New Best Bound: 1676802.531465210951865
Time elapsed: 475.482371639000007s
Time remaining: 1114.000000000000000s
 ------------------------------------ 

Iteration Post-Optimization: 2
Size of neighborhood: 1
[INFO] Adding MIP start solution
Gap Cplex Reports: gap_Bin_service_fnl4461_0020_p_20_RSSV_POSTOPT.csv
[CALLBACK] Generating reports cplex callbacks...
Default row names c1, c2 ... being created.
Version identifier: 22.1.1.0 | 2022-11-28 | 9160aff4d
CPXPARAM_TimeLimit                               638.51762836099999
CPXPARAM_MIP_Tolerances_LowerCutoff              1676802.531465211
Legacy callback                                  i
1 of 2 MIP starts provided solutions.
MIP start 'm1' defined initial solution with objective 1676959.8371.
Presolve has eliminated 16762002 rows and 16766423 columns...
Presolve has improved bounds 4421 times...
Tried aggregator 2 times.
MIP Presolve eliminated 16766423 rows and 19878007 columns.
MIP Presolve modified 31 coefficients.
Aggregator did 427 substitutions.
Reduced MIP has 4095 rows, 26548 columns, and 53136 nonzeros.
Reduced MIP has 26548 binaries, 0 generals, 0 SOSs, and 0 indicators.
Presolve time = 100.03 sec. (39243.21 ticks)
Tried aggregator 1 time.
Detecting symmetries...
Reduced MIP has 4095 rows, 26548 columns, and 53136 nonzeros.
Reduced MIP has 26548 binaries, 0 generals, 0 SOSs, and 0 indicators.
Presolve time = 0.11 sec. (34.89 ticks)
Probing time = 0.03 sec. (5.35 ticks)
Clique table members: 30989.
MIP emphasis: balance optimality and feasibility.
MIP search method: dynamic search.
Parallel mode: deterministic, using up to 32 threads.
Root relaxation solution time = 0.09 sec. (39.02 ticks)

        Nodes                                         Cuts/
   Node  Left     Objective  IInf  Best Integer    Best Bound    ItCnt     Gap

*     0+    0                      1676959.8371   190848.5325            88.62%
      0     0  1645877.1391    56  1676959.8371  1645877.1391      814    1.85%
Time: 336.166541099548340 seconds
MIP Gap: 0.018535147574797
Nodes: 0
Best Objective: 1645877.139061792753637
Incumbent Obj:  1676959.837119815871119
Time: 341.979078054428101 seconds
MIP Gap: 0.018535147574797
Nodes: 0
Best Objective: 1645877.139061792753637
Incumbent Obj:  1676959.837119815871119
      0     0  1661723.6185  2190  1676959.8371    Cuts: 1123     2034    0.91%
*     0+    0                      1674357.4274  1661723.6185             0.75%
Time: 347.323374032974243 seconds
MIP Gap: 0.007545467123709
Nodes: 0
Best Objective: 1661723.618482557125390
Incumbent Obj:  1674357.427404374117032
      0     0  1667771.9034  2902  1674357.4274    Cuts: 1123     3214    0.39%
*     0+    0                      1671687.1489  1667771.9034             0.23%
*     0+    0                      1670934.4984  1667771.9034             0.19%
Time: 354.181156158447266 seconds
MIP Gap: 0.001892710312735
Nodes: 0
Best Objective: 1667771.903406755533069
Incumbent Obj:  1670934.498363713733852
      0     0  1669698.0299  2171  1670934.4984    Cuts: 1123     4381    0.07%
*     0+    0                      1670908.7856  1669698.0299             0.07%
      0     0  -1.00000e+75     0  1670908.7856  1669698.0299     4381    0.07%
Time: 361.872345209121704 seconds
MIP Gap: 0.000724609123666
Nodes: 0
Best Objective: 1669698.029893102589995
Incumbent Obj:  1670908.785643993178383
      0     0  1669743.0401  1293  1670908.7856      Cuts: 94     4583    0.07%
*     0+    0                      1670257.8635  1669743.0401             0.03%
      0     0  1669747.2759  1587  1670257.8635      Cuts: 13     4675    0.03%
*     0+    0                      1669921.4803  1669747.2759             0.01%
Detecting symmetries...
*     0+    0                      1669909.3915  1669747.2759             0.01%
      0     0  -1.00000e+75     0  1669909.3915  1669747.2759     4675    0.01%

Clique cuts applied:  3118
Cover cuts applied:  31
Flow cuts applied:  6
Mixed integer rounding cuts applied:  72
Zero-half cuts applied:  3
Gomory fractional cuts applied:  12

Root node processing (before b&c):
  Real time             =  289.12 sec. (68982.58 ticks)
Parallel b&c, 32 threads:
  Real time             =    0.00 sec. (0.00 ticks)
  Sync time (average)   =    0.00 sec.
  Wait time (average)   =    0.00 sec.
                          ------------
Total (root+branch&cut) =  289.12 sec. (68982.58 ticks)
Post-Optimization Solution: 
p locations: 4196 4192 4161 4174 992 3389 988 968 279 748 1024 1023 1874 1037 2554 3251 1032 1067 3307 4043 
p size: 20
objective: 1669909.391470666974783
sum (dij * xij) 
demand/capacity: 224395.000000000000000/280500
Solution is Feasible
Comparing Best Bounds: 
Old Best Bound: 1669750.232734712306410
New Best Bound: 1669750.232734712306410
Time elapsed: 475.791601968999998s
Time remaining: 638.517628360999993s
 ------------------------------------ 

Iteration Post-Optimization: 3
Size of neighborhood: 1
[INFO] Adding MIP start solution
Gap Cplex Reports: gap_Bin_service_fnl4461_0020_p_20_RSSV_POSTOPT.csv
[CALLBACK] Generating reports cplex callbacks...
Default row names c1, c2 ... being created.
Version identifier: 22.1.1.0 | 2022-11-28 | 9160aff4d
CPXPARAM_TimeLimit                               162.72602639199999
CPXPARAM_MIP_Tolerances_LowerCutoff              1669750.2327347123
Legacy callback                                  i
1 of 2 MIP starts provided solutions.
MIP start 'm1' defined initial solution with objective 1669907.9898.
Presolve has eliminated 16762002 rows and 16766423 columns...
Presolve has improved bounds 4421 times...
Presolve time = 84.20 sec. (32273.50 ticks)

Root node processing (before b&c):
  Real time             =  211.70 sec. (54507.92 ticks)
Parallel b&c, 32 threads:
  Real time             =    0.00 sec. (0.00 ticks)
  Sync time (average)   =    0.00 sec.
  Wait time (average)   =    0.00 sec.
                          ------------
Total (root+branch&cut) =  211.70 sec. (54507.92 ticks)
Post-Optimization Solution: 
p locations: 4196 4192 4161 4174 992 3389 988 968 279 748 1024 1023 1874 1037 2554 3251 1032 1067 3307 4043 
p size: 20
objective: 1669907.989767217310145
sum (dij * xij) 
demand/capacity: 224395.000000000000000/280500
Solution is Feasible
Comparing Best Bounds: 
Old Best Bound: 0.000000000000000
New Best Bound: 0.000000000000000
Time elapsed: 376.149854975999972s
Time remaining: 162.726026391999994s



Finishing post-optimization
p locations: 4196 4192 4161 4174 992 3389 988 968 279 748 1024 1023 1874 1037 2554 3251 1032 1067 3307 4043 
p size: 20
objective: 1669907.989767217310145
sum (dij * xij) 
demand/capacity: 224395.000000000000000/280500
Solution is Feasible
Solution Stats
Statistics:
Max distance: 853.562534323057093
Min distance: 0.000000000000000
Avg distance: 374.334900194399779
Std deviation distance: 182.480033525397459


[INFO] Saving assignment: ./outputs/solutions/2024-08-26_LIT_seed_200/Assignments/test_lit_fnl4461_0020_p_20_RSSV_EXACT_CPMP_BIN_POSTOPT.txt
[INFO] Saving results: ./outputs/solutions/2024-08-26_LIT_seed_200/test_lit_fnl4461_0020_results_RSSV_EXACT_CPMP_BIN_POSTOPT.csv
[INFO] Saving all results: ./outputs/solutions/test_all_results.csv
Final total elapsed time (post opt): 3813s
Elapsed time: 3813829 ms

RSSV finished.
