Debug: configOverride contents: IsWeighted_ObjFunc add_break_callback add_generate_reports add_threshold_distance_rssv bw_multiplier capacities cover_mode coverages cust_max_id distance_matrix loc_max_id max_ite_subprob_rssv method method_post_opt method_rssv_fp method_rssv_sp output p seed service size_subproblems_rssv subarea threads time time_cplex time_subprob_rssv weights 
Loading instance...
Scanning input data...
Distance matrix dimensions: 4462 x 4462 = 19909444
Elapsed time: 0 ms

Loading weights...
Skipped line: customer weight coord_x coord_y
Loaded 4461 weights
Loaded 4461 coordinates
Total customer demand: 224395.00
Elapsed time: 13 ms

Loading capacities...
Skipped line: location capacity coord_x coord_y
Loaded 4461 capacities
Loaded 4461 coordinates
Elapsed time: 9 ms

Loading distance matrix...
Computing euclidian distances...
bw multiplier: 0.50
Loaded 19904982 distances
dists stdev: 954.33
bandwidth h: 17.53
locations: 4461
customers: 4461
p: 20
Elapsed time: 607 ms

[INFO] Instance loaded
loc_max_id: 4461
loc_cnt: 4461
service: fnl4461_0020
cust_max_id: 4461
cust_cnt: 4461
unweighted obj function
p: 20
total_demand: 224395.00


-------------------------------------------------


-------------------------------------------------
RSSV heuristic 
-------------------------------------------------
method subproblems: TB_PMP
method final problem: EXACT_CPMP_BIN
-------------------------------------------------
RSSV running...
cPMP size (N): 4461
sub-cPMP size (n): 1784
Subproblems cnt (M): 12
p: 20
Seed: 0
Time limit for subproblems: 600.00

thread cnt: 20

Thread 1 created with seed 1
Thread 2 created with seed 2
Solving sub-PMP 1/12...
Thread 3 created with seed 3
Thread 4 created with seed 4
Thread 5 created with seed 5
Thread 6 created with seed 6
Thread 7 created with seed 7
Thread 8 created with seed 8
Thread 9 created with seed 9
Thread 10 created with seed 10
Thread 11 created with seed 11
uncapacitated TB started
Thread 12 created with seed 12
Solving sub-PMP 2/12...
uncapacitated TB started
[INFO] Uncapacitated TB local search started
[INFO] Uncapacitated TB local search started
Solving sub-PMP 3/12...
uncapacitated TB started
Solving sub-PMP 5/12...
uncapacitated TB started
[INFO] Uncapacitated TB local search started
Solving sub-PMP 6/12...
Solving sub-PMP 8/12...
Solving sub-PMP 4/12...
Solving sub-PMP 7/12...
[INFO] Uncapacitated TB local search started
Solving sub-PMP 10/12...
Solving sub-PMP 9/12...
Solving sub-PMP 11/12...
Solving sub-PMP 12/12...
uncapacitated TB started
[INFO] Uncapacitated TB local search started
uncapacitated TB started
[INFO] Uncapacitated TB local search started
uncapacitated TB started
uncapacitated TB started
[INFO] Uncapacitated TB local search started
[INFO] Uncapacitated TB local search started
uncapacitated TB started
[INFO] Uncapacitated TB local search started
uncapacitated TB started
uncapacitated TB started
uncapacitated TB started
[INFO] Uncapacitated TB local search started
[INFO] Uncapacitated TB local search started
[INFO] Uncapacitated TB local search started
Num ite total uncapacited TB: 119
tb solution is feasible

[INFO] Time limit reached. Stopping the algorithm.
TB elapsed time: 600.00 seconds
Num ite total uncapacited TB: 98
tb solution is feasible

[INFO] Time limit reached. Stopping the algorithm.
TB elapsed time: 600.00 seconds
Num ite total uncapacited TB: 115
tb solution is feasible

[INFO] Time limit reached. Stopping the algorithm.
TB elapsed time: 600.00 seconds
Num ite total uncapacited TB: 110
tb solution is feasible

[INFO] Time limit reached. Stopping the algorithm.
TB elapsed time: 600.00 seconds
Num ite total uncapacited TB: 91
tb solution is feasible

[INFO] Time limit reached. Stopping the algorithm.
TB elapsed time: 600.00 seconds
Num ite total uncapacited TB: 121
tb solution is feasible

[INFO] Time limit reached. Stopping the algorithm.
TB elapsed time: 600.00 seconds
Num ite total uncapacited TB: 118
tb solution is feasible

[INFO] Time limit reached. Stopping the algorithm.
TB elapsed time: 600.00 seconds
Num ite total uncapacited TB: 120
tb solution is feasible

[INFO] Time limit reached. Stopping the algorithm.
TB elapsed time: 600.00 seconds
Num ite total uncapacited TB: 110
tb solution is feasible

[INFO] Time limit reached. Stopping the algorithm.
TB elapsed time: 600.00 seconds
Num ite total uncapacited TB: 105
tb solution is feasible

[INFO] Time limit reached. Stopping the algorithm.
TB elapsed time: 600.00 seconds
Num ite total uncapacited TB: 120
tb solution is feasible

[INFO] Time limit reached. Stopping the algorithm.
TB elapsed time: 600.00 seconds
Num ite total uncapacited TB: 102
tb solution is feasible
[INFO] All subproblems solved.

Elapsed time: 600065 ms


Stats: 
Max dist: 840.60
Min dist: 0.00
avg of Avg dists: 285.33
avg Std dev dist: 119.45

First 1784 voting weights (sorted): 787(3.00) 3552(3.00) 3359(3.00) 4248(2.17) 205(2.05) 237(2.00) 994(2.00) 4163(2.00) 1022(2.00) 1927(2.00) 3951(2.00) 3925(2.00) 4254(2.00) 945(2.00) 1298(2.00) 4138(2.00) 4267(1.34) 4256(1.23) 184(1.20) 201(1.20) 3028(1.18) 3128(1.18) 3157(1.18) 3047(1.18) 3550(1.17) 3535(1.17) 762(1.15) 223(1.11) 790(1.07) 729(1.07) 3844(1.05) 3841(1.05) 3387(1.05) 3331(1.05) 4341(1.04) 4359(1.04) 1178(1.03) 716(1.03) 1160(1.03) 703(1.03) 4332(1.03) 4328(1.03) 2440(1.00) 2765(1.00) 4056(1.00) 1208(1.00) 2461(1.00) 397(1.00) 114(1.00) 1530(1.00) 2468(1.00) 2469(1.00) 774(1.00) 2471(1.00) 4039(1.00) 1962(1.00) 2476(1.00) 3786(1.00) 2298(1.00) 2322(1.00) 3658(1.00) 2327(1.00) 2835(1.00) 2347(1.00) 1605(1.00) 734(1.00) 3687(1.00) 3689(1.00) 1283(1.00) 2741(1.00) 1260(1.00) 2433(1.00) 1254(1.00) 2391(1.00) 2406(1.00) 2408(1.00) 1232(1.00) 1548(1.00) 3339(1.00) 2419(1.00) 1225(1.00) 4284(1.00) 4281(1.00) 3019(1.00) 2782(1.00) 1574(1.00) 1109(1.00) 499(1.00) 2931(1.00) 2592(1.00) 2594(1.00) 2605(1.00) 2610(1.00) 1082(1.00) 3916(1.00) 2618(1.00) 2627(1.00) 1065(1.00) 2653(1.00) 129(1.00) 1043(1.00) 1032(1.00) 2679(1.00) 1947(1.00) 2690(1.00) 3981(1.00) 859(1.00) 2723(1.00) 238(1.00) 4011(1.00) 2730(1.00) 513(1.00) 4024(1.00) 1923(1.00) 3808(1.00) 245(1.00) 3635(1.00) 2754(1.00) 2979(1.00) 133(1.00) 2971(1.00) 2970(1.00) 791(1.00) 2517(1.00) 795(1.00) 3831(1.00) 2523(1.00) 1111(1.00) 2537(1.00) 2954(1.00) 2542(1.00) 668(1.00) 3858(1.00) 3862(1.00) 1126(1.00) 2564(1.00) 651(1.00) 1119(1.00) 166(1.00) 1113(1.00) 1112(1.00) 819(1.00) 4148(1.00) 178(1.00) 276(1.00) 1407(1.00) 2195(1.00) 1731(1.00) 1729(1.00) 3109(1.00) 1486(1.00) 3551(1.00) 1822(1.00) 2053(1.00) 3106(1.00) 3364(1.00) 3554(1.00) 186(1.00) 3558(1.00) 2057(1.00) 271(1.00) 2056(1.00) 3569(1.00) 3571(1.00) 3155(1.00) 2137(1.00) 934(1.00) 3479(1.00) 3468(1.00) 1767(1.00) 2107(1.00) 3461(1.00) 3365(1.00) 2149(1.00) 1426(1.00) 1820(1.00) 171(1.00) 3523(1.00) 3526(1.00) 2175(1.00) 1475(1.00) 3531(1.00) 2856(1.00) 306(1.00) 1480(1.00) 2181(1.00) 1417(1.00) 2261(1.00) 212(1.00) 920(1.00) 709(1.00) 882(1.00) 1676(1.00) 3078(1.00) 712(1.00) 2022(1.00) 210(1.00) 3618(1.00) 4065(1.00) 2286(1.00) 908(1.00) 1656(1.00) 3382(1.00) 2293(1.00) 2134(1.00) 1347(1.00) 1565(1.00) 1710(1.00) 4086(1.00) 2024(1.00) 895(1.00) 2226(1.00) 1845(1.00) 3407(1.00) 251(1.00) 4348(1.00) 197(1.00) 2247(1.00) 927(1.00) 2234(1.00) 1379(1.00) 1385(1.00) 208(0.72) 775(0.72) 3456(0.72) 2625(0.60) 1267(0.60) 2112(0.49) 1300(0.28) 3460(0.27) 4268(0.27) 239(0.27) 1263(0.27) 2567(0.27) 4063(0.27) 2437(0.27) 115(0.27) 4285(0.27) 2719(0.27) 3632(0.24) 3398(0.22) 2418(0.22) 871(0.21) 137(0.21) 200(0.21) 2241(0.21) 1744(0.21) 1186(0.21) 3701(0.20) 2493(0.20) 1129(0.18) 2996(0.18) 1146(0.18) 2034(0.18) 3603(0.18) 2881(0.18) 4114(0.18) 1784(0.18) 1620(0.18) 1812(0.18) 2753(0.18) 4298(0.18) 2030(0.18) 1577(0.18) 743(0.18) 1272(0.18) 3685(0.18) 293(0.18) 102(0.18) 1042(0.17) 3979(0.15) 4188(0.15) 914(0.15) 3899(0.15) 4283(0.13) 3567(0.12) 185(0.12) 182(0.10) 1037(0.09) 4144(0.08) 4259(0.08) 1693(0.07) 2190(0.07) 2661(0.07) 1045(0.07) 943(0.07) 1194(0.07) 2554(0.07) 2798(0.07) 2506(0.07) 535(0.07) 2715(0.07) 2507(0.07) 3605(0.07) 2511(0.07) 2967(0.07) 1856(0.07) 2060(0.07) 2638(0.07) 2622(0.07) 829(0.07) 4106(0.07) 1006(0.07) 969(0.07) 3494(0.06) 4082(0.06) 854(0.06) 3815(0.06) 1236(0.06) 3403(0.06) 1390(0.06) 1723(0.06) 884(0.06) 2446(0.06) 1165(0.05) 2000(0.05) 681(0.05) 1115(0.05) 2842(0.05) 1963(0.05) 165(0.05) 1123(0.05) 2302(0.05) 4028(0.05) 1228(0.05) 1173(0.05) 215(0.04) 2121(0.04) 1077(0.04) 3537(0.04) 629(0.04) 1382(0.04) 3074(0.04) 3016(0.04) 2439(0.04) 1525(0.04) 1056(0.04) 2265(0.04) 4118(0.04) 2738(0.04) 2456(0.04) 221(0.04) 1968(0.04) 2004(0.04) 2549(0.04) 935(0.04) 4027(0.04) 3416(0.04) 3791(0.04) 1100(0.04) 3388(0.04) 915(0.04) 206(0.04) 195(0.04) 2093(0.04) 3508(0.04) 2229(0.04) 2532(0.04) 4320(0.04) 3769(0.04) 983(0.04) 1446(0.04) 1335(0.04) 2463(0.04) 1919(0.04) 3311(0.04) 241(0.04) 971(0.03) 1423(0.03) 1424(0.03) 3431(0.03) 4367(0.03) 312(0.03) 2751(0.03) 3469(0.03) 146(0.03) 2652(0.03) 2697(0.03) 2998(0.03) 1613(0.03) 1431(0.03) 2245(0.03) 2174(0.03) 4058(0.03) 1148(0.03) 2674(0.03) 1209(0.03) 2272(0.03) 3539(0.03) 331(0.00) 1370(0.00) 1372(0.00) 1373(0.00) 1374(0.00) 1375(0.00) 1376(0.00) 1377(0.00) 330(0.00) 1378(0.00) 329(0.00) 1380(0.00) 1381(0.00) 328(0.00) 327(0.00) 1383(0.00) 325(0.00) 1371(0.00) 711(0.00) 1352(0.00) 1353(0.00) 1354(0.00) 710(0.00) 1355(0.00) 336(0.00) 1356(0.00) 335(0.00) 334(0.00) 1357(0.00) 1358(0.00) 326(0.00) 1360(0.00) 1361(0.00) 1362(0.00) 1363(0.00) 1364(0.00) 1365(0.00) 1366(0.00) 1367(0.00) 333(0.00) 332(0.00) 1368(0.00) 1369(0.00) 1359(0.00) 1401(0.00) 1402(0.00) 1403(0.00) 1404(0.00) 1405(0.00) 311(0.00) 1406(0.00) 310(0.00) 309(0.00) 1408(0.00) 308(0.00) 1409(0.00) 322(0.00) 307(0.00) 1411(0.00) 305(0.00) 1412(0.00) 1413(0.00) 304(0.00) 303(0.00) 1414(0.00) 302(0.00) 1415(0.00) 1416(0.00) 301(0.00) 300(0.00) 1410(0.00) 1384(0.00) 324(0.00) 323(0.00) 1386(0.00) 1351(0.00) 1387(0.00) 321(0.00) 1388(0.00) 1389(0.00) 320(0.00) 1391(0.00) 1392(0.00) 313(0.00) 1394(0.00) 1395(0.00) 319(0.00) 318(0.00) 1396(0.00) 1397(0.00) 317(0.00) 1398(0.00) 316(0.00) 315(0.00) 314(0.00) 1399(0.00) 1400(0.00) 1393(0.00) 736(0.00) 1284(0.00) 735(0.00) 733(0.00) 732(0.00) 1285(0.00) 1286(0.00) 1287(0.00) 1288(0.00) 731(0.00) 1289(0.00) 1290(0.00) 1291(0.00) 1348(0.00) 1293(0.00) 1294(0.00) 1295(0.00) 1296(0.00) 1297(0.00) 730(0.00) 728(0.00) 1299(0.00) 727(0.00) 1301(0.00) 1302(0.00) 1303(0.00) 1304(0.00) 1292(0.00) 1257(0.00) 1258(0.00) 1259(0.00) 742(0.00) 1261(0.00) 1262(0.00) 741(0.00) 1264(0.00) 1265(0.00) 1266(0.00) 740(0.00) 1268(0.00) 1269(0.00) 737(0.00) 1271(0.00) 739(0.00) 738(0.00) 1273(0.00) 1274(0.00) 1275(0.00) 1276(0.00) 1277(0.00) 1278(0.00) 1279(0.00) 1280(0.00) 1281(0.00) 1282(0.00) 1270(0.00) 722(0.00) 721(0.00) 1331(0.00) 1332(0.00) 720(0.00) 719(0.00) 718(0.00) 1333(0.00) 1334(0.00) 717(0.00) 1336(0.00) 1337(0.00) 715(0.00) 1305(0.00) 1339(0.00) 1340(0.00) 1341(0.00) 1342(0.00) 1343(0.00) 1344(0.00) 714(0.00) 1345(0.00) 1346(0.00) 713(0.00) 1418(0.00) 1349(0.00) 1350(0.00) 1338(0.00) 726(0.00) 1306(0.00) 1307(0.00) 1308(0.00) 725(0.00) 724(0.00) 1309(0.00) 1310(0.00) 1311(0.00) 1312(0.00) 1313(0.00) 1314(0.00) 1315(0.00) 1330(0.00) 1317(0.00) 1318(0.00) 1319(0.00) 1320(0.00) 1321(0.00) 1322(0.00) 1323(0.00) 1324(0.00) 1325(0.00) 1326(0.00) 1327(0.00) 723(0.00) 1328(0.00) 1329(0.00) 1316(0.00) 3245(0.00) 3246(0.00) 258(0.00) 257(0.00) 3247(0.00) 3248(0.00) 3249(0.00) 3250(0.00) 256(0.00) 3251(0.00) 3252(0.00) 3253(0.00) 3254(0.00) 744(0.00) 3256(0.00) 3257(0.00) 3258(0.00) 255(0.00) 3259(0.00) 3260(0.00) 3261(0.00) 254(0.00) 3262(0.00) 3263(0.00) 3264(0.00) 3265(0.00) 3266(0.00) 3255(0.00) 3225(0.00) 3226(0.00) 3227(0.00) 3228(0.00) 3229(0.00) 3230(0.00) 3231(0.00) 266(0.00) 3232(0.00) 3233(0.00) 3234(0.00) 265(0.00) 264(0.00) 259(0.00) 3236(0.00) 263(0.00) 3237(0.00) 262(0.00) 3238(0.00) 261(0.00) 3239(0.00) 3240(0.00) 3241(0.00) 3242(0.00) 3243(0.00) 260(0.00) 3244(0.00) 3235(0.00) 3291(0.00) 3292(0.00) 247(0.00) 246(0.00) 3293(0.00) 3294(0.00) 3295(0.00) 3296(0.00) 244(0.00) 243(0.00) 3297(0.00) 3298(0.00) 3299(0.00) 253(0.00) 3300(0.00) 3301(0.00) 3302(0.00) 240(0.00) 3303(0.00) 3304(0.00) 3305(0.00) 3306(0.00) 3307(0.00) 3308(0.00) 3309(0.00) 3310(0.00) 3312(0.00) 242(0.00) 252(0.00) 3267(0.00) 3268(0.00) 3269(0.00) 3270(0.00) 250(0.00) 3271(0.00) 3272(0.00) 3273(0.00) 3274(0.00) 3275(0.00) 3276(0.00) 3277(0.00) 3290(0.00) 3279(0.00) 3280(0.00) 3281(0.00) 3282(0.00) 3283(0.00) 3284(0.00) 3285(0.00) 3286(0.00) 3287(0.00) 3288(0.00) 3289(0.00) 249(0.00) 248(0.00) 3278(0.00) 1445(0.00) 292(0.00) 291(0.00) 1447(0.00) 1448(0.00) 1449(0.00) 1450(0.00) 1451(0.00) 290(0.00) 1452(0.00) 1453(0.00) 1454(0.00) 1455(0.00) 267(0.00) 288(0.00) 1456(0.00) 1457(0.00) 1458(0.00) 1459(0.00) 1460(0.00) 1461(0.00) 1462(0.00) 1463(0.00) 287(0.00) 1464(0.00) 286(0.00) 1465(0.00) 289(0.00) 1419(0.00) 1420(0.00) 1421(0.00) 1422(0.00) 1425(0.00) 299(0.00) 1427(0.00) 1428(0.00) 1429(0.00) 1430(0.00) 298(0.00) 1432(0.00) 1433(0.00) 1444(0.00) 297(0.00) 1435(0.00) 296(0.00) 1436(0.00) 1437(0.00) 1438(0.00) 1439(0.00) 1440(0.00) 1441(0.00) 1442(0.00) 295(0.00) 1443(0.00) 294(0.00) 1434(0.00) 1487(0.00) 1488(0.00) 1489(0.00) 1490(0.00) 1491(0.00) 1492(0.00) 3209(0.00) 3210(0.00) 3211(0.00) 3212(0.00) 3213(0.00) 3214(0.00) 3215(0.00) 285(0.00) 3217(0.00) 3218(0.00) 3219(0.00) 273(0.00) 3220(0.00) 3221(0.00) 272(0.00) 270(0.00) 3222(0.00) 3223(0.00) 269(0.00) 3224(0.00) 268(0.00) 3216(0.00) 1466(0.00) 1467(0.00) 1468(0.00) 1469(0.00) 1470(0.00) 284(0.00) 283(0.00) 1471(0.00) 1472(0.00) 1473(0.00) 282(0.00) 1474(0.00) 281(0.00) 274(0.00) 1476(0.00) 1477(0.00) 1478(0.00) 279(0.00) 1479(0.00) 278(0.00) 1481(0.00) 1482(0.00) 1483(0.00) 1484(0.00) 1485(0.00) 277(0.00) 275(0.00) 280(0.00) 1014(0.00) 1015(0.00) 1016(0.00) 1017(0.00) 1018(0.00) 1019(0.00) 853(0.00) 1020(0.00) 852(0.00) 851(0.00) 1021(0.00) 850(0.00) 1023(0.00) 1253(0.00) 1025(0.00) 1026(0.00) 1027(0.00) 1028(0.00) 1029(0.00) 1030(0.00) 849(0.00) 1031(0.00) 848(0.00) 1033(0.00) 1034(0.00) 1035(0.00) 1036(0.00) 1024(0.00) 991(0.00) 862(0.00) 992(0.00) 993(0.00) 861(0.00) 860(0.00) 995(0.00) 996(0.00) 997(0.00) 858(0.00) 998(0.00) 999(0.00) 1000(0.00) 1013(0.00) 1001(0.00) 1002(0.00) 1003(0.00) 1004(0.00) 1005(0.00) 856(0.00) 1007(0.00) 1008(0.00) 1009(0.00) 1010(0.00) 855(0.00) 1011(0.00) 1012(0.00) 857(0.00) 1063(0.00) 1064(0.00) 839(0.00) 838(0.00) 1066(0.00) 1067(0.00) 1068(0.00) 1069(0.00) 1070(0.00) 1071(0.00) 1072(0.00) 837(0.00) 1073(0.00) 847(0.00) 836(0.00) 1075(0.00) 835(0.00) 1076(0.00) 834(0.00) 833(0.00) 1078(0.00) 1079(0.00) 1080(0.00) 832(0.00) 831(0.00) 1081(0.00) 830(0.00) 1074(0.00) 1038(0.00) 1039(0.00) 1040(0.00) 1041(0.00) 846(0.00) 845(0.00) 1044(0.00) 844(0.00) 1046(0.00) 843(0.00) 1047(0.00) 842(0.00) 1048(0.00) 1062(0.00) 1050(0.00) 1051(0.00) 1052(0.00) 841(0.00) 1053(0.00) 1054(0.00) 1055(0.00) 840(0.00) 1057(0.00) 1058(0.00) 1059(0.00) 1060(0.00) 1061(0.00) 1049(0.00) 925(0.00) 926(0.00) 891(0.00) 928(0.00) 890(0.00) 929(0.00) 930(0.00) 931(0.00) 889(0.00) 932(0.00) 933(0.00) 888(0.00) 887(0.00) 990(0.00) 937(0.00) 938(0.00) 939(0.00) 886(0.00) 940(0.00) 941(0.00) 942(0.00) 885(0.00) 944(0.00) 883(0.00) 946(0.00) 947(0.00) 881(0.00) 936(0.00) 901(0.00) 900(0.00) 902(0.00) 899(0.00) 903(0.00) 904(0.00) 905(0.00) 906(0.00) 898(0.00) 907(0.00) 897(0.00) 909(0.00) 896(0.00) 924(0.00) 911(0.00) 912(0.00) 913(0.00) 894(0.00) 893(0.00) 916(0.00) 917(0.00) 918(0.00) 919(0.00) 892(0.00) 921(0.00) 922(0.00) 923(0.00) 910(0.00) 973(0.00) 974(0.00) 975(0.00) 874(0.00) 873(0.00) 976(0.00) 872(0.00) 977(0.00) 978(0.00) 870(0.00) 869(0.00) 979(0.00) 980(0.00) 948(0.00) 981(0.00) 867(0.00) 982(0.00) 866(0.00) 865(0.00) 984(0.00) 985(0.00) 986(0.00) 987(0.00) 988(0.00) 989(0.00) 864(0.00) 863(0.00) 868(0.00) 880(0.00) 949(0.00) 950(0.00) 951(0.00) 952(0.00) 879(0.00) 953(0.00) 878(0.00) 954(0.00) 955(0.00) 956(0.00) 957(0.00) 958(0.00) 972(0.00) 960(0.00) 961(0.00) 962(0.00) 963(0.00) 964(0.00) 965(0.00) 966(0.00) 877(0.00) 967(0.00) 968(0.00) 876(0.00) 875(0.00) 970(0.00) 959(0.00) 776(0.00) 773(0.00) 772(0.00) 1195(0.00) 771(0.00) 1196(0.00) 1197(0.00) 770(0.00) 1198(0.00) 769(0.00) 1199(0.00) 1200(0.00) 1201(0.00) 1083(0.00) 768(0.00) 1203(0.00) 1204(0.00) 1205(0.00) 1206(0.00) 1207(0.00) 767(0.00) 1210(0.00) 766(0.00) 765(0.00) 764(0.00) 1211(0.00) 1212(0.00) 1202(0.00) 1171(0.00) 1172(0.00) 784(0.00) 783(0.00) 1174(0.00) 1175(0.00) 782(0.00) 781(0.00) 1176(0.00) 1177(0.00) 780(0.00) 1179(0.00) 1180(0.00) 1193(0.00) 1182(0.00) 1183(0.00) 1184(0.00) 1185(0.00) 779(0.00) 1187(0.00) 1188(0.00) 1189(0.00) 1190(0.00) 778(0.00) 1191(0.00) 777(0.00) 1192(0.00) 1181(0.00) 1234(0.00) 1235(0.00) 751(0.00) 1237(0.00) 1238(0.00) 750(0.00) 1239(0.00) 749(0.00) 1240(0.00) 1241(0.00) 1242(0.00) 1243(0.00) 1244(0.00) 1213(0.00) 1246(0.00) 1247(0.00) 748(0.00) 1248(0.00) 1249(0.00) 1250(0.00) 1251(0.00) 1252(0.00) 747(0.00) 746(0.00) 1255(0.00) 745(0.00) 1256(0.00) 1245(0.00) 1214(0.00) 763(0.00) 761(0.00) 760(0.00) 759(0.00) 1215(0.00) 1216(0.00) 1217(0.00) 758(0.00) 1218(0.00) 1219(0.00) 1220(0.00) 1221(0.00) 1233(0.00) 1223(0.00) 1224(0.00) 757(0.00) 1226(0.00) 1227(0.00) 756(0.00) 1229(0.00) 1230(0.00) 755(0.00) 754(0.00) 1231(0.00) 753(0.00) 752(0.00) 1222(0.00) 1106(0.00) 1107(0.00) 1108(0.00) 821(0.00) 1110(0.00) 820(0.00) 818(0.00) 817(0.00) 1114(0.00) 816(0.00) 1116(0.00) 1117(0.00) 1118(0.00) 785(0.00) 1120(0.00) 1121(0.00) 1122(0.00) 814(0.00) 813(0.00) 1124(0.00) 812(0.00) 811(0.00) 1125(0.00) 810(0.00) 1127(0.00) 1128(0.00) 809(0.00) 815(0.00) 1084(0.00) 1085(0.00) 1086(0.00) 828(0.00) 1087(0.00) 1088(0.00) 1089(0.00) 1090(0.00) 827(0.00) 1091(0.00) 1092(0.00) 1093(0.00) 1094(0.00) 1105(0.00) 1096(0.00) 826(0.00) 1097(0.00) 1098(0.00) 1099(0.00) 825(0.00) 824(0.00) 823(0.00) 1101(0.00) 1102(0.00) 1103(0.00) 822(0.00) 1104(0.00) 1095(0.00) 1150(0.00) 1151(0.00) 1152(0.00) 1153(0.00) 797(0.00) 1154(0.00) 1155(0.00) 796(0.00) 1156(0.00) 1157(0.00) 794(0.00) 1158(0.00) 1159(0.00) 1130(0.00) 1161(0.00) 1162(0.00) 792(0.00) 1163(0.00) 1164(0.00) 789(0.00) 788(0.00) 786(0.00) 1166(0.00) 1167(0.00) 1168(0.00) 1169(0.00) 1170(0.00) 793(0.00) 808(0.00) 1131(0.00) 1132(0.00) 807(0.00) 1133(0.00) 806(0.00) 1134(0.00) 1135(0.00) 805(0.00) 1136(0.00) 1137(0.00) 1138(0.00) 1139(0.00) 1149(0.00) 804(0.00) 803(0.00) 1141(0.00) 1142(0.00) 1143(0.00) 1144(0.00) 802(0.00) 1145(0.00) 801(0.00) 800(0.00) 1147(0.00) 799(0.00) 798(0.00) 1140(0.00) 4073(0.00) 4074(0.00) 4075(0.00) 4076(0.00) 4077(0.00) 4078(0.00) 4079(0.00) 4080(0.00) 4081(0.00) 4083(0.00) 4084(0.00) 4085(0.00) 4087(0.00) 4088(0.00) 4089(0.00) 3412(0.00) 4091(0.00) 4092(0.00) 4093(0.00) 4094(0.00) 4095(0.00) 4096(0.00) 4097(0.00) 4098(0.00) 4099(0.00) 4100(0.00) 4101(0.00) 4102(0.00) 4103(0.00) 4104(0.00) 4105(0.00) 4090(0.00) 4035(0.00) 4036(0.00) 4037(0.00) 4038(0.00) 4040(0.00) 4041(0.00) 4042(0.00) 4043(0.00) 4044(0.00) 4045(0.00) 4046(0.00) 4047(0.00) 4048(0.00) 4049(0.00) 4050(0.00) 4072(0.00) 4071(0.00) 4070(0.00) 4069(0.00) 4068(0.00) 4067(0.00) 4066(0.00) 4064(0.00) 4051(0.00) 4061(0.00) 4060(0.00) 4059(0.00) 4057(0.00) 4055(0.00) 4054(0.00) 4053(0.00) 4052(0.00) 4062(0.00) 4145(0.00) 4146(0.00) 4147(0.00) 4149(0.00) 4150(0.00) 4151(0.00) 4152(0.00) 4153(0.00) 4154(0.00) 4155(0.00) 4156(0.00) 4157(0.00) 4158(0.00) 4159(0.00) 4160(0.00) 4107(0.00) 4178(0.00) 4177(0.00) 4176(0.00) 4175(0.00) 4174(0.00) 4173(0.00) 4172(0.00) 4161(0.00) 4170(0.00) 4169(0.00) 4168(0.00) 4167(0.00) 4166(0.00) 4165(0.00) 4164(0.00) 4162(0.00) 4171(0.00) 4108(0.00) 4109(0.00) 4110(0.00) 4111(0.00) 4112(0.00) 4113(0.00) 4115(0.00) 4116(0.00) 4117(0.00) 4119(0.00) 4120(0.00) 4121(0.00) 4122(0.00) 4123(0.00) 4124(0.00) 4143(0.00) 4142(0.00) 4141(0.00) 4140(0.00) 4139(0.00) 4137(0.00) 4136(0.00) 4135(0.00) 4125(0.00) 4133(0.00) 4132(0.00) 4131(0.00) 4130(0.00) 4129(0.00) 4128(0.00) 4127(0.00) 4126(0.00) 4134(0.00) 3930(0.00) 3931(0.00) 3932(0.00) 3933(0.00) 3934(0.00) 3935(0.00) 3936(0.00) 3937(0.00) 3938(0.00) 3939(0.00) 3940(0.00) 3941(0.00) 3942(0.00) 3943(0.00) 3944(0.00) 4034(0.00) 3946(0.00) 3947(0.00) 3948(0.00) 3949(0.00) 3950(0.00) 3952(0.00) 3953(0.00) 3954(0.00) 3955(0.00) 3956(0.00) 3957(0.00) 3958(0.00) 3959(0.00) 3960(0.00) 3961(0.00) 3945(0.00) 3894(0.00) 3895(0.00) 3896(0.00) 3897(0.00) 3898(0.00) 3900(0.00) 3901(0.00) 3902(0.00) 3903(0.00) 3904(0.00) 3905(0.00) 3906(0.00) 3907(0.00) 3908(0.00) 3909(0.00) 3929(0.00) 3928(0.00) 3927(0.00) 3926(0.00) 3924(0.00) 3923(0.00) 3922(0.00) 3921(0.00) 3910(0.00) 3919(0.00) 3918(0.00) 3917(0.00) 3915(0.00) 3914(0.00) 3913(0.00) 3912(0.00) 3911(0.00) 3920(0.00) 3998(0.00) 3999(0.00) 4000(0.00) 4001(0.00) 4002(0.00) 4003(0.00) 4004(0.00) 4005(0.00) 4006(0.00) 4007(0.00) 4008(0.00) 4009(0.00) 4010(0.00) 4012(0.00) 4013(0.00) 3962(0.00) 4033(0.00) 4032(0.00) 4031(0.00) 4030(0.00) 4029(0.00) 4026(0.00) 4025(0.00) 4014(0.00) 4022(0.00) 4021(0.00) 4020(0.00) 4019(0.00) 4018(0.00) 4017(0.00) 4016(0.00) 4015(0.00) 4023(0.00) 3963(0.00) 3964(0.00) 3965(0.00) 3966(0.00) 3967(0.00) 3968(0.00) 3969(0.00) 3970(0.00) 3971(0.00) 3972(0.00) 3973(0.00) 3974(0.00) 3975(0.00) 3976(0.00) 3977(0.00) 3997(0.00) 3996(0.00) 3995(0.00) 3994(0.00) 3993(0.00) 3992(0.00) 3991(0.00) 3990(0.00) 3978(0.00) 3988(0.00) 3987(0.00) 3986(0.00) 3985(0.00) 3984(0.00) 3983(0.00) 3982(0.00) 3980(0.00) 3989(0.00) 4363(0.00) 4364(0.00) 4365(0.00) 4366(0.00) 4368(0.00) 4369(0.00) 4370(0.00) 4371(0.00) 4372(0.00) 4373(0.00) 4374(0.00) 4375(0.00) 4376(0.00) 4377(0.00) 4378(0.00) 4179(0.00) 4380(0.00) 4381(0.00) 4382(0.00) 4383(0.00) 4384(0.00) 4385(0.00) 4386(0.00) 4387(0.00) 4388(0.00) 4389(0.00) 4390(0.00) 4391(0.00) 4392(0.00) 4393(0.00) 4394(0.00) 4379(0.00) 4325(0.00) 4326(0.00) 4327(0.00) 4329(0.00) 4330(0.00) 4331(0.00) 4333(0.00) 4334(0.00) 4335(0.00) 4336(0.00) 4337(0.00) 4338(0.00) 4339(0.00) 4340(0.00) 4342(0.00) 4362(0.00) 4361(0.00) 4360(0.00) 4358(0.00) 4357(0.00) 4356(0.00) 4355(0.00) 4354(0.00) 4343(0.00) 4352(0.00) 4351(0.00) 4350(0.00) 4349(0.00) 4347(0.00) 4346(0.00) 4345(0.00) 4344(0.00) 4353(0.00) 4429(0.00) 4430(0.00) 4431(0.00) 4432(0.00) 4433(0.00) 4434(0.00) 4435(0.00) 4436(0.00) 4437(0.00) 4438(0.00) 4439(0.00) 4440(0.00) 4441(0.00) 4442(0.00) 4443(0.00) 4395(0.00) 4460(0.00) 4459(0.00) 4458(0.00) 4457(0.00) 4456(0.00) 4455(0.00) 4454(0.00) 4444(0.00) 4452(0.00) 4451(0.00) 4450(0.00) 4449(0.00) 4448(0.00) 4447(0.00) 4446(0.00) 4445(0.00) 4453(0.00) 4396(0.00) 4397(0.00) 4398(0.00) 4399(0.00) 4400(0.00) 4401(0.00) 4402(0.00) 4403(0.00) 4404(0.00) 4405(0.00) 4406(0.00) 4407(0.00) 4408(0.00) 4409(0.00) 4410(0.00) 4428(0.00) 4427(0.00) 4426(0.00) 4425(0.00) 4424(0.00) 4423(0.00) 4422(0.00) 4421(0.00) 4411(0.00) 4419(0.00) 4418(0.00) 4417(0.00) 4416(0.00) 4415(0.00) 4414(0.00) 4413(0.00) 4412(0.00) 4420(0.00) 4214(0.00) 4215(0.00) 4216(0.00) 4217(0.00) 4218(0.00) 4219(0.00) 4220(0.00) 4221(0.00) 4222(0.00) 4223(0.00) 4224(0.00) 4225(0.00) 4226(0.00) 4227(0.00) 4228(0.00) 4324(0.00) 4245(0.00) 4244(0.00) 4243(0.00) 4242(0.00) 4241(0.00) 4240(0.00) 4239(0.00) 4229(0.00) 4237(0.00) 4236(0.00) 4235(0.00) 4234(0.00) 4233(0.00) 4232(0.00) 4231(0.00) 4230(0.00) 4238(0.00) 4180(0.00) 4181(0.00) 4182(0.00) 4183(0.00) 4184(0.00) 4185(0.00) 4186(0.00) 4187(0.00) 4189(0.00) 4190(0.00) 4191(0.00) 4192(0.00) 4193(0.00) 4194(0.00) 4195(0.00) 4213(0.00) 4212(0.00) 4211(0.00) 4210(0.00) 4209(0.00) 4208(0.00) 4207(0.00) 4206(0.00) 4196(0.00) 4204(0.00) 4203(0.00) 4202(0.00) 4201(0.00) 4200(0.00) 4199(0.00) 4198(0.00) 4197(0.00) 4205(0.00) 4290(0.00) 4291(0.00) 4292(0.00) 4293(0.00) 4294(0.00) 4295(0.00) 4296(0.00) 4297(0.00) 4299(0.00) 4300(0.00) 4301(0.00) 4302(0.00) 4303(0.00) 4304(0.00) 4305(0.00) 4246(0.00) 4323(0.00) 4322(0.00) 4321(0.00) 4319(0.00) 4318(0.00) 4317(0.00) 4316(0.00) 4306(0.00) 4314(0.00) 4313(0.00) 4312(0.00) 4311(0.00) 4310(0.00) 4309(0.00) 4308(0.00) 4307(0.00) 4315(0.00) 4247(0.00) 4249(0.00) 4250(0.00) 4251(0.00) 4252(0.00) 4253(0.00) 4255(0.00) 4257(0.00) 4258(0.00) 4260(0.00) 4261(0.00) 4262(0.00) 4263(0.00) 4264(0.00) 4265(0.00) 4289(0.00) 4288(0.00) 4287(0.00) 4286(0.00) 4282(0.00) 


Filtered 1784 locations: 787 3552 3359 4248 205 237 994 4163 1022 1927 3951 3925 4254 945 1298 4138 4267 4256 184 201 3028 3128 3157 3047 3550 3535 762 223 790 729 3844 3841 3387 3331 4341 4359 1178 716 1160 703 4332 4328 2440 2765 4056 1208 2461 397 114 1530 2468 2469 774 2471 4039 1962 2476 3786 2298 2322 3658 2327 2835 2347 1605 734 3687 3689 1283 2741 1260 2433 1254 2391 2406 2408 1232 1548 3339 2419 1225 4284 4281 3019 2782 1574 1109 499 2931 2592 2594 2605 2610 1082 3916 2618 2627 1065 2653 129 1043 1032 2679 1947 2690 3981 859 2723 238 4011 2730 513 4024 1923 3808 245 3635 2754 2979 133 2971 2970 791 2517 795 3831 2523 1111 2537 2954 2542 668 3858 3862 1126 2564 651 1119 166 1113 1112 819 4148 178 276 1407 2195 1731 1729 3109 1486 3551 1822 2053 3106 3364 3554 186 3558 2057 271 2056 3569 3571 3155 2137 934 3479 3468 1767 2107 3461 3365 2149 1426 1820 171 3523 3526 2175 1475 3531 2856 306 1480 2181 1417 2261 212 920 709 882 1676 3078 712 2022 210 3618 4065 2286 908 1656 3382 2293 2134 1347 1565 1710 4086 2024 895 2226 1845 3407 251 4348 197 2247 927 2234 1379 1385 208 775 3456 2625 1267 2112 1300 3460 4268 239 1263 2567 4063 2437 115 4285 2719 3632 3398 2418 871 137 200 2241 1744 1186 3701 2493 1129 2996 1146 2034 3603 2881 4114 1784 1620 1812 2753 4298 2030 1577 743 1272 3685 293 102 1042 3979 4188 914 3899 4283 3567 185 182 1037 4144 4259 1693 2190 2661 1045 943 1194 2554 2798 2506 535 2715 2507 3605 2511 2967 1856 2060 2638 2622 829 4106 1006 969 3494 4082 854 3815 1236 3403 1390 1723 884 2446 1165 2000 681 1115 2842 1963 165 1123 2302 4028 1228 1173 215 2121 1077 3537 629 1382 3074 3016 2439 1525 1056 2265 4118 2738 2456 221 1968 2004 2549 935 4027 3416 3791 1100 3388 915 206 195 2093 3508 2229 2532 4320 3769 983 1446 1335 2463 1919 3311 241 971 1423 1424 3431 4367 312 2751 3469 146 2652 2697 2998 1613 1431 2245 2174 4058 1148 2674 1209 2272 3539 331 1370 1372 1373 1374 1375 1376 1377 330 1378 329 1380 1381 328 327 1383 325 1371 711 1352 1353 1354 710 1355 336 1356 335 334 1357 1358 326 1360 1361 1362 1363 1364 1365 1366 1367 333 332 1368 1369 1359 1401 1402 1403 1404 1405 311 1406 310 309 1408 308 1409 322 307 1411 305 1412 1413 304 303 1414 302 1415 1416 301 300 1410 1384 324 323 1386 1351 1387 321 1388 1389 320 1391 1392 313 1394 1395 319 318 1396 1397 317 1398 316 315 314 1399 1400 1393 736 1284 735 733 732 1285 1286 1287 1288 731 1289 1290 1291 1348 1293 1294 1295 1296 1297 730 728 1299 727 1301 1302 1303 1304 1292 1257 1258 1259 742 1261 1262 741 1264 1265 1266 740 1268 1269 737 1271 739 738 1273 1274 1275 1276 1277 1278 1279 1280 1281 1282 1270 722 721 1331 1332 720 719 718 1333 1334 717 1336 1337 715 1305 1339 1340 1341 1342 1343 1344 714 1345 1346 713 1418 1349 1350 1338 726 1306 1307 1308 725 724 1309 1310 1311 1312 1313 1314 1315 1330 1317 1318 1319 1320 1321 1322 1323 1324 1325 1326 1327 723 1328 1329 1316 3245 3246 258 257 3247 3248 3249 3250 256 3251 3252 3253 3254 744 3256 3257 3258 255 3259 3260 3261 254 3262 3263 3264 3265 3266 3255 3225 3226 3227 3228 3229 3230 3231 266 3232 3233 3234 265 264 259 3236 263 3237 262 3238 261 3239 3240 3241 3242 3243 260 3244 3235 3291 3292 247 246 3293 3294 3295 3296 244 243 3297 3298 3299 253 3300 3301 3302 240 3303 3304 3305 3306 3307 3308 3309 3310 3312 242 252 3267 3268 3269 3270 250 3271 3272 3273 3274 3275 3276 3277 3290 3279 3280 3281 3282 3283 3284 3285 3286 3287 3288 3289 249 248 3278 1445 292 291 1447 1448 1449 1450 1451 290 1452 1453 1454 1455 267 288 1456 1457 1458 1459 1460 1461 1462 1463 287 1464 286 1465 289 1419 1420 1421 1422 1425 299 1427 1428 1429 1430 298 1432 1433 1444 297 1435 296 1436 1437 1438 1439 1440 1441 1442 295 1443 294 1434 1487 1488 1489 1490 1491 1492 3209 3210 3211 3212 3213 3214 3215 285 3217 3218 3219 273 3220 3221 272 270 3222 3223 269 3224 268 3216 1466 1467 1468 1469 1470 284 283 1471 1472 1473 282 1474 281 274 1476 1477 1478 279 1479 278 1481 1482 1483 1484 1485 277 275 280 1014 1015 1016 1017 1018 1019 853 1020 852 851 1021 850 1023 1253 1025 1026 1027 1028 1029 1030 849 1031 848 1033 1034 1035 1036 1024 991 862 992 993 861 860 995 996 997 858 998 999 1000 1013 1001 1002 1003 1004 1005 856 1007 1008 1009 1010 855 1011 1012 857 1063 1064 839 838 1066 1067 1068 1069 1070 1071 1072 837 1073 847 836 1075 835 1076 834 833 1078 1079 1080 832 831 1081 830 1074 1038 1039 1040 1041 846 845 1044 844 1046 843 1047 842 1048 1062 1050 1051 1052 841 1053 1054 1055 840 1057 1058 1059 1060 1061 1049 925 926 891 928 890 929 930 931 889 932 933 888 887 990 937 938 939 886 940 941 942 885 944 883 946 947 881 936 901 900 902 899 903 904 905 906 898 907 897 909 896 924 911 912 913 894 893 916 917 918 919 892 921 922 923 910 973 974 975 874 873 976 872 977 978 870 869 979 980 948 981 867 982 866 865 984 985 986 987 988 989 864 863 868 880 949 950 951 952 879 953 878 954 955 956 957 958 972 960 961 962 963 964 965 966 877 967 968 876 875 970 959 776 773 772 1195 771 1196 1197 770 1198 769 1199 1200 1201 1083 768 1203 1204 1205 1206 1207 767 1210 766 765 764 1211 1212 1202 1171 1172 784 783 1174 1175 782 781 1176 1177 780 1179 1180 1193 1182 1183 1184 1185 779 1187 1188 1189 1190 778 1191 777 1192 1181 1234 1235 751 1237 1238 750 1239 749 1240 1241 1242 1243 1244 1213 1246 1247 748 1248 1249 1250 1251 1252 747 746 1255 745 1256 1245 1214 763 761 760 759 1215 1216 1217 758 1218 1219 1220 1221 1233 1223 1224 757 1226 1227 756 1229 1230 755 754 1231 753 752 1222 1106 1107 1108 821 1110 820 818 817 1114 816 1116 1117 1118 785 1120 1121 1122 814 813 1124 812 811 1125 810 1127 1128 809 815 1084 1085 1086 828 1087 1088 1089 1090 827 1091 1092 1093 1094 1105 1096 826 1097 1098 1099 825 824 823 1101 1102 1103 822 1104 1095 1150 1151 1152 1153 797 1154 1155 796 1156 1157 794 1158 1159 1130 1161 1162 792 1163 1164 789 788 786 1166 1167 1168 1169 1170 793 808 1131 1132 807 1133 806 1134 1135 805 1136 1137 1138 1139 1149 804 803 1141 1142 1143 1144 802 1145 801 800 1147 799 798 1140 4073 4074 4075 4076 4077 4078 4079 4080 4081 4083 4084 4085 4087 4088 4089 3412 4091 4092 4093 4094 4095 4096 4097 4098 4099 4100 4101 4102 4103 4104 4105 4090 4035 4036 4037 4038 4040 4041 4042 4043 4044 4045 4046 4047 4048 4049 4050 4072 4071 4070 4069 4068 4067 4066 4064 4051 4061 4060 4059 4057 4055 4054 4053 4052 4062 4145 4146 4147 4149 4150 4151 4152 4153 4154 4155 4156 4157 4158 4159 4160 4107 4178 4177 4176 4175 4174 4173 4172 4161 4170 4169 4168 4167 4166 4165 4164 4162 4171 4108 4109 4110 4111 4112 4113 4115 4116 4117 4119 4120 4121 4122 4123 4124 4143 4142 4141 4140 4139 4137 4136 4135 4125 4133 4132 4131 4130 4129 4128 4127 4126 4134 3930 3931 3932 3933 3934 3935 3936 3937 3938 3939 3940 3941 3942 3943 3944 4034 3946 3947 3948 3949 3950 3952 3953 3954 3955 3956 3957 3958 3959 3960 3961 3945 3894 3895 3896 3897 3898 3900 3901 3902 3903 3904 3905 3906 3907 3908 3909 3929 3928 3927 3926 3924 3923 3922 3921 3910 3919 3918 3917 3915 3914 3913 3912 3911 3920 3998 3999 4000 4001 4002 4003 4004 4005 4006 4007 4008 4009 4010 4012 4013 3962 4033 4032 4031 4030 4029 4026 4025 4014 4022 4021 4020 4019 4018 4017 4016 4015 4023 3963 3964 3965 3966 3967 3968 3969 3970 3971 3972 3973 3974 3975 3976 3977 3997 3996 3995 3994 3993 3992 3991 3990 3978 3988 3987 3986 3985 3984 3983 3982 3980 3989 4363 4364 4365 4366 4368 4369 4370 4371 4372 4373 4374 4375 4376 4377 4378 4179 4380 4381 4382 4383 4384 4385 4386 4387 4388 4389 4390 4391 4392 4393 4394 4379 4325 4326 4327 4329 4330 4331 4333 4334 4335 4336 4337 4338 4339 4340 4342 4362 4361 4360 4358 4357 4356 4355 4354 4343 4352 4351 4350 4349 4347 4346 4345 4344 4353 4429 4430 4431 4432 4433 4434 4435 4436 4437 4438 4439 4440 4441 4442 4443 4395 4460 4459 4458 4457 4456 4455 4454 4444 4452 4451 4450 4449 4448 4447 4446 4445 4453 4396 4397 4398 4399 4400 4401 4402 4403 4404 4405 4406 4407 4408 4409 4410 4428 4427 4426 4425 4424 4423 4422 4421 4411 4419 4418 4417 4416 4415 4414 4413 4412 4420 4214 4215 4216 4217 4218 4219 4220 4221 4222 4223 4224 4225 4226 4227 4228 4324 4245 4244 4243 4242 4241 4240 4239 4229 4237 4236 4235 4234 4233 4232 4231 4230 4238 4180 4181 4182 4183 4184 4185 4186 4187 4189 4190 4191 4192 4193 4194 4195 4213 4212 4211 4210 4209 4208 4207 4206 4196 4204 4203 4202 4201 4200 4199 4198 4197 4205 4290 4291 4292 4293 4294 4295 4296 4297 4299 4300 4301 4302 4303 4304 4305 4246 4323 4322 4321 4319 4318 4317 4316 4306 4314 4313 4312 4311 4310 4309 4308 4307 4315 4247 4249 4250 4251 4252 4253 4255 4257 4258 4260 4261 4262 4263 4264 4265 4289 4288 4287 4286 4282 

Extracted 0 prioritized locations: 

Final instance parameters:
loc_max_id: 4461
loc_cnt: 1784
service: fnl4461_0020
cust_max_id: 4461
cust_cnt: 4461
unweighted obj function
p: 20
total_demand: 224395.00
threshold_dist: 960.05



-------------------------------------------------
Final Problem RSSV heuristic
-------------------------------------------------
    RSSV_EXACT_CPMP_BIN
-------------------------------------------------
Gap Cplex Reports: gap_Bin_service_fnl4461_0020_p_20_RSSV_EXACT_CPMP_BIN.csv
[CALLBACK] Generating reports cplex callbacks...
[CALLBACK] Using BreakCallback...
Time Limit with not improving 1.00% (gap): 120.00 seconds
Time Limit with Gap less than 1%: 120.00 seconds
Default row names c1, c2 ... being created.
Version identifier: 22.1.1.0 | 2022-11-28 | 9160aff4d
CPXPARAM_TimeLimit                               1800
Legacy callback                                  i
Tried aggregator 1 time.
Presolve has eliminated 6485063 rows and 6485063 columns...
MIP Presolve eliminated 6485063 rows and 6485063 columns.
MIP Presolve modified 2 coefficients.
Reduced MIP has 6246 rows, 1475145 columns, and 2950290 nonzeros.
Reduced MIP has 1475145 binaries, 0 generals, 0 SOSs, and 0 indicators.
Presolve time = 52.47 sec. (16655.62 ticks)
Tried aggregator 1 time.
Detecting symmetries...
Reduced MIP has 6246 rows, 1475145 columns, and 2950290 nonzeros.
Reduced MIP has 1475145 binaries, 0 generals, 0 SOSs, and 0 indicators.
Presolve time = 11.70 sec. (3073.74 ticks)
Probing time = 6.59 sec. (308.00 ticks)
Clique table members: 1477822.
MIP emphasis: balance optimality and feasibility.
MIP search method: dynamic search.
Parallel mode: deterministic, using up to 32 threads.
Root relaxation solution time = 12.10 sec. (1415.38 ticks)

        Nodes                                         Cuts/
   Node  Left     Objective  IInf  Best Integer    Best Bound    ItCnt     Gap

      0     0   284401.2802  1780                 284401.2802     1796         
Time: 187.06 seconds
MIP Gap: 999999999999999926539781176481198923508803215199467887262646419780362305536.00
Nodes: 0
Best Objective: 284401.280222630768549
Incumbent Obj:  999999999999999926539781176481198923508803215199467887262646419780362305536.000000000000000
*     0+    0                      1781314.2427   284401.2802            84.03%
*     0+    0                      1778671.8457   284401.2802            84.01%
Time: 232.318835973739624 seconds
MIP Gap: 0.840104693332489
Nodes: 0
Best Objective: 284401.280222630768549
Incumbent Obj:  1778671.845659731887281
      0     0   365850.2813  3574  1778671.8457    Cuts: 1661     6032   79.43%
Time: 286.622536897659302 seconds
MIP Gap: 0.794312659623094
Nodes: 0
Best Objective: 365850.281337032560259
Incumbent Obj:  1778671.845659731887281
      0     0   415048.2479  5625  1778671.8457    Cuts: 1661    10672   76.67%
Time: 360.425092935562134 seconds
MIP Gap: 0.766652714006466
Nodes: 0
Best Objective: 415048.247857808193658
Incumbent Obj:  1778671.845659731887281
      0     0   453124.0719  7153  1778671.8457    Cuts: 1661    15302   74.52%
Time: 721.890721797943115 seconds
MIP Gap: 0.745245828792102
Nodes: 0
Best Objective: 453124.071891867788509
Incumbent Obj:  1778671.845659731887281
      0     0   485717.4643  8615  1778671.8457    Cuts: 1661    20162   72.69%
Time: 800.337740898132324 seconds
MIP Gap: 0.726921261201716
Nodes: 0
Best Objective: 485717.464348774810787
Incumbent Obj:  1778671.845659731887281
      0     0   511452.1204  9854  1778671.8457    Cuts: 1661    25266   71.25%
Detecting symmetries...
Time: 946.252225875854492 seconds
MIP Gap: 0.712452793562253
Nodes: 0
Best Objective: 511452.120388927054591
Incumbent Obj:  1778671.845659731887281
      0     0   534442.7117 11023  1778671.8457    Cuts: 1661    30692   69.95%
Time: 1099.242657899856567 seconds
MIP Gap: 0.699527086485122
Nodes: 0
Best Objective: 534442.711652264581062
Incumbent Obj:  1778671.845659731887281
      0     0   556021.5555 12531  1778671.8457    Cuts: 1661    36185   68.74%
Time: 1667.869688987731934 seconds
MIP Gap: 0.687395088172170
Nodes: 0
Best Objective: 556021.555483103962615
Incumbent Obj:  1778671.845659731887281
      0     0   576725.3204 13482  1778671.8457    Cuts: 1661    42092   67.58%

Clique cuts applied:  3622
Cover cuts applied:  2355
Mixed integer rounding cuts applied:  6118
Zero-half cuts applied:  13

Root node processing (before b&c):
  Real time             = 1801.77 sec. (352607.79 ticks)
Parallel b&c, 32 threads:
  Real time             =    0.00 sec. (0.00 ticks)
  Sync time (average)   =    0.00 sec.
  Wait time (average)   =    0.00 sec.
                          ------------
Total (root+branch&cut) = 1801.77 sec. (352607.79 ticks)
[INFO] Saving variables cplex:
./outputs/solutions/2024-08-28_LIT_seed_0_600sSubp/VarsValues_cplex/test_lit_fnl4461_0020_CPMP_Vars_Bin_p_20_RSSV_EXACT_CPMP_BIN.txt
[INFO] Saving results cplex: 
./outputs/solutions/2024-08-28_LIT_seed_0_600sSubp/Results_cplex/test_lit_fnl4461_0020_Bin_RSSV_EXACT_CPMP_BIN.csv

Final solution CPMP:
p locations: 4126 917 4349 3217 919 3808 799 1140 3286 3225 4007 920 801 4133 4130 798 2627 1147 924 4008 
p size: 20
objective: 1778671.845659729791805
sum (dij * xij) 
demand/capacity: 224395.000000000000000/280500
Solution is Feasible
Statistics:
Max distance: 953.260195329690646
Min distance: 0.000000000000000
Avg distance: 398.715948365776683
Std deviation distance: 212.284557890005090


Final total elapsed time: 2488s
[INFO] Saving assignment: ./outputs/solutions/2024-08-28_LIT_seed_0_600sSubp/Assignments/test_lit_fnl4461_0020_p_20_RSSV_EXACT_CPMP_BIN.txt
[INFO] Saving results: ./outputs/solutions/2024-08-28_LIT_seed_0_600sSubp/test_lit_fnl4461_0020_results_RSSV_EXACT_CPMP_BIN.csv
[INFO] Saving all results: ./outputs/solutions/test_all_results.csv
Post Optimization: EXACT_CPMP_BIN


-------------------------------------------------
Post Optimization
-------------------------------------------------
method: EXACT_CPMP_BIN
-------------------------------------------------
Time for post-optimization: 1112.000000000000000s
PostOptimization constructor for Solution_cap
p locations: 4126 917 4349 3217 919 3808 799 1140 3286 3225 4007 920 801 4133 4130 798 2627 1147 924 4008 
p size: 20
objective: 1778671.845659729791805
sum (dij * xij) 
demand/capacity: 224395.000000000000000/280500
Solution is Feasible
[INFO] Running post-optimization
Time limit: 1112.000000000000000
Max size of the neigh: 222
 ------------------------------------ 

Iteration Post-Optimization: 1
Size of neighborhood: 1
[INFO] Adding MIP start solution
Gap Cplex Reports: gap_Bin_service_fnl4461_0020_p_20_RSSV_POSTOPT.csv
[CALLBACK] Generating reports cplex callbacks...
Default row names c1, c2 ... being created.
Version identifier: 22.1.1.0 | 2022-11-28 | 9160aff4d
CPXPARAM_TimeLimit                               1112
CPXPARAM_MIP_Tolerances_LowerCutoff              576725.32040238264
Legacy callback                                  i
srun: Job step aborted: Waiting up to 32 seconds for job step to finish.
slurmstepd: error: *** STEP 902553.0 ON gaia CANCELLED AT 2024-08-28T11:38:14 ***
slurmstepd: error: *** JOB 902553 ON gaia CANCELLED AT 2024-08-28T11:38:14 ***
