Debug: configOverride contents: IsWeighted_ObjFunc add_break_callback add_generate_reports add_threshold_distance_rssv bw_multiplier capacities cover_mode coverages cust_max_id distance_matrix loc_max_id max_ite_subprob_rssv method method_post_opt method_rssv_fp method_rssv_sp output p seed service size_subproblems_rssv subarea threads time time_cplex time_subprob_rssv weights 
Loading instance...
Scanning input data...
Distance matrix dimensions: 3039 x 3039 = 9235521
Elapsed time: 0 ms

Loading weights...
Skipped line: customer weight coord_x coord_y
Loaded 3038 weights
Loaded 3038 coordinates
Total customer demand: 153240.00
Elapsed time: 10 ms

Loading capacities...
Skipped line: location capacity coord_x coord_y
Loaded 3038 capacities
Loaded 3038 coordinates
Elapsed time: 5 ms

Loading distance matrix...
Computing euclidian distances...
bw multiplier: 0.50
Loaded 9232482 distances
dists stdev: 862.93
bandwidth h: 18.49
locations: 3038
customers: 3038
p: 1000
Elapsed time: 301 ms

[INFO] Instance loaded
loc_max_id: 3038
loc_cnt: 3038
service: p3038_1000
cust_max_id: 3038
cust_cnt: 3038
unweighted obj function
p: 1000
total_demand: 153240.00


-------------------------------------------------


-------------------------------------------------
RSSV heuristic 
-------------------------------------------------
method subproblems: TB_PMP
method final problem: EXACT_CPMP_BIN
-------------------------------------------------
RSSV running...
cPMP size (N): 3038
sub-cPMP size (n): 1500
Subproblems cnt (M): 10
p: 1000
Seed: 500
Time limit for subproblems: 300.00

thread cnt: 20

Thread 1 created with seed 501
Thread 2 created with seed 502
Solving sub-PMP 1/10...
Thread 3 created with seed 503
Solving sub-PMP 2/10...
Thread 4 created with seed 504
Solving sub-PMP 3/10...
Thread 5 created with seed 505
Solving sub-PMP 4/10...
Thread 6 created with seed 506
Solving sub-PMP 5/10...
Thread 7 created with seed 507
uncapacitated TB started
uncapacitated TB started
Solving sub-PMP 6/10...
uncapacitated TB started
Thread 8 created with seed 508
Solving sub-PMP 7/10...
Thread 9 created with seed 509
Solving sub-PMP 8/10...
Thread 10 created with seed 510
uncapacitated TB started
Solving sub-PMP 9/10...
uncapacitated TB started
Solving sub-PMP 10/10...
uncapacitated TB started
uncapacitated TB started
uncapacitated TB started
uncapacitated TB started
uncapacitated TB started
[INFO] Uncapacitated TB local search started
[INFO] Uncapacitated TB local search started
[INFO] Uncapacitated TB local search started
[INFO] Uncapacitated TB local search started
[INFO] Uncapacitated TB local search started
[INFO] Uncapacitated TB local search started
[INFO] Uncapacitated TB local search started
[INFO] Uncapacitated TB local search started
[INFO] Uncapacitated TB local search started
[INFO] Uncapacitated TB local search started

[INFO] Time limit reached. Stopping the algorithm.
TB elapsed time: 300.01 seconds
Num ite total uncapacited TB: 4
tb solution is feasible

[INFO] Time limit reached. Stopping the algorithm.
TB elapsed time: 300.00 seconds
Num ite total uncapacited TB: 4
tb solution is feasible

[INFO] Time limit reached. Stopping the algorithm.
TB elapsed time: 300.02 seconds
Num ite total uncapacited TB: 4
tb solution is feasible

[INFO] Time limit reached. Stopping the algorithm.
TB elapsed time: 300.02 seconds
Num ite total uncapacited TB: 4
tb solution is feasible

[INFO] Time limit reached. Stopping the algorithm.
TB elapsed time: 300.04 seconds
Num ite total uncapacited TB: 4
tb solution is feasible

[INFO] Time limit reached. Stopping the algorithm.
TB elapsed time: 300.04 seconds
Num ite total uncapacited TB: 4
tb solution is feasible

[INFO] Time limit reached. Stopping the algorithm.
TB elapsed time: 300.05 seconds
Num ite total uncapacited TB: 4
tb solution is feasible

[INFO] Time limit reached. Stopping the algorithm.
TB elapsed time: 300.10 seconds
Num ite total uncapacited TB: 4
tb solution is feasible

[INFO] Time limit reached. Stopping the algorithm.
TB elapsed time: 300.05 seconds
Num ite total uncapacited TB: 4
tb solution is feasible

[INFO] Time limit reached. Stopping the algorithm.
TB elapsed time: 300.08 seconds
Num ite total uncapacited TB: 4
tb solution is feasible
[INFO] All subproblems solved.

Elapsed time: 301789 ms


Stats: 
Max dist: 294.49
Min dist: 0.00
avg of Avg dists: 37.74
avg Std dev dist: 33.73

First 1500 voting weights (sorted): 2323(9.49) 2322(9.38) 2326(9.26) 2930(9.00) 2321(8.81) 2324(8.69) 1095(8.20) 2891(8.19) 1317(8.13) 1197(8.00) 870(8.00) 1143(8.00) 1273(7.76) 1271(7.59) 443(7.25) 2158(7.17) 1350(7.15) 1290(7.15) 1229(7.15) 906(7.13) 363(7.10) 430(7.08) 438(7.05) 2193(7.04) 1393(7.00) 489(7.00) 1400(7.00) 1110(7.00) 2826(7.00) 2038(7.00) 2153(7.00) 2813(7.00) 2196(7.00) 811(7.00) 1408(7.00) 1165(7.00) 2753(7.00) 12(7.00) 1374(7.00) 2279(7.00) 2638(7.00) 254(7.00) 1818(7.00) 1281(7.00) 999(7.00) 2587(7.00) 2929(7.00) 901(7.00) 1051(6.99) 922(6.98) 2317(6.82) 1386(6.80) 2583(6.74) 1964(6.67) 1518(6.53) 520(6.44) 989(6.43) 1961(6.41) 1800(6.40) 1071(6.39) 571(6.39) 2581(6.37) 1519(6.36) 2235(6.36) 1473(6.34) 2903(6.31) 1053(6.31) 2099(6.30) 442(6.29) 1999(6.26) 335(6.26) 2925(6.24) 202(6.24) 2601(6.22) 2606(6.21) 814(6.20) 813(6.20) 2475(6.20) 2542(6.20) 195(6.19) 2157(6.19) 3005(6.19) 2701(6.17) 1144(6.17) 220(6.16) 907(6.15) 2081(6.14) 1581(6.14) 2757(6.14) 1966(6.13) 217(6.13) 216(6.13) 619(6.11) 2932(6.11) 2656(6.11) 310(6.11) 1368(6.11) 2762(6.10) 101(6.10) 1184(6.10) 1738(6.09) 398(6.09) 2875(6.09) 2451(6.09) 2097(6.09) 2031(6.08) 1534(6.08) 794(6.07) 3007(6.07) 1135(6.07) 2609(6.07) 2980(6.07) 503(6.06) 2487(6.05) 1121(6.04) 841(6.04) 2663(6.04) 1448(6.03) 650(6.01) 2433(6.00) 2435(6.00) 2427(6.00) 2411(6.00) 1563(6.00) 1583(6.00) 1571(6.00) 1530(6.00) 2392(6.00) 1548(6.00) 2371(6.00) 2374(6.00) 246(6.00) 1629(6.00) 1866(6.00) 1864(6.00) 1834(6.00) 28(6.00) 1803(6.00) 1168(6.00) 1166(6.00) 1774(6.00) 170(6.00) 1772(6.00) 1762(6.00) 2055(6.00) 2065(6.00) 1328(6.00) 193(6.00) 2126(6.00) 973(6.00) 2168(6.00) 1732(6.00) 208(6.00) 1263(6.00) 1010(6.00) 969(6.00) 1270(6.00) 1673(6.00) 2273(6.00) 2282(6.00) 1632(6.00) 186(6.00) 1361(6.00) 693(6.00) 692(6.00) 2590(6.00) 2593(6.00) 2599(6.00) 739(6.00) 1379(6.00) 1384(6.00) 933(6.00) 164(6.00) 2979(6.00) 433(6.00) 1390(6.00) 867(6.00) 694(6.00) 762(6.00) 769(6.00) 854(6.00) 1409(6.00) 1038(6.00) 465(6.00) 476(6.00) 2734(6.00) 831(6.00) 395(6.00) 366(6.00) 2801(6.00) 2772(6.00) 2782(6.00) 2784(6.00) 761(6.00) 1509(6.00) 2540(6.00) 2990(6.00) 711(6.00) 2996(6.00) 300(6.00) 2480(6.00) 289(6.00) 288(6.00) 155(6.00) 1336(6.00) 875(6.00) 444(6.00) 280(6.00) 256(6.00) 1886(6.00) 179(5.99) 648(5.98) 1182(5.96) 2319(5.92) 177(5.89) 185(5.86) 340(5.86) 554(5.83) 570(5.83) 2573(5.82) 553(5.74) 1438(5.68) 1792(5.67) 1157(5.66) 1054(5.64) 2363(5.64) 1965(5.60) 1824(5.54) 458(5.49) 451(5.49) 2571(5.48) 2355(5.48) 2234(5.43) 523(5.43) 995(5.43) 1156(5.43) 2982(5.42) 2745(5.41) 432(5.41) 932(5.40) 1634(5.39) 3004(5.38) 2788(5.38) 1072(5.35) 221(5.34) 1426(5.33) 2851(5.32) 144(5.32) 555(5.31) 644(5.31) 1391(5.29) 1871(5.29) 2120(5.27) 349(5.26) 1580(5.26) 236(5.25) 957(5.25) 2586(5.25) 2343(5.24) 2124(5.23) 1179(5.23) 2621(5.22) 330(5.22) 2437(5.21) 947(5.21) 2655(5.21) 1316(5.21) 225(5.21) 2859(5.20) 2700(5.20) 1145(5.20) 2137(5.20) 1706(5.20) 1901(5.20) 1752(5.18) 2160(5.17) 2161(5.17) 1897(5.17) 1896(5.17) 71(5.16) 452(5.16) 2088(5.16) 210(5.14) 2848(5.14) 2460(5.14) 2459(5.14) 2135(5.14) 204(5.14) 2758(5.14) 1522(5.14) 1521(5.14) 618(5.13) 203(5.13) 2501(5.13) 2931(5.13) 679(5.13) 1753(5.12) 744(5.12) 1388(5.12) 2660(5.11) 2661(5.11) 2367(5.11) 1825(5.11) 2366(5.11) 528(5.11) 2205(5.11) 2204(5.11) 830(5.11) 231(5.11) 2170(5.11) 1595(5.11) 1236(5.11) 1251(5.11) 1953(5.11) 1905(5.11) 2297(5.11) 2376(5.10) 2508(5.10) 1666(5.10) 1664(5.10) 2342(5.10) 2582(5.09) 560(5.09) 242(5.09) 2912(5.09) 2729(5.09) 879(5.09) 1403(5.09) 1612(5.09) 1082(5.08) 1365(5.08) 2198(5.08) 985(5.08) 2309(5.08) 2178(5.08) 2927(5.08) 1411(5.08) 1644(5.08) 89(5.08) 1869(5.08) 1929(5.08) 2039(5.08) 2252(5.08) 2588(5.08) 1299(5.08) 2404(5.07) 2690(5.07) 1174(5.07) 2880(5.07) 783(5.07) 666(5.07) 581(5.07) 2882(5.07) 2806(5.07) 2246(5.07) 517(5.07) 44(5.07) 1266(5.06) 325(5.06) 108(5.06) 1919(5.06) 1198(5.06) 2644(5.06) 2382(5.06) 1113(5.06) 18(5.06) 2011(5.06) 97(5.06) 1974(5.05) 480(5.05) 2944(5.05) 1278(5.05) 1064(5.05) 2988(5.05) 805(5.05) 2914(5.04) 790(5.04) 2714(5.04) 2976(5.04) 2360(5.04) 2233(5.04) 2974(5.04) 685(5.04) 1378(5.04) 112(5.04) 479(5.04) 1152(5.03) 1874(5.03) 2046(5.03) 402(5.03) 1483(5.03) 369(5.00) 435(5.00) 778(5.00) 877(5.00) 779(5.00) 868(5.00) 861(5.00) 858(5.00) 792(5.00) 798(5.00) 414(5.00) 403(5.00) 853(5.00) 370(5.00) 806(5.00) 396(5.00) 891(5.00) 105(5.00) 213(5.00) 198(5.00) 80(5.00) 180(5.00) 33(5.00) 30(5.00) 169(5.00) 74(5.00) 251(5.00) 40(5.00) 37(5.00) 15(5.00) 26(5.00) 24(5.00) 13(5.00) 6(5.00) 21(5.00) 19(5.00) 63(5.00) 772(5.00) 351(5.00) 767(5.00) 764(5.00) 342(5.00) 759(5.00) 757(5.00) 756(5.00) 160(5.00) 113(5.00) 157(5.00) 715(5.00) 305(5.00) 293(5.00) 284(5.00) 249(5.00) 239(5.00) 135(5.00) 235(5.00) 131(5.00) 726(5.00) 2467(5.00) 2471(5.00) 2473(5.00) 2496(5.00) 2516(5.00) 2537(5.00) 2546(5.00) 2552(5.00) 888(5.00) 2558(5.00) 2560(5.00) 2579(5.00) 2604(5.00) 2605(5.00) 2623(5.00) 2641(5.00) 2667(5.00) 2557(5.00) 2262(5.00) 2272(5.00) 2292(5.00) 2296(5.00) 2320(5.00) 2330(5.00) 2341(5.00) 2356(5.00) 2462(5.00) 2369(5.00) 2375(5.00) 2391(5.00) 2403(5.00) 2409(5.00) 2428(5.00) 2442(5.00) 2443(5.00) 2456(5.00) 2368(5.00) 2817(5.00) 2820(5.00) 2831(5.00) 2842(5.00) 2846(5.00) 2872(5.00) 2889(5.00) 2915(5.00) 2669(5.00) 2937(5.00) 2943(5.00) 2951(5.00) 2958(5.00) 2986(5.00) 3009(5.00) 3020(5.00) 3030(5.00) 3033(5.00) 2916(5.00) 2670(5.00) 2678(5.00) 2682(5.00) 2683(5.00) 2688(5.00) 2689(5.00) 2699(5.00) 2728(5.00) 2799(5.00) 2744(5.00) 2764(5.00) 2768(5.00) 2769(5.00) 2777(5.00) 2778(5.00) 2779(5.00) 2781(5.00) 2791(5.00) 2732(5.00) 645(5.00) 646(5.00) 663(5.00) 700(5.00) 1508(5.00) 1570(5.00) 1573(5.00) 1589(5.00) 2240(5.00) 1600(5.00) 1614(5.00) 1684(5.00) 1700(5.00) 1702(5.00) 1727(5.00) 1761(5.00) 1766(5.00) 1782(5.00) 1591(5.00) 440(5.00) 446(5.00) 454(5.00) 455(5.00) 456(5.00) 461(5.00) 471(5.00) 475(5.00) 634(5.00) 488(5.00) 494(5.00) 498(5.00) 499(5.00) 542(5.00) 546(5.00) 594(5.00) 608(5.00) 631(5.00) 485(5.00) 2005(5.00) 2006(5.00) 2016(5.00) 2024(5.00) 2026(5.00) 2029(5.00) 2051(5.00) 2067(5.00) 1793(5.00) 2076(5.00) 2101(5.00) 2116(5.00) 2150(5.00) 2162(5.00) 2172(5.00) 2179(5.00) 2201(5.00) 2220(5.00) 2071(5.00) 1809(5.00) 1836(5.00) 1840(5.00) 1876(5.00) 1877(5.00) 1880(5.00) 1888(5.00) 1902(5.00) 2003(5.00) 1916(5.00) 1926(5.00) 1934(5.00) 1937(5.00) 1938(5.00) 1939(5.00) 1940(5.00) 1976(5.00) 1998(5.00) 1904(5.00) 1288(5.00) 1114(5.00) 1167(5.00) 1025(5.00) 950(5.00) 1162(5.00) 1029(5.00) 1227(5.00) 948(5.00) 928(5.00) 1039(5.00) 1015(5.00) 1398(5.00) 1441(5.00) 1076(5.00) 1078(5.00) 1139(5.00) 1133(5.00) 1084(5.00) 1482(5.00) 1433(5.00) 1104(5.00) 1419(5.00) 1444(5.00) 3037(5.00) 972(5.00) 1467(5.00) 915(5.00) 1206(5.00) 1358(5.00) 1204(5.00) 1202(5.00) 988(5.00) 1472(5.00) 1286(5.00) 1461(5.00) 1380(5.00) 1462(5.00) 952(5.00) 1302(5.00) 1003(5.00) 1318(5.00) 1169(5.00) 1305(5.00) 900(4.98) 2064(4.97) 133(4.97) 1096(4.97) 923(4.97) 132(4.96) 98(4.95) 252(4.93) 1528(4.91) 364(4.90) 2062(4.90) 241(4.89) 1332(4.80) 2580(4.80) 1231(4.80) 1333(4.72) 2111(4.72) 2105(4.62) 2244(4.61) 1439(4.60) 2253(4.59) 1810(4.58) 387(4.58) 2227(4.53) 2432(4.53) 2525(4.53) 2807(4.52) 929(4.50) 2452(4.48) 1725(4.47) 1688(4.47) 1524(4.47) 143(4.45) 3006(4.44) 2527(4.41) 2819(4.41) 2143(4.41) 2431(4.40) 2892(4.39) 2531(4.39) 1326(4.39) 1724(4.39) 2399(4.39) 2401(4.39) 2692(4.37) 2693(4.37) 2191(4.36) 2096(4.36) 1872(4.36) 1427(4.36) 597(4.35) 2119(4.34) 1092(4.34) 1093(4.34) 2570(4.34) 148(4.34) 149(4.34) 976(4.32) 1501(4.32) 652(4.32) 2114(4.32) 701(4.30) 142(4.30) 946(4.30) 2541(4.30) 1151(4.29) 1158(4.29) 194(4.29) 331(4.29) 1338(4.27) 413(4.26) 2000(4.25) 1360(4.24) 51(4.24) 2134(4.24) 1026(4.24) 1805(4.24) 977(4.23) 2142(4.23) 1148(4.23) 544(4.23) 2924(4.21) 2706(4.21) 453(4.21) 70(4.21) 2087(4.20) 1967(4.20) 1770(4.20) 2636(4.20) 2808(4.20) 1900(4.19) 1816(4.19) 1817(4.19) 2385(4.19) 2823(4.19) 1768(4.18) 2717(4.18) 265(4.17) 52(4.17) 205(4.17) 2935(4.17) 2500(4.17) 311(4.17) 2457(4.17) 1129(4.17) 2420(4.16) 2419(4.16) 1369(4.16) 2034(4.16) 1497(4.16) 1860(4.16) 993(4.15) 389(4.15) 87(4.15) 1329(4.14) 1739(4.14) 1596(4.14) 1237(4.14) 230(4.14) 829(4.14) 2169(4.14) 1250(4.14) 1950(4.14) 2718(4.14) 846(4.14) 847(4.14) 2600(4.14) 397(4.13) 2876(4.13) 2030(4.13) 1211(4.13) 1212(4.13) 2450(4.13) 1844(4.13) 2977(4.12) 2084(4.12) 2264(4.12) 2269(4.12) 2013(4.12) 1513(4.12) 2674(4.12) 2627(4.11) 561(4.11) 243(4.11) 2730(4.11) 2913(4.11) 878(4.11) 1406(4.11) 2187(4.11) 2908(4.11) 2909(4.11) 1125(4.11) 405(4.11) 404(4.11) 1124(4.11) 2725(4.11) 535(4.11) 533(4.11) 1661(4.11) 1662(4.11) 1220(4.10) 2497(4.10) 2033(4.10) 1856(4.10) 2685(4.10) 2569(4.10) 2568(4.10) 420(4.10) 1862(4.10) 120(4.10) 510(4.09) 575(4.09) 574(4.09) 1558(4.09) 2906(4.09) 2907(4.09) 978(4.09) 328(4.09) 2867(4.09) 329(4.09) 2868(4.09) 1334(4.09) 500(4.08) 187(4.08) 1704(4.08) 416(4.08) 3010(4.08) 1533(4.08) 375(4.08) 857(4.08) 2619(4.08) 2563(4.08) 730(4.08) 2595(4.08) 1256(4.08) 1561(4.08) 992(4.07) 1689(4.07) 2708(4.07) 1675(4.07) 674(4.07) 106(4.07) 290(4.07) 2231(4.07) 1546(4.07) 2776(4.07) 2307(4.07) 919(4.07) 1049(4.07) 264(4.07) 780(4.07) 2735(4.07) 1356(4.07) 2482(4.07) 2185(4.07) 970(4.07) 1353(4.06) 2380(4.06) 1138(4.06) 2144(4.06) 1574(4.06) 373(4.06) 3012(4.06) 2554(4.06) 2219(4.06) 802(4.06) 60(4.06) 1495(4.05) 2750(4.05) 1882(4.05) 2703(4.05) 1985(4.05) 1275(4.05) 1214(4.05) 889(4.05) 2301(4.05) 2948(4.05) 2612(4.05) 2286(4.04) 567(4.04) 2878(4.04) 834(4.04) 1859(4.04) 322(4.04) 2651(4.04) 955(4.04) 48(4.04) 967(4.04) 1260(4.04) 2447(4.04) 712(4.04) 2787(4.04) 1446(4.04) 1568(4.04) 1321(4.04) 940(4.04) 2223(4.04) 2242(4.04) 2182(4.03) 423(4.03) 817(4.03) 1910(4.03) 81(4.03) 1977(4.02) 2118(4.02) 2650(4.02) 358(4.02) 578(4.02) 719(4.02) 354(4.02) 1506(4.02) 118(4.01) 2091(4.00) 2090(4.00) 2089(4.00) 1238(4.00) 3015(4.00) 611(4.00) 612(4.00) 2429(4.00) 615(4.00) 564(4.00) 2780(4.00) 605(4.00) 603(4.00) 601(4.00) 1089(4.00) 569(4.00) 2386(4.00) 591(4.00) 3016(4.00) 1432(4.00) 572(4.00) 588(4.00) 573(4.00) 1240(4.00) 884(4.00) 586(4.00) 617(4.00) 2426(4.00) 2425(4.00) 2061(4.00) 2755(4.00) 820(4.00) 2556(4.00) 1355(4.00) 2049(4.00) 565(4.00) 2752(4.00) 2045(4.00) 687(4.00) 2423(4.00) 691(4.00) 1105(4.00) 2043(4.00) 698(4.00) 680(4.00) 2083(4.00) 628(4.00) 2387(4.00) 2774(4.00) 2770(4.00) 639(4.00) 641(4.00) 1234(4.00) 2761(4.00) 1097(4.00) 2069(4.00) 2068(4.00) 1354(4.00) 1100(4.00) 334(4.00) 2553(4.00) 660(4.00) 2551(4.00) 2828(4.00) 2174(4.00) 464(4.00) 1059(4.00) 2524(4.00) 1257(4.00) 2824(4.00) 1060(4.00) 2748(4.00) 304(4.00) 2528(4.00) 1254(4.00) 1065(4.00) 2159(4.00) 482(4.00) 490(4.00) 493(4.00) 843(4.00) 2845(4.00) 427(4.00) 428(4.00) 851(4.00) 2965(4.00) 431(4.00) 2844(4.00) 1041(4.00) 2523(4.00) 436(4.00) 2518(4.00) 1043(4.00) 441(4.00) 1046(4.00) 447(4.00) 3023(4.00) 2830(4.00) 2176(4.00) 2190(4.00) 315(4.00) 316(4.00) 2797(4.00) 1244(4.00) 3035(4.00) 2535(4.00) 540(4.00) 541(4.00) 1069(4.00) 1242(4.00) 2790(4.00) 550(4.00) 2538(4.00) 2789(4.00) 1083(4.00) 2110(4.00) 2109(4.00) 1351(4.00) 2794(4.00) 2147(4.00) 2146(4.00) 306(4.00) 2141(4.00) 506(4.00) 507(4.00) 309(4.00) 2139(4.00) 2971(4.00) 2136(4.00) 837(4.00) 2970(4.00) 521(4.00) 2128(4.00) 2127(4.00) 1440(4.00) 1245(4.00) 2125(4.00) 2138(4.00) 1898(4.00) 2687(4.00) 1192(4.00) 1191(4.00) 1893(4.00) 1709(4.00) 1710(4.00) 1711(4.00) 425(4.00) 1716(4.00) 1720(4.00) 1885(4.00) 2400(4.00) 2410(4.00) 2677(4.00) 2676(4.00) 1730(4.00) 1731(4.00) 1713(4.00) 1492(4.00) 1913(4.00) 1140(4.00) 2610(4.00) 1670(4.00) 1672(4.00) 935(4.00) 1909(4.00) 1697(4.00) 1680(4.00) 1906(4.00) 1682(4.00) 1686(4.00) 748(4.00) 1690(4.00) 749(4.00) 1694(4.00) 786(4.00) 746(4.00) 2999(4.00) 1784(4.00) 2633(4.00) 1789(4.00) 1795(4.00) 2635(4.00) 3001(4.00) 1802(4.00) 755(4.00) 2637(4.00) 1383(4.00) 1806(4.00) 1808(4.00) 1170(4.00) 1815(4.00) 1821(4.00) 771(4.00) 1820(4.00) 926(4.00) 2620(4.00) 3032(4.00) 2408(4.00) 2666(4.00) 2665(4.00) 1180(4.00) 2625(4.00) 1154(4.00) 2648(4.00) 2657(4.00) 777(4.00) 1759(4.00) 2997(4.00) 1763(4.00) 2653(4.00) 1849(4.00) 1161(4.00) 773(4.00) 921(4.00) 1541(4.00) 2731(4.00) 1218(4.00) 2464(4.00) 1416(4.00) 1549(4.00) 1550(4.00) 1551(4.00) 1488(4.00) 1216(4.00) 1415(4.00) 1995(4.00) 1320(4.00) 725(4.00) 1991(4.00) 1564(4.00) 1988(4.00) 1364(4.00) 1552(4.00) 707(4.00) 708(4.00) 912(4.00) 1224(4.00) 1499(4.00) 2028(4.00) 2743(4.00) 1505(4.00) 914(4.00) 913(4.00) 1512(4.00) 2021(4.00) 2020(4.00) 2739(4.00) 2017(4.00) 1221(4.00) 1531(4.00) 808(4.00) 2465(4.00) 1957(4.00) 1951(4.00) 917(4.00) 2416(4.00) 1936(4.00) 1935(4.00) 2603(4.00) 1639(4.00) 2584(4.00) 1642(4.00) 2396(4.00) 897(4.00) 1650(4.00) 2608(4.00) 1918(4.00) 1655(4.00) 1656(4.00) 1410(4.00) 788(4.00) 1123(4.00) 728(4.00) 1979(4.00) 1577(4.00) 2585(4.00) 799(4.00) 1588(4.00) 1213(4.00) 1132(4.00) 1592(4.00) 1593(4.00) 1594(4.00) 1970(4.00) 1598(4.00) 1599(4.00) 2720(4.00) 1609(4.00) 1959(4.00) 732(4.00) 2468(4.00) 2888(4.00) 1016(4.00) 3028(4.00) 1283(4.00) 2955(4.00) 1013(4.00) 2890(4.00) 103(4.00) 1012(4.00) 2276(4.00) 2372(4.00) 267(4.00) 95(4.00) 2869(4.00) 2287(4.00) 84(4.00) 2491(4.00) 2295(4.00) 32(4.00) 2370(4.00) 866(4.00) 2302(4.00) 22(4.00) 1344(4.00) 20(4.00) 2952(4.00) 2485(4.00) 5(4.00) 1285(4.00) 348(4.00) 345(4.00) 2871(4.00) 1274(4.00) 337(4.00) 166(4.00) 279(4.00) 2236(4.00) 162(4.00) 161(4.00) 278(4.00) 856(4.00) 153(4.00) 277(4.00) 902(4.00) 2881(4.00) 1019(4.00) 2957(4.00) 2956(4.00) 2256(4.00) 138(4.00) 2503(4.00) 1017(4.00) 128(4.00) 2265(4.00) 124(4.00) 2266(4.00) 121(4.00) 2268(4.00) 117(4.00) 2248(4.00) 2921(4.00) 172(4.00) 173(4.00) 174(4.00) 2479(4.00) 2340(4.00) 1301(4.00) 981(4.00) 1464(4.00) 2345(4.00) 191(4.00) 1468(4.00) 2346(4.00) 960(4.00) 899(4.00) 196(4.00) 1471(4.00) 200(4.00) 201(4.00) 1342(4.00) 2354(4.00) 2474(4.00) 212(4.00) 2933(4.00) 214(4.00) 2940(4.00) 1310(4.00) 2362(4.00) 1340(4.00) 2365(4.00) 2478(4.00) 2310(4.00) 2313(4.00) 9(4.00) 10(4.00) 11(4.00) 2314(4.00) 996(4.00) 2910(4.00) 2911(4.00) 2318(4.00) 1460(4.00) 253(4.00) 47(4.00) 1297(4.00) 167(4.00) 2947(4.00) 53(4.00) 55(4.00) 57(4.00) 1463(4.00) 59(4.00) 64(4.00) 2331(4.00) 2919(4.00) 869(4.00) 69(4.00) 958(4.00) 2334(4.00) 2335(4.00) 76(4.00) 2325(4.00) 399(4.00) 1034(4.00) 1033(4.00) 359(4.00) 2857(4.00) 2208(4.00) 391(4.00) 390(4.00) 2209(4.00) 385(4.00) 3024(4.00) 872(4.00) 285(4.00) 2517(4.00) 2860(4.00) 2217(4.00) 2961(4.00) 367(4.00) 381(4.00) 380(4.00) 368(4.00) 2212(4.00) 378(4.00) 377(4.00) 376(4.00) 2213(4.00) 2861(4.00) 371(4.00) 2211(4.00) 410(4.00) 1264(4.00) 407(4.00) 1451(4.00) 1262(4.00) 1265(4.00) 283(4.00) 418(4.00) 356(4.00) 2866(4.00) 2855(4.00) 1385(4.00) 1450(4.00) 1778(3.89) 1487(3.89) 2847(3.86) 599(3.80) 1230(3.80) 2357(3.79) 2098(3.71) 1150(3.70) 2751(3.69) 411(3.64) 2327(3.61) 34(3.61) 1094(3.60) 2839(3.60) 1480(3.59) 2736(3.57) 2530(3.55) 2221(3.55) 388(3.54) 964(3.53) 654(3.52) 1687(3.51) 327(3.51) 696(3.49) 1486(3.48) 1635(3.48) 596(3.47) 598(3.45) 2643(3.45) 1992(3.44) 386(3.43) 2923(3.42) 699(3.40) 2453(3.38) 2707(3.38) 1252(3.37) 543(3.37) 1584(3.37) 248(3.35) 2642(3.35) 247(3.35) 600(3.35) 1755(3.35) 1349(3.35) 2080(3.35) 974(3.35) 975(3.35) 1289(3.35) 1845(3.34) 2852(3.32) 1529(3.32) 409(3.30) 2737(3.30) 549(3.30) 1514(3.30) 1515(3.30) 2904(3.30) 2032(3.27) 1586(3.26) 2152(3.26) 2151(3.26) 1832(3.26) 1831(3.26) 1788(3.25) 668(3.25) 2589(3.24) 1797(3.24) 2897(3.24) 362(3.24) 307(3.24) 2344(3.23) 2308(3.23) 2245(3.23) 556(3.22) 1412(3.22) 2858(3.22) 2149(3.22) 2622(3.21) 1842(3.21) 1073(3.20) 2763(3.20) 979(3.20) 88(3.20) 824(3.19) 1372(3.19) 1330(3.19) 3008(3.19) 1324(3.19) 738(3.19) 737(3.19) 1560(3.18) 2928(3.18) 1930(3.18) 1292(3.18) 1291(3.18) 2533(3.18) 1296(3.18) 1295(3.18) 2534(3.18) 1500(3.18) 659(3.17) 2712(3.17) 2507(3.17) 2377(3.17) 1667(3.17) 1370(3.17) 1665(3.17) 2803(3.17) 2035(3.17) 2978(3.17) 2085(3.16) 519(3.16) 2615(3.16) 2012(3.16) 2668(3.16) 1183(3.16) 3003(3.16) 92(3.15) 400(3.15) 1582(3.15) 525(3.15) 526(3.15) 1004(3.15) 1005(3.15) 1604(3.14) 450(3.14) 1517(3.14) 2197(3.14) 984(3.14) 


Filtered 1500 locations: 2323 2322 2326 2930 2321 2324 1095 2891 1317 1197 870 1143 1273 1271 443 2158 1350 1290 1229 906 363 430 438 2193 1393 489 1400 1110 2826 2038 2153 2813 2196 811 1408 1165 2753 12 1374 2279 2638 254 1818 1281 999 2587 2929 901 1051 922 2317 1386 2583 1964 1518 520 989 1961 1800 1071 571 2581 1519 2235 1473 2903 1053 2099 442 1999 335 2925 202 2601 2606 814 813 2475 2542 195 2157 3005 2701 1144 220 907 2081 1581 2757 1966 217 216 619 2932 2656 310 1368 2762 101 1184 1738 398 2875 2451 2097 2031 1534 794 3007 1135 2609 2980 503 2487 1121 841 2663 1448 650 2433 2435 2427 2411 1563 1583 1571 1530 2392 1548 2371 2374 246 1629 1866 1864 1834 28 1803 1168 1166 1774 170 1772 1762 2055 2065 1328 193 2126 973 2168 1732 208 1263 1010 969 1270 1673 2273 2282 1632 186 1361 693 692 2590 2593 2599 739 1379 1384 933 164 2979 433 1390 867 694 762 769 854 1409 1038 465 476 2734 831 395 366 2801 2772 2782 2784 761 1509 2540 2990 711 2996 300 2480 289 288 155 1336 875 444 280 256 1886 179 648 1182 2319 177 185 340 554 570 2573 553 1438 1792 1157 1054 2363 1965 1824 458 451 2571 2355 2234 523 995 1156 2982 2745 432 932 1634 3004 2788 1072 221 1426 2851 144 555 644 1391 1871 2120 349 1580 236 957 2586 2343 2124 1179 2621 330 2437 947 2655 1316 225 2859 2700 1145 2137 1706 1901 1752 2160 2161 1897 1896 71 452 2088 210 2848 2460 2459 2135 204 2758 1522 1521 618 203 2501 2931 679 1753 744 1388 2660 2661 2367 1825 2366 528 2205 2204 830 231 2170 1595 1236 1251 1953 1905 2297 2376 2508 1666 1664 2342 2582 560 242 2912 2729 879 1403 1612 1082 1365 2198 985 2309 2178 2927 1411 1644 89 1869 1929 2039 2252 2588 1299 2404 2690 1174 2880 783 666 581 2882 2806 2246 517 44 1266 325 108 1919 1198 2644 2382 1113 18 2011 97 1974 480 2944 1278 1064 2988 805 2914 790 2714 2976 2360 2233 2974 685 1378 112 479 1152 1874 2046 402 1483 369 435 778 877 779 868 861 858 792 798 414 403 853 370 806 396 891 105 213 198 80 180 33 30 169 74 251 40 37 15 26 24 13 6 21 19 63 772 351 767 764 342 759 757 756 160 113 157 715 305 293 284 249 239 135 235 131 726 2467 2471 2473 2496 2516 2537 2546 2552 888 2558 2560 2579 2604 2605 2623 2641 2667 2557 2262 2272 2292 2296 2320 2330 2341 2356 2462 2369 2375 2391 2403 2409 2428 2442 2443 2456 2368 2817 2820 2831 2842 2846 2872 2889 2915 2669 2937 2943 2951 2958 2986 3009 3020 3030 3033 2916 2670 2678 2682 2683 2688 2689 2699 2728 2799 2744 2764 2768 2769 2777 2778 2779 2781 2791 2732 645 646 663 700 1508 1570 1573 1589 2240 1600 1614 1684 1700 1702 1727 1761 1766 1782 1591 440 446 454 455 456 461 471 475 634 488 494 498 499 542 546 594 608 631 485 2005 2006 2016 2024 2026 2029 2051 2067 1793 2076 2101 2116 2150 2162 2172 2179 2201 2220 2071 1809 1836 1840 1876 1877 1880 1888 1902 2003 1916 1926 1934 1937 1938 1939 1940 1976 1998 1904 1288 1114 1167 1025 950 1162 1029 1227 948 928 1039 1015 1398 1441 1076 1078 1139 1133 1084 1482 1433 1104 1419 1444 3037 972 1467 915 1206 1358 1204 1202 988 1472 1286 1461 1380 1462 952 1302 1003 1318 1169 1305 900 2064 133 1096 923 132 98 252 1528 364 2062 241 1332 2580 1231 1333 2111 2105 2244 1439 2253 1810 387 2227 2432 2525 2807 929 2452 1725 1688 1524 143 3006 2527 2819 2143 2431 2892 2531 1326 1724 2399 2401 2692 2693 2191 2096 1872 1427 597 2119 1092 1093 2570 148 149 976 1501 652 2114 701 142 946 2541 1151 1158 194 331 1338 413 2000 1360 51 2134 1026 1805 977 2142 1148 544 2924 2706 453 70 2087 1967 1770 2636 2808 1900 1816 1817 2385 2823 1768 2717 265 52 205 2935 2500 311 2457 1129 2420 2419 1369 2034 1497 1860 993 389 87 1329 1739 1596 1237 230 829 2169 1250 1950 2718 846 847 2600 397 2876 2030 1211 1212 2450 1844 2977 2084 2264 2269 2013 1513 2674 2627 561 243 2730 2913 878 1406 2187 2908 2909 1125 405 404 1124 2725 535 533 1661 1662 1220 2497 2033 1856 2685 2569 2568 420 1862 120 510 575 574 1558 2906 2907 978 328 2867 329 2868 1334 500 187 1704 416 3010 1533 375 857 2619 2563 730 2595 1256 1561 992 1689 2708 1675 674 106 290 2231 1546 2776 2307 919 1049 264 780 2735 1356 2482 2185 970 1353 2380 1138 2144 1574 373 3012 2554 2219 802 60 1495 2750 1882 2703 1985 1275 1214 889 2301 2948 2612 2286 567 2878 834 1859 322 2651 955 48 967 1260 2447 712 2787 1446 1568 1321 940 2223 2242 2182 423 817 1910 81 1977 2118 2650 358 578 719 354 1506 118 2091 2090 2089 1238 3015 611 612 2429 615 564 2780 605 603 601 1089 569 2386 591 3016 1432 572 588 573 1240 884 586 617 2426 2425 2061 2755 820 2556 1355 2049 565 2752 2045 687 2423 691 1105 2043 698 680 2083 628 2387 2774 2770 639 641 1234 2761 1097 2069 2068 1354 1100 334 2553 660 2551 2828 2174 464 1059 2524 1257 2824 1060 2748 304 2528 1254 1065 2159 482 490 493 843 2845 427 428 851 2965 431 2844 1041 2523 436 2518 1043 441 1046 447 3023 2830 2176 2190 315 316 2797 1244 3035 2535 540 541 1069 1242 2790 550 2538 2789 1083 2110 2109 1351 2794 2147 2146 306 2141 506 507 309 2139 2971 2136 837 2970 521 2128 2127 1440 1245 2125 2138 1898 2687 1192 1191 1893 1709 1710 1711 425 1716 1720 1885 2400 2410 2677 2676 1730 1731 1713 1492 1913 1140 2610 1670 1672 935 1909 1697 1680 1906 1682 1686 748 1690 749 1694 786 746 2999 1784 2633 1789 1795 2635 3001 1802 755 2637 1383 1806 1808 1170 1815 1821 771 1820 926 2620 3032 2408 2666 2665 1180 2625 1154 2648 2657 777 1759 2997 1763 2653 1849 1161 773 921 1541 2731 1218 2464 1416 1549 1550 1551 1488 1216 1415 1995 1320 725 1991 1564 1988 1364 1552 707 708 912 1224 1499 2028 2743 1505 914 913 1512 2021 2020 2739 2017 1221 1531 808 2465 1957 1951 917 2416 1936 1935 2603 1639 2584 1642 2396 897 1650 2608 1918 1655 1656 1410 788 1123 728 1979 1577 2585 799 1588 1213 1132 1592 1593 1594 1970 1598 1599 2720 1609 1959 732 2468 2888 1016 3028 1283 2955 1013 2890 103 1012 2276 2372 267 95 2869 2287 84 2491 2295 32 2370 866 2302 22 1344 20 2952 2485 5 1285 348 345 2871 1274 337 166 279 2236 162 161 278 856 153 277 902 2881 1019 2957 2956 2256 138 2503 1017 128 2265 124 2266 121 2268 117 2248 2921 172 173 174 2479 2340 1301 981 1464 2345 191 1468 2346 960 899 196 1471 200 201 1342 2354 2474 212 2933 214 2940 1310 2362 1340 2365 2478 2310 2313 9 10 11 2314 996 2910 2911 2318 1460 253 47 1297 167 2947 53 55 57 1463 59 64 2331 2919 869 69 958 2334 2335 76 2325 399 1034 1033 359 2857 2208 391 390 2209 385 3024 872 285 2517 2860 2217 2961 367 381 380 368 2212 378 377 376 2213 2861 371 2211 410 1264 407 1451 1262 1265 283 418 356 2866 2855 1385 1450 1778 1487 2847 599 1230 2357 2098 1150 2751 411 2327 34 1094 2839 1480 2736 2530 2221 388 964 654 1687 327 696 1486 1635 596 598 2643 1992 386 2923 699 2453 2707 1252 543 1584 248 2642 247 600 1755 1349 2080 974 975 1289 1845 2852 1529 409 2737 549 1514 1515 2904 2032 1586 2152 2151 1832 1831 1788 668 2589 1797 2897 362 307 2344 2308 2245 556 1412 2858 2149 2622 1842 1073 2763 979 88 824 1372 1330 3008 1324 738 737 1560 2928 1930 1292 1291 2533 1296 1295 2534 1500 659 2712 2507 2377 1667 1370 1665 2803 2035 2978 2085 519 2615 2012 2668 1183 3003 92 400 1582 525 526 1004 1005 1604 450 1517 2197 984 

Extracted 0 prioritized locations: 

Final instance parameters:
loc_max_id: 3038
loc_cnt: 1500
service: p3038_1000
cust_max_id: 3038
cust_cnt: 3038
unweighted obj function
p: 1000
total_demand: 153240.00
threshold_dist: 328.22



-------------------------------------------------
Final Problem RSSV heuristic
-------------------------------------------------
    RSSV_EXACT_CPMP_BIN
-------------------------------------------------
Gap Cplex Reports: gap_Bin_service_p3038_1000_p_1000_RSSV_EXACT_CPMP_BIN.csv
[CALLBACK] Generating reports cplex callbacks...
[CALLBACK] Using BreakCallback...
Time Limit with not improving 1.00% (gap): 120.00 seconds
Time Limit with Gap less than 1%: 120.00 seconds
Default row names c1, c2 ... being created.
Version identifier: 22.1.1.0 | 2022-11-28 | 9160aff4d
CPXPARAM_TimeLimit                               2099
Legacy callback                                  i
Tried aggregator 1 time.
MIP Presolve eliminated 4425265 rows and 4425265 columns.
Reduced MIP has 4539 rows, 133235 columns, and 266470 nonzeros.
Reduced MIP has 133235 binaries, 0 generals, 0 SOSs, and 0 indicators.
Presolve time = 7.64 sec. (2969.37 ticks)
Tried aggregator 1 time.
Detecting symmetries...
Reduced MIP has 4539 rows, 133235 columns, and 266470 nonzeros.
Reduced MIP has 133235 binaries, 0 generals, 0 SOSs, and 0 indicators.
Presolve time = 0.86 sec. (254.28 ticks)
Probing time = 1.79 sec. (21.51 ticks)
Clique table members: 129180.
MIP emphasis: balance optimality and feasibility.
MIP search method: dynamic search.
Parallel mode: deterministic, using up to 32 threads.
Root relaxation solution time = 1.15 sec. (145.22 ticks)

        Nodes                                         Cuts/
   Node  Left     Objective  IInf  Best Integer    Best Bound    ItCnt     Gap

*     0+    0                       250300.2771        0.0000           100.00%
*     0+    0                       199065.7683        0.0000           100.00%
      0     0    78112.6014  1315   199065.7683    78112.6014     1342   60.76%
Time: 43.37 seconds
MIP Gap: 0.61
Nodes: 0
Best Objective: 78112.601426261026063
Incumbent Obj:  199065.768325715238461
*     0+    0                       183259.5638    78112.6014            57.38%
*     0+    0                       182961.2531    78112.6014            57.31%
      0     0    85611.4059  1560   182961.2531    Cuts: 1234     3425   53.21%
      0     0    95040.1635  2125   182961.2531    Cuts: 1234     5163   48.05%
Time: 49.448230028152466 seconds
MIP Gap: 0.480544859330144
Nodes: 0
Best Objective: 95040.163465779594844
Incumbent Obj:  182961.253099203109741
      0     0    98108.9088  2218   182961.2531    Cuts: 1234     6668   46.38%
Time: 70.673712968826294 seconds
MIP Gap: 0.463772208059224
Nodes: 0
Best Objective: 98108.908760103062377
Incumbent Obj:  182961.253099203109741
      0     0   100728.0959  2143   182961.2531    Cuts: 1234     8326   44.95%
      0     0   101660.8432  2038   182961.2531    Cuts: 1234     9800   44.44%
Detecting symmetries...
      0     0   102087.2550  2086   182961.2531    Cuts: 1041    10720   44.20%
      0     0   102290.3933  1436   182961.2531     Cuts: 727    11380   44.09%
Time: 75.869909048080444 seconds
MIP Gap: 0.440917726803514
Nodes: 0
Best Objective: 102290.393289579995326
Incumbent Obj:  182961.253099203109741
      0     0   102416.1905  1571   182961.2531     Cuts: 406    11900   44.02%
      0     0   102491.9454  1268   182961.2531     Cuts: 368    12269   43.98%
      0     0   102537.9754  1326   182961.2531     Cuts: 258    12521   43.96%
      0     0   102584.7240  1449   182961.2531     Cuts: 248    12869   43.93%
      0     0   102609.9669  1381   182961.2531     Cuts: 267    13162   43.92%
      0     0   102646.1503  1337   182961.2531     Cuts: 238    13453   43.90%
Time: 81.490392923355103 seconds
MIP Gap: 0.438973287500409
Nodes: 0
Best Objective: 102646.150341051514260
Incumbent Obj:  182961.253099203109741
      0     0   102669.7496  1053   182961.2531     Cuts: 178    13669   43.88%
      0     0   102680.4487  1110   182961.2531     Cuts: 135    13837   43.88%
      0     0   102689.5022   992   182961.2531     Cuts: 116    13982   43.87%
      0     0   102695.7251  1016   182961.2531      Cuts: 99    14067   43.87%
*     0+    0                       103454.8993   102695.7251             0.73%
Detecting symmetries...
Time: 107.468913078308105 seconds
MIP Gap: 0.007338214316379
Nodes: 0
Best Objective: 102695.725064056940028
Incumbent Obj:  103454.899287105130497
      0     2   102695.7251  1016   103454.8993   102695.7251    14067    0.73%
Elapsed time = 84.52 sec. (23940.13 ticks, tree = 0.02 MB, solutions = 5)
     15     8   102703.6817  1041   103454.8993   102697.6941    14110    0.73%
     54    45   102707.0812   963   103454.8993   102697.6941    14635    0.73%
Time: 112.626209974288940 seconds
MIP Gap: 0.007305622391520
Nodes: 99
Best Objective: 102699.096858360760962
Incumbent Obj:  103454.899287105130497
    111    92   102741.4993   723   103454.8993   102699.0969    15239    0.73%
    182   173   102719.9097   826   103454.8993   102699.9418    15946    0.73%
    223   208   102715.7740   834   103454.8993   102700.1387    16523    0.73%
    292   262   102739.6910   871   103454.8993   102701.7435    17044    0.73%
Time: 118.030391931533813 seconds
MIP Gap: 0.007278196562742
Nodes: 331
Best Objective: 102701.934194714936893
Incumbent Obj:  103454.899287105130497
    399   325   102779.8460   727   103454.8993   102701.9342    17750    0.73%
    508   417   102726.8378   628   103454.8993   102701.9370    18744    0.73%
    594   554   102789.7064   447   103454.8993   102702.0144    20557    0.73%
Time: 123.221136093139648 seconds
MIP Gap: 0.007266917050398
Nodes: 596
Best Objective: 102703.101115528406808
Incumbent Obj:  103454.899287105130497
Time: 128.489875078201294 seconds
MIP Gap: 0.007260383335572
Nodes: 818
Best Objective: 102703.777060337786679
Incumbent Obj:  103454.899287105130497
    994   914   102789.2557   428   103454.8993   102703.7771    25619    0.73%
Elapsed time = 108.83 sec. (27083.35 ticks, tree = 56.94 MB, solutions = 5)
Time: 134.125557899475098 seconds
MIP Gap: 0.007255963590025
Nodes: 1027
Best Objective: 102704.234304668221739
Incumbent Obj:  103454.899287105130497
Time: 140.429754972457886 seconds
MIP Gap: 0.007251903810850
Nodes: 1202
Best Objective: 102704.654308713856153
Incumbent Obj:  103454.899287105130497
   1414  1187   102783.7062   382   103454.8993   102704.6543    29147    0.73%
*  1525+ 1013                       103222.8996   102704.9755             0.50%
Time: 146.106544017791748 seconds
MIP Gap: 0.007248799291562
Nodes: 1569
Best Objective: 102704.975486444134731
Incumbent Obj:  103454.899287105130497
*  1705+ 1013                       103069.2248   102704.9755             0.35%
*  1874+ 1013                       103063.8043   102704.9755             0.35%
*  1909+  993                       102993.6741   102704.9755             0.28%
   2039  1807   102792.1252   283   102993.6741   102704.9755    38408    0.28%
Time: 153.647027015686035 seconds
MIP Gap: 0.002803071505756
Nodes: 1915
Best Objective: 102704.975486444134731
Incumbent Obj:  102993.674119642048026
Time: 159.550650119781494 seconds
MIP Gap: 0.002803071505756
Nodes: 1953
Best Objective: 102704.975486444134731
Incumbent Obj:  102993.674119642048026
Time: 165.916311025619507 seconds
MIP Gap: 0.002803071505756
Nodes: 2027
Best Objective: 102704.975486444134731
Incumbent Obj:  102993.674119642048026
   2231  1951   102818.3213   777   102993.6741   102704.9755    42882    0.28%
Time: 171.184379100799561 seconds
MIP Gap: 0.002803071505756
Nodes: 2122
Best Objective: 102704.975486444134731
Incumbent Obj:  102993.674119642048026
   2555  2153   102858.9768   358   102993.6741   102704.9755    47124    0.28%
Time: 179.182557106018066 seconds
MIP Gap: 0.002803071505756
Nodes: 2424
Best Objective: 102704.975486444134731
Incumbent Obj:  102993.674119642048026
   2786  2429   102980.6495   129   102993.6741   102704.9755    53947    0.28%
Time: 186.253674030303955 seconds
MIP Gap: 0.002803071505756
Nodes: 2598
Best Objective: 102704.975486444134731
Incumbent Obj:  102993.674119642048026
*  3120+ 2602                       102926.1060   102704.9755             0.21%
   3135  2633   102936.3529   228   102926.1060   102704.9755    58390    0.21%
*  3162+ 2591                       102867.3977   102704.9755             0.16%
Time: 201.510582923889160 seconds
MIP Gap: 0.001578947499176
Nodes: 3036
Best Objective: 102704.975486444134731
Incumbent Obj:  102867.397706799994921
   3337  2161   102765.2652   710   102867.3977   102704.9755    65017    0.16%
   3516  2328   102794.6902   395   102867.3977   102704.9755    67066    0.16%
Time: 207.318562984466553 seconds
MIP Gap: 0.001578947499176
Nodes: 3211
Best Objective: 102704.975486444134731
Incumbent Obj:  102867.397706799994921
*  3609+ 2295                       102842.5484   102704.9755             0.13%
*  3637+ 2295                       102830.0766   102704.9755             0.12%
*  3709+ 2416                       102822.5784   102704.9755             0.11%
Time: 213.460077047348022 seconds
MIP Gap: 0.001216580713762
Nodes: 3406
Best Objective: 102704.975486444134731
Incumbent Obj:  102830.076574399223318
   3750  2470   102824.7164   408   102822.5784   102704.9755    70016    0.11%
Time: 218.931885957717896 seconds
MIP Gap: 0.001143745895171
Nodes: 3527
Best Objective: 102704.975486444134731
Incumbent Obj:  102822.578388406749582
*  3900+ 2125                       102814.3449   102704.9755             0.11%
   3904  2127   102746.9503   363   102814.3449   102704.9755    72172    0.11%
Elapsed time = 198.77 sec. (36654.95 ticks, tree = 186.37 MB, solutions = 27)
Time: 225.942537069320679 seconds
MIP Gap: 0.001063756032138
Nodes: 3744
Best Objective: 102704.975486444134731
Incumbent Obj:  102814.344865985665820
   4061  2129   102791.2984   333   102814.3449   102704.9755    73821    0.11%
Time: 231.792344093322754 seconds
MIP Gap: 0.001063756032138
Nodes: 3896
Best Objective: 102704.975486444134731
Incumbent Obj:  102814.344865985665820
Stopping optimization: Gap is less than 1% for more than 120.00 seconds.
   4280  2292   102750.9926   772   102814.3449   102704.9755    77397    0.11%
Time: 248.96 seconds
MIP Gap: 0.00
Nodes: 4282
Best Objective: 102705.522885140322614
Incumbent Obj:  102814.344865985665820
Stopping optimization: Gap is less than 1% for more than 120.00 seconds.

Clique cuts applied:  1401
Cover cuts applied:  2584
Flow cuts applied:  422
Mixed integer rounding cuts applied:  513
Zero-half cuts applied:  1631
Gomory fractional cuts applied:  66

Root node processing (before b&c):
  Real time             =   79.19 sec. (24983.28 ticks)
Parallel b&c, 32 threads:
  Real time             =  156.38 sec. (16779.19 ticks)
  Sync time (average)   =   97.69 sec.
  Wait time (average)   =    0.00 sec.
                          ------------
Total (root+branch&cut) =  235.57 sec. (41762.47 ticks)
[INFO] Saving variables cplex:
./outputs/solutions/2024-08-28_LIT_seed_500_Subp_nxC/VarsValues_cplex/test_lit_p3038_1000_CPMP_Vars_Bin_p_1000_RSSV_EXACT_CPMP_BIN.txt
[INFO] Saving results cplex: 
./outputs/solutions/2024-08-28_LIT_seed_500_Subp_nxC/Results_cplex/test_lit_p3038_1000_Bin_RSSV_EXACT_CPMP_BIN.csv

Final solution CPMP:
p locations: 525 92 3003 2668 2615 2978 2507 2712 2533 1930 2928 737 1372 979 1073 1412 2308 362 2897 1788 1832 2151 659 1586 549 1845 2080 1755 1584 696 1480 2643 1150 2357 2855 2866 418 283 2211 377 380 2217 2860 1778 385 390 359 1033 76 2335 2331 64 2947 167 1460 2318 2910 996 9 872 2365 1340 2362 2803 1310 2940 214 212 1342 1471 2453 960 2961 2345 2474 981 1667 174 1665 172 2921 117 2268 124 128 138 2256 1464 1019 902 153 856 161 2236 1274 345 348 2952 1344 3008 2302 866 2491 267 1012 1013 1016 2888 2468 732 1959 1609 1970 1593 95 1588 84 1979 2221 728 1123 1656 162 1655 2608 897 2396 1639 1531 2739 2020 914 912 707 1552 2857 1364 1988 725 1995 1216 1488 1551 57 1218 2266 773 1161 1849 1759 777 1154 1132 2625 2665 2666 1820 1806 2248 755 2635 1795 1789 1784 746 201 1694 1682 2610 2633 1140 1731 1730 1183 2676 917 2410 1720 1716 1918 425 1893 2125 1245 2128 2970 2136 2971 1802 309 306 2146 2794 1083 1296 2538 1069 2535 3035 2797 2176 1046 1043 2523 1041 851 427 2845 843 493 482 1254 2528 304 2748 1957 464 2828 1060 2847 2761 1234 639 2770 628 680 550 2043 1105 691 2423 687 2045 2752 565 2049 2556 2313 820 2755 2061 2110 617 586 2377 884 1240 573 2386 2098 605 2780 564 615 611 2731 1238 2089 598 2091 354 2212 719 358 1977 1910 2310 817 2182 749 2242 1568 1446 2787 2447 955 1815 322 834 567 2286 808 1214 1985 2703 1257 2750 60 2295 802 2554 2296 2193 700 1409 2757 619 1328 560 1089 1632 2416 923 2341 1295 958 249 711 2204 2913 112 888 179 3015 2875 160 2996 2287 794 1966 1629 2334 841 132 645 1400 1438 20 799 2292 1583 2055 265 764 1473 55 1548 1518 2227 1034 2382 1391 1054 2065 1356 973 2391 948 239 1732 208 2503 1644 935 2428 2764 1271 528 1702 993 546 2039 1299 2404 1462 2955 2246 858 2276 783 74 1144 325 1818 479 2606 1113 1897 404 2819 18 663 2011 1302 2720 806 97 480 1278 569 1738 1064 790 2208 2360 2233 1524 2974 51 2178 685 1862 1078 868 792 1501 1236 2392 899 2282 155 1573 80 1336 999 290 588 251 2999 1506 1581 88 2924 1499 6 2842 186 1604 1534 1906 2882 2525 503 805 1514 21 2932 1439 730 3005 1512 2930 63 984 1902 1121 1156 929 1713 220 1266 447 1940 1231 1976 461 1170 316 1809 2518 1840 2116 2114 1330 2823 2191 1482 2024 1419 402 2465 1467 131 1926 433 2604 767 692 2185 1934 1919 2774 1281 2872 169 1662 3010 988 1697 1427 2435 1761 2262 135 946 1286 612 2030 1332 173 756 2655 1162 453 1836 1378 2871 2162 744 2197 779 2826 1408 2003 510 666 1003 926 113 2240 450 3023 289 1782 364 2119 701 2443 950 1092 2585 2965 293 2420 2807 411 2096 2244 1591 98 1221 1076 2569 1860 149 1642 933 1305 1084 375 906 2324 47 3033 40 1725 2781 1096 517 1935 1673 180 1598 1528 2029 444 1937 252 1670 1635 142 2269 2699 1206 195 387 1880 1398 2409 1700 2408 578 2071 2172 679 2806 2881 1388 2101 608 2558 1065 1774 2076 2127 1793 300 2051 1686 193 1204 1197 2690 2016 2725 148 485 2087 594 1318 499 1992 1283 650 2777 1998 1289 231 940 1097 2590 2253 423 1916 1991 498 1964 471 2462 1753 335 1114 2799 440 2531 1038 2031 1974 2683 2552 1059 1768 1202 1684 191 2374 15 1433 2471 2401 1727 571 2064 646 1355 2732 1324 2817 2791 2986 976 1380 2728 2678 1260 708 3020 34 2915 1338 2831 2368 875 1135 757 2442 44 3030 2321 1612 2693 2356 1174 465 1053 2546 235 305 1842 2516 1650 157 759 2252 1844 351 2478 2542 1049 2467 2205 712 907 2400 2220 811 1152 443 2038 2111 2820 652 1361 778 1393 1182 2600 217 1710 1263 554 1198 489 12 1505 1229 520 2013 2682 1580 1320 2813 2636 1275 2768 1350 1100 2593 1772 2179 1072 1856 438 1374 2487 2153 1444 2937 26 1519 3012 101 1594 2638 1929 436 2563 1614 121 2323 830 1167 2660 2026 533 1951 2735 1242 1877 2656 901 2319 310 2437 1872 870 2363 2460 967 28 1521 103 1110 2801 1383 674 1570 1495 2988 786 2279 861 2354 1706 288 254 2459 475 1184 2168 1866 373 1082 2650 1834 1125 2508 1015 1766 342 1051 581 1290 2708 506 814 456 1874 1165 2583 307 1800 1353 644 2137 2579 452 2235 476 1824 668 1589 2141 798 89 1432 2925 1139 430 2688 1270 561 2035 2157 1448 739 1384 164 1486 2904 2889 762 1291 2000 432 1563 854 1104 395 366 1859 2568 1509 1497 2990 1886 2595 2482 989 280 256 185 2573 1864 371 1869 2943 2355 2982 2273 780 2907 216 2343 2745 1252 877 221 1487 2980 144 853 2346 1415 2124 631 1265 2758 1179 330 964 2457 1316 1441 2150 1752 33 2160 210 919 1426 837 1546 1792 2501 1953 535 1365 246 2297 879 2372 2187 1600 891 1158 2651 1687 1360 641 2134 1026 544 2706 1213 1967 277 1770 2808 1900 407 1817 2717 1224 205 2622 1129 1913 420 1369 1882 230 2169 1250 2743 2718 2084 591 846 847 2340 397 1211 771 2627 500 243 1661 1406 2909 1004 2497 2033 540 2685 1192 120 2068 575 1558 2868 1334 187 1680 1704 416 1909 2619 1256 1561 992 2485 1689 1675 2231 970 2380 2144 81 1574 
p size: 1000
objective: 102814.344865977647714
sum (dij * xij) 
demand/capacity: 153240.000000000000000/191000
Solution is Feasible
Statistics:
Max distance: 287.141080307224570
Min distance: 0.000000000000000
Avg distance: 33.842773161941295
Std deviation distance: 30.435993820652033


Final total elapsed time: 582s
[INFO] Saving assignment: ./outputs/solutions/2024-08-28_LIT_seed_500_Subp_nxC/Assignments/test_lit_p3038_1000_p_1000_RSSV_EXACT_CPMP_BIN.txt
[INFO] Saving results: ./outputs/solutions/2024-08-28_LIT_seed_500_Subp_nxC/test_lit_p3038_1000_results_RSSV_EXACT_CPMP_BIN.csv
[INFO] Saving all results: ./outputs/solutions/test_all_results.csv
Post Optimization: EXACT_CPMP_BIN


-------------------------------------------------
Post Optimization
-------------------------------------------------
method: EXACT_CPMP_BIN
-------------------------------------------------
Time for post-optimization: 3018.000000000000000s
PostOptimization constructor for Solution_cap
p locations: 525 92 3003 2668 2615 2978 2507 2712 2533 1930 2928 737 1372 979 1073 1412 2308 362 2897 1788 1832 2151 659 1586 549 1845 2080 1755 1584 696 1480 2643 1150 2357 2855 2866 418 283 2211 377 380 2217 2860 1778 385 390 359 1033 76 2335 2331 64 2947 167 1460 2318 2910 996 9 872 2365 1340 2362 2803 1310 2940 214 212 1342 1471 2453 960 2961 2345 2474 981 1667 174 1665 172 2921 117 2268 124 128 138 2256 1464 1019 902 153 856 161 2236 1274 345 348 2952 1344 3008 2302 866 2491 267 1012 1013 1016 2888 2468 732 1959 1609 1970 1593 95 1588 84 1979 2221 728 1123 1656 162 1655 2608 897 2396 1639 1531 2739 2020 914 912 707 1552 2857 1364 1988 725 1995 1216 1488 1551 57 1218 2266 773 1161 1849 1759 777 1154 1132 2625 2665 2666 1820 1806 2248 755 2635 1795 1789 1784 746 201 1694 1682 2610 2633 1140 1731 1730 1183 2676 917 2410 1720 1716 1918 425 1893 2125 1245 2128 2970 2136 2971 1802 309 306 2146 2794 1083 1296 2538 1069 2535 3035 2797 2176 1046 1043 2523 1041 851 427 2845 843 493 482 1254 2528 304 2748 1957 464 2828 1060 2847 2761 1234 639 2770 628 680 550 2043 1105 691 2423 687 2045 2752 565 2049 2556 2313 820 2755 2061 2110 617 586 2377 884 1240 573 2386 2098 605 2780 564 615 611 2731 1238 2089 598 2091 354 2212 719 358 1977 1910 2310 817 2182 749 2242 1568 1446 2787 2447 955 1815 322 834 567 2286 808 1214 1985 2703 1257 2750 60 2295 802 2554 2296 2193 700 1409 2757 619 1328 560 1089 1632 2416 923 2341 1295 958 249 711 2204 2913 112 888 179 3015 2875 160 2996 2287 794 1966 1629 2334 841 132 645 1400 1438 20 799 2292 1583 2055 265 764 1473 55 1548 1518 2227 1034 2382 1391 1054 2065 1356 973 2391 948 239 1732 208 2503 1644 935 2428 2764 1271 528 1702 993 546 2039 1299 2404 1462 2955 2246 858 2276 783 74 1144 325 1818 479 2606 1113 1897 404 2819 18 663 2011 1302 2720 806 97 480 1278 569 1738 1064 790 2208 2360 2233 1524 2974 51 2178 685 1862 1078 868 792 1501 1236 2392 899 2282 155 1573 80 1336 999 290 588 251 2999 1506 1581 88 2924 1499 6 2842 186 1604 1534 1906 2882 2525 503 805 1514 21 2932 1439 730 3005 1512 2930 63 984 1902 1121 1156 929 1713 220 1266 447 1940 1231 1976 461 1170 316 1809 2518 1840 2116 2114 1330 2823 2191 1482 2024 1419 402 2465 1467 131 1926 433 2604 767 692 2185 1934 1919 2774 1281 2872 169 1662 3010 988 1697 1427 2435 1761 2262 135 946 1286 612 2030 1332 173 756 2655 1162 453 1836 1378 2871 2162 744 2197 779 2826 1408 2003 510 666 1003 926 113 2240 450 3023 289 1782 364 2119 701 2443 950 1092 2585 2965 293 2420 2807 411 2096 2244 1591 98 1221 1076 2569 1860 149 1642 933 1305 1084 375 906 2324 47 3033 40 1725 2781 1096 517 1935 1673 180 1598 1528 2029 444 1937 252 1670 1635 142 2269 2699 1206 195 387 1880 1398 2409 1700 2408 578 2071 2172 679 2806 2881 1388 2101 608 2558 1065 1774 2076 2127 1793 300 2051 1686 193 1204 1197 2690 2016 2725 148 485 2087 594 1318 499 1992 1283 650 2777 1998 1289 231 940 1097 2590 2253 423 1916 1991 498 1964 471 2462 1753 335 1114 2799 440 2531 1038 2031 1974 2683 2552 1059 1768 1202 1684 191 2374 15 1433 2471 2401 1727 571 2064 646 1355 2732 1324 2817 2791 2986 976 1380 2728 2678 1260 708 3020 34 2915 1338 2831 2368 875 1135 757 2442 44 3030 2321 1612 2693 2356 1174 465 1053 2546 235 305 1842 2516 1650 157 759 2252 1844 351 2478 2542 1049 2467 2205 712 907 2400 2220 811 1152 443 2038 2111 2820 652 1361 778 1393 1182 2600 217 1710 1263 554 1198 489 12 1505 1229 520 2013 2682 1580 1320 2813 2636 1275 2768 1350 1100 2593 1772 2179 1072 1856 438 1374 2487 2153 1444 2937 26 1519 3012 101 1594 2638 1929 436 2563 1614 121 2323 830 1167 2660 2026 533 1951 2735 1242 1877 2656 901 2319 310 2437 1872 870 2363 2460 967 28 1521 103 1110 2801 1383 674 1570 1495 2988 786 2279 861 2354 1706 288 254 2459 475 1184 2168 1866 373 1082 2650 1834 1125 2508 1015 1766 342 1051 581 1290 2708 506 814 456 1874 1165 2583 307 1800 1353 644 2137 2579 452 2235 476 1824 668 1589 2141 798 89 1432 2925 1139 430 2688 1270 561 2035 2157 1448 739 1384 164 1486 2904 2889 762 1291 2000 432 1563 854 1104 395 366 1859 2568 1509 1497 2990 1886 2595 2482 989 280 256 185 2573 1864 371 1869 2943 2355 2982 2273 780 2907 216 2343 2745 1252 877 221 1487 2980 144 853 2346 1415 2124 631 1265 2758 1179 330 964 2457 1316 1441 2150 1752 33 2160 210 919 1426 837 1546 1792 2501 1953 535 1365 246 2297 879 2372 2187 1600 891 1158 2651 1687 1360 641 2134 1026 544 2706 1213 1967 277 1770 2808 1900 407 1817 2717 1224 205 2622 1129 1913 420 1369 1882 230 2169 1250 2743 2718 2084 591 846 847 2340 397 1211 771 2627 500 243 1661 1406 2909 1004 2497 2033 540 2685 1192 120 2068 575 1558 2868 1334 187 1680 1704 416 1909 2619 1256 1561 992 2485 1689 1675 2231 970 2380 2144 81 1574 
p size: 1000
objective: 102814.344865977647714
sum (dij * xij) 
demand/capacity: 153240.000000000000000/191000
Solution is Feasible
[INFO] Running post-optimization
Time limit: 3018.000000000000000
Max size of the neigh: 2
 ------------------------------------ 

Iteration Post-Optimization: 1
Size of neighborhood: 1
[INFO] Adding MIP start solution
Gap Cplex Reports: gap_Bin_service_p3038_1000_p_1000_RSSV_POSTOPT.csv
[CALLBACK] Generating reports cplex callbacks...
Default row names c1, c2 ... being created.
Version identifier: 22.1.1.0 | 2022-11-28 | 9160aff4d
CPXPARAM_TimeLimit                               3018
CPXPARAM_MIP_Tolerances_LowerCutoff              102705.52288514032
Legacy callback                                  i
1 of 2 MIP starts provided solutions.
MIP start 'm1' defined initial solution with objective 102800.0842.
Tried aggregator 1 time.
MIP Presolve eliminated 9023300 rows and 9023300 columns.
Reduced MIP has 7077 rows, 209182 columns, and 420364 nonzeros.
Reduced MIP has 209182 binaries, 0 generals, 0 SOSs, and 0 indicators.
Presolve time = 16.88 sec. (5987.88 ticks)
Tried aggregator 1 time.
Detecting symmetries...
Reduced MIP has 7077 rows, 209182 columns, and 420364 nonzeros.
Reduced MIP has 209182 binaries, 0 generals, 0 SOSs, and 0 indicators.
Presolve time = 1.45 sec. (428.57 ticks)
Probing time = 2.21 sec. (39.40 ticks)
Clique table members: 201766.
MIP emphasis: balance optimality and feasibility.
MIP search method: dynamic search.
Parallel mode: deterministic, using up to 32 threads.
Root relaxation solution time = 0.71 sec. (289.82 ticks)

        Nodes                                         Cuts/
   Node  Left     Objective  IInf  Best Integer    Best Bound    ItCnt     Gap

*     0+    0                       102800.0842        0.0000           100.00%
      0     0    28438.9133  3205   102800.0842    28438.9133     5083   72.34%
Time: 159.611340999603271 seconds
MIP Gap: 0.723357100873767
Nodes: 0
Best Objective: 28438.913321493258991
Incumbent Obj:  102800.084192714333767
*     0+    0                       102668.2092    28438.9133            72.30%
      0     0    62983.4407  4637   102668.2092    Cuts: 1869     8844   38.65%
Time: 168.427767038345337 seconds
MIP Gap: 0.386534145447232
Nodes: 0
Best Objective: 62983.440674595694873
Incumbent Obj:  102668.209171172551578
      0     0    78575.0533  4215   102668.2092    Cuts: 1869    11817   23.47%
      0     0    83865.9002  3863   102668.2092    Cuts: 1869    14146   18.31%
*     0+    0                        97039.0401    83865.9002            13.58%
      0     0  -1.00000e+75     0    97039.0401    83865.9002    14146   13.58%
Time: 179.333499908447266 seconds
MIP Gap: 0.135750930508060
Nodes: 0
Best Objective: 83865.900150955611025
Incumbent Obj:  97039.040146444429411
      0     0    86836.8275  3256    97039.0401    Cuts: 1869    16331   10.51%
      0     0    88244.4303  3150    97039.0401    Cuts: 1644    17925    9.06%
Detecting symmetries...
Time: 186.085057020187378 seconds
MIP Gap: 0.090629604770854
Nodes: 0
Best Objective: 88244.430290629155934
Incumbent Obj:  97039.040146444429411
      0     0    88852.2610  2651    97039.0401    Cuts: 1167    18981    8.44%
      0     0    89189.2628  2754    97039.0401     Cuts: 820    19886    8.09%
      0     0    89415.8767  2376    97039.0401     Cuts: 720    20639    7.86%
      0     0    89532.4197  2279    97039.0401     Cuts: 532    21209    7.74%
Time: 192.105209112167358 seconds
MIP Gap: 0.077356705461975
Nodes: 0
Best Objective: 89532.419699523190502
Incumbent Obj:  97039.040146444429411
      0     0    89618.7943  2303    97039.0401     Cuts: 392    21644    7.65%
      0     0    89698.0636  2299    97039.0401     Cuts: 377    22155    7.56%
      0     0    89754.8087  2269    97039.0401     Cuts: 292    22514    7.51%
      0     0    89803.0295  2192    97039.0401     Cuts: 242    22817    7.46%
Time: 197.662339925765991 seconds
MIP Gap: 0.074568035684491
Nodes: 0
Best Objective: 89803.029538015587605
Incumbent Obj:  97039.040146444429411
      0     0    89841.2700  1929    97039.0401     Cuts: 198    23112    7.42%
      0     0    89864.7158  2053    97039.0401     Cuts: 212    23314    7.39%
      0     0    89888.3369  2123    97039.0401     Cuts: 155    23570    7.37%
      0     0    89909.3223  2038    97039.0401     Cuts: 152    23778    7.35%
Time: 202.889811038970947 seconds
MIP Gap: 0.073472675116978
Nodes: 0
Best Objective: 89909.322276101331227
Incumbent Obj:  97039.040146444429411
      0     0    89927.5281  1915    97039.0401     Cuts: 132    23955    7.33%
      0     0    89941.7542  2019    97039.0401     Cuts: 135    24133    7.31%
Time: 229.650975942611694 seconds
MIP Gap: 0.073138460325096
Nodes: 0
Best Objective: 89941.754158708339673
Incumbent Obj:  97039.040146444429411
      0     0    89954.3041  2107    97039.0401     Cuts: 107    24344    7.30%
Detecting symmetries...
Time: 286.678780078887939 seconds
MIP Gap: 0.073009131284147
Nodes: 0
Best Objective: 89954.304124705013237
Incumbent Obj:  97039.040146444429411
      0     2    89954.3041  2107    97039.0401    89954.3041    24344    7.30%
Elapsed time = 239.81 sec. (58053.13 ticks, tree = 0.02 MB, solutions = 3)
      6     3    89957.2932  2096    97039.0401    89954.3175    24390    7.30%
     17    13    89969.5090  1995    97039.0401    89956.5306    24637    7.30%
Time: 292.078941106796265 seconds
MIP Gap: 0.072986187512832
Nodes: 20
Best Objective: 89956.530566250759875
Incumbent Obj:  97039.040146444429411
     36    29    89969.6309  2034    97039.0401    89956.5306    25411    7.30%
     53    47    89970.9002  1937    97039.0401    89958.8820    26454    7.30%
     83    68    89978.1819  1581    97039.0401    89959.0461    27599    7.30%
    119    98    89965.9883  1654    97039.0401    89959.0461    28555    7.30%
    148   125    89981.6181  1643    97039.0401    89959.4997    29869    7.30%
    179   156    89971.8515  1842    97039.0401    89961.1743    31111    7.29%
    212   187    89971.2862  2109    97039.0401    89961.1743    32197    7.29%
*   217+   88                        92532.5563    89961.1743             2.78%
Time: 307.832645893096924 seconds
MIP Gap: 0.027788943749453
Nodes: 198
Best Objective: 89961.174273687094683
Incumbent Obj:  92532.556275006383657
*   228+   99                        91829.2282    89961.1743             2.03%
*   239+   90                        91765.9811    89961.1743             1.97%
Time: 313.823081970214844 seconds
MIP Gap: 0.020342694382270
Nodes: 201
Best Objective: 89961.174273687094683
Incumbent Obj:  91829.228198284545215
    256   206    89986.1927  1660    91765.9811    89961.1743    32817    1.97%
Elapsed time = 270.31 sec. (61281.86 ticks, tree = 15.20 MB, solutions = 5)
Time: 324.549712896347046 seconds
MIP Gap: 0.019667493916844
Nodes: 258
Best Objective: 89961.174273687094683
Incumbent Obj:  91765.981149722501868
    306   256    90015.6462  1511    91765.9811    89961.1743    33559    1.97%
Time: 329.600306987762451 seconds
MIP Gap: 0.019667493916844
Nodes: 314
Best Objective: 89961.174273687094683
Incumbent Obj:  91765.981149722501868
    360   309    90006.9250  1488    91765.9811    89961.1743    34379    1.97%
    419   360    90002.4360  1627    91765.9811    89961.1743    35092    1.97%
Time: 337.259254932403564 seconds
MIP Gap: 0.019667493916844
Nodes: 362
Best Objective: 89961.174273687094683
Incumbent Obj:  91765.981149722501868
    453   387    90105.3587  1132    91765.9811    89961.1743    35457    1.97%
Time: 345.820997953414917 seconds
MIP Gap: 0.019667493916844
Nodes: 441
Best Objective: 89961.174273687094683
Incumbent Obj:  91765.981149722501868
    505   441    90117.8239  1091    91765.9811    89961.1743    36230    1.97%
    558   490    90054.6693  1023    91765.9811    89961.1743    36941    1.97%
Time: 351.037103891372681 seconds
MIP Gap: 0.019667493916844
Nodes: 564
Best Objective: 89961.174273687094683
Incumbent Obj:  91765.981149722501868
    714   637    90014.0485  1350    91765.9811    89961.4714    39126    1.97%
Time: 357.333232879638672 seconds
MIP Gap: 0.019664255835696
Nodes: 661
Best Objective: 89961.471419380686712
Incumbent Obj:  91765.981149722501868
    751   673    90174.5358  1013    91765.9811    89961.4714    39667    1.97%
    838   766    90119.1715  1172    91765.9811    89961.4714    41111    1.97%
Time: 363.422828912734985 seconds
MIP Gap: 0.019664255835696
Nodes: 788
Best Objective: 89961.471419380686712
Incumbent Obj:  91765.981149722501868
    926   857    90157.6957   531    91765.9811    89961.4714    42973    1.97%
Elapsed time = 328.24 sec. (71185.93 ticks, tree = 111.69 MB, solutions = 10)
Time: 380.669498920440674 seconds
MIP Gap: 0.019664255835696
Nodes: 921
Best Objective: 89961.471419380686712
Incumbent Obj:  91765.981149722501868
Time: 389.618685960769653 seconds
MIP Gap: 0.019661436878252
Nodes: 1015
Best Objective: 89961.730103776339092
Incumbent Obj:  91765.981149722501868
   1071   991    90033.5901  1075    91765.9811    89961.4714    45836    1.97%
   1306  1131    89971.8308  2011    91765.9811    89962.9928    48312    1.96%
Time: 398.809052944183350 seconds
MIP Gap: 0.019646470636377
Nodes: 1294
Best Objective: 89963.103495646122610
Incumbent Obj:  91765.981149722501868
Time: 405.209969997406006 seconds
MIP Gap: 0.019643698781122
Nodes: 1434
Best Objective: 89963.357857663198956
Incumbent Obj:  91765.981149722501868
   1573  1436    90434.9844   690    91765.9811    89963.3579    54211    1.96%
Time: 413.726636886596680 seconds
MIP Gap: 0.019643698781122
Nodes: 1669
Best Objective: 89963.357857663198956
Incumbent Obj:  91765.981149722501868
   1837  1671    90439.7349   725    91765.9811    89963.3579    59045    1.96%
   2082  1911    90152.4029   629    91765.9811    89963.3579    63398    1.96%
Time: 434.973843097686768 seconds
MIP Gap: 0.019643698781122
Nodes: 1998
Best Objective: 89963.357857663198956
Incumbent Obj:  91765.981149722501868
   2335  2082    90077.4614  1077    91765.9811    89963.3579    67124    1.96%
Time: 440.544358015060425 seconds
MIP Gap: 0.019643698781122
Nodes: 2167
Best Objective: 89963.357857663198956
Incumbent Obj:  91765.981149722501868
Time: 447.726160049438477 seconds
MIP Gap: 0.019643698781122
Nodes: 2487
Best Objective: 89963.357857663198956
Incumbent Obj:  91765.981149722501868
   2812  2371    90246.7913   515    91765.9811    89963.3579    72167    1.96%
Time: 455.969146013259888 seconds
MIP Gap: 0.019643698781122
Nodes: 2894
Best Objective: 89963.357857663198956
Incumbent Obj:  91765.981149722501868
*  3130+ 2731                        91235.6599    89963.3579             1.39%
*  3222+ 2731                        91210.8980    89963.3579             1.37%
   3253  2979    90189.1694   571    91210.8980    89963.3579    83265    1.37%
Time: 466.713342905044556 seconds
MIP Gap: 0.013677533919015
Nodes: 3063
Best Objective: 89963.357857663198956
Incumbent Obj:  91210.898008964664768
*  3357+ 2879                        91015.3853    89963.3579             1.16%
   3372  3048    90465.6349   430    91015.3853    89963.3579    84419    1.16%
   3416  3104    90257.6684   450    91015.3853    89963.3579    86438    1.16%
Elapsed time = 429.50 sec. (80773.21 ticks, tree = 458.02 MB, solutions = 12)
   3501  3133    90225.3394   248    91015.3853    89963.3579    87268    1.16%
*  3504+ 3070                        91012.0539    89963.3579             1.15%
*  3539+ 3070                        90973.8353    89963.3579             1.11%
*  3557+ 3070                        90973.2851    89963.3579             1.11%
Time: 500.553802013397217 seconds
MIP Gap: 0.011101360098517
Nodes: 3329
Best Objective: 89963.357857663198956
Incumbent Obj:  90973.285054397070780
   3629  3233    90231.2892   730    90973.2851    89963.3579    90073    1.11%
*  3677+ 3242                        90937.0565    89963.3579             1.07%
*  3684+ 3242                        90900.5909    89963.3579             1.03%
   3687  3287    90302.4603   376    90900.5909    89963.3579    91504    1.03%
*  3693+ 3242                        90855.8256    89963.3579             0.98%
Time: 509.320961952209473 seconds
MIP Gap: 0.011101360098517
Nodes: 3396
Best Objective: 89963.357857663198956
Incumbent Obj:  90973.285054397070780
   3734  3410    90706.4618   369    90855.8256    89963.3579    95327    0.98%
*  3744+ 3390                        90689.3959    89963.3579             0.80%
Time: 516.719161987304688 seconds
MIP Gap: 0.009822900207143
Nodes: 3431
Best Objective: 89963.357857663198956
Incumbent Obj:  90855.825565430044662
*  3752+ 3390                        90681.0767    89963.3579             0.79%
   3778  3439    90626.1257   499    90681.0767    89963.3579    96732    0.79%
*  3793+ 3423                        90547.2833    89963.3579             0.64%
Time: 523.677352905273438 seconds
MIP Gap: 0.007914758495174
Nodes: 3491
Best Objective: 89963.357857663198956
Incumbent Obj:  90681.076679665100528
*  3817+ 3423                        90514.6616    89963.3579             0.61%
   3830  3488    90326.6068   300    90514.6616    89963.3579    99283    0.61%
*  3834+ 3423                        90505.5125    89963.3579             0.60%
Time: 531.396965026855469 seconds
MIP Gap: 0.005990294019165
Nodes: 3552
Best Objective: 89963.357857663198956
Incumbent Obj:  90505.512487820466049
   3884  3497    90359.8661   402    90505.5125    89963.3579    99620    0.60%
   3947  3377    90006.5436  1485    90505.5125    89963.3579   101290    0.60%
Time: 540.041004896163940 seconds
MIP Gap: 0.005990294019165
Nodes: 3631
Best Objective: 89963.357857663198956
Incumbent Obj:  90505.512487820466049
   4010  3466    90366.5633   314    90505.5125    89963.3579   105029    0.60%
   4121  3537    90308.8586   407    90505.5125    89963.3579   107034    0.60%
Elapsed time = 502.61 sec. (90480.98 ticks, tree = 540.80 MB, solutions = 27)
Time: 551.537044048309326 seconds
MIP Gap: 0.005990294019165
Nodes: 3804
Best Objective: 89963.357857663198956
Incumbent Obj:  90505.512487820466049
   4294  3609    90412.5125   333    90505.5125    89963.3579   109255    0.60%
   4476  3855    90415.1138   500    90505.5125    89963.3579   114754    0.60%
Time: 571.200967073440552 seconds
MIP Gap: 0.005990294019165
Nodes: 4187
Best Objective: 89963.357857663198956
Incumbent Obj:  90505.512487820466049
*  4568+ 3836                        90437.6067    89963.3579             0.52%
   4587  3952    90092.2140   956    90437.6067    89963.3579   116314    0.52%
*  4591+ 3828                        90396.4828    89963.3579             0.48%
   4688  4008    90341.4011   301    90396.4828    89963.3579   117324    0.48%
Time: 585.424998044967651 seconds
MIP Gap: 0.004791391013880
Nodes: 4381
Best Objective: 89963.357857663198956
Incumbent Obj:  90396.482752811381943
   4759  3752    90140.4518   603    90396.4828    89963.3579   121431    0.48%
Time: 592.887156009674072 seconds
MIP Gap: 0.004791391013880
Nodes: 4532
Best Objective: 89963.357857663198956
Incumbent Obj:  90396.482752811381943
   4879  3788    90114.8060  1109    90396.4828    89963.3579   121973    0.48%
   5025  3894    90157.1863   712    90396.4828    89963.3579   125066    0.48%
Time: 606.037286996841431 seconds
MIP Gap: 0.004791391013880
Nodes: 4789
Best Objective: 89963.357857663198956
Incumbent Obj:  90396.482752811381943
   5239  4123    89993.3808  1288    90396.4828    89963.3579   130748    0.48%
*  5264+ 4051                        90353.3235    89963.3579             0.43%
Time: 622.912349939346313 seconds
MIP Gap: 0.004791391013880
Nodes: 5024
Best Objective: 89963.357857663198956
Incumbent Obj:  90396.482752811381943
*  5325+ 4036                        90301.3218    89963.3579             0.37%
   5442  4331    90354.6403   199    90301.3218    89963.3579   137113    0.37%
*  5457+ 4261                        90296.7753    89963.3579             0.37%

Performing restart 1

Repeating presolve.
Tried aggregator 1 time.
MIP Presolve eliminated 0 rows and 4 columns.
MIP Presolve modified 98 coefficients.
Reduced MIP has 7077 rows, 209178 columns, and 420356 nonzeros.
Reduced MIP has 209178 binaries, 0 generals, 0 SOSs, and 0 indicators.
Presolve time = 1.21 sec. (439.91 ticks)
Tried aggregator 1 time.
MIP Presolve modified 18 coefficients.
Reduced MIP has 7077 rows, 209178 columns, and 420356 nonzeros.
Reduced MIP has 209178 binaries, 0 generals, 0 SOSs, and 0 indicators.
Presolve time = 1.61 sec. (509.59 ticks)
Represolve time = 50.67 sec. (9481.39 ticks)
   5472     0    89979.0284  1233    90296.7753     Cuts: 235   160346    0.35%
   5472     0    89991.9317  1426    90296.7753     Cuts: 127   160564    0.34%
   5472     0    90002.5603  1374    90296.7753     Cuts: 118   160771    0.33%
*  5472+    0                        90269.7903    90002.5603             0.30%
   5472     0    90010.3222  1483    90269.7903     Cuts: 142   160964    0.29%
   5472     0    90015.0092  1350    90269.7903      Cuts: 92   161109    0.28%
   5472     0    90020.4872  1556    90269.7903      Cuts: 92   161305    0.28%
   5472     0    90028.8618  1508    90269.7903      Cuts: 99   161461    0.27%
   5472     0    90033.3699  1402    90269.7903      Cuts: 83   161602    0.26%
   5472     0    90039.2499  1239    90269.7903      Cuts: 86   161747    0.26%
   5472     0    90043.3134  1231    90269.7903      Cuts: 77   161890    0.25%
   5472     0    90046.7608  1423    90269.7903      Cuts: 67   161992    0.25%
   5472     0    90050.2129  1282    90269.7903      Cuts: 56   162084    0.24%
   5472     0    90051.4941  1032    90269.7903      Cuts: 56   162166    0.24%
   5472     0    90054.2232  1181    90269.7903      Cuts: 42   162247    0.24%
   5472     0    90056.8920   971    90269.7903      Cuts: 42   162328    0.24%
   5472     0    90059.2661  1063    90269.7903      Cuts: 33   162392    0.23%
   5472     0    90061.3539  1150    90269.7903      Cuts: 39   162457    0.23%
   5472     0    90062.6402  1067    90269.7903      Cuts: 35   162530    0.23%
   5472     0    90063.5338  1073    90269.7903      Cuts: 39   162574    0.23%
*  5472+    0                        90243.9529    90063.5338             0.20%
*  5472+    0                        90232.4350    90063.5338             0.19%
   5472     0  -1.00000e+75     0    90232.4350    90063.5338   162574    0.19%

Repeating presolve.
Tried aggregator 1 time.
MIP Presolve eliminated 0 rows and 83488 columns.
MIP Presolve modified 444 coefficients.
Reduced MIP has 7077 rows, 125690 columns, and 253380 nonzeros.
Reduced MIP has 125690 binaries, 0 generals, 0 SOSs, and 0 indicators.
Presolve time = 0.79 sec. (273.20 ticks)
Tried aggregator 1 time.
MIP Presolve modified 144 coefficients.
Reduced MIP has 7077 rows, 125690 columns, and 253380 nonzeros.
Reduced MIP has 125690 binaries, 0 generals, 0 SOSs, and 0 indicators.
Presolve time = 0.81 sec. (277.28 ticks)
Represolve time = 63.39 sec. (12322.69 ticks)
   5472     0    90065.3910  1077    90232.4350      Cuts: 72   177358    0.19%
   5472     0    90066.6854  1238    90232.4350      Cuts: 39   177434    0.18%
   5472     0    90067.6362  1077    90232.4350      Cuts: 27   177497    0.18%
   5472     0    90068.2893  1175    90232.4350      Cuts: 29   177560    0.18%
   5472     0    90069.5070  1039    90232.4350      Cuts: 31   177602    0.18%
   5472     0    90070.2949  1137    90232.4350      Cuts: 29   177672    0.18%
   5472     0    90071.6078  1138    90232.4350      Cuts: 31   177733    0.18%
   5472     0    90072.5293  1392    90232.4350      Cuts: 35   177822    0.18%
   5472     0    90073.3109  1402    90232.4350      Cuts: 41   177877    0.18%
   5472     0    90073.8181  1244    90232.4350      Cuts: 39   177972    0.18%
   5472     0    90074.3315  1214    90232.4350      Cuts: 14   178015    0.18%
   5472     0    90074.8053  1216    90232.4350      Cuts: 27   178062    0.17%
*  5472+    0                        90216.5774    90074.8053             0.16%
   5472     0    90076.2387  1267    90216.5774      Cuts: 11   178107    0.16%
   5472     0    90076.8131  1271    90216.5774      Cuts: 17   178143    0.15%
   5472     0    90077.3138  1271    90216.5774      Cuts: 19   178185    0.15%
Time: 1173.056386947631836 seconds
MIP Gap: 0.001543658614139
Nodes: 5472
Best Objective: 90077.313811315514613
Incumbent Obj:  90216.577408169789123
   5472     2    90077.3138  1271    90216.5774    90077.3138   178185    0.15%
Elapsed time = 1125.97 sec. (233785.81 ticks, tree = 0.02 MB, solutions = 38)
Time: 1178.290582895278931 seconds
MIP Gap: 0.001535431162008
Nodes: 5482
Best Objective: 90078.056063887575874
Incumbent Obj:  90216.577408169789123
   5499    25    90095.8705   969    90216.5774    90078.0561   178783    0.15%
Time: 1186.729676008224487 seconds
MIP Gap: 0.001516666373881
Nodes: 5532
Best Objective: 90079.748958848169423
Incumbent Obj:  90216.577408169789123
Time: 1192.804754972457886 seconds
MIP Gap: 0.001516666373881
Nodes: 5637
Best Objective: 90079.748958848169423
Incumbent Obj:  90216.577408169789123
   5706   160    90100.5462   921    90216.5774    90079.7490   182158    0.15%
Time: 1198.181087017059326 seconds
MIP Gap: 0.001484666740323
Nodes: 5902
Best Objective: 90082.635856266075280
Incumbent Obj:  90216.577408169789123
   6457   758    90171.5282   661    90216.5774    90082.6359   194563    0.15%
*  6551+   45                        90212.8346    90082.6359             0.14%
Time: 1205.801964998245239 seconds
MIP Gap: 0.001484666740323
Nodes: 6483
Best Objective: 90082.635856266075280
Incumbent Obj:  90216.577408169789123
   7034  1206    90109.0346   309    90212.8346    90082.6359   203313    0.14%
Time: 1212.308677911758423 seconds
MIP Gap: 0.001443239397942
Nodes: 6766
Best Objective: 90082.635856266075280
Incumbent Obj:  90212.834573322310462
   7138  1289    90112.3185   633    90212.8346    90082.6359   204714    0.14%
*  7177+ 1298                        90210.6860    90082.6359             0.14%
*  7211+ 1298                        90191.8448    90082.6359             0.12%
*  7235+ 1326                        90191.8448    90082.6359             0.12%
Time: 1222.420964956283569 seconds
MIP Gap: 0.001210851197309
Nodes: 6953
Best Objective: 90082.635856266075280
Incumbent Obj:  90191.844759480605717
   7269  1324    90181.8362   490    90191.8448    90082.6359   206428    0.12%
   7336  1383    90091.2660  1015    90191.8448    90082.6359   207247    0.12%
Time: 1227.860066890716553 seconds
MIP Gap: 0.001210851197309
Nodes: 7124
Best Objective: 90082.635856266075280
Incumbent Obj:  90191.844759480605717
   7504  1478    90172.8593   815    90191.8448    90082.6359   209487    0.12%
Time: 1234.667670965194702 seconds
MIP Gap: 0.001210851197309
Nodes: 7472
Best Objective: 90082.635856266075280
Incumbent Obj:  90191.844759480605717
   7845  1747    90183.0191   418    90191.8448    90082.6359   213772    0.12%
   8201  2024    90089.8805   898    90191.8448    90083.3030   218840    0.12%
Elapsed time = 1195.56 sec. (243357.51 ticks, tree = 253.84 MB, solutions = 43)
*  8207+ 1894                        90189.9632    90083.3030             0.12%
Time: 1245.796958923339844 seconds
MIP Gap: 0.001182617207958
Nodes: 7952
Best Objective: 90083.302965025330195
Incumbent Obj:  90189.963167452224297
   8322  2114    90154.5293   870    90189.9632    90083.3030   220801    0.12%
   8530  2260        cutoff          90189.9632    90083.3030   222466    0.12%
Time: 1251.901895046234131 seconds
MIP Gap: 0.001182617207958
Nodes: 8223
Best Objective: 90083.302965025330195
Incumbent Obj:  90189.963167452224297
   8855  2546    90177.1399   385    90189.9632    90083.3030   226681    0.12%
Time: 1257.000372886657715 seconds
MIP Gap: 0.001182617207958
Nodes: 8612
Best Objective: 90083.302965025330195
Incumbent Obj:  90189.963167452224297
*  9048+ 2461                        90188.3899    90083.3030             0.12%
*  9070+ 2381                        90185.8578    90083.3030             0.11%
   9294  2918    90119.8247   864    90185.8578    90083.3030   232341    0.11%
Time: 1264.788949012756348 seconds
MIP Gap: 0.001137149589447
Nodes: 8980
Best Objective: 90083.302965025330195
Incumbent Obj:  90185.857776169432327
   9436  2968    90129.4946   703    90185.8578    90083.3030   233882    0.11%
*  9541+ 3039                        90184.2845    90083.3030             0.11%
*  9542+ 3039                        90182.6794    90083.3030             0.11%
   9542  3041    90126.8977   674    90182.6794    90083.3030   234671    0.11%
Time: 1273.185019969940186 seconds
MIP Gap: 0.001101946104743
Nodes: 9166
Best Objective: 90083.302965025330195
Incumbent Obj:  90182.679417324543465
   9631  3033    90169.7868   174    90182.6794    90083.3030   235555    0.11%
   9773  3206    90117.1344   308    90182.6794    90083.3030   238278    0.11%
Time: 1280.392304897308350 seconds
MIP Gap: 0.001101946104743
Nodes: 9475
Best Objective: 90083.302965025330195
Incumbent Obj:  90182.679417324543465
  10118  3408    90179.1115   241    90182.6794    90083.3030   241620    0.11%
Time: 1286.435847043991089 seconds
MIP Gap: 0.001101946104743
Nodes: 9940
Best Objective: 90083.302965025330195
Incumbent Obj:  90182.679417324543465
  10522  3851    90086.2790  1013    90182.6794    90083.3030   247456    0.11%
Elapsed time = 1241.66 sec. (252965.19 ticks, tree = 564.82 MB, solutions = 50)
Time: 1292.796963930130005 seconds
MIP Gap: 0.001101946104743
Nodes: 10435
Best Objective: 90083.302965025330195
Incumbent Obj:  90182.679417324543465
  11048  4348    90110.5565   616    90182.6794    90083.3030   254925    0.11%
Time: 1301.387526035308838 seconds
MIP Gap: 0.001101946104743
Nodes: 11063
Best Objective: 90083.302965025330195
Incumbent Obj:  90182.679417324543465
  11792  4940    90176.8585   545    90182.6794    90083.3030   264010    0.11%
Time: 1306.941660881042480 seconds
MIP Gap: 0.001101946104743
Nodes: 11487
Best Objective: 90083.302965025330195
Incumbent Obj:  90182.679417324543465
  12489  5567    90136.2002   530    90182.6794    90083.3030   274606    0.11%
Time: 1316.809137105941772 seconds
MIP Gap: 0.001101946104743
Nodes: 12348
Best Objective: 90083.302965025330195
Incumbent Obj:  90182.679417324543465
Time: 1321.965785980224609 seconds
MIP Gap: 0.001098910945018
Nodes: 12699
Best Objective: 90083.576683861814672
Incumbent Obj:  90182.679417324543465
  13493  6063    90092.6095   829    90182.6794    90084.1840   282436    0.11%
  14506  7189    90132.7009   942    90182.6794    90085.5017   302366    0.11%
* 14512+ 6130                        90167.6385    90085.5017             0.09%
* 14733+ 6130                        90167.3524    90085.5017             0.09%
Time: 1346.174854993820190 seconds
MIP Gap: 0.000907764684252
Nodes: 14549
Best Objective: 90085.501671669611824
Incumbent Obj:  90167.352409859799081
  15175  6571    90135.2356   623    90167.3524    90085.5017   310385    0.09%
Time: 1354.641371011734009 seconds
MIP Gap: 0.000907764684252
Nodes: 14738
Best Objective: 90085.501671669611824
Incumbent Obj:  90167.352409859799081
  15359  6707    90156.6564   789    90167.3524    90085.5017   312489    0.09%
Time: 1362.303356885910034 seconds
MIP Gap: 0.000907764684252
Nodes: 14900
Best Objective: 90085.501671669611824
Incumbent Obj:  90167.352409859799081
  15625  6936    90097.2559   938    90167.3524    90085.5017   317839    0.09%
Time: 1370.320992946624756 seconds
MIP Gap: 0.000907764684252
Nodes: 15384
Best Objective: 90085.501671669611824
Incumbent Obj:  90167.352409859799081
* 15914+ 6788                        90165.7935    90085.5017             0.09%
  15999  7353    90101.6603   751    90165.7935    90085.5017   324700    0.09%
* 16193+ 7279                        90165.7807    90085.5017             0.09%
Time: 1377.493769884109497 seconds
MIP Gap: 0.000890348720488
Nodes: 15630
Best Objective: 90085.501671669611824
Incumbent Obj:  90165.780659111245768
* 16195+ 7307                        90165.7807    90085.5017             0.09%
  16195  7309    90126.9437   833    90165.7807    90085.5017   326611    0.09%
Elapsed time = 1329.37 sec. (262613.71 ticks, tree = 1131.71 MB, solutions = 54)
* 16196+ 7326                        90165.7807    90085.5017             0.09%
  16289  7352    90153.4070   377    90165.7807    90085.5017   327308    0.09%
Time: 1383.502582073211670 seconds
MIP Gap: 0.000890348720488
Nodes: 15824
Best Objective: 90085.501671669611824
Incumbent Obj:  90165.780659111216664
  16478  7595    90124.6412  1017    90165.7807    90085.5017   331195    0.09%
Time: 1390.096988916397095 seconds
MIP Gap: 0.000890348720488
Nodes: 16237
Best Objective: 90085.501671669611824
Incumbent Obj:  90165.780659111216664
  16820  7855        cutoff          90165.7807    90085.5017   334835    0.09%
  17235  8248    90101.3846   862    90165.7807    90085.5017   341553    0.09%
Time: 1398.201617002487183 seconds
MIP Gap: 0.000890348720488
Nodes: 16761
Best Objective: 90085.501671669611824
Incumbent Obj:  90165.780659111216664
Time: 1403.345279932022095 seconds
MIP Gap: 0.000890348720488
Nodes: 17188
Best Objective: 90085.501671669611824
Incumbent Obj:  90165.780659111216664
  17898  8801    90091.2592  1295    90165.7807    90085.5017   350105    0.09%
Time: 1411.233478069305420 seconds
MIP Gap: 0.000890348720488
Nodes: 17602
Best Objective: 90085.501671669611824
Incumbent Obj:  90165.780659111216664
Time: 1418.676656007766724 seconds
MIP Gap: 0.000890348720488
Nodes: 18083
Best Objective: 90085.501671669611824
Incumbent Obj:  90165.780659111216664
  18569  9358    90100.6199   907    90165.7807    90085.5017   359834    0.09%
Time: 1425.576960086822510 seconds
MIP Gap: 0.000890348720488
Nodes: 18619
Best Objective: 90085.501671669611824
Incumbent Obj:  90165.780659111216664
  19370 10257    90161.0471   390    90165.7807    90086.8715   374674    0.09%
Time: 1431.358540058135986 seconds
MIP Gap: 0.000875156201812
Nodes: 19174
Best Objective: 90086.871516976170824
Incumbent Obj:  90165.780659111216664
Time: 1441.434710979461670 seconds
MIP Gap: 0.000872768954161
Nodes: 19653
Best Objective: 90087.086765024258057
Incumbent Obj:  90165.780659111216664
  20242 10996    90103.7019  1062    90165.7807    90087.0868   387858    0.09%
Time: 1449.881416082382202 seconds
MIP Gap: 0.000872768954161
Nodes: 20266
Best Objective: 90087.086765024258057
Incumbent Obj:  90165.780659111216664
  21252 11902    90138.8745   484    90165.7807    90087.3386   404175    0.09%
Time: 1463.338547945022583 seconds
MIP Gap: 0.000862235810086
Nodes: 21616
Best Objective: 90088.036494182568276
Incumbent Obj:  90165.780659111216664
  22307 12496    90165.3274   242    90165.7807    90088.0365   415651    0.09%
Elapsed time = 1420.24 sec. (272163.88 ticks, tree = 2026.75 MB, solutions = 54)
* 22476+11875                        90156.1429    90088.0365             0.08%
Time: 1474.016861915588379 seconds
MIP Gap: 0.000755426785265
Nodes: 22239
Best Objective: 90088.036494182568276
Incumbent Obj:  90156.142859354702523
  22980 11500    90149.9136   326    90156.1429    90088.8005   427035    0.07%
Time: 1480.080771923065186 seconds
MIP Gap: 0.000755426785265
Nodes: 22360
Best Objective: 90088.036494182568276
Incumbent Obj:  90156.142859354702523
Time: 1485.353240013122559 seconds
MIP Gap: 0.000755426785265
Nodes: 22550
Best Objective: 90088.036494182568276
Incumbent Obj:  90156.142859354702523
  23159 11637    90120.6862   986    90156.1429    90088.8005   430067    0.07%
  23554 11976    90146.1966   428    90156.1429    90088.8005   436064    0.07%
Time: 1493.936943054199219 seconds
MIP Gap: 0.000755426785265
Nodes: 23145
Best Objective: 90088.036494182568276
Incumbent Obj:  90156.142859354702523
  24018 12292    90130.8858   763    90156.1429    90088.8005   442095    0.07%
Time: 1499.470704078674316 seconds
MIP Gap: 0.000755426785265
Nodes: 23490
Best Objective: 90088.036494182568276
Incumbent Obj:  90156.142859354702523
Time: 1511.388542890548706 seconds
MIP Gap: 0.000755426785265
Nodes: 24012
Best Objective: 90088.036494182568276
Incumbent Obj:  90156.142859354702523
  24741 12762    90143.2109   938    90156.1429    90088.8005   451181    0.07%
Time: 1519.486582040786743 seconds
MIP Gap: 0.000755426785265
Nodes: 24617
Best Objective: 90088.036494182568276
Incumbent Obj:  90156.142859354702523
  25408 13444    90102.6677   797    90156.1429    90088.8005   463730    0.07%
Time: 1532.162781953811646 seconds
MIP Gap: 0.000755426785265
Nodes: 25205
Best Objective: 90088.036494182568276
Incumbent Obj:  90156.142859354702523
* 26048+13823                        90138.5187    90088.8005             0.06%
  26053 14106    90149.8150   437    90138.5187    90088.8005   475473    0.06%
Time: 1540.123291015625000 seconds
MIP Gap: 0.000560051814546
Nodes: 25632
Best Objective: 90088.036494182568276
Incumbent Obj:  90138.518735160672804
  26364  9733    90126.8936   666    90138.5187    90088.8005   480176    0.06%
Time: 1547.971091985702515 seconds
MIP Gap: 0.000560051814546
Nodes: 25956
Best Objective: 90088.036494182568276
Incumbent Obj:  90138.518735160672804
  26578  9891    90124.9043   627    90138.5187    90088.8005   484017    0.06%
Time: 1557.497994899749756 seconds
MIP Gap: 0.000560051814546
Nodes: 26591
Best Objective: 90088.036494182568276
Incumbent Obj:  90138.518735160672804
Time: 1563.425184965133667 seconds
MIP Gap: 0.000560051814546
Nodes: 27065
Best Objective: 90088.036494182568276
Incumbent Obj:  90138.518735160672804
Time: 1570.726125955581665 seconds
MIP Gap: 0.000560051814546
Nodes: 27631
Best Objective: 90088.036494182568276
Incumbent Obj:  90138.518735160672804
Time: 1578.141007900238037 seconds
MIP Gap: 0.000560051814546
Nodes: 28226
Best Objective: 90088.036494182568276
Incumbent Obj:  90138.518735160672804
  28933 11465    90135.9054   732    90138.5187    90088.8005   518469    0.06%
Elapsed time = 1533.15 sec. (284579.37 ticks, tree = 1827.57 MB, solutions = 56)
Time: 1586.508090972900391 seconds
MIP Gap: 0.000560051814546
Nodes: 28870
Best Objective: 90088.036494182568276
Incumbent Obj:  90138.518735160672804
Time: 1595.522469043731689 seconds
MIP Gap: 0.000560051814546
Nodes: 29521
Best Objective: 90088.036494182568276
Incumbent Obj:  90138.518735160672804
Time: 1605.118778944015503 seconds
MIP Gap: 0.000515542997561
Nodes: 30385
Best Objective: 90092.048453016279382
Incumbent Obj:  90138.518735160672804
Time: 1614.442348957061768 seconds
MIP Gap: 0.000515542997561
Nodes: 31273
Best Objective: 90092.048453016279382
Incumbent Obj:  90138.518735160672804
  32499 14369    90124.6043   428    90138.5187    90094.5913   577702    0.05%
Time: 1626.559279918670654 seconds
MIP Gap: 0.000487332800054
Nodes: 32097
Best Objective: 90094.591278432752006
Incumbent Obj:  90138.518735160672804
Time: 1636.052368879318237 seconds
MIP Gap: 0.000484561918775
Nodes: 32862
Best Objective: 90094.841041566804051
Incumbent Obj:  90138.518735160672804
Time: 1647.393229961395264 seconds
MIP Gap: 0.000477719525891
Nodes: 33639
Best Objective: 90095.457804726000177
Incumbent Obj:  90138.518735160672804
Time: 1656.593070983886719 seconds
MIP Gap: 0.000477719525891
Nodes: 34419
Best Objective: 90095.457804726000177
Incumbent Obj:  90138.518735160672804
Time: 1666.486417055130005 seconds
MIP Gap: 0.000473646040699
Nodes: 35195
Best Objective: 90095.824982647318393
Incumbent Obj:  90138.518735160672804
  36119 17122    90130.6668   291    90138.5187    90096.0424   634393    0.05%
Time: 1676.539494991302490 seconds
MIP Gap: 0.000470194109887
Nodes: 35965
Best Objective: 90096.136134577449411
Incumbent Obj:  90138.518735160672804
Time: 1686.754425048828125 seconds
MIP Gap: 0.000470180043166
Nodes: 36714
Best Objective: 90096.137402530832333
Incumbent Obj:  90138.518735160672804
Time: 1703.629160881042480 seconds
MIP Gap: 0.000465743506325
Nodes: 37933
Best Objective: 90096.537305390025722
Incumbent Obj:  90138.518735160672804
Time: 1716.359244108200073 seconds
MIP Gap: 0.000465743506325
Nodes: 38872
Best Objective: 90096.537305390025722
Incumbent Obj:  90138.518735160672804
* 39454+17627                        90132.3628    90096.5373             0.04%
  39711 19560    90133.2537   468    90132.3628    90096.5373   684334    0.04%
Time: 1725.688266992568970 seconds
MIP Gap: 0.000393186530114
Nodes: 39218
Best Objective: 90096.924011729366612
Incumbent Obj:  90132.362842726448434
Time: 1732.825359106063843 seconds
MIP Gap: 0.000391918790558
Nodes: 39465
Best Objective: 90097.038276090999716
Incumbent Obj:  90132.362842726448434
Time: 1746.238611936569214 seconds
MIP Gap: 0.000391918790558
Nodes: 39866
Best Objective: 90097.038276090999716
Incumbent Obj:  90132.362842726448434
  41111 17051    90117.9434   672    90132.3628    90097.0383   703487    0.04%
Time: 1756.561063051223755 seconds
MIP Gap: 0.000391918790558
Nodes: 40462
Best Objective: 90097.038276090999716
Incumbent Obj:  90132.362842726448434
Time: 1766.057111978530884 seconds
MIP Gap: 0.000391066261892
Nodes: 41145
Best Objective: 90097.115116514032707
Incumbent Obj:  90132.362842726448434
Time: 1778.823545932769775 seconds
MIP Gap: 0.000391066261892
Nodes: 41974
Best Objective: 90097.115116514032707
Incumbent Obj:  90132.362842726448434
Time: 1791.541975021362305 seconds
MIP Gap: 0.000391066261892
Nodes: 42841
Best Objective: 90097.115116514032707
Incumbent Obj:  90132.362842726448434
  43993 19054    90125.5693   860    90132.3628    90097.1151   753461    0.04%
Time: 1803.643095970153809 seconds
MIP Gap: 0.000391066261892
Nodes: 43753
Best Objective: 90097.115116514032707
Incumbent Obj:  90132.362842726448434
Time: 1816.204562902450562 seconds
MIP Gap: 0.000389733238098
Nodes: 44710
Best Objective: 90097.235265098322998
Incumbent Obj:  90132.362842726448434
Time: 1830.836628913879395 seconds
MIP Gap: 0.000378501305034
Nodes: 46019
Best Objective: 90098.247625764663098
Incumbent Obj:  90132.362842726448434
Time: 1845.494590044021606 seconds
MIP Gap: 0.000369175734275
Nodes: 47139
Best Objective: 90099.088161492079962
Incumbent Obj:  90132.362842726448434
  47813 21435        cutoff          90132.3628    90099.1862   813879    0.04%
Time: 1860.167495012283325 seconds
MIP Gap: 0.000367640306018
Nodes: 48216
Best Objective: 90099.226553268847056
Incumbent Obj:  90132.362842726448434
Time: 1874.708750963211060 seconds
MIP Gap: 0.000361452120978
Nodes: 49372
Best Objective: 90099.784309008187847
Incumbent Obj:  90132.362842726448434
Time: 1889.387140989303589 seconds
MIP Gap: 0.000356151185787
Nodes: 50730
Best Objective: 90100.262094822261133
Incumbent Obj:  90132.362842726448434
  52015 23963    90125.5992   559    90132.3628    90100.3116   883338    0.04%
* 52436+23546                        90127.5072    90100.3116             0.03%
Time: 1909.292301893234253 seconds
MIP Gap: 0.000299321145637
Nodes: 51971
Best Objective: 90100.530164032985340
Incumbent Obj:  90127.507232751289848
Time: 1917.522640943527222 seconds
MIP Gap: 0.000299321145637
Nodes: 52284
Best Objective: 90100.530164032985340
Incumbent Obj:  90127.507232751289848
  53749 20449    90116.5055   970    90127.5072    90100.5302   919606    0.03%
Time: 1927.261054992675781 seconds
MIP Gap: 0.000299321145637
Nodes: 52770
Best Objective: 90100.530164032985340
Incumbent Obj:  90127.507232751289848
Time: 1940.761059999465942 seconds
MIP Gap: 0.000299321145637
Nodes: 53559
Best Objective: 90100.530164032985340
Incumbent Obj:  90127.507232751289848
Time: 1952.382797002792358 seconds
MIP Gap: 0.000299299152810
Nodes: 54502
Best Objective: 90100.532146191631909
Incumbent Obj:  90127.507232751289848
  56333 21924        cutoff          90127.5072    90100.5321   974824    0.03%
Time: 1969.012588024139404 seconds
MIP Gap: 0.000296513844153
Nodes: 55663
Best Objective: 90100.783179117745021
Incumbent Obj:  90127.507232751289848
Time: 1990.217154979705811 seconds
MIP Gap: 0.000294603220000
Nodes: 56694
Best Objective: 90100.955378909915453
Incumbent Obj:  90127.507232751289848
Time: 2003.742275953292847 seconds
MIP Gap: 0.000288158271142
Nodes: 57465
Best Objective: 90101.536246084797313
Incumbent Obj:  90127.507232751289848
  58728 22946        cutoff          90127.5072    90101.5362  1013254    0.03%
Elapsed time = 1966.30 sec. (322732.24 ticks, tree = 3868.13 MB, solutions = 58)
Nodefile size = 1810.09 MB (1484.25 MB after compression)
Time: 2016.395478010177612 seconds
MIP Gap: 0.000288158271142
Nodes: 58240
Best Objective: 90101.536246084797313
Incumbent Obj:  90127.507232751289848
* 58907+22202                        90127.2211    90101.5362             0.03%
* 59074+22253                        90127.2211    90101.5362             0.03%
* 59286+22288                        90127.2211    90101.5362             0.03%
Time: 2030.094069004058838 seconds
MIP Gap: 0.000284984460361
Nodes: 59064
Best Objective: 90101.536246084797313
Incumbent Obj:  90127.221103554795263
Time: 2041.842772006988525 seconds
MIP Gap: 0.000282824856271
Nodes: 59220
Best Objective: 90101.730885199998738
Incumbent Obj:  90127.221103554693400
  60475 23339    90123.2633  1072    90127.2211    90101.7309  1045575    0.03%
Time: 2050.635483026504517 seconds
MIP Gap: 0.000280305098017
Nodes: 59554
Best Objective: 90101.957984009306529
Incumbent Obj:  90127.221103554693400
Time: 2058.781209945678711 seconds
MIP Gap: 0.000280305098017
Nodes: 60015
Best Objective: 90101.957984009306529
Incumbent Obj:  90127.221103554693400
  61727 23753    90109.9577   589    90127.2211    90101.9904  1064440    0.03%
Time: 2072.147017002105713 seconds
MIP Gap: 0.000279945046233
Nodes: 60671
Best Objective: 90101.990434476043447
Incumbent Obj:  90127.221103554693400
Time: 2082.592988967895508 seconds
MIP Gap: 0.000279945046233
Nodes: 61214
Best Objective: 90101.990434476043447
Incumbent Obj:  90127.221103554693400
Time: 2095.765451908111572 seconds
MIP Gap: 0.000279945046233
Nodes: 61917
Best Objective: 90101.990434476043447
Incumbent Obj:  90127.221103554693400
  63164 24336    90121.6830   386    90127.2211    90101.9904  1092920    0.03%
Time: 2106.705485105514526 seconds
MIP Gap: 0.000279945046233
Nodes: 62536
Best Objective: 90101.990434476043447
Incumbent Obj:  90127.221103554693400
Time: 2121.211098909378052 seconds
MIP Gap: 0.000279945046233
Nodes: 63450
Best Objective: 90101.990434476043447
Incumbent Obj:  90127.221103554693400
  64931 25056    90122.6654   709    90127.2211    90102.0105  1129072    0.03%
Time: 2132.192981958389282 seconds
MIP Gap: 0.000279722579016
Nodes: 63986
Best Objective: 90102.010484828075278
Incumbent Obj:  90127.221103554693400
Time: 2147.372209072113037 seconds
MIP Gap: 0.000279722579016
Nodes: 64816
Best Objective: 90102.010484828075278
Incumbent Obj:  90127.221103554693400
  66534 25650        cutoff          90127.2211    90102.0105  1167011    0.03%
Time: 2161.115240097045898 seconds
MIP Gap: 0.000279722579016
Nodes: 65668
Best Objective: 90102.010484828075278
Incumbent Obj:  90127.221103554693400
Time: 2170.839484930038452 seconds
MIP Gap: 0.000279722579016
Nodes: 66167
Best Objective: 90102.010484828075278
Incumbent Obj:  90127.221103554693400
Time: 2183.062125921249390 seconds
MIP Gap: 0.000279722579016
Nodes: 67005
Best Objective: 90102.010484828075278
Incumbent Obj:  90127.221103554693400
  68294 25946    90116.2055   705    90127.2211    90102.0105  1191052    0.03%

Performing restart 2

Repeating presolve.
Tried aggregator 3 times.
MIP Presolve eliminated 78 rows and 94193 columns.
MIP Presolve added 2 rows and 0 columns.
MIP Presolve modified 52990 coefficients.
Aggregator did 25 substitutions.
Reduced MIP has 6976 rows, 31472 columns, and 64938 nonzeros.
Reduced MIP has 31472 binaries, 0 generals, 0 SOSs, and 0 indicators.
Presolve time = 2.21 sec. (742.65 ticks)
Tried aggregator 1 time.
MIP Presolve modified 8473 coefficients.
Reduced MIP has 6976 rows, 31472 columns, and 64938 nonzeros.
Reduced MIP has 31472 binaries, 0 generals, 0 SOSs, and 0 indicators.
Presolve time = 1.01 sec. (343.79 ticks)
Represolve time = 94.33 sec. (14804.26 ticks)
