Debug: configOverride contents: IsWeighted_ObjFunc add_break_callback add_generate_reports add_threshold_distance_rssv bw_multiplier capacities cover_mode coverages cust_max_id distance_matrix loc_max_id max_ite_subprob_rssv method method_post_opt method_rssv_fp method_rssv_sp output p seed service size_subproblems_rssv subarea threads time time_cplex time_subprob_rssv weights 
Loading instance...
Scanning input data...
Distance matrix dimensions: 3039 x 3039 = 9235521
Elapsed time: 0 ms

Loading weights...
Skipped line: customer weight coord_x coord_y
Loaded 3038 weights
Loaded 3038 coordinates
Total customer demand: 153240.00
Elapsed time: 8 ms

Loading capacities...
Skipped line: location capacity coord_x coord_y
Loaded 3038 capacities
Loaded 3038 coordinates
Elapsed time: 7 ms

Loading distance matrix...
Computing euclidian distances...
bw multiplier: 0.50
Loaded 9232482 distances
dists stdev: 862.93
bandwidth h: 18.49
locations: 3038
customers: 3038
p: 1000
Elapsed time: 270 ms

[INFO] Instance loaded
loc_max_id: 3038
loc_cnt: 3038
service: p3038_1000
cust_max_id: 3038
cust_cnt: 3038
unweighted obj function
p: 1000
total_demand: 153240.00


-------------------------------------------------


-------------------------------------------------
RSSV heuristic 
-------------------------------------------------
method subproblems: TB_PMP
method final problem: EXACT_CPMP_BIN
-------------------------------------------------
RSSV running...
cPMP size (N): 3038
sub-cPMP size (n): 1500
Subproblems cnt (M): 10
p: 1000
Seed: 0
Time limit for subproblems: 180.00

thread cnt: 20

Thread 1 created with seed 1
Thread 2 created with seed 2
Thread 3 created with seed 3
Solving sub-PMP 1/10...
Thread 4 created with seed 4
Solving sub-PMP 3/10...
Solving sub-PMP 2/10...
Thread 5 created with seed 5
Solving sub-PMP 4/10...
Thread 6 created with seed 6
Solving sub-PMP 5/10...
Thread 7 created with seed 7
Solving sub-PMP 6/10...
Thread 8 created with seed 8
uncapacitated TB started
uncapacitated TB started
Solving sub-PMP 7/10...
uncapacitated TB started
uncapacitated TB started
uncapacitated TB started
Thread 9 created with seed 9
Solving sub-PMP 8/10...
Thread 10 created with seed 10
Solving sub-PMP 9/10...
uncapacitated TB started
Solving sub-PMP 10/10...
srun: Job step aborted: Waiting up to 32 seconds for job step to finish.
slurmstepd: error: *** STEP 902507.0 ON gaia CANCELLED AT 2024-08-28T07:07:30 ***
slurmstepd: error: *** JOB 902507 ON gaia CANCELLED AT 2024-08-28T07:07:30 ***
