Debug: configOverride contents: IsWeighted_ObjFunc add_break_callback add_generate_reports add_threshold_distance_rssv bw_multiplier capacities cover_mode coverages cust_max_id distance_matrix loc_max_id max_ite_subprob_rssv method method_post_opt method_rssv_fp method_rssv_sp output p seed service size_subproblems_rssv subarea threads time time_cplex time_subprob_rssv weights 
Loading instance...
Scanning input data...
Distance matrix dimensions: 4462 x 4462 = 19909444
Elapsed time: 0 ms

Loading weights...
Skipped line: customer weight coord_x coord_y
Loaded 4461 weights
Loaded 4461 coordinates
Total customer demand: 224395.00
Elapsed time: 13 ms

Loading capacities...
Skipped line: location capacity coord_x coord_y
Loaded 4461 capacities
Loaded 4461 coordinates
Elapsed time: 9 ms

Loading distance matrix...
Computing euclidian distances...
bw multiplier: 0.50
Loaded 19904982 distances
dists stdev: 954.33
bandwidth h: 17.53
locations: 4461
customers: 4461
p: 500
Elapsed time: 599 ms

[INFO] Instance loaded
loc_max_id: 4461
loc_cnt: 4461
service: fnl4461_0500
cust_max_id: 4461
cust_cnt: 4461
unweighted obj function
p: 500
total_demand: 224395.00


-------------------------------------------------


-------------------------------------------------
RSSV heuristic 
-------------------------------------------------
method subproblems: TB_PMP
method final problem: EXACT_CPMP_BIN
-------------------------------------------------
RSSV running...
cPMP size (N): 4461
sub-cPMP size (n): 1784
Subproblems cnt (M): 12
p: 500
Seed: 0
Time limit for subproblems: 600.00

thread cnt: 20

Thread 1 created with seed 1
Thread 2 created with seed 2
Thread 3 created with seed 3
Thread 4 created with seed 4
Solving sub-PMP 2/12...
Solving sub-PMP 3/12Solving sub-PMP 1/12...
...
Thread 5 created with seed 5
Solving sub-PMP 4/12...
Thread 6 created with seed 6
uncapacitated TB started
Solving sub-PMP 5/12...
Thread 7 created with seed 7
Solving sub-PMP 6/12...
uncapacitated TB started
uncapacitated TB started
uncapacitated TB started
Thread 8 created with seed 8
Solving sub-PMP 7/12...
Thread 9 created with seed 9
uncapacitated TB started
Solving sub-PMP 8/12...
Thread 10 created with seed 10
Solving sub-PMP 9/12...
Thread 11 created with seed 11
uncapacitated TB started
Thread 12 created with seed 12
Solving sub-PMP 10/12...
uncapacitated TB started
uncapacitated TB started
Solving sub-PMP 12/12...
Solving sub-PMP 11/12...
uncapacitated TB started
uncapacitated TB started
uncapacitated TB started
uncapacitated TB started
[INFO] Uncapacitated TB local search started
[INFO] Uncapacitated TB local search started
[INFO] Uncapacitated TB local search started
[INFO] Uncapacitated TB local search started
[INFO] Uncapacitated TB local search started
[INFO] Uncapacitated TB local search started
[INFO] Uncapacitated TB local search started
[INFO] Uncapacitated TB local search started
[INFO] Uncapacitated TB local search started
[INFO] Uncapacitated TB local search started
[INFO] Uncapacitated TB local search started
[INFO] Uncapacitated TB local search started

[INFO] Time limit reached. Stopping the algorithm.

[INFO] Time limit reached. Stopping the algorithm.
TB elapsed time: TB elapsed time: 600.01600.01 seconds
 seconds
Num ite total uncapacited TB: 9
tb solution is feasible
Num ite total uncapacited TB: 13
tb solution is feasible

[INFO] Time limit reached. Stopping the algorithm.
TB elapsed time: 600.03 seconds
Num ite total uncapacited TB: 11
tb solution is feasible

[INFO] Time limit reached. Stopping the algorithm.
TB elapsed time: 600.00 seconds
Num ite total uncapacited TB: 10
tb solution is feasible

[INFO] Time limit reached. Stopping the algorithm.
TB elapsed time: 
[INFO] Time limit reached. Stopping the algorithm.

[INFO] Time limit reached. Stopping the algorithm.
TB elapsed time: TB elapsed time: 600.01 seconds
600.01600.06 seconds
 seconds
Num ite total uncapacited TB: 8
tb solution is feasible
Num ite total uncapacited TB: 11
tb solution is feasible
Num ite total uncapacited TB: 11
tb solution is feasible

[INFO] Time limit reached. Stopping the algorithm.
TB elapsed time: 600.09 seconds

[INFO] Time limit reached. Stopping the algorithm.
TB elapsed time: 600.09 seconds
Num ite total uncapacited TB: 12
tb solution is feasible
Num ite total uncapacited TB: 12
tb solution is feasible

[INFO] Time limit reached. Stopping the algorithm.
TB elapsed time: 600.01 seconds
Num ite total uncapacited TB: 13
tb solution is feasible

[INFO] Time limit reached. Stopping the algorithm.
TB elapsed time: 600.10 seconds
Num ite total uncapacited TB: 13
tb solution is feasible

[INFO] Time limit reached. Stopping the algorithm.
TB elapsed time: 600.10 seconds
Num ite total uncapacited TB: 12
tb solution is feasible
[INFO] All subproblems solved.

Elapsed time: 601605 ms


Stats: 
Max dist: 336.15
Min dist: 0.00
avg of Avg dists: 69.68
avg Std dev dist: 43.38

First 1784 voting weights (sorted): 2838(7.00) 3034(6.21) 2410(6.18) 1141(6.03) 640(6.00) 2614(6.00) 3552(6.00) 3901(6.00) 2836(5.44) 3578(5.25) 3864(5.21) 4410(5.20) 1657(5.18) 39(5.18) 667(5.11) 4246(5.08) 2960(5.07) 1766(5.07) 4040(5.07) 1070(5.07) 4346(5.07) 1632(5.05) 3574(5.04) 3863(5.03) 2765(5.03) 4241(5.00) 1877(5.00) 4273(5.00) 1079(5.00) 406(5.00) 3561(5.00) 2585(5.00) 285(5.00) 292(5.00) 3744(5.00) 2040(5.00) 2573(5.00) 2507(5.00) 3992(5.00) 4379(5.00) 3800(5.00) 3862(5.00) 3191(5.00) 4155(5.00) 1595(5.00) 2819(4.88) 314(4.63) 4286(4.57) 3171(4.54) 3274(4.53) 904(4.52) 567(4.44) 1158(4.40) 1088(4.38) 544(4.37) 3520(4.34) 4118(4.27) 2406(4.27) 2702(4.27) 3053(4.27) 3343(4.24) 3993(4.21) 794(4.21) 3256(4.20) 3142(4.20) 3112(4.18) 3398(4.18) 2318(4.17) 4148(4.17) 568(4.17) 2457(4.16) 3809(4.16) 2446(4.16) 13(4.15) 2007(4.13) 629(4.13) 3815(4.13) 2407(4.13) 2198(4.11) 2903(4.11) 3841(4.11) 716(4.10) 3688(4.10) 757(4.07) 1312(4.07) 1346(4.07) 4198(4.07) 3962(4.07) 1314(4.07) 3543(4.06) 3468(4.06) 2390(4.06) 1912(4.05) 4250(4.05) 3406(4.05) 1615(4.04) 1077(4.04) 4409(4.04) 4036(4.04) 3935(4.04) 859(4.04) 1334(4.04) 4431(4.04) 2890(4.04) 2250(4.03) 2444(4.03) 146(4.03) 4217(4.03) 2721(4.03) 2352(4.03) 1763(4.00) 1711(4.00) 356(4.00) 1001(4.00) 933(4.00) 2523(4.00) 472(4.00) 3229(4.00) 1945(4.00) 1279(4.00) 2273(4.00) 1014(4.00) 995(4.00) 837(4.00) 2347(4.00) 1881(4.00) 548(4.00) 3706(4.00) 2483(4.00) 3656(4.00) 4187(4.00) 3698(4.00) 4248(4.00) 1731(4.00) 798(4.00) 795(4.00) 1686(4.00) 2959(4.00) 2326(4.00) 1904(4.00) 571(4.00) 788(4.00) 778(4.00) 1349(4.00) 4076(4.00) 4194(4.00) 4038(4.00) 2850(4.00) 3692(4.00) 520(4.00) 3210(4.00) 533(4.00) 3503(4.00) 129(4.00) 2231(4.00) 2565(4.00) 320(4.00) 3488(4.00) 673(4.00) 3856(4.00) 4363(4.00) 1523(4.00) 2645(4.00) 58(4.00) 3850(4.00) 270(4.00) 2588(4.00) 2057(4.00) 2713(4.00) 4385(4.00) 2193(4.00) 2178(4.00) 2181(4.00) 2183(4.00) 2586(4.00) 3390(4.00) 4300(4.00) 4162(4.00) 2131(4.00) 161(3.91) 302(3.83) 2034(3.82) 2707(3.72) 1783(3.71) 2844(3.68) 1205(3.65) 3117(3.63) 1815(3.63) 1577(3.60) 1602(3.60) 3811(3.58) 364(3.58) 2625(3.56) 2267(3.55) 2806(3.55) 4042(3.55) 4013(3.55) 1548(3.55) 3625(3.55) 3661(3.55) 3369(3.54) 1846(3.54) 1129(3.51) 3534(3.50) 2709(3.49) 26(3.48) 1371(3.46) 85(3.45) 1745(3.45) 1793(3.45) 3621(3.39) 4269(3.38) 1359(3.37) 4449(3.37) 3325(3.37) 1697(3.37) 3865(3.37) 3232(3.37) 1878(3.34) 1461(3.34) 1394(3.33) 2638(3.33) 2167(3.32) 1166(3.32) 1053(3.31) 3829(3.31) 2271(3.31) 3313(3.31) 2605(3.30) 1010(3.30) 4390(3.30) 4406(3.30) 1196(3.29) 1713(3.29) 2206(3.28) 1538(3.28) 2000(3.27) 1744(3.27) 2789(3.27) 2963(3.27) 4275(3.27) 1072(3.27) 3375(3.27) 1573(3.27) 2506(3.26) 3780(3.25) 2531(3.25) 3674(3.25) 103(3.24) 3360(3.24) 3513(3.24) 2990(3.24) 3732(3.23) 4381(3.22) 3454(3.22) 1946(3.22) 1732(3.22) 1920(3.22) 1772(3.22) 3424(3.22) 4411(3.22) 1121(3.21) 2055(3.21) 627(3.21) 2939(3.21) 682(3.21) 4218(3.21) 160(3.20) 2237(3.20) 1719(3.20) 2404(3.20) 1681(3.20) 1476(3.18) 972(3.18) 1845(3.18) 2975(3.18) 2952(3.18) 4312(3.18) 1038(3.18) 2474(3.18) 3312(3.18) 3410(3.18) 1260(3.18) 143(3.18) 2812(3.18) 82(3.17) 651(3.17) 1564(3.17) 2456(3.17) 1487(3.16) 104(3.16) 1749(3.16) 2236(3.16) 1425(3.16) 2704(3.16) 1665(3.16) 3727(3.16) 4002(3.15) 2764(3.15) 1406(3.15) 3899(3.15) 2783(3.15) 2044(3.15) 3419(3.15) 214(3.15) 2468(3.15) 3713(3.15) 1067(3.15) 953(3.15) 1618(3.15) 2043(3.15) 2510(3.14) 2255(3.14) 703(3.13) 3737(3.13) 2388(3.13) 887(3.13) 1390(3.13) 4374(3.13) 4171(3.12) 4329(3.12) 4065(3.12) 1534(3.12) 2122(3.11) 1377(3.11) 2072(3.11) 949(3.11) 4394(3.11) 165(3.11) 3331(3.11) 3902(3.11) 1998(3.10) 2657(3.10) 523(3.10) 2192(3.10) 505(3.10) 2673(3.10) 4328(3.10) 4332(3.10) 3846(3.10) 1606(3.09) 1519(3.09) 924(3.09) 2741(3.09) 3173(3.09) 1866(3.07) 2964(3.07) 2060(3.07) 394(3.07) 3098(3.07) 1957(3.07) 3227(3.07) 2592(3.07) 4188(3.07) 2462(3.07) 1526(3.07) 1922(3.07) 3493(3.07) 2632(3.07) 2093(3.07) 3508(3.07) 1923(3.07) 53(3.07) 4132(3.07) 3647(3.07) 971(3.07) 3615(3.07) 1860(3.07) 4261(3.07) 1496(3.07) 3623(3.07) 4060(3.07) 56(3.07) 2222(3.07) 3539(3.07) 4447(3.07) 2414(3.07) 1522(3.07) 1136(3.06) 3205(3.06) 1724(3.06) 649(3.06) 540(3.06) 659(3.05) 3001(3.05) 1373(3.05) 4004(3.05) 3529(3.05) 223(3.05) 3598(3.05) 474(3.05) 967(3.05) 420(3.05) 1701(3.05) 3848(3.05) 1909(3.04) 1725(3.04) 1052(3.04) 576(3.04) 1043(3.04) 3349(3.04) 1491(3.04) 77(3.04) 444(3.04) 1961(3.04) 3272(3.04) 2837(3.04) 3416(3.04) 3326(3.04) 892(3.04) 452(3.04) 95(3.04) 2910(3.04) 3276(3.04) 3309(3.04) 4459(3.04) 690(3.03) 2160(3.03) 2350(3.03) 525(3.03) 3030(3.03) 876(3.03) 4271(3.03) 2973(3.03) 3355(3.03) 249(3.03) 263(3.03) 2090(3.03) 3339(3.00) 1444(3.00) 1439(3.00) 1183(3.00) 3724(3.00) 3433(3.00) 1325(3.00) 3619(3.00) 2370(3.00) 1177(3.00) 1319(3.00) 1184(3.00) 2344(3.00) 3337(3.00) 3589(3.00) 1365(3.00) 3666(3.00) 1188(3.00) 2340(3.00) 3448(3.00) 2601(3.00) 3450(3.00) 2598(3.00) 3665(3.00) 2339(3.00) 1463(3.00) 3427(3.00) 2398(3.00) 3888(3.00) 1569(3.00) 3678(3.00) 1338(3.00) 2451(3.00) 1385(3.00) 3378(3.00) 1393(3.00) 1143(3.00) 2642(3.00) 2134(3.00) 1593(3.00) 3411(3.00) 2106(3.00) 3425(3.00) 2155(3.00) 2191(3.00) 2150(3.00) 3680(3.00) 3866(3.00) 2096(3.00) 1608(3.00) 3362(3.00) 1764(3.00) 3356(3.00) 2146(3.00) 3873(3.00) 2100(3.00) 2421(3.00) 3624(3.00) 3630(3.00) 1381(3.00) 3495(3.00) 3549(3.00) 1921(3.00) 2243(3.00) 1707(3.00) 3504(3.00) 1927(3.00) 1672(3.00) 2248(3.00) 3506(3.00) 1703(3.00) 3808(3.00) 3507(3.00) 1679(3.00) 2551(3.00) 3583(3.00) 2254(3.00) 3254(3.00) 1976(3.00) 3795(3.00) 1972(3.00) 1699(3.00) 1690(3.00) 3213(3.00) 1277(3.00) 2539(3.00) 2441(3.00) 2279(3.00) 3785(3.00) 3228(3.00) 1295(3.00) 2293(3.00) 1626(3.00) 3459(3.00) 2058(3.00) 2490(3.00) 3832(3.00) 2589(3.00) 2199(3.00) 2493(3.00) 2054(3.00) 2587(3.00) 2050(3.00) 3580(3.00) 2203(3.00) 2584(3.00) 2204(3.00) 1304(3.00) 2310(3.00) 1910(3.00) 2317(3.00) 2571(3.00) 3285(3.00) 2320(3.00) 1246(3.00) 3827(3.00) 1905(3.00) 2038(3.00) 1485(3.00) 2575(3.00) 1483(3.00) 2576(3.00) 2207(3.00) 2497(3.00) 3570(3.00) 2882(3.00) 2885(3.00) 2895(3.00) 911(3.00) 513(3.00) 511(3.00) 2909(3.00) 507(3.00) 906(3.00) 2918(3.00) 497(3.00) 2775(3.00) 890(3.00) 485(3.00) 476(3.00) 2940(3.00) 872(3.00) 857(3.00) 457(3.00) 2956(3.00) 839(3.00) 4233(3.00) 4236(3.00) 434(3.00) 4192(3.00) 1019(3.00) 4014(3.00) 1012(3.00) 4017(3.00) 2790(3.00) 617(3.00) 2807(3.00) 601(3.00) 4051(3.00) 2827(3.00) 962(3.00) 919(3.00) 2841(3.00) 4073(3.00) 4088(3.00) 562(3.00) 947(3.00) 4098(3.00) 557(3.00) 944(3.00) 4126(3.00) 538(3.00) 2875(3.00) 2878(3.00) 2834(3.00) 3059(3.00) 148(3.00) 147(3.00) 712(3.00) 4336(3.00) 4342(3.00) 116(3.00) 4351(3.00) 4364(3.00) 4370(3.00) 33(3.00) 823(3.00) 3129(3.00) 4380(3.00) 3162(3.00) 60(3.00) 4414(3.00) 229(3.00) 3178(3.00) 70(3.00) 75(3.00) 4444(3.00) 4457(3.00) 194(3.00) 264(3.00) 819(3.00) 410(3.00) 2986(3.00) 810(3.00) 792(3.00) 384(3.00) 3005(3.00) 4258(3.00) 777(3.00) 4262(3.00) 4263(3.00) 3055(3.00) 3018(3.00) 4270(3.00) 759(3.00) 4282(3.00) 3033(3.00) 755(3.00) 738(3.00) 4287(3.00) 3041(3.00) 734(3.00) 3049(3.00) 726(3.00) 772(3.00) 668(3.00) 1047(3.00) 681(3.00) 686(3.00) 2761(3.00) 1058(3.00) 696(3.00) 1494(3.00) 2723(3.00) 1036(3.00) 1515(3.00) 3915(3.00) 2671(3.00) 2670(3.00) 1552(3.00) 3896(3.00) 191(3.00) 1567(3.00) 3941(3.00) 341(3.00) 4(2.99) 3833(2.97) 3505(2.97) 527(2.94) 1030(2.91) 40(2.88) 1234(2.85) 4291(2.82) 3368(2.82) 1604(2.81) 1849(2.81) 3240(2.81) 1680(2.77) 1013(2.75) 3147(2.75) 1344(2.72) 432(2.72) 775(2.72) 2212(2.72) 3461(2.72) 3160(2.69) 1737(2.67) 2610(2.67) 1111(2.66) 2094(2.64) 4284(2.64) 3101(2.63) 5(2.63) 2010(2.63) 4443(2.60) 3638(2.59) 236(2.59) 3604(2.58) 3637(2.58) 3922(2.58) 3576(2.58) 3816(2.56) 1837(2.56) 3822(2.55) 128(2.55) 98(2.55) 4298(2.55) 3267(2.55) 3843(2.55) 2172(2.54) 2171(2.54) 4039(2.54) 1584(2.54) 1191(2.54) 3954(2.54) 4400(2.54) 2132(2.54) 2091(2.54) 1226(2.54) 4063(2.54) 4401(2.54) 2078(2.54) 412(2.52) 975(2.52) 4417(2.52) 1758(2.52) 1864(2.52) 4145(2.49) 118(2.48) 1368(2.48) 239(2.47) 2687(2.46) 982(2.46) 3685(2.46) 217(2.45) 774(2.44) 431(2.44) 2209(2.44) 3456(2.44) 678(2.43) 1801(2.43) 4034(2.43) 1004(2.42) 939(2.42) 900(2.42) 3544(2.40) 1663(2.40) 3803(2.39) 1746(2.39) 3277(2.39) 1728(2.39) 3268(2.39) 2682(2.38) 3739(2.37) 3047(2.37) 176(2.37) 162(2.37) 3065(2.37) 3107(2.37) 2997(2.37) 2980(2.37) 1071(2.37) 4237(2.37) 710(2.37) 1101(2.37) 3028(2.37) 3707(2.37) 2492(2.37) 355(2.37) 4044(2.37) 330(2.37) 2526(2.37) 271(2.37) 4003(2.37) 4012(2.37) 293(2.37) 204(2.35) 563(2.34) 2(2.34) 597(2.34) 11(2.34) 1148(2.34) 10(2.33) 1165(2.33) 713(2.32) 1271(2.32) 4392(2.31) 2127(2.30) 929(2.30) 2063(2.30) 1300(2.28) 369(2.27) 2366(2.27) 2185(2.27) 3145(2.27) 1164(2.27) 286(2.27) 2564(2.27) 725(2.27) 1281(2.27) 155(2.27) 1363(2.27) 1804(2.27) 2239(2.27) 2635(2.27) 1598(2.27) 228(2.26) 3786(2.26) 3172(2.26) 2383(2.26) 2295(2.26) 484(2.26) 290(2.26) 437(2.25) 4169(2.25) 3057(2.25) 1116(2.25) 2321(2.25) 4367(2.24) 4356(2.24) 604(2.24) 3632(2.24) 235(2.24) 2075(2.24) 2476(2.23) 1096(2.22) 2511(2.22) 985(2.22) 1315(2.22) 1661(2.22) 1747(2.22) 1678(2.22) 1035(2.22) 3679(2.22) 1566(2.22) 1447(2.22) 4029(2.22) 2728(2.22) 2826(2.22) 3925(2.22) 3449(2.22) 213(2.22) 2901(2.21) 3844(2.21) 3105(2.21) 587(2.21) 922(2.21) 3180(2.21) 25(2.21) 1987(2.21) 3177(2.21) 3909(2.21) 845(2.21) 616(2.21) 3660(2.21) 517(2.21) 1031(2.21) 4225(2.21) 813(2.20) 1718(2.20) 4337(2.20) 3723(2.20) 3733(2.20) 1505(2.19) 2872(2.19) 2697(2.19) 522(2.19) 3387(2.19) 3897(2.19) 4362(2.19) 771(2.19) 1775(2.19) 2549(2.19) 3975(2.18) 3278(2.18) 3083(2.18) 1332(2.18) 1201(2.18) 3235(2.18) 3214(2.18) 2377(2.18) 3019(2.18) 3770(2.18) 1105(2.18) 3415(2.18) 3728(2.18) 131(2.18) 594(2.18) 1623(2.18) 1421(2.18) 3920(2.18) 1356(2.18) 1549(2.18) 1169(2.18) 3050(2.18) 317(2.18) 4093(2.18) 4454(2.18) 705(2.18) 2274(2.18) 1227(2.18) 1132(2.18) 2911(2.18) 3784(2.17) 66(2.17) 1940(2.17) 3699(2.17) 3550(2.17) 3996(2.17) 4240(2.17) 2356(2.17) 1110(2.17) 1419(2.17) 246(2.16) 166(2.16) 4395(2.16) 1533(2.16) 2437(2.16) 1842(2.16) 2265(2.15) 2353(2.15) 3979(2.15) 3986(2.15) 862(2.15) 2306(2.15) 1467(2.15) 2037(2.15) 4408(2.15) 3870(2.15) 216(2.15) 2481(2.15) 2520(2.15) 2385(2.15) 4415(2.15) 838(2.15) 3951(2.15) 3898(2.15) 3958(2.15) 4207(2.14) 1823(2.14) 3949(2.14) 920(2.14) 3669(2.14) 899(2.14) 917(2.14) 2259(2.13) 3469(2.13) 970(2.13) 3668(2.13) 1179(2.13) 3092(2.13) 100(2.13) 4195(2.13) 68(2.13) 2509(2.13) 2738(2.13) 1836(2.13) 1873(2.13) 639(2.13) 776(2.13) 3179(2.13) 609(2.13) 3056(2.13) 3776(2.13) 4313(2.12) 2440(2.12) 122(2.12) 2286(2.12) 126(2.12) 2491(2.12) 781(2.12) 2242(2.12) 4420(2.11) 1351(2.11) 1970(2.11) 3747(2.11) 1571(2.11) 1151(2.11) 2149(2.11) 3554(2.11) 3451(2.11) 2616(2.11) 3413(2.11) 1473(2.11) 1919(2.11) 506(2.11) 1186(2.11) 2247(2.11) 628(2.11) 625(2.11) 1437(2.11) 1433(2.11) 2302(2.11) 1531(2.11) 473(2.11) 4022(2.11) 1298(2.11) 483(2.11) 981(2.11) 1090(2.10) 2449(2.10) 3636(2.10) 1541(2.10) 3691(2.10) 1906(2.10) 4099(2.10) 3627(2.10) 1540(2.10) 2374(2.10) 3558(2.10) 74(2.10) 2197(2.10) 4437(2.10) 2513(2.10) 4018(2.10) 3352(2.09) 1274(2.09) 3335(2.09) 4166(2.09) 566(2.09) 1322(2.09) 4142(2.09) 1755(2.09) 1757(2.09) 2064(2.09) 274(2.09) 2561(2.09) 4256(2.09) 2119(2.09) 3885(2.09) 2263(2.09) 2698(2.09) 529(2.08) 516(2.08) 1671(2.08) 1688(2.08) 2258(2.08) 907(2.08) 855(2.08) 2842(2.07) 1779(2.07) 3861(2.07) 3358(2.07) 3477(2.07) 1405(2.07) 4302(2.07) 486(2.07) 3221(2.07) 790(2.07) 3969(2.07) 2281(2.07) 818(2.07) 2869(2.07) 3262(2.07) 1025(2.07) 3972(2.07) 3956(2.07) 303(2.07) 974(2.07) 428(2.07) 2430(2.07) 1006(2.07) 1022(2.07) 1770(2.07) 3452(2.07) 4244(2.07) 3893(2.07) 1709(2.07) 3936(2.07) 988(2.07) 1040(2.07) 2583(2.07) 851(2.07) 2535(2.07) 242(2.07) 2342(2.07) 1211(2.07) 1990(2.07) 736(2.07) 230(2.07) 3208(2.07) 2979(2.07) 3153(2.07) 250(2.07) 2533(2.07) 2998(2.07) 1185(2.07) 1964(2.07) 931(2.06) 405(2.06) 2759(2.06) 2543(2.06) 1767(2.06) 94(2.06) 927(2.06) 1959(2.06) 3657(2.05) 257(2.05) 541(2.05) 2143(2.05) 1009(2.05) 4375(2.05) 1667(2.05) 416(2.05) 289(2.05) 3774(2.05) 134(2.05) 1740(2.05) 2162(2.05) 2763(2.05) 2450(2.05) 600(2.05) 2397(2.05) 396(2.05) 4019(2.04) 1914(2.04) 1475(2.04) 1580(2.04) 990(2.04) 2439(2.04) 3538(2.04) 4366(2.04) 702(2.04) 2898(2.04) 339(2.04) 693(2.04) 3151(2.04) 958(2.04) 1045(2.04) 3236(2.04) 376(2.04) 1204(2.04) 3542(2.04) 3121(2.04) 1947(2.04) 4055(2.04) 2022(2.04) 2991(2.04) 3881(2.04) 1560(2.04) 1520(2.04) 3831(2.04) 3929(2.04) 1581(2.04) 744(2.04) 316(2.04) 308(2.04) 1484(2.04) 3463(2.04) 2369(2.04) 3386(2.04) 844(2.04) 3015(2.04) 1416(2.04) 1833(2.04) 2503(2.04) 1154(2.04) 3365(2.04) 17(2.04) 2776(2.04) 1357(2.04) 850(2.04) 905(2.04) 1869(2.04) 2496(2.04) 4423(2.04) 3517(2.04) 241(2.04) 455(2.04) 2001(2.03) 3252(2.03) 488(2.03) 749(2.03) 2832(2.03) 1137(2.03) 92(2.03) 1178(2.03) 3763(2.03) 291(2.03) 1441(2.03) 2330(2.03) 2846(2.03) 1270(2.03) 2163(2.03) 3150(2.03) 2674(2.03) 4305(2.03) 918(2.03) 1664(2.03) 684(2.03) 3480(2.03) 467(2.03) 2966(2.03) 873(2.03) 1146(2.01) 2749(2.00) 4031(2.00) 620(2.00) 607(2.00) 2803(2.00) 2808(2.00) 2802(2.00) 3982(2.00) 3990(2.00) 619(2.00) 1055(2.00) 3976(2.00) 4024(2.00) 688(2.00) 4049(2.00) 4026(2.00) 4054(2.00) 3967(2.00) 691(2.00) 998(2.00) 2735(2.00) 611(2.00) 610(2.00) 2794(2.00) 1023(2.00) 646(2.00) 644(2.00) 2774(2.00) 4007(2.00) 4006(2.00) 1026(2.00) 655(2.00) 656(2.00) 1021(2.00) 2766(2.00) 641(2.00) 4011(2.00) 1034(2.00) 637(2.00) 694(2.00) 2813(2.00) 4000(2.00) 1016(2.00) 666(2.00) 2757(2.00) 635(2.00) 670(2.00) 634(2.00) 633(2.00) 2753(2.00) 2781(2.00) 1049(2.00) 676(2.00) 2817(2.00) 2750(2.00) 4001(2.00) 2621(2.00) 1175(2.00) 1174(2.00) 2628(2.00) 2630(2.00) 1168(2.00) 3872(2.00) 2634(2.00) 3874(2.00) 2639(2.00) 3875(2.00) 588(2.00) 3876(2.00) 2643(2.00) 1591(2.00) 1159(2.00) 3878(2.00) 1586(2.00) 1576(2.00) 3886(2.00) 2653(2.00) 1565(2.00) 2660(2.00) 1594(2.00) 1652(2.00) 1243(2.00) 1233(2.00) 1231(2.00) 2577(2.00) 3826(2.00) 1223(2.00) 1217(2.00) 2580(2.00) 1636(2.00) 2594(2.00) 1614(2.00) 1197(2.00) 3835(2.00) 3836(2.00) 3838(2.00) 3845(2.00) 2606(2.00) 1622(2.00) 2607(2.00) 2611(2.00) 3853(2.00) 2613(2.00) 2617(2.00) 1198(2.00) 2706(2.00) 1099(2.00) 1512(2.00) 3942(2.00) 1095(2.00) 3943(2.00) 2714(2.00) 1086(2.00) 2718(2.00) 1501(2.00) 3955(2.00) 2661(2.00) 2720(2.00) 3957(2.00) 1493(2.00) 2726(2.00) 707(2.00) 2730(2.00) 701(2.00) 700(2.00) 699(2.00) 3964(2.00) 1064(2.00) 1059(2.00) 1497(2.00) 1139(2.00) 1138(2.00) 1559(2.00) 1556(2.00) 2664(2.00) 1130(2.00) 2668(2.00) 1124(2.00) 1542(2.00) 3913(2.00) 3916(2.00) 2705(2.00) 3917(2.00) 3919(2.00) 1532(2.00) 3923(2.00) 3927(2.00) 1529(2.00) 2695(2.00) 1524(2.00) 3930(2.00) 1103(2.00) 3938(2.00) 1516(2.00) 1536(2.00) 4309(2.00) 717(2.00) 4311(2.00) 714(2.00) 4319(2.00) 336(2.00) 4326(2.00) 130(2.00) 3080(2.00) 127(2.00) 3082(2.00) 1245(2.00) 119(2.00) 3088(2.00) 327(2.00) 3089(2.00) 315(2.00) 106(2.00) 4348(2.00) 3096(2.00) 307(2.00) 4354(2.00) 3103(2.00) 333(2.00) 373(2.00) 3004(2.00) 3007(2.00) 3008(2.00) 366(2.00) 765(2.00) 4278(2.00) 3032(2.00) 354(2.00) 756(2.00) 351(2.00) 718(2.00) 748(2.00) 742(2.00) 3036(2.00) 3037(2.00) 338(2.00) 3043(2.00) 731(2.00) 3052(2.00) 3060(2.00) 3062(2.00) 4306(2.00) 720(2.00) 349(2.00) 50(2.00) 54(2.00) 3159(2.00) 3163(2.00) 3175(2.00) 3181(2.00) 67(2.00) 4427(2.00) 3188(2.00) 4439(2.00) 3197(2.00) 3111(2.00) 3199(2.00) 4452(2.00) 210(2.00) 178(2.00) 206(2.00) 3206(2.00) 186(2.00) 198(2.00) 188(2.00) 3207(2.00) 193(2.00) 192(2.00) 215(2.00) 4365(2.00) 3114(2.00) 3115(2.00) 83(2.00) 3118(2.00) 282(2.00) 4368(2.00) 36(2.00) 34(2.00) 3125(2.00) 3127(2.00) 49(2.00) 4378(2.00) 21(2.00) 254(2.00) 3132(2.00) 3139(2.00) 4391(2.00) 9(2.00) 15(2.00) 16(2.00) 3154(2.00) 240(2.00) 3156(2.00) 27(2.00) 926(2.00) 4133(2.00) 4139(2.00) 4140(2.00) 528(2.00) 524(2.00) 912(2.00) 4173(2.00) 4178(2.00) 2906(2.00) 909(2.00) 374(2.00) 510(2.00) 4182(2.00) 2915(2.00) 2916(2.00) 498(2.00) 2921(2.00) 4189(2.00) 493(2.00) 889(2.00) 2927(2.00) 2929(2.00) 883(2.00) 2907(2.00) 2828(2.00) 4056(2.00) 2830(2.00) 581(2.00) 2833(2.00) 2843(2.00) 950(2.00) 4075(2.00) 4079(2.00) 564(2.00) 2856(2.00) 4130(2.00) 4094(2.00) 4097(2.00) 945(2.00) 4102(2.00) 2862(2.00) 4105(2.00) 934(2.00) 2864(2.00) 4115(2.00) 547(2.00) 932(2.00) 539(2.00) 561(2.00) 2972(2.00) 829(2.00) 2974(2.00) 427(2.00) 822(2.00) 2978(2.00) 417(2.00) 414(2.00) 2982(2.00) 411(2.00) 815(2.00) 879(2.00) 2985(2.00) 2987(2.00) 808(2.00) 806(2.00) 2993(2.00) 4252(2.00) 793(2.00) 387(2.00) 4254(2.00) 787(2.00) 785(2.00) 3003(2.00) 4245(2.00) 477(2.00) 2934(2.00) 2936(2.00) 2937(2.00) 4202(2.00) 469(2.00) 4204(2.00) 864(2.00) 2942(2.00) 861(2.00) 2945(2.00) 2970(2.00) 458(2.00) 4216(2.00) 4226(2.00) 448(2.00) 847(2.00) 2954(2.00) 2955(2.00) 441(2.00) 2958(2.00) 438(2.00) 2969(2.00) 834(2.00) 4212(2.00) 1903(2.00) 2327(2.00) 1482(2.00) 1898(2.00) 1896(2.00) 2333(2.00) 3586(2.00) 1891(2.00) 2338(2.00) 1889(2.00) 2443(2.00) 1456(2.00) 1885(2.00) 1451(2.00) 1880(2.00) 2346(2.00) 3606(2.00) 2354(2.00) 1443(2.00) 3609(2.00) 3611(2.00) 1458(2.00) 1938(2.00) 3215(2.00) 3541(2.00) 1932(2.00) 1931(2.00) 1930(2.00) 3545(2.00) 1926(2.00) 1925(2.00) 3211(2.00) 3571(2.00) 2299(2.00) 3547(2.00) 3551(2.00) 1917(2.00) 1490(2.00) 1488(2.00) 2316(2.00) 1908(2.00) 3563(2.00) 3566(2.00) 2298(2.00) 1825(2.00) 1824(2.00) 3659(2.00) 3662(2.00) 1819(2.00) 1816(2.00) 3663(2.00) 2413(2.00) 1813(2.00) 1810(2.00) 3614(2.00) 3671(2.00) 1361(2.00) 2425(2.00) 1800(2.00) 1796(2.00) 1794(2.00) 3695(2.00) 3697(2.00) 1785(2.00) 1345(2.00) 2420(2.00) 1426(2.00) 2362(2.00) 1423(2.00) 3617(2.00) 3620(2.00) 1415(2.00) 1408(2.00) 1855(2.00) 2378(2.00) 1404(2.00) 1375(2.00) 1396(2.00) 3631(2.00) 3634(2.00) 3644(2.00) 3645(2.00) 1843(2.00) 1839(2.00) 3651(2.00) 1834(2.00) 1832(2.00) 1397(2.00) 2065(2.00) 2186(2.00) 3458(2.00) 3322(2.00) 2195(2.00) 2196(2.00) 2200(2.00) 2053(2.00) 3315(2.00) 2202(2.00) 2287(2.00) 2045(2.00) 2214(2.00) 2039(2.00) 2219(2.00) 3484(2.00) 2036(2.00) 3487(2.00) 3304(2.00) 3300(2.00) 3294(2.00) 2046(2.00) 3391(2.00) 2116(2.00) 3381(2.00) 2107(2.00) 2136(2.00) 2140(2.00) 3417(2.00) 3359(2.00) 2099(2.00) 3421(2.00) 3447(2.00) 2151(2.00) 2153(2.00) 3428(2.00) 3436(2.00) 3348(2.00) 3347(2.00) 3344(2.00) 2079(2.00) 3443(2.00) 2071(2.00) 2148(2.00) 1975(2.00) 3246(2.00) 1973(2.00) 1971(2.00) 3516(2.00) 3245(2.00) 3244(2.00) 1967(2.00) 1966(2.00) 1965(2.00) 3293(2.00) 2269(2.00) 3238(2.00) 3237(2.00) 3234(2.00) 3519(2.00) 1948(2.00) 2277(2.00) 3526(2.00) 3531(2.00) 1941(2.00) 3241(2.00) 2224(2.00) 3284(2.00) 3283(2.00) 2227(2.00) 2228(2.00) 3275(2.00) 2012(2.00) 2011(2.00) 2008(2.00) 2230(2.00) 1977(2.00) 3496(2.00) 3498(2.00) 2241(2.00) 1991(2.00) 2256(2.00) 1989(2.00) 1986(2.00) 3257(2.00) 3509(2.00) 3253(2.00) 1979(2.00) 3271(2.00) 1673(2.00) 2558(2.00) 3741(2.00) 1262(2.00) 1261(2.00) 2498(2.00) 1313(2.00) 1735(2.00) 2560(2.00) 1739(2.00) 1316(2.00) 2461(2.00) 3738(2.00) 3813(2.00) 2475(2.00) 3721(2.00) 3718(2.00) 1321(2.00) 3715(2.00) 1662(2.00) 1327(2.00) 2464(2.00) 1249(2.00) 1331(2.00) 1317(2.00) 2536(2.00) 3787(2.00) 2530(2.00) 3782(2.00) 1702(2.00) 3788(2.00) 1705(2.00) 1276(2.00) 1706(2.00) 3773(2.00) 1299(2.00) 1266(2.00) 1653(2.00) 2518(2.00) 1301(2.00) 1303(2.00) 1716(2.00) 1717(2.00) 3753(2.00) 1683(2.00) 2547(2.00) 3749(2.00) 3805(2.00) 1269(2.00) 2519(2.00) 


Filtered 1784 locations: 2838 3034 2410 1141 640 2614 3552 3901 2836 3578 3864 4410 1657 39 667 4246 2960 1766 4040 1070 4346 1632 3574 3863 2765 4241 1877 4273 1079 406 3561 2585 285 292 3744 2040 2573 2507 3992 4379 3800 3862 3191 4155 1595 2819 314 4286 3171 3274 904 567 1158 1088 544 3520 4118 2406 2702 3053 3343 3993 794 3256 3142 3112 3398 2318 4148 568 2457 3809 2446 13 2007 629 3815 2407 2198 2903 3841 716 3688 757 1312 1346 4198 3962 1314 3543 3468 2390 1912 4250 3406 1615 1077 4409 4036 3935 859 1334 4431 2890 2250 2444 146 4217 2721 2352 1763 1711 356 1001 933 2523 472 3229 1945 1279 2273 1014 995 837 2347 1881 548 3706 2483 3656 4187 3698 4248 1731 798 795 1686 2959 2326 1904 571 788 778 1349 4076 4194 4038 2850 3692 520 3210 533 3503 129 2231 2565 320 3488 673 3856 4363 1523 2645 58 3850 270 2588 2057 2713 4385 2193 2178 2181 2183 2586 3390 4300 4162 2131 161 302 2034 2707 1783 2844 1205 3117 1815 1577 1602 3811 364 2625 2267 2806 4042 4013 1548 3625 3661 3369 1846 1129 3534 2709 26 1371 85 1745 1793 3621 4269 1359 4449 3325 1697 3865 3232 1878 1461 1394 2638 2167 1166 1053 3829 2271 3313 2605 1010 4390 4406 1196 1713 2206 1538 2000 1744 2789 2963 4275 1072 3375 1573 2506 3780 2531 3674 103 3360 3513 2990 3732 4381 3454 1946 1732 1920 1772 3424 4411 1121 2055 627 2939 682 4218 160 2237 1719 2404 1681 1476 972 1845 2975 2952 4312 1038 2474 3312 3410 1260 143 2812 82 651 1564 2456 1487 104 1749 2236 1425 2704 1665 3727 4002 2764 1406 3899 2783 2044 3419 214 2468 3713 1067 953 1618 2043 2510 2255 703 3737 2388 887 1390 4374 4171 4329 4065 1534 2122 1377 2072 949 4394 165 3331 3902 1998 2657 523 2192 505 2673 4328 4332 3846 1606 1519 924 2741 3173 1866 2964 2060 394 3098 1957 3227 2592 4188 2462 1526 1922 3493 2632 2093 3508 1923 53 4132 3647 971 3615 1860 4261 1496 3623 4060 56 2222 3539 4447 2414 1522 1136 3205 1724 649 540 659 3001 1373 4004 3529 223 3598 474 967 420 1701 3848 1909 1725 1052 576 1043 3349 1491 77 444 1961 3272 2837 3416 3326 892 452 95 2910 3276 3309 4459 690 2160 2350 525 3030 876 4271 2973 3355 249 263 2090 3339 1444 1439 1183 3724 3433 1325 3619 2370 1177 1319 1184 2344 3337 3589 1365 3666 1188 2340 3448 2601 3450 2598 3665 2339 1463 3427 2398 3888 1569 3678 1338 2451 1385 3378 1393 1143 2642 2134 1593 3411 2106 3425 2155 2191 2150 3680 3866 2096 1608 3362 1764 3356 2146 3873 2100 2421 3624 3630 1381 3495 3549 1921 2243 1707 3504 1927 1672 2248 3506 1703 3808 3507 1679 2551 3583 2254 3254 1976 3795 1972 1699 1690 3213 1277 2539 2441 2279 3785 3228 1295 2293 1626 3459 2058 2490 3832 2589 2199 2493 2054 2587 2050 3580 2203 2584 2204 1304 2310 1910 2317 2571 3285 2320 1246 3827 1905 2038 1485 2575 1483 2576 2207 2497 3570 2882 2885 2895 911 513 511 2909 507 906 2918 497 2775 890 485 476 2940 872 857 457 2956 839 4233 4236 434 4192 1019 4014 1012 4017 2790 617 2807 601 4051 2827 962 919 2841 4073 4088 562 947 4098 557 944 4126 538 2875 2878 2834 3059 148 147 712 4336 4342 116 4351 4364 4370 33 823 3129 4380 3162 60 4414 229 3178 70 75 4444 4457 194 264 819 410 2986 810 792 384 3005 4258 777 4262 4263 3055 3018 4270 759 4282 3033 755 738 4287 3041 734 3049 726 772 668 1047 681 686 2761 1058 696 1494 2723 1036 1515 3915 2671 2670 1552 3896 191 1567 3941 341 4 3833 3505 527 1030 40 1234 4291 3368 1604 1849 3240 1680 1013 3147 1344 432 775 2212 3461 3160 1737 2610 1111 2094 4284 3101 5 2010 4443 3638 236 3604 3637 3922 3576 3816 1837 3822 128 98 4298 3267 3843 2172 2171 4039 1584 1191 3954 4400 2132 2091 1226 4063 4401 2078 412 975 4417 1758 1864 4145 118 1368 239 2687 982 3685 217 774 431 2209 3456 678 1801 4034 1004 939 900 3544 1663 3803 1746 3277 1728 3268 2682 3739 3047 176 162 3065 3107 2997 2980 1071 4237 710 1101 3028 3707 2492 355 4044 330 2526 271 4003 4012 293 204 563 2 597 11 1148 10 1165 713 1271 4392 2127 929 2063 1300 369 2366 2185 3145 1164 286 2564 725 1281 155 1363 1804 2239 2635 1598 228 3786 3172 2383 2295 484 290 437 4169 3057 1116 2321 4367 4356 604 3632 235 2075 2476 1096 2511 985 1315 1661 1747 1678 1035 3679 1566 1447 4029 2728 2826 3925 3449 213 2901 3844 3105 587 922 3180 25 1987 3177 3909 845 616 3660 517 1031 4225 813 1718 4337 3723 3733 1505 2872 2697 522 3387 3897 4362 771 1775 2549 3975 3278 3083 1332 1201 3235 3214 2377 3019 3770 1105 3415 3728 131 594 1623 1421 3920 1356 1549 1169 3050 317 4093 4454 705 2274 1227 1132 2911 3784 66 1940 3699 3550 3996 4240 2356 1110 1419 246 166 4395 1533 2437 1842 2265 2353 3979 3986 862 2306 1467 2037 4408 3870 216 2481 2520 2385 4415 838 3951 3898 3958 4207 1823 3949 920 3669 899 917 2259 3469 970 3668 1179 3092 100 4195 68 2509 2738 1836 1873 639 776 3179 609 3056 3776 4313 2440 122 2286 126 2491 781 2242 4420 1351 1970 3747 1571 1151 2149 3554 3451 2616 3413 1473 1919 506 1186 2247 628 625 1437 1433 2302 1531 473 4022 1298 483 981 1090 2449 3636 1541 3691 1906 4099 3627 1540 2374 3558 74 2197 4437 2513 4018 3352 1274 3335 4166 566 1322 4142 1755 1757 2064 274 2561 4256 2119 3885 2263 2698 529 516 1671 1688 2258 907 855 2842 1779 3861 3358 3477 1405 4302 486 3221 790 3969 2281 818 2869 3262 1025 3972 3956 303 974 428 2430 1006 1022 1770 3452 4244 3893 1709 3936 988 1040 2583 851 2535 242 2342 1211 1990 736 230 3208 2979 3153 250 2533 2998 1185 1964 931 405 2759 2543 1767 94 927 1959 3657 257 541 2143 1009 4375 1667 416 289 3774 134 1740 2162 2763 2450 600 2397 396 4019 1914 1475 1580 990 2439 3538 4366 702 2898 339 693 3151 958 1045 3236 376 1204 3542 3121 1947 4055 2022 2991 3881 1560 1520 3831 3929 1581 744 316 308 1484 3463 2369 3386 844 3015 1416 1833 2503 1154 3365 17 2776 1357 850 905 1869 2496 4423 3517 241 455 2001 3252 488 749 2832 1137 92 1178 3763 291 1441 2330 2846 1270 2163 3150 2674 4305 918 1664 684 3480 467 2966 873 1146 2749 4031 620 607 2803 2808 2802 3982 3990 619 1055 3976 4024 688 4049 4026 4054 3967 691 998 2735 611 610 2794 1023 646 644 2774 4007 4006 1026 655 656 1021 2766 641 4011 1034 637 694 2813 4000 1016 666 2757 635 670 634 633 2753 2781 1049 676 2817 2750 4001 2621 1175 1174 2628 2630 1168 3872 2634 3874 2639 3875 588 3876 2643 1591 1159 3878 1586 1576 3886 2653 1565 2660 1594 1652 1243 1233 1231 2577 3826 1223 1217 2580 1636 2594 1614 1197 3835 3836 3838 3845 2606 1622 2607 2611 3853 2613 2617 1198 2706 1099 1512 3942 1095 3943 2714 1086 2718 1501 3955 2661 2720 3957 1493 2726 707 2730 701 700 699 3964 1064 1059 1497 1139 1138 1559 1556 2664 1130 2668 1124 1542 3913 3916 2705 3917 3919 1532 3923 3927 1529 2695 1524 3930 1103 3938 1516 1536 4309 717 4311 714 4319 336 4326 130 3080 127 3082 1245 119 3088 327 3089 315 106 4348 3096 307 4354 3103 333 373 3004 3007 3008 366 765 4278 3032 354 756 351 718 748 742 3036 3037 338 3043 731 3052 3060 3062 4306 720 349 50 54 3159 3163 3175 3181 67 4427 3188 4439 3197 3111 3199 4452 210 178 206 3206 186 198 188 3207 193 192 215 4365 3114 3115 83 3118 282 4368 36 34 3125 3127 49 4378 21 254 3132 3139 4391 9 15 16 3154 240 3156 27 926 4133 4139 4140 528 524 912 4173 4178 2906 909 374 510 4182 2915 2916 498 2921 4189 493 889 2927 2929 883 2907 2828 4056 2830 581 2833 2843 950 4075 4079 564 2856 4130 4094 4097 945 4102 2862 4105 934 2864 4115 547 932 539 561 2972 829 2974 427 822 2978 417 414 2982 411 815 879 2985 2987 808 806 2993 4252 793 387 4254 787 785 3003 4245 477 2934 2936 2937 4202 469 4204 864 2942 861 2945 2970 458 4216 4226 448 847 2954 2955 441 2958 438 2969 834 4212 1903 2327 1482 1898 1896 2333 3586 1891 2338 1889 2443 1456 1885 1451 1880 2346 3606 2354 1443 3609 3611 1458 1938 3215 3541 1932 1931 1930 3545 1926 1925 3211 3571 2299 3547 3551 1917 1490 1488 2316 1908 3563 3566 2298 1825 1824 3659 3662 1819 1816 3663 2413 1813 1810 3614 3671 1361 2425 1800 1796 1794 3695 3697 1785 1345 2420 1426 2362 1423 3617 3620 1415 1408 1855 2378 1404 1375 1396 3631 3634 3644 3645 1843 1839 3651 1834 1832 1397 2065 2186 3458 3322 2195 2196 2200 2053 3315 2202 2287 2045 2214 2039 2219 3484 2036 3487 3304 3300 3294 2046 3391 2116 3381 2107 2136 2140 3417 3359 2099 3421 3447 2151 2153 3428 3436 3348 3347 3344 2079 3443 2071 2148 1975 3246 1973 1971 3516 3245 3244 1967 1966 1965 3293 2269 3238 3237 3234 3519 1948 2277 3526 3531 1941 3241 2224 3284 3283 2227 2228 3275 2012 2011 2008 2230 1977 3496 3498 2241 1991 2256 1989 1986 3257 3509 3253 1979 3271 1673 2558 3741 1262 1261 2498 1313 1735 2560 1739 1316 2461 3738 3813 2475 3721 3718 1321 3715 1662 1327 2464 1249 1331 1317 2536 3787 2530 3782 1702 3788 1705 1276 1706 3773 1299 1266 1653 2518 1301 1303 1716 1717 3753 1683 2547 3749 3805 1269 2519 

Extracted 0 prioritized locations: 

Final instance parameters:
loc_max_id: 4461
loc_cnt: 1784
service: fnl4461_0500
cust_max_id: 4461
cust_cnt: 4461
unweighted obj function
p: 500
total_demand: 224395.00
threshold_dist: 379.54



-------------------------------------------------
Final Problem RSSV heuristic
-------------------------------------------------
    RSSV_EXACT_CPMP_BIN
-------------------------------------------------
Gap Cplex Reports: gap_Bin_service_fnl4461_0500_p_500_RSSV_EXACT_CPMP_BIN.csv
[CALLBACK] Generating reports cplex callbacks...
[CALLBACK] Using BreakCallback...
Time Limit with not improving 1.00% (gap): 120.00 seconds
Time Limit with Gap less than 1%: 120.00 seconds
Default row names c1, c2 ... being created.
Version identifier: 22.1.1.0 | 2022-11-28 | 9160aff4d
CPXPARAM_TimeLimit                               1799
Legacy callback                                  i
Tried aggregator 1 time.
MIP Presolve eliminated 7672473 rows and 7672473 columns.
Reduced MIP has 6246 rows, 287735 columns, and 575470 nonzeros.
Reduced MIP has 287735 binaries, 0 generals, 0 SOSs, and 0 indicators.
Presolve time = 16.14 sec. (5550.25 ticks)
Found incumbent of value 1112561.074785 after 24.43 sec. (8025.31 ticks)
Tried aggregator 1 time.
Detecting symmetries...
Reduced MIP has 6246 rows, 287735 columns, and 575470 nonzeros.
Reduced MIP has 287735 binaries, 0 generals, 0 SOSs, and 0 indicators.
Presolve time = 2.28 sec. (606.54 ticks)
Probing time = 2.37 sec. (62.95 ticks)
Clique table members: 290412.
MIP emphasis: balance optimality and feasibility.
MIP search method: dynamic search.
Parallel mode: deterministic, using up to 32 threads.
Root relaxation solution time = 3.26 sec. (380.66 ticks)

        Nodes                                         Cuts/
   Node  Left     Objective  IInf  Best Integer    Best Bound    ItCnt     Gap

*     0+    0                      1112561.0748        0.0000           100.00%
*     0+    0                       451958.2149        0.0000           100.00%
*     0+    0                       450212.3097        0.0000           100.00%
*     0+    0                       426073.4388        0.0000           100.00%
      0     0   122055.0261  1656   426073.4388   122055.0261     1691   71.35%
Time: 89.12 seconds
MIP Gap: 0.71
Nodes: 0
Best Objective: 122055.026080002018716
Incumbent Obj:  426073.438785996870138
*     0+    0                       424776.7713   122055.0261            71.27%
      0     0   155874.4588  3033   424776.7713    Cuts: 1661     4644   63.30%
Time: 97.477796077728271 seconds
MIP Gap: 0.633043826134331
Nodes: 0
Best Objective: 155874.458755529660266
Incumbent Obj:  424776.771333436015993
      0     0   180934.1974  4787   424776.7713    Cuts: 1661     7231   57.40%
      0     0   194747.9835  6278   424776.7713    Cuts: 1661     9810   54.15%
Time: 117.057924985885620 seconds
MIP Gap: 0.541528641351901
Nodes: 0
Best Objective: 194747.983475393208209
Incumbent Obj:  424776.771333436015993
      0     0   203973.6993  7261   424776.7713    Cuts: 1661    12330   51.98%
Time: 126.856773138046265 seconds
MIP Gap: 0.519809666833339
Nodes: 0
Best Objective: 203973.699348061374621
Incumbent Obj:  424776.771333436015993
      0     0   210896.1955  8202   424776.7713    Cuts: 1661    15070   50.35%
Detecting symmetries...
Time: 136.880928039550781 seconds
MIP Gap: 0.503512880852496
Nodes: 0
Best Objective: 210896.195480115799000
Incumbent Obj:  424776.771333436015993
      0     0   215390.2744  8529   424776.7713    Cuts: 1661    17553   49.29%
Time: 150.346465110778809 seconds
MIP Gap: 0.492933020522916
Nodes: 0
Best Objective: 215390.274392073333729
Incumbent Obj:  424776.771333436015993
      0     0   218640.5942  9108   424776.7713    Cuts: 1661    20091   48.53%
Time: 165.641822099685669 seconds
MIP Gap: 0.485281190066226
Nodes: 0
Best Objective: 218640.594228257075883
Incumbent Obj:  424776.771333436015993
      0     0   220651.4982  9042   424776.7713    Cuts: 1661    22364   48.05%
Time: 179.636405944824219 seconds
MIP Gap: 0.480547164805363
Nodes: 0
Best Objective: 220651.498193977138726
Incumbent Obj:  424776.771333436015993
      0     0   223759.9058  8974   424776.7713    Cuts: 1661    24758   47.32%
Time: 192.898448944091797 seconds
MIP Gap: 0.473229420975624
Nodes: 0
Best Objective: 223759.905791419034358
Incumbent Obj:  424776.771333436015993
      0     0   227316.5246  9969   424776.7713    Cuts: 1661    27397   46.49%
Time: 209.199608087539673 seconds
MIP Gap: 0.464856508284429
Nodes: 0
Best Objective: 227316.524611041735625
Incumbent Obj:  424776.771333436015993
      0     0   230059.0831 10499   424776.7713    Cuts: 1661    30205   45.84%
Time: 227.864495038986206 seconds
MIP Gap: 0.458400038163157
Nodes: 0
Best Objective: 230059.083143366209697
Incumbent Obj:  424776.771333436015993
      0     0   232308.9840 10218   424776.7713    Cuts: 1661    32957   45.31%
Time: 248.114161968231201 seconds
MIP Gap: 0.453103371802497
Nodes: 0
Best Objective: 232308.983978877804475
Incumbent Obj:  424776.771333436015993
      0     0   233773.9348 10458   424776.7713    Cuts: 1661    35965   44.97%
Time: 265.940389156341553 seconds
MIP Gap: 0.449654617176718
Nodes: 0
Best Objective: 233773.934833937324584
Incumbent Obj:  424776.771333436015993
      0     0   234586.7032  9851   424776.7713    Cuts: 1661    38745   44.77%
*     0+    0                       294905.8633   234586.7032            20.45%
Time: 282.571993112564087 seconds
MIP Gap: 0.204536998528166
Nodes: 0
Best Objective: 234586.703208121703938
Incumbent Obj:  294905.863345082383603
      0     0   235112.2659  9575   294905.8633    Cuts: 1647    41677   20.28%
*     0+    0                       289214.4195   235112.2659            18.71%
Time: 331.760024070739746 seconds
MIP Gap: 0.187065892562719
Nodes: 0
Best Objective: 235112.265945122140693
Incumbent Obj:  289214.419464201782830
      0     0   235386.0628  8710   289214.4195    Cuts: 1334    43804   18.61%
Time: 342.806421041488647 seconds
MIP Gap: 0.186119200896320
Nodes: 0
Best Objective: 235386.062825831293594
Incumbent Obj:  289214.419464201782830
      0     0   235533.2356  7492   289214.4195     Cuts: 942    45338   18.56%
*     0+    0                       287352.2491   235533.2356            18.03%
Time: 353.533085107803345 seconds
MIP Gap: 0.180332722958052
Nodes: 0
Best Objective: 235533.235569931450300
Incumbent Obj:  287352.249097871128470
      0     0   235609.5899  7031   287352.2491     Cuts: 593    46628   18.01%
Time: 361.151318073272705 seconds
MIP Gap: 0.180067005981388
Nodes: 0
Best Objective: 235609.589940799574833
Incumbent Obj:  287352.249097871128470
      0     0   235656.1358  7861   287352.2491     Cuts: 441    47614   17.99%
Time: 368.222039937973022 seconds
MIP Gap: 0.179905024095930
Nodes: 0
Best Objective: 235656.135799898853293
Incumbent Obj:  287352.249097871128470
      0     0   235694.0332  7094   287352.2491     Cuts: 436    48440   17.98%
      0     0   235704.5655  6546   287352.2491     Cuts: 269    48962   17.97%
*     0+    0                       282159.0203   235704.5655            16.46%
Time: 377.177287101745605 seconds
MIP Gap: 0.164639268830146
Nodes: 0
Best Objective: 235704.565487419837154
Incumbent Obj:  282159.020280178985558
      0     0   235713.6077  6036   282159.0203     Cuts: 160    49291   16.46%
      0     0   235722.3984  6246   282159.0203     Cuts: 112    49655   16.46%
Time: 385.615813016891479 seconds
MIP Gap: 0.164576067285788
Nodes: 0
Best Objective: 235722.398373256088234
Incumbent Obj:  282159.020280178985558
      0     0   235729.3651  6395   282159.0203     Cuts: 123    49951   16.46%
*     0+    0                       241613.1859   235729.3651             2.44%
Detecting symmetries...
Time: 481.917046070098877 seconds
MIP Gap: 0.024352233716099
Nodes: 0
Best Objective: 235729.365137882414274
Incumbent Obj:  241613.185910055472050
      0     2   235729.3651  6395   241613.1859   235729.3651    49951    2.44%
Elapsed time = 440.23 sec. (139044.98 ticks, tree = 0.02 MB, solutions = 10)
Time: 487.121402025222778 seconds
MIP Gap: 0.024351872070009
Nodes: 2
Best Objective: 235729.452516346529592
Incumbent Obj:  241613.185910055472050
      4     6   235749.6356  5643   241613.1859   235729.4525    50080    2.44%
      6     8   235761.0246  5636   241613.1859   235729.4525    50171    2.44%
Time: 492.277766942977905 seconds
MIP Gap: 0.024351872070009
Nodes: 10
Best Objective: 235729.452516346529592
Incumbent Obj:  241613.185910055472050
     10     3   235734.9309  6392   241613.1859   235729.4525    50027    2.44%
*    11+    3                       239585.7889   235729.4525             1.61%
     12    13   235746.5471  6528   239585.7889   235735.0454    50450    1.61%
*    15+    9                       239371.3491   235735.0454             1.52%
Time: 507.468024969100952 seconds
MIP Gap: 0.016072503693793
Nodes: 15
Best Objective: 235735.045429900783347
Incumbent Obj:  239585.788907090231078
     17     7   235755.5774  5961   239371.3491   235735.0454    50150    1.52%
     22    16   235744.7979  6351   239371.3491   235735.0454    50662    1.52%
     26     6   235748.6747  5985   239371.3491   235735.0454    50082    1.52%
Time: 519.868477106094360 seconds
MIP Gap: 0.016072503693793
Nodes: 24
Best Objective: 235735.045429900783347
Incumbent Obj:  239585.788907090231078
     31    10   235771.0071  5596   239371.3491   235735.0454    50215    1.52%
Time: 528.155139923095703 seconds
MIP Gap: 0.016072503693793
Nodes: 32
Best Objective: 235735.045429900783347
Incumbent Obj:  239585.788907090231078
     34    28   235755.8074  6497   239371.3491   235735.0454    51641    1.52%
     47    34   235819.3698  6901   239371.3491   235735.0454    52599    1.52%
Elapsed time = 489.03 sec. (144418.02 ticks, tree = 3.68 MB, solutions = 12)
Time: 534.796779155731201 seconds
MIP Gap: 0.015191056623950
Nodes: 43
Best Objective: 235735.045429900783347
Incumbent Obj:  239371.349148974171840
     63    50   235787.2767  6467   239371.3491   235735.0454    55287    1.52%
Time: 547.765402078628540 seconds
MIP Gap: 0.015168434971815
Nodes: 63
Best Objective: 235740.460405292309588
Incumbent Obj:  239371.349148974171840
     86    59   235808.0161  5851   239371.3491   235735.0454    57460    1.52%
    129    76   235807.0794  7082   239371.3491   235740.4604    59132    1.52%
Time: 569.714461088180542 seconds
MIP Gap: 0.015151197118418
Nodes: 133
Best Objective: 235744.586653516482329
Incumbent Obj:  239371.349148974171840
    191   177   235842.8305  5055   239371.3491   235746.7480    68658    1.51%
Time: 583.137642145156860 seconds
MIP Gap: 0.015142168025616
Nodes: 190
Best Objective: 235746.747959642030764
Incumbent Obj:  239371.349148974171840
Time: 590.507835149765015 seconds
MIP Gap: 0.015121265070617
Nodes: 226
Best Objective: 235751.751528181368485
Incumbent Obj:  239371.349148974171840
    244   205   235836.9703  5678   239371.3491   235751.7515    72202    1.51%
Time: 597.770570993423462 seconds
MIP Gap: 0.015121265070617
Nodes: 263
Best Objective: 235751.751528181368485
Incumbent Obj:  239371.349148974171840
    330   285   235825.2117  5897   239371.3491   235751.7515    80219    1.51%
Time: 605.825268030166626 seconds
MIP Gap: 0.015121265070617
Nodes: 323
Best Objective: 235751.751528181368485
Incumbent Obj:  239371.349148974171840
    413   347   235875.4857  4751   239371.3491   235751.7515    86223    1.51%
Time: 617.447808027267456 seconds
MIP Gap: 0.015086616641076
Nodes: 397
Best Objective: 235760.045369506522547
Incumbent Obj:  239371.349148974171840
slurmstepd: error: *** JOB 902567 ON gaia CANCELLED AT 2024-08-28T11:38:14 ***
slurmstepd: error: *** STEP 902567.0 ON gaia CANCELLED AT 2024-08-28T11:38:14 ***
