Debug: configOverride contents: IsWeighted_ObjFunc add_break_callback add_generate_reports add_threshold_distance_rssv bw_multiplier capacities cover_mode coverages cust_max_id distance_matrix loc_max_id max_ite_subprob_rssv method method_post_opt method_rssv_fp method_rssv_sp output p seed service size_subproblems_rssv subarea threads time time_cplex time_subprob_rssv weights 
Loading instance...
Scanning input data...
Distance matrix dimensions: 3039 x 3039 = 9235521
Elapsed time: 0 ms

Loading weights...
Skipped line: customer weight coord_x coord_y
Loaded 3038 weights
Loaded 3038 coordinates
Total customer demand: 152693.00
Elapsed time: 7 ms

Loading capacities...
Skipped line: location capacity coord_x coord_y
Loaded 3038 capacities
Loaded 3038 coordinates
Elapsed time: 7 ms

Loading distance matrix...
Computing euclidian distances...
bw multiplier: 0.50
Loaded 9232482 distances
dists stdev: 862.93
bandwidth h: 18.49
locations: 3038
customers: 3038
p: 800
Elapsed time: 275 ms

[INFO] Instance loaded
loc_max_id: 3038
loc_cnt: 3038
service: p3038_800
cust_max_id: 3038
cust_cnt: 3038
unweighted obj function
p: 800
total_demand: 152693.00


-------------------------------------------------


-------------------------------------------------
RSSV heuristic 
-------------------------------------------------
method subproblems: TB_PMP
method final problem: EXACT_CPMP_BIN
-------------------------------------------------
RSSV running...
cPMP size (N): 3038
sub-cPMP size (n): 960
Subproblems cnt (M): 15
p: 800
Seed: 0
Time limit for subproblems: 300.00

thread cnt: 20

Thread 1 created with seed 1
Thread 2 created with seed 2
Solving sub-PMP 1/15...
Thread 3 created with seed 3
Thread 4 created with seed 4
uncapacitated TB started
Thread 5 created with seed 5
Thread 6 created with seed 6
Thread 7 created with seed 7
Thread 8 created with seed 8
Thread 9 created with seed 9
Thread 10 created with seed 10
Thread 11 created with seed 11
Thread 12 created with seed 12
Thread Solving sub-PMP 9/15...
13 created with seed Solving sub-PMP 13
Thread 14 created with seed 14
Solving sub-PMP 8/15...
5/15...
Solving sub-PMP 10/15...
Solving sub-PMP 7/15...
Thread 15 created with seed 15
Solving sub-PMP 4/15...
Solving sub-PMP 3/15...
Solving sub-PMP 6/15...
Solving sub-PMP 12/15...
Solving sub-PMP 11/15...
uncapacitated TB started
uncapacitated TB started
Solving sub-PMP 13/15...
uncapacitated TB started
uncapacitated TB started
Solving sub-PMP 14/15...
Solving sub-PMP 15/15...
uncapacitated TB started
uncapacitated TB started
Solving sub-PMP 2/15...
uncapacitated TB started
uncapacitated TB started
uncapacitated TB started
uncapacitated TB started
uncapacitated TB started
uncapacitated TB started
uncapacitated TB started
uncapacitated TB started
[INFO] Uncapacitated TB local search started
[INFO] Uncapacitated TB local search started
[INFO] Uncapacitated TB local search started
[INFO] Uncapacitated TB local search started
[INFO] Uncapacitated TB local search started
[INFO] Uncapacitated TB local search started
[INFO] Uncapacitated TB local search started
[INFO] Uncapacitated TB local search started
[INFO] Uncapacitated TB local search started
[INFO] Uncapacitated TB local search started
[INFO] Uncapacitated TB local search started
[INFO] Uncapacitated TB local search started
[INFO] Uncapacitated TB local search started
[INFO] Uncapacitated TB local search started
[INFO] Uncapacitated TB local search started

[INFO] Time limit reached. Stopping the algorithm.
TB elapsed time: 300.00 seconds
Num ite total uncapacited TB: 4
tb solution is feasible

[INFO] Time limit reached. Stopping the algorithm.
TB elapsed time: 300.00 seconds
Num ite total uncapacited TB: 4
tb solution is feasible

[INFO] Time limit reached. Stopping the algorithm.
TB elapsed time: 300.00 seconds
Num ite total uncapacited TB: 4
tb solution is feasible

[INFO] Time limit reached. Stopping the algorithm.
TB elapsed time: 300.00 seconds
Num ite total uncapacited TB: 6
tb solution is feasible

[INFO] Time limit reached. Stopping the algorithm.
TB elapsed time: 300.02 seconds
Num ite total uncapacited TB: 8
tb solution is feasible

[INFO] Time limit reached. Stopping the algorithm.
TB elapsed time: 300.01 seconds
Num ite total uncapacited TB: 6
tb solution is feasible

[INFO] Time limit reached. Stopping the algorithm.
TB elapsed time: 300.02 seconds
Num ite total uncapacited TB: 6
tb solution is feasible

[INFO] Time limit reached. Stopping the algorithm.
TB elapsed time: 300.01 seconds
Num ite total uncapacited TB: 6
tb solution is feasible

[INFO] Time limit reached. Stopping the algorithm.
TB elapsed time: 300.02 seconds
Num ite total uncapacited TB: 8
tb solution is feasible

[INFO] Time limit reached. Stopping the algorithm.
TB elapsed time: 300.02 seconds
Num ite total uncapacited TB: 8
tb solution is feasible

[INFO] Time limit reached. Stopping the algorithm.
TB elapsed time: 300.00 seconds
Num ite total uncapacited TB: 4
tb solution is feasible

[INFO] Time limit reached. Stopping the algorithm.
TB elapsed time: 300.01 seconds
Num ite total uncapacited TB: 7
tb solution is feasible

[INFO] Time limit reached. Stopping the algorithm.
TB elapsed time: 300.01 seconds
Num ite total uncapacited TB: 5
tb solution is feasible

[INFO] Time limit reached. Stopping the algorithm.
TB elapsed time: 300.02 seconds
Num ite total uncapacited TB: 7
tb solution is feasible

[INFO] Time limit reached. Stopping the algorithm.
TB elapsed time: 300.02 seconds
Num ite total uncapacited TB: 5
tb solution is feasible
[INFO] All subproblems solved.

Elapsed time: 302312 ms


Stats: 
Max dist: 286.64
Min dist: 0.00
avg of Avg dists: 45.58
avg Std dev dist: 37.11

First 960 voting weights (sorted): 2322(17.07) 2326(17.06) 2323(16.77) 2321(16.45) 2324(14.91) 2877(12.00) 1513(11.18) 2804(11.13) 729(11.05) 1584(10.74) 2453(10.38) 1586(10.27) 2033(10.20) 2944(10.11) 2293(10.09) 2914(10.07) 421(10.07) 108(10.06) 2558(10.00) 2228(10.00) 2426(10.00) 1216(10.00) 98(9.82) 3004(9.33) 1785(9.24) 2161(9.17) 2663(9.13) 2931(9.11) 2233(9.11) 939(9.10) 783(9.07) 1251(9.05) 179(9.05) 177(9.00) 1394(9.00) 1935(9.00) 899(9.00) 2423(9.00) 785(9.00) 229(9.00) 2275(9.00) 2258(9.00) 2043(9.00) 3022(9.00) 3037(9.00) 3017(9.00) 570(8.77) 2105(8.76) 554(8.72) 976(8.58) 977(8.47) 1559(8.43) 2152(8.43) 3003(8.39) 340(8.32) 2892(8.29) 120(8.29) 2626(8.22) 2698(8.20) 3005(8.19) 648(8.19) 185(8.18) 118(8.18) 225(8.16) 1329(8.14) 2219(8.11) 518(8.09) 329(8.09) 188(8.08) 801(8.08) 1333(8.08) 90(8.05) 2635(8.00) 1588(8.00) 1305(8.00) 445(8.00) 447(8.00) 660(8.00) 620(8.00) 2109(8.00) 2837(8.00) 950(8.00) 154(8.00) 2296(8.00) 1457(8.00) 1980(8.00) 337(8.00) 1076(8.00) 1102(8.00) 1835(8.00) 853(8.00) 1070(8.00) 1782(8.00) 1149(8.00) 46(8.00) 371(8.00) 2445(8.00) 2310(8.00) 1602(8.00) 3016(8.00) 747(8.00) 1613(8.00) 1599(8.00) 1419(8.00) 1224(8.00) 1423(8.00) 1206(8.00) 1669(8.00) 1185(8.00) 408(8.00) 923(7.95) 900(7.95) 675(7.87) 2573(7.82) 144(7.79) 107(7.77) 1332(7.68) 2106(7.66) 650(7.65) 1792(7.53) 1687(7.51) 1129(7.50) 451(7.49) 1830(7.44) 2030(7.40) 932(7.40) 664(7.40) 665(7.40) 1486(7.36) 335(7.34) 119(7.34) 1360(7.33) 2122(7.33) 1427(7.28) 2928(7.28) 2822(7.27) 413(7.26) 176(7.25) 974(7.23) 2859(7.22) 2235(7.22) 1823(7.20) 2602(7.20) 2693(7.19) 1984(7.18) 2526(7.18) 1092(7.17) 2035(7.17) 112(7.16) 1607(7.16) 272(7.16) 2088(7.16) 438(7.16) 439(7.16) 1490(7.16) 1491(7.16) 478(7.15) 509(7.15) 81(7.14) 2703(7.14) 1142(7.13) 1456(7.13) 2571(7.13) 2185(7.13) 2651(7.13) 956(7.13) 2901(7.11) 794(7.11) 2913(7.11) 2994(7.11) 2908(7.11) 2609(7.11) 66(7.11) 227(7.11) 2563(7.11) 1853(7.10) 1556(7.09) 1334(7.09) 2448(7.09) 906(7.09) 1704(7.08) 2594(7.08) 2987(7.07) 1947(7.07) 1237(7.06) 194(7.05) 2953(7.04) 1446(7.04) 2020(7.04) 1736(7.04) 1321(7.02) 1175(7.00) 57(7.00) 2073(7.00) 383(7.00) 2077(7.00) 2514(7.00) 1017(7.00) 33(7.00) 1190(7.00) 182(7.00) 1052(7.00) 2083(7.00) 2473(7.00) 399(7.00) 2960(7.00) 1944(7.00) 910(7.00) 1655(7.00) 1649(7.00) 1069(7.00) 1618(7.00) 753(7.00) 2991(7.00) 1056(7.00) 2139(7.00) 2090(7.00) 991(7.00) 135(7.00) 392(7.00) 347(7.00) 1783(7.00) 1784(7.00) 2041(7.00) 2371(7.00) 1865(7.00) 3033(7.00) 1065(7.00) 1803(7.00) 1819(7.00) 2222(7.00) 3(7.00) 2029(7.00) 2350(7.00) 871(7.00) 1839(7.00) 952(7.00) 820(7.00) 1432(7.00) 2443(7.00) 2440(7.00) 2424(7.00) 1745(7.00) 1746(7.00) 2412(7.00) 1886(7.00) 1767(7.00) 2402(7.00) 1906(7.00) 2398(7.00) 1892(7.00) 1146(7.00) 1769(7.00) 2396(7.00) 1766(7.00) 2641(7.00) 1508(7.00) 1270(7.00) 1277(7.00) 691(7.00) 315(7.00) 2710(7.00) 312(7.00) 1393(7.00) 1297(7.00) 2874(7.00) 808(7.00) 284(7.00) 1254(7.00) 476(7.00) 270(7.00) 490(7.00) 601(7.00) 591(7.00) 582(7.00) 256(7.00) 573(7.00) 2833(7.00) 2866(7.00) 542(7.00) 2853(7.00) 1376(7.00) 612(7.00) 2888(7.00) 1565(7.00) 2746(7.00) 901(6.99) 922(6.99) 2064(6.97) 821(6.92) 797(6.90) 2062(6.84) 673(6.80) 696(6.68) 822(6.68) 265(6.67) 1487(6.67) 1439(6.60) 1137(6.58) 818(6.57) 1501(6.57) 2819(6.55) 1800(6.54) 2896(6.53) 2475(6.53) 387(6.52) 2357(6.48) 1688(6.47) 248(6.47) 596(6.47) 92(6.44) 553(6.39) 2891(6.39) 2923(6.38) 1558(6.37) 1900(6.34) 2120(6.34) 1324(6.34) 1438(6.33) 1788(6.31) 989(6.31) 796(6.30) 1249(6.30) 576(6.30) 1248(6.30) 577(6.30) 1372(6.29) 1261(6.28) 964(6.28) 2000(6.28) 2697(6.27) 2363(6.26) 2966(6.25) 2851(6.22) 2852(6.22) 1178(6.21) 2187(6.21) 2252(6.20) 674(6.20) 678(6.20) 2927(6.19) 2662(6.19) 2401(6.19) 271(6.19) 1608(6.19) 2717(6.18) 2652(6.16) 955(6.16) 2186(6.16) 1752(6.16) 526(6.15) 2010(6.14) 519(6.14) 1896(6.14) 2841(6.14) 2840(6.14) 1209(6.14) 2367(6.13) 2366(6.13) 423(6.13) 718(6.13) 1220(6.13) 1082(6.13) 2144(6.13) 1914(6.12) 2085(6.12) 1474(6.12) 745(6.12) 1158(6.12) 890(6.11) 1214(6.11) 791(6.11) 2289(6.11) 1356(6.11) 322(6.11) 2157(6.11) 2884(6.11) 1369(6.11) 1130(6.10) 2762(6.10) 26(6.10) 2080(6.10) 1278(6.09) 2286(6.09) 1280(6.09) 1050(6.09) 2451(6.09) 1506(6.09) 1066(6.09) 1832(6.09) 1200(6.08) 2729(6.07) 2775(6.07) 2941(6.07) 579(6.07) 816(6.06) 1087(6.06) 404(6.05) 1868(6.05) 2758(6.05) 2878(6.04) 2483(6.04) 2868(6.04) 580(6.04) 712(6.04) 1378(6.04) 2111(6.04) 1981(6.03) 2592(6.02) 863(6.02) 1756(6.00) 692(6.00) 2048(6.00) 693(6.00) 1493(6.00) 733(6.00) 85(6.00) 564(6.00) 325(6.00) 365(6.00) 1741(6.00) 819(6.00) 419(6.00) 1653(6.00) 772(6.00) 777(6.00) 779(6.00) 988(6.00) 1663(6.00) 1541(6.00) 2086(6.00) 784(6.00) 737(6.00) 1672(6.00) 1520(6.00) 168(6.00) 1685(6.00) 410(6.00) 491(6.00) 1692(6.00) 2066(6.00) 1694(6.00) 965(6.00) 1631(6.00) 982(6.00) 1968(6.00) 663(6.00) 406(6.00) 662(6.00) 911(6.00) 613(6.00) 614(6.00) 157(6.00) 474(6.00) 623(6.00) 280(6.00) 433(6.00) 1923(6.00) 164(6.00) 756(6.00) 285(6.00) 345(6.00) 294(6.00) 643(6.00) 286(6.00) 287(6.00) 1864(6.00) 638(6.00) 1843(6.00) 160(6.00) 2022(6.00) 731(6.00) 1763(6.00) 1630(6.00) 682(6.00) 444(6.00) 1573(6.00) 1995(6.00) 1991(6.00) 762(6.00) 1988(6.00) 927(6.00) 916(6.00) 126(6.00) 269(6.00) 925(6.00) 844(6.00) 676(6.00) 487(6.00) 1786(6.00) 855(6.00) 147(6.00) 609(6.00) 920(6.00) 611(6.00) 1621(6.00) 1136(6.00) 2387(6.00) 2386(6.00) 2930(6.00) 1116(6.00) 2349(6.00) 2346(6.00) 2938(6.00) 1110(6.00) 2688(6.00) 2335(6.00) 1105(6.00) 1104(6.00) 2333(6.00) 2260(6.00) 1100(6.00) 2328(6.00) 2832(6.00) 2320(6.00) 1088(6.00) 2955(6.00) 2721(6.00) 2305(6.00) 2302(6.00) 2824(6.00) 2294(6.00) 2291(6.00) 2282(6.00) 1463(6.00) 2733(6.00) 2330(6.00) 2518(6.00) 2528(6.00) 1213(6.00) 2881(6.00) 2499(6.00) 1194(6.00) 1384(6.00) 1399(6.00) 1401(6.00) 2493(6.00) 1218(6.00) 1383(6.00) 2889(6.00) 2486(6.00) 2389(6.00) 2861(6.00) 2796(6.00) 2465(6.00) 1410(6.00) 2455(6.00) 2587(6.00) 1375(6.00) 1414(6.00) 1235(6.00) 1416(6.00) 2421(6.00) 1240(6.00) 2639(6.00) 1143(6.00) 2392(6.00) 2562(6.00) 1313(6.00) 3034(6.00) 2817(6.00) 2166(6.00) 2740(6.00) 2238(6.00) 1472(6.00) 2167(6.00) 1009(6.00) 2163(6.00) 1310(6.00) 2148(6.00) 2753(6.00) 2159(6.00) 1016(6.00) 1344(6.00) 1007(6.00) 2125(6.00) 2737(6.00) 2754(6.00) 2249(6.00) 3035(6.00) 2816(6.00) 2765(6.00) 2110(6.00) 2778(6.00) 2810(6.00) 1476(6.00) 19(6.00) 2149(5.98) 132(5.97) 233(5.96) 1828(5.96) 2897(5.96) 736(5.96) 133(5.94) 1096(5.91) 3006(5.87) 1824(5.82) 1387(5.80) 1183(5.80) 2808(5.78) 571(5.74) 458(5.69) 2151(5.68) 2124(5.67) 1326(5.64) 2098(5.60) 1502(5.58) 2221(5.55) 2985(5.54) 520(5.52) 1524(5.52) 701(5.50) 699(5.50) 2099(5.50) 1331(5.50) 450(5.50) 1816(5.48) 1817(5.48) 1094(5.47) 432(5.46) 598(5.45) 2924(5.43) 2527(5.41) 2119(5.41) 2431(5.40) 2134(5.40) 1247(5.36) 1871(5.36) 1872(5.36) 523(5.36) 2945(5.34) 1228(5.32) 2160(5.31) 544(5.30) 949(5.30) 2525(5.30) 1187(5.29) 1603(5.29) 2823(5.28) 331(5.27) 2589(5.26) 2060(5.26) 1528(5.25) 236(5.25) 2926(5.25) 1350(5.25) 1349(5.25) 2949(5.25) 2251(5.25) 2862(5.24) 1496(5.24) 2227(5.22) 717(5.22) 1675(5.21) 931(5.20) 2012(5.20) 2013(5.20) 2932(5.20) 2232(5.20) 97(5.19) 82(5.19) 2704(5.19) 480(5.19) 2344(5.19) 2184(5.19) 978(5.18) 556(5.18) 1919(5.18) 940(5.18) 2858(5.17) 1483(5.17) 659(5.17) 814(5.17) 2690(5.17) 2691(5.17) 813(5.17) 529(5.17) 2488(5.17) 1412(5.17) 2011(5.17) 668(5.16) 562(5.16) 2327(5.16) 1210(5.16) 795(5.16) 1299(5.16) 2181(5.16) 2995(5.16) 2912(5.16) 1071(5.15) 2542(5.15) 2818(5.15) 2601(5.14) 1112(5.14) 1113(5.14) 1327(5.14) 1910(5.14) 2046(5.14) 230(5.14) 231(5.14) 1911(5.14) 1145(5.14) 1215(5.14) 889(5.14) 1585(5.14) 220(5.14) 790(5.13) 1357(5.13) 2288(5.13) 321(5.13) 1875(5.13) 1138(5.13) 669(5.13) 443(5.12) 1176(5.12) 3000(5.12) 874(5.12) 2509(5.11) 2876(5.11) 2875(5.11) 1659(5.11) 1596(5.11) 1698(5.11) 1124(5.11) 2681(5.11) 45(5.10) 50(5.09) 2264(5.09) 181(5.09) 1582(5.09) 2646(5.09) 2661(5.09) 624(5.09) 2907(5.09) 2838(5.09) 1428(5.09) 1421(5.09) 781(5.09) 137(5.09) 2360(5.09) 2203(5.09) 2694(5.09) 298(5.09) 1470(5.09) 2492(5.08) 2031(5.08) 1581(5.08) 364(5.08) 2569(5.08) 535(5.08) 2342(5.08) 1517(5.07) 2508(5.07) 2376(5.07) 887(5.07) 1666(5.07) 805(5.07) 2964(5.07) 511(5.07) 834(5.07) 2231(5.07) 78(5.07) 263(5.07) 49(5.07) 2656(5.07) 1353(5.06) 422(5.06) 1184(5.06) 2242(5.06) 110(5.06) 2381(5.06) 60(5.06) 1425(5.06) 830(5.06) 375(5.06) 1521(5.05) 560(5.05) 2713(5.04) 2882(5.04) 1260(5.04) 1448(5.03) 826(5.03) 3029(5.03) 2749(5.03) 361(5.02) 2597(5.02) 2521(5.02) 2786(5.02) 124(5.00) 123(5.00) 3009(5.00) 2873(5.00) 2820(5.00) 466(5.00) 2872(5.00) 440(5.00) 461(5.00) 608(5.00) 3036(5.00) 605(5.00) 604(5.00) 83(5.00) 2800(5.00) 3020(5.00) 3018(5.00) 3015(5.00) 94(5.00) 459(5.00) 99(5.00) 103(5.00) 2886(5.00) 3014(5.00) 589(5.00) 3013(5.00) 460(5.00) 446(5.00) 356(5.00) 2900(5.00) 538(5.00) 512(5.00) 537(5.00) 2902(5.00) 2910(5.00) 403(5.00) 159(5.00) 2850(5.00) 527(5.00) 2921(5.00) 2917(5.00) 2844(5.00) 2845(5.00) 2916(5.00) 2849(5.00) 378(5.00) 2870(5.00) 2992(5.00) 151(5.00) 568(5.00) 493(5.00) 161(5.00) 499(5.00) 563(5.00) 2899(5.00) 504(5.00) 338(5.00) 508(5.00) 2939(5.00) 2893(5.00) 2834(5.00) 342(5.00) 351(5.00) 163(5.00) 2390(5.00) 1790(5.00) 2369(5.00) 1811(5.00) 2362(5.00) 1822(5.00) 2359(5.00) 1829(5.00) 2358(5.00) 23(5.00) 1836(5.00) 2345(5.00) 1887(5.00) 1888(5.00) 2337(5.00) 1899(5.00) 1907(5.00) 1934(5.00) 1936(5.00) 2356(5.00) 2480(5.00) 2479(5.00) 1710(5.00) 2478(5.00) 2461(5.00) 1711(5.00) 1719(5.00) 1721(5.00) 1732(5.00) 1774(5.00) 2438(5.00) 2416(5.00) 1750(5.00) 2413(5.00) 2409(5.00) 2408(5.00) 1764(5.00) 2406(5.00) 2405(5.00) 1773(5.00) 1734(5.00) 2036(5.00) 2216(5.00) 2213(5.00) 2037(5.00) 2211(5.00) 2207(5.00) 2049(5.00) 2052(5.00) 2202(5.00) 1942(5.00) 2061(5.00) 2173(5.00) 2067(5.00) 2155(5.00) 2089(5.00) 2092(5.00) 2102(5.00) 2116(5.00) 2107(5.00) 2056(5.00) 1946(5.00) 2318(5.00) 2311(5.00) 1954(5.00) 1958(5.00) 2298(5.00) 1971(5.00) 1975(5.00) 2295(5.00) 2220(5.00) 2268(5.00) 2267(5.00) 1989(5.00) 1990(5.00) 2261(5.00) 2259(5.00) 2256(5.00) 2021(5.00) 2023(5.00) 2229(5.00) 1982(5.00) 680(5.00) 687(5.00) 688(5.00) 2684(5.00) 2676(5.00) 2672(5.00) 698(5.00) 2670(5.00) 2666(5.00) 1700(5.00) 2659(5.00) 2657(5.00) 1514(5.00) 2654(5.00) 2648(5.00) 1542(5.00) 1549(5.00) 2628(5.00) 2608(5.00) 2664(5.00) 2794(5.00) 2785(5.00) 2783(5.00) 2782(5.00) 2773(5.00) 2766(5.00) 


Filtered 960 locations: 2322 2326 2323 2321 2324 2877 1513 2804 729 1584 2453 1586 2033 2944 2293 2914 421 108 2558 2228 2426 1216 98 3004 1785 2161 2663 2931 2233 939 783 1251 179 177 1394 1935 899 2423 785 229 2275 2258 2043 3022 3037 3017 570 2105 554 976 977 1559 2152 3003 340 2892 120 2626 2698 3005 648 185 118 225 1329 2219 518 329 188 801 1333 90 2635 1588 1305 445 447 660 620 2109 2837 950 154 2296 1457 1980 337 1076 1102 1835 853 1070 1782 1149 46 371 2445 2310 1602 3016 747 1613 1599 1419 1224 1423 1206 1669 1185 408 923 900 675 2573 144 107 1332 2106 650 1792 1687 1129 451 1830 2030 932 664 665 1486 335 119 1360 2122 1427 2928 2822 413 176 974 2859 2235 1823 2602 2693 1984 2526 1092 2035 112 1607 272 2088 438 439 1490 1491 478 509 81 2703 1142 1456 2571 2185 2651 956 2901 794 2913 2994 2908 2609 66 227 2563 1853 1556 1334 2448 906 1704 2594 2987 1947 1237 194 2953 1446 2020 1736 1321 1175 57 2073 383 2077 2514 1017 33 1190 182 1052 2083 2473 399 2960 1944 910 1655 1649 1069 1618 753 2991 1056 2139 2090 991 135 392 347 1783 1784 2041 2371 1865 3033 1065 1803 1819 2222 3 2029 2350 871 1839 952 820 1432 2443 2440 2424 1745 1746 2412 1886 1767 2402 1906 2398 1892 1146 1769 2396 1766 2641 1508 1270 1277 691 315 2710 312 1393 1297 2874 808 284 1254 476 270 490 601 591 582 256 573 2833 2866 542 2853 1376 612 2888 1565 2746 901 922 2064 821 797 2062 673 696 822 265 1487 1439 1137 818 1501 2819 1800 2896 2475 387 2357 1688 248 596 92 553 2891 2923 1558 1900 2120 1324 1438 1788 989 796 1249 576 1248 577 1372 1261 964 2000 2697 2363 2966 2851 2852 1178 2187 2252 674 678 2927 2662 2401 271 1608 2717 2652 955 2186 1752 526 2010 519 1896 2841 2840 1209 2367 2366 423 718 1220 1082 2144 1914 2085 1474 745 1158 890 1214 791 2289 1356 322 2157 2884 1369 1130 2762 26 2080 1278 2286 1280 1050 2451 1506 1066 1832 1200 2729 2775 2941 579 816 1087 404 1868 2758 2878 2483 2868 580 712 1378 2111 1981 2592 863 1756 692 2048 693 1493 733 85 564 325 365 1741 819 419 1653 772 777 779 988 1663 1541 2086 784 737 1672 1520 168 1685 410 491 1692 2066 1694 965 1631 982 1968 663 406 662 911 613 614 157 474 623 280 433 1923 164 756 285 345 294 643 286 287 1864 638 1843 160 2022 731 1763 1630 682 444 1573 1995 1991 762 1988 927 916 126 269 925 844 676 487 1786 855 147 609 920 611 1621 1136 2387 2386 2930 1116 2349 2346 2938 1110 2688 2335 1105 1104 2333 2260 1100 2328 2832 2320 1088 2955 2721 2305 2302 2824 2294 2291 2282 1463 2733 2330 2518 2528 1213 2881 2499 1194 1384 1399 1401 2493 1218 1383 2889 2486 2389 2861 2796 2465 1410 2455 2587 1375 1414 1235 1416 2421 1240 2639 1143 2392 2562 1313 3034 2817 2166 2740 2238 1472 2167 1009 2163 1310 2148 2753 2159 1016 1344 1007 2125 2737 2754 2249 3035 2816 2765 2110 2778 2810 1476 19 2149 132 233 1828 2897 736 133 1096 3006 1824 1387 1183 2808 571 458 2151 2124 1326 2098 1502 2221 2985 520 1524 701 699 2099 1331 450 1816 1817 1094 432 598 2924 2527 2119 2431 2134 1247 1871 1872 523 2945 1228 2160 544 949 2525 1187 1603 2823 331 2589 2060 1528 236 2926 1350 1349 2949 2251 2862 1496 2227 717 1675 931 2012 2013 2932 2232 97 82 2704 480 2344 2184 978 556 1919 940 2858 1483 659 814 2690 2691 813 529 2488 1412 2011 668 562 2327 1210 795 1299 2181 2995 2912 1071 2542 2818 2601 1112 1113 1327 1910 2046 230 231 1911 1145 1215 889 1585 220 790 1357 2288 321 1875 1138 669 443 1176 3000 874 2509 2876 2875 1659 1596 1698 1124 2681 45 50 2264 181 1582 2646 2661 624 2907 2838 1428 1421 781 137 2360 2203 2694 298 1470 2492 2031 1581 364 2569 535 2342 1517 2508 2376 887 1666 805 2964 511 834 2231 78 263 49 2656 1353 422 1184 2242 110 2381 60 1425 830 375 1521 560 2713 2882 1260 1448 826 3029 2749 361 2597 2521 2786 124 123 3009 2873 2820 466 2872 440 461 608 3036 605 604 83 2800 3020 3018 3015 94 459 99 103 2886 3014 589 3013 460 446 356 2900 538 512 537 2902 2910 403 159 2850 527 2921 2917 2844 2845 2916 2849 378 2870 2992 151 568 493 161 499 563 2899 504 338 508 2939 2893 2834 342 351 163 2390 1790 2369 1811 2362 1822 2359 1829 2358 23 1836 2345 1887 1888 2337 1899 1907 1934 1936 2356 2480 2479 1710 2478 2461 1711 1719 1721 1732 1774 2438 2416 1750 2413 2409 2408 1764 2406 2405 1773 1734 2036 2216 2213 2037 2211 2207 2049 2052 2202 1942 2061 2173 2067 2155 2089 2092 2102 2116 2107 2056 1946 2318 2311 1954 1958 2298 1971 1975 2295 2220 2268 2267 1989 1990 2261 2259 2256 2021 2023 2229 1982 680 687 688 2684 2676 2672 698 2670 2666 1700 2659 2657 1514 2654 2648 1542 1549 2628 2608 2664 2794 2785 2783 2782 2773 2766 

Extracted 0 prioritized locations: 

Final instance parameters:
loc_max_id: 3038
loc_cnt: 960
service: p3038_800
cust_max_id: 3038
cust_cnt: 3038
unweighted obj function
p: 800
total_demand: 152693.00
threshold_dist: 323.76



-------------------------------------------------
Final Problem RSSV heuristic
-------------------------------------------------
    RSSV_EXACT_CPMP_BIN
-------------------------------------------------
Gap Cplex Reports: gap_Bin_service_p3038_800_p_800_RSSV_EXACT_CPMP_BIN.csv
[CALLBACK] Generating reports cplex callbacks...
[CALLBACK] Using BreakCallback...
Time Limit with not improving 1.00% (gap): 300.00 seconds
Time Limit with Gap less than 1%: 180.00 seconds
Default row names c1, c2 ... being created.
Version identifier: 22.1.1.0 | 2022-11-28 | 9160aff4d
CPXPARAM_TimeLimit                               2098
Legacy callback                                  i
Tried aggregator 1 time.
MIP Presolve eliminated 2834297 rows and 2834297 columns.
Reduced MIP has 3999 rows, 83143 columns, and 166286 nonzeros.
Reduced MIP has 83143 binaries, 0 generals, 0 SOSs, and 0 indicators.
Presolve time = 4.64 sec. (1887.45 ticks)
Found incumbent of value 667342.765523 after 8.77 sec. (2922.45 ticks)
Tried aggregator 1 time.
Detecting symmetries...
Reduced MIP has 3999 rows, 83143 columns, and 166286 nonzeros.
Reduced MIP has 83143 binaries, 0 generals, 0 SOSs, and 0 indicators.
Presolve time = 0.50 sec. (137.03 ticks)
Probing time = 2.27 sec. (10.49 ticks)
Clique table members: 85221.
MIP emphasis: balance optimality and feasibility.
MIP search method: dynamic search.
Parallel mode: deterministic, using up to 32 threads.
Root relaxation solution time = 1.32 sec. (144.61 ticks)

        Nodes                                         Cuts/
   Node  Left     Objective  IInf  Best Integer    Best Bound    ItCnt     Gap

*     0+    0                       667342.7655        0.0000           100.00%
*     0+    0                       257711.9856        0.0000           100.00%
*     0+    0                       236195.7232        0.0000           100.00%
      0     0   135083.9067   923   236195.7232   135083.9067     1536   42.81%
Time: 34.48 seconds
MIP Gap: 0.43
Nodes: 0
Best Objective: 135083.906729094567709
Incumbent Obj:  236195.723179959750269
      0     0   137014.9567   939   236195.7232    Cuts: 1099     2848   41.99%
      0     0   142486.9354  1328   236195.7232    Cuts: 1099     4663   39.67%
      0     0   144471.2763  1429   236195.7232    Cuts: 1099     6142   38.83%
*     0+    0                       175602.5788   144471.2763            17.73%
*     0+    0                       168798.8782   144471.2763            14.41%
*     0+    0                       162353.8706   144471.2763            11.01%
*     0+    0                       158672.6903   144471.2763             8.95%
*     0+    0                       154486.0239   144471.2763             6.48%
*     0+    0                       152053.4930   144471.2763             4.99%
      0     0  -1.00000e+75     0   152053.4930   144471.2763     6142    4.99%
Time: 246.640780925750732 seconds
MIP Gap: 0.049865455574955
Nodes: 0
Best Objective: 144471.276312769477954
Incumbent Obj:  152053.493013658822747
      0     0   145251.2404  1363   152053.4930    Cuts: 1036     7504    4.47%
      0     0   145602.6801  1355   152053.4930     Cuts: 725     8341    4.24%
Detecting symmetries...
      0     0   145806.9814  1235   152053.4930     Cuts: 550     9066    4.11%
      0     0   145937.2839  1188   152053.4930     Cuts: 346     9585    4.02%
      0     0   146042.5741  1176   152053.4930     Cuts: 333    10073    3.95%
      0     0   146104.6141  1070   152053.4930     Cuts: 258    10432    3.91%
      0     0   146151.3134   999   152053.4930     Cuts: 240    10808    3.88%
Time: 251.734716892242432 seconds
MIP Gap: 0.038816468772967
Nodes: 0
Best Objective: 146151.313350273616379
Incumbent Obj:  152053.493013658822747
      0     0   146185.9263  1126   152053.4930     Cuts: 178    11112    3.86%
      0     0   146211.0754   985   152053.4930     Cuts: 202    11369    3.84%
      0     0   146236.5345  1124   152053.4930     Cuts: 169    11634    3.83%
      0     0   146255.3157   965   152053.4930     Cuts: 154    11863    3.81%
      0     0   146276.1615  1003   152053.4930     Cuts: 150    12127    3.80%
      0     0   146288.9665   988   152053.4930     Cuts: 129    12336    3.79%
*     0+    0                       150431.1033   146288.9665             2.75%
Detecting symmetries...
Time: 273.846406936645508 seconds
MIP Gap: 0.027535109093004
Nodes: 0
Best Objective: 146288.966454208857613
Incumbent Obj:  150431.103294401225867
      0     2   146288.9665   988   150431.1033   146288.9665    12336    2.75%
Elapsed time = 256.26 sec. (11459.81 ticks, tree = 0.02 MB, solutions = 10)
     23    20   146305.4252  1004   150431.1033   146289.1307    13088    2.75%
Time: 279.075659036636353 seconds
MIP Gap: 0.027504157074464
Nodes: 84
Best Objective: 146293.622600507107563
Incumbent Obj:  150431.103294401225867
     92    76   146406.8524   976   150431.1033   146293.6226    15954    2.75%
    182   155   146317.1709  1028   150431.1033   146294.2682    20207    2.75%
    300   269   146433.1634   775   150431.1033   146300.4513    24910    2.75%
*   308+  138                       148221.7288   146300.4513             1.30%
Time: 284.360965013504028 seconds
MIP Gap: 0.012962185063198
Nodes: 295
Best Objective: 146300.451331652671797
Incumbent Obj:  148221.728810886474093
    331   302   146413.8601   883   148221.7288   146300.4513    25877    1.30%
    358   326   146370.9161   916   148221.7288   146300.4513    26467    1.30%
Time: 292.422138929367065 seconds
MIP Gap: 0.012962185063198
Nodes: 352
Best Objective: 146300.451331652671797
Incumbent Obj:  148221.728810886474093
    400   356   146460.4831   731   148221.7288   146300.4513    27313    1.30%
    442   390   146522.5347   710   148221.7288   146300.4513    28049    1.30%
    557   522   146520.1258   726   148221.7288   146300.4513    30968    1.30%
Time: 297.843344926834106 seconds
MIP Gap: 0.012962185063198
Nodes: 649
Best Objective: 146300.451331652671797
Incumbent Obj:  148221.728810886474093
Time: 303.087205886840820 seconds
MIP Gap: 0.012962185063198
Nodes: 1068
Best Objective: 146300.451331652671797
Incumbent Obj:  148221.728810886474093
   1296  1164   146618.4374   803   148221.7288   146300.4513    45397    1.30%
Elapsed time = 287.32 sec. (14639.73 ticks, tree = 75.01 MB, solutions = 12)
Time: 308.688117980957031 seconds
MIP Gap: 0.012951673765070
Nodes: 1315
Best Objective: 146302.009334433183540
Incumbent Obj:  148221.728810886474093
*  1576+ 1255                       147743.8383   146302.0093             0.98%
*  1677+ 1255                       147517.0460   146302.0093             0.82%
*  1782+ 1255                       147435.7121   146302.0093             0.77%
Time: 315.999840021133423 seconds
MIP Gap: 0.012951673765070
Nodes: 1767
Best Objective: 146302.009334433183540
Incumbent Obj:  148221.728810886474093
*  1909+ 1425                       147365.9639   146302.0093             0.72%
*  1957+ 1255                       147360.1902   146302.0093             0.72%
   2126  1869   146806.6262   595   147360.1902   146302.0093    60422    0.72%
Time: 321.167766094207764 seconds
MIP Gap: 0.012951673765070
Nodes: 2126
Best Objective: 146302.009334433183540
Incumbent Obj:  148221.728810886474093
*  2227+ 1295                       147358.0946   146302.0093             0.72%
*  2262+ 1314                       147350.9675   146302.0093             0.71%
*  2314+ 1314                       147315.2868   146302.0093             0.69%
*  2411+ 2126                       147300.4181   146302.0093             0.68%
*  2416+ 2231                       147281.9051   146302.0093             0.67%
*  2427+ 2126                       147261.3671   146302.0093             0.65%
   2454  2278   147311.9350   484   147261.3671   146302.0093    67906    0.65%
Time: 326.977694988250732 seconds
MIP Gap: 0.006550756341655
Nodes: 2381
Best Objective: 146302.009334433183540
Incumbent Obj:  147266.717719448613934
*  2574+ 2280                       147240.1567   146302.0093             0.64%
*  2612+ 2280                       147205.9658   146302.0093             0.61%
*  2637+ 2280                       147167.3437   146302.0093             0.59%
   2708  2453   146940.2256   503   147167.3437   146302.0093    73598    0.59%
Time: 333.486250877380371 seconds
MIP Gap: 0.005879934781464
Nodes: 2717
Best Objective: 146302.009334433183540
Incumbent Obj:  147167.343717453069985
   2970  2545   146361.8894   962   147167.3437   146302.0093    79573    0.59%
*  3018+ 2576                       147111.2329   146302.0093             0.55%
*  3035+ 2576                       147085.9900   146302.0093             0.53%
Time: 339.694127082824707 seconds
MIP Gap: 0.005330084122666
Nodes: 3009
Best Objective: 146302.009334433183540
Incumbent Obj:  147085.990034583111992
   3180  2697   146720.4986   535   147085.9900   146302.0093    85113    0.53%
Time: 345.177366971969604 seconds
MIP Gap: 0.005330084122666
Nodes: 3305
Best Objective: 146302.009334433183540
Incumbent Obj:  147085.990034583111992
   3482  2987   147051.3440   431   147085.9900   146302.0093    90516    0.53%
*  3727+ 3031                       147068.0887   146302.0093             0.52%
Time: 350.633321046829224 seconds
MIP Gap: 0.005209011276481
Nodes: 3682
Best Objective: 146302.009334433183540
Incumbent Obj:  147068.088666708645178
   3895  3303   146481.0853   774   147068.0887   146302.0093    97695    0.52%
Time: 357.144728899002075 seconds
MIP Gap: 0.005209011276481
Nodes: 4078
Best Objective: 146302.009334433183540
Incumbent Obj:  147068.088666708645178
   4333  3722   146326.5872  1021   147068.0887   146302.0093   108954    0.52%
*  4627+ 3902                       147062.8453   146302.3752             0.52%
Time: 363.005717992782593 seconds
MIP Gap: 0.005206523701405
Nodes: 4492
Best Objective: 146302.375177345151315
Incumbent Obj:  147068.088666708645178
*  4691+ 4020                       147009.8106   146302.3752             0.48%
   4735  4088   146754.6352   551   147009.8106   146302.3752   116567    0.48%
*  4844+ 4041                       147004.5673   146302.3752             0.48%
   4922  4095   146844.2736   544   147004.5673   146302.3752   119841    0.48%
Elapsed time = 349.47 sec. (24197.44 ticks, tree = 301.14 MB, solutions = 43)
Time: 369.730213880538940 seconds
MIP Gap: 0.004776668413435
Nodes: 4815
Best Objective: 146302.375177345151315
Incumbent Obj:  147004.567250360589242
*  5290+ 4295                       146991.3019   146302.3752             0.47%
   5368  4464   146832.2843   646   146991.3019   146302.3752   127714    0.47%

Performing restart 1

Repeating presolve.
Tried aggregator 1 time.
MIP Presolve eliminated 0 rows and 4 columns.
MIP Presolve modified 69 coefficients.
Reduced MIP has 3999 rows, 83139 columns, and 166278 nonzeros.
Reduced MIP has 83139 binaries, 0 generals, 0 SOSs, and 0 indicators.
Presolve time = 0.37 sec. (139.97 ticks)
Tried aggregator 1 time.
MIP Presolve modified 18 coefficients.
Reduced MIP has 3999 rows, 83139 columns, and 166278 nonzeros.
Reduced MIP has 83139 binaries, 0 generals, 0 SOSs, and 0 indicators.
Presolve time = 0.53 sec. (166.51 ticks)
Represolve time = 18.19 sec. (4054.53 ticks)
   5374     0   146332.7563  1124   146991.3019     Cuts: 156   142020    0.45%
   5374     0   146350.3186  1120   146991.3019     Cuts: 183   142313    0.44%
   5374     0   146368.5370  1013   146991.3019     Cuts: 172   142584    0.42%
*  5374+    0                       146943.6551   146368.5370             0.39%
*  5374+    0                       146938.8419   146368.5370             0.39%
   5374     0  -1.00000e+75     0   146938.8419   146368.5370   142584    0.39%
   5374     0   146382.4168  1064   146938.8419     Cuts: 152   142865    0.38%
   5374     0   146398.3525  1074   146938.8419     Cuts: 130   143148    0.37%
   5374     0   146410.6155  1053   146938.8419     Cuts: 161   143389    0.36%
   5374     0   146419.4413  1112   146938.8419     Cuts: 133   143628    0.35%
   5374     0   146425.5122  1101   146938.8419     Cuts: 120   143859    0.35%
   5374     0   146429.1377  1172   146938.8419     Cuts: 108   144031    0.35%
   5374     0   146434.5040  1184   146938.8419      Cuts: 83   144212    0.34%
   5374     0   146438.5444  1153   146938.8419      Cuts: 99   144375    0.34%
   5374     0   146444.5786  1010   146938.8419      Cuts: 90   144579    0.34%
   5374     0   146450.2684  1113   146938.8419      Cuts: 94   144782    0.33%
   5374     0   146454.8302  1091   146938.8419      Cuts: 88   144994    0.33%
   5374     0   146458.7930  1173   146938.8419      Cuts: 83   145190    0.33%
   5374     0   146460.8984  1005   146938.8419      Cuts: 68   145298    0.33%
   5374     0   146463.2147   908   146938.8419      Cuts: 83   145416    0.32%
   5374     0   146464.8459   929   146938.8419      Cuts: 43   145507    0.32%
   5374     0   146466.1406   945   146938.8419      Cuts: 46   145643    0.32%
   5374     0   146467.9242   846   146938.8419      Cuts: 51   145785    0.32%
   5374     0   146470.0155  1074   146938.8419      Cuts: 46   145902    0.32%
Time: 546.374332904815674 seconds
MIP Gap: 0.003190623193495
Nodes: 5374
Best Objective: 146470.015470085723791
Incumbent Obj:  146938.841947227803757
Stopping optimization: Gap is less than 1% for more than 180.00 seconds.
Stopping optimization: Gap is less than 1% for more than 180.00 seconds.

Clique cuts applied:  946
Cover cuts applied:  1306
Flow cuts applied:  324
Mixed integer rounding cuts applied:  624
Zero-half cuts applied:  1016
Lift and project cuts applied:  1
Gomory fractional cuts applied:  126

Root node processing (before b&c):
  Real time             =  251.69 sec. (13272.86 ticks)
Parallel b&c, 32 threads:
  Real time             =  292.72 sec. (34569.14 ticks)
  Sync time (average)   =   86.51 sec.
  Wait time (average)   =    1.66 sec.
                          ------------
Total (root+branch&cut) =  544.41 sec. (47842.00 ticks)
[INFO] Saving variables cplex:
./outputs/solutions/2024-08-27_LIT_seed_0_1-2p/VarsValues_cplex/test_lit_p3038_800_CPMP_Vars_Bin_p_800_RSSV_EXACT_CPMP_BIN.txt
[INFO] Saving results cplex: 
./outputs/solutions/2024-08-27_LIT_seed_0_1-2p/Results_cplex/test_lit_p3038_800_Bin_RSSV_EXACT_CPMP_BIN.csv

Final solution CPMP:
p locations: 220 1215 1911 2046 1327 2820 2542 1071 2288 518 1412 813 2703 1919 556 2049 2344 480 2932 1439 2013 520 1675 182 717 1349 1350 2589 1096 331 1824 544 2037 1872 378 1247 2740 2134 2527 598 432 1816 1331 2824 2985 1502 2995 2098 605 2808 736 2229 233 19 3005 2810 2816 2249 756 2754 1261 2737 1007 1016 2509 2753 1260 1009 2167 674 2181 1472 3034 1541 1143 2639 1146 1240 2733 1375 2587 1094 2119 701 1410 2486 2817 1324 1399 2892 1194 2499 2841 1423 2043 1334 476 1988 570 2697 712 2558 1065 1774 356 2483 1565 147 1270 2688 1305 596 2089 2296 1603 110 819 1528 620 1329 1438 729 2222 932 2350 3003 1585 1655 1501 83 1853 1069 2562 1556 1947 2396 978 269 1736 2445 952 1175 466 57 2893 2160 33 1052 665 2083 2455 1746 2526 399 1892 474 2601 1310 601 2960 124 1618 2966 2139 135 1110 1819 2528 1145 2563 2493 808 1517 285 2412 1767 2402 991 1700 1183 2676 2926 1508 90 2327 834 2252 1277 989 1698 280 1773 312 286 1704 1297 747 2275 1456 2949 822 284 844 2337 315 2000 582 2987 965 256 329 1822 1113 2833 2866 2157 2085 2794 2030 1321 2888 1470 2851 2514 387 112 821 1506 2062 1353 1800 1766 1558 2267 1900 227 901 2923 796 3022 663 1372 321 2398 568 2061 643 161 3000 1582 164 2291 563 1981 2342 508 2345 927 2187 60 1176 2594 163 1581 347 1056 2369 1865 2202 1493 493 1829 159 1887 1178 2746 3036 50 1721 1907 2480 504 1213 794 85 2479 1474 1811 1102 1710 1790 1711 1719 271 1764 2473 2438 2461 1752 2646 624 1333 1750 1732 2406 988 2710 351 2478 1769 2021 2405 2408 1734 1687 194 2216 2268 1248 2259 422 2672 1254 2109 2184 691 2818 2783 364 1782 340 1688 2362 2886 1393 45 1463 2881 2067 2902 1559 66 1514 512 1958 2648 1836 2882 46 2213 1934 2608 1190 604 529 2022 1313 2092 1383 2766 2116 698 94 2930 2221 1124 2390 887 2305 2785 781 1490 1888 2899 772 1745 2953 826 1942 2654 871 2219 801 576 2261 964 1975 2684 1017 2173 680 2207 1946 1237 2052 2318 2992 2508 2845 2917 81 790 78 1421 2914 3 1496 2041 2694 338 263 1756 2465 2023 2360 446 2573 460 2964 2800 608 2628 2663 805 2298 1788 1596 103 3014 1521 440 1149 2872 2163 3009 23 3029 2320 1954 461 2786 2077 499 2626 2521 361 2488 613 1401 2819 2749 696 2823 2381 560 1666 1425 2242 2870 511 2376 1875 535 1886 1549 2258 2031 538 2492 365 2144 459 2657 298 181 1599 890 2203 785 1428 2661 2670 1659 2443 950 2256 2264 3018 2681 687 612 2105 443 1936 669 1378 2796 1138 526 1235 1607 438 229 1944 451 2423 1586 168 2363 236 3037 910 2029 1491 542 1251 2901 1483 1216 1991 1584 2293 2440 1092 383 1995 1588 1513 3006 2416 923 1542 49 3035 392 1785 1076 2569 2122 1935 1446 737 2155 1649 940 231 830 2323 2698 571 1280 2773 177 3013 3016 889 2233 1524 2033 977 2804 108 2235 188 225 1137 648 2775 573 2066 1357 1823 1486 777 783 1457 673 2166 2641 956 659 2152 342 1835 660 1369 3033 906 1685 922 1631 272 119 2955 1839 1130 154 863 1573 2282 562 337 1419 408 2148 1864 371 1206 1792 107 816 2310 1613 974 265 2392 899 591 1602 2311 1906 413 939 2357 230 2877 1384 1971 478 1187 1896 403 1432 650 1803 118 1129 2602 2020 2729 2371 2853 1360 2778 753 718 2211 1669 176 2088 509 1218 2635 1142 433 2571 2185 1476 678 1387 2927 2401 1692 1224 2717 1299 2448 955 2010 2840 1209 874 949 2366 423 2713 1082 421 1914 745 2238 2651 1158 1923 791 82 2849 1356 322 2762 2837 1344 26 2080 1050 2451 1066 1832 2693 1200 1984 491 1448 2941 579 1087 375 1868 2758 2878 2073 580 693 2592 2048 733 2151 564 325 248 1741 419 779 1663 668 1672 179 2938 410 1828 335 1694 2475 982 1968 1899 406 911 2107 614 157 345 1763 294 2421 287 638 2765 1843 1653 160 731 2149 2858 137 1630 682 762 2889 2409 916 126 925 676 1980 487 1786 855 2102 609 2413 920 1621 2330 1136 2387 2386 2609 1116 2349 931 2424 853 2335 1105 2597 1104 2333 2260 133 1100 2518 2907 1414 1088 1228 2721 519 2012 2302 
p size: 800
objective: 146938.841947258828441
sum (dij * xij) 
demand/capacity: 152693.000000000000000/190400
Solution is Feasible
Statistics:
Max distance: 283.867927036500532
Min distance: 0.000000000000000
Avg distance: 48.366965749591451
Std deviation distance: 42.960662473512166


Final total elapsed time: 882s
[INFO] Saving assignment: ./outputs/solutions/2024-08-27_LIT_seed_0_1-2p/Assignments/test_lit_p3038_800_p_800_RSSV_EXACT_CPMP_BIN.txt
[INFO] Saving results: ./outputs/solutions/2024-08-27_LIT_seed_0_1-2p/test_lit_p3038_800_results_RSSV_EXACT_CPMP_BIN.csv
[INFO] Saving all results: ./outputs/solutions/test_all_results.csv
Post Optimization: EXACT_CPMP_BIN


-------------------------------------------------
Post Optimization
-------------------------------------------------
method: EXACT_CPMP_BIN
-------------------------------------------------
Time for post-optimization: 2718.000000000000000s
PostOptimization constructor
p locations: 220 1215 1911 2046 1327 2820 2542 1071 2288 518 1412 813 2703 1919 556 2049 2344 480 2932 1439 2013 520 1675 182 717 1349 1350 2589 1096 331 1824 544 2037 1872 378 1247 2740 2134 2527 598 432 1816 1331 2824 2985 1502 2995 2098 605 2808 736 2229 233 19 3005 2810 2816 2249 756 2754 1261 2737 1007 1016 2509 2753 1260 1009 2167 674 2181 1472 3034 1541 1143 2639 1146 1240 2733 1375 2587 1094 2119 701 1410 2486 2817 1324 1399 2892 1194 2499 2841 1423 2043 1334 476 1988 570 2697 712 2558 1065 1774 356 2483 1565 147 1270 2688 1305 596 2089 2296 1603 110 819 1528 620 1329 1438 729 2222 932 2350 3003 1585 1655 1501 83 1853 1069 2562 1556 1947 2396 978 269 1736 2445 952 1175 466 57 2893 2160 33 1052 665 2083 2455 1746 2526 399 1892 474 2601 1310 601 2960 124 1618 2966 2139 135 1110 1819 2528 1145 2563 2493 808 1517 285 2412 1767 2402 991 1700 1183 2676 2926 1508 90 2327 834 2252 1277 989 1698 280 1773 312 286 1704 1297 747 2275 1456 2949 822 284 844 2337 315 2000 582 2987 965 256 329 1822 1113 2833 2866 2157 2085 2794 2030 1321 2888 1470 2851 2514 387 112 821 1506 2062 1353 1800 1766 1558 2267 1900 227 901 2923 796 3022 663 1372 321 2398 568 2061 643 161 3000 1582 164 2291 563 1981 2342 508 2345 927 2187 60 1176 2594 163 1581 347 1056 2369 1865 2202 1493 493 1829 159 1887 1178 2746 3036 50 1721 1907 2480 504 1213 794 85 2479 1474 1811 1102 1710 1790 1711 1719 271 1764 2473 2438 2461 1752 2646 624 1333 1750 1732 2406 988 2710 351 2478 1769 2021 2405 2408 1734 1687 194 2216 2268 1248 2259 422 2672 1254 2109 2184 691 2818 2783 364 1782 340 1688 2362 2886 1393 45 1463 2881 2067 2902 1559 66 1514 512 1958 2648 1836 2882 46 2213 1934 2608 1190 604 529 2022 1313 2092 1383 2766 2116 698 94 2930 2221 1124 2390 887 2305 2785 781 1490 1888 2899 772 1745 2953 826 1942 2654 871 2219 801 576 2261 964 1975 2684 1017 2173 680 2207 1946 1237 2052 2318 2992 2508 2845 2917 81 790 78 1421 2914 3 1496 2041 2694 338 263 1756 2465 2023 2360 446 2573 460 2964 2800 608 2628 2663 805 2298 1788 1596 103 3014 1521 440 1149 2872 2163 3009 23 3029 2320 1954 461 2786 2077 499 2626 2521 361 2488 613 1401 2819 2749 696 2823 2381 560 1666 1425 2242 2870 511 2376 1875 535 1886 1549 2258 2031 538 2492 365 2144 459 2657 298 181 1599 890 2203 785 1428 2661 2670 1659 2443 950 2256 2264 3018 2681 687 612 2105 443 1936 669 1378 2796 1138 526 1235 1607 438 229 1944 451 2423 1586 168 2363 236 3037 910 2029 1491 542 1251 2901 1483 1216 1991 1584 2293 2440 1092 383 1995 1588 1513 3006 2416 923 1542 49 3035 392 1785 1076 2569 2122 1935 1446 737 2155 1649 940 231 830 2323 2698 571 1280 2773 177 3013 3016 889 2233 1524 2033 977 2804 108 2235 188 225 1137 648 2775 573 2066 1357 1823 1486 777 783 1457 673 2166 2641 956 659 2152 342 1835 660 1369 3033 906 1685 922 1631 272 119 2955 1839 1130 154 863 1573 2282 562 337 1419 408 2148 1864 371 1206 1792 107 816 2310 1613 974 265 2392 899 591 1602 2311 1906 413 939 2357 230 2877 1384 1971 478 1187 1896 403 1432 650 1803 118 1129 2602 2020 2729 2371 2853 1360 2778 753 718 2211 1669 176 2088 509 1218 2635 1142 433 2571 2185 1476 678 1387 2927 2401 1692 1224 2717 1299 2448 955 2010 2840 1209 874 949 2366 423 2713 1082 421 1914 745 2238 2651 1158 1923 791 82 2849 1356 322 2762 2837 1344 26 2080 1050 2451 1066 1832 2693 1200 1984 491 1448 2941 579 1087 375 1868 2758 2878 2073 580 693 2592 2048 733 2151 564 325 248 1741 419 779 1663 668 1672 179 2938 410 1828 335 1694 2475 982 1968 1899 406 911 2107 614 157 345 1763 294 2421 287 638 2765 1843 1653 160 731 2149 2858 137 1630 682 762 2889 2409 916 126 925 676 1980 487 1786 855 2102 609 2413 920 1621 2330 1136 2387 2386 2609 1116 2349 931 2424 853 2335 1105 2597 1104 2333 2260 133 1100 2518 2907 1414 1088 1228 2721 519 2012 2302 
p size: 800
objective: 146938.841947258828441
sum (dij * xij) 
demand/capacity: 152693.000000000000000/190400
Solution is Feasible
[INFO] Running post-optimization
Time limit: 2718.000000000000000
Max size of the neigh: 2
 ------------------------------------ 

Iteration Post-Optimization: 1
Size of neighborhood: 1
[INFO] Adding MIP start solution
Gap Cplex Reports: gap_Bin_service_p3038_800_p_800_RSSV_POSTOPT.csv
[CALLBACK] Generating reports cplex callbacks...
Default row names c1, c2 ... being created.
Version identifier: 22.1.1.0 | 2022-11-28 | 9160aff4d
CPXPARAM_TimeLimit                               2718
CPXPARAM_MIP_Tolerances_LowerCutoff              146470.01547008572
Legacy callback                                  i
1 of 2 MIP starts provided solutions.
MIP start 'm1' defined initial solution with objective 152463.7797.
Tried aggregator 1 time.
MIP Presolve eliminated 9026992 rows and 9026992 columns.
Reduced MIP has 6877 rows, 205490 columns, and 412580 nonzeros.
Reduced MIP has 205490 binaries, 0 generals, 0 SOSs, and 0 indicators.
Presolve time = 16.58 sec. (5981.36 ticks)
Tried aggregator 1 time.
Detecting symmetries...
MIP Presolve modified 1 coefficients.
Reduced MIP has 6877 rows, 205490 columns, and 412580 nonzeros.
Reduced MIP has 205490 binaries, 0 generals, 0 SOSs, and 0 indicators.
Presolve time = 1.30 sec. (424.61 ticks)
Probing time = 1.86 sec. (38.04 ticks)
Clique table members: 206290.
MIP emphasis: balance optimality and feasibility.
MIP search method: dynamic search.
Parallel mode: deterministic, using up to 32 threads.
Root relaxation solution time = 0.78 sec. (369.82 ticks)

        Nodes                                         Cuts/
   Node  Left     Objective  IInf  Best Integer    Best Bound    ItCnt     Gap

*     0+    0                       152463.7797        0.0000           100.00%
      0     0    45993.4801  2828   152463.7797    45993.4801     6081   69.83%
Time: 314.743085861206055 seconds
MIP Gap: 0.698331759723614
Nodes: 0
Best Objective: 45993.480113687517587
Incumbent Obj:  152463.779652603610884
*     0+    0                       152180.6155    45993.4801            69.78%
      0     0    80399.6458  4318   152180.6155    Cuts: 1819     9444   47.17%
Time: 323.669576883316040 seconds
MIP Gap: 0.471682740249521
Nodes: 0
Best Objective: 80399.645752978234668
Incumbent Obj:  152180.615471375029301
      0     0    95151.0591  4213   152180.6155    Cuts: 1819    12062   37.47%
Time: 329.029232025146484 seconds
MIP Gap: 0.374749150194148
Nodes: 0
Best Objective: 95151.059147454769118
Incumbent Obj:  152180.615471375029301
      0     0   101488.6588  3996   152180.6155    Cuts: 1819    14331   33.31%
*     0+    0                       144449.4360   101488.6588            29.74%
      0     0  -1.00000e+75     0   144449.4360   101488.6588    14331   29.74%
Time: 340.148365020751953 seconds
MIP Gap: 0.297410487364628
Nodes: 0
Best Objective: 101488.658808827691246
Incumbent Obj:  144449.435956067289226
      0     0   105161.1965  3753   144449.4360    Cuts: 1819    16622   27.20%
      0     0   107602.8671  3582   144449.4360    Cuts: 1819    18561   25.51%
Detecting symmetries...
Time: 347.894010066986084 seconds
MIP Gap: 0.255082815863174
Nodes: 0
Best Objective: 107602.867082546392339
Incumbent Obj:  144449.435956067289226
      0     0   108962.1855  3064   144449.4360    Cuts: 1651    20162   24.57%
      0     0   109644.4425  3349   144449.4360    Cuts: 1194    21450   24.09%
      0     0   110069.2344  3171   144449.4360     Cuts: 910    22540   23.80%
Time: 354.419092893600464 seconds
MIP Gap: 0.238008555451303
Nodes: 0
Best Objective: 110069.234368408186128
Incumbent Obj:  144449.435956067289226
      0     0   110369.1079  2686   144449.4360     Cuts: 731    23457   23.59%
      0     0   110548.5481  2673   144449.4360     Cuts: 570    24222   23.47%
      0     0   110649.7614  2532   144449.4360     Cuts: 419    24787   23.40%
Time: 361.214784860610962 seconds
MIP Gap: 0.233989661075927
Nodes: 0
Best Objective: 110649.761394098313758
Incumbent Obj:  144449.435956067289226
      0     0   110743.0509  2751   144449.4360     Cuts: 369    25477   23.33%
      0     0   110801.1792  2823   144449.4360     Cuts: 342    26006   23.29%
      0     0   110857.7901  2857   144449.4360     Cuts: 302    26536   23.25%
Time: 366.330645084381104 seconds
MIP Gap: 0.232549512324150
Nodes: 0
Best Objective: 110857.790068985326798
Incumbent Obj:  144449.435956067289226
      0     0   110888.7965  2792   144449.4360     Cuts: 300    26937   23.23%
      0     0   110919.3921  2571   144449.4360     Cuts: 233    27366   23.21%
      0     0   110957.3473  2780   144449.4360     Cuts: 204    27796   23.19%
      0     0   110987.1325  2860   144449.4360     Cuts: 178    28151   23.17%
Time: 372.334824085235596 seconds
MIP Gap: 0.231654095331599
Nodes: 0
Best Objective: 110987.132548504800070
Incumbent Obj:  144449.435956067289226
      0     0   111007.6365  2879   144449.4360     Cuts: 166    28446   23.15%
      0     0   111027.2109  2737   144449.4360     Cuts: 156    28741   23.14%
      0     0   111040.3371  2557   144449.4360     Cuts: 158    28999   23.13%
      0     0   111054.4535  2757   144449.4360     Cuts: 115    29235   23.12%
Detecting symmetries...
Time: 424.526695966720581 seconds
MIP Gap: 0.231188042985096
Nodes: 0
Best Objective: 111054.453547083117883
Incumbent Obj:  144449.435956067289226
      0     2   111054.4535  2757   144449.4360   111054.4535    29235   23.12%
Elapsed time = 376.82 sec. (53735.16 ticks, tree = 0.02 MB, solutions = 3)
      8     9   111106.6933  2581   144449.4360   111055.8757    29420   23.12%
Time: 429.611301898956299 seconds
MIP Gap: 0.231177443935628
Nodes: 20
Best Objective: 111055.984573800407816
Incumbent Obj:  144449.435956067289226
     21    10   111103.6239  2545   144449.4360   111055.9846    29466   23.12%
     42    35   111102.9463  2389   144449.4360   111060.4727    30922   23.11%
     85    53   111113.3115  2235   144449.4360   111062.1066    31929   23.11%
    145   118   111079.7615  2270   144449.4360   111062.1066    33820   23.11%
    213   178   111079.9540  2214   144449.4360   111062.1066    34834   23.11%
Time: 435.223098039627075 seconds
MIP Gap: 0.231101006837609
Nodes: 207
Best Objective: 111067.025869495439110
Incumbent Obj:  144449.435956067289226
    241   227   111081.0011  2224   144449.4360   111067.0259    36257   23.11%
    271   251   111074.1257  2361   144449.4360   111068.2701    37070   23.11%
    295   278   111079.8292  2274   144449.4360   111068.3869    37812   23.11%
*   296+  187                       114021.4964   111068.3869             2.59%
*   307+  213                       113716.2399   111068.3869             2.33%
Time: 445.259775876998901 seconds
MIP Gap: 0.023284739336447
Nodes: 290
Best Objective: 111068.386912989531993
Incumbent Obj:  113716.239917796308873
    328   293   111128.8814  1997   113716.2399   111068.3869    38314    2.33%
Elapsed time = 398.67 sec. (57011.76 ticks, tree = 26.07 MB, solutions = 7)
Time: 454.335345983505249 seconds
MIP Gap: 0.023284739336447
Nodes: 305
Best Objective: 111068.386912989531993
Incumbent Obj:  113716.239917796308873
    349   310   111134.1399  1909   113716.2399   111068.3869    38707    2.33%
Time: 462.991328001022339 seconds
MIP Gap: 0.023284739336447
Nodes: 343
Best Objective: 111068.386912989531993
Incumbent Obj:  113716.239917796308873
    395   345   111214.0496  1546   113716.2399   111068.3869    39669    2.33%
    448   401   111268.4464  1742   113716.2399   111068.3869    40905    2.33%
Time: 471.518030881881714 seconds
MIP Gap: 0.023284739336447
Nodes: 409
Best Objective: 111068.386912989531993
Incumbent Obj:  113716.239917796308873
    485   434   111266.2117  1767   113716.2399   111068.3869    41786    2.33%
Time: 481.091320991516113 seconds
MIP Gap: 0.023284739336447
Nodes: 482
Best Objective: 111068.386912989531993
Incumbent Obj:  113716.239917796308873
    541   486   111314.2628  1481   113716.2399   111068.3869    43093    2.33%
Time: 488.459388971328735 seconds
MIP Gap: 0.023284739336447
Nodes: 538
Best Objective: 111068.386912989531993
Incumbent Obj:  113716.239917796308873
    591   524   111234.0205  1362   113716.2399   111068.3869    44015    2.33%
Time: 496.036122083663940 seconds
MIP Gap: 0.023284739336447
Nodes: 613
Best Objective: 111068.386912989531993
Incumbent Obj:  113716.239917796308873
    660   614   111401.3382  1381   113716.2399   111068.3869    46234    2.33%
    699   648   111270.6868  1382   113716.2399   111068.3869    47506    2.33%
Time: 502.143363952636719 seconds
MIP Gap: 0.023284739336447
Nodes: 663
Best Objective: 111068.386912989531993
Incumbent Obj:  113716.239917796308873
Time: 508.032621860504150 seconds
MIP Gap: 0.023284739336447
Nodes: 744
Best Objective: 111068.386912989531993
Incumbent Obj:  113716.239917796308873
    798   742   111246.1700  1659   113716.2399   111068.3869    50817    2.33%
Time: 514.106695890426636 seconds
MIP Gap: 0.023284739336447
Nodes: 798
Best Objective: 111068.386912989531993
Incumbent Obj:  113716.239917796308873
    923   852   111274.9970  1673   113716.2399   111068.3869    53955    2.33%
Elapsed time = 468.52 sec. (66673.56 ticks, tree = 106.93 MB, solutions = 12)
Time: 528.344045877456665 seconds
MIP Gap: 0.023265342570849
Nodes: 1030
Best Objective: 111070.592640239934553
Incumbent Obj:  113716.239917796308873
   1070  1013   111350.0723  1202   113716.2399   111069.6442    58459    2.33%
Time: 535.415346860885620 seconds
MIP Gap: 0.023246054792268
Nodes: 1201
Best Objective: 111072.785973896548967
Incumbent Obj:  113716.239917796308873
   1299  1196   111431.6931  1345   113716.2399   111072.4225    63313    2.32%
Time: 544.358393907546997 seconds
MIP Gap: 0.023242163576808
Nodes: 1400
Best Objective: 111073.228468287372380
Incumbent Obj:  113716.239917796308873
   1416  1296   111310.9767  1617   113716.2399   111073.2285    65946    2.32%
Time: 552.176801919937134 seconds
MIP Gap: 0.023242163576808
Nodes: 1435
Best Objective: 111073.228468287372380
Incumbent Obj:  113716.239917796308873
   1605  1481   111141.0657  2274   113716.2399   111073.2285    70265    2.32%
Time: 560.596194028854370 seconds
MIP Gap: 0.023242163576808
Nodes: 1533
Best Objective: 111073.228468287372380
Incumbent Obj:  113716.239917796308873
Time: 569.595357894897461 seconds
MIP Gap: 0.023242163576808
Nodes: 1766
Best Objective: 111073.228468287372380
Incumbent Obj:  113716.239917796308873
   1877  1652   111411.6356  1549   113716.2399   111073.2285    74669    2.32%
Time: 577.026342868804932 seconds
MIP Gap: 0.023242163576808
Nodes: 1978
Best Objective: 111073.228468287372380
Incumbent Obj:  113716.239917796308873
   2206  2009   111756.3945   638   113716.2399   111073.2285    83962    2.32%
Time: 583.712372064590454 seconds
MIP Gap: 0.023242163576808
Nodes: 2203
Best Objective: 111073.228468287372380
Incumbent Obj:  113716.239917796308873
   2531  2370   111406.0397  1075   113716.2399   111073.2285    93802    2.32%
Time: 591.396311998367310 seconds
MIP Gap: 0.023242163576808
Nodes: 2450
Best Objective: 111073.228468287372380
Incumbent Obj:  113716.239917796308873
Time: 599.618805885314941 seconds
MIP Gap: 0.023242163576808
Nodes: 2707
Best Objective: 111073.228468287372380
Incumbent Obj:  113716.239917796308873
   2833  2702   111352.3938  1007   113716.2399   111073.2285   103024    2.32%
   3108  2979   111517.5539   966   113716.2399   111073.2285   111306    2.32%
   3300  3064   111585.2451   873   113716.2399   111073.2285   113747    2.32%
Elapsed time = 571.82 sec. (76566.89 ticks, tree = 457.81 MB, solutions = 12)
*  3339+ 2716                       113328.0549   111073.2285             1.99%
*  3397+ 2716                       113186.3271   111073.2285             1.87%
*  3423+ 2716                       113157.7367   111073.2285             1.84%
*  3473+ 2716                       113098.8628   111073.2285             1.79%
   3492  3185   111566.0073   935   113098.8628   111073.2285   118131    1.79%
Time: 637.587269067764282 seconds
MIP Gap: 0.017902892238589
Nodes: 3371
Best Objective: 111074.066065886596334
Incumbent Obj:  113098.862819246496656
   3668  3376   111933.6692   896   113098.8628   111074.0661   125326    1.79%
   3732  3394   111783.4660   814   113098.8628   111074.0661   126028    1.79%
   3799  3441   111814.2932   589   113098.8628   111074.0661   128818    1.79%
   3894  3632   111779.6697   702   113098.8628   111074.0661   136400    1.79%
*  3899+ 3539                       112548.4369   111074.0661             1.31%
Time: 671.932950973510742 seconds
MIP Gap: 0.013099878078471
Nodes: 3683
Best Objective: 111074.066065886596334
Incumbent Obj:  112548.436866763717262
   3978  3670   111915.2473   545   112548.4369   111074.0661   138180    1.31%
   4045  3736   111833.2892   498   112548.4369   111074.0661   141661    1.31%
   4093  3781   111794.4443   634   112548.4369   111074.0661   143334    1.31%
Time: 693.614736080169678 seconds
MIP Gap: 0.013099878078471
Nodes: 3828
Best Objective: 111074.066065886596334
Incumbent Obj:  112548.436866763717262
   4149  3805   112031.2586   930   112548.4369   111074.0661   144630    1.31%
*  4165+ 3818                       112446.1933   111074.0661             1.22%
   4207  3913   112041.3437   756   112446.1933   111074.0661   150247    1.22%
Elapsed time = 652.06 sec. (86213.53 ticks, tree = 613.87 MB, solutions = 23)
Time: 705.664963006973267 seconds
MIP Gap: 0.012202522430761
Nodes: 3943
Best Objective: 111074.066065886596334
Incumbent Obj:  112446.193261412685388
*  4265+ 3898                       112246.1523   111074.0661             1.04%
   4265  3949   112039.5878   641   112246.1523   111074.0661   151757    1.04%
*  4276+ 3898                       112197.0781   111074.0661             1.00%
*  4297+ 3898                       112157.8442   111074.0661             0.97%
Time: 717.499531030654907 seconds
MIP Gap: 0.010318744489901
Nodes: 4031
Best Objective: 111074.066065886596334
Incumbent Obj:  112232.161059408055735
   4311  4021   111821.4366   732   112157.8442   111074.0661   156220    0.97%
*  4312+ 3918                       112127.5115   111074.0661             0.94%
*  4321+ 3918                       112108.7128   111074.0661             0.92%
   4360  4040   112115.0077   559   112108.7128   111074.0661   157342    0.92%
Time: 727.821688890457153 seconds
MIP Gap: 0.009228959043419
Nodes: 4099
Best Objective: 111074.066065886596334
Incumbent Obj:  112108.712784585979534
   4416  4005   111836.9351   566   112108.7128   111074.0661   155251    0.92%
   4482  4081   112008.9600   538   112108.7128   111074.0661   163608    0.92%
Time: 735.171307086944580 seconds
MIP Gap: 0.009228959043419
Nodes: 4203
Best Objective: 111074.066065886596334
Incumbent Obj:  112108.712784585979534
   4563  4201   111854.2921   598   112108.7128   111074.0661   167780    0.92%
Time: 744.875261068344116 seconds
MIP Gap: 0.009228959043419
Nodes: 4313
Best Objective: 111074.066065886596334
Incumbent Obj:  112108.712784585979534
   4656  4223   111955.2879   477   112108.7128   111074.0661   169180    0.92%
   4741  4255   111953.5726   701   112108.7128   111074.0661   170807    0.92%
Time: 754.268292903900146 seconds
MIP Gap: 0.009228959043419
Nodes: 4454
Best Objective: 111074.066065886596334
Incumbent Obj:  112108.712784585979534
   4803  4388   111256.7653  1620   112108.7128   111074.0661   176814    0.92%
   4904  4405   111841.7776   716   112108.7128   111074.0661   177644    0.92%
Elapsed time = 713.42 sec. (95900.90 ticks, tree = 713.96 MB, solutions = 37)
Time: 764.118695020675659 seconds
MIP Gap: 0.009228959043419
Nodes: 4608
Best Objective: 111074.066065886596334
Incumbent Obj:  112108.712784585979534
*  4944+ 4449                       112095.1744   111074.0661             0.91%
*  4953+ 4449                       112009.3645   111074.0661             0.84%
   4966  4505   111123.8131  2022   112009.3645   111074.0661   181887    0.84%
   5031  4409   111087.4709  2233   112009.3645   111074.0661   186321    0.84%
Time: 784.236135005950928 seconds
MIP Gap: 0.008350180400738
Nodes: 4742
Best Objective: 111074.066065886596334
Incumbent Obj:  112009.364465747581562
   5101  4413   111988.1077   708   112009.3645   111074.0661   187073    0.84%
   5201  4465   111386.0286  1800   112009.3645   111074.0661   188920    0.84%
Time: 792.248741865158081 seconds
MIP Gap: 0.008350180400738
Nodes: 4924
Best Objective: 111074.066065886596334
Incumbent Obj:  112009.364465747581562
   5330  4608   111421.8149  1658   112009.3645   111074.0661   194042    0.84%
   5478  4684   112002.4796   587   112009.3645   111074.0661   197113    0.84%
   5543  4736   111576.5620   861   112009.3645   111074.0661   198785    0.84%

Performing restart 1

Repeating presolve.
Tried aggregator 1 time.
MIP Presolve modified 89 coefficients.
Reduced MIP has 6877 rows, 205490 columns, and 412580 nonzeros.
Reduced MIP has 205490 binaries, 0 generals, 0 SOSs, and 0 indicators.
Presolve time = 1.15 sec. (429.08 ticks)
Tried aggregator 1 time.
MIP Presolve modified 12 coefficients.
Reduced MIP has 6877 rows, 205490 columns, and 412580 nonzeros.
Reduced MIP has 205490 binaries, 0 generals, 0 SOSs, and 0 indicators.
Presolve time = 1.49 sec. (497.68 ticks)
Represolve time = 49.81 sec. (9665.01 ticks)
   5544     0   111090.3878  2412   112009.3645     Cuts: 231   231526    0.82%
   5544     0   111105.7594  2560   112009.3645     Cuts: 154   231871    0.81%
   5544     0   111124.9045  2551   112009.3645     Cuts: 174   232204    0.79%
   5544     0   111138.1180  2603   112009.3645     Cuts: 123   232548    0.78%
   5544     0   111148.8536  2488   112009.3645     Cuts: 127   232807    0.77%
   5544     0   111161.6977  2643   112009.3645     Cuts: 149   233162    0.76%
   5544     0   111168.6590  2509   112009.3645     Cuts: 133   233428    0.75%
   5544     0   111176.4757  2687   112009.3645     Cuts: 103   233693    0.74%
   5544     0   111184.3659  2695   112009.3645     Cuts: 122   233968    0.74%
   5544     0   111191.3235  2699   112009.3645     Cuts: 122   234239    0.73%
   5544     0   111200.0735  2561   112009.3645     Cuts: 111   234537    0.72%
   5544     0   111205.7348  2375   112009.3645     Cuts: 104   234774    0.72%
   5544     0   111209.3919  2752   112009.3645      Cuts: 87   234957    0.71%
   5544     0   111213.6971  2664   112009.3645      Cuts: 81   235106    0.71%
   5544     0   111217.1875  2682   112009.3645      Cuts: 45   235245    0.71%
   5544     0   111220.6821  2720   112009.3645      Cuts: 58   235418    0.70%
   5544     0   111224.8327  2877   112009.3645      Cuts: 54   235560    0.70%
   5544     0   111228.7321  2551   112009.3645      Cuts: 59   235699    0.70%
   5544     0   111229.9723  2521   112009.3645      Cuts: 44   235784    0.70%
   5544     0   111232.2955  2811   112009.3645      Cuts: 40   235928    0.69%
Time: 1005.244217872619629 seconds
MIP Gap: 0.006937535452560
Nodes: 5544
Best Objective: 111232.295528747752542
Incumbent Obj:  112009.364465747581562
   5544     2   111232.2955  2811   112009.3645   111232.2955   235928    0.69%
Time: 1010.515348911285400 seconds
MIP Gap: 0.006919585765783
Nodes: 5554
Best Objective: 111234.306061755967676
Incumbent Obj:  112009.364465747581562
   5554    12   111259.9698  2695   112009.3645   111234.3061   236031    0.69%
Time: 1019.214636087417603 seconds
MIP Gap: 0.006913144663768
Nodes: 5568
Best Objective: 111235.027525499201147
Incumbent Obj:  112009.364465747581562
   5578    34   111299.5171  2587   112009.3645   111235.3027   236994    0.69%
Elapsed time = 972.04 sec. (164645.05 ticks, tree = 0.75 MB, solutions = 39)
Time: 1029.755604028701782 seconds
MIP Gap: 0.006910687835002
Nodes: 5673
Best Objective: 111235.302713327822858
Incumbent Obj:  112009.364465747581562
   5882   155   111241.0473  2566   112009.3645   111241.0726   240818    0.69%
Time: 1035.571487903594971 seconds
MIP Gap: 0.006857771536633
Nodes: 5927
Best Objective: 111241.229834277983173
Incumbent Obj:  112009.364465747581562
   6263   542   111282.0238  2570   112009.3645   111241.2298   250444    0.69%
Time: 1041.825149059295654 seconds
MIP Gap: 0.006857771536633
Nodes: 6157
Best Objective: 111241.229834277983173
Incumbent Obj:  112009.364465747581562
   6370   654   111324.1038  2269   112009.3645   111241.2298   253226    0.69%
Time: 1051.332969903945923 seconds
MIP Gap: 0.006857771536633
Nodes: 6380
Best Objective: 111241.229834277983173
Incumbent Obj:  112009.364465747581562
   6959  1228   111455.9747  2357   112009.3645   111241.2298   265887    0.69%
Time: 1063.266828060150146 seconds
MIP Gap: 0.006857771536633
Nodes: 6897
Best Objective: 111241.229834277983173
Incumbent Obj:  112009.364465747581562
Time: 1070.100894927978516 seconds
MIP Gap: 0.006857771536633
Nodes: 7225
Best Objective: 111241.229834277983173
Incumbent Obj:  112009.364465747581562
   7567  1833   111520.7327  1808   112009.3645   111241.2298   280061    0.69%
Time: 1078.198688983917236 seconds
MIP Gap: 0.006857771536633
Nodes: 7729
Best Objective: 111241.229834277983173
Incumbent Obj:  112009.364465747581562
   8169  2039   111601.8335  1845   112009.3645   111241.2298   284753    0.69%
Time: 1085.612721920013428 seconds
MIP Gap: 0.006857771536633
Nodes: 8149
Best Objective: 111241.229834277983173
Incumbent Obj:  112009.364465747581562
   8627  2839   111683.2951  1595   112009.3645   111241.2298   303421    0.69%
Time: 1099.842067003250122 seconds
MIP Gap: 0.006857771536633
Nodes: 8572
Best Objective: 111241.229834277983173
Incumbent Obj:  112009.364465747581562
   9051  2987   111964.6860  1953   112009.3645   111241.2298   307023    0.69%
Time: 1109.577039957046509 seconds
MIP Gap: 0.006857771536633
Nodes: 9026
Best Objective: 111241.229834277983173
Incumbent Obj:  112009.364465747581562
   9596  3412   111828.0784  1778   112009.3645   111241.2298   316355    0.69%
Time: 1119.719506978988647 seconds
MIP Gap: 0.006857771536633
Nodes: 9511
Best Objective: 111241.229834277983173
Incumbent Obj:  112009.364465747581562
  10138  4047   111601.9704  1929   112009.3645   111241.2298   329955    0.69%
Elapsed time = 1078.78 sec. (174228.72 ticks, tree = 631.88 MB, solutions = 39)
Time: 1129.390152931213379 seconds
MIP Gap: 0.006857771536633
Nodes: 9967
Best Objective: 111241.229834277983173
Incumbent Obj:  112009.364465747581562
  10755  4677   111514.2916  1558   112009.3645   111241.2298   345289    0.69%
Time: 1139.230267047882080 seconds
MIP Gap: 0.006857771536633
Nodes: 10520
Best Objective: 111241.229834277983173
Incumbent Obj:  112009.364465747581562
  11244  5266   111785.6801  1951   112009.3645   111241.2298   358883    0.69%
* 11292+ 4480                       111907.1754   111241.2298             0.60%
* 11439+ 4476                       111869.1022   111241.2298             0.56%
* 11576+ 4476                       111867.9958   111241.2298             0.56%
  11609  5645   111647.5714  1593   111867.9958   111241.2298   367099    0.56%
* 11714+ 5186                       111799.5957   111241.2298             0.50%
Time: 1167.022542953491211 seconds
MIP Gap: 0.005602728201204
Nodes: 11462
Best Objective: 111241.229834277983173
Incumbent Obj:  111867.995809210464358
  11828  5346   111361.6116  2550   111799.5957   111241.2298   369800    0.50%
* 11844+ 5186                       111766.7583   111241.2298             0.47%
Time: 1176.249122858047485 seconds
MIP Gap: 0.005602728201204
Nodes: 11602
Best Objective: 111241.229834277983173
Incumbent Obj:  111867.995809210464358
  12007  5527   111747.1907   990   111766.7583   111241.2298   374200    0.47%
  12131  5630   111810.7878  1252   111766.7583   111241.2298   375680    0.47%
Time: 1185.895509004592896 seconds
MIP Gap: 0.005602728201204
Nodes: 11749
Best Objective: 111241.229834277983173
Incumbent Obj:  111867.995809210464358
Time: 1193.143838882446289 seconds
MIP Gap: 0.005602728201204
Nodes: 11969
Best Objective: 111241.229834277983173
Incumbent Obj:  111867.995809210464358
  12310  5769   111789.1977  1068   111766.7583   111241.2298   378486    0.47%
  12554  5916   111423.5635  2211   111766.7583   111241.2298   381658    0.47%
Time: 1210.134162902832031 seconds
MIP Gap: 0.005372582577342
Nodes: 12189
Best Objective: 111241.229834277983173
Incumbent Obj:  111842.110810230136849
  12750  6038   111821.9398   892   111766.7583   111241.2298   387319    0.47%
* 12795+ 6023                       111763.0628   111241.2298             0.47%
* 12823+ 6023                       111753.4528   111241.2298             0.46%
Time: 1225.123615980148315 seconds
MIP Gap: 0.004583509014295
Nodes: 12364
Best Objective: 111241.229834277983173
Incumbent Obj:  111753.452792531155865
  12871  6095   111379.6732  2152   111753.4528   111241.2298   388851    0.46%
Elapsed time = 1175.84 sec. (183810.57 ticks, tree = 1031.24 MB, solutions = 51)
  12986  5571        cutoff         111753.4528   111241.2298   391909    0.46%
Time: 1230.540732860565186 seconds
MIP Gap: 0.004583509014295
Nodes: 12524
Best Objective: 111241.229834277983173
Incumbent Obj:  111753.452792531155865
  13129  5711   111551.2413  2185   111753.4528   111241.2298   395702    0.46%
Time: 1239.998991966247559 seconds
MIP Gap: 0.004583509014295
Nodes: 12722
Best Objective: 111241.229834277983173
Incumbent Obj:  111753.452792531155865
  13335  5899   111751.1797  1004   111753.4528   111241.2298   400279    0.46%
Time: 1250.050302982330322 seconds
MIP Gap: 0.004583509014295
Nodes: 12985
Best Objective: 111241.229834277983173
Incumbent Obj:  111753.452792531155865
  13632  6059   111558.3442  1980   111753.4528   111241.9093   404480    0.46%
Time: 1259.887650966644287 seconds
MIP Gap: 0.004583509014295
Nodes: 13319
Best Objective: 111241.229834277983173
Incumbent Obj:  111753.452792531155865
  13890  6250   111319.7773  2301   111753.4528   111241.9093   410074    0.46%
Time: 1266.675348997116089 seconds
MIP Gap: 0.004583509014295
Nodes: 13464
Best Objective: 111241.229834277983173
Incumbent Obj:  111753.452792531155865
  13987  6470   111582.2399  1883   111753.4528   111241.9093   415024    0.46%
Time: 1275.053505897521973 seconds
MIP Gap: 0.004583509014295
Nodes: 13684
Best Objective: 111241.229834277983173
Incumbent Obj:  111753.452792531155865
  14176  6689   111595.4904  1948   111753.4528   111241.9093   420566    0.46%
Time: 1281.679308891296387 seconds
MIP Gap: 0.004564267422211
Nodes: 13986
Best Objective: 111243.380148630662006
Incumbent Obj:  111753.452792531155865
  14484  7053   111562.7616  1710   111753.4528   111243.3801   429170    0.46%
Time: 1291.092463016510010 seconds
MIP Gap: 0.004528813124835
Nodes: 14450
Best Objective: 111247.342288778672810
Incumbent Obj:  111753.452792531155865
  14874  7363   111508.8646  2410   111753.4528   111247.3423   436586    0.45%
Time: 1304.583426952362061 seconds
MIP Gap: 0.004528813124835
Nodes: 14960
Best Objective: 111247.342288778672810
Incumbent Obj:  111753.452792531155865
  15323  7654   111616.0735  1435   111753.4528   111247.3423   444107    0.45%
Elapsed time = 1255.32 sec. (193398.38 ticks, tree = 1334.54 MB, solutions = 53)
  15788  7979   111534.7837  2191   111753.4528   111247.3423   452445    0.45%
Time: 1316.238035917282104 seconds
MIP Gap: 0.004528813124835
Nodes: 15625
Best Objective: 111247.342288778672810
Incumbent Obj:  111753.452792531155865
* 16141+ 8502                       111714.6449   111247.3423             0.42%
  16395  8662   111721.5634  1726   111714.6449   111247.3423   468500    0.42%
* 16529+ 8485                       111714.6449   111247.3423             0.42%
Time: 1330.299305915832520 seconds
MIP Gap: 0.004183002694102
Nodes: 15994
Best Objective: 111247.342288778672810
Incumbent Obj:  111714.644949573339545
  16708  8081   111319.2745  2403   111714.6449   111247.6358   471613    0.42%
Time: 1337.111440896987915 seconds
MIP Gap: 0.004183002694102
Nodes: 16181
Best Objective: 111247.342288778672810
Incumbent Obj:  111714.644949573339545
  16819  8143   111527.7845  2103   111714.6449   111247.6358   473672    0.42%
  17058  8399   111548.2253  1961   111714.6449   111247.6358   478042    0.42%
Time: 1344.572188854217529 seconds
MIP Gap: 0.004183002694102
Nodes: 16472
Best Objective: 111247.342288778672810
Incumbent Obj:  111714.644949573339545
  17357  8670   111626.3475  1169   111714.6449   111247.6358   483635    0.42%
Time: 1355.695545911788940 seconds
MIP Gap: 0.004183002694102
Nodes: 16982
Best Objective: 111247.342288778672810
Incumbent Obj:  111714.644949573339545
  17724  9033   111408.7560  1810   111714.6449   111247.6358   491037    0.42%
Time: 1364.527406930923462 seconds
MIP Gap: 0.004180375344643
Nodes: 17521
Best Objective: 111247.635802190605318
Incumbent Obj:  111714.644949573339545
  18184  9368   111585.3864  1842   111714.6449   111248.3936   497745    0.42%
Time: 1374.795449972152710 seconds
MIP Gap: 0.004173592408141
Nodes: 18128
Best Objective: 111248.393555533621111
Incumbent Obj:  111714.644949573339545
  18652  9935   111630.4179  1918   111714.6449   111248.3936   509500    0.42%
Time: 1389.119371891021729 seconds
MIP Gap: 0.004173592408141
Nodes: 18766
Best Objective: 111248.393555533621111
Incumbent Obj:  111714.644949573339545
Time: 1401.940657854080200 seconds
MIP Gap: 0.004173592408141
Nodes: 19536
Best Objective: 111248.393555533621111
Incumbent Obj:  111714.644949573339545
Time: 1415.960622072219849 seconds
MIP Gap: 0.004173592408141
Nodes: 20203
Best Objective: 111248.393555533621111
Incumbent Obj:  111714.644949573339545
  20980 12159   111377.6645  1848   111714.6449   111248.3936   551678    0.42%
Elapsed time = 1375.07 sec. (205814.05 ticks, tree = 2209.36 MB, solutions = 54)
Nodefile size = 154.82 MB (115.99 MB after compression)
Time: 1429.549135923385620 seconds
MIP Gap: 0.004173592408141
Nodes: 20923
Best Objective: 111248.393555533621111
Incumbent Obj:  111714.644949573339545
Time: 1441.709358930587769 seconds
MIP Gap: 0.004173592408141
Nodes: 21431
Best Objective: 111248.393555533621111
Incumbent Obj:  111714.644949573339545
Time: 1459.416224956512451 seconds
MIP Gap: 0.004173592408141
Nodes: 22160
Best Objective: 111248.393555533621111
Incumbent Obj:  111714.644949573339545
* 22885+12951                       111706.8061   111251.5529             0.41%
  22924 13818   111424.7613  2038   111706.8061   111251.5529   579927    0.41%
* 23009+12951                       111703.2386   111251.5529             0.40%
* 23162+12951                       111669.0896   111251.5529             0.37%
Time: 1471.844158887863159 seconds
MIP Gap: 0.004173592408141
Nodes: 22735
Best Objective: 111248.393555533621111
Incumbent Obj:  111714.644949573339545
* 23589+13245                       111648.8259   111251.7658             0.36%
Time: 1483.667667865753174 seconds
MIP Gap: 0.003738498329157
Nodes: 23020
Best Objective: 111251.614899873588001
Incumbent Obj:  111669.089604779583169
* 23634+13296                       111648.8259   111251.7658             0.36%
Time: 1497.775323867797852 seconds
MIP Gap: 0.003556330043093
Nodes: 23159
Best Objective: 111251.765789667435456
Incumbent Obj:  111648.825863361416850
  23766 12712   111556.3178  1559   111648.8259   111251.7658   596004    0.36%
Time: 1509.117758989334106 seconds
MIP Gap: 0.003556330043093
Nodes: 23380
Best Objective: 111251.765789667435456
Incumbent Obj:  111648.825863361416850
Time: 1520.132082939147949 seconds
MIP Gap: 0.003551923597558
Nodes: 23688
Best Objective: 111252.257764137670165
Incumbent Obj:  111648.825863361416850
  24450 13546   111439.5649  2115   111648.8259   111252.2578   610664    0.36%
* 24470+13096                       111643.4282   111252.2578             0.35%
Time: 1534.275424957275391 seconds
MIP Gap: 0.003551923597558
Nodes: 24076
Best Objective: 111252.257764137670165
Incumbent Obj:  111648.825863361416850
Time: 1542.735328912734985 seconds
MIP Gap: 0.003503748236220
Nodes: 24199
Best Objective: 111252.257764137670165
Incumbent Obj:  111643.428228880162351
* 24905+13263                       111632.9219   111252.2578             0.34%
  25175 13925   111466.6802  1949   111632.9219   111252.2578   620170    0.34%
Time: 1572.919353961944580 seconds
MIP Gap: 0.003409962932532
Nodes: 24780
Best Objective: 111252.257764137670165
Incumbent Obj:  111632.921889832272427
Time: 1582.087320089340210 seconds
MIP Gap: 0.003409962932532
Nodes: 24999
Best Objective: 111252.257764137670165
Incumbent Obj:  111632.921889832272427
  25721 14133   111619.9925  1682   111632.9219   111252.2578   628363    0.34%
Time: 1596.323349952697754 seconds
MIP Gap: 0.003409962932532
Nodes: 25391
Best Objective: 111252.257764137670165
Incumbent Obj:  111632.921889832272427
Time: 1608.531925916671753 seconds
MIP Gap: 0.003409962932532
Nodes: 25835
Best Objective: 111252.257764137670165
Incumbent Obj:  111632.921889832272427
* 26380+14584                       111631.5367   111252.2578             0.34%
Time: 1617.433001041412354 seconds
MIP Gap: 0.003397596685537
Nodes: 26052
Best Objective: 111252.257764137670165
Incumbent Obj:  111631.536703241989017
  26807 15203   111592.5022   828   111631.5367   111252.2578   647442    0.34%
Time: 1627.891368865966797 seconds
MIP Gap: 0.003397596685537
Nodes: 26325
Best Objective: 111252.257764137670165
Incumbent Obj:  111631.536703241989017
Time: 1645.023707866668701 seconds
MIP Gap: 0.003397596685537
Nodes: 26814
Best Objective: 111252.257764137670165
Incumbent Obj:  111631.536703241989017
  27678 15944   111436.5962  2002   111631.5367   111252.9052   658590    0.34%
* 27745+15530                       111625.6038   111252.9052             0.33%
* 27830+15530                       111621.7922   111252.9052             0.33%
* 27869+15530                       111618.6043   111252.9052             0.33%
Time: 1654.219367027282715 seconds
MIP Gap: 0.003397596685537
Nodes: 27128
Best Objective: 111252.257764137670165
Incumbent Obj:  111631.536703241989017
Time: 1667.519842863082886 seconds
MIP Gap: 0.003282127552011
Nodes: 27403
Best Objective: 111252.257764137670165
Incumbent Obj:  111618.604260498046642
  28384 16070   111531.2043  1617   111618.6043   111252.9052   667296    0.33%
Time: 1684.096889019012451 seconds
MIP Gap: 0.003282127552011
Nodes: 27720
Best Objective: 111252.257764137670165
Incumbent Obj:  111618.604260498046642
Time: 1697.870900869369507 seconds
MIP Gap: 0.003276327090644
Nodes: 28164
Best Objective: 111252.905203539470676
Incumbent Obj:  111618.604260498046642
Time: 1714.732245922088623 seconds
MIP Gap: 0.003273512186350
Nodes: 28785
Best Objective: 111253.219399227949907
Incumbent Obj:  111618.604260498046642
  29578 17242   111342.4810  2515   111618.6043   111253.2194   684437    0.33%
Time: 1736.979084014892578 seconds
MIP Gap: 0.003265247148447
Nodes: 29854
Best Objective: 111254.141931222809944
Incumbent Obj:  111618.604260498046642
Time: 1754.914253950119019 seconds
MIP Gap: 0.003259221515446
Nodes: 30773
Best Objective: 111254.814503968169447
Incumbent Obj:  111618.604260498046642
  31685 19214   111599.7565  1207   111618.6043   111254.8145   713770    0.33%
Elapsed time = 1710.31 sec. (243984.44 ticks, tree = 3634.29 MB, solutions = 73)
Nodefile size = 1578.05 MB (1197.88 MB after compression)
Time: 1769.819472074508667 seconds
MIP Gap: 0.003259221515446
Nodes: 31620
Best Objective: 111254.814503968169447
Incumbent Obj:  111618.604260498046642
Time: 1786.395287036895752 seconds
MIP Gap: 0.003258547681373
Nodes: 32540
Best Objective: 111254.889716386882355
Incumbent Obj:  111618.604260498046642
  33904 21457   111450.0644  1882   111618.6043   111254.8897   750394    0.33%
Time: 1804.723942041397095 seconds
MIP Gap: 0.003258547681373
Nodes: 33479
Best Objective: 111254.889716386882355
Incumbent Obj:  111618.604260498046642
Time: 1822.837065935134888 seconds
MIP Gap: 0.003255962004589
Nodes: 34449
Best Objective: 111255.178326020584791
Incumbent Obj:  111618.604260498046642
  36287 23531   111344.2495  2273   111618.6043   111257.5060   779820    0.32%
Time: 1869.306494951248169 seconds
MIP Gap: 0.003234596319014
Nodes: 36981
Best Objective: 111257.563134023541352
Incumbent Obj:  111618.604260498046642
  38727 25368   111413.9587  2274   111618.6043   111257.5631   804639    0.32%
Time: 1890.626837015151978 seconds
MIP Gap: 0.003234596319014
Nodes: 38104
Best Objective: 111257.563134023541352
Incumbent Obj:  111618.604260498046642
Time: 1914.128712892532349 seconds
MIP Gap: 0.003232898867131
Nodes: 39549
Best Objective: 111257.752601233587484
Incumbent Obj:  111618.604260498046642
  41359 28348   111512.5547  1726   111618.6043   111259.7163   842657    0.32%
Time: 1935.808287858963013 seconds
MIP Gap: 0.003210490347411
Nodes: 40695
Best Objective: 111260.253808928217040
Incumbent Obj:  111618.604260498046642
Time: 1958.392595052719116 seconds
MIP Gap: 0.003204680021573
Nodes: 42137
Best Objective: 111260.902349388576113
Incumbent Obj:  111618.604260498046642
Time: 1980.301543951034546 seconds
MIP Gap: 0.003203786420681
Nodes: 43444
Best Objective: 111261.002091872927849
Incumbent Obj:  111618.604260498046642
  44283 31331   111462.6911  1755   111618.6043   111261.0021   884014    0.32%
Time: 2003.187563896179199 seconds
MIP Gap: 0.003203786420681
Nodes: 44801
Best Objective: 111261.002091872927849
Incumbent Obj:  111618.604260498046642
Time: 2024.261066913604736 seconds
MIP Gap: 0.003198133894193
Nodes: 46019
Best Objective: 111261.633018990032724
Incumbent Obj:  111618.604260498046642
  46946 33369   111527.8922  1826   111618.6043   111261.6330   914059    0.32%
Time: 2050.120393037796021 seconds
MIP Gap: 0.003197872757590
Nodes: 47327
Best Objective: 111261.662166693233303
Incumbent Obj:  111618.604260498046642
  49649 35679   111358.2816  2026   111618.6043   111262.2889   948128    0.32%
Time: 2114.154546976089478 seconds
MIP Gap: 0.003192257727151
Nodes: 51000
Best Objective: 111262.288908553717192
Incumbent Obj:  111618.604260498046642
  52670 38999   111363.5905  2330   111618.6043   111262.4749   999287    0.32%
Time: 2137.819277048110962 seconds
MIP Gap: 0.003189994648828
Nodes: 52474
Best Objective: 111262.541510197421303
Incumbent Obj:  111618.604260498046642
Time: 2158.500952005386353 seconds
MIP Gap: 0.003186960671972
Nodes: 53602
Best Objective: 111262.880158459389349
Incumbent Obj:  111618.604260498046642
  54957 40914   111414.0878  1920   111618.6043   111262.8831  1025949    0.32%
Time: 2183.108819961547852 seconds
MIP Gap: 0.003186960671972
Nodes: 54924
Best Objective: 111262.880158459389349
Incumbent Obj:  111618.604260498046642
Time: 2212.690504074096680 seconds
MIP Gap: 0.003186357647069
Nodes: 56567
Best Objective: 111262.947467257443350
Incumbent Obj:  111618.604260498046642
  57576 43003   111581.9382  1187   111618.6043   111263.2473  1052395    0.32%
Elapsed time = 2173.73 sec. (282147.35 ticks, tree = 8506.10 MB, solutions = 73)
Nodefile size = 6432.42 MB (4878.25 MB after compression)
* 57768+43481                       111616.6441   111263.5033             0.32%
  58514 45386   111390.7502  2045   111616.6441   111263.5033  1080859    0.32%
  59879 46425   111373.0656  2102   111616.6441   111263.5033  1093587    0.32%
  61608 47826   111541.1005  1664   111616.6441   111263.5033  1111365    0.32%
  63107 49364   111528.2774  1636   111616.6441   111263.5033  1132386    0.32%
* 64506+43996                       111614.2997   111263.5033             0.31%
  64597 50756   111498.3584  1106   111614.2997   111263.5033  1151728    0.31%
* 64969+44139                       111614.2997   111263.5033             0.31%
* 65410+43481                       111612.3395   111263.5033             0.31%
* 66090+43750                       111603.6301   111263.5033             0.30%
  66182 52783   111428.8552  2036   111603.6301   111263.5033  1181084    0.30%
* 66479+43996                       111603.1298   111263.5033             0.30%
* 66656+44214                       111601.6699   111263.5033             0.30%
* 66874+43750                       111595.2399   111263.5033             0.30%
Time: 2487.082052946090698 seconds
MIP Gap: 0.003043162791571
Nodes: 66439
Best Objective: 111263.503320679548779
Incumbent Obj:  111603.129812748622498
  67272 51929   111324.1320  2323   111595.2399   111263.5033  1192808    0.30%
Starting limited solution polishing.
Time: 2503.979865074157715 seconds
MIP Gap: 0.003043162791571
Nodes: 67108
Best Objective: 111263.503320679548779
Incumbent Obj:  111603.129812748622498
* 68236+52506                       111583.9891   111263.5033             0.29%
  68254 52769   111465.4573  2104   111583.9891   111263.5033  1205784    0.29%
Time: 2545.269778966903687 seconds
MIP Gap: 0.002872148519297
Nodes: 68030
Best Objective: 111263.503320679548779
Incumbent Obj:  111583.989109778456623
  69033 51323   111404.5804  1995   111583.9891   111263.5033  1219515    0.29%
Time: 2561.889991044998169 seconds
MIP Gap: 0.002872148519297
Nodes: 68727
Best Objective: 111263.503320679548779
Incumbent Obj:  111583.989109778456623
  70312 51702   111581.4297  1451   111583.9891   111263.5033  1224783    0.29%
Elapsed time = 2530.76 sec. (320321.25 ticks, tree = 10358.48 MB, solutions = 91)
Nodefile size = 8280.79 MB (6281.03 MB after compression)
Time: 2597.605519056320190 seconds
MIP Gap: 0.002872148519297
Nodes: 70141
Best Objective: 111263.503320679548779
Incumbent Obj:  111583.989109778456623
  71572 53177   111525.4044  2022   111583.9891   111263.5033  1244835    0.29%
Time: 2623.091928005218506 seconds
MIP Gap: 0.002872148519297
Nodes: 71185
Best Objective: 111263.503320679548779
Incumbent Obj:  111583.989109778456623
  72782 54800   111497.6231  2098   111583.9891   111263.5033  1270671    0.29%
Time: 2649.025453090667725 seconds
MIP Gap: 0.002872148519297
Nodes: 71791
Best Objective: 111263.503320679548779
Incumbent Obj:  111583.989109778456623
  73848 55451   111501.5948  1616   111583.9891   111263.5033  1278409    0.29%
* 74500+55992                       111582.8208   111265.9750             0.28%
  75046 56409   111532.0152  1774   111582.8208   111265.9750  1292523    0.28%
Time: 2700.131932020187378 seconds
MIP Gap: 0.002834912321560
Nodes: 73709
Best Objective: 111266.493251033403794
Incumbent Obj:  111582.820764493051684
* 75269+55701                       111571.4936   111266.4933             0.27%
* 75643+56694                       111570.3253   111266.5257             0.27%
Time: 2718.523675918579102 seconds
MIP Gap: 0.002722942077293
Nodes: 74500
Best Objective: 111266.525718209974002
Incumbent Obj:  111570.325251414324157
  76272 55477   111279.0605  2576   111570.3253   111266.5257  1308317    0.27%
Time: 2746.964454889297485 seconds
MIP Gap: 0.002722526112597
Nodes: 75694
Best Objective: 111266.572127526407712
Incumbent Obj:  111570.325251414324157
  77564 55915   111508.2821  1093   111570.3253   111266.6728  1313864    0.27%
* 77987+55787                       111568.1412   111266.6728             0.27%
Time: 2838.836572885513306 seconds
MIP Gap: 0.002673003856246
Nodes: 78421
Best Objective: 111266.831692190244212
Incumbent Obj:  111565.045489004609408
* 78054+55787                       111565.0455   111266.6728             0.27%

Clique cuts applied:  2134
Cover cuts applied:  4975
Flow cuts applied:  391
Mixed integer rounding cuts applied:  1196
Zero-half cuts applied:  1916
Lift and project cuts applied:  1
Gomory fractional cuts applied:  22

Root node processing (before b&c):
  Real time             =  398.08 sec. (59506.63 ticks)
Parallel b&c, 32 threads:
  Real time             = 2444.76 sec. (299369.15 ticks)
  Sync time (average)   = 1417.42 sec.
  Wait time (average)   =    3.79 sec.
                          ------------
Total (root+branch&cut) = 2842.84 sec. (358875.78 ticks)
Post-Optimization Solution: 
p locations: 3022 3016 3013 3001 2983 2979 2964 2960 2959 2953 2941 2938 2936 2932 2928 2924 2901 2893 2889 2886 2882 2880 2878 2872 2870 2859 2851 2842 2839 2827 2821 2810 2805 2801 2795 2787 2779 2776 2774 2767 2762 2758 2756 2755 2749 2746 2742 2740 2733 2730 2723 2719 2717 2695 2692 2688 1290 1280 1277 568 2764 1271 1251 2712 1219 510 1928 2703 1210 1919 1207 498 2697 1204 1194 1176 1174 465 2592 1157 448 1866 1154 1144 1853 1137 1133 1115 406 396 2513 1092 1089 2507 2495 1072 1053 1762 1034 325 1026 1015 1724 1008 1004 998 1707 982 273 2400 976 964 956 929 220 926 1635 923 1632 921 1248 1957 911 890 1225 1934 886 1595 2304 878 1587 1200 491 863 154 1572 858 474 1892 2601 2339 846 1555 1163 454 1872 826 814 804 797 2999 1506 400 772 1100 763 1472 753 2955 1462 744 738 1447 2562 1069 732 2150 729 20 2132 709 704 2122 699 1402 2892 1399 687 683 1392 679 2082 663 2865 1372 651 648 1357 979 270 1688 642 2060 975 2393 638 2117 624 2042 620 1329 2111 618 1327 298 2425 131 1139 291 2628 1135 124 288 1988 1243 1952 906 232 941 903 194 228 1770 2479 387 1805 3036 50 286 207 1618 2327 1284 361 995 2488 899 2317 844 135 95 1588 167 158 818 144 719 2921 1428 2137 45 546 2673 2174 791 1500 583 34 872 150 147 1565 484 2575 1082 71 2982 1489 3032 46 1252 2036 543 2670 1659 2368 794 187 2235 598 261 2388 1114 2532 103 607 604 1291 2000 954 170 1663 205 1698 2407 3029 43 1254 917 243 952 2370 164 668 331 1040 835 2253 677 1386 340 26 1444 1268 931 90 1189 1898 178 345 2752 1259 1968 1666 1013 304 2988 2 1420 1296 285 2412 801 127 1545 2215 722 2510 1017 2992 6 1424 343 1786 293 2420 1146 2564 56 2967 1474 690 2183 1064 355 280 1773 53 390 860 523 60 1236 1945 225 2352 658 321 2448 1086 749 2951 1458 75 409 576 501 1994 77 112 2276 783 2201 446 1864 1103 766 2014 1704 211 1629 378 132 337 1830 116 1517 134 1964 471 1105 2598 315 992 1701 318 660 323 248 1741 328 1746 333 969 2462 349 14 2925 1432 1844 351 3004 18 2145 696 3008 22 2149 359 2493 370 1788 375 300 1793 1055 1764 381 1485 404 1822 910 236 1654 2363 2066 573 413 1576 83 420 423 434 264 2391 601 2803 1310 1112 438 1856 605 2807 1314 443 1077 2570 2108 615 2817 1324 1125 1869 456 462 1150 366 1859 476 816 3018 1525 2606 494 1179 505 1214 508 1217 176 854 517 525 1234 866 82 1575 529 2033 540 880 2298 1229 1938 108 1601 2310 560 579 1758 265 190 1683 602 2020 612 1321 2792 1299 2008 2799 1306 2825 1332 1335 1337 2833 1340 2837 1344 1350 566 2059 1353 1355 571 2064 1359 2068 2855 1362 1368 2077 1376 1378 2087 2875 1382 1391 2888 1395 1409 1412 2907 1414 1422 1437 1442 1449 2948 1455 1469 2178 1477 693 2186 1483 1491 1497 2995 1502 1509 725 2218 1514 2223 1516 29 1522 48 1541 1548 1551 67 1560 2269 1580 1598 110 1603 2312 1607 2316 120 1613 1621 2330 1645 1649 1653 1670 1686 2395 200 1693 217 1710 1712 1715 1719 1727 1730 946 2439 241 1734 2443 1737 251 1744 257 1750 966 2459 1752 1765 1768 2477 1775 2484 1783 1790 1792 1800 1802 1815 1819 335 1828 1829 1832 1837 1840 1849 2558 1875 1878 2587 1881 1896 1900 1908 1911 1915 2624 429 1922 1937 2646 1942 2651 451 1944 1948 2657 1954 2663 479 1972 1976 2685 1979 1981 1983 1990 513 2006 2011 2021 535 2028 2031 2040 555 2048 2050 559 2052 570 2063 581 2074 2080 2084 596 2089 2092 2096 2099 609 2102 2119 2148 2152 2155 664 2157 2160 670 2163 2166 675 2168 2193 2199 714 2207 2221 736 2229 2233 2238 2241 756 2249 2252 2266 777 2270 780 2273 786 2279 2282 2283 2288 2293 808 2301 830 2323 2325 838 2331 2336 2343 2345 2348 2357 2361 2366 2377 2380 888 2381 892 2385 2401 2408 2411 2417 2423 2451 2456 2465 2466 987 2480 2498 2503 2515 2522 2525 2529 2535 1049 2542 1061 2554 2560 1095 2588 1109 2602 2610 1121 2614 2616 1141 2634 2638 2642 2648 2659 1167 2660 1183 2676 2680 2684 
p size: 800
objective: 111565.045488991119782
sum (dij * xij) 
demand/capacity: 152693.000000000000000/190400
Solution is Feasible
Comparing Best Bounds: 
Old Best Bound: 111266.831692190244212
New Best Bound: 111266.831692190244212
Time elapsed: 2936.447630698000012s
Time remaining: 2718.000000000000000s



Finishing post-optimization
p locations: 3022 3016 3013 3001 2983 2979 2964 2960 2959 2953 2941 2938 2936 2932 2928 2924 2901 2893 2889 2886 2882 2880 2878 2872 2870 2859 2851 2842 2839 2827 2821 2810 2805 2801 2795 2787 2779 2776 2774 2767 2762 2758 2756 2755 2749 2746 2742 2740 2733 2730 2723 2719 2717 2695 2692 2688 1290 1280 1277 568 2764 1271 1251 2712 1219 510 1928 2703 1210 1919 1207 498 2697 1204 1194 1176 1174 465 2592 1157 448 1866 1154 1144 1853 1137 1133 1115 406 396 2513 1092 1089 2507 2495 1072 1053 1762 1034 325 1026 1015 1724 1008 1004 998 1707 982 273 2400 976 964 956 929 220 926 1635 923 1632 921 1248 1957 911 890 1225 1934 886 1595 2304 878 1587 1200 491 863 154 1572 858 474 1892 2601 2339 846 1555 1163 454 1872 826 814 804 797 2999 1506 400 772 1100 763 1472 753 2955 1462 744 738 1447 2562 1069 732 2150 729 20 2132 709 704 2122 699 1402 2892 1399 687 683 1392 679 2082 663 2865 1372 651 648 1357 979 270 1688 642 2060 975 2393 638 2117 624 2042 620 1329 2111 618 1327 298 2425 131 1139 291 2628 1135 124 288 1988 1243 1952 906 232 941 903 194 228 1770 2479 387 1805 3036 50 286 207 1618 2327 1284 361 995 2488 899 2317 844 135 95 1588 167 158 818 144 719 2921 1428 2137 45 546 2673 2174 791 1500 583 34 872 150 147 1565 484 2575 1082 71 2982 1489 3032 46 1252 2036 543 2670 1659 2368 794 187 2235 598 261 2388 1114 2532 103 607 604 1291 2000 954 170 1663 205 1698 2407 3029 43 1254 917 243 952 2370 164 668 331 1040 835 2253 677 1386 340 26 1444 1268 931 90 1189 1898 178 345 2752 1259 1968 1666 1013 304 2988 2 1420 1296 285 2412 801 127 1545 2215 722 2510 1017 2992 6 1424 343 1786 293 2420 1146 2564 56 2967 1474 690 2183 1064 355 280 1773 53 390 860 523 60 1236 1945 225 2352 658 321 2448 1086 749 2951 1458 75 409 576 501 1994 77 112 2276 783 2201 446 1864 1103 766 2014 1704 211 1629 378 132 337 1830 116 1517 134 1964 471 1105 2598 315 992 1701 318 660 323 248 1741 328 1746 333 969 2462 349 14 2925 1432 1844 351 3004 18 2145 696 3008 22 2149 359 2493 370 1788 375 300 1793 1055 1764 381 1485 404 1822 910 236 1654 2363 2066 573 413 1576 83 420 423 434 264 2391 601 2803 1310 1112 438 1856 605 2807 1314 443 1077 2570 2108 615 2817 1324 1125 1869 456 462 1150 366 1859 476 816 3018 1525 2606 494 1179 505 1214 508 1217 176 854 517 525 1234 866 82 1575 529 2033 540 880 2298 1229 1938 108 1601 2310 560 579 1758 265 190 1683 602 2020 612 1321 2792 1299 2008 2799 1306 2825 1332 1335 1337 2833 1340 2837 1344 1350 566 2059 1353 1355 571 2064 1359 2068 2855 1362 1368 2077 1376 1378 2087 2875 1382 1391 2888 1395 1409 1412 2907 1414 1422 1437 1442 1449 2948 1455 1469 2178 1477 693 2186 1483 1491 1497 2995 1502 1509 725 2218 1514 2223 1516 29 1522 48 1541 1548 1551 67 1560 2269 1580 1598 110 1603 2312 1607 2316 120 1613 1621 2330 1645 1649 1653 1670 1686 2395 200 1693 217 1710 1712 1715 1719 1727 1730 946 2439 241 1734 2443 1737 251 1744 257 1750 966 2459 1752 1765 1768 2477 1775 2484 1783 1790 1792 1800 1802 1815 1819 335 1828 1829 1832 1837 1840 1849 2558 1875 1878 2587 1881 1896 1900 1908 1911 1915 2624 429 1922 1937 2646 1942 2651 451 1944 1948 2657 1954 2663 479 1972 1976 2685 1979 1981 1983 1990 513 2006 2011 2021 535 2028 2031 2040 555 2048 2050 559 2052 570 2063 581 2074 2080 2084 596 2089 2092 2096 2099 609 2102 2119 2148 2152 2155 664 2157 2160 670 2163 2166 675 2168 2193 2199 714 2207 2221 736 2229 2233 2238 2241 756 2249 2252 2266 777 2270 780 2273 786 2279 2282 2283 2288 2293 808 2301 830 2323 2325 838 2331 2336 2343 2345 2348 2357 2361 2366 2377 2380 888 2381 892 2385 2401 2408 2411 2417 2423 2451 2456 2465 2466 987 2480 2498 2503 2515 2522 2525 2529 2535 1049 2542 1061 2554 2560 1095 2588 1109 2602 2610 1121 2614 2616 1141 2634 2638 2642 2648 2659 1167 2660 1183 2676 2680 2684 
p size: 800
objective: 111565.045488991119782
sum (dij * xij) 
demand/capacity: 152693.000000000000000/190400
Solution is Feasible
Solution Stats
Statistics:
Max distance: 182.200439077407282
Min distance: 0.000000000000000
Avg distance: 36.723188113558628
Std deviation distance: 28.062458831293128


[INFO] Saving assignment: ./outputs/solutions/2024-08-27_LIT_seed_0_1-2p/Assignments/test_lit_p3038_800_p_800_RSSV_EXACT_CPMP_BIN_POSTOPT.txt
[INFO] Saving results: ./outputs/solutions/2024-08-27_LIT_seed_0_1-2p/test_lit_p3038_800_results_RSSV_EXACT_CPMP_BIN_POSTOPT.csv
[INFO] Saving all results: ./outputs/solutions/test_all_results.csv
Final total elapsed time (post opt): 3818s
Elapsed time: 3818833 ms

RSSV finished.
