Debug: configOverride contents: IsWeighted_ObjFunc add_break_callback add_generate_reports add_threshold_distance_rssv bw_multiplier capacities cover_mode coverages cust_max_id distance_matrix loc_max_id max_ite_subprob_rssv method method_post_opt method_rssv_fp method_rssv_sp output p seed service size_subproblems_rssv subarea threads time time_cplex time_subprob_rssv weights 
Loading instance...
Scanning input data...
Distance matrix dimensions: 4462 x 4462 = 19909444
Elapsed time: 0 ms

Loading weights...
Skipped line: customer weight coord_x coord_y
Loaded 4461 weights
Loaded 4461 coordinates
Total customer demand: 224395.00
Elapsed time: 11 ms

Loading capacities...
Skipped line: location capacity coord_x coord_y
Loaded 4461 capacities
Loaded 4461 coordinates
Elapsed time: 8 ms

Loading distance matrix...
Computing euclidian distances...
bw multiplier: 0.50
Loaded 19904982 distances
dists stdev: 954.33
bandwidth h: 17.53
locations: 4461
customers: 4461
p: 100
Elapsed time: 603 ms

[INFO] Instance loaded
loc_max_id: 4461
loc_cnt: 4461
service: fnl4461_0100
cust_max_id: 4461
cust_cnt: 4461
unweighted obj function
p: 100
total_demand: 224395.00


-------------------------------------------------


-------------------------------------------------
RSSV heuristic 
-------------------------------------------------
method subproblems: TB_PMP
method final problem: EXACT_CPMP_BIN
-------------------------------------------------
RSSV running...
cPMP size (N): 4461
sub-cPMP size (n): 1784
Subproblems cnt (M): 12
p: 100
Seed: 500
Time limit for subproblems: 300.00

thread cnt: 20

Thread 1 created with seed 501
Thread 2 created with seed 502
Solving sub-PMP 1/Thread 123 created with seed 503
...
Thread 4 created with seed 504
Solving sub-PMP 3/12...
Solving sub-PMP 2/12...
Thread 5 created with seed 505
Solving sub-PMP 4/12...
Thread 6 created with seed 506
Solving sub-PMP 5/12...
Thread 7 created with seed 507
Solving sub-PMP 6/12...
Thread 8 created with seed 508
Solving sub-PMP 7/12...
uncapacitated TB started
Thread 9 created with seed 509
uncapacitated TB started
Thread 10 created with seed 510
uncapacitated TB started
uncapacitated TB started
Solving sub-PMP 8/12...
Solving sub-PMP 9/12...
Thread 11 created with seed 511
Thread 12 created with seed 512
Solving sub-PMP 12/12...
uncapacitated TB started
Solving sub-PMP 11/12...
uncapacitated TB started
uncapacitated TB started
uncapacitated TB started
Solving sub-PMP 10/12...
uncapacitated TB started
uncapacitated TB started
uncapacitated TB started
uncapacitated TB started
[INFO] Uncapacitated TB local search started
[INFO] Uncapacitated TB local search started
[INFO] Uncapacitated TB local search started
[INFO] Uncapacitated TB local search started
[INFO] Uncapacitated TB local search started
[INFO] Uncapacitated TB local search started
[INFO] Uncapacitated TB local search started
[INFO] Uncapacitated TB local search started
[INFO] Uncapacitated TB local search started
[INFO] Uncapacitated TB local search started
[INFO] Uncapacitated TB local search started
[INFO] Uncapacitated TB local search started

[INFO] Time limit reached. Stopping the algorithm.

[INFO] Time limit reached. Stopping the algorithm.
TB elapsed time: 
[INFO] Time limit reached. Stopping the algorithm.
TB elapsed time: TB elapsed time: 300.01300.01 seconds
 seconds
Num ite total uncapacited TB: 25
tb solution is feasible
300.01 seconds
Num ite total uncapacited TB: 28
tb solution is feasible
Num ite total uncapacited TB: 28
tb solution is feasible

[INFO] Time limit reached. Stopping the algorithm.

[INFO] Time limit reached. Stopping the algorithm.
TB elapsed time: TB elapsed time: 300.01300.01 seconds
 seconds
Num ite total uncapacited TB: 32
tb solution is feasible
Num ite total uncapacited TB: 28
tb solution is feasible

[INFO] Time limit reached. Stopping the algorithm.
TB elapsed time: 300.00 seconds
Num ite total uncapacited TB: 26
tb solution is feasible

[INFO] Time limit reached. Stopping the algorithm.
TB elapsed time: 300.02 seconds
Num ite total uncapacited TB: 25
tb solution is feasible

[INFO] Time limit reached. Stopping the algorithm.
TB elapsed time: 300.01 seconds
Num ite total uncapacited TB: 24
tb solution is feasible

[INFO] Time limit reached. Stopping the algorithm.
TB elapsed time: 300.01 seconds
Num ite total uncapacited TB: 32
tb solution is feasible

[INFO] Time limit reached. Stopping the algorithm.
TB elapsed time: 300.01 seconds
Num ite total uncapacited TB: 30
tb solution is feasible

[INFO] Time limit reached. Stopping the algorithm.
TB elapsed time: 300.02 seconds
Num ite total uncapacited TB: 27
tb solution is feasible

[INFO] Time limit reached. Stopping the algorithm.
TB elapsed time: 300.02 seconds
Num ite total uncapacited TB: 22
tb solution is feasible
[INFO] All subproblems solved.

Elapsed time: 300343 ms


Stats: 
Max dist: 808.59
Min dist: 0.00
avg of Avg dists: 155.85
avg Std dev dist: 87.20

First 1784 voting weights (sorted): 352(4.00) 170(3.06) 3153(3.00) 3963(3.00) 2636(3.00) 1530(3.00) 2010(3.00) 1690(3.00) 4308(3.00) 2507(3.00) 1573(2.27) 1024(2.21) 1074(2.20) 1419(2.18) 3350(2.18) 3406(2.11) 3147(2.09) 3791(2.08) 2592(2.07) 1721(2.07) 3260(2.07) 1762(2.06) 1051(2.05) 685(2.04) 3743(2.04) 3013(2.04) 2119(2.03) 3893(2.03) 3938(2.03) 2747(2.03) 3612(2.00) 4169(2.00) 2549(2.00) 3637(2.00) 33(2.00) 1100(2.00) 2733(2.00) 1839(2.00) 409(2.00) 351(2.00) 103(2.00) 349(2.00) 2600(2.00) 2614(2.00) 1440(2.00) 4415(2.00) 926(2.00) 3103(2.00) 1964(2.00) 1432(2.00) 408(2.00) 839(2.00) 817(2.00) 3000(2.00) 3658(2.00) 789(2.00) 745(2.00) 4311(2.00) 3045(2.00) 2964(2.00) 722(2.00) 1155(2.00) 715(2.00) 1251(2.00) 4294(2.00) 3216(2.00) 4292(2.00) 2915(2.00) 260(2.00) 3061(2.00) 1143(2.00) 2861(2.00) 2841(2.00) 1941(2.00) 2804(2.00) 1140(2.00) 187(2.00) 2778(2.00) 2769(2.00) 1353(2.00) 2757(2.00) 877(2.00) 2338(2.00) 3933(2.00) 648(2.00) 4431(2.00) 650(2.00) 670(2.00) 2279(2.00) 2237(2.00) 1804(2.00) 1527(2.00) 1890(2.00) 574(2.00) 1788(2.00) 3784(2.00) 3516(2.00) 2108(2.00) 1714(2.00) 2088(2.00) 1014(2.00) 1785(2.00) 2052(2.00) 2050(2.00) 3579(2.00) 3645(2.00) 3836(2.00) 2417(2.00) 973(2.00) 1987(2.00) 541(2.00) 2404(2.00) 2442(2.00) 547(2.00) 2458(2.00) 1089(2.00) 475(2.00) 2499(2.00) 1823(2.00) 2504(2.00) 4065(2.00) 3238(2.00) 3996(2.00) 2209(1.72) 2212(1.72) 3117(1.63) 3101(1.59) 4154(1.56) 4161(1.56) 1575(1.54) 1534(1.52) 1519(1.52) 1444(1.51) 1783(1.46) 996(1.42) 1104(1.39) 212(1.39) 1402(1.37) 247(1.32) 100(1.32) 3056(1.32) 101(1.31) 3525(1.27) 2564(1.27) 2567(1.27) 3490(1.27) 3053(1.27) 3145(1.27) 801(1.27) 256(1.27) 4213(1.27) 4214(1.27) 3149(1.27) 243(1.27) 805(1.27) 236(1.27) 1815(1.25) 1352(1.25) 200(1.25) 81(1.24) 80(1.24) 3901(1.24) 3905(1.24) 3947(1.24) 1148(1.23) 1300(1.22) 2363(1.22) 208(1.22) 3536(1.21) 3548(1.21) 587(1.21) 553(1.21) 1335(1.21) 1166(1.20) 3701(1.20) 3689(1.20) 156(1.19) 3546(1.18) 1900(1.18) 2410(1.18) 1878(1.18) 972(1.18) 1332(1.18) 2449(1.18) 5(1.18) 2381(1.18) 1(1.18) 671(1.18) 1008(1.18) 1374(1.18) 1267(1.18) 3578(1.18) 643(1.18) 1745(1.18) 3966(1.18) 2312(1.18) 2558(1.18) 3470(1.18) 2599(1.18) 3950(1.18) 3498(1.18) 2345(1.18) 3919(1.18) 1681(1.15) 2554(1.15) 3321(1.15) 3227(1.15) 1797(1.13) 82(1.13) 1837(1.11) 3884(1.11) 1818(1.11) 1053(1.11) 645(1.09) 3729(1.08) 3831(1.08) 245(1.08) 2242(1.07) 1468(1.07) 3247(1.07) 3262(1.07) 3605(1.07) 762(1.07) 4029(1.07) 4002(1.07) 3279(1.07) 3233(1.07) 3635(1.07) 3861(1.07) 729(1.07) 3752(1.07) 2957(1.07) 3936(1.07) 3948(1.07) 2139(1.07) 2686(1.07) 2892(1.06) 3383(1.06) 2652(1.06) 2928(1.06) 2682(1.06) 3340(1.06) 776(1.06) 813(1.06) 32(1.06) 42(1.06) 1994(1.06) 1959(1.06) 462(1.05) 166(1.05) 248(1.05) 3952(1.05) 165(1.05) 416(1.05) 232(1.05) 460(1.05) 413(1.05) 233(1.05) 2814(1.05) 2763(1.05) 1725(1.04) 66(1.04) 2604(1.04) 2580(1.04) 2999(1.04) 1704(1.04) 3887(1.04) 3883(1.04) 3272(1.04) 1521(1.04) 3318(1.04) 2030(1.04) 2950(1.04) 2258(1.04) 2906(1.04) 221(1.04) 2012(1.04) 3867(1.04) 3273(1.04) 2343(1.04) 4135(1.04) 3929(1.04) 3880(1.04) 3264(1.04) 4143(1.04) 3258(1.04) 3276(1.04) 241(1.04) 2079(1.04) 3027(1.04) 2973(1.04) 3364(1.04) 3762(1.04) 3718(1.04) 3311(1.04) 2142(1.04) 3670(1.03) 3466(1.03) 3628(1.03) 2535(1.03) 2583(1.03) 3413(1.03) 2262(1.03) 2114(1.03) 2090(1.03) 1448(1.03) 4198(1.03) 1344(1.03) 1326(1.03) 4175(1.03) 1126(1.03) 2358(1.00) 3319(1.00) 450(1.00) 3126(1.00) 2375(1.00) 3315(1.00) 596(1.00) 589(1.00) 447(1.00) 985(1.00) 2372(1.00) 2364(1.00) 3694(1.00) 2371(1.00) 2366(1.00) 2370(1.00) 3960(1.00) 1991(1.00) 590(1.00) 599(1.00) 2336(1.00) 615(1.00) 415(1.00) 619(1.00) 621(1.00) 2331(1.00) 3156(1.00) 3937(1.00) 2521(1.00) 623(1.00) 414(1.00) 3157(1.00) 3932(1.00) 2322(1.00) 628(1.00) 2527(1.00) 3338(1.00) 635(1.00) 622(1.00) 1813(1.00) 2354(1.00) 2353(1.00) 438(1.00) 4047(1.00) 3225(1.00) 2350(1.00) 603(1.00) 3218(1.00) 3329(1.00) 607(1.00) 984(1.00) 3125(1.00) 3154(1.00) 2342(1.00) 3946(1.00) 3326(1.00) 3327(1.00) 3155(1.00) 2520(1.00) 507(1.00) 3697(1.00) 509(1.00) 2490(1.00) 461(1.00) 512(1.00) 4003(1.00) 2494(1.00) 516(1.00) 2495(1.00) 575(1.00) 3998(1.00) 3278(1.00) 3136(1.00) 521(1.00) 530(1.00) 3994(1.00) 459(1.00) 2436(1.00) 3993(1.00) 2434(1.00) 3992(1.00) 4422(1.00) 3245(1.00) 1821(1.00) 4026(1.00) 3246(1.00) 2483(1.00) 473(1.00) 1822(1.00) 2485(1.00) 474(1.00) 962(1.00) 3248(1.00) 969(1.00) 483(1.00) 4016(1.00) 3700(1.00) 490(1.00) 493(1.00) 1904(1.00) 4030(1.00) 467(1.00) 1979(1.00) 1980(1.00) 3267(1.00) 4018(1.00) 458(1.00) 3301(1.00) 457(1.00) 3974(1.00) 566(1.00) 4427(1.00) 2395(1.00) 2394(1.00) 568(1.00) 1084(1.00) 535(1.00) 3310(1.00) 2503(1.00) 2386(1.00) 584(1.00) 1905(1.00) 1906(1.00) 2382(1.00) 1824(1.00) 2380(1.00) 3965(1.00) 982(1.00) 577(1.00) 2430(1.00) 3702(1.00) 2427(1.00) 3287(1.00) 3651(1.00) 2422(1.00) 3288(1.00) 546(1.00) 2418(1.00) 1885(1.00) 3293(1.00) 3300(1.00) 3704(1.00) 4037(1.00) 559(1.00) 977(1.00) 2407(1.00) 959(1.00) 2406(1.00) 958(1.00) 2405(1.00) 3144(1.00) 3297(1.00) 551(1.00) 1661(1.00) 3499(1.00) 1669(1.00) 1899(1.00) 2129(1.00) 1673(1.00) 3508(1.00) 1678(1.00) 3186(1.00) 1683(1.00) 1009(1.00) 1011(1.00) 1809(1.00) 2117(1.00) 2116(1.00) 3585(1.00) 3779(1.00) 3523(1.00) 1697(1.00) 1698(1.00) 3524(1.00) 3191(1.00) 1700(1.00) 2106(1.00) 3774(1.00) 3190(1.00) 1608(1.00) 3462(1.00) 2168(1.00) 3591(1.00) 3588(1.00) 2165(1.00) 3464(1.00) 3813(1.00) 1615(1.00) 2160(1.00) 2157(1.00) 3183(1.00) 2137(1.00) 1790(1.00) 1627(1.00) 1630(1.00) 3804(1.00) 3477(1.00) 1634(1.00) 1640(1.00) 1641(1.00) 1643(1.00) 3484(1.00) 3184(1.00) 1652(1.00) 1653(1.00) 2155(1.00) 2068(1.00) 3547(1.00) 3552(1.00) 1894(1.00) 3742(1.00) 3741(1.00) 2056(1.00) 3204(1.00) 3739(1.00) 3738(1.00) 3566(1.00) 3736(1.00) 2104(1.00) 3569(1.00) 1764(1.00) 2042(1.00) 2040(1.00) 2038(1.00) 2035(1.00) 1767(1.00) 3571(1.00) 3573(1.00) 2029(1.00) 2022(1.00) 3722(1.00) 1778(1.00) 1049(1.00) 3773(1.00) 2015(1.00) 1012(1.00) 3526(1.00) 3527(1.00) 3769(1.00) 2095(1.00) 3766(1.00) 3529(1.00) 1707(1.00) 2091(1.00) 3193(1.00) 3544(1.00) 1715(1.00) 2085(1.00) 2017(1.00) 4450(1.00) 1719(1.00) 2081(1.00) 1017(1.00) 3756(1.00) 1031(1.00) 1726(1.00) 2074(1.00) 3539(1.00) 1729(1.00) 4448(1.00) 1001(1.00) 686(1.00) 3895(1.00) 3894(1.00) 3169(1.00) 688(1.00) 3376(1.00) 3889(1.00) 699(1.00) 1999(1.00) 2261(1.00) 701(1.00) 3820(1.00) 3881(1.00) 705(1.00) 3386(1.00) 2251(1.00) 1496(1.00) 3391(1.00) 3597(1.00) 2002(1.00) 1506(1.00) 1510(1.00) 2243(1.00) 1511(1.00) 3399(1.00) 704(1.00) 3926(1.00) 1995(1.00) 636(1.00) 3341(1.00) 639(1.00) 3344(1.00) 3921(1.00) 3347(1.00) 988(1.00) 651(1.00) 3349(1.00) 991(1.00) 3167(1.00) 668(1.00) 2296(1.00) 3362(1.00) 1811(1.00) 1078(1.00) 3363(1.00) 2289(1.00) 1073(1.00) 679(1.00) 3900(1.00) 2282(1.00) 3899(1.00) 957(1.00) 666(1.00) 3429(1.00) 3432(1.00) 3433(1.00) 2200(1.00) 3839(1.00) 3838(1.00) 3180(1.00) 3182(1.00) 2193(1.00) 2192(1.00) 1579(1.00) 3442(1.00) 3868(1.00) 3830(1.00) 3829(1.00) 3828(1.00) 1588(1.00) 1591(1.00) 2181(1.00) 2180(1.00) 3450(1.00) 3452(1.00) 2177(1.00) 3823(1.00) 1600(1.00) 3460(1.00) 1585(1.00) 3170(1.00) 3171(1.00) 3172(1.00) 3864(1.00) 3404(1.00) 4439(1.00) 3175(1.00) 1532(1.00) 1002(1.00) 3856(1.00) 2223(1.00) 1536(1.00) 1562(1.00) 1537(1.00) 2219(1.00) 1540(1.00) 1543(1.00) 1551(1.00) 3847(1.00) 4441(1.00) 1796(1.00) 2210(1.00) 3178(1.00) 2208(1.00) 1556(1.00) 3428(1.00) 3854(1.00) 3671(1.00) 2862(1.00) 3063(1.00) 2860(1.00) 2859(1.00) 2857(1.00) 2856(1.00) 4247(1.00) 885(1.00) 4245(1.00) 1865(1.00) 244(1.00) 3679(1.00) 2847(1.00) 4241(1.00) 239(1.00) 2842(1.00) 3066(1.00) 3672(1.00) 2839(1.00) 887(1.00) 4233(1.00) 1938(1.00) 3673(1.00) 2830(1.00) 4231(1.00) 4242(1.00) 1290(1.00) 281(1.00) 276(1.00) 4261(1.00) 2888(1.00) 3667(1.00) 4259(1.00) 2885(1.00) 1295(1.00) 2883(1.00) 2882(1.00) 3631(1.00) 1307(1.00) 1296(1.00) 272(1.00) 2877(1.00) 1299(1.00) 2875(1.00) 1868(1.00) 2873(1.00) 268(1.00) 3057(1.00) 1301(1.00) 1302(1.00) 1147(1.00) 2867(1.00) 2880(1.00) 411(1.00) 185(1.00) 1339(1.00) 2781(1.00) 180(1.00) 1340(1.00) 4200(1.00) 3079(1.00) 2773(1.00) 2772(1.00) 2771(1.00) 1351(1.00) 230(1.00) 907(1.00) 2767(1.00) 3082(1.00) 71(1.00) 4195(1.00) 2760(1.00) 1358(1.00) 1858(1.00) 1365(1.00) 2755(1.00) 2753(1.00) 4191(1.00) 2751(1.00) 3080(1.00) 2827(1.00) 224(1.00) 4227(1.00) 2821(1.00) 4225(1.00) 2819(1.00) 3068(1.00) 2817(1.00) 1321(1.00) 217(1.00) 2813(1.00) 214(1.00) 3070(1.00) 186(1.00) 1328(1.00) 889(1.00) 4215(1.00) 2802(1.00) 892(1.00) 1130(1.00) 4384(1.00) 193(1.00) 1336(1.00) 2792(1.00) 2791(1.00) 1859(1.00) 906(1.00) 4219(1.00) 4362(1.00) 791(1.00) 4363(1.00) 786(1.00) 4328(1.00) 784(1.00) 778(1.00) 777(1.00) 774(1.00) 1212(1.00) 2984(1.00) 1876(1.00) 1289(1.00) 757(1.00) 1226(1.00) 4364(1.00) 742(1.00) 4315(1.00) 2974(1.00) 4314(1.00) 739(1.00) 736(1.00) 863(1.00) 1236(1.00) 1157(1.00) 2962(1.00) 766(1.00) 3633(1.00) 3031(1.00) 856(1.00) 850(1.00) 1173(1.00) 3026(1.00) 1915(1.00) 837(1.00) 830(1.00) 1182(1.00) 824(1.00) 3656(1.00) 4346(1.00) 3657(1.00) 820(1.00) 818(1.00) 4357(1.00) 4339(1.00) 809(1.00) 4337(1.00) 806(1.00) 3005(1.00) 859(1.00) 803(1.00) 1160(1.00) 798(1.00) 862(1.00) 4345(1.00) 2926(1.00) 4282(1.00) 4281(1.00) 4280(1.00) 2921(1.00) 2919(1.00) 4276(1.00) 3634(1.00) 1272(1.00) 306(1.00) 4274(1.00) 1273(1.00) 2961(1.00) 1276(1.00) 4271(1.00) 2907(1.00) 1277(1.00) 2904(1.00) 2903(1.00) 297(1.00) 3666(1.00) 292(1.00) 1286(1.00) 1288(1.00) 2896(1.00) 4265(1.00) 4272(1.00) 731(1.00) 1871(1.00) 1243(1.00) 4368(1.00) 2954(1.00) 1870(1.00) 720(1.00) 1245(1.00) 716(1.00) 4370(1.00) 4297(1.00) 712(1.00) 1913(1.00) 316(1.00) 1252(1.00) 3054(1.00) 4291(1.00) 1256(1.00) 2938(1.00) 3665(1.00) 1261(1.00) 322(1.00) 2934(1.00) 1927(1.00) 2932(1.00) 321(1.00) 319(1.00) 1150(1.00) 4116(1.00) 1836(1.00) 4115(1.00) 1115(1.00) 2623(1.00) 1429(1.00) 4112(1.00) 3102(1.00) 145(1.00) 1438(1.00) 928(1.00) 3581(1.00) 917(1.00) 933(1.00) 4402(1.00) 1446(1.00) 2611(1.00) 2610(1.00) 1447(1.00) 2607(1.00) 3107(1.00) 2603(1.00) 164(1.00) 1882(1.00) 2597(1.00) 4098(1.00) 4106(1.00) 1403(1.00) 4137(1.00) 2663(1.00) 2661(1.00) 2659(1.00) 3093(1.00) 2656(1.00) 919(1.00) 3095(1.00) 4132(1.00) 4130(1.00) 920(1.00) 1427(1.00) 2646(1.00) 2645(1.00) 107(1.00) 2643(1.00) 1409(1.00) 3615(1.00) 113(1.00) 114(1.00) 3097(1.00) 123(1.00) 1962(1.00) 128(1.00) 2631(1.00) 2648(1.00) 1473(1.00) 375(1.00) 1474(1.00) 4411(1.00) 1475(1.00) 4073(1.00) 3609(1.00) 1969(1.00) 2551(1.00) 2550(1.00) 954(1.00) 382(1.00) 338(1.00) 4069(1.00) 384(1.00) 3692(1.00) 2542(1.00) 4064(1.00) 393(1.00) 395(1.00) 1487(1.00) 402(1.00) 403(1.00) 4059(1.00) 2531(1.00) 4414(1.00) 2547(1.00) 1451(1.00) 342(1.00) 343(1.00) 4093(1.00) 4092(1.00) 944(1.00) 1101(1.00) 2585(1.00) 1908(1.00) 2581(1.00) 4087(1.00) 2578(1.00) 4078(1.00) 4086(1.00) 367(1.00) 368(1.00) 369(1.00) 1834(1.00) 2571(1.00) 1471(1.00) 2568(1.00) 1098(1.00) 2566(1.00) 371(1.00) 3118(1.00) 373(1.00) 2577(1.00) 2(1.00) 1385(1.00) 4390(1.00) 2749(1.00) 1850(1.00) 2708(1.00) 19(1.00) 2706(1.00) 23(1.00) 4162(1.00) 1910(1.00) 27(1.00) 1391(1.00) 4158(1.00) 1953(1.00) 1125(1.00) 34(1.00) 2694(1.00) 4392(1.00) 35(1.00) 2691(1.00) 3087(1.00) 2785(1.00) 2748(1.00) 3084(1.00) 2746(1.00) 2745(1.00) 1369(1.00) 2743(1.00) 50(1.00) 2740(1.00) 1857(1.00) 1383(1.00) 1855(1.00) 1376(1.00) 3625(1.00) 2730(1.00) 2729(1.00) 10(1.00) 4180(1.00) 2724(1.00) 4178(1.00) 1382(1.00) 4176(1.00) 45(1.00) 84(1.00) 1397(1.00) 3091(1.00) 4150(1.00) 87(1.00) 2673(1.00) 85(1.00) 2688(1.00) 1955(1.00) 2675(1.00) 93(1.00) 4167(1.00) 2679(1.00) 1848(1.00) 4151(1.00) 86(1.00) 2678(1.00) 4(0.99) 1146(0.94) 2034(0.81) 1766(0.77) 1283(0.73) 775(0.72) 567(0.72) 1616(0.72) 311(0.72) 2836(0.72) 1355(0.72) 1983(0.59) 4145(0.56) 201(0.56) 532(0.56) 138(0.56) 2918(0.56) 2625(0.56) 3565(0.55) 811(0.54) 1765(0.54) 1805(0.54) 3604(0.54) 4286(0.54) 975(0.52) 1129(0.52) 52(0.52) 3083(0.52) 536(0.49) 1096(0.49) 189(0.49) 1368(0.48) 2946(0.47) 735(0.47) 3173(0.45) 1088(0.43) 429(0.42) 3160(0.42) 1997(0.42) 3505(0.42) 836(0.42) 1159(0.42) 1741(0.41) 1864(0.41) 733(0.37) 4184(0.37) 1038(0.37) 1050(0.37) 2291(0.37) 3685(0.37) 2429(0.34) 3336(0.34) 94(0.34) 3892(0.31) 3375(0.27) 2365(0.27) 2059(0.27) 4179(0.27) 614(0.27) 3461(0.27) 238(0.27) 2684(0.27) 1598(0.27) 441(0.27) 163(0.27) 1191(0.27) 388(0.27) 2132(0.27) 2037(0.27) 115(0.27) 1514(0.27) 3435(0.27) 2437(0.27) 199(0.27) 2719(0.27) 1117(0.27) 1384(0.27) 2789(0.27) 3313(0.27) 4131(0.27) 698(0.27) 2963(0.27) 2569(0.27) 2182(0.27) 1853(0.26) 1680(0.26) 3582(0.25) 225(0.25) 4034(0.25) 235(0.24) 3632(0.24) 3305(0.24) 2374(0.24) 1759(0.24) 3069(0.24) 2782(0.24) 941(0.23) 1320(0.23) 2469(0.22) 4387(0.22) 1892(0.21) 3806(0.21) 4019(0.21) 346(0.21) 308(0.21) 517(0.21) 2359(0.21) 1558(0.21) 2267(0.21) 627(0.21) 1000(0.21) 3220(0.21) 1985(0.21) 25(0.21) 2072(0.21) 2998(0.21) 1844(0.21) 2016(0.21) 556(0.21) 3909(0.21) 677(0.21) 682(0.21) 3885(0.21) 1371(0.21) 190(0.21) 4218(0.21) 2983(0.21) 3780(0.21) 1042(0.21) 4455(0.21) 1004(0.21) 3034(0.21) 4355(0.20) 752(0.20) 231(0.20) 1398(0.18) 98(0.18) 111(0.18) 118(0.18) 125(0.18) 4114(0.18) 3266(0.18) 2557(0.18) 1476(0.18) 2506(0.18) 471(0.18) 2662(0.18) 4166(0.18) 2731(0.18) 1071(0.18) 3128(0.18) 3127(0.18) 3065(0.18) 207(0.18) 1942(0.18) 3674(0.18) 2832(0.18) 4237(0.18) 2874(0.18) 2881(0.18) 487(0.18) 3393(0.18) 2246(0.18) 1798(0.18) 3415(0.18) 3817(0.18) 3707(0.18) 593(0.18) 3975(0.18) 3603(0.18) 3291(0.18) 3768(0.18) 3576(0.18) 2758(0.18) 2053(0.18) 4454(0.18) 220(0.18) 3740(0.18) 2055(0.18) 3141(0.18) 968(0.18) 1311(0.18) 4260(0.18) 3108(0.18) 295(0.18) 1260(0.18) 721(0.18) 3661(0.18) 3050(0.18) 796(0.18) 821(0.18) 3472(0.18) 4009(0.18) 4071(0.18) 2408(0.18) 387(0.18) 390(0.18) 3232(0.18) 102(0.18) 91(0.18) 4156(0.18) 3989(0.18) 3999(0.18) 2314(0.18) 2933(0.18) 2851(0.17) 4358(0.17) 11(0.17) 1428(0.17) 4410(0.16) 797(0.15) 4306(0.15) 44(0.15) 3240(0.15) 4408(0.15) 1935(0.15) 4424(0.15) 2005(0.15) 916(0.15) 3179(0.13) 4082(0.13) 3816(0.13) 537(0.13) 1502(0.12) 2076(0.12) 2605(0.12) 1665(0.11) 2102(0.11) 4373(0.11) 3846(0.11) 2236(0.11) 3953(0.11) 2500(0.11) 1625(0.11) 258(0.11) 104(0.11) 1929(0.11) 542(0.11) 1717(0.11) 3663(0.11) 2124(0.11) 2397(0.11) 4028(0.11) 2750(0.11) 2356(0.10) 3208(0.10) 184(0.10) 522(0.10) 2901(0.09) 2790(0.09) 3976(0.09) 1116(0.09) 3821(0.09) 2388(0.09) 761(0.09) 1178(0.09) 2768(0.08) 2991(0.08) 122(0.08) 1210(0.08) 1112(0.08) 1305(0.08) 337(0.08) 1803(0.07) 4246(0.07) 2670(0.07) 3688(0.07) 2058(0.07) 4072(0.07) 2965(0.07) 1840(0.07) 227(0.07) 3389(0.07) 3877(0.07) 2249(0.07) 526(0.07) 228(0.07) 829(0.07) 730(0.07) 780(0.07) 4089(0.07) 204(0.07) 1232(0.07) 172(0.07) 3703(0.07) 790(0.07) 2462(0.07) 843(0.07) 499(0.07) 3709(0.07) 2810(0.07) 838(0.07) 1807(0.07) 209(0.07) 779(0.07) 22(0.07) 1618(0.07) 3925(0.07) 2323(0.07) 13(0.07) 1308(0.07) 4381(0.07) 888(0.07) 2627(0.07) 2385(0.07) 1406(0.07) 953(0.07) 174(0.07) 1405(0.07) 1312(0.07) 665(0.07) 2481(0.07) 3969(0.07) 2870(0.07) 3446(0.07) 1294(0.07) 1713(0.07) 1315(0.07) 1954(0.07) 3713(0.07) 1597(0.07) 2402(0.07) 552(0.07) 1993(0.07) 4299(0.07) 455(0.07) 4270(0.07) 4430(0.07) 2638(0.07) 689(0.07) 488(0.07) 4146(0.07) 970(0.07) 2444(0.07) 4040(0.07) 3654(0.07) 3562(0.07) 865(0.07) 3030(0.07) 4181(0.07) 2533(0.07) 684(0.07) 1802(0.07) 1990(0.07) 1960(0.07) 3809(0.06) 2173(0.06) 21(0.06) 1559(0.06) 392(0.06) 4183(0.06) 609(0.06) 2383(0.06) 2736(0.06) 1306(0.06) 1121(0.06) 1873(0.06) 301(0.06) 4118(0.06) 2742(0.06) 929(0.06) 60(0.06) 3396(0.06) 1668(0.06) 2759(0.06) 3403(0.06) 2003(0.06) 771(0.06) 3142(0.06) 3140(0.06) 1507(0.06) 1208(0.06) 710(0.06) 4374(0.06) 3607(0.06) 1723(0.06) 592(0.06) 1508(0.05) 1963(0.05) 1003(0.05) 681(0.05) 418(0.05) 329(0.05) 2914(0.05) 1936(0.05) 4250(0.05) 1111(0.05) 1425(0.05) 1912(0.05) 625(0.05) 2868(0.05) 1722(0.05) 3757(0.05) 1054(0.05) 1380(0.05) 1048(0.05) 394(0.05) 1123(0.05) 2309(0.05) 1577(0.05) 28(0.05) 3001(0.05) 3456(0.05) 1628(0.05) 3572(0.05) 2000(0.05) 506(0.05) 4353(0.05) 3130(0.05) 213(0.05) 218(0.05) 436(0.05) 3500(0.05) 1081(0.05) 3608(0.05) 4316(0.05) 3734(0.05) 456(0.05) 598(0.05) 4022(0.05) 2797(0.05) 2112(0.05) 2393(0.05) 2823(0.05) 2135(0.05) 2133(0.05) 3021(0.05) 1298(0.05) 1862(0.05) 1477(0.05) 2606(0.05) 2007(0.05) 2667(0.05) 1029(0.05) 1872(0.05) 629(0.04) 3151(0.04) 1642(0.04) 4171(0.04) 2815(0.04) 1525(0.04) 1909(0.04) 68(0.04) 2898(0.04) 1052(0.04) 576(0.04) 1324(0.04) 2319(0.04) 2591(0.04) 1874(0.04) 4405(0.04) 4406(0.04) 4301(0.04) 979(0.04) 1469(0.04) 3342(0.04) 3537(0.04) 531(0.04) 1379(0.04) 2695(0.04) 1580(0.04) 339(0.04) 3298(0.04) 1186(0.04) 279(0.04) 3251(0.04) 4269(0.04) 4055(0.04) 444(0.04) 77(0.04) 2837(0.04) 4254(0.04) 1207(0.04) 47(0.04) 529(0.04) 1372(0.04) 1620(0.04) 4289(0.04) 2004(0.04) 51(0.04) 2865(0.04) 3212(0.04) 2666(0.04) 583(0.04) 935(0.04) 3652(0.04) 3567(0.04) 942(0.04) 3869(0.04) 3303(0.04) 855(0.04) 3935(0.04) 3750(0.04) 4223(0.04) 283(0.04) 254(0.04) 3808(0.04) 2271(0.04) 915(0.04) 1179(0.04) 182(0.04) 4199(0.04) 4159(0.04) 17(0.04) 4349(0.04) 3015(0.04) 3388(0.04) 1357(0.04) 1416(0.04) 878(0.04) 1275(0.04) 3693(0.04) 2452(0.04) 528(0.04) 4006(0.04) 3554(0.04) 3230(0.04) 12(0.04) 3800(0.04) 4279(0.04) 2787(0.04) 1581(0.04) 278(0.04) 4252(0.04) 2715(0.04) 3330(0.04) 4207(0.04) 2764(0.04) 943(0.04) 3309(0.04) 4329(0.04) 1426(0.04) 4134(0.04) 1461(0.04) 3594(0.04) 2890(0.04) 3299(0.04) 899(0.04) 3602(0.04) 867(0.04) 4138(0.04) 898(0.04) 242(0.03) 4240(0.03) 749(0.03) 2440(0.03) 1240(0.03) 2203(0.03) 2467(0.03) 971(0.03) 2441(0.03) 661(0.03) 249(0.03) 703(0.03) 2415(0.03) 3150(0.03) 2011(0.03) 2206(0.03) 2414(0.03) 2657(0.03) 4304(0.03) 500(0.03) 555(0.03) 2988(0.03) 4426(0.03) 3908(0.03) 1541(0.03) 3385(0.03) 4099(0.03) 3737(0.03) 3469(0.03) 385(0.03) 2909(0.03) 2170(0.03) 3668(0.03) 2491(0.03) 1466(0.03) 1464(0.03) 1022(0.03) 4123(0.03) 2765(0.03) 4277(0.03) 380(0.03) 312(0.03) 4361(0.03) 2640(0.03) 601(0.03) 1860(0.03) 2260(0.03) 3002(0.03) 1684(0.03) 3941(0.03) 2401(0.03) 2352(0.03) 3558(0.03) 423(0.03) 1749(0.03) 2849(0.03) 1314(0.03) 4058(0.03) 2513(0.03) 4356(0.03) 1522(0.03) 1967(0.03) 2516(0.03) 78(0.03) 4389(0.03) 2798(0.03) 4305(0.03) 3724(0.03) 250(0.03) 781(0.03) 3920(0.03) 644(0.03) 3922(0.03) 1434(0.03) 4060(0.03) 381(0.03) 2534(0.03) 4332(0.03) 3476(0.03) 1414(0.00) 1401(0.00) 1412(0.00) 4232(0.00) 4255(0.00) 4234(0.00) 4236(0.00) 4253(0.00) 4235(0.00) 1316(0.00) 1411(0.00) 4128(0.00) 4129(0.00) 4249(0.00) 1310(0.00) 4133(0.00) 1309(0.00) 4248(0.00) 4127(0.00) 1313(0.00) 1407(0.00) 4251(0.00) 4230(0.00) 1408(0.00) 4243(0.00) 4126(0.00) 4125(0.00) 1410(0.00) 1404(0.00) 4136(0.00) 1304(0.00) 4124(0.00) 4239(0.00) 1303(0.00) 4238(0.00) 4244(0.00) 4172(0.00) 1356(0.00) 1354(0.00) 4196(0.00) 4197(0.00) 1350(0.00) 4170(0.00) 1349(0.00) 1348(0.00) 1347(0.00) 1346(0.00) 4168(0.00) 1297(0.00) 1387(0.00) 4165(0.00) 1345(0.00) 4201(0.00) 1343(0.00) 1388(0.00) 1342(0.00) 1341(0.00) 4202(0.00) 4203(0.00) 4164(0.00) 4204(0.00) 1386(0.00) 1378(0.00) 1377(0.00) 1375(0.00) 4185(0.00) 1373(0.00) 4186(0.00) 1381(0.00) 4187(0.00) 4188(0.00) 1370(0.00) 4189(0.00) 4182(0.00) 4194(0.00) 4192(0.00) 1367(0.00) 1366(0.00) 4193(0.00) 1364(0.00) 1363(0.00) 1362(0.00) 1361(0.00) 4177(0.00) 1360(0.00) 1359(0.00) 4174(0.00) 4173(0.00) 4190(0.00) 1325(0.00) 4221(0.00) 1395(0.00) 4222(0.00) 1323(0.00) 1322(0.00) 


Filtered 1784 locations: 352 170 3153 3963 2636 1530 2010 1690 4308 2507 1573 1024 1074 1419 3350 3406 3147 3791 2592 1721 3260 1762 1051 685 3743 3013 2119 3893 3938 2747 3612 4169 2549 3637 33 1100 2733 1839 409 351 103 349 2600 2614 1440 4415 926 3103 1964 1432 408 839 817 3000 3658 789 745 4311 3045 2964 722 1155 715 1251 4294 3216 4292 2915 260 3061 1143 2861 2841 1941 2804 1140 187 2778 2769 1353 2757 877 2338 3933 648 4431 650 670 2279 2237 1804 1527 1890 574 1788 3784 3516 2108 1714 2088 1014 1785 2052 2050 3579 3645 3836 2417 973 1987 541 2404 2442 547 2458 1089 475 2499 1823 2504 4065 3238 3996 2209 2212 3117 3101 4154 4161 1575 1534 1519 1444 1783 996 1104 212 1402 247 100 3056 101 3525 2564 2567 3490 3053 3145 801 256 4213 4214 3149 243 805 236 1815 1352 200 81 80 3901 3905 3947 1148 1300 2363 208 3536 3548 587 553 1335 1166 3701 3689 156 3546 1900 2410 1878 972 1332 2449 5 2381 1 671 1008 1374 1267 3578 643 1745 3966 2312 2558 3470 2599 3950 3498 2345 3919 1681 2554 3321 3227 1797 82 1837 3884 1818 1053 645 3729 3831 245 2242 1468 3247 3262 3605 762 4029 4002 3279 3233 3635 3861 729 3752 2957 3936 3948 2139 2686 2892 3383 2652 2928 2682 3340 776 813 32 42 1994 1959 462 166 248 3952 165 416 232 460 413 233 2814 2763 1725 66 2604 2580 2999 1704 3887 3883 3272 1521 3318 2030 2950 2258 2906 221 2012 3867 3273 2343 4135 3929 3880 3264 4143 3258 3276 241 2079 3027 2973 3364 3762 3718 3311 2142 3670 3466 3628 2535 2583 3413 2262 2114 2090 1448 4198 1344 1326 4175 1126 2358 3319 450 3126 2375 3315 596 589 447 985 2372 2364 3694 2371 2366 2370 3960 1991 590 599 2336 615 415 619 621 2331 3156 3937 2521 623 414 3157 3932 2322 628 2527 3338 635 622 1813 2354 2353 438 4047 3225 2350 603 3218 3329 607 984 3125 3154 2342 3946 3326 3327 3155 2520 507 3697 509 2490 461 512 4003 2494 516 2495 575 3998 3278 3136 521 530 3994 459 2436 3993 2434 3992 4422 3245 1821 4026 3246 2483 473 1822 2485 474 962 3248 969 483 4016 3700 490 493 1904 4030 467 1979 1980 3267 4018 458 3301 457 3974 566 4427 2395 2394 568 1084 535 3310 2503 2386 584 1905 1906 2382 1824 2380 3965 982 577 2430 3702 2427 3287 3651 2422 3288 546 2418 1885 3293 3300 3704 4037 559 977 2407 959 2406 958 2405 3144 3297 551 1661 3499 1669 1899 2129 1673 3508 1678 3186 1683 1009 1011 1809 2117 2116 3585 3779 3523 1697 1698 3524 3191 1700 2106 3774 3190 1608 3462 2168 3591 3588 2165 3464 3813 1615 2160 2157 3183 2137 1790 1627 1630 3804 3477 1634 1640 1641 1643 3484 3184 1652 1653 2155 2068 3547 3552 1894 3742 3741 2056 3204 3739 3738 3566 3736 2104 3569 1764 2042 2040 2038 2035 1767 3571 3573 2029 2022 3722 1778 1049 3773 2015 1012 3526 3527 3769 2095 3766 3529 1707 2091 3193 3544 1715 2085 2017 4450 1719 2081 1017 3756 1031 1726 2074 3539 1729 4448 1001 686 3895 3894 3169 688 3376 3889 699 1999 2261 701 3820 3881 705 3386 2251 1496 3391 3597 2002 1506 1510 2243 1511 3399 704 3926 1995 636 3341 639 3344 3921 3347 988 651 3349 991 3167 668 2296 3362 1811 1078 3363 2289 1073 679 3900 2282 3899 957 666 3429 3432 3433 2200 3839 3838 3180 3182 2193 2192 1579 3442 3868 3830 3829 3828 1588 1591 2181 2180 3450 3452 2177 3823 1600 3460 1585 3170 3171 3172 3864 3404 4439 3175 1532 1002 3856 2223 1536 1562 1537 2219 1540 1543 1551 3847 4441 1796 2210 3178 2208 1556 3428 3854 3671 2862 3063 2860 2859 2857 2856 4247 885 4245 1865 244 3679 2847 4241 239 2842 3066 3672 2839 887 4233 1938 3673 2830 4231 4242 1290 281 276 4261 2888 3667 4259 2885 1295 2883 2882 3631 1307 1296 272 2877 1299 2875 1868 2873 268 3057 1301 1302 1147 2867 2880 411 185 1339 2781 180 1340 4200 3079 2773 2772 2771 1351 230 907 2767 3082 71 4195 2760 1358 1858 1365 2755 2753 4191 2751 3080 2827 224 4227 2821 4225 2819 3068 2817 1321 217 2813 214 3070 186 1328 889 4215 2802 892 1130 4384 193 1336 2792 2791 1859 906 4219 4362 791 4363 786 4328 784 778 777 774 1212 2984 1876 1289 757 1226 4364 742 4315 2974 4314 739 736 863 1236 1157 2962 766 3633 3031 856 850 1173 3026 1915 837 830 1182 824 3656 4346 3657 820 818 4357 4339 809 4337 806 3005 859 803 1160 798 862 4345 2926 4282 4281 4280 2921 2919 4276 3634 1272 306 4274 1273 2961 1276 4271 2907 1277 2904 2903 297 3666 292 1286 1288 2896 4265 4272 731 1871 1243 4368 2954 1870 720 1245 716 4370 4297 712 1913 316 1252 3054 4291 1256 2938 3665 1261 322 2934 1927 2932 321 319 1150 4116 1836 4115 1115 2623 1429 4112 3102 145 1438 928 3581 917 933 4402 1446 2611 2610 1447 2607 3107 2603 164 1882 2597 4098 4106 1403 4137 2663 2661 2659 3093 2656 919 3095 4132 4130 920 1427 2646 2645 107 2643 1409 3615 113 114 3097 123 1962 128 2631 2648 1473 375 1474 4411 1475 4073 3609 1969 2551 2550 954 382 338 4069 384 3692 2542 4064 393 395 1487 402 403 4059 2531 4414 2547 1451 342 343 4093 4092 944 1101 2585 1908 2581 4087 2578 4078 4086 367 368 369 1834 2571 1471 2568 1098 2566 371 3118 373 2577 2 1385 4390 2749 1850 2708 19 2706 23 4162 1910 27 1391 4158 1953 1125 34 2694 4392 35 2691 3087 2785 2748 3084 2746 2745 1369 2743 50 2740 1857 1383 1855 1376 3625 2730 2729 10 4180 2724 4178 1382 4176 45 84 1397 3091 4150 87 2673 85 2688 1955 2675 93 4167 2679 1848 4151 86 2678 4 1146 2034 1766 1283 775 567 1616 311 2836 1355 1983 4145 201 532 138 2918 2625 3565 811 1765 1805 3604 4286 975 1129 52 3083 536 1096 189 1368 2946 735 3173 1088 429 3160 1997 3505 836 1159 1741 1864 733 4184 1038 1050 2291 3685 2429 3336 94 3892 3375 2365 2059 4179 614 3461 238 2684 1598 441 163 1191 388 2132 2037 115 1514 3435 2437 199 2719 1117 1384 2789 3313 4131 698 2963 2569 2182 1853 1680 3582 225 4034 235 3632 3305 2374 1759 3069 2782 941 1320 2469 4387 1892 3806 4019 346 308 517 2359 1558 2267 627 1000 3220 1985 25 2072 2998 1844 2016 556 3909 677 682 3885 1371 190 4218 2983 3780 1042 4455 1004 3034 4355 752 231 1398 98 111 118 125 4114 3266 2557 1476 2506 471 2662 4166 2731 1071 3128 3127 3065 207 1942 3674 2832 4237 2874 2881 487 3393 2246 1798 3415 3817 3707 593 3975 3603 3291 3768 3576 2758 2053 4454 220 3740 2055 3141 968 1311 4260 3108 295 1260 721 3661 3050 796 821 3472 4009 4071 2408 387 390 3232 102 91 4156 3989 3999 2314 2933 2851 4358 11 1428 4410 797 4306 44 3240 4408 1935 4424 2005 916 3179 4082 3816 537 1502 2076 2605 1665 2102 4373 3846 2236 3953 2500 1625 258 104 1929 542 1717 3663 2124 2397 4028 2750 2356 3208 184 522 2901 2790 3976 1116 3821 2388 761 1178 2768 2991 122 1210 1112 1305 337 1803 4246 2670 3688 2058 4072 2965 1840 227 3389 3877 2249 526 228 829 730 780 4089 204 1232 172 3703 790 2462 843 499 3709 2810 838 1807 209 779 22 1618 3925 2323 13 1308 4381 888 2627 2385 1406 953 174 1405 1312 665 2481 3969 2870 3446 1294 1713 1315 1954 3713 1597 2402 552 1993 4299 455 4270 4430 2638 689 488 4146 970 2444 4040 3654 3562 865 3030 4181 2533 684 1802 1990 1960 3809 2173 21 1559 392 4183 609 2383 2736 1306 1121 1873 301 4118 2742 929 60 3396 1668 2759 3403 2003 771 3142 3140 1507 1208 710 4374 3607 1723 592 1508 1963 1003 681 418 329 2914 1936 4250 1111 1425 1912 625 2868 1722 3757 1054 1380 1048 394 1123 2309 1577 28 3001 3456 1628 3572 2000 506 4353 3130 213 218 436 3500 1081 3608 4316 3734 456 598 4022 2797 2112 2393 2823 2135 2133 3021 1298 1862 1477 2606 2007 2667 1029 1872 629 3151 1642 4171 2815 1525 1909 68 2898 1052 576 1324 2319 2591 1874 4405 4406 4301 979 1469 3342 3537 531 1379 2695 1580 339 3298 1186 279 3251 4269 4055 444 77 2837 4254 1207 47 529 1372 1620 4289 2004 51 2865 3212 2666 583 935 3652 3567 942 3869 3303 855 3935 3750 4223 283 254 3808 2271 915 1179 182 4199 4159 17 4349 3015 3388 1357 1416 878 1275 3693 2452 528 4006 3554 3230 12 3800 4279 2787 1581 278 4252 2715 3330 4207 2764 943 3309 4329 1426 4134 1461 3594 2890 3299 899 3602 867 4138 898 242 4240 749 2440 1240 2203 2467 971 2441 661 249 703 2415 3150 2011 2206 2414 2657 4304 500 555 2988 4426 3908 1541 3385 4099 3737 3469 385 2909 2170 3668 2491 1466 1464 1022 4123 2765 4277 380 312 4361 2640 601 1860 2260 3002 1684 3941 2401 2352 3558 423 1749 2849 1314 4058 2513 4356 1522 1967 2516 78 4389 2798 4305 3724 250 781 3920 644 3922 1434 4060 381 2534 4332 3476 1414 1401 1412 4232 4255 4234 4236 4253 4235 1316 1411 4128 4129 4249 1310 4133 1309 4248 4127 1313 1407 4251 4230 1408 4243 4126 4125 1410 1404 4136 1304 4124 4239 1303 4238 4244 4172 1356 1354 4196 4197 1350 4170 1349 1348 1347 1346 4168 1297 1387 4165 1345 4201 1343 1388 1342 1341 4202 4203 4164 4204 1386 1378 1377 1375 4185 1373 4186 1381 4187 4188 1370 4189 4182 4194 4192 1367 1366 4193 1364 1363 1362 1361 4177 1360 1359 4174 4173 4190 1325 4221 1395 4222 1323 1322 

Extracted 0 prioritized locations: 

Final instance parameters:
loc_max_id: 4461
loc_cnt: 1784
service: fnl4461_0100
cust_max_id: 4461
cust_cnt: 4461
unweighted obj function
p: 100
total_demand: 224395.00
threshold_dist: 895.79



-------------------------------------------------
Final Problem RSSV heuristic
-------------------------------------------------
    RSSV_EXACT_CPMP_BIN
-------------------------------------------------
Gap Cplex Reports: gap_Bin_service_fnl4461_0100_p_100_RSSV_EXACT_CPMP_BIN.csv
[CALLBACK] Generating reports cplex callbacks...
[CALLBACK] Using BreakCallback...
Time Limit with not improving 1.00% (gap): 120.00 seconds
Time Limit with Gap less than 1%: 120.00 seconds
Default row names c1, c2 ... being created.
Version identifier: 22.1.1.0 | 2022-11-28 | 9160aff4d
CPXPARAM_TimeLimit                               2100
Legacy callback                                  i
Tried aggregator 1 time.
Presolve has eliminated 6581595 rows and 6581595 columns...
MIP Presolve eliminated 6581595 rows and 6581595 columns.
Reduced MIP has 6246 rows, 1378613 columns, and 2757226 nonzeros.
Reduced MIP has 1378613 binaries, 0 generals, 0 SOSs, and 0 indicators.
Presolve time = 50.30 sec. (15923.38 ticks)
Tried aggregator 1 time.
Detecting symmetries...
Reduced MIP has 6246 rows, 1378613 columns, and 2757226 nonzeros.
Reduced MIP has 1378613 binaries, 0 generals, 0 SOSs, and 0 indicators.
Presolve time = 10.69 sec. (2860.10 ticks)
Probing time = 6.33 sec. (290.79 ticks)
Clique table members: 1381290.
MIP emphasis: balance optimality and feasibility.
MIP search method: dynamic search.
Parallel mode: deterministic, using up to 32 threads.
Root relaxation solution time = 6.37 sec. (1356.97 ticks)

        Nodes                                         Cuts/
   Node  Left     Objective  IInf  Best Integer    Best Bound    ItCnt     Gap

*     0+    0                      1208232.6831        0.0000           100.00%
*     0+    0                      1170004.5390        0.0000           100.00%
*     0+    0                      1169385.5621        0.0000           100.00%
      0     0   149072.3777  1764  1169385.5621   149072.3777     1789   87.25%
Time: 159.30 seconds
MIP Gap: 0.87
Nodes: 0
Best Objective: 149072.377663889550604
Incumbent Obj:  1169385.562108517158777
Time: 175.474774122238159 seconds
MIP Gap: 0.872520764327638
Nodes: 0
Best Objective: 149072.377663889550604
Incumbent Obj:  1169385.562108517158777
      0     0   216481.1189  3784  1169385.5621    Cuts: 1661     5882   81.49%
Time: 187.945199012756348 seconds
MIP Gap: 0.814876182881963
Nodes: 0
Best Objective: 216481.118940250482410
Incumbent Obj:  1169385.562108517158777
      0     0   251300.5311  5896  1169385.5621    Cuts: 1661     9864   78.51%
Time: 207.132760047912598 seconds
MIP Gap: 0.785100364464871
Nodes: 0
Best Objective: 251300.531097162369406
Incumbent Obj:  1169385.562108517158777
      0     0   278373.3254  7833  1169385.5621    Cuts: 1661    13797   76.19%
*     0+    0                      1160579.8061   278373.3254            76.01%
      0     0  -1.00000e+75     0  1160579.8061   278373.3254    13797   76.01%
Time: 267.572755098342896 seconds
MIP Gap: 0.760142883797437
Nodes: 0
Best Objective: 278373.325422238151077
Incumbent Obj:  1160579.806134030688554
Time: 289.074558973312378 seconds
MIP Gap: 0.760142883797437
Nodes: 0
Best Objective: 278373.325422238151077
Incumbent Obj:  1160579.806134030688554
      0     0   300364.3874  9343  1160579.8061    Cuts: 1661    17858   74.12%
Time: 328.893498182296753 seconds
MIP Gap: 0.741194542783358
Nodes: 0
Best Objective: 300364.387362919747829
Incumbent Obj:  1160579.806134030688554
      0     0   320265.6088 10698  1160579.8061    Cuts: 1661    22489   72.40%
Detecting symmetries...
Time: 421.014383077621460 seconds
MIP Gap: 0.724046888328637
Nodes: 0
Best Objective: 320265.608845633105375
Incumbent Obj:  1160579.806134030688554
      0     0   336924.3166 11903  1160579.8061    Cuts: 1661    27231   70.97%
Time: 515.636316061019897 seconds
MIP Gap: 0.709693107868770
Nodes: 0
Best Objective: 336924.316589035966899
Incumbent Obj:  1160579.806134030688554
      0     0   351850.4044 12978  1160579.8061    Cuts: 1661    32092   69.68%
Time: 644.503514051437378 seconds
MIP Gap: 0.696832219065959
Nodes: 0
Best Objective: 351850.404422513092868
Incumbent Obj:  1160579.806134030688554
      0     0   365468.9852 14122  1160579.8061    Cuts: 1661    37419   68.51%
Time: 791.472349166870117 seconds
MIP Gap: 0.685097928372680
Nodes: 0
Best Objective: 365468.985240440175403
Incumbent Obj:  1160579.806134030688554
      0     0   377414.4205 15063  1160579.8061    Cuts: 1661    42467   67.48%
*     0+    0                      1030173.2721   377414.4205            63.36%
*     0+    0                      1029083.1971   377414.4205            63.33%
Time: 953.803157091140747 seconds
MIP Gap: 0.633251789987063
Nodes: 0
Best Objective: 377414.420506928930990
Incumbent Obj:  1029083.197143937344663
      0     0   388023.7781 16269  1029083.1971    Cuts: 1661    47860   62.29%
*     0+    0                       868643.0216   388023.7781            55.33%
*     0+    0                       864980.5039   388023.7781            55.14%
Time: 1543.377833127975464 seconds
MIP Gap: 0.551407486797367
Nodes: 0
Best Objective: 388023.778110898216255
Incumbent Obj:  864980.503889116225764
      0     0   398322.3389 17321   864980.5039    Cuts: 1661    53886   53.95%
*     0+    0                       755413.3113   398322.3389            47.27%
Time: 1763.555050134658813 seconds
MIP Gap: 0.472709399064245
Nodes: 0
Best Objective: 398322.338872948428616
Incumbent Obj:  755413.311305125826038
      0     0   407722.6477 18488   755413.3113    Cuts: 1661    59869   46.03%
*     0+    0                       749245.5239   407722.6477            45.58%
Time: 2006.746263027191162 seconds
MIP Gap: 0.455822377678080
Nodes: 0
Best Objective: 407722.647747079608962
Incumbent Obj:  749245.523929100949317
      0     0   416735.1994 19610   749245.5239    Cuts: 1661    66238   44.38%

Clique cuts applied:  6398
Cover cuts applied:  3493
Mixed integer rounding cuts applied:  8544
Zero-half cuts applied:  130

Root node processing (before b&c):
  Real time             = 2103.33 sec. (808394.08 ticks)
Parallel b&c, 32 threads:
  Real time             =    0.00 sec. (0.00 ticks)
  Sync time (average)   =    0.00 sec.
  Wait time (average)   =    0.00 sec.
                          ------------
Total (root+branch&cut) = 2103.33 sec. (808394.08 ticks)
[INFO] Saving variables cplex:
./outputs/solutions/2024-08-28_LIT_seed_500_Subp_nxC/VarsValues_cplex/test_lit_fnl4461_0100_CPMP_Vars_Bin_p_100_RSSV_EXACT_CPMP_BIN.txt
[INFO] Saving results cplex: 
./outputs/solutions/2024-08-28_LIT_seed_500_Subp_nxC/Results_cplex/test_lit_fnl4461_0100_Bin_RSSV_EXACT_CPMP_BIN.csv

Final solution CPMP:
p locations: 4022 813 4316 1081 3500 213 2797 1628 4332 1722 247 3001 2003 3396 3319 3240 4145 710 877 2881 1783 2090 668 648 2736 3571 1508 3679 2343 301 2112 1401 2408 2034 3027 2192 1210 1377 164 3877 1354 2353 1405 3919 2249 3251 1759 888 3969 2849 716 953 3155 3313 1408 2243 3186 4222 1910 488 971 1840 761 3266 2731 2564 2397 3232 3645 3311 1 1003 2124 1364 863 1963 2965 3963 790 3709 4183 779 22 3925 1312 552 625 3464 4299 1123 455 3734 394 60 4270 4179 970 3809 1022 187 
p size: 100
objective: 749245.523929101647809
sum (dij * xij) 
demand/capacity: 224395.000000000000000/280500
Solution is Feasible
Statistics:
Max distance: 819.063489602607092
Min distance: 0.000000000000000
Avg distance: 167.954611954517304
Std deviation distance: 99.106503466358262


Final total elapsed time: 2485s
[INFO] Saving assignment: ./outputs/solutions/2024-08-28_LIT_seed_500_Subp_nxC/Assignments/test_lit_fnl4461_0100_p_100_RSSV_EXACT_CPMP_BIN.txt
[INFO] Saving results: ./outputs/solutions/2024-08-28_LIT_seed_500_Subp_nxC/test_lit_fnl4461_0100_results_RSSV_EXACT_CPMP_BIN.csv
[INFO] Saving all results: ./outputs/solutions/test_all_results.csv
Post Optimization: EXACT_CPMP_BIN


-------------------------------------------------
Post Optimization
-------------------------------------------------
method: EXACT_CPMP_BIN
-------------------------------------------------
Time for post-optimization: 1115.000000000000000s
PostOptimization constructor for Solution_cap
p locations: 4022 813 4316 1081 3500 213 2797 1628 4332 1722 247 3001 2003 3396 3319 3240 4145 710 877 2881 1783 2090 668 648 2736 3571 1508 3679 2343 301 2112 1401 2408 2034 3027 2192 1210 1377 164 3877 1354 2353 1405 3919 2249 3251 1759 888 3969 2849 716 953 3155 3313 1408 2243 3186 4222 1910 488 971 1840 761 3266 2731 2564 2397 3232 3645 3311 1 1003 2124 1364 863 1963 2965 3963 790 3709 4183 779 22 3925 1312 552 625 3464 4299 1123 455 3734 394 60 4270 4179 970 3809 1022 187 
p size: 100
objective: 749245.523929101647809
sum (dij * xij) 
demand/capacity: 224395.000000000000000/280500
Solution is Feasible
[INFO] Running post-optimization
Time limit: 1115.000000000000000
Max size of the neigh: 43
 ------------------------------------ 

Iteration Post-Optimization: 1
Size of neighborhood: 1
[INFO] Adding MIP start solution
Gap Cplex Reports: gap_Bin_service_fnl4461_0100_p_100_RSSV_POSTOPT.csv
[CALLBACK] Generating reports cplex callbacks...
Default row names c1, c2 ... being created.
Version identifier: 22.1.1.0 | 2022-11-28 | 9160aff4d
CPXPARAM_TimeLimit                               1115
CPXPARAM_MIP_Tolerances_LowerCutoff              416735.19944627193
Legacy callback                                  i
1 of 2 MIP starts provided solutions.
MIP start 'm1' defined initial solution with objective 715013.7894.
Presolve has eliminated 16976416 rows and 16976416 columns...
Tried aggregator 1 time.
Presolve has eliminated 16976416 rows and 16976416 columns...
MIP Presolve eliminated 16976416 rows and 16976416 columns.
Reduced MIP has 9023 rows, 2928566 columns, and 5857332 nonzeros.
Reduced MIP has 2928566 binaries, 0 generals, 0 SOSs, and 0 indicators.
Presolve time = 219.44 sec. (50415.76 ticks)
Presolve has eliminated 0 rows and 0 columns...
Tried aggregator 1 time.
Detecting symmetries...
Reduced MIP has 9023 rows, 2928566 columns, and 5857332 nonzeros.
Reduced MIP has 2928566 binaries, 0 generals, 0 SOSs, and 0 indicators.
Presolve time = 75.75 sec. (26176.41 ticks)
Probing time = 11.61 sec. (678.24 ticks)
Clique table members: 2928666.
MIP emphasis: balance optimality and feasibility.
MIP search method: dynamic search.
Parallel mode: deterministic, using up to 32 threads.
Root relaxation solution time = 123.54 sec. (14470.78 ticks)

        Nodes                                         Cuts/
   Node  Left     Objective  IInf  Best Integer    Best Bound    ItCnt     Gap

*     0+    0                       715013.7894        0.0000           100.00%
      0     0   593305.6982   678   715013.7894   593305.6982    21102   17.02%
Time: 846.258689880371094 seconds
MIP Gap: 0.170217823677171
Nodes: 0
Best Objective: 593305.698238952085376
Incumbent Obj:  715013.789363589836285
Time: 893.751391887664795 seconds
MIP Gap: 0.170217823677171
Nodes: 0
Best Objective: 593305.698238952085376
Incumbent Obj:  715013.789363589836285
      0     0   623716.8078  3931   715013.7894    Cuts: 2355    24504   12.77%
Time: 976.460393905639648 seconds
MIP Gap: 0.127685623571284
Nodes: 0
Best Objective: 623716.807806633412838
Incumbent Obj:  715013.789363589836285
      0     0   633601.6773  4205   715013.7894    Cuts: 2355    27507   11.39%
Time: 1005.734475851058960 seconds
MIP Gap: 0.113860897886114
Nodes: 0
Best Objective: 633601.677305698394775
Incumbent Obj:  715013.789363589836285
      0     0   636980.1337  3094   715013.7894     Cuts: 915    28684   10.91%
*     0+    0                       713702.1816   636980.1337            10.75%
*     0+    0                       712381.0595   636980.1337            10.58%
      0     0  -1.00000e+75     0   712381.0595   636980.1337    28684   10.58%
Time: 1077.019572973251343 seconds
MIP Gap: 0.105843529708702
Nodes: 0
Best Objective: 636980.133692711475305
Incumbent Obj:  712381.059531109058298
Time: 1093.919718980789185 seconds
MIP Gap: 0.105843529708702
Nodes: 0
Best Objective: 636980.133692711475305
Incumbent Obj:  712381.059531109058298
      0     0   639687.0874  2887   712381.0595     Cuts: 804    29626   10.20%
Time: 1123.318153858184814 seconds
MIP Gap: 0.102043662086637
Nodes: 0
Best Objective: 639687.087415396003053
Incumbent Obj:  712381.059531109058298
      0     0   642020.2876  2856   712381.0595     Cuts: 748    30561    9.88%
Detecting symmetries...
Time: 1165.076443910598755 seconds
MIP Gap: 0.098768448446832
Nodes: 0
Best Objective: 642020.287578310817480
Incumbent Obj:  712381.059531109058298
      0     0   644315.2996  2608   712381.0595     Cuts: 805    31414    9.55%
*     0+    0                       709608.7725   644315.2996             9.20%
Time: 1221.837574958801270 seconds
MIP Gap: 0.092013339505659
Nodes: 0
Best Objective: 644315.299562242114916
Incumbent Obj:  709608.772458676481619
      0     0   646213.2507  2566   709608.7725     Cuts: 778    32281    8.93%

Clique cuts applied:  3731
Cover cuts applied:  2716
Flow cuts applied:  100
Mixed integer rounding cuts applied:  277
Zero-half cuts applied:  574
Gomory fractional cuts applied:  5

Root node processing (before b&c):
  Real time             = 1123.06 sec. (236772.18 ticks)
Parallel b&c, 32 threads:
  Real time             =    0.00 sec. (0.00 ticks)
  Sync time (average)   =    0.00 sec.
  Wait time (average)   =    0.00 sec.
                          ------------
Total (root+branch&cut) = 1123.06 sec. (236772.18 ticks)
Post-Optimization Solution: 
p locations: 4332 4316 4292 4222 4183 4312 4145 4022 3969 3963 3947 3925 3877 3809 3774 3713 3645 1288 1155 1081 3313 985 1364 920 762 917 1628 761 3571 2736 2973 408 425 163 2849 2124 1394 225 2042 916 2753 71 910 22 1022 187 1002 668 2418 247 322 924 813 628 2208 488 574 1910 648 1401 2112 3464 1126 3297 1408 1448 3186 1667 781 1783 710 1879 2353 2010 3274 2114 4179 4 2175 3709 703 2206 1508 2343 3054 2567 3278 1963 1796 2798 2856 3500 2999 3109 2397 3232 3270 3349 1360 3364 
p size: 100
objective: 709608.772458676365204
sum (dij * xij) 
demand/capacity: 224395.000000000000000/280500
Solution is Feasible
Comparing Best Bounds: 
Old Best Bound: 646213.250666090403683
New Best Bound: 646213.250666090403683
Time elapsed: 1320.539262300000019s
Time remaining: 1115.000000000000000s



Finishing post-optimization
p locations: 4332 4316 4292 4222 4183 4312 4145 4022 3969 3963 3947 3925 3877 3809 3774 3713 3645 1288 1155 1081 3313 985 1364 920 762 917 1628 761 3571 2736 2973 408 425 163 2849 2124 1394 225 2042 916 2753 71 910 22 1022 187 1002 668 2418 247 322 924 813 628 2208 488 574 1910 648 1401 2112 3464 1126 3297 1408 1448 3186 1667 781 1783 710 1879 2353 2010 3274 2114 4179 4 2175 3709 703 2206 1508 2343 3054 2567 3278 1963 1796 2798 2856 3500 2999 3109 2397 3232 3270 3349 1360 3364 
p size: 100
objective: 709608.772458676365204
sum (dij * xij) 
demand/capacity: 224395.000000000000000/280500
Solution is Feasible
Solution Stats
Statistics:
Max distance: 712.219769453221488
Min distance: 0.000000000000000
Avg distance: 159.069440138685565
Std deviation distance: 87.391313159082131


[INFO] Saving assignment: ./outputs/solutions/2024-08-28_LIT_seed_500_Subp_nxC/Assignments/test_lit_fnl4461_0100_p_100_RSSV_EXACT_CPMP_BIN_POSTOPT.txt
[INFO] Saving results: ./outputs/solutions/2024-08-28_LIT_seed_500_Subp_nxC/test_lit_fnl4461_0100_results_RSSV_EXACT_CPMP_BIN_POSTOPT.csv
[INFO] Saving all results: ./outputs/solutions/test_all_results.csv
Final total elapsed time (post opt): 3806s
PostOptimization destructor
Finish solving problem
Elapsed time: 3806649 ms

RSSV finished.
