Instance: fnl4461_0020.txt
p: 20
N: 4461
Instance: fnl4461_0100.txt
p: 100
N: 4461
Instance: fnl4461_0250.txt
p: 250
N: 4461
Instance: fnl4461_0500.txt
p: 500
N: 4461
Instance: fnl4461_1000.txt
p: 1000
N: 4461
Debug: configOverride contents: p distance_matrix weights threads cust_max_id loc_max_id IsWeighted_ObjFunc seed time_cplex time_subprob_rssv max_ite_subprob_rssv output capacities coverages service subarea method method_rssv_sp method_rssv_fp size_subproblems_rssv bw_multiplier add_threshold_distance_rssv time cover_mode 
Loading instance...
Scanning input data...
Distance matrix dimensions: 4462 x 4462 = 19909444
Elapsed time: 0 ms

Loading weights...
Skipped line: customer weight coord_x coord_y
Loaded 4461 weights
Loaded 4461 coordinates
Total customer demand: 224395
Elapsed time: 34 ms

Loading capacities...
Skipped line: location capacity coord_x coord_y
Loaded 4461 capacities
Loaded 4461 coordinates
Elapsed time: 9 ms

Loading distance matrix...
Computing euclidian distances...
bw multiplier: 0.5
Loaded 19904982 distances
dists stdev: 954.334
bandwidth h: 17.5334
locations: 4461
customers: 4461
p: 20
Elapsed time: 352 ms

[INFO] Instance loaded
loc_max_id: 4461
loc_cnt: 4461
service: fnl4461_0020
cust_max_id: 4461
cust_cnt: 4461
unweighted obj function
p: 20
total_demand: 224395


-------------------------------------------------
RSSV heuristic 
-------------------------------------------------
RSSV running...
cPMP size (N): 4461
sub-cPMP size (n): 1784
Subproblems cnt (M): 12
p: 20

Method to solve the Subproblems: TB_PMP
Seed: 0

Time limit for subproblems: 300

thread cnt: 20

Thread 1 created with seed 1
Thread 2 created with seed 2
Thread 3 created with seed 3
Solving sub-PMP 1/12...
Thread 4 created with seed 4
Thread 5 created with seed 5
Solving sub-PMP 2/12...
Thread 6 created with seed 6
Solving sub-PMP 3/12...
Solving sub-PMP 4/12...
Solving sub-PMP 5/12...
Thread 7 created with seed 7
Thread 8 created with seed 8
Solving sub-PMP 6/12...
Thread 9 created with seed 9
Thread 10 created with seed 10
Solving sub-PMP 8/12...
Solving sub-PMP 9/12...Thread 11 created with seed 11

Solving sub-PMP 10/12...
Solving sub-PMP 7/12...
Thread 12 created with seed 12
Solving sub-PMP 11/12...
Solving sub-PMP 12/12...
uncapacitated TB started
uncapacitated TB started
uncapacitated TB started
uncapacitated TB started
uncapacitated TB started
uncapacitated TB started
uncapacitated TB started
uncapacitated TB started
uncapacitated TB started
uncapacitated TB started
uncapacitated TB started
uncapacitated TB started
[INFO] Uncapacitated TB local search started
[INFO] Uncapacitated TB local search started
[INFO] Uncapacitated TB local search started
[INFO] Uncapacitated TB local search started
[INFO] Uncapacitated TB local search started
[INFO] Uncapacitated TB local search started
[INFO] Uncapacitated TB local search started
[INFO] Uncapacitated TB local search started
[INFO] Uncapacitated TB local search started
[INFO] Uncapacitated TB local search started
[INFO] Uncapacitated TB local search started
[INFO] Uncapacitated TB local search started

[INFO] Time limit reached. Stopping the algorithm.
TB elapsed time: 300 seconds
Num ite total uncapacited TB: 79
tb solution is feasible

[INFO] Time limit reached. Stopping the algorithm.
TB elapsed time: 300.001 seconds
Num ite total uncapacited TB: 89
tb solution is feasible

[INFO] Time limit reached. Stopping the algorithm.
TB elapsed time: 300 seconds
Num ite total uncapacited TB: 110
tb solution is feasible

[INFO] Time limit reached. Stopping the algorithm.
TB elapsed time: 300 seconds
Num ite total uncapacited TB: 96
tb solution is feasible

[INFO] Time limit reached. Stopping the algorithm.
TB elapsed time: 300 seconds
Num ite total uncapacited TB: 102
tb solution is feasible

[INFO] Time limit reached. Stopping the algorithm.
TB elapsed time: 300 seconds
Num ite total uncapacited TB: 94
tb solution is feasible

[INFO] Time limit reached. Stopping the algorithm.
TB elapsed time: 300 seconds
Num ite total uncapacited TB: 79
tb solution is feasible

[INFO] Time limit reached. Stopping the algorithm.
TB elapsed time: 300.001 seconds
Num ite total uncapacited TB: 100
tb solution is feasible

[INFO] Time limit reached. Stopping the algorithm.
TB elapsed time: 300.001 seconds
Num ite total uncapacited TB: 98
tb solution is feasible

[INFO] Time limit reached. Stopping the algorithm.
TB elapsed time: 300.001 seconds
Num ite total uncapacited TB: 86
tb solution is feasible

[INFO] Time limit reached. Stopping the algorithm.
TB elapsed time: 300 seconds
Num ite total uncapacited TB: 111
tb solution is feasible

[INFO] Time limit reached. Stopping the algorithm.
TB elapsed time: 300.001 seconds
Num ite total uncapacited TB: 95
tb solution is feasible
[INFO] All subproblems solved.

Elapsed time: 300034 ms


Stats: 
Max dist: 840.595
Min dist: 0
avg of Avg dists: 286.825
avg Std dev dist: 121.001

First 1784 voting weights (sorted): 787(4.00) 1022(3.00) 4254(3.00) 205(2.11) 223(2.11) 2679(2.00) 4281(2.00) 306(2.00) 4163(2.00) 3445(2.00) 3529(2.00) 882(2.00) 2723(2.00) 2970(2.00) 4338(2.00) 3461(1.72) 3456(1.72) 3689(1.20) 184(1.20) 3701(1.20) 201(1.20) 2056(1.18) 3571(1.18) 2034(1.18) 3603(1.18) 1260(1.18) 2408(1.18) 1272(1.18) 2418(1.18) 293(1.18) 271(1.18) 2238(1.07) 2270(1.07) 2306(1.07) 2278(1.07) 3841(1.05) 3844(1.05) 197(1.04) 215(1.04) 1676(1.04) 1693(1.04) 3808(1.04) 3769(1.04) 1178(1.03) 1160(1.03) 4086(1.03) 4058(1.03) 855(1.00) 4328(1.00) 1417(1.00) 2903(1.00) 2405(1.00) 1069(1.00) 668(1.00) 3915(1.00) 1491(1.00) 2542(1.00) 3536(1.00) 2908(1.00) 4138(1.00) 1123(1.00) 712(1.00) 2881(1.00) 672(1.00) 2347(1.00) 1056(1.00) 3925(1.00) 2053(1.00) 3531(1.00) 2891(1.00) 716(1.00) 2419(1.00) 4148(1.00) 729(1.00) 3078(1.00) 2195(1.00) 1065(1.00) 2175(1.00) 1627(1.00) 3005(1.00) 819(1.00) 1439(1.00) 1083(1.00) 2605(1.00) 2137(1.00) 2391(1.00) 2946(1.00) 774(1.00) 1086(1.00) 4217(1.00) 1481(1.00) 1793(1.00) 2376(1.00) 2107(1.00) 780(1.00) 795(1.00) 133(1.00) 4248(1.00) 140(1.00) 2118(1.00) 1098(1.00) 2971(1.00) 791(1.00) 1446(1.00) 2161(1.00) 1486(1.00) 3862(1.00) 3431(1.00) 3683(1.00) 3028(1.00) 3496(1.00) 1119(1.00) 3434(1.00) 1605(1.00) 3394(1.00) 1113(1.00) 2087(1.00) 1247(1.00) 3019(1.00) 1822(1.00) 1433(1.00) 107(1.00) 3440(1.00) 2149(1.00) 3687(1.00) 1082(1.00) 3487(1.00) 1475(1.00) 1480(1.00) 4024(1.00) 2741(1.00) 191(1.00) 2743(1.00) 2746(1.00) 186(1.00) 499(1.00) 4039(1.00) 3339(1.00) 4040(1.00) 3157(1.00) 4065(1.00) 1208(1.00) 1910(1.00) 2449(1.00) 1652(1.00) 2690(1.00) 1905(1.00) 3274(1.00) 3635(1.00) 895(1.00) 4056(1.00) 3589(1.00) 475(1.00) 3155(1.00) 2468(1.00) 994(1.00) 2471(1.00) 992(1.00) 237(1.00) 3626(1.00) 241(1.00) 4011(1.00) 2461(1.00) 2726(1.00) 1656(1.00) 975(1.00) 1931(1.00) 2286(1.00) 210(1.00) 3786(1.00) 1962(1.00) 540(1.00) 1927(1.00) 3987(1.00) 3788(1.00) 542(1.00) 1923(1.00) 1181(1.00) 2730(1.00) 920(1.00) 2330(1.00) 1032(1.00) 2433(1.00) 2226(1.00) 3638(1.00) 4359(1.00) 2430(1.00) 2526(1.00) 435(1.00) 2024(1.00) 3109(1.00) 3951(1.00) 1379(1.00) 1039(1.00) 3658(1.00) 1385(1.00) 146(1.00) 3550(1.00) 1729(1.00) 1731(1.00) 2858(1.00) 1232(1.00) 1225(1.00) 945(1.00) 2509(1.00) 3359(1.00) 2001(1.00) 67(1.00) 1644(1.00) 4381(1.00) 908(1.00) 2247(1.00) 704(1.00) 3121(1.00) 2517(1.00) 3365(1.00) 3965(1.00) 3262(1.00) 1888(1.00) 2243(1.00) 2801(1.00) 775(0.72) 2719(0.54) 208(0.54) 4256(0.52) 958(0.52) 3414(0.42) 3460(0.33) 1263(0.27) 4063(0.27) 2915(0.24) 3632(0.24) 1036(0.24) 404(0.24) 137(0.21) 3548(0.21) 2241(0.21) 871(0.21) 2010(0.21) 682(0.21) 1186(0.21) 3621(0.20) 2493(0.20) 125(0.18) 2996(0.18) 3240(0.18) 3047(0.18) 2410(0.18) 4114(0.18) 183(0.18) 955(0.18) 2856(0.18) 449(0.18) 1620(0.18) 3128(0.18) 2030(0.18) 2492(0.18) 3685(0.18) 4267(0.17) 3535(0.17) 1758(0.17) 1042(0.17) 4188(0.15) 854(0.13) 2000(0.13) 4259(0.12) 185(0.12) 3572(0.11) 1006(0.10) 969(0.10) 2638(0.07) 3979(0.07) 914(0.07) 3233(0.07) 943(0.07) 2060(0.07) 3605(0.07) 2266(0.07) 829(0.07) 1045(0.07) 535(0.07) 3899(0.07) 2511(0.07) 818(0.07) 1267(0.07) 762(0.07) 1194(0.07) 4390(0.07) 182(0.07) 2156(0.06) 3815(0.06) 1236(0.06) 4033(0.06) 4082(0.06) 2051(0.06) 504(0.06) 1126(0.05) 541(0.05) 2302(0.05) 681(0.05) 1963(0.05) 1048(0.05) 1437(0.05) 2901(0.05) 1842(0.05) 4028(0.05) 1228(0.05) 1173(0.05) 3582(0.04) 3016(0.04) 1525(0.04) 1431(0.04) 3135(0.04) 1077(0.04) 2121(0.04) 1382(0.04) 3074(0.04) 1037(0.04) 2439(0.04) 3640(0.04) 1043(0.04) 2265(0.04) 2456(0.04) 2738(0.04) 4118(0.04) 1535(0.04) 3104(0.04) 3475(0.04) 935(0.04) 4144(0.04) 2549(0.04) 1120(0.04) 3256(0.04) 907(0.04) 3750(0.04) 4341(0.04) 206(0.04) 2093(0.04) 2914(0.04) 4006(0.04) 2229(0.04) 983(0.04) 3388(0.04) 2463(0.04) 245(0.04) 1919(0.04) 1426(0.04) 4106(0.04) 4373(0.03) 2846(0.03) 3996(0.03) 1939(0.03) 3387(0.03) 3575(0.03) 4367(0.03) 749(0.03) 1423(0.03) 488(0.03) 1141(0.03) 2491(0.03) 1418(0.03) 971(0.03) 2275(0.03) 1710(0.03) 2440(0.03) 703(0.03) 2674(0.03) 1458(0.03) 147(0.03) 4209(0.03) 1776(0.03) 3724(0.03) 2174(0.03) 2272(0.03) 2245(0.03) 171(0.03) 4332(0.03) 421(0.03) 2652(0.03) 3920(0.03) 1203(0.00) 1212(0.00) 1202(0.00) 1201(0.00) 1311(0.00) 1213(0.00) 1321(0.00) 1200(0.00) 1322(0.00) 1199(0.00) 1198(0.00) 1323(0.00) 1324(0.00) 1204(0.00) 1318(0.00) 1215(0.00) 1214(0.00) 1314(0.00) 1313(0.00) 1210(0.00) 1216(0.00) 1209(0.00) 1312(0.00) 1211(0.00) 1319(0.00) 1320(0.00) 1315(0.00) 1317(0.00) 1316(0.00) 1206(0.00) 1205(0.00) 1207(0.00) 1249(0.00) 1248(0.00) 1246(0.00) 1276(0.00) 1245(0.00) 1277(0.00) 1244(0.00) 1278(0.00) 1279(0.00) 1325(0.00) 1280(0.00) 1242(0.00) 1241(0.00) 1281(0.00) 1282(0.00) 1283(0.00) 1240(0.00) 1284(0.00) 1285(0.00) 1239(0.00) 1243(0.00) 1262(0.00) 1261(0.00) 1259(0.00) 1264(0.00) 1265(0.00) 1266(0.00) 1258(0.00) 1268(0.00) 1257(0.00) 1269(0.00) 1275(0.00) 1271(0.00) 1256(0.00) 1255(0.00) 1273(0.00) 1254(0.00) 1274(0.00) 1253(0.00) 1252(0.00) 1251(0.00) 1250(0.00) 1270(0.00) 1227(0.00) 1226(0.00) 1224(0.00) 1223(0.00) 1222(0.00) 1301(0.00) 1302(0.00) 1303(0.00) 1221(0.00) 1286(0.00) 1304(0.00) 1305(0.00) 1219(0.00) 1306(0.00) 1218(0.00) 1307(0.00) 1308(0.00) 1309(0.00) 1310(0.00) 1217(0.00) 1220(0.00) 1287(0.00) 1288(0.00) 1289(0.00) 1238(0.00) 1237(0.00) 1290(0.00) 1235(0.00) 1291(0.00) 1234(0.00) 1292(0.00) 1300(0.00) 1233(0.00) 1294(0.00) 1295(0.00) 1296(0.00) 1231(0.00) 1297(0.00) 1230(0.00) 1298(0.00) 1229(0.00) 1299(0.00) 1293(0.00) 3212(0.00) 3213(0.00) 3214(0.00) 3215(0.00) 3216(0.00) 3217(0.00) 3218(0.00) 3219(0.00) 3220(0.00) 3221(0.00) 3222(0.00) 3223(0.00) 3224(0.00) 3225(0.00) 1197(0.00) 3227(0.00) 3228(0.00) 3229(0.00) 3230(0.00) 3231(0.00) 3232(0.00) 3234(0.00) 3235(0.00) 3236(0.00) 3237(0.00) 3238(0.00) 3239(0.00) 3241(0.00) 3242(0.00) 3226(0.00) 1461(0.00) 1462(0.00) 1463(0.00) 1464(0.00) 1465(0.00) 1466(0.00) 1467(0.00) 1468(0.00) 1469(0.00) 1470(0.00) 1471(0.00) 1472(0.00) 1473(0.00) 1474(0.00) 3211(0.00) 1477(0.00) 1478(0.00) 1479(0.00) 1482(0.00) 1483(0.00) 1484(0.00) 1485(0.00) 1487(0.00) 1488(0.00) 1489(0.00) 1490(0.00) 1492(0.00) 3209(0.00) 3210(0.00) 1476(0.00) 3278(0.00) 3279(0.00) 3280(0.00) 3281(0.00) 3282(0.00) 3283(0.00) 3284(0.00) 3285(0.00) 3286(0.00) 3287(0.00) 3288(0.00) 3289(0.00) 3290(0.00) 3291(0.00) 3243(0.00) 3293(0.00) 3294(0.00) 3295(0.00) 3296(0.00) 3297(0.00) 3298(0.00) 3299(0.00) 3300(0.00) 3301(0.00) 3302(0.00) 3303(0.00) 3304(0.00) 3305(0.00) 3306(0.00) 3292(0.00) 3244(0.00) 3245(0.00) 3246(0.00) 3247(0.00) 3248(0.00) 3249(0.00) 3250(0.00) 3251(0.00) 3252(0.00) 3253(0.00) 3254(0.00) 3255(0.00) 3257(0.00) 3258(0.00) 3277(0.00) 3260(0.00) 3261(0.00) 3263(0.00) 3264(0.00) 3265(0.00) 3266(0.00) 3267(0.00) 3268(0.00) 3269(0.00) 3270(0.00) 3271(0.00) 3272(0.00) 3273(0.00) 3275(0.00) 3276(0.00) 3259(0.00) 1357(0.00) 1358(0.00) 1359(0.00) 1360(0.00) 1361(0.00) 1362(0.00) 1363(0.00) 1364(0.00) 1365(0.00) 1366(0.00) 1367(0.00) 1368(0.00) 1369(0.00) 1370(0.00) 1460(0.00) 1372(0.00) 1373(0.00) 1374(0.00) 1375(0.00) 1376(0.00) 1377(0.00) 1378(0.00) 1380(0.00) 1381(0.00) 1383(0.00) 1384(0.00) 1386(0.00) 1387(0.00) 1388(0.00) 1371(0.00) 1326(0.00) 1327(0.00) 1328(0.00) 1329(0.00) 1330(0.00) 1331(0.00) 1332(0.00) 1333(0.00) 1334(0.00) 1335(0.00) 1336(0.00) 1337(0.00) 1338(0.00) 1339(0.00) 1356(0.00) 1341(0.00) 1342(0.00) 1343(0.00) 1344(0.00) 1345(0.00) 1346(0.00) 1347(0.00) 1348(0.00) 1349(0.00) 1350(0.00) 1351(0.00) 1352(0.00) 1353(0.00) 1354(0.00) 1355(0.00) 1340(0.00) 1424(0.00) 1425(0.00) 1427(0.00) 1428(0.00) 1429(0.00) 1430(0.00) 1432(0.00) 1434(0.00) 1435(0.00) 1436(0.00) 1438(0.00) 1440(0.00) 1441(0.00) 1442(0.00) 1389(0.00) 1444(0.00) 1445(0.00) 1447(0.00) 1448(0.00) 1449(0.00) 1450(0.00) 1451(0.00) 1452(0.00) 1453(0.00) 1454(0.00) 1455(0.00) 1456(0.00) 1457(0.00) 1459(0.00) 1443(0.00) 1390(0.00) 1391(0.00) 1392(0.00) 1393(0.00) 1394(0.00) 1395(0.00) 1396(0.00) 1397(0.00) 1398(0.00) 1399(0.00) 1400(0.00) 1401(0.00) 1402(0.00) 1403(0.00) 1422(0.00) 1405(0.00) 1406(0.00) 1407(0.00) 1408(0.00) 1409(0.00) 1410(0.00) 1411(0.00) 1412(0.00) 1413(0.00) 1414(0.00) 1415(0.00) 1416(0.00) 1419(0.00) 1420(0.00) 1421(0.00) 1404(0.00) 783(0.00) 784(0.00) 785(0.00) 786(0.00) 788(0.00) 789(0.00) 790(0.00) 792(0.00) 793(0.00) 794(0.00) 796(0.00) 797(0.00) 798(0.00) 799(0.00) 800(0.00) 1111(0.00) 802(0.00) 803(0.00) 804(0.00) 805(0.00) 806(0.00) 807(0.00) 808(0.00) 809(0.00) 810(0.00) 811(0.00) 812(0.00) 813(0.00) 814(0.00) 815(0.00) 816(0.00) 801(0.00) 745(0.00) 746(0.00) 747(0.00) 748(0.00) 750(0.00) 751(0.00) 752(0.00) 753(0.00) 754(0.00) 755(0.00) 756(0.00) 757(0.00) 758(0.00) 759(0.00) 760(0.00) 782(0.00) 781(0.00) 779(0.00) 778(0.00) 777(0.00) 776(0.00) 773(0.00) 772(0.00) 761(0.00) 770(0.00) 769(0.00) 768(0.00) 767(0.00) 766(0.00) 765(0.00) 764(0.00) 763(0.00) 771(0.00) 856(0.00) 857(0.00) 858(0.00) 859(0.00) 860(0.00) 861(0.00) 862(0.00) 863(0.00) 864(0.00) 865(0.00) 866(0.00) 867(0.00) 868(0.00) 869(0.00) 870(0.00) 817(0.00) 873(0.00) 874(0.00) 875(0.00) 876(0.00) 877(0.00) 878(0.00) 879(0.00) 880(0.00) 881(0.00) 883(0.00) 884(0.00) 885(0.00) 886(0.00) 887(0.00) 888(0.00) 872(0.00) 820(0.00) 821(0.00) 822(0.00) 823(0.00) 824(0.00) 825(0.00) 826(0.00) 827(0.00) 828(0.00) 830(0.00) 831(0.00) 832(0.00) 833(0.00) 834(0.00) 835(0.00) 853(0.00) 852(0.00) 851(0.00) 850(0.00) 849(0.00) 848(0.00) 847(0.00) 846(0.00) 836(0.00) 844(0.00) 843(0.00) 842(0.00) 841(0.00) 840(0.00) 839(0.00) 838(0.00) 837(0.00) 845(0.00) 269(0.00) 270(0.00) 272(0.00) 273(0.00) 274(0.00) 275(0.00) 276(0.00) 277(0.00) 278(0.00) 279(0.00) 280(0.00) 281(0.00) 282(0.00) 283(0.00) 284(0.00) 744(0.00) 286(0.00) 287(0.00) 288(0.00) 289(0.00) 290(0.00) 291(0.00) 292(0.00) 294(0.00) 295(0.00) 296(0.00) 297(0.00) 298(0.00) 299(0.00) 300(0.00) 301(0.00) 285(0.00) 233(0.00) 234(0.00) 235(0.00) 236(0.00) 238(0.00) 239(0.00) 240(0.00) 242(0.00) 243(0.00) 244(0.00) 246(0.00) 247(0.00) 248(0.00) 249(0.00) 250(0.00) 268(0.00) 267(0.00) 266(0.00) 265(0.00) 264(0.00) 263(0.00) 262(0.00) 261(0.00) 251(0.00) 259(0.00) 258(0.00) 257(0.00) 256(0.00) 255(0.00) 254(0.00) 253(0.00) 252(0.00) 260(0.00) 709(0.00) 710(0.00) 711(0.00) 713(0.00) 714(0.00) 715(0.00) 717(0.00) 718(0.00) 719(0.00) 720(0.00) 721(0.00) 722(0.00) 723(0.00) 724(0.00) 725(0.00) 302(0.00) 743(0.00) 742(0.00) 741(0.00) 740(0.00) 739(0.00) 738(0.00) 737(0.00) 726(0.00) 735(0.00) 734(0.00) 733(0.00) 732(0.00) 731(0.00) 730(0.00) 728(0.00) 727(0.00) 736(0.00) 303(0.00) 304(0.00) 305(0.00) 307(0.00) 308(0.00) 309(0.00) 310(0.00) 311(0.00) 312(0.00) 313(0.00) 314(0.00) 315(0.00) 316(0.00) 317(0.00) 318(0.00) 336(0.00) 335(0.00) 334(0.00) 333(0.00) 332(0.00) 331(0.00) 330(0.00) 329(0.00) 319(0.00) 327(0.00) 326(0.00) 325(0.00) 324(0.00) 323(0.00) 322(0.00) 321(0.00) 320(0.00) 328(0.00) 1087(0.00) 1088(0.00) 1089(0.00) 1090(0.00) 1091(0.00) 1092(0.00) 1093(0.00) 1094(0.00) 1095(0.00) 1096(0.00) 1097(0.00) 1099(0.00) 1100(0.00) 1101(0.00) 1102(0.00) 889(0.00) 1104(0.00) 1105(0.00) 1106(0.00) 1107(0.00) 1108(0.00) 1109(0.00) 1110(0.00) 3307(0.00) 1112(0.00) 1114(0.00) 1115(0.00) 1116(0.00) 1117(0.00) 1118(0.00) 1121(0.00) 1103(0.00) 1046(0.00) 1047(0.00) 1049(0.00) 1050(0.00) 1051(0.00) 1052(0.00) 1053(0.00) 1054(0.00) 1055(0.00) 1057(0.00) 1058(0.00) 1059(0.00) 1060(0.00) 1061(0.00) 1062(0.00) 1085(0.00) 1084(0.00) 1081(0.00) 1080(0.00) 1079(0.00) 1078(0.00) 1076(0.00) 1075(0.00) 1063(0.00) 1073(0.00) 1072(0.00) 1071(0.00) 1070(0.00) 1068(0.00) 1067(0.00) 1066(0.00) 1064(0.00) 1074(0.00) 1159(0.00) 1161(0.00) 1162(0.00) 1163(0.00) 1164(0.00) 1165(0.00) 1166(0.00) 1167(0.00) 1168(0.00) 1169(0.00) 1170(0.00) 1171(0.00) 1172(0.00) 1174(0.00) 1175(0.00) 1122(0.00) 1196(0.00) 1195(0.00) 1193(0.00) 1192(0.00) 1191(0.00) 1190(0.00) 1189(0.00) 1176(0.00) 1187(0.00) 1185(0.00) 1184(0.00) 1183(0.00) 1182(0.00) 1180(0.00) 1179(0.00) 1177(0.00) 1188(0.00) 1124(0.00) 1125(0.00) 1127(0.00) 1128(0.00) 1129(0.00) 1130(0.00) 1131(0.00) 1132(0.00) 1133(0.00) 1134(0.00) 1135(0.00) 1136(0.00) 1137(0.00) 1138(0.00) 1139(0.00) 1158(0.00) 1157(0.00) 1156(0.00) 1155(0.00) 1154(0.00) 1153(0.00) 1152(0.00) 1151(0.00) 1140(0.00) 1149(0.00) 1148(0.00) 1147(0.00) 1146(0.00) 1145(0.00) 1144(0.00) 1143(0.00) 1142(0.00) 1150(0.00) 928(0.00) 929(0.00) 930(0.00) 931(0.00) 932(0.00) 933(0.00) 934(0.00) 936(0.00) 937(0.00) 938(0.00) 939(0.00) 940(0.00) 941(0.00) 942(0.00) 944(0.00) 1044(0.00) 947(0.00) 948(0.00) 949(0.00) 950(0.00) 951(0.00) 952(0.00) 953(0.00) 954(0.00) 956(0.00) 957(0.00) 959(0.00) 960(0.00) 961(0.00) 962(0.00) 963(0.00) 946(0.00) 890(0.00) 891(0.00) 892(0.00) 893(0.00) 894(0.00) 896(0.00) 897(0.00) 898(0.00) 899(0.00) 900(0.00) 901(0.00) 902(0.00) 903(0.00) 904(0.00) 905(0.00) 927(0.00) 926(0.00) 925(0.00) 924(0.00) 923(0.00) 922(0.00) 921(0.00) 919(0.00) 906(0.00) 917(0.00) 916(0.00) 915(0.00) 913(0.00) 912(0.00) 911(0.00) 910(0.00) 909(0.00) 918(0.00) 1004(0.00) 1005(0.00) 1007(0.00) 1008(0.00) 1009(0.00) 1010(0.00) 1011(0.00) 1012(0.00) 1013(0.00) 1014(0.00) 1015(0.00) 1016(0.00) 1017(0.00) 1018(0.00) 1019(0.00) 964(0.00) 1041(0.00) 1040(0.00) 1038(0.00) 1035(0.00) 1034(0.00) 1033(0.00) 1031(0.00) 1020(0.00) 1029(0.00) 1028(0.00) 1027(0.00) 1026(0.00) 1025(0.00) 1024(0.00) 1023(0.00) 1021(0.00) 1030(0.00) 965(0.00) 966(0.00) 967(0.00) 968(0.00) 970(0.00) 972(0.00) 973(0.00) 974(0.00) 976(0.00) 977(0.00) 978(0.00) 979(0.00) 980(0.00) 981(0.00) 982(0.00) 1003(0.00) 1002(0.00) 1001(0.00) 1000(0.00) 999(0.00) 998(0.00) 997(0.00) 996(0.00) 984(0.00) 993(0.00) 991(0.00) 990(0.00) 989(0.00) 988(0.00) 987(0.00) 986(0.00) 985(0.00) 995(0.00) 4073(0.00) 4074(0.00) 4075(0.00) 4076(0.00) 4077(0.00) 4078(0.00) 4079(0.00) 4080(0.00) 4081(0.00) 4083(0.00) 4084(0.00) 4085(0.00) 4087(0.00) 4088(0.00) 4089(0.00) 3404(0.00) 4091(0.00) 4092(0.00) 4093(0.00) 4094(0.00) 4095(0.00) 4096(0.00) 4097(0.00) 4098(0.00) 4099(0.00) 4100(0.00) 4101(0.00) 4102(0.00) 4103(0.00) 4104(0.00) 4105(0.00) 4090(0.00) 4034(0.00) 4035(0.00) 4036(0.00) 4037(0.00) 4038(0.00) 4041(0.00) 4042(0.00) 4043(0.00) 4044(0.00) 4045(0.00) 4046(0.00) 4047(0.00) 4048(0.00) 4049(0.00) 4050(0.00) 4072(0.00) 4071(0.00) 4070(0.00) 4069(0.00) 4068(0.00) 4067(0.00) 4066(0.00) 4064(0.00) 4051(0.00) 4061(0.00) 4060(0.00) 4059(0.00) 4057(0.00) 4055(0.00) 4054(0.00) 4053(0.00) 4052(0.00) 4062(0.00) 4145(0.00) 4146(0.00) 4147(0.00) 4149(0.00) 4150(0.00) 4151(0.00) 4152(0.00) 4153(0.00) 4154(0.00) 4155(0.00) 4156(0.00) 4157(0.00) 4158(0.00) 4159(0.00) 4160(0.00) 4107(0.00) 4178(0.00) 4177(0.00) 4176(0.00) 4175(0.00) 4174(0.00) 4173(0.00) 4172(0.00) 4161(0.00) 4170(0.00) 4169(0.00) 4168(0.00) 4167(0.00) 4166(0.00) 4165(0.00) 4164(0.00) 4162(0.00) 4171(0.00) 4108(0.00) 4109(0.00) 4110(0.00) 4111(0.00) 4112(0.00) 4113(0.00) 4115(0.00) 4116(0.00) 4117(0.00) 4119(0.00) 4120(0.00) 4121(0.00) 4122(0.00) 4123(0.00) 4124(0.00) 4143(0.00) 4142(0.00) 4141(0.00) 4140(0.00) 4139(0.00) 4137(0.00) 4136(0.00) 4135(0.00) 4125(0.00) 4133(0.00) 4132(0.00) 4131(0.00) 4130(0.00) 4129(0.00) 4128(0.00) 4127(0.00) 4126(0.00) 4134(0.00) 3924(0.00) 3926(0.00) 3927(0.00) 3928(0.00) 3929(0.00) 3930(0.00) 3931(0.00) 3932(0.00) 3933(0.00) 3934(0.00) 3935(0.00) 3936(0.00) 3937(0.00) 3938(0.00) 3939(0.00) 4032(0.00) 3957(0.00) 3956(0.00) 3955(0.00) 3954(0.00) 3953(0.00) 3952(0.00) 3950(0.00) 3940(0.00) 3948(0.00) 3947(0.00) 3946(0.00) 3945(0.00) 3944(0.00) 3943(0.00) 3942(0.00) 3941(0.00) 3949(0.00) 3888(0.00) 3889(0.00) 3890(0.00) 3891(0.00) 3892(0.00) 3893(0.00) 3894(0.00) 3895(0.00) 3896(0.00) 3897(0.00) 3898(0.00) 3900(0.00) 3901(0.00) 3902(0.00) 3903(0.00) 3923(0.00) 3922(0.00) 3921(0.00) 3919(0.00) 3918(0.00) 3917(0.00) 3916(0.00) 3914(0.00) 3904(0.00) 3912(0.00) 3911(0.00) 3910(0.00) 3909(0.00) 3908(0.00) 3907(0.00) 3906(0.00) 3905(0.00) 3913(0.00) 3995(0.00) 3997(0.00) 3998(0.00) 3999(0.00) 4000(0.00) 4001(0.00) 4002(0.00) 4003(0.00) 4004(0.00) 4005(0.00) 4007(0.00) 4008(0.00) 4009(0.00) 4010(0.00) 4012(0.00) 3958(0.00) 4031(0.00) 4030(0.00) 4029(0.00) 4027(0.00) 4026(0.00) 4025(0.00) 4023(0.00) 4013(0.00) 4021(0.00) 4020(0.00) 4019(0.00) 4018(0.00) 4017(0.00) 4016(0.00) 4015(0.00) 4014(0.00) 4022(0.00) 3959(0.00) 3960(0.00) 3961(0.00) 3962(0.00) 3963(0.00) 3964(0.00) 3966(0.00) 3967(0.00) 3968(0.00) 3969(0.00) 3970(0.00) 3971(0.00) 3972(0.00) 3973(0.00) 3974(0.00) 3994(0.00) 3993(0.00) 3992(0.00) 3991(0.00) 3990(0.00) 3989(0.00) 3988(0.00) 3986(0.00) 3975(0.00) 3984(0.00) 3983(0.00) 3982(0.00) 3981(0.00) 3980(0.00) 3978(0.00) 3977(0.00) 3976(0.00) 3985(0.00) 4358(0.00) 4360(0.00) 4361(0.00) 4362(0.00) 4363(0.00) 4364(0.00) 4365(0.00) 4366(0.00) 4368(0.00) 4369(0.00) 4370(0.00) 4371(0.00) 4372(0.00) 4374(0.00) 4375(0.00) 4179(0.00) 4394(0.00) 4393(0.00) 4392(0.00) 4391(0.00) 4389(0.00) 4388(0.00) 4387(0.00) 4376(0.00) 4385(0.00) 4384(0.00) 4383(0.00) 4382(0.00) 4380(0.00) 4379(0.00) 4378(0.00) 4377(0.00) 4386(0.00) 4321(0.00) 4322(0.00) 4323(0.00) 4324(0.00) 4325(0.00) 4326(0.00) 4327(0.00) 4329(0.00) 4330(0.00) 4331(0.00) 4333(0.00) 4334(0.00) 4335(0.00) 4336(0.00) 4337(0.00) 4357(0.00) 4356(0.00) 4355(0.00) 4354(0.00) 4353(0.00) 4352(0.00) 4351(0.00) 4350(0.00) 4339(0.00) 4348(0.00) 4347(0.00) 4346(0.00) 4345(0.00) 4344(0.00) 4343(0.00) 4342(0.00) 4340(0.00) 4349(0.00) 4429(0.00) 4430(0.00) 4431(0.00) 4432(0.00) 4433(0.00) 4434(0.00) 4435(0.00) 4436(0.00) 4437(0.00) 4438(0.00) 4439(0.00) 4440(0.00) 4441(0.00) 4442(0.00) 4443(0.00) 4395(0.00) 4460(0.00) 4459(0.00) 4458(0.00) 4457(0.00) 4456(0.00) 4455(0.00) 4454(0.00) 4444(0.00) 4452(0.00) 4451(0.00) 4450(0.00) 4449(0.00) 4448(0.00) 4447(0.00) 4446(0.00) 4445(0.00) 4453(0.00) 4396(0.00) 4397(0.00) 4398(0.00) 4399(0.00) 4400(0.00) 4401(0.00) 4402(0.00) 4403(0.00) 4404(0.00) 4405(0.00) 4406(0.00) 4407(0.00) 4408(0.00) 4409(0.00) 4410(0.00) 4428(0.00) 4427(0.00) 4426(0.00) 4425(0.00) 4424(0.00) 4423(0.00) 4422(0.00) 4421(0.00) 4411(0.00) 4419(0.00) 4418(0.00) 4417(0.00) 4416(0.00) 4415(0.00) 4414(0.00) 4413(0.00) 4412(0.00) 4420(0.00) 4215(0.00) 4216(0.00) 4218(0.00) 4219(0.00) 4220(0.00) 4221(0.00) 4222(0.00) 4223(0.00) 4224(0.00) 4225(0.00) 4226(0.00) 4227(0.00) 4228(0.00) 4229(0.00) 4230(0.00) 4320(0.00) 4247(0.00) 4246(0.00) 4245(0.00) 4244(0.00) 4243(0.00) 4242(0.00) 4241(0.00) 4231(0.00) 4239(0.00) 4238(0.00) 4237(0.00) 4236(0.00) 4235(0.00) 4234(0.00) 4233(0.00) 4232(0.00) 4240(0.00) 4180(0.00) 4181(0.00) 4182(0.00) 4183(0.00) 4184(0.00) 4185(0.00) 4186(0.00) 4187(0.00) 4189(0.00) 4190(0.00) 4191(0.00) 4192(0.00) 4193(0.00) 4194(0.00) 4195(0.00) 4214(0.00) 4213(0.00) 4212(0.00) 4211(0.00) 4210(0.00) 4208(0.00) 4207(0.00) 4206(0.00) 4196(0.00) 4204(0.00) 4203(0.00) 4202(0.00) 4201(0.00) 4200(0.00) 4199(0.00) 4198(0.00) 4197(0.00) 4205(0.00) 4288(0.00) 4289(0.00) 4290(0.00) 4291(0.00) 4292(0.00) 4293(0.00) 4294(0.00) 4295(0.00) 4296(0.00) 4297(0.00) 4298(0.00) 4299(0.00) 4300(0.00) 4301(0.00) 4302(0.00) 4249(0.00) 4319(0.00) 4318(0.00) 4317(0.00) 4316(0.00) 4315(0.00) 4314(0.00) 4313(0.00) 4303(0.00) 4311(0.00) 4310(0.00) 4309(0.00) 4308(0.00) 4307(0.00) 4306(0.00) 4305(0.00) 4304(0.00) 4312(0.00) 4250(0.00) 4251(0.00) 4252(0.00) 4253(0.00) 4255(0.00) 4257(0.00) 4258(0.00) 4260(0.00) 4261(0.00) 4262(0.00) 4263(0.00) 4264(0.00) 4265(0.00) 4266(0.00) 4268(0.00) 4287(0.00) 4286(0.00) 4285(0.00) 4284(0.00) 4283(0.00) 4282(0.00) 4280(0.00) 4279(0.00) 4269(0.00) 4277(0.00) 4276(0.00) 


Filtered 1784 locations: 787 1022 4254 205 223 2679 4281 306 4163 3445 3529 882 2723 2970 4338 3461 3456 3689 184 3701 201 2056 3571 2034 3603 1260 2408 1272 2418 293 271 2238 2270 2306 2278 3841 3844 197 215 1676 1693 3808 3769 1178 1160 4086 4058 855 4328 1417 2903 2405 1069 668 3915 1491 2542 3536 2908 4138 1123 712 2881 672 2347 1056 3925 2053 3531 2891 716 2419 4148 729 3078 2195 1065 2175 1627 3005 819 1439 1083 2605 2137 2391 2946 774 1086 4217 1481 1793 2376 2107 780 795 133 4248 140 2118 1098 2971 791 1446 2161 1486 3862 3431 3683 3028 3496 1119 3434 1605 3394 1113 2087 1247 3019 1822 1433 107 3440 2149 3687 1082 3487 1475 1480 4024 2741 191 2743 2746 186 499 4039 3339 4040 3157 4065 1208 1910 2449 1652 2690 1905 3274 3635 895 4056 3589 475 3155 2468 994 2471 992 237 3626 241 4011 2461 2726 1656 975 1931 2286 210 3786 1962 540 1927 3987 3788 542 1923 1181 2730 920 2330 1032 2433 2226 3638 4359 2430 2526 435 2024 3109 3951 1379 1039 3658 1385 146 3550 1729 1731 2858 1232 1225 945 2509 3359 2001 67 1644 4381 908 2247 704 3121 2517 3365 3965 3262 1888 2243 2801 775 2719 208 4256 958 3414 3460 1263 4063 2915 3632 1036 404 137 3548 2241 871 2010 682 1186 3621 2493 125 2996 3240 3047 2410 4114 183 955 2856 449 1620 3128 2030 2492 3685 4267 3535 1758 1042 4188 854 2000 4259 185 3572 1006 969 2638 3979 914 3233 943 2060 3605 2266 829 1045 535 3899 2511 818 1267 762 1194 4390 182 2156 3815 1236 4033 4082 2051 504 1126 541 2302 681 1963 1048 1437 2901 1842 4028 1228 1173 3582 3016 1525 1431 3135 1077 2121 1382 3074 1037 2439 3640 1043 2265 2456 2738 4118 1535 3104 3475 935 4144 2549 1120 3256 907 3750 4341 206 2093 2914 4006 2229 983 3388 2463 245 1919 1426 4106 4373 2846 3996 1939 3387 3575 4367 749 1423 488 1141 2491 1418 971 2275 1710 2440 703 2674 1458 147 4209 1776 3724 2174 2272 2245 171 4332 421 2652 3920 1203 1212 1202 1201 1311 1213 1321 1200 1322 1199 1198 1323 1324 1204 1318 1215 1214 1314 1313 1210 1216 1209 1312 1211 1319 1320 1315 1317 1316 1206 1205 1207 1249 1248 1246 1276 1245 1277 1244 1278 1279 1325 1280 1242 1241 1281 1282 1283 1240 1284 1285 1239 1243 1262 1261 1259 1264 1265 1266 1258 1268 1257 1269 1275 1271 1256 1255 1273 1254 1274 1253 1252 1251 1250 1270 1227 1226 1224 1223 1222 1301 1302 1303 1221 1286 1304 1305 1219 1306 1218 1307 1308 1309 1310 1217 1220 1287 1288 1289 1238 1237 1290 1235 1291 1234 1292 1300 1233 1294 1295 1296 1231 1297 1230 1298 1229 1299 1293 3212 3213 3214 3215 3216 3217 3218 3219 3220 3221 3222 3223 3224 3225 1197 3227 3228 3229 3230 3231 3232 3234 3235 3236 3237 3238 3239 3241 3242 3226 1461 1462 1463 1464 1465 1466 1467 1468 1469 1470 1471 1472 1473 1474 3211 1477 1478 1479 1482 1483 1484 1485 1487 1488 1489 1490 1492 3209 3210 1476 3278 3279 3280 3281 3282 3283 3284 3285 3286 3287 3288 3289 3290 3291 3243 3293 3294 3295 3296 3297 3298 3299 3300 3301 3302 3303 3304 3305 3306 3292 3244 3245 3246 3247 3248 3249 3250 3251 3252 3253 3254 3255 3257 3258 3277 3260 3261 3263 3264 3265 3266 3267 3268 3269 3270 3271 3272 3273 3275 3276 3259 1357 1358 1359 1360 1361 1362 1363 1364 1365 1366 1367 1368 1369 1370 1460 1372 1373 1374 1375 1376 1377 1378 1380 1381 1383 1384 1386 1387 1388 1371 1326 1327 1328 1329 1330 1331 1332 1333 1334 1335 1336 1337 1338 1339 1356 1341 1342 1343 1344 1345 1346 1347 1348 1349 1350 1351 1352 1353 1354 1355 1340 1424 1425 1427 1428 1429 1430 1432 1434 1435 1436 1438 1440 1441 1442 1389 1444 1445 1447 1448 1449 1450 1451 1452 1453 1454 1455 1456 1457 1459 1443 1390 1391 1392 1393 1394 1395 1396 1397 1398 1399 1400 1401 1402 1403 1422 1405 1406 1407 1408 1409 1410 1411 1412 1413 1414 1415 1416 1419 1420 1421 1404 783 784 785 786 788 789 790 792 793 794 796 797 798 799 800 1111 802 803 804 805 806 807 808 809 810 811 812 813 814 815 816 801 745 746 747 748 750 751 752 753 754 755 756 757 758 759 760 782 781 779 778 777 776 773 772 761 770 769 768 767 766 765 764 763 771 856 857 858 859 860 861 862 863 864 865 866 867 868 869 870 817 873 874 875 876 877 878 879 880 881 883 884 885 886 887 888 872 820 821 822 823 824 825 826 827 828 830 831 832 833 834 835 853 852 851 850 849 848 847 846 836 844 843 842 841 840 839 838 837 845 269 270 272 273 274 275 276 277 278 279 280 281 282 283 284 744 286 287 288 289 290 291 292 294 295 296 297 298 299 300 301 285 233 234 235 236 238 239 240 242 243 244 246 247 248 249 250 268 267 266 265 264 263 262 261 251 259 258 257 256 255 254 253 252 260 709 710 711 713 714 715 717 718 719 720 721 722 723 724 725 302 743 742 741 740 739 738 737 726 735 734 733 732 731 730 728 727 736 303 304 305 307 308 309 310 311 312 313 314 315 316 317 318 336 335 334 333 332 331 330 329 319 327 326 325 324 323 322 321 320 328 1087 1088 1089 1090 1091 1092 1093 1094 1095 1096 1097 1099 1100 1101 1102 889 1104 1105 1106 1107 1108 1109 1110 3307 1112 1114 1115 1116 1117 1118 1121 1103 1046 1047 1049 1050 1051 1052 1053 1054 1055 1057 1058 1059 1060 1061 1062 1085 1084 1081 1080 1079 1078 1076 1075 1063 1073 1072 1071 1070 1068 1067 1066 1064 1074 1159 1161 1162 1163 1164 1165 1166 1167 1168 1169 1170 1171 1172 1174 1175 1122 1196 1195 1193 1192 1191 1190 1189 1176 1187 1185 1184 1183 1182 1180 1179 1177 1188 1124 1125 1127 1128 1129 1130 1131 1132 1133 1134 1135 1136 1137 1138 1139 1158 1157 1156 1155 1154 1153 1152 1151 1140 1149 1148 1147 1146 1145 1144 1143 1142 1150 928 929 930 931 932 933 934 936 937 938 939 940 941 942 944 1044 947 948 949 950 951 952 953 954 956 957 959 960 961 962 963 946 890 891 892 893 894 896 897 898 899 900 901 902 903 904 905 927 926 925 924 923 922 921 919 906 917 916 915 913 912 911 910 909 918 1004 1005 1007 1008 1009 1010 1011 1012 1013 1014 1015 1016 1017 1018 1019 964 1041 1040 1038 1035 1034 1033 1031 1020 1029 1028 1027 1026 1025 1024 1023 1021 1030 965 966 967 968 970 972 973 974 976 977 978 979 980 981 982 1003 1002 1001 1000 999 998 997 996 984 993 991 990 989 988 987 986 985 995 4073 4074 4075 4076 4077 4078 4079 4080 4081 4083 4084 4085 4087 4088 4089 3404 4091 4092 4093 4094 4095 4096 4097 4098 4099 4100 4101 4102 4103 4104 4105 4090 4034 4035 4036 4037 4038 4041 4042 4043 4044 4045 4046 4047 4048 4049 4050 4072 4071 4070 4069 4068 4067 4066 4064 4051 4061 4060 4059 4057 4055 4054 4053 4052 4062 4145 4146 4147 4149 4150 4151 4152 4153 4154 4155 4156 4157 4158 4159 4160 4107 4178 4177 4176 4175 4174 4173 4172 4161 4170 4169 4168 4167 4166 4165 4164 4162 4171 4108 4109 4110 4111 4112 4113 4115 4116 4117 4119 4120 4121 4122 4123 4124 4143 4142 4141 4140 4139 4137 4136 4135 4125 4133 4132 4131 4130 4129 4128 4127 4126 4134 3924 3926 3927 3928 3929 3930 3931 3932 3933 3934 3935 3936 3937 3938 3939 4032 3957 3956 3955 3954 3953 3952 3950 3940 3948 3947 3946 3945 3944 3943 3942 3941 3949 3888 3889 3890 3891 3892 3893 3894 3895 3896 3897 3898 3900 3901 3902 3903 3923 3922 3921 3919 3918 3917 3916 3914 3904 3912 3911 3910 3909 3908 3907 3906 3905 3913 3995 3997 3998 3999 4000 4001 4002 4003 4004 4005 4007 4008 4009 4010 4012 3958 4031 4030 4029 4027 4026 4025 4023 4013 4021 4020 4019 4018 4017 4016 4015 4014 4022 3959 3960 3961 3962 3963 3964 3966 3967 3968 3969 3970 3971 3972 3973 3974 3994 3993 3992 3991 3990 3989 3988 3986 3975 3984 3983 3982 3981 3980 3978 3977 3976 3985 4358 4360 4361 4362 4363 4364 4365 4366 4368 4369 4370 4371 4372 4374 4375 4179 4394 4393 4392 4391 4389 4388 4387 4376 4385 4384 4383 4382 4380 4379 4378 4377 4386 4321 4322 4323 4324 4325 4326 4327 4329 4330 4331 4333 4334 4335 4336 4337 4357 4356 4355 4354 4353 4352 4351 4350 4339 4348 4347 4346 4345 4344 4343 4342 4340 4349 4429 4430 4431 4432 4433 4434 4435 4436 4437 4438 4439 4440 4441 4442 4443 4395 4460 4459 4458 4457 4456 4455 4454 4444 4452 4451 4450 4449 4448 4447 4446 4445 4453 4396 4397 4398 4399 4400 4401 4402 4403 4404 4405 4406 4407 4408 4409 4410 4428 4427 4426 4425 4424 4423 4422 4421 4411 4419 4418 4417 4416 4415 4414 4413 4412 4420 4215 4216 4218 4219 4220 4221 4222 4223 4224 4225 4226 4227 4228 4229 4230 4320 4247 4246 4245 4244 4243 4242 4241 4231 4239 4238 4237 4236 4235 4234 4233 4232 4240 4180 4181 4182 4183 4184 4185 4186 4187 4189 4190 4191 4192 4193 4194 4195 4214 4213 4212 4211 4210 4208 4207 4206 4196 4204 4203 4202 4201 4200 4199 4198 4197 4205 4288 4289 4290 4291 4292 4293 4294 4295 4296 4297 4298 4299 4300 4301 4302 4249 4319 4318 4317 4316 4315 4314 4313 4303 4311 4310 4309 4308 4307 4306 4305 4304 4312 4250 4251 4252 4253 4255 4257 4258 4260 4261 4262 4263 4264 4265 4266 4268 4287 4286 4285 4284 4283 4282 4280 4279 4269 4277 4276 

Extracted 0 prioritized locations: 

Final instance parameters:
loc_max_id: 4461
loc_cnt: 1784
service: fnl4461_0020
cust_max_id: 4461
cust_cnt: 4461
unweighted obj function
p: 20
total_demand: 224395
threshold_dist: 961.596


-------------------------------------------------
Final Problem RSSV heuristic 
-------------------------------------------------
-------------------------------------------------
Exact method cPMP binary
-------------------------------------------------
Problem type: CPMP
Value of p: 20
Number of facilities: 1784
Number of customers: 4461
Weighted Objective Function: false
Capacity Model: true
Binary Model: true
Cover Model: false
[INFO] Adding Objective Function 
SUM (dij * xij)
[INFO] Adding Demand Satisfied Constraints 
[INFO] Adding p Locations Constraints 
[INFO] Adding Max Capacity Constraints 
[INFO] Adding Max Distance Constraints 
Threshold Distance: 961.596
Gap Cplex Reports: gap_Bin_service_fnl4461_0020_p_20_RSSV_EXACT_CPMP_BIN.csv
Generating reports cplex callbacks...Using BreakCallback...
Version identifier: 12.10.0.0 | 2019-11-26 | 843d4de
CPXPARAM_TimeLimit                               1800
Tried aggregator 1 time.
Presolve has eliminated 6489465 rows and 6489465 columns...
MIP Presolve eliminated 6489465 rows and 6489465 columns.
MIP Presolve modified 2 coefficients.
Reduced MIP has 6246 rows, 1470743 columns, and 2941486 nonzeros.
Reduced MIP has 1470743 binaries, 0 generals, 0 SOSs, and 0 indicators.
Presolve time = 28.77 sec. (16629.60 ticks)
Tried aggregator 1 time.
Detecting symmetries...
Reduced MIP has 6246 rows, 1470743 columns, and 2941486 nonzeros.
Reduced MIP has 1470743 binaries, 0 generals, 0 SOSs, and 0 indicators.
Presolve time = 6.91 sec. (3067.04 ticks)
Probing time = 4.04 sec. (306.97 ticks)
Clique table members: 1473420.
MIP emphasis: balance optimality and feasibility.
MIP search method: dynamic search.
Parallel mode: deterministic, using up to 32 threads.
Root relaxation solution time = 4.52 sec. (1238.96 ticks)

        Nodes                                         Cuts/
   Node  Left     Objective  IInf  Best Integer    Best Bound    ItCnt     Gap

      0     0   276314.1268  1780                 276314.1268     1796         
Time: 87.0853 seconds
MIP Gap: 1e+75
Nodes: 0
Best Objective: 276314.126802867103834
Incumbent Obj:  999999999999999926539781176481198923508803215199467887262646419780362305536.000000000000000
*     0+    0                      1780198.9717   276314.1268            84.48%
*     0+    0                      1779990.4641   276314.1268            84.48%
Time: 121.120954036712646 seconds
MIP Gap: 0.844766512866142
Nodes: 0
Best Objective: 276314.126802867103834
Incumbent Obj:  1779990.464071715017781
      0     0   361309.1270  1780  1779990.4641    Cuts: 1661     6197   79.70%
Time: 146.576755046844482 seconds
MIP Gap: 0.797016256934535
Nodes: 0
Best Objective: 361309.127018110244535
Incumbent Obj:  1779990.464071715017781
      0     0   415376.7892  1780  1779990.4641    Cuts: 1661    10764   76.66%
Time: 188.239081859588623 seconds
MIP Gap: 0.766641003072373
Nodes: 0
Best Objective: 415376.789236516808160
Incumbent Obj:  1779990.464071715017781
      0     0   452514.1873  1780  1779990.4641    Cuts: 1661    15303   74.58%
*     0+    0                      1754528.3579   452514.1873            74.21%
Time: 471.741358995437622 seconds
MIP Gap: 0.742087846395218
Nodes: 0
Best Objective: 452514.187337655108422
Incumbent Obj:  1754528.357865124009550
      0     0   484385.0253  1780  1754528.3579    Cuts: 1661    19987   72.39%
Time: 508.541102886199951 seconds
MIP Gap: 0.723922943084797
Nodes: 0
Best Objective: 484385.025313668011222
Incumbent Obj:  1754528.357865124009550
      0     0   512874.6897  1780  1754528.3579    Cuts: 1661    25458   70.77%
Detecting symmetries...
Time: 559.844961881637573 seconds
MIP Gap: 0.707685152327355
Nodes: 0
Best Objective: 512874.689666680642404
Incumbent Obj:  1754528.357865124009550
      0     0   536673.1529  1780  1754528.3579    Cuts: 1661    30998   69.41%
*     0+    0                      1638113.1781   536673.1529            67.24%
Time: 632.602433919906616 seconds
MIP Gap: 0.672383349271903
Nodes: 0
Best Objective: 536673.152911765966564
Incumbent Obj:  1638113.178066684398800
      0     0   558950.1109  1780  1638113.1781    Cuts: 1661    36771   65.88%
Time: 785.257827043533325 seconds
MIP Gap: 0.658784192429910
Nodes: 0
Best Objective: 558950.110945230815560
Incumbent Obj:  1638113.178066684398800
      0     0   579020.2581  1780  1638113.1781    Cuts: 1661    42849   64.65%
Time: 936.831526994705200 seconds
MIP Gap: 0.646532201871052
Nodes: 0
Best Objective: 579020.258137243683450
Incumbent Obj:  1638113.178066684398800
      0     0   598481.4989  1780  1638113.1781    Cuts: 1661    49277   63.47%
Time: 1216.579067945480347 seconds
MIP Gap: 0.634651923392096
Nodes: 0
Best Objective: 598481.498872724594548
Incumbent Obj:  1638113.178066684398800
      0     0   616131.4606  1780  1638113.1781    Cuts: 1661    55887   62.39%
Time: 1351.376764059066772 seconds
MIP Gap: 0.623877355460179
Nodes: 0
Best Objective: 616131.460589971859008
Incumbent Obj:  1638113.178066684398800
      0     0   633948.1499  1780  1638113.1781    Cuts: 1661    63068   61.30%
Time: 1508.060625076293945 seconds
MIP Gap: 0.613001007278207
Nodes: 0
Best Objective: 633948.149876101291738
Incumbent Obj:  1638113.178066684398800
      0     0   649763.2705  1780  1638113.1781    Cuts: 1661    69947   60.33%
Time: 1704.363117933273315 seconds
MIP Gap: 0.603346533576811
Nodes: 0
Best Objective: 649763.270473657757975
Incumbent Obj:  1638113.178066684398800
      0     0   664787.0930  1780  1638113.1781    Cuts: 1661    77471   59.42%

Clique cuts applied:  4687
Cover cuts applied:  3755
Mixed integer rounding cuts applied:  10065
Zero-half cuts applied:  10

Root node processing (before b&c):
  Real time             = 1801.12 sec. (1053458.20 ticks)
Parallel b&c, 32 threads:
  Real time             =    0.00 sec. (0.00 ticks)
  Sync time (average)   =    0.00 sec.
  Wait time (average)   =    0.00 sec.
                          ------------
Total (root+branch&cut) = 1801.12 sec. (1053458.20 ticks)
[INFO] Saving variables cplex:
./outputs/solutions/2024-07-16_LIT/VarsValues_cplex/test_lit_fnl4461_0020_CPMP_Vars_Bin_p_20_RSSV_EXACT_CPMP_BIN.txt
[INFO] Saving results cplex: 
./outputs/solutions/2024-07-16_LIT/Results_cplex/test_lit_fnl4461_0020_Bin_RSSV_EXACT_CPMP_BIN.csv

Final solution:
p locations: 4341 1282 2433 4210 1456 3287 4018 1432 292 802 4423 1454 1001 2302 67 1214 809 3788 4011 1923 
p size: 20
objective: 1638113.178066682070494
sum (dij * xij) 
demand/capacity: 224395.000000000000000/280500
Solution is Feasible
Final elapsed time: 1826s
Final total elapsed time RSSV: 2126s
[INFO] Saving assignment: ./outputs/solutions/2024-07-16_LIT/Assignments/test_lit_fnl4461_0020_p_20_RSSV_EXACT_CPMP_BIN.txt
[INFO] Saving results: ./outputs/solutions/2024-07-16_LIT/test_lit_fnl4461_0020_results_RSSV.csv
[INFO] Saving all results: ./outputs/solutions/test_all_results.csv



Solution Stats
Statistics:
Max distance: 960.221328652930879
Min distance: 0.000000000000000
Avg distance: 367.207616692822683
Std deviation distance: 195.559176195053851




-------------------------------------------------
Post Optimization
-------------------------------------------------
Time for post-optimization: 1474.000000000000000s
PostOptimization constructor
p locations: 4341 1282 2433 4210 1456 3287 4018 1432 292 802 4423 1454 1001 2302 67 1214 809 3788 4011 1923 
p size: 20
objective: 1638113.178066682070494
sum (dij * xij) 
demand/capacity: 224395.000000000000000/280500
Solution is Feasible
[INFO] Running post-optimization
Time limit: 1474.000000000000000
 ------------------------------------ 

Iteration Post-Optimization: 1
Size of neighborhood: 1
Problem type: CPMP
Value of p: 20
Number of facilities: 4461
Number of customers: 4461
Weighted Objective Function: false
Capacity Model: true
Binary Model: true
Cover Model: false
[INFO] Adding Objective Function 
SUM (dij * xij)
[INFO] Adding Demand Satisfied Constraints 
[INFO] Adding p Locations Constraints 
[INFO] Adding Max Capacity Constraints 
[INFO] Adding Max Distance Constraints 
Threshold Distance: 960.221328652930879
[INFO] Adding Max Neighbors Constraints from Solution
Max Neighbors from solution: 1
[INFO] Adding MIP start solution
Gap Cplex Reports: gap_Bin_service_fnl4461_0020_p_20_EXACT_CPMP_BIN.csv
Generating reports cplex callbacks...Using BreakCallback...
Version identifier: 12.10.0.0 | 2019-11-26 | 843d4de
CPXPARAM_TimeLimit                               1474
CPXPARAM_MIP_Tolerances_LowerCutoff              664787.09303694137
1 of 2 MIP starts provided solutions.
MIP start 'm1' defined initial solution with objective 1638019.9914.
Presolve has eliminated 16063620 rows and 16068041 columns...
Presolve has improved bounds 4421 times...
Tried aggregator 2 times.
MIP Presolve eliminated 16068041 rows and 19872623 columns.
MIP Presolve modified 9 coefficients.
Aggregator did 305 substitutions.
Reduced MIP has 4217 rows, 32054 columns, and 64148 nonzeros.
Reduced MIP has 32054 binaries, 0 generals, 0 SOSs, and 0 indicators.
Presolve time = 79.73 sec. (50609.22 ticks)
Tried aggregator 1 time.
Detecting symmetries...
Reduced MIP has 4217 rows, 32054 columns, and 64148 nonzeros.
Reduced MIP has 32054 binaries, 0 generals, 0 SOSs, and 0 indicators.
Presolve time = 0.09 sec. (43.90 ticks)
Probing time = 0.02 sec. (6.20 ticks)
Clique table members: 36495.
MIP emphasis: balance optimality and feasibility.
MIP search method: dynamic search.
Parallel mode: deterministic, using up to 32 threads.
Root relaxation solution time = 0.05 sec. (41.43 ticks)

        Nodes                                         Cuts/
   Node  Left     Objective  IInf  Best Integer    Best Bound    ItCnt     Gap

*     0+    0                      1638019.9914   158972.0810            90.29%
      0     0  1578253.2216    56  1638019.9914  1578253.2216      751    3.65%
Time: 168.051331996917725 seconds
MIP Gap: 0.036487204132298
Nodes: 0
Best Objective: 1578253.221633315784857
Incumbent Obj:  1638019.991433536401019
      0     0  1597158.6915    56  1638019.9914    Cuts: 1154     2081    2.49%
*     0+    0                      1612589.9230  1597158.6915             0.96%
      0     0  1607122.3102    56  1612589.9230    Cuts: 1154     3344    0.34%
*     0+    0                      1611763.8141  1607122.3102             0.29%
Time: 174.012045860290527 seconds
MIP Gap: 0.002879766805194
Nodes: 0
Best Objective: 1607122.310167761053890
Incumbent Obj:  1611763.814097410999238
      0     0  1609308.9300    56  1611763.8141    Cuts: 1154     4788    0.15%
*     0+    0                      1611364.5629  1609308.9300             0.13%
*     0+    0                      1610570.3707  1609308.9300             0.08%
      0     0  -1.00000e+75     0  1610570.3707  1609308.9300     4788    0.08%
Time: 179.722034931182861 seconds
MIP Gap: 0.000783226033270
Nodes: 0
Best Objective: 1609308.930021322797984
Incumbent Obj:  1610570.370664040790871
      0     0  1610019.8569    56  1610570.3707     Cuts: 557     5279    0.03%
      0     0  1610053.6058    56  1610570.3707      Cuts: 96     5408    0.03%
Detecting symmetries...
      0     0  1610055.3672    56  1610570.3707      Cuts: 16     5446    0.03%
*     0+    0                      1610365.0905  1610055.3672             0.02%
*     0+    0                      1610267.5428  1610055.3672             0.01%
      0     0  -1.00000e+75     0  1610267.5428  1610055.3672     5446    0.01%
Detecting symmetries...

Repeating presolve.
Tried aggregator 3 times.
MIP Presolve eliminated 17 rows and 17376 columns.
MIP Presolve added 108 rows and 0 columns.
MIP Presolve modified 12 coefficients.
Aggregator did 1918 substitutions.
Reduced MIP has 2390 rows, 12760 columns, and 25560 nonzeros.
Reduced MIP has 12760 binaries, 0 generals, 0 SOSs, and 0 indicators.
Presolve time = 0.08 sec. (52.11 ticks)
Probing time = 0.01 sec. (3.09 ticks)
Tried aggregator 1 time.
Detecting symmetries...
Reduced MIP has 2390 rows, 12760 columns, and 25560 nonzeros.
Reduced MIP has 12760 binaries, 0 generals, 0 SOSs, and 0 indicators.
Presolve time = 0.03 sec. (16.18 ticks)
Represolve time = 27.20 sec. (10252.35 ticks)
Probing time = 0.02 sec. (3.09 ticks)
Clique table members: 17093.
MIP emphasis: balance optimality and feasibility.
MIP search method: dynamic search.
Parallel mode: deterministic, using up to 32 threads.
Root relaxation solution time = 0.71 sec. (376.10 ticks)

        Nodes                                         Cuts/
   Node  Left     Objective  IInf  Best Integer    Best Bound    ItCnt     Gap

*     0+    0                      1610267.5428  1610057.1557             0.01%
      0     0  1610055.3672  1094  1610267.5428  1610057.1557    10514    0.01%
Time: 230.389983892440796 seconds
MIP Gap: 0.000130653538502
Nodes: 0
Best Objective: 1610057.155690747778863
Incumbent Obj:  1610267.542843154631555
      0     0  1610062.2946  1094  1610267.5428      Cuts: 11    10587    0.01%
*     0+    0                      1610189.3924  1610068.0984             0.01%

Clique cuts applied:  3340
Cover cuts applied:  42
Flow cuts applied:  14
Mixed integer rounding cuts applied:  74
Gomory fractional cuts applied:  8

Root node processing (before b&c):
  Real time             =  241.46 sec. (97927.97 ticks)
Parallel b&c, 32 threads:
  Real time             =    0.00 sec. (0.00 ticks)
  Sync time (average)   =    0.00 sec.
  Wait time (average)   =    0.00 sec.
                          ------------
Total (root+branch&cut) =  241.46 sec. (97927.97 ticks)
Post-Optimization Solution: 
p locations: 4423 1242 1497 4341 1011 854 78 754 292 4009 1456 1919 4189 2302 1249 2433 3981 3759 1490 3229 
p size: 20
objective: 1610189.392402406316251
sum (dij * xij) 
demand/capacity: 224395.000000000000000/280500
Solution is Feasible
Time elapsed: 296.427788238000005s
Comparing Best Bounds: 
Old Best Bound: 1610070.051757054170594
New Best Bound: 1610070.051757054170594
 ------------------------------------ 

Iteration Post-Optimization: 2
Size of neighborhood: 1
Problem type: CPMP
Value of p: 20
Number of facilities: 4461
Number of customers: 4461
Weighted Objective Function: false
Capacity Model: true
Binary Model: true
Cover Model: false
[INFO] Adding Objective Function 
SUM (dij * xij)
[INFO] Adding Demand Satisfied Constraints 
[INFO] Adding p Locations Constraints 
[INFO] Adding Max Capacity Constraints 
[INFO] Adding Max Distance Constraints 
Threshold Distance: 958.306840213509076
[INFO] Adding Max Neighbors Constraints from Solution
Max Neighbors from solution: 1
[INFO] Adding MIP start solution
Gap Cplex Reports: gap_Bin_service_fnl4461_0020_p_20_EXACT_CPMP_BIN.csv
Generating reports cplex callbacks...Using BreakCallback...
Version identifier: 12.10.0.0 | 2019-11-26 | 843d4de
CPXPARAM_TimeLimit                               1177.5722117620001
CPXPARAM_MIP_Tolerances_LowerCutoff              1610070.0517570542
1 of 2 MIP starts provided solutions.
MIP start 'm1' defined initial solution with objective 1610175.1197.
Presolve has eliminated 16077646 rows and 16082067 columns...
Presolve has improved bounds 4421 times...
Tried aggregator 2 times.
MIP Presolve eliminated 16082154 rows and 19873277 columns.
MIP Presolve modified 9 coefficients.
Aggregator did 240 substitutions.
Reduced MIP has 4195 rows, 31465 columns, and 62968 nonzeros.
Reduced MIP has 31465 binaries, 0 generals, 0 SOSs, and 0 indicators.
Presolve time = 81.78 sec. (51195.84 ticks)
Tried aggregator 1 time.
Detecting symmetries...
Reduced MIP has 4195 rows, 31465 columns, and 62968 nonzeros.
Reduced MIP has 31465 binaries, 0 generals, 0 SOSs, and 0 indicators.
Presolve time = 0.09 sec. (43.14 ticks)
Probing time = 0.03 sec. (6.09 ticks)
Clique table members: 35408.
MIP emphasis: balance optimality and feasibility.
MIP search method: dynamic search.
Parallel mode: deterministic, using up to 32 threads.
Root relaxation solution time = 0.05 sec. (40.65 ticks)

        Nodes                                         Cuts/
   Node  Left     Objective  IInf  Best Integer    Best Bound    ItCnt     Gap

*     0+    0                      1610175.1197   172155.8017            89.31%
      0     0  1576603.1883    54  1610175.1197  1576603.1883      654    2.08%
Time: 165.242394924163818 seconds
MIP Gap: 0.020849863430281
Nodes: 0
Best Objective: 1576603.188332445686683
Incumbent Obj:  1610175.119676537578925
      0     0  1594507.2884    54  1610175.1197    Cuts: 1148     1938    0.97%
*     0+    0                      1606547.2383  1594507.2884             0.75%
      0     0  1604231.9324    54  1606547.2383    Cuts: 1148     3275    0.14%
Time: 170.376438856124878 seconds
MIP Gap: 0.001441168877770
Nodes: 0
Best Objective: 1604231.932426531566307
Incumbent Obj:  1606547.238307047169656
      0     0  1606075.9725    54  1606547.2383    Cuts: 1148     4572    0.03%
*     0+    0                      1606451.5018  1606075.9725             0.02%
*     0+    0                      1606428.3832  1606075.9725             0.02%
      0     0  -1.00000e+75     0  1606428.3832  1606075.9725     4572    0.02%
*     0+    0                      1606394.7786  1606075.9725             0.02%
Detecting symmetries...

Repeating presolve.
Tried aggregator 3 times.
MIP Presolve eliminated 111 rows and 17593 columns.
MIP Presolve added 106 rows and 0 columns.
MIP Presolve modified 12 coefficients.
Aggregator did 1846 substitutions.
Reduced MIP has 2344 rows, 12026 columns, and 24088 nonzeros.
Reduced MIP has 12026 binaries, 0 generals, 0 SOSs, and 0 indicators.
Presolve time = 0.06 sec. (41.02 ticks)
Probing time = 0.02 sec. (2.98 ticks)
Tried aggregator 1 time.
Detecting symmetries...
Reduced MIP has 2344 rows, 12026 columns, and 24088 nonzeros.
Reduced MIP has 12026 binaries, 0 generals, 0 SOSs, and 0 indicators.
Presolve time = 0.03 sec. (15.26 ticks)
Represolve time = 25.19 sec. (9499.82 ticks)
Probing time = 0.01 sec. (2.98 ticks)
Clique table members: 15615.
MIP emphasis: balance optimality and feasibility.
MIP search method: dynamic search.
Parallel mode: deterministic, using up to 32 threads.
Root relaxation solution time = 0.43 sec. (314.51 ticks)

        Nodes                                         Cuts/
   Node  Left     Objective  IInf  Best Integer    Best Bound    ItCnt     Gap

*     0+    0                      1606394.7786  1606180.7651             0.01%
      0     0  1606092.0144  1707  1606394.7786  1606180.7651     8948    0.01%
Time: 217.840739965438843 seconds
MIP Gap: 0.000133225943066
Nodes: 0
Best Objective: 1606180.765149160288274
Incumbent Obj:  1606394.778608476743102
      0     0  1606180.1457  1707  1606394.7786      Cuts: 54     9264    0.01%
*     0+    0                      1606309.3015  1606184.6133             0.01%

Clique cuts applied:  2770
Cover cuts applied:  28
Flow cuts applied:  6
Mixed integer rounding cuts applied:  62
Zero-half cuts applied:  4
Multi commodity flow cuts applied:  2
Gomory fractional cuts applied:  9

Root node processing (before b&c):
  Real time             =  227.99 sec. (95685.60 ticks)
Parallel b&c, 32 threads:
  Real time             =    0.00 sec. (0.00 ticks)
  Sync time (average)   =    0.00 sec.
  Wait time (average)   =    0.00 sec.
                          ------------
Total (root+branch&cut) =  227.99 sec. (95685.60 ticks)
Post-Optimization Solution: 
p locations: 4423 1242 4341 1011 882 1919 1497 91 754 292 4009 1456 4189 2302 1249 2433 3981 3759 1490 3229 
p size: 20
objective: 1606309.301450813421980
sum (dij * xij) 
demand/capacity: 224395.000000000000000/280500
Solution is Feasible
Time elapsed: 281.494303322000007s
Comparing Best Bounds: 
Old Best Bound: 1606189.040766789577901
New Best Bound: 1606189.040766789577901
 ------------------------------------ 

Iteration Post-Optimization: 3
Size of neighborhood: 1
Problem type: CPMP
Value of p: 20
Number of facilities: 4461
Number of customers: 4461
Weighted Objective Function: false
Capacity Model: true
Binary Model: true
Cover Model: false
[INFO] Adding Objective Function 
SUM (dij * xij)
[INFO] Adding Demand Satisfied Constraints 
[INFO] Adding p Locations Constraints 
[INFO] Adding Max Capacity Constraints 
[INFO] Adding Max Distance Constraints 
Threshold Distance: 957.777635988646352
[INFO] Adding Max Neighbors Constraints from Solution
Max Neighbors from solution: 1
[INFO] Adding MIP start solution
Gap Cplex Reports: gap_Bin_service_fnl4461_0020_p_20_EXACT_CPMP_BIN.csv
Generating reports cplex callbacks...Using BreakCallback...
Version identifier: 12.10.0.0 | 2019-11-26 | 843d4de
CPXPARAM_TimeLimit                               896.0779084400001
CPXPARAM_MIP_Tolerances_LowerCutoff              1606189.0407667896
1 of 2 MIP starts provided solutions.
MIP start 'm1' defined initial solution with objective 1606351.5498.
Presolve has eliminated 16082028 rows and 16086449 columns...
Presolve has improved bounds 4421 times...
Tried aggregator 2 times.
MIP Presolve eliminated 16086537 rows and 19873311 columns.
MIP Presolve modified 9 coefficients.
Aggregator did 240 substitutions.
Reduced MIP has 4194 rows, 31431 columns, and 62900 nonzeros.
Reduced MIP has 31431 binaries, 0 generals, 0 SOSs, and 0 indicators.
Presolve time = 80.54 sec. (51118.57 ticks)
Tried aggregator 1 time.
Detecting symmetries...
Reduced MIP has 4194 rows, 31431 columns, and 62900 nonzeros.
Reduced MIP has 31431 binaries, 0 generals, 0 SOSs, and 0 indicators.
Presolve time = 0.09 sec. (43.10 ticks)
Probing time = 0.02 sec. (6.09 ticks)
Clique table members: 35374.
MIP emphasis: balance optimality and feasibility.
MIP search method: dynamic search.
Parallel mode: deterministic, using up to 32 threads.
Root relaxation solution time = 0.05 sec. (41.51 ticks)

        Nodes                                         Cuts/
   Node  Left     Objective  IInf  Best Integer    Best Bound    ItCnt     Gap

*     0+    0                      1606351.5498   172609.3356            89.25%
      0     0  1576618.3740    54  1606351.5498  1576618.3740      673    1.85%
Time: 155.529075145721436 seconds
MIP Gap: 0.018509756350153
Nodes: 0
Best Objective: 1576618.374008811311796
Incumbent Obj:  1606351.549808456795290
      0     0  1594703.8657    54  1606351.5498    Cuts: 1148     1947    0.73%
*     0+    0                      1606348.2304  1594703.8657             0.72%
      0     0  1603946.6052    54  1606348.2304    Cuts: 1148     3254    0.15%
*     0+    0                      1606313.9541  1603946.6052             0.15%
Time: 160.958740949630737 seconds
MIP Gap: 0.001473777189748
Nodes: 0
Best Objective: 1603946.605226942803711
Incumbent Obj:  1606313.954092058120295
      0     0  1606107.3449    54  1606313.9541    Cuts: 1148     4543    0.01%
*     0+    0                      1606305.9508  1606107.3449             0.01%
      0     0  -1.00000e+75     0  1606305.9508  1606107.3449     4543    0.01%

Clique cuts applied:  3020
Cover cuts applied:  17
Mixed integer rounding cuts applied:  54
Zero-half cuts applied:  3
Lift and project cuts applied:  1
Gomory fractional cuts applied:  10

Root node processing (before b&c):
  Real time             =  182.66 sec. (79053.24 ticks)
Parallel b&c, 32 threads:
  Real time             =    0.00 sec. (0.00 ticks)
  Sync time (average)   =    0.00 sec.
  Wait time (average)   =    0.00 sec.
                          ------------
Total (root+branch&cut) =  182.66 sec. (79053.24 ticks)
Post-Optimization Solution: 
p locations: 4423 1242 4341 1011 882 1919 1497 91 754 292 4009 1456 4189 2302 1249 2433 3981 3759 1490 3229 
p size: 20
objective: 1606305.950830648420379
sum (dij * xij) 
demand/capacity: 224395.000000000000000/280500
Solution is Feasible
Time elapsed: 236.145321644000006s
Comparing Best Bounds: 
Old Best Bound: 1606192.138096236158162
New Best Bound: 1606192.138096236158162
 ------------------------------------ 

Iteration Post-Optimization: 4
Size of neighborhood: 1
Problem type: CPMP
Value of p: 20
Number of facilities: 4461
Number of customers: 4461
Weighted Objective Function: false
Capacity Model: true
Binary Model: true
Cover Model: false
[INFO] Adding Objective Function 
SUM (dij * xij)
[INFO] Adding Demand Satisfied Constraints 
[INFO] Adding p Locations Constraints 
[INFO] Adding Max Capacity Constraints 
[INFO] Adding Max Distance Constraints 
Threshold Distance: 957.777635988646352
[INFO] Adding Max Neighbors Constraints from Solution
Max Neighbors from solution: 1
[INFO] Adding MIP start solution
Gap Cplex Reports: gap_Bin_service_fnl4461_0020_p_20_EXACT_CPMP_BIN.csv
Generating reports cplex callbacks...Using BreakCallback...
Version identifier: 12.10.0.0 | 2019-11-26 | 843d4de
CPXPARAM_TimeLimit                               659.93258679600012
CPXPARAM_MIP_Tolerances_LowerCutoff              1606192.1380962362
1 of 2 MIP starts provided solutions.
MIP start 'm1' defined initial solution with objective 1606351.5498.
Presolve has eliminated 16082028 rows and 16086449 columns...
Presolve has improved bounds 4421 times...
Tried aggregator 2 times.
MIP Presolve eliminated 16086537 rows and 19873311 columns.
MIP Presolve modified 9 coefficients.
Aggregator did 240 substitutions.
Reduced MIP has 4194 rows, 31431 columns, and 62900 nonzeros.
Reduced MIP has 31431 binaries, 0 generals, 0 SOSs, and 0 indicators.
Presolve time = 80.46 sec. (51118.57 ticks)
Tried aggregator 1 time.
Detecting symmetries...
Reduced MIP has 4194 rows, 31431 columns, and 62900 nonzeros.
Reduced MIP has 31431 binaries, 0 generals, 0 SOSs, and 0 indicators.
Presolve time = 0.09 sec. (43.10 ticks)
Probing time = 0.02 sec. (6.09 ticks)
Clique table members: 35374.
MIP emphasis: balance optimality and feasibility.
MIP search method: dynamic search.
Parallel mode: deterministic, using up to 32 threads.
Root relaxation solution time = 0.05 sec. (41.51 ticks)

        Nodes                                         Cuts/
   Node  Left     Objective  IInf  Best Integer    Best Bound    ItCnt     Gap

*     0+    0                      1606351.5498   172609.3356            89.25%
      0     0  1576618.3740    54  1606351.5498  1576618.3740      673    1.85%
Time: 154.958951950073242 seconds
MIP Gap: 0.018509756350153
Nodes: 0
Best Objective: 1576618.374008811311796
Incumbent Obj:  1606351.549808456795290
      0     0  1594703.8657    54  1606351.5498    Cuts: 1148     1947    0.73%
*     0+    0                      1606348.2304  1594703.8657             0.72%
      0     0  1603946.6052    54  1606348.2304    Cuts: 1148     3254    0.15%
*     0+    0                      1606313.9541  1603946.6052             0.15%
Time: 160.383221149444580 seconds
MIP Gap: 0.001473777189748
Nodes: 0
Best Objective: 1603946.605226942803711
Incumbent Obj:  1606313.954092058120295
      0     0  1606107.3449    54  1606313.9541    Cuts: 1148     4543    0.01%
*     0+    0                      1606305.9508  1606107.3449             0.01%
      0     0  -1.00000e+75     0  1606305.9508  1606107.3449     4543    0.01%

Clique cuts applied:  3020
Cover cuts applied:  17
Mixed integer rounding cuts applied:  54
Zero-half cuts applied:  3
Lift and project cuts applied:  1
Gomory fractional cuts applied:  10

Root node processing (before b&c):
  Real time             =  181.55 sec. (79053.24 ticks)
Parallel b&c, 32 threads:
  Real time             =    0.00 sec. (0.00 ticks)
  Sync time (average)   =    0.00 sec.
  Wait time (average)   =    0.00 sec.
                          ------------
Total (root+branch&cut) =  181.55 sec. (79053.24 ticks)
Post-Optimization Solution: 
p locations: 4423 1242 4341 1011 882 1919 1497 91 754 292 4009 1456 4189 2302 1249 2433 3981 3759 1490 3229 
p size: 20
objective: 1606305.950830648420379
sum (dij * xij) 
demand/capacity: 224395.000000000000000/280500
Solution is Feasible
Time elapsed: 234.105364181999988s
 ------------------------------------ 

Iteration Post-Optimization: 5
Size of neighborhood: 2
Problem type: CPMP
Value of p: 20
Number of facilities: 4461
Number of customers: 4461
Weighted Objective Function: false
Capacity Model: true
Binary Model: true
Cover Model: false
[INFO] Adding Objective Function 
SUM (dij * xij)
[INFO] Adding Demand Satisfied Constraints 
[INFO] Adding p Locations Constraints 
[INFO] Adding Max Capacity Constraints 
[INFO] Adding Max Distance Constraints 
Threshold Distance: 957.777635988646352
[INFO] Adding Max Neighbors Constraints from Solution
Max Neighbors from solution: 2
[INFO] Adding MIP start solution
Gap Cplex Reports: gap_Bin_service_fnl4461_0020_p_20_EXACT_CPMP_BIN.csv
Generating reports cplex callbacks...Using BreakCallback...
Version identifier: 12.10.0.0 | 2019-11-26 | 843d4de
CPXPARAM_TimeLimit                               425.82722261400011
CPXPARAM_MIP_Tolerances_LowerCutoff              1606192.1380962362
1 of 2 MIP starts provided solutions.
MIP start 'm1' defined initial solution with objective 1606351.5498.
Presolve has eliminated 16082028 rows and 16082028 columns...
Tried aggregator 1 time.
Presolve has eliminated 16082028 rows and 16082028 columns...
MIP Presolve eliminated 16082028 rows and 16082028 columns.
MIP Presolve modified 9 coefficients.
Reduced MIP has 8943 rows, 3822954 columns, and 7645968 nonzeros.
Reduced MIP has 3822954 binaries, 0 generals, 0 SOSs, and 0 indicators.
Presolve time = 139.79 sec. (66087.30 ticks)
Presolve has eliminated 0 rows and 0 columns...
Tried aggregator 1 time.
Detecting symmetries...
Reduced MIP has 8943 rows, 3822954 columns, and 7645968 nonzeros.
Reduced MIP has 3822954 binaries, 0 generals, 0 SOSs, and 0 indicators.
Presolve time = 66.93 sec. (42071.53 ticks)
Probing time = 9.19 sec. (881.54 ticks)
Clique table members: 3822954.
MIP emphasis: balance optimality and feasibility.
MIP search method: dynamic search.
Parallel mode: deterministic, using up to 32 threads.
Root relaxation solution time = 49.76 sec. (21442.58 ticks)

        Nodes                                         Cuts/
   Node  Left     Objective  IInf  Best Integer    Best Bound    ItCnt     Gap

*     0+    0                      1606351.5498        0.0000           100.00%
      0     0  1508785.6762    74  1606351.5498  1508785.6762    31227    6.07%
Time: 362.689668893814087 seconds
MIP Gap: 0.060737560012418
Nodes: 0
Best Objective: 1508785.676150925923139
Incumbent Obj:  1606351.549808457028121

Clique cuts applied:  2243
Cover cuts applied:  42
Mixed integer rounding cuts applied:  50

Root node processing (before b&c):
  Real time             =  431.51 sec. (200063.18 ticks)
Parallel b&c, 32 threads:
  Real time             =    0.00 sec. (0.00 ticks)
  Sync time (average)   =    0.00 sec.
  Wait time (average)   =    0.00 sec.
                          ------------
Total (root+branch&cut) =  431.51 sec. (200063.18 ticks)
Post-Optimization Solution: 
p locations: 4423 1242 4341 1011 882 1919 1497 91 754 292 4009 1456 4189 2302 1249 2433 3981 3759 1490 3229 
p size: 20
objective: 1606351.549808454234153
sum (dij * xij) 
demand/capacity: 224395.000000000000000/280500
Solution is Feasible
Time elapsed: 484.532017954000025s



Finishing post-optimization
p locations: 4423 1242 4341 1011 882 1919 1497 91 754 292 4009 1456 4189 2302 1249 2433 3981 3759 1490 3229 
p size: 20
objective: 1606305.950830648420379
sum (dij * xij) 
demand/capacity: 224395.000000000000000/280500
Solution is Feasible
Post Optimization Time elapsed: 1532.709949318000099s
Solution Stats
Max dist: 957.777635988646352
Min dist: 0.000000000000000
avg of Avg dists: 360.077550062911541
avg Std dev dist: 190.028116215926588



[INFO] Saving assignment: ./outputs/solutions/2024-07-16_LIT/Assignments/test_lit_fnl4461_0020_p_20_RSSV_EXACT_CPMP_BIN_POSTOPT.txt
[INFO] Saving results: ./outputs/solutions/2024-07-16_LIT/test_lit_fnl4461_0020_results_RSSV_EXACT_CPMP_BIN_POSTOPT.csv
[INFO] Saving all results: ./outputs/solutions/test_all_results.csv
Final total elapsed time: 3359s

Elapsed time: 3659568 ms

RSSV finished.
