Instance: fnl4461_0020.txt
p: 20
N: 4461
Instance: fnl4461_0100.txt
p: 100
N: 4461
Instance: fnl4461_0250.txt
p: 250
N: 4461
Instance: fnl4461_0500.txt
p: 500
N: 4461
Instance: fnl4461_1000.txt
p: 1000
N: 4461
Debug: configOverride contents: p distance_matrix weights threads cust_max_id loc_max_id IsWeighted_ObjFunc seed time_cplex time_subprob_rssv max_ite_subprob_rssv output capacities coverages service subarea method method_rssv_sp method_rssv_fp size_subproblems_rssv bw_multiplier add_threshold_distance_rssv time cover_mode 
Loading instance...
Scanning input data...
Distance matrix dimensions: 4462 x 4462 = 19909444
Elapsed time: 0 ms

Loading weights...
Skipped line: customer weight coord_x coord_y
Loaded 4461 weights
Loaded 4461 coordinates
Total customer demand: 224395
Elapsed time: 47 ms

Loading capacities...
Skipped line: location capacity coord_x coord_y
Loaded 4461 capacities
Loaded 4461 coordinates
Elapsed time: 15 ms

Loading distance matrix...
Computing euclidian distances...
bw multiplier: 0.5
Loaded 19904982 distances
dists stdev: 954.334
bandwidth h: 17.5334
locations: 4461
customers: 4461
p: 100
Elapsed time: 572 ms

[INFO] Instance loaded
loc_max_id: 4461
loc_cnt: 4461
service: fnl4461_0100
cust_max_id: 4461
cust_cnt: 4461
unweighted obj function
p: 100
total_demand: 224395


-------------------------------------------------
RSSV heuristic 
-------------------------------------------------
RSSV running...
cPMP size (N): 4461
sub-cPMP size (n): 1784
Subproblems cnt (M): 12
p: 100

Method to solve the Subproblems: TB_PMP
Seed: 0

Time limit for subproblems: 300

thread cnt: 20

Thread 1 created with seed 1
Thread 2 created with seed 2
Thread 3 created with seed 3
Solving sub-PMP 1/12...
Solving sub-PMP 2/12...Thread 4
 created with seed 4
Solving sub-PMP 3/12...
Thread 5 created with seed 5
Solving sub-PMP 4/12...
Thread 6 created with seed 6
Solving sub-PMP 5/12...
Thread 7 created with seed 7
Solving sub-PMP 6/12...
Thread 8 created with seed 8
Solving sub-PMP 7/12...
uncapacitated TB started
uncapacitated TB started
uncapacitated TB started
uncapacitated TB started
Thread 9 created with seed 9
Thread 10 created with seed 10
uncapacitated TB started
uncapacitated TB started
Solving sub-PMP 8/12...
Solving sub-PMP 9/12...
Thread 11 created with seed 11
Solving sub-PMP 10/12...
uncapacitated TB started
uncapacitated TB started
Thread 12 created with seed 12
Solving sub-PMP 11/12...
uncapacitated TB started
uncapacitated TB started
uncapacitated TB started
[INFO] Uncapacitated TB local search started
Solving sub-PMP 12/12...
uncapacitated TB started
[INFO] Uncapacitated TB local search started
[INFO] Uncapacitated TB local search started
[INFO] Uncapacitated TB local search started
[INFO] Uncapacitated TB local search started
[INFO] Uncapacitated TB local search started
[INFO] Uncapacitated TB local search started
[INFO] Uncapacitated TB local search started
[INFO] Uncapacitated TB local search started
[INFO] Uncapacitated TB local search started
[INFO] Uncapacitated TB local search started
[INFO] Uncapacitated TB local search started

[INFO] Time limit reached. Stopping the algorithm.
TB elapsed time: 300.004 seconds
Num ite total uncapacited TB: 45
tb solution is feasible

[INFO] Time limit reached. Stopping the algorithm.
TB elapsed time: 300.003 seconds
Num ite total uncapacited TB: 40
tb solution is feasible

[INFO] Time limit reached. Stopping the algorithm.
TB elapsed time: 300 seconds
Num ite total uncapacited TB: 51
tb solution is feasible

[INFO] Time limit reached. Stopping the algorithm.
TB elapsed time: 300.004 seconds
Num ite total uncapacited TB: 38
tb solution is feasible

[INFO] Time limit reached. Stopping the algorithm.
TB elapsed time: 300.005 seconds
Num ite total uncapacited TB: 44
tb solution is feasible

[INFO] Time limit reached. Stopping the algorithm.
TB elapsed time: 300.005 seconds
Num ite total uncapacited TB: 38
tb solution is feasible

[INFO] Time limit reached. Stopping the algorithm.
TB elapsed time: 300 seconds
Num ite total uncapacited TB: 44
tb solution is feasible

[INFO] Time limit reached. Stopping the algorithm.
TB elapsed time: 300.002 seconds
Num ite total uncapacited TB: 42
tb solution is feasible

[INFO] Time limit reached. Stopping the algorithm.
TB elapsed time: 300.013 seconds
Num ite total uncapacited TB: 40
tb solution is feasible

[INFO] Time limit reached. Stopping the algorithm.
TB elapsed time: 300.011 seconds
Num ite total uncapacited TB: 43
tb solution is feasible

[INFO] Time limit reached. Stopping the algorithm.
TB elapsed time: 300.001 seconds
Num ite total uncapacited TB: 56
tb solution is feasible

[INFO] Time limit reached. Stopping the algorithm.
TB elapsed time: 300.005 seconds
Num ite total uncapacited TB: 49
tb solution is feasible
[INFO] All subproblems solved.

Elapsed time: 300321 ms


Stats: 
Max dist: 721.997
Min dist: 0
avg of Avg dists: 148.402
avg Std dev dist: 79.4758

First 1784 voting weights (sorted): 3038(5.00) 788(4.00) 2181(4.00) 2034(3.39) 563(3.17) 2414(3.03) 1055(3.00) 3815(3.00) 4148(3.00) 2878(3.00) 520(3.00) 4282(3.00) 3574(3.00) 1923(3.00) 2446(3.00) 1731(3.00) 716(3.00) 3578(3.00) 2588(3.00) 872(3.00) 3114(3.00) 3275(3.00) 2709(2.49) 565(2.29) 1153(2.25) 330(2.18) 4410(2.16) 1502(2.12) 1309(2.09) 985(2.07) 1158(2.07) 3508(2.07) 3554(2.07) 1137(2.07) 1433(2.05) 1793(2.05) 1914(2.04) 4269(2.04) 1045(2.04) 2395(2.03) 1496(2.03) 3623(2.03) 3846(2.03) 2404(2.03) 4356(2.03) 2131(2.00) 2047(2.00) 1763(2.00) 3713(2.00) 2040(2.00) 1770(2.00) 757(2.00) 3078(2.00) 2127(2.00) 3735(2.00) 414(2.00) 4194(2.00) 3088(2.00) 702(2.00) 3707(2.00) 705(2.00) 387(2.00) 3766(2.00) 2121(2.00) 2140(2.00) 4258(2.00) 1820(2.00) 4273(2.00) 1079(2.00) 3235(2.00) 1836(2.00) 1929(2.00) 2136(2.00) 1921(2.00) 2998(2.00) 3580(2.00) 1909(2.00) 1116(2.00) 2986(2.00) 857(2.00) 3285(2.00) 3576(2.00) 3062(2.00) 3706(2.00) 458(2.00) 2841(2.00) 2011(2.00) 787(2.00) 1058(2.00) 3547(2.00) 2890(2.00) 3552(2.00) 798(2.00) 3213(2.00) 3034(2.00) 4250(2.00) 815(2.00) 3028(2.00) 1136(2.00) 3551(2.00) 103(2.00) 3384(2.00) 2632(2.00) 264(2.00) 2638(2.00) 1656(2.00) 2975(2.00) 166(2.00) 1371(2.00) 3864(2.00) 2279(2.00) 3862(2.00) 2664(2.00) 2676(2.00) 285(2.00) 1385(2.00) 4102(2.00) 1298(2.00) 75(2.00) 70(2.00) 1012(2.00) 1001(2.00) 1014(2.00) 1019(2.00) 3992(2.00) 3934(2.00) 66(2.00) 2523(2.00) 2536(2.00) 50(2.00) 2410(2.00) 3390(2.00) 3943(2.00) 2576(2.00) 2468(2.00) 1043(2.00) 3118(2.00) 1711(2.00) 1416(2.00) 4169(2.00) 4406(2.00) 356(2.00) 3111(2.00) 3498(2.00) 3488(2.00) 2193(2.00) 1657(2.00) 3121(2.00) 349(2.00) 2687(1.97) 1444(1.72) 1419(1.72) 3891(1.72) 3908(1.72) 1534(1.67) 2010(1.63) 1519(1.61) 2056(1.55) 597(1.52) 3709(1.44) 1798(1.39) 128(1.37) 1169(1.37) 355(1.37) 1835(1.27) 1801(1.27) 3388(1.26) 111(1.25) 3816(1.23) 1008(1.23) 1455(1.22) 1436(1.22) 3404(1.22) 118(1.22) 1831(1.21) 4279(1.21) 4260(1.21) 816(1.21) 794(1.21) 2822(1.20) 3803(1.20) 2471(1.20) 2493(1.20) 2793(1.20) 4242(1.18) 46(1.18) 40(1.18) 1107(1.18) 3346(1.18) 3065(1.18) 1080(1.18) 1764(1.18) 1129(1.18) 1845(1.18) 422(1.18) 3107(1.18) 437(1.18) 3415(1.18) 972(1.18) 1812(1.18) 1111(1.18) 4237(1.18) 1878(1.17) 1864(1.17) 4402(1.15) 1196(1.15) 953(1.15) 2697(1.11) 1373(1.11) 1437(1.11) 1936(1.11) 1842(1.11) 2372(1.10) 2356(1.10) 4422(1.09) 1954(1.09) 4411(1.09) 1042(1.09) 4291(1.09) 1998(1.09) 3230(1.08) 3227(1.07) 2315(1.07) 829(1.07) 3260(1.07) 2295(1.07) 2281(1.07) 791(1.07) 2666(1.07) 2257(1.07) 4188(1.07) 4163(1.07) 1747(1.07) 1713(1.07) 3419(1.07) 1808(1.07) 3449(1.07) 1779(1.07) 1334(1.07) 2441(1.07) 1541(1.07) 3636(1.07) 4346(1.07) 3829(1.07) 2759(1.06) 1390(1.06) 1350(1.06) 1538(1.06) 2785(1.06) 1505(1.06) 81(1.06) 94(1.06) 540(1.06) 504(1.06) 3054(1.05) 667(1.05) 2903(1.05) 2901(1.05) 3001(1.05) 1632(1.05) 1635(1.05) 1938(1.05) 713(1.05) 2167(1.05) 2164(1.05) 1322(1.04) 1274(1.04) 1052(1.04) 1326(1.04) 1324(1.04) 2821(1.04) 2837(1.04) 3416(1.04) 3407(1.04) 907(1.04) 855(1.04) 3185(1.04) 1520(1.04) 1470(1.04) 1503(1.04) 313(1.04) 278(1.04) 2255(1.04) 3218(1.04) 95(1.04) 1484(1.04) 3365(1.04) 2198(1.04) 1473(1.04) 3821(1.04) 1461(1.04) 1411(1.03) 4070(1.03) 505(1.03) 2491(1.03) 4261(1.03) 3668(1.03) 4240(1.03) 523(1.03) 2561(1.03) 1368(1.03) 2430(1.03) 2055(1.03) 3615(1.03) 2515(1.03) 4035(1.03) 2342(1.03) 1268(1.03) 2754(1.03) 1314(1.03) 644(1.03) 622(1.03) 1545(1.00) 3379(1.00) 2271(1.00) 3380(1.00) 2299(1.00) 2293(1.00) 3873(1.00) 1552(1.00) 1374(1.00) 1356(1.00) 1367(1.00) 2283(1.00) 2269(1.00) 3459(1.00) 3465(1.00) 3859(1.00) 1548(1.00) 119(1.00) 3467(1.00) 1661(1.00) 3860(1.00) 3383(1.00) 1665(1.00) 1662(1.00) 2276(1.00) 1663(1.00) 107(1.00) 1685(1.00) 3820(1.00) 2219(1.00) 1395(1.00) 2215(1.00) 1686(1.00) 2213(1.00) 1687(1.00) 3481(1.00) 344(1.00) 2210(1.00) 2254(1.00) 1524(1.00) 2205(1.00) 3809(1.00) 3808(1.00) 2202(1.00) 1400(1.00) 1522(1.00) 2199(1.00) 1696(1.00) 3487(1.00) 1701(1.00) 1396(1.00) 3856(1.00) 3855(1.00) 138(1.00) 139(1.00) 1376(1.00) 2259(1.00) 1671(1.00) 1377(1.00) 3472(1.00) 3475(1.00) 147(1.00) 1531(1.00) 3841(1.00) 154(1.00) 1677(1.00) 1679(1.00) 156(1.00) 1683(1.00) 3835(1.00) 2236(1.00) 3833(1.00) 3831(1.00) 2231(1.00) 1389(1.00) 150(1.00) 3982(1.00) 57(1.00) 3979(1.00) 56(1.00) 1308(1.00) 3976(1.00) 1615(1.00) 2444(1.00) 2443(1.00) 2442(1.00) 3433(1.00) 3972(1.00) 2339(1.00) 47(1.00) 1571(1.00) 43(1.00) 2425(1.00) 3963(1.00) 1313(1.00) 2421(1.00) 3440(1.00) 39(1.00) 38(1.00) 3955(1.00) 3397(1.00) 3436(1.00) 2497(1.00) 4011(1.00) 3420(1.00) 4009(1.00) 4006(1.00) 1301(1.00) 3421(1.00) 4003(1.00) 1302(1.00) 4000(1.00) 72(1.00) 3997(1.00) 2458(1.00) 71(1.00) 1594(1.00) 1591(1.00) 3413(1.00) 1586(1.00) 3990(1.00) 1582(1.00) 2465(1.00) 2462(1.00) 63(1.00) 61(1.00) 2459(1.00) 2475(1.00) 2352(1.00) 3915(1.00) 3913(1.00) 2347(1.00) 1556(1.00) 2341(1.00) 2340(1.00) 2191(1.00) 3907(1.00) 2336(1.00) 1349(1.00) 1352(1.00) 3953(1.00) 2327(1.00) 100(1.00) 3896(1.00) 102(1.00) 3452(1.00) 3893(1.00) 3454(1.00) 1644(1.00) 3889(1.00) 3888(1.00) 106(1.00) 2309(1.00) 98(1.00) 1315(1.00) 1316(1.00) 1565(1.00) 1596(1.00) 13(1.00) 2398(1.00) 1559(1.00) 2392(1.00) 2(1.00) 2389(1.00) 4(1.00) 3448(1.00) 3916(1.00) 3931(1.00) 2376(1.00) 3930(1.00) 1327(1.00) 2370(1.00) 1636(1.00) 3927(1.00) 1330(1.00) 2366(1.00) 2362(1.00) 3922(1.00) 3450(1.00) 2383(1.00) 3558(1.00) 3313(1.00) 1972(1.00) 3216(1.00) 511(1.00) 1815(1.00) 1967(1.00) 514(1.00) 3656(1.00) 1816(1.00) 1959(1.00) 3220(1.00) 2161(1.00) 518(1.00) 3221(1.00) 1819(1.00) 1821(1.00) 3224(1.00) 3650(1.00) 1822(1.00) 527(1.00) 3563(1.00) 529(1.00) 1947(1.00) 3228(1.00) 3564(1.00) 3312(1.00) 472(1.00) 2008(1.00) 3687(1.00) 473(1.00) 474(1.00) 1786(1.00) 477(1.00) 3541(1.00) 479(1.00) 3325(1.00) 3321(1.00) 485(1.00) 651(1.00) 1800(1.00) 497(1.00) 3675(1.00) 1987(1.00) 3210(1.00) 655(1.00) 3673(1.00) 3211(1.00) 3555(1.00) 3317(1.00) 1981(1.00) 3666(1.00) 3215(1.00) 3549(1.00) 3625(1.00) 564(1.00) 1905(1.00) 1904(1.00) 624(1.00) 1854(1.00) 3620(1.00) 569(1.00) 619(1.00) 3617(1.00) 3265(1.00) 1857(1.00) 3229(1.00) 3270(1.00) 3273(1.00) 3609(1.00) 1885(1.00) 3608(1.00) 618(1.00) 1881(1.00) 3604(1.00) 617(1.00) 616(1.00) 3292(1.00) 611(1.00) 604(1.00) 578(1.00) 1943(1.00) 1942(1.00) 3311(1.00) 533(1.00) 643(1.00) 3569(1.00) 642(1.00) 3232(1.00) 641(1.00) 3234(1.00) 1933(1.00) 538(1.00) 3584(1.00) 639(1.00) 1925(1.00) 545(1.00) 1839(1.00) 635(1.00) 1920(1.00) 3246(1.00) 3247(1.00) 3305(1.00) 3629(1.00) 3628(1.00) 627(1.00) 3583(1.00) 1834(1.00) 2145(1.00) 378(1.00) 3782(1.00) 379(1.00) 1722(1.00) 2137(1.00) 1725(1.00) 3778(1.00) 1506(1.00) 1425(1.00) 3774(1.00) 1427(1.00) 1785(1.00) 1729(1.00) 3770(1.00) 1500(1.00) 2118(1.00) 390(1.00) 3507(1.00) 391(1.00) 2112(1.00) 394(1.00) 2109(1.00) 3509(1.00) 2108(1.00) 1494(1.00) 3772(1.00) 1702(1.00) 359(1.00) 3798(1.00) 1406(1.00) 364(1.00) 2183(1.00) 1705(1.00) 2180(1.00) 2177(1.00) 2171(1.00) 2170(1.00) 1707(1.00) 2146(1.00) 3788(1.00) 2163(1.00) 2162(1.00) 3361(1.00) 2159(1.00) 2155(1.00) 2154(1.00) 3495(1.00) 2153(1.00) 3496(1.00) 2151(1.00) 2148(1.00) 2147(1.00) 369(1.00) 3715(1.00) 684(1.00) 3337(1.00) 450(1.00) 2042(1.00) 681(1.00) 3531(1.00) 1463(1.00) 680(1.00) 453(1.00) 676(1.00) 3331(1.00) 404(1.00) 668(1.00) 1467(1.00) 3701(1.00) 460(1.00) 3699(1.00) 2025(1.00) 1468(1.00) 1471(1.00) 1780(1.00) 2018(1.00) 1475(1.00) 3692(1.00) 666(1.00) 3535(1.00) 406(1.00) 1739(1.00) 1745(1.00) 1439(1.00) 2096(1.00) 413(1.00) 2094(1.00) 2093(1.00) 701(1.00) 1442(1.00) 696(1.00) 420(1.00) 3743(1.00) 448(1.00) 1753(1.00) 3738(1.00) 2079(1.00) 3737(1.00) 3344(1.00) 3728(1.00) 431(1.00) 690(1.00) 1759(1.00) 3339(1.00) 440(1.00) 686(1.00) 1456(1.00) 3741(1.00) 962(1.00) 1186(1.00) 2795(1.00) 2794(1.00) 737(1.00) 4195(1.00) 2790(1.00) 736(1.00) 3142(1.00) 2784(1.00) 2783(1.00) 2781(1.00) 4190(1.00) 2653(1.00) 2774(1.00) 2773(1.00) 4420(1.00) 726(1.00) 1195(1.00) 3081(1.00) 2763(1.00) 2762(1.00) 2761(1.00) 4178(1.00) 2757(1.00) 2756(1.00) 722(1.00) 732(1.00) 955(1.00) 2839(1.00) 780(1.00) 1160(1.00) 2834(1.00) 777(1.00) 4218(1.00) 4408(1.00) 765(1.00) 764(1.00) 2823(1.00) 2819(1.00) 3127(1.00) 4199(1.00) 1175(1.00) 2403(1.00) 2813(1.00) 4209(1.00) 2810(1.00) 2807(1.00) 2806(1.00) 4414(1.00) 1181(1.00) 2802(1.00) 4202(1.00) 748(1.00) 745(1.00) 4409(1.00) 2707(1.00) 4139(1.00) 967(1.00) 4138(1.00) 2700(1.00) 308(1.00) 4431(1.00) 1230(1.00) 4132(1.00) 3164(1.00) 4433(1.00) 4130(1.00) 2689(1.00) 3150(1.00) 291(1.00) 1233(1.00) 2671(1.00) 3173(1.00) 2667(1.00) 4115(1.00) 1030(1.00) 1242(1.00) 2661(1.00) 4112(1.00) 2657(1.00) 1243(1.00) 4109(1.00) 971(1.00) 3151(1.00) 4174(1.00) 2750(1.00) 720(1.00) 4172(1.00) 2743(1.00) 2741(1.00) 717(1.00) 3153(1.00) 715(1.00) 4162(1.00) 1204(1.00) 1205(1.00) 1217(1.00) 4155(1.00) 327(1.00) 3155(1.00) 2725(1.00) 2723(1.00) 1036(1.00) 323(1.00) 4427(1.00) 320(1.00) 2718(1.00) 2716(1.00) 1215(1.00) 966(1.00) 332(1.00) 1074(1.00) 904(1.00) 4342(1.00) 903(1.00) 3019(1.00) 3018(1.00) 3017(1.00) 895(1.00) 1050(1.00) 1086(1.00) 3005(1.00) 3004(1.00) 1087(1.00) 2843(1.00) 4329(1.00) 2995(1.00) 4328(1.00) 4326(1.00) 1047(1.00) 947(1.00) 4323(1.00) 3095(1.00) 2987(1.00) 1100(1.00) 4317(1.00) 2980(1.00) 1106(1.00) 1049(1.00) 4381(1.00) 4379(1.00) 1054(1.00) 4376(1.00) 4375(1.00) 4382(1.00) 4370(1.00) 933(1.00) 3064(1.00) 3061(1.00) 3060(1.00) 4383(1.00) 4365(1.00) 4347(1.00) 3055(1.00) 4360(1.00) 4358(1.00) 939(1.00) 3044(1.00) 3042(1.00) 917(1.00) 4354(1.00) 3036(1.00) 1071(1.00) 909(1.00) 942(1.00) 3030(1.00) 4364(1.00) 4275(1.00) 2911(1.00) 4270(1.00) 826(1.00) 824(1.00) 4262(1.00) 823(1.00) 2895(1.00) 4399(1.00) 2886(1.00) 2885(1.00) 4400(1.00) 4248(1.00) 3098(1.00) 799(1.00) 4245(1.00) 3115(1.00) 2870(1.00) 4241(1.00) 2864(1.00) 2863(1.00) 795(1.00) 3117(1.00) 793(1.00) 786(1.00) 2846(1.00) 783(1.00) 3113(1.00) 860(1.00) 2970(1.00) 4309(1.00) 4308(1.00) 4307(1.00) 2964(1.00) 856(1.00) 2958(1.00) 2956(1.00) 2954(1.00) 2951(1.00) 4395(1.00) 848(1.00) 4276(1.00) 844(1.00) 2942(1.00) 1121(1.00) 2940(1.00) 4289(1.00) 839(1.00) 2934(1.00) 4287(1.00) 2931(1.00) 2928(1.00) 2927(1.00) 4284(1.00) 837(1.00) 2919(1.00) 2945(1.00) 257(1.00) 198(1.00) 2533(1.00) 4038(1.00) 2531(1.00) 234(1.00) 4054(1.00) 4056(1.00) 1253(1.00) 4033(1.00) 1004(1.00) 2603(1.00) 230(1.00) 4076(1.00) 263(1.00) 2634(1.00) 2600(1.00) 1269(1.00) 4073(1.00) 2566(1.00) 4031(1.00) 4098(1.00) 192(1.00) 191(1.00) 4449(1.00) 3179(1.00) 4057(1.00) 4444(1.00) 2547(1.00) 210(1.00) 2614(1.00) 248(1.00) 3194(1.00) 1279(1.00) 251(1.00) 2621(1.00) 988(1.00) 2551(1.00) 2623(1.00) 1278(1.00) 2555(1.00) 4046(1.00) 4079(1.00) 205(1.00) 2553(1.00) 204(1.00) 1256(1.00) 3197(1.00) 4089(1.00) 2607(1.00) 2554(1.00) 237(1.00) 200(1.00) 256(1.00) 2609(1.00) 180(1.00) 2574(1.00) 2590(1.00) 2507(1.00) 2589(1.00) 228(1.00) 2643(1.00) 178(1.00) 990(1.00) 4101(1.00) 1248(1.00) 3145(1.00) 270(1.00) 2586(1.00) 176(1.00) 2585(1.00) 981(1.00) 3176(1.00) 2584(1.00) 271(1.00) 989(1.00) 226(1.00) 4049(1.00) 4104(1.00) 2581(1.00) 3188(1.00) 2595(1.00) 4027(1.00) 187(1.00) 2593(1.00) 186(1.00) 3191(1.00) 1005(1.00) 1249(1.00) 2570(1.00) 1292(1.00) 2642(1.00) 2567(1.00) 2573(1.00) 4053(0.72) 5(0.72) 432(0.72) 1010(0.72) 59(0.72) 3857(0.72) 2704(0.72) 2836(0.72) 388(0.72) 1115(0.58) 1766(0.57) 145(0.56) 3546(0.55) 2126(0.54) 3101(0.52) 1578(0.52) 2075(0.52) 4256(0.52) 4417(0.52) 924(0.52) 1413(0.52) 2681(0.52) 2077(0.52) 80(0.51) 2134(0.49) 189(0.49) 454(0.49) 3848(0.49) 3885(0.46) 2274(0.45) 721(0.45) 1344(0.45) 1900(0.42) 3031(0.42) 309(0.42) 4413(0.42) 3594(0.42) 2016(0.42) 3780(0.42) 3057(0.42) 1783(0.39) 4184(0.37) 3249(0.37) 1691(0.37) 1784(0.37) 2449(0.37) 1122(0.37) 3544(0.37) 3009(0.37) 3047(0.37) 3739(0.37) 3746(0.37) 3470(0.37) 2291(0.37) 403(0.37) 1758(0.34) 2429(0.34) 1940(0.34) 2374(0.34) 2169(0.32) 199(0.32) 4286(0.32) 1082(0.32) 4227(0.32) 2000(0.27) 2313(0.27) 2172(0.27) 1460(0.27) 1917(0.27) 1369(0.27) 1895(0.27) 4048(0.27) 2365(0.27) 1318(0.27) 341(0.27) 4401(0.27) 1291(0.27) 2569(0.27) 1(0.27) 698(0.27) 1234(0.27) 152(0.27) 3171(0.27) 2253(0.27) 167(0.27) 4131(0.27) 3954(0.27) 4277(0.27) 1584(0.27) 4268(0.27) 4285(0.27) 1281(0.27) 3637(0.27) 243(0.27) 2963(0.27) 3310(0.27) 3892(0.27) 711(0.27) 3149(0.27) 1666(0.27) 101(0.27) 951(0.27) 2913(0.27) 2564(0.27) 735(0.26) 31(0.26) 1402(0.25) 1275(0.24) 573(0.24) 3341(0.24) 1796(0.24) 3328(0.24) 1039(0.24) 1214(0.24) 151(0.24) 435(0.24) 37(0.24) 2650(0.24) 4443(0.24) 4272(0.22) 3711(0.22) 399(0.22) 922(0.21) 2071(0.21) 1997(0.21) 3011(0.21) 4113(0.21) 3002(0.21) 3180(0.21) 346(0.21) 212(0.21) 1335(0.21) 1013(0.21) 281(0.21) 3939(0.21) 3806(0.21) 596(0.21) 26(0.21) 190(0.21) 900(0.21) 605(0.21) 2438(0.21) 508(0.21) 470(0.21) 1388(0.21) 1031(0.21) 982(0.21) 1208(0.21) 1328(0.21) 4345(0.21) 3689(0.20) 2201(0.20) 1104(0.20) 1983(0.20) 3166(0.20) 3786(0.19) 3607(0.19) 162(0.18) 4228(0.18) 3087(0.18) 1038(0.18) 821(0.18) 183(0.18) 2996(0.18) 4352(0.18) 1969(0.18) 594(0.18) 733(0.18) 4193(0.18) 85(0.18) 125(0.18) 1101(0.18) 2178(0.18) 2997(0.18) 3393(0.18) 4015(0.18) 671(0.18) 992(0.18) 2557(0.18) 3193(0.18) 2844(0.18) 1332(0.18) 471(0.18) 2968(0.18) 161(0.18) 544(0.18) 3799(0.18) 3442(0.18) 1310(0.18) 114(0.18) 3295(0.18) 1024(0.18) 136(0.18) 4034(0.18) 1577(0.18) 4018(0.18) 293(0.18) 3267(0.18) 3099(0.18) 3661(0.18) 368(0.18) 484(0.18) 2035(0.18) 4298(0.18) 3398(0.18) 3714(0.17) 3882(0.17) 3307(0.17) 4267(0.17) 11(0.17) 69(0.17) 3550(0.17) 2848(0.17) 2476(0.17) 51(0.16) 2605(0.15) 1856(0.15) 730(0.15) 3868(0.15) 311(0.15) 2511(0.15) 3679(0.15) 4340(0.15) 1300(0.15) 82(0.13) 2401(0.13) 4118(0.13) 1172(0.13) 1873(0.13) 1165(0.13) 48(0.13) 1132(0.13) 3147(0.12) 2591(0.12) 3784(0.11) 2652(0.11) 3559(0.11) 4373(0.11) 2715(0.11) 1919(0.11) 165(0.11) 1890(0.11) 1749(0.11) 3500(0.11) 104(0.11) 182(0.11) 3776(0.11) 703(0.10) 4304(0.10) 300(0.10) 2747(0.10) 3074(0.09) 1166(0.09) 3135(0.09) 3476(0.09) 4392(0.09) 1073(0.09) 2175(0.09) 1868(0.09) 2388(0.09) 421(0.09) 258(0.09) 1056(0.09) 1306(0.09) 225(0.08) 3104(0.08) 1412(0.08) 122(0.08) 3567(0.08) 65(0.08) 4390(0.07) 1364(0.07) 1618(0.07) 949(0.07) 3745(0.07) 4116(0.07) 214(0.07) 2412(0.07) 827(0.07) 4371(0.07) 1946(0.07) 4032(0.07) 3131(0.07) 174(0.07) 1434(0.07) 2685(0.07) 1401(0.07) 818(0.07) 3350(0.07) 4327(0.07) 515(0.07) 3424(0.07) 3877(0.07) 665(0.07) 4072(0.07) 1359(0.07) 1096(0.07) 2627(0.07) 3951(0.07) 2367(0.07) 216(0.07) 1286(0.07) 4302(0.07) 4415(0.07) 10(0.07) 1421(0.07) 3240(0.07) 4108(0.07) 2826(0.07) 246(0.07) 3279(0.07) 3243(0.07) 1566(0.07) 1995(0.07) 2842(0.07) 425(0.07) 3389(0.07) 1351(0.07) 217(0.07) 486(0.07) 2530(0.07) 4424(0.07) 2495(0.07) 2592(0.07) 1346(0.07) 2967(0.07) 771(0.07) 1935(0.07) 2933(0.07) 2772(0.07) 1678(0.07) 2469(0.07) 2622(0.07) 172(0.07) 1447(0.07) 797(0.07) 3959(0.07) 1474(0.07) 2682(0.07) 2616(0.07) 2066(0.07) 2877(0.07) 4146(0.07) 4181(0.07) 1999(0.07) 1709(0.07) 970(0.07) 2684(0.07) 2069(0.07) 1776(0.07) 2979(0.07) 1347(0.06) 2866(0.06) 2156(0.06) 750(0.06) 3340(0.06) 1724(0.06) 1911(0.06) 3779(0.06) 2003(0.06) 3172(0.06) 3090(0.06) 60(0.06) 2892(0.06) 4058(0.06) 1507(0.06) 931(0.06) 2407(0.06) 2722(0.06) 609(0.06) 3360(0.06) 952(0.06) 1157(0.06) 392(0.06) 2233(0.06) 1588(0.06) 1282(0.06) 170(0.06) 2264(0.06) 1994(0.06) 289(0.05) 1380(0.05) 2487(0.05) 1638(0.05) 462(0.05) 223(0.05) 4111(0.05) 4377(0.05) 938(0.05) 1009(0.05) 758(0.05) 2105(0.05) 326(0.05) 1533(0.05) 393(0.05) 2559(0.05) 858(0.05) 207(0.05) 506(0.05) 729(0.05) 2619(0.05) 1198(0.05) 4394(0.05) 4170(0.05) 1667(0.05) 249(0.05) 247(0.05) 4283(0.05) 2237(0.05) 429(0.05) 3999(0.05) 4353(0.05) 3996(0.05) 3734(0.05) 1487(0.05) 3515(0.05) 416(0.05) 1719(0.05) 3657(0.05) 4149(0.05) 4091(0.05) 2312(0.05) 964(0.05) 1650(0.05) 4407(0.05) 3373(0.05) 3387(0.05) 3844(0.05) 2663(0.05) 3811(0.05) 265(0.05) 99(0.05) 2133(0.05) 2814(0.05) 723(0.05) 2397(0.05) 2116(0.05) 456(0.05) 2827(0.05) 430(0.05) 2786(0.05) 929(0.05) 3134(0.04) 2949(0.04) 3167(0.04) 4264(0.04) 2815(0.04) 2816(0.04) 3797(0.04) 1509(0.04) 4171(0.04) 2871(0.04) 1704(0.04) 1642(0.04) 1525(0.04) 4366(0.04) 1606(0.04) 3016(0.04) 3933(0.04) 629(0.04) 986(0.04) 4085(0.04) 693(0.04) 1027(0.04) 1874(0.04) 761(0.04) 1741(0.04) 1236(0.04) 4066(0.04) 2738(0.04) 1818(0.04) 4144(0.04) 3729(0.04) 77(0.04) 1688(0.04) 1240(0.04) 3981(0.04) 3875(0.04) 3431(0.04) 1681(0.04) 3819(0.04) 1670(0.04) 2768(0.04) 35(0.04) 126(0.04) 1018(0.04) 3593(0.04) 4313(0.04) 1117(0.04) 4265(0.04) 516(0.04) 1968(0.04) 1149(0.04) 4421(0.04) 1521(0.04) 1112(0.04) 892(0.04) 3791(0.04) 3280(0.04) 2043(0.04) 220(0.04) 64(0.04) 1526(0.04) 1224(0.04) 884(0.04) 1394(0.04) 1721(0.04) 295(0.04) 1348(0.04) 744(0.04) 292(0.04) 160(0.04) 1090(0.04) 195(0.04) 2072(0.04) 3258(0.04) 2251(0.04) 222(0.04) 2859(0.04) 3968(0.04) 878(0.04) 1372(0.04) 3965(0.04) 4176(0.04) 3956(0.04) 2149(0.04) 1151(0.04) 3769(0.04) 208(0.04) 3196(0.04) 2776(0.04) 2640(0.04) 3364(0.04) 4232(0.04) 2960(0.04) 1092(0.04) 4292(0.04) 4430(0.04) 4106(0.04) 428(0.04) 899(0.04) 4423(0.04) 656(0.04) 867(0.04) 2142(0.04) 706(0.03) 3936(0.03) 3948(0.03) 2432(0.03) 3045(0.03) 920(0.03) 2318(0.03) 3367(0.03) 4244(0.03) 2758(0.03) 1178(0.03) 2499(0.03) 3670(0.03) 3469(0.03) 2160(0.03) 2179(0.03) 401(0.03) 4426(0.03) 3466(0.03) 2891(0.03) 3136(0.03) 1392(0.03) 2673(0.03) 4099(0.03) 1179(0.03) 3722(0.03) 74(0.03) 935(0.03) 1448(0.03) 53(0.03) 781(0.03) 648(0.03) 324(0.03) 296(0.03) 1340(0.03) 140(0.03) 250(0.03) 1540(0.03) 4332(0.03) 3688(0.03) 1974(0.03) 3983(0.03) 3880(0.03) 2321(0.03) 3092(0.03) 2549(0.03) 2017(0.03) 3522(0.03) 1613(0.03) 2331(0.03) 3480(0.03) 1960(0.03) 1956(0.03) 3539(0.03) 2534(0.03) 2513(0.03) 4217(0.03) 3208(0.03) 4105(0.00) 4095(0.00) 4096(0.00) 4097(0.00) 1250(0.00) 1247(0.00) 4103(0.00) 4107(0.00) 4100(0.00) 1251(0.00) 4123(0.00) 1235(0.00) 4122(0.00) 4121(0.00) 1237(0.00) 1238(0.00) 4120(0.00) 4110(0.00) 4119(0.00) 4117(0.00) 1241(0.00) 4114(0.00) 1252(0.00) 1244(0.00) 1245(0.00) 1246(0.00) 1239(0.00) 4080(0.00) 1261(0.00) 1262(0.00) 1263(0.00) 1264(0.00) 1265(0.00) 4078(0.00) 1255(0.00) 1267(0.00) 4077(0.00) 4075(0.00) 4074(0.00) 1270(0.00) 4071(0.00) 1271(0.00) 4069(0.00) 1266(0.00) 4094(0.00) 1254(0.00) 4093(0.00) 4092(0.00) 4090(0.00) 4124(0.00) 4088(0.00) 1260(0.00) 1258(0.00) 4087(0.00) 4086(0.00) 4084(0.00) 4083(0.00) 4082(0.00) 4081(0.00) 1259(0.00) 1257(0.00) 1201(0.00) 1202(0.00) 1203(0.00) 4160(0.00) 4159(0.00) 1206(0.00) 4158(0.00) 4129(0.00) 4157(0.00) 4156(0.00) 1209(0.00) 4154(0.00) 4153(0.00) 1210(0.00) 4152(0.00) 4151(0.00) 1207(0.00) 1194(0.00) 4183(0.00) 4182(0.00) 4180(0.00) 4179(0.00) 4177(0.00) 4175(0.00) 4161(0.00) 1197(0.00) 4168(0.00) 4167(0.00) 4166(0.00) 4165(0.00) 1199(0.00) 4164(0.00) 1200(0.00) 4173(0.00) 4136(0.00) 1225(0.00) 1226(0.00) 1227(0.00) 4135(0.00) 1228(0.00) 1229(0.00) 1211(0.00) 4133(0.00) 1272(0.00) 1231(0.00) 4128(0.00) 4127(0.00) 4126(0.00) 1232(0.00) 4125(0.00) 4134(0.00) 1212(0.00) 4150(0.00) 1213(0.00) 4147(0.00) 4145(0.00) 1216(0.00) 4143(0.00) 1223(0.00) 4142(0.00) 1219(0.00) 4141(0.00) 1220(0.00) 4140(0.00) 4137(0.00) 1221(0.00) 1222(0.00) 1218(0.00) 3970(0.00) 3969(0.00) 3967(0.00) 3966(0.00) 1311(0.00) 1312(0.00) 3964(0.00) 4063(0.00) 3961(0.00) 3960(0.00) 3958(0.00) 3957(0.00) 3952(0.00) 3950(0.00) 3949(0.00) 1317(0.00) 3962(0.00) 1304(0.00) 3991(0.00) 3989(0.00) 3988(0.00) 3987(0.00) 1305(0.00) 3986(0.00) 


Filtered 1784 locations: 3038 788 2181 2034 563 2414 1055 3815 4148 2878 520 4282 3574 1923 2446 1731 716 3578 2588 872 3114 3275 2709 565 1153 330 4410 1502 1309 985 1158 3508 3554 1137 1433 1793 1914 4269 1045 2395 1496 3623 3846 2404 4356 2131 2047 1763 3713 2040 1770 757 3078 2127 3735 414 4194 3088 702 3707 705 387 3766 2121 2140 4258 1820 4273 1079 3235 1836 1929 2136 1921 2998 3580 1909 1116 2986 857 3285 3576 3062 3706 458 2841 2011 787 1058 3547 2890 3552 798 3213 3034 4250 815 3028 1136 3551 103 3384 2632 264 2638 1656 2975 166 1371 3864 2279 3862 2664 2676 285 1385 4102 1298 75 70 1012 1001 1014 1019 3992 3934 66 2523 2536 50 2410 3390 3943 2576 2468 1043 3118 1711 1416 4169 4406 356 3111 3498 3488 2193 1657 3121 349 2687 1444 1419 3891 3908 1534 2010 1519 2056 597 3709 1798 128 1169 355 1835 1801 3388 111 3816 1008 1455 1436 3404 118 1831 4279 4260 816 794 2822 3803 2471 2493 2793 4242 46 40 1107 3346 3065 1080 1764 1129 1845 422 3107 437 3415 972 1812 1111 4237 1878 1864 4402 1196 953 2697 1373 1437 1936 1842 2372 2356 4422 1954 4411 1042 4291 1998 3230 3227 2315 829 3260 2295 2281 791 2666 2257 4188 4163 1747 1713 3419 1808 3449 1779 1334 2441 1541 3636 4346 3829 2759 1390 1350 1538 2785 1505 81 94 540 504 3054 667 2903 2901 3001 1632 1635 1938 713 2167 2164 1322 1274 1052 1326 1324 2821 2837 3416 3407 907 855 3185 1520 1470 1503 313 278 2255 3218 95 1484 3365 2198 1473 3821 1461 1411 4070 505 2491 4261 3668 4240 523 2561 1368 2430 2055 3615 2515 4035 2342 1268 2754 1314 644 622 1545 3379 2271 3380 2299 2293 3873 1552 1374 1356 1367 2283 2269 3459 3465 3859 1548 119 3467 1661 3860 3383 1665 1662 2276 1663 107 1685 3820 2219 1395 2215 1686 2213 1687 3481 344 2210 2254 1524 2205 3809 3808 2202 1400 1522 2199 1696 3487 1701 1396 3856 3855 138 139 1376 2259 1671 1377 3472 3475 147 1531 3841 154 1677 1679 156 1683 3835 2236 3833 3831 2231 1389 150 3982 57 3979 56 1308 3976 1615 2444 2443 2442 3433 3972 2339 47 1571 43 2425 3963 1313 2421 3440 39 38 3955 3397 3436 2497 4011 3420 4009 4006 1301 3421 4003 1302 4000 72 3997 2458 71 1594 1591 3413 1586 3990 1582 2465 2462 63 61 2459 2475 2352 3915 3913 2347 1556 2341 2340 2191 3907 2336 1349 1352 3953 2327 100 3896 102 3452 3893 3454 1644 3889 3888 106 2309 98 1315 1316 1565 1596 13 2398 1559 2392 2 2389 4 3448 3916 3931 2376 3930 1327 2370 1636 3927 1330 2366 2362 3922 3450 2383 3558 3313 1972 3216 511 1815 1967 514 3656 1816 1959 3220 2161 518 3221 1819 1821 3224 3650 1822 527 3563 529 1947 3228 3564 3312 472 2008 3687 473 474 1786 477 3541 479 3325 3321 485 651 1800 497 3675 1987 3210 655 3673 3211 3555 3317 1981 3666 3215 3549 3625 564 1905 1904 624 1854 3620 569 619 3617 3265 1857 3229 3270 3273 3609 1885 3608 618 1881 3604 617 616 3292 611 604 578 1943 1942 3311 533 643 3569 642 3232 641 3234 1933 538 3584 639 1925 545 1839 635 1920 3246 3247 3305 3629 3628 627 3583 1834 2145 378 3782 379 1722 2137 1725 3778 1506 1425 3774 1427 1785 1729 3770 1500 2118 390 3507 391 2112 394 2109 3509 2108 1494 3772 1702 359 3798 1406 364 2183 1705 2180 2177 2171 2170 1707 2146 3788 2163 2162 3361 2159 2155 2154 3495 2153 3496 2151 2148 2147 369 3715 684 3337 450 2042 681 3531 1463 680 453 676 3331 404 668 1467 3701 460 3699 2025 1468 1471 1780 2018 1475 3692 666 3535 406 1739 1745 1439 2096 413 2094 2093 701 1442 696 420 3743 448 1753 3738 2079 3737 3344 3728 431 690 1759 3339 440 686 1456 3741 962 1186 2795 2794 737 4195 2790 736 3142 2784 2783 2781 4190 2653 2774 2773 4420 726 1195 3081 2763 2762 2761 4178 2757 2756 722 732 955 2839 780 1160 2834 777 4218 4408 765 764 2823 2819 3127 4199 1175 2403 2813 4209 2810 2807 2806 4414 1181 2802 4202 748 745 4409 2707 4139 967 4138 2700 308 4431 1230 4132 3164 4433 4130 2689 3150 291 1233 2671 3173 2667 4115 1030 1242 2661 4112 2657 1243 4109 971 3151 4174 2750 720 4172 2743 2741 717 3153 715 4162 1204 1205 1217 4155 327 3155 2725 2723 1036 323 4427 320 2718 2716 1215 966 332 1074 904 4342 903 3019 3018 3017 895 1050 1086 3005 3004 1087 2843 4329 2995 4328 4326 1047 947 4323 3095 2987 1100 4317 2980 1106 1049 4381 4379 1054 4376 4375 4382 4370 933 3064 3061 3060 4383 4365 4347 3055 4360 4358 939 3044 3042 917 4354 3036 1071 909 942 3030 4364 4275 2911 4270 826 824 4262 823 2895 4399 2886 2885 4400 4248 3098 799 4245 3115 2870 4241 2864 2863 795 3117 793 786 2846 783 3113 860 2970 4309 4308 4307 2964 856 2958 2956 2954 2951 4395 848 4276 844 2942 1121 2940 4289 839 2934 4287 2931 2928 2927 4284 837 2919 2945 257 198 2533 4038 2531 234 4054 4056 1253 4033 1004 2603 230 4076 263 2634 2600 1269 4073 2566 4031 4098 192 191 4449 3179 4057 4444 2547 210 2614 248 3194 1279 251 2621 988 2551 2623 1278 2555 4046 4079 205 2553 204 1256 3197 4089 2607 2554 237 200 256 2609 180 2574 2590 2507 2589 228 2643 178 990 4101 1248 3145 270 2586 176 2585 981 3176 2584 271 989 226 4049 4104 2581 3188 2595 4027 187 2593 186 3191 1005 1249 2570 1292 2642 2567 2573 4053 5 432 1010 59 3857 2704 2836 388 1115 1766 145 3546 2126 3101 1578 2075 4256 4417 924 1413 2681 2077 80 2134 189 454 3848 3885 2274 721 1344 1900 3031 309 4413 3594 2016 3780 3057 1783 4184 3249 1691 1784 2449 1122 3544 3009 3047 3739 3746 3470 2291 403 1758 2429 1940 2374 2169 199 4286 1082 4227 2000 2313 2172 1460 1917 1369 1895 4048 2365 1318 341 4401 1291 2569 1 698 1234 152 3171 2253 167 4131 3954 4277 1584 4268 4285 1281 3637 243 2963 3310 3892 711 3149 1666 101 951 2913 2564 735 31 1402 1275 573 3341 1796 3328 1039 1214 151 435 37 2650 4443 4272 3711 399 922 2071 1997 3011 4113 3002 3180 346 212 1335 1013 281 3939 3806 596 26 190 900 605 2438 508 470 1388 1031 982 1208 1328 4345 3689 2201 1104 1983 3166 3786 3607 162 4228 3087 1038 821 183 2996 4352 1969 594 733 4193 85 125 1101 2178 2997 3393 4015 671 992 2557 3193 2844 1332 471 2968 161 544 3799 3442 1310 114 3295 1024 136 4034 1577 4018 293 3267 3099 3661 368 484 2035 4298 3398 3714 3882 3307 4267 11 69 3550 2848 2476 51 2605 1856 730 3868 311 2511 3679 4340 1300 82 2401 4118 1172 1873 1165 48 1132 3147 2591 3784 2652 3559 4373 2715 1919 165 1890 1749 3500 104 182 3776 703 4304 300 2747 3074 1166 3135 3476 4392 1073 2175 1868 2388 421 258 1056 1306 225 3104 1412 122 3567 65 4390 1364 1618 949 3745 4116 214 2412 827 4371 1946 4032 3131 174 1434 2685 1401 818 3350 4327 515 3424 3877 665 4072 1359 1096 2627 3951 2367 216 1286 4302 4415 10 1421 3240 4108 2826 246 3279 3243 1566 1995 2842 425 3389 1351 217 486 2530 4424 2495 2592 1346 2967 771 1935 2933 2772 1678 2469 2622 172 1447 797 3959 1474 2682 2616 2066 2877 4146 4181 1999 1709 970 2684 2069 1776 2979 1347 2866 2156 750 3340 1724 1911 3779 2003 3172 3090 60 2892 4058 1507 931 2407 2722 609 3360 952 1157 392 2233 1588 1282 170 2264 1994 289 1380 2487 1638 462 223 4111 4377 938 1009 758 2105 326 1533 393 2559 858 207 506 729 2619 1198 4394 4170 1667 249 247 4283 2237 429 3999 4353 3996 3734 1487 3515 416 1719 3657 4149 4091 2312 964 1650 4407 3373 3387 3844 2663 3811 265 99 2133 2814 723 2397 2116 456 2827 430 2786 929 3134 2949 3167 4264 2815 2816 3797 1509 4171 2871 1704 1642 1525 4366 1606 3016 3933 629 986 4085 693 1027 1874 761 1741 1236 4066 2738 1818 4144 3729 77 1688 1240 3981 3875 3431 1681 3819 1670 2768 35 126 1018 3593 4313 1117 4265 516 1968 1149 4421 1521 1112 892 3791 3280 2043 220 64 1526 1224 884 1394 1721 295 1348 744 292 160 1090 195 2072 3258 2251 222 2859 3968 878 1372 3965 4176 3956 2149 1151 3769 208 3196 2776 2640 3364 4232 2960 1092 4292 4430 4106 428 899 4423 656 867 2142 706 3936 3948 2432 3045 920 2318 3367 4244 2758 1178 2499 3670 3469 2160 2179 401 4426 3466 2891 3136 1392 2673 4099 1179 3722 74 935 1448 53 781 648 324 296 1340 140 250 1540 4332 3688 1974 3983 3880 2321 3092 2549 2017 3522 1613 2331 3480 1960 1956 3539 2534 2513 4217 3208 4105 4095 4096 4097 1250 1247 4103 4107 4100 1251 4123 1235 4122 4121 1237 1238 4120 4110 4119 4117 1241 4114 1252 1244 1245 1246 1239 4080 1261 1262 1263 1264 1265 4078 1255 1267 4077 4075 4074 1270 4071 1271 4069 1266 4094 1254 4093 4092 4090 4124 4088 1260 1258 4087 4086 4084 4083 4082 4081 1259 1257 1201 1202 1203 4160 4159 1206 4158 4129 4157 4156 1209 4154 4153 1210 4152 4151 1207 1194 4183 4182 4180 4179 4177 4175 4161 1197 4168 4167 4166 4165 1199 4164 1200 4173 4136 1225 1226 1227 4135 1228 1229 1211 4133 1272 1231 4128 4127 4126 1232 4125 4134 1212 4150 1213 4147 4145 1216 4143 1223 4142 1219 4141 1220 4140 4137 1221 1222 1218 3970 3969 3967 3966 1311 1312 3964 4063 3961 3960 3958 3957 3952 3950 3949 1317 3962 1304 3991 3989 3988 3987 1305 3986 

Extracted 0 prioritized locations: 

Final instance parameters:
loc_max_id: 4461
loc_cnt: 1784
service: fnl4461_0100
cust_max_id: 4461
cust_cnt: 4461
unweighted obj function
p: 100
total_demand: 224395
threshold_dist: 801.473


-------------------------------------------------
Final Problem RSSV heuristic 
-------------------------------------------------
-------------------------------------------------
Exact method cPMP binary
-------------------------------------------------
Problem type: CPMP
Value of p: 100
Number of facilities: 1784
Number of customers: 4461
Weighted Objective Function: false
Capacity Model: true
Binary Model: true
Cover Model: false
[INFO] Adding Objective Function 
SUM (dij * xij)
[INFO] Adding Demand Satisfied Constraints 
[INFO] Adding p Locations Constraints 
[INFO] Adding Max Capacity Constraints 
[INFO] Adding Max Distance Constraints 
Threshold Distance: 801.473
Gap Cplex Reports: gap_Bin_service_fnl4461_0100_p_100_RSSV_EXACT_CPMP_BIN.csv
Generating reports cplex callbacks...Using BreakCallback...
Version identifier: 12.10.0.0 | 2019-11-26 | 843d4de
CPXPARAM_TimeLimit                               1800
Tried aggregator 1 time.
Presolve has eliminated 6824241 rows and 6824241 columns...
MIP Presolve eliminated 6824241 rows and 6824241 columns.
Reduced MIP has 6246 rows, 1135967 columns, and 2271934 nonzeros.
Reduced MIP has 1135967 binaries, 0 generals, 0 SOSs, and 0 indicators.
Presolve time = 42.55 sec. (12810.70 ticks)
Tried aggregator 1 time.
Detecting symmetries...
Reduced MIP has 6246 rows, 1135967 columns, and 2271934 nonzeros.
Reduced MIP has 1135967 binaries, 0 generals, 0 SOSs, and 0 indicators.
Presolve time = 9.03 sec. (2335.84 ticks)
Probing time = 4.74 sec. (241.05 ticks)
Clique table members: 1138644.
MIP emphasis: balance optimality and feasibility.
MIP search method: dynamic search.
Parallel mode: deterministic, using up to 32 threads.
Root relaxation solution time = 5.20 sec. (1074.06 ticks)

        Nodes                                         Cuts/
   Node  Left     Objective  IInf  Best Integer    Best Bound    ItCnt     Gap

*     0+    0                       928511.0036        0.0000           100.00%
*     0+    0                       891746.3394        0.0000           100.00%
      0     0   150949.7349  1764   891746.3394   150949.7349     1790   83.07%
Time: 104.046 seconds
MIP Gap: 0.830726
Nodes: 0
Best Objective: 150949.734916824207176
Incumbent Obj:  891746.339383895043284
Time: 116.585736036300659 seconds
MIP Gap: 0.830725702758573
Nodes: 0
Best Objective: 150949.734916824207176
Incumbent Obj:  891746.339383895043284
      0     0   217894.5202  1764   891746.3394    Cuts: 1661     5807   75.57%
Time: 127.269135951995850 seconds
MIP Gap: 0.755654146745057
Nodes: 0
Best Objective: 217894.520183729589917
Incumbent Obj:  891746.339383895043284
      0     0   254851.6584  1764   891746.3394    Cuts: 1661     9771   71.42%
Time: 141.321316003799438 seconds
MIP Gap: 0.714210592010651
Nodes: 0
Best Objective: 254851.658409191964893
Incumbent Obj:  891746.339383895043284
      0     0   281058.0556  1764   891746.3394    Cuts: 1661    13623   68.48%
Time: 186.680740833282471 seconds
MIP Gap: 0.684822865934030
Nodes: 0
Best Objective: 281058.055560835404322
Incumbent Obj:  891746.339383895043284
      0     0   302879.9118  1764   891746.3394    Cuts: 1661    17629   66.04%
Time: 225.930215835571289 seconds
MIP Gap: 0.660351942714654
Nodes: 0
Best Objective: 302879.911763058742508
Incumbent Obj:  891746.339383895043284
      0     0   321692.0957  1764   891746.3394    Cuts: 1661    21831   63.93%
Detecting symmetries...
Time: 287.519457817077637 seconds
MIP Gap: 0.639256051300118
Nodes: 0
Best Objective: 321692.095708011591341
Incumbent Obj:  891746.339383895043284
      0     0   339446.5881  1764   891746.3394    Cuts: 1661    26427   61.93%
Time: 384.020369052886963 seconds
MIP Gap: 0.619346250065573
Nodes: 0
Best Objective: 339446.588076778221875
Incumbent Obj:  891746.339383895043284
      0     0   355287.7898  1764   891746.3394    Cuts: 1661    31060   60.16%
*     0+    0                       890532.6400   355287.7898            60.10%
Time: 502.184090852737427 seconds
MIP Gap: 0.601039003168321
Nodes: 0
Best Objective: 355287.789769977796823
Incumbent Obj:  890532.640011106501333
      0     0   369073.8846  1764   890532.6400    Cuts: 1661    36221   58.56%
*     0+    0                       881071.1233   369073.8846            58.11%
Time: 708.225082874298096 seconds
MIP Gap: 0.581107728032866
Nodes: 0
Best Objective: 369073.884591809764970
Incumbent Obj:  881071.123271443764679
      0     0   381812.6849  1764   881071.1233    Cuts: 1661    41679   56.66%
Time: 854.900418996810913 seconds
MIP Gap: 0.566649417007486
Nodes: 0
Best Objective: 381812.684927548980340
Incumbent Obj:  881071.123271443764679
      0     0   392520.8717  1764   881071.1233    Cuts: 1661    47201   55.45%
*     0+    0                       829668.1272   392520.8717            52.69%
*     0+    0                       829264.3646   392520.8717            52.67%
Time: 1010.412391901016235 seconds
MIP Gap: 0.526663765499903
Nodes: 0
Best Objective: 392520.871735525666736
Incumbent Obj:  829264.364580238820054
      0     0   402171.1741  1764   829264.3646    Cuts: 1661    52985   51.50%
Time: 1176.540554046630859 seconds
MIP Gap: 0.515026581105028
Nodes: 0
Best Objective: 402171.174058245320339
Incumbent Obj:  829264.364580238820054
      0     0   411247.4888  1764   829264.3646    Cuts: 1661    59029   50.41%
Time: 1386.109408855438232 seconds
MIP Gap: 0.504081561516860
Nodes: 0
Best Objective: 411247.488772345415782
Incumbent Obj:  829264.364580238820054
      0     0   419062.1663  1764   829264.3646    Cuts: 1661    64924   49.47%
*     0+    0                       734749.7486   419062.1663            42.97%
Time: 1679.677371978759766 seconds
MIP Gap: 0.429653202236871
Nodes: 0
Best Objective: 419062.166291032277513
Incumbent Obj:  734749.748634642804973
      0     0   426221.5752  1764   734749.7486    Cuts: 1661    73399   41.99%
*     0+    0                       734464.1570   426221.5752            41.97%
Advanced basis not built.
      0     0        cutoff         734464.1570   426221.5752    73399   41.97%
Elapsed time = 1800.71 sec. (753112.27 ticks, tree = 0.01 MB, solutions = 8)

Clique cuts applied:  6179
Cover cuts applied:  3515
Mixed integer rounding cuts applied:  8508
Zero-half cuts applied:  143

Root node processing (before b&c):
  Real time             = 1802.80 sec. (753713.38 ticks)
Parallel b&c, 32 threads:
  Real time             =    0.00 sec. (0.00 ticks)
  Sync time (average)   =    0.00 sec.
  Wait time (average)   =    0.00 sec.
                          ------------
Total (root+branch&cut) = 1802.80 sec. (753713.38 ticks)
[INFO] Saving variables cplex:
./outputs/solutions/2024-07-16_LIT/VarsValues_cplex/test_lit_fnl4461_0100_CPMP_Vars_Bin_p_100_RSSV_EXACT_CPMP_BIN.txt
[INFO] Saving results cplex: 
./outputs/solutions/2024-07-16_LIT/Results_cplex/test_lit_fnl4461_0100_Bin_RSSV_EXACT_CPMP_BIN.csv

Final solution:
p locations: 3016 4171 962 3797 3167 3811 4173 2237 4170 3844 3967 4218 4147 4377 2487 4366 4161 349 2998 2 2609 1519 518 1687 2786 1904 2967 2299 2003 166 1983 698 4149 3147 611 3563 1559 4111 270 103 716 3555 3715 1210 1227 4091 2254 1257 230 1494 1207 696 4172 1194 736 1905 3959 378 2105 1270 3546 2198 644 2160 2634 3424 3774 857 651 986 2685 1175 403 69 1242 3095 2958 122 3295 3877 2374 1359 3679 1255 3092 2591 2979 3313 167 668 2495 265 1935 4179 2892 2722 3390 1219 4058 4140 
p size: 100
objective: 734464.156985629117116
sum (dij * xij) 
demand/capacity: 224395.000000000000000/280500
Solution is Feasible
Final elapsed time: 1844s
Final total elapsed time RSSV: 2144s
[INFO] Saving assignment: ./outputs/solutions/2024-07-16_LIT/Assignments/test_lit_fnl4461_0100_p_100_RSSV_EXACT_CPMP_BIN.txt
[INFO] Saving results: ./outputs/solutions/2024-07-16_LIT/test_lit_fnl4461_0100_results_RSSV.csv
[INFO] Saving all results: ./outputs/solutions/test_all_results.csv



Solution Stats
Statistics:
Max distance: 521.483460907438598
Min distance: 0.000000000000000
Avg distance: 164.641147049008993
Std deviation distance: 90.648529815687255




-------------------------------------------------
Post Optimization
-------------------------------------------------
Time for post-optimization: 1456.000000000000000s
PostOptimization constructor
p locations: 3016 4171 962 3797 3167 3811 4173 2237 4170 3844 3967 4218 4147 4377 2487 4366 4161 349 2998 2 2609 1519 518 1687 2786 1904 2967 2299 2003 166 1983 698 4149 3147 611 3563 1559 4111 270 103 716 3555 3715 1210 1227 4091 2254 1257 230 1494 1207 696 4172 1194 736 1905 3959 378 2105 1270 3546 2198 644 2160 2634 3424 3774 857 651 986 2685 1175 403 69 1242 3095 2958 122 3295 3877 2374 1359 3679 1255 3092 2591 2979 3313 167 668 2495 265 1935 4179 2892 2722 3390 1219 4058 4140 
p size: 100
objective: 734464.156985629117116
sum (dij * xij) 
demand/capacity: 224395.000000000000000/280500
Solution is Feasible
[INFO] Running post-optimization
Time limit: 1456.000000000000000
 ------------------------------------ 

Iteration Post-Optimization: 1
Size of neighborhood: 1
Problem type: CPMP
Value of p: 100
Number of facilities: 4461
Number of customers: 4461
Weighted Objective Function: false
Capacity Model: true
Binary Model: true
Cover Model: false
[INFO] Adding Objective Function 
SUM (dij * xij)
[INFO] Adding Demand Satisfied Constraints 
[INFO] Adding p Locations Constraints 
[INFO] Adding Max Capacity Constraints 
[INFO] Adding Max Distance Constraints 
Threshold Distance: 521.483460907438598
[INFO] Adding Max Neighbors Constraints from Solution
Max Neighbors from solution: 1
[INFO] Adding MIP start solution
Gap Cplex Reports: gap_Bin_service_fnl4461_0100_p_100_EXACT_CPMP_BIN.csv
Generating reports cplex callbacks...Using BreakCallback...
Version identifier: 12.10.0.0 | 2019-11-26 | 843d4de
CPXPARAM_TimeLimit                               1456
CPXPARAM_MIP_Tolerances_LowerCutoff              426221.57518247369
1 of 2 MIP starts provided solutions.
MIP start 'm1' defined initial solution with objective 713597.0550.
Presolve has eliminated 18601406 rows and 18601404 columns...
Tried aggregator 1 time.
MIP Presolve eliminated 18601406 rows and 18601404 columns.
Reduced MIP has 9021 rows, 1303578 columns, and 2607352 nonzeros.
Reduced MIP has 1303578 binaries, 0 generals, 0 SOSs, and 0 indicators.
Presolve time = 73.00 sec. (21539.48 ticks)
Tried aggregator 1 time.
Detecting symmetries...
Reduced MIP has 9021 rows, 1303578 columns, and 2607352 nonzeros.
Reduced MIP has 1303578 binaries, 0 generals, 0 SOSs, and 0 indicators.
Presolve time = 12.35 sec. (2844.86 ticks)
Probing time = 5.37 sec. (305.89 ticks)
Clique table members: 1303676.
MIP emphasis: balance optimality and feasibility.
MIP search method: dynamic search.
Parallel mode: deterministic, using up to 32 threads.
Root relaxation solution time = 37.69 sec. (4375.21 ticks)

        Nodes                                         Cuts/
   Node  Left     Objective  IInf  Best Integer    Best Bound    ItCnt     Gap

*     0+    0                       713597.0550        0.0000           100.00%
      0     0   483202.1018  1180   713597.0550   483202.1018    19257   32.29%
Time: 315.641383886337280 seconds
MIP Gap: 0.322864215304754
Nodes: 0
Best Objective: 483202.101764706778340
Incumbent Obj:  713597.054957268759608
*     0+    0                       713397.5644   483202.1018            32.27%
Time: 331.515474081039429 seconds
MIP Gap: 0.322674864829518
Nodes: 0
Best Objective: 483202.101764706778340
Incumbent Obj:  713397.564440134912729
      0     0   526538.4886  1180   713397.5644    Cuts: 2355    22861   26.19%
Time: 351.406207084655762 seconds
MIP Gap: 0.261928390437354
Nodes: 0
Best Objective: 526538.488644401542842
Incumbent Obj:  713397.564440134912729
      0     0   541496.3442  1180   713397.5644    Cuts: 2355    26026   24.10%
Time: 378.095938920974731 seconds
MIP Gap: 0.240961322012842
Nodes: 0
Best Objective: 541496.344191898475401
Incumbent Obj:  713397.564440134912729
      0     0   549763.4393  1180   713397.5644    Cuts: 2355    28327   22.94%
Time: 424.217591047286987 seconds
MIP Gap: 0.229372979752806
Nodes: 0
Best Objective: 549763.439336106646806
Incumbent Obj:  713397.564440134912729
      0     0   556257.7150  1180   713397.5644    Cuts: 1879    30270   22.03%
Time: 444.262759923934937 seconds
MIP Gap: 0.220269674692660
Nodes: 0
Best Objective: 556257.714994370238855
Incumbent Obj:  713397.564440134912729
      0     0   561578.2338  1180   713397.5644    Cuts: 1715    31869   21.28%
Detecting symmetries...
Time: 460.188453912734985 seconds
MIP Gap: 0.212811674957615
Nodes: 0
Best Objective: 561578.233840946806595
Incumbent Obj:  713397.564440134912729
      0     0   566605.6416  1180   713397.5644    Cuts: 1606    33652   20.58%
Time: 475.424813032150269 seconds
MIP Gap: 0.205764541591540
Nodes: 0
Best Objective: 566605.641620589420199
Incumbent Obj:  713397.564440134912729
      0     0   570847.6086  1180   713397.5644    Cuts: 1476    35116   19.98%
*     0+    0                       658776.1711   570847.6086            13.35%
Time: 497.534163951873779 seconds
MIP Gap: 0.133472591020065
Nodes: 0
Best Objective: 570847.608615566045046
Incumbent Obj:  658776.171070642303675
      0     0   574965.3330  1180   658776.1711    Cuts: 1496    36607   12.72%
Time: 511.572253942489624 seconds
MIP Gap: 0.127222024338425
Nodes: 0
Best Objective: 574965.333001118269749
Incumbent Obj:  658776.171070642303675
      0     0   578608.5345  1180   658776.1711    Cuts: 1346    38014   12.17%
*     0+    0                       658746.9831   578608.5345            12.17%
Time: 527.270258903503418 seconds
MIP Gap: 0.121652850989752
Nodes: 0
Best Objective: 578608.534511327743530
Incumbent Obj:  658746.983084448613226
      0     0   582254.9530  1180   658746.9831    Cuts: 1397    39531   11.61%
Time: 540.741356849670410 seconds
MIP Gap: 0.116117465472160
Nodes: 0
Best Objective: 582254.953021250781603
Incumbent Obj:  658746.983084448613226
      0     0   585450.3103  1180   658746.9831    Cuts: 1276    40909   11.13%
Time: 561.458782911300659 seconds
MIP Gap: 0.111266805948647
Nodes: 0
Best Objective: 585450.310348334489390
Incumbent Obj:  658746.983084448613226
      0     0   588383.2938  1180   658746.9831    Cuts: 1266    42289   10.68%
*     0+    0                       658722.4976   588383.2938            10.68%
Time: 594.008527040481567 seconds
MIP Gap: 0.106781237931465
Nodes: 0
Best Objective: 588383.293836336582899
Incumbent Obj:  658722.497581382980570
      0     0   591143.2951  1180   658722.4976    Cuts: 1275    43814   10.26%
Time: 629.984837055206299 seconds
MIP Gap: 0.102591307830252
Nodes: 0
Best Objective: 591143.295057299197651
Incumbent Obj:  658722.497581382980570
      0     0   593790.4115  1180   658722.4976    Cuts: 1270    45267    9.86%
Time: 650.790647983551025 seconds
MIP Gap: 0.098572746952913
Nodes: 0
Best Objective: 593790.411515102488920
Incumbent Obj:  658722.497581382980570
      0     0   596357.1191  1180   658722.4976    Cuts: 1082    46735    9.47%
Time: 669.327584028244019 seconds
MIP Gap: 0.094676253989465
Nodes: 0
Best Objective: 596357.119091793196276
Incumbent Obj:  658722.497581382980570
      0     0   598722.6840  1180   658722.4976    Cuts: 1138    48018    9.11%
Time: 694.331490993499756 seconds
MIP Gap: 0.091085113629210
Nodes: 0
Best Objective: 598722.684039065381512
Incumbent Obj:  658722.497581382980570
      0     0   600719.7684  1180   658722.4976    Cuts: 1076    49291    8.81%
Time: 714.431734085083008 seconds
MIP Gap: 0.088053359992512
Nodes: 0
Best Objective: 600719.768366682576016
Incumbent Obj:  658722.497581382980570
      0     0   602729.0418  1180   658722.4976    Cuts: 1081    50516    8.50%
Time: 734.416892051696777 seconds
MIP Gap: 0.085003102191063
Nodes: 0
Best Objective: 602729.041803920175880
Incumbent Obj:  658722.497581382980570
      0     0   604711.5175  1180   658722.4976    Cuts: 1130    51734    8.20%
Time: 759.731303930282593 seconds
MIP Gap: 0.081993525838892
Nodes: 0
Best Objective: 604711.517455284367315
Incumbent Obj:  658722.497581382980570
      0     0   606625.5757  1180   658722.4976     Cuts: 972    53028    7.91%
Time: 789.642337083816528 seconds
MIP Gap: 0.079087813272436
Nodes: 0
Best Objective: 606625.575694314087741
Incumbent Obj:  658722.497581382980570
      0     0   608438.0539  1180   658722.4976    Cuts: 1024    54230    7.63%
Time: 812.914716958999634 seconds
MIP Gap: 0.076336308268072
Nodes: 0
Best Objective: 608438.053942896076478
Incumbent Obj:  658722.497581382980570
      0     0   610110.7715  1180   658722.4976     Cuts: 972    55414    7.38%
Time: 831.599897861480713 seconds
MIP Gap: 0.073796972526145
Nodes: 0
Best Objective: 610110.771525016054511
Incumbent Obj:  658722.497581382980570
      0     0   611677.0771  1180   658722.4976     Cuts: 968    56605    7.14%
Time: 851.172147035598755 seconds
MIP Gap: 0.071419179754683
Nodes: 0
Best Objective: 611677.077118164743297
Incumbent Obj:  658722.497581382980570
      0     0   613242.9574  1180   658722.4976    Cuts: 1020    57772    6.90%
Time: 874.687339067459106 seconds
MIP Gap: 0.069042032700470
Nodes: 0
Best Objective: 613242.957362833898515
Incumbent Obj:  658722.497581382980570
      0     0   614755.5506  1180   658722.4976     Cuts: 965    59191    6.67%
Time: 904.346315860748291 seconds
MIP Gap: 0.066745780080771
Nodes: 0
Best Objective: 614755.550623559742235
Incumbent Obj:  658722.497581382980570
      0     0   616101.4942  1180   658722.4976     Cuts: 887    60326    6.47%
Time: 934.616461992263794 seconds
MIP Gap: 0.064702516680960
Nodes: 0
Best Objective: 616101.494193500024267
Incumbent Obj:  658722.497581382980570
      0     0   617403.1895  1180   658722.4976     Cuts: 880    61527    6.27%
Time: 964.135125875473022 seconds
MIP Gap: 0.062726426103147
Nodes: 0
Best Objective: 617403.189514364115894
Incumbent Obj:  658722.497581382980570
      0     0   618829.1401  1180   658722.4976     Cuts: 900    62708    6.06%
Time: 985.459671974182129 seconds
MIP Gap: 0.060561704858924
Nodes: 0
Best Objective: 618829.140098926261999
Incumbent Obj:  658722.497581382980570
      0     0   620034.6468  1180   658722.4976     Cuts: 880    63805    5.87%
Time: 1013.556719064712524 seconds
MIP Gap: 0.058731637236528
Nodes: 0
Best Objective: 620034.646813893690705
Incumbent Obj:  658722.497581382980570
      0     0   621255.3757  1180   658722.4976     Cuts: 916    64947    5.69%
Time: 1039.345046997070312 seconds
MIP Gap: 0.056878460996391
Nodes: 0
Best Objective: 621255.375695255235769
Incumbent Obj:  658722.497581382980570
      0     0   622399.8649  1180   658722.4976     Cuts: 851    66106    5.51%
Time: 1061.552568912506104 seconds
MIP Gap: 0.055141023405818
Nodes: 0
Best Objective: 622399.864924309309572
Incumbent Obj:  658722.497581382980570
      0     0   623541.6744  1180   658722.4976     Cuts: 838    67292    5.34%
Time: 1089.719076871871948 seconds
MIP Gap: 0.053407653888500
Nodes: 0
Best Objective: 623541.674421987961978
Incumbent Obj:  658722.497581382980570
      0     0   624539.8677  1180   658722.4976     Cuts: 840    68452    5.19%
Time: 1123.855879068374634 seconds
MIP Gap: 0.051892306752429
Nodes: 0
Best Objective: 624539.867672163993120
Incumbent Obj:  658722.497581382980570
      0     0   625516.3739  1180   658722.4976     Cuts: 882    69577    5.04%
Time: 1159.712965011596680 seconds
MIP Gap: 0.050409882450905
Nodes: 0
Best Objective: 625516.373910538852215
Incumbent Obj:  658722.497581382980570
      0     0   626509.4588  1180   658722.4976     Cuts: 859    70655    4.89%
Time: 1193.743093013763428 seconds
MIP Gap: 0.048902290293131
Nodes: 0
Best Objective: 626509.458782042027451
Incumbent Obj:  658722.497581382980570
      0     0   627398.1718  1180   658722.4976     Cuts: 920    71760    4.76%
Time: 1219.630614042282104 seconds
MIP Gap: 0.047553144067599
Nodes: 0
Best Objective: 627398.171753326780163
Incumbent Obj:  658722.497581382980570
      0     0   628252.2939  1180   658722.4976     Cuts: 804    72888    4.63%
Time: 1251.074455022811890 seconds
MIP Gap: 0.046256509793536
Nodes: 0
Best Objective: 628252.293920787400566
Incumbent Obj:  658722.497581382980570
      0     0   629147.3589  1180   658722.4976     Cuts: 758    73975    4.49%
Time: 1281.047610044479370 seconds
MIP Gap: 0.044897720600412
Nodes: 0
Best Objective: 629147.358931768336333
Incumbent Obj:  658722.497581382980570
      0     0   630085.2649  1180   658722.4976     Cuts: 734    75079    4.35%
Time: 1311.810683965682983 seconds
MIP Gap: 0.043473894972871
Nodes: 0
Best Objective: 630085.264905262389220
Incumbent Obj:  658722.497581382980570
      0     0   630859.0768  1180   658722.4976     Cuts: 756    76291    4.23%
Time: 1337.657893896102905 seconds
MIP Gap: 0.042299178952944
Nodes: 0
Best Objective: 630859.076775858062319
Incumbent Obj:  658722.497581382980570
      0     0   631656.6325  1180   658722.4976     Cuts: 802    77320    4.11%
Time: 1364.758548974990845 seconds
MIP Gap: 0.041088417608388
Nodes: 0
Best Objective: 631656.632512718439102
Incumbent Obj:  658722.497581382980570
      0     0   632467.8387  1180   658722.4976     Cuts: 719    78432    3.99%
Time: 1396.715348958969116 seconds
MIP Gap: 0.039856933585160
Nodes: 0
Best Objective: 632467.838744231034070
Incumbent Obj:  658722.497581382980570
      0     0   633176.1888  1180   658722.4976     Cuts: 773    79481    3.88%
Time: 1422.330080032348633 seconds
MIP Gap: 0.038781594532327
Nodes: 0
Best Objective: 633176.188770859967917
Incumbent Obj:  658722.497581382980570
      0     0   633902.7037  1180   658722.4976     Cuts: 692    80553    3.77%
Time: 1453.042531013488770 seconds
MIP Gap: 0.037678679463696
Nodes: 0
Best Objective: 633902.703739488963038
Incumbent Obj:  658722.497581382980570
      0     0   634515.1063  1180   658722.4976     Cuts: 719    81595    3.67%

Clique cuts applied:  11789
Cover cuts applied:  25739
Flow cuts applied:  442
Mixed integer rounding cuts applied:  3199
Zero-half cuts applied:  536
Gomory fractional cuts applied:  7

Root node processing (before b&c):
  Real time             = 1461.53 sec. (482774.20 ticks)
Parallel b&c, 32 threads:
  Real time             =    0.00 sec. (0.00 ticks)
  Sync time (average)   =    0.00 sec.
  Wait time (average)   =    0.00 sec.
                          ------------
Total (root+branch&cut) = 1461.53 sec. (482774.20 ticks)
Post-Optimization Solution: 
p locations: 4435 4366 4218 4170 4158 4107 4367 4033 3967 3877 3844 3822 3798 3774 4427 1588 403 1904 2931 1257 857 1242 1224 1935 1198 1534 349 1016 1359 952 1227 4091 1252 250 2254 696 167 1905 11 59 1225 4195 1857 781 263 4111 103 399 2236 703 3310 2299 629 518 644 698 661 1494 2162 238 3578 1741 1981 4174 166 2003 3504 1175 2010 2958 2160 3424 2198 2372 1210 3715 2487 2495 2562 3092 2591 4161 2658 3390 2722 2786 2725 2892 2998 3016 3601 3100 3959 3124 655 3160 3167 4147 3312 3679 
p size: 100
objective: 658722.497581382514909
sum (dij * xij) 
demand/capacity: 224395.000000000000000/280500
Solution is Feasible
Time elapsed: 1542.206584469000063s
Comparing Best Bounds: 
Old Best Bound: 634515.106261660926975
New Best Bound: 634515.106261660926975



Finishing post-optimization
p locations: 4435 4366 4218 4170 4158 4107 4367 4033 3967 3877 3844 3822 3798 3774 4427 1588 403 1904 2931 1257 857 1242 1224 1935 1198 1534 349 1016 1359 952 1227 4091 1252 250 2254 696 167 1905 11 59 1225 4195 1857 781 263 4111 103 399 2236 703 3310 2299 629 518 644 698 661 1494 2162 238 3578 1741 1981 4174 166 2003 3504 1175 2010 2958 2160 3424 2198 2372 1210 3715 2487 2495 2562 3092 2591 4161 2658 3390 2722 2786 2725 2892 2998 3016 3601 3100 3959 3124 655 3160 3167 4147 3312 3679 
p size: 100
objective: 658722.497581382514909
sum (dij * xij) 
demand/capacity: 224395.000000000000000/280500
Solution is Feasible
Post Optimization Time elapsed: 1542.208063346000017s
Solution Stats
Max dist: 410.542324249278806
Min dist: 0.000000000000000
avg of Avg dists: 147.662519072266861
avg Std dev dist: 71.793563550067503



[INFO] Saving assignment: ./outputs/solutions/2024-07-16_LIT/Assignments/test_lit_fnl4461_0100_p_100_RSSV_EXACT_CPMP_BIN_POSTOPT.txt
[INFO] Saving results: ./outputs/solutions/2024-07-16_LIT/test_lit_fnl4461_0100_results_RSSV_EXACT_CPMP_BIN_POSTOPT.csv
[INFO] Saving all results: ./outputs/solutions/test_all_results.csv
Final total elapsed time: 3386s

Elapsed time: 3686945 ms

RSSV finished.
