Debug: configOverride contents: IsWeighted_ObjFunc add_break_callback add_generate_reports add_threshold_distance_rssv bw_multiplier capacities cover_mode coverages cust_max_id distance_matrix loc_max_id max_ite_subprob_rssv method method_post_opt method_rssv_fp method_rssv_sp output p seed service size_subproblems_rssv subarea threads time time_cplex time_subprob_rssv weights 
Loading instance...
Scanning input data...
Distance matrix dimensions: 3039 x 3039 = 9235521
Elapsed time: 0 ms

Loading weights...
Skipped line: customer weight coord_x coord_y
Loaded 3038 weights
Loaded 3038 coordinates
Total customer demand: 152913.00
Elapsed time: 7 ms

Loading capacities...
Skipped line: location capacity coord_x coord_y
Loaded 3038 capacities
Loaded 3038 coordinates
Elapsed time: 5 ms

Loading distance matrix...
Computing euclidian distances...
bw multiplier: 0.50
Loaded 9232482 distances
dists stdev: 862.93
bandwidth h: 18.49
locations: 3038
customers: 3038
p: 700
Elapsed time: 269 ms

[INFO] Instance loaded
loc_max_id: 3038
loc_cnt: 3038
service: p3038_700
cust_max_id: 3038
cust_cnt: 3038
unweighted obj function
p: 700
total_demand: 152913.00


-------------------------------------------------


-------------------------------------------------
RSSV heuristic 
-------------------------------------------------
method subproblems: TB_PMP
method final problem: EXACT_CPMP_BIN
-------------------------------------------------
RSSV running...
cPMP size (N): 3038
sub-cPMP size (n): 840
Subproblems cnt (M): 18
p: 700
Seed: 0
Time limit for subproblems: 300.00

thread cnt: 20

Thread 1 created with seed 1
Thread 2 created with seed 2
Solving sub-PMP 1/18...
Thread 3 created with seed 3
Solving sub-PMP 2/18...
Thread 4 created with seed 4
Solving sub-PMP 3/18...
Thread 5 created with seed 5
uncapacitated TB started
Solving sub-PMP 4/18...
Thread 6 created with seed 6
Thread uncapacitated TB started
7 created with seed 7
uncapacitated TB started
Solving sub-PMP 5/18...
Solving sub-PMP Solving sub-PMP 7/18...
Thread 8 created with seed 8
uncapacitated TB started
6/18...
Thread 9 created with seed 9
Solving sub-PMP 8/18...
uncapacitated TB started
uncapacitated TB started
Thread 10 created with seed 10
Solving sub-PMP 9/18...
uncapacitated TB started
Thread 11 created with seed 11
Solving sub-PMP 10/18...
Thread 12 created with seed 12
Solving sub-PMP 11/18...
uncapacitated TB started
uncapacitated TB started
Thread 13 created with seed 13
Solving sub-PMP 12/18...
Thread 14 created with seed 14
Solving sub-PMP 13/18...
Thread 15 created with seed 15
Thread 16 created with seed 16
uncapacitated TB started
Thread 17 created with seed 17
Thread 18 created with seed 18
uncapacitated TB started
Solving sub-PMP 17/18...
uncapacitated TB started
Solving sub-PMP 15/18...
Solving sub-PMP 16/18...
Solving sub-PMP 14/18...
Solving sub-PMP 18/18...
uncapacitated TB started
uncapacitated TB started
uncapacitated TB started
uncapacitated TB started
uncapacitated TB started
uncapacitated TB started
[INFO] Uncapacitated TB local search started
[INFO] Uncapacitated TB local search started
[INFO] Uncapacitated TB local search started
[INFO] Uncapacitated TB local search started
[INFO] Uncapacitated TB local search started
[INFO] Uncapacitated TB local search started
[INFO] Uncapacitated TB local search started
[INFO] Uncapacitated TB local search started
[INFO] Uncapacitated TB local search started
[INFO] Uncapacitated TB local search started
[INFO] Uncapacitated TB local search started
[INFO] Uncapacitated TB local search started
[INFO] Uncapacitated TB local search started
[INFO] Uncapacitated TB local search started
[INFO] Uncapacitated TB local search started
[INFO] Uncapacitated TB local search started
[INFO] Uncapacitated TB local search started
[INFO] Uncapacitated TB local search started

[INFO] Time limit reached. Stopping the algorithm.
TB elapsed time: 300.00 seconds
Num ite total uncapacited TB: 9
tb solution is feasible

[INFO] Time limit reached. Stopping the algorithm.
TB elapsed time: 300.01 seconds
Num ite total uncapacited TB: 6
tb solution is feasible

[INFO] Time limit reached. Stopping the algorithm.
TB elapsed time: 300.01 seconds
Num ite total uncapacited TB: 10
tb solution is feasible

[INFO] Time limit reached. Stopping the algorithm.
TB elapsed time: 300.01 seconds
Num ite total uncapacited TB: 8
tb solution is feasible

[INFO] Time limit reached. Stopping the algorithm.
TB elapsed time: 300.02 seconds
Num ite total uncapacited TB: 5
tb solution is feasible

[INFO] Time limit reached. Stopping the algorithm.
TB elapsed time: 300.01 seconds
Num ite total uncapacited TB: 10
tb solution is feasible

[INFO] Time limit reached. Stopping the algorithm.
TB elapsed time: 300.01 seconds
Num ite total uncapacited TB: 11
tb solution is feasible

[INFO] Time limit reached. Stopping the algorithm.
TB elapsed time: 300.00 seconds
Num ite total uncapacited TB: 18
tb solution is feasible

[INFO] Time limit reached. Stopping the algorithm.
TB elapsed time: 300.02 seconds
Num ite total uncapacited TB: 5
tb solution is feasible

[INFO] Time limit reached. Stopping the algorithm.
TB elapsed time: 300.02 seconds
Num ite total uncapacited TB: 6
tb solution is feasible

[INFO] Time limit reached. Stopping the algorithm.
TB elapsed time: 300.01 seconds
Num ite total uncapacited TB: 5
tb solution is feasible

[INFO] Time limit reached. Stopping the algorithm.
TB elapsed time: 300.02 seconds
Num ite total uncapacited TB: 10
tb solution is feasible

[INFO] Time limit reached. Stopping the algorithm.
TB elapsed time: 300.00 seconds
Num ite total uncapacited TB: 5
tb solution is feasible

[INFO] Time limit reached. Stopping the algorithm.
TB elapsed time: 300.01 seconds
Num ite total uncapacited TB: 4
tb solution is feasible

[INFO] Time limit reached. Stopping the algorithm.
TB elapsed time: 300.01 seconds
Num ite total uncapacited TB: 6
tb solution is feasible

[INFO] Time limit reached. Stopping the algorithm.
TB elapsed time: 300.01 seconds
Num ite total uncapacited TB: 7
tb solution is feasible

[INFO] Time limit reached. Stopping the algorithm.
TB elapsed time: 300.02 seconds
Num ite total uncapacited TB: 7
tb solution is feasible

[INFO] Time limit reached. Stopping the algorithm.
TB elapsed time: 300.02 seconds
Num ite total uncapacited TB: 6
tb solution is feasible
[INFO] All subproblems solved.

Elapsed time: 302428 ms


Stats: 
Max dist: 490.27
Min dist: 0.00
avg of Avg dists: 50.54
avg Std dev dist: 39.39

First 840 voting weights (sorted): 2326(18.38) 2322(18.21) 2321(17.86) 2323(17.61) 2324(15.37) 2228(13.00) 2033(12.10) 648(12.00) 3037(12.00) 650(11.69) 2161(11.03) 3020(11.00) 2109(11.00) 2445(11.00) 2626(10.28) 3004(10.15) 2219(10.11) 2931(10.09) 1251(10.08) 1423(10.00) 2275(10.00) 2558(10.00) 1935(10.00) 675(9.94) 821(9.90) 797(9.84) 570(9.77) 1332(9.68) 554(9.66) 1792(9.49) 2453(9.48) 665(9.46) 1584(9.44) 974(9.35) 2235(9.29) 413(9.26) 1092(9.26) 2891(9.24) 340(9.21) 1214(9.11) 2944(9.11) 2293(9.11) 906(9.11) 2698(9.10) 421(9.10) 179(9.09) 801(9.08) 2875(9.07) 1369(9.05) 1736(9.04) 185(9.03) 1398(9.00) 2877(9.00) 1419(9.00) 2473(9.00) 1116(9.00) 682(9.00) 229(9.00) 1315(9.00) 1790(9.00) 779(9.00) 2443(9.00) 2635(9.00) 862(9.00) 1070(9.00) 1224(9.00) 1493(9.00) 1102(9.00) 83(9.00) 3022(9.00) 922(8.99) 901(8.99) 177(8.97) 132(8.96) 133(8.91) 3003(8.91) 2134(8.61) 664(8.52) 1333(8.44) 964(8.44) 1324(8.40) 544(8.38) 3005(8.37) 2928(8.26) 1586(8.25) 1496(8.24) 2602(8.20) 120(8.16) 2912(8.16) 1752(8.16) 118(8.14) 1830(8.11) 795(8.11) 439(8.11) 1278(8.11) 231(8.11) 2804(8.10) 1853(8.10) 1977(8.09) 1074(8.09) 2185(8.09) 329(8.07) 1321(8.06) 404(8.05) 729(8.05) 518(8.04) 108(8.01) 284(8.00) 676(8.00) 2837(8.00) 2753(8.00) 280(8.00) 881(8.00) 2587(8.00) 851(8.00) 1890(8.00) 1769(8.00) 1782(8.00) 753(8.00) 447(8.00) 1803(8.00) 1819(8.00) 1576(8.00) 2699(8.00) 1277(8.00) 785(8.00) 1892(8.00) 3013(8.00) 1655(8.00) 591(8.00) 3016(8.00) 1149(8.00) 3017(8.00) 2440(8.00) 1056(8.00) 2910(8.00) 2167(8.00) 2423(8.00) 1069(8.00) 568(8.00) 563(8.00) 15(8.00) 346(8.00) 537(8.00) 2349(8.00) 2358(8.00) 2930(8.00) 1059(8.00) 2076(8.00) 661(8.00) 2083(8.00) 1216(8.00) 2866(8.00) 2092(8.00) 2873(8.00) 2136(8.00) 2139(8.00) 952(8.00) 1432(8.00) 2583(7.94) 2064(7.92) 2573(7.91) 2062(7.87) 98(7.87) 2106(7.72) 2819(7.69) 387(7.66) 1788(7.61) 2137(7.59) 699(7.50) 107(7.50) 2475(7.44) 523(7.43) 1137(7.42) 553(7.39) 989(7.38) 1559(7.37) 2000(7.37) 659(7.34) 2852(7.32) 2317(7.28) 2319(7.28) 2181(7.28) 2297(7.27) 176(7.26) 526(7.25) 2589(7.25) 2862(7.24) 1900(7.24) 668(7.23) 2526(7.23) 2927(7.22) 1914(7.21) 225(7.21) 674(7.20) 389(7.20) 717(7.20) 2913(7.18) 745(7.18) 1896(7.17) 1456(7.17) 562(7.16) 2088(7.16) 2080(7.16) 2001(7.16) 478(7.15) 92(7.15) 1053(7.15) 2581(7.15) 1178(7.14) 188(7.14) 2157(7.14) 1490(7.13) 511(7.13) 2571(7.13) 1082(7.13) 1158(7.12) 1280(7.11) 1556(7.11) 566(7.11) 2941(7.11) 2233(7.11) 2908(7.11) 2901(7.11) 1209(7.11) 2563(7.11) 2663(7.11) 813(7.10) 101(7.10) 26(7.10) 939(7.10) 1329(7.10) 2693(7.09) 2987(7.09) 2914(7.09) 2729(7.09) 955(7.09) 60(7.08) 2252(7.08) 2868(7.07) 298(7.07) 1356(7.07) 685(7.07) 2242(7.06) 2749(7.05) 678(7.05) 50(7.05) 834(7.04) 1237(7.03) 1942(7.02) 1446(7.02) 673(7.01) 337(7.00) 2330(7.00) 612(7.00) 1076(7.00) 2396(7.00) 2888(7.00) 74(7.00) 2499(7.00) 1422(7.00) 965(7.00) 2886(7.00) 1389(7.00) 160(7.00) 1185(7.00) 643(7.00) 2359(7.00) 1110(7.00) 951(7.00) 14(7.00) 2296(7.00) 1479(7.00) 2291(7.00) 1401(7.00) 582(7.00) 1046(7.00) 2260(7.00) 573(7.00) 57(7.00) 2258(7.00) 1409(7.00) 1017(7.00) 1154(7.00) 2238(7.00) 646(7.00) 399(7.00) 2416(7.00) 403(7.00) 2938(7.00) 1394(7.00) 1065(7.00) 2478(7.00) 1067(7.00) 2921(7.00) 2216(7.00) 382(7.00) 987(7.00) 2209(7.00) 982(7.00) 2426(7.00) 489(7.00) 1336(7.00) 1835(7.00) 1841(7.00) 784(7.00) 251(7.00) 244(7.00) 1866(7.00) 99(7.00) 1270(7.00) 33(7.00) 1886(7.00) 2371(7.00) 1263(7.00) 820(7.00) 2659(7.00) 1924(7.00) 1508(7.00) 1637(7.00) 1639(7.00) 312(7.00) 487(7.00) 302(7.00) 1631(7.00) 1663(7.00) 1685(7.00) 476(7.00) 1305(7.00) 1745(7.00) 1621(7.00) 1618(7.00) 733(7.00) 1590(7.00) 1784(7.00) 747(7.00) 1588(7.00) 2774(7.00) 2559(7.00) 655(7.00) 1206(7.00) 2107(7.00) 927(7.00) 2543(7.00) 419(7.00) 663(7.00) 1463(7.00) 508(7.00) 2073(7.00) 1197(7.00) 2093(7.00) 2959(7.00) 2022(7.00) 2125(7.00) 496(7.00) 493(7.00) 871(7.00) 1240(7.00) 1980(7.00) 445(7.00) 853(7.00) 698(7.00) 1944(7.00) 2596(7.00) 2527(6.89) 2221(6.83) 2143(6.83) 2525(6.77) 520(6.67) 450(6.64) 2357(6.64) 2363(6.62) 2111(6.59) 652(6.58) 2191(6.58) 2098(6.54) 265(6.52) 2802(6.51) 1502(6.48) 1824(6.48) 1688(6.47) 510(6.45) 976(6.44) 1871(6.43) 1872(6.43) 2120(6.41) 2119(6.41) 1524(6.41) 932(6.40) 555(6.39) 1817(6.39) 2059(6.38) 818(6.38) 1486(6.36) 308(6.36) 596(6.35) 977(6.35) 1066(6.34) 335(6.34) 2151(6.34) 2935(6.34) 2851(6.32) 1096(6.31) 598(6.30) 1560(6.30) 509(6.30) 2401(6.29) 1635(6.29) 1603(6.29) 2060(6.28) 2030(6.27) 556(6.27) 112(6.27) 2383(6.27) 2327(6.26) 1350(6.25) 1248(6.25) 931(6.25) 3000(6.24) 2245(6.23) 2966(6.21) 994(6.20) 2034(6.20) 2691(6.20) 2690(6.20) 577(6.20) 2488(6.20) 1299(6.20) 718(6.18) 1513(6.18) 1334(6.18) 1612(6.17) 1145(6.17) 1532(6.17) 1533(6.17) 2195(6.16) 519(6.16) 2194(6.16) 2704(6.16) 2703(6.16) 1491(6.16) 2904(6.15) 1220(6.15) 2568(6.13) 430(6.12) 1474(6.12) 2187(6.12) 625(6.11) 2714(6.11) 310(6.11) 402(6.11) 2460(6.11) 2492(6.11) 1596(6.11) 2448(6.11) 1607(6.11) 535(6.11) 1506(6.11) 2376(6.10) 887(6.10) 2700(6.10) 1448(6.10) 1514(6.10) 423(6.10) 1184(6.10) 2144(6.09) 783(6.09) 560(6.09) 1050(6.09) 2482(6.09) 49(6.09) 2451(6.09) 571(6.09) 2786(6.09) 1327(6.08) 2381(6.08) 67(6.08) 1881(6.08) 1689(6.07) 2661(6.07) 2806(6.07) 2367(6.07) 2882(6.07) 2656(6.07) 1260(6.07) 1470(6.06) 1378(6.06) 830(6.06) 816(6.06) 1868(6.05) 2580(6.05) 1130(6.04) 2839(6.03) 2592(6.02) 2597(6.02) 579(6.02) 2289(6.02) 748(6.00) 392(6.00) 1293(6.00) 396(6.00) 1804(6.00) 1297(6.00) 1783(6.00) 1774(6.00) 1773(6.00) 1476(6.00) 1807(6.00) 1766(6.00) 762(6.00) 126(6.00) 334(6.00) 2740(6.00) 1472(6.00) 1968(6.00) 1692(6.00) 1731(6.00) 1734(6.00) 1764(6.00) 2733(6.00) 2742(6.00) 408(6.00) 1746(6.00) 2719(6.00) 726(6.00) 727(6.00) 1763(6.00) 1307(6.00) 1899(6.00) 826(6.00) 1906(6.00) 163(6.00) 809(6.00) 808(6.00) 2672(6.00) 1884(6.00) 1918(6.00) 1876(6.00) 2676(6.00) 798(6.00) 839(6.00) 1864(6.00) 154(6.00) 418(6.00) 135(6.00) 2709(6.00) 1821(6.00) 1822(6.00) 3032(6.00) 383(6.00) 378(6.00) 152(6.00) 370(6.00) 369(6.00) 775(6.00) 1833(6.00) 3033(6.00) 1958(6.00) 342(6.00) 3035(6.00) 772(6.00) 677(6.00) 212(6.00) 223(6.00) 228(6.00) 46(6.00) 1498(6.00) 2917(6.00) 1415(6.00) 1976(6.00) 1417(6.00) 524(6.00) 1433(6.00) 19(6.00) 21(6.00) 2942(6.00) 497(6.00) 2960(6.00) 2965(6.00) 240(6.00) 2889(6.00) 620(6.00) 604(6.00) 76(6.00) 601(6.00) 1399(6.00) 626(6.00) 169(6.00) 627(6.00) 2849(6.00) 183(6.00) 1380(6.00) 1376(6.00) 191(6.00) 662(6.00) 2853(6.00) 1364(6.00) 588(6.00) 53(6.00) 631(6.00) 294(6.00) 1629(6.00) 2769(6.00) 2998(6.00) 1318(6.00) 1642(6.00) 1649(6.00) 433(6.00) 2796(6.00) 1653(6.00) 1313(6.00) 315(6.00) 317(6.00) 2746(6.00) 1668(6.00) 1669(6.00) 1680(6.00) 1681(6.00) 1465(6.00) 1445(6.00) 486(6.00) 1337(6.00) 270(6.00) 2782(6.00) 477(6.00) 2778(6.00) 277(6.00) 1328(6.00) 1613(6.00) 1599(6.00) 93(6.00) 460(6.00) 454(6.00) 446(6.00) 285(6.00) 2991(6.00) 1606(6.00) 2993(6.00) 1451(6.00) 2498(6.00) 2173(6.00) 1175(6.00) 983(6.00) 2486(6.00) 2029(6.00) 2028(6.00) 2210(6.00) 2465(6.00) 1168(6.00) 2211(6.00) 2608(6.00) 2214(6.00) 1165(6.00) 998(6.00) 2220(6.00) 2229(6.00) 1159(6.00) 2023(6.00) 905(6.00) 2067(6.00) 911(6.00) 2061(6.00) 2089(6.00) 1208(6.00) 1207(6.00) 924(6.00) 2538(6.00) 1181(6.00) 2112(6.00) 2528(6.00) 1194(6.00) 2524(6.00) 950(6.00) 1190(6.00) 1235(6.00) 953(6.00) 2514(6.00) 2110(6.00) 2441(6.00) 2305(6.00) 1052(6.00) 2439(6.00) 2310(6.00) 2315(6.00) 2320(6.00) 2412(6.00) 2406(6.00) 2298(6.00) 1080(6.00) 1119(6.00) 2398(6.00) 2333(6.00) 2346(6.00) 2392(6.00) 2386(6.00) 1104(6.00) 903(6.00) 2405(6.00) 2240(6.00) 2268(6.00) 2442(6.00) 2270(6.00) 2273(6.00) 2290(6.00) 1016(6.00) 2610(6.00) 1031(6.00) 157(6.00) 1242(6.00) 1023(6.00) 2277(6.00) 923(5.97) 900(5.97) 2105(5.90) 696(5.87) 2982(5.76) 1273(5.76) 1271(5.76) 2981(5.72) 701(5.70) 1749(5.70) 233(5.69) 543(5.67) 1331(5.67) 1501(5.67) 1823(5.64) 741(5.64) 1455(5.64) 2570(5.62) 2244(5.61) 2827(5.60) 2124(5.59) 1129(5.58) 2713(5.56) 1247(5.48) 2114(5.48) 704(5.48) 248(5.47) 2892(5.44) 2712(5.43) 2300(5.42) 2925(5.41) 221(5.40) 1999(5.39) 1816(5.39) 35(5.38) 1785(5.35) 525(5.35) 1279(5.34) 1071(5.34) 331(5.33) 2122(5.33) 2945(5.32) 644(5.31) 119(5.30) 1249(5.30) 1349(5.30) 963(5.30) 2534(5.29) 2533(5.29) 2132(5.29) 2133(5.29) 993(5.29) 2285(5.29) 1915(5.29) 1187(5.29) 2924(5.29) 2554(5.28) 2572(5.27) 2135(5.27) 1800(5.27) 1687(5.26) 1058(5.26) 1832(5.26) 2121(5.26) 1984(5.24) 1897(5.24) 1300(5.24) 227(5.23) 2717(5.21) 640(5.21) 857(5.21) 1144(5.20) 1215(5.20) 796(5.20) 1367(5.20) 2897(5.20) 1359(5.20) 187(5.19) 2158(5.19) 907(5.19) 1372(5.19) 1057(5.19) 480(5.19) 2344(5.19) 438(5.18) 794(5.18) 1919(5.18) 1844(5.18) 202(5.17) 1997(5.17) 1667(5.17) 1666(5.17) 1996(5.17) 742(5.17) 1325(5.16) 567(5.16) 1555(5.16) 2232(5.16) 2920(5.16) 2609(5.15) 2662(5.15) 1453(5.15) 1261(5.14) 2011(5.14) 2010(5.14) 940(5.14) 272(5.14) 271(5.14) 2615(5.14) 1339(5.14) 1153(5.14) 2508(5.14) 847(5.14) 624(5.14) 220(5.14) 2447(5.13) 1507(5.13) 443(5.12) 1176(5.12) 2601(5.12) 1388(5.12) 890(5.11) 889(5.11) 1825(5.11) 216(5.11) 2652(5.11) 217(5.11) 2651(5.11) 2031(5.11) 


Filtered 840 locations: 2326 2322 2321 2323 2324 2228 2033 648 3037 650 2161 3020 2109 2445 2626 3004 2219 2931 1251 1423 2275 2558 1935 675 821 797 570 1332 554 1792 2453 665 1584 974 2235 413 1092 2891 340 1214 2944 2293 906 2698 421 179 801 2875 1369 1736 185 1398 2877 1419 2473 1116 682 229 1315 1790 779 2443 2635 862 1070 1224 1493 1102 83 3022 922 901 177 132 133 3003 2134 664 1333 964 1324 544 3005 2928 1586 1496 2602 120 2912 1752 118 1830 795 439 1278 231 2804 1853 1977 1074 2185 329 1321 404 729 518 108 284 676 2837 2753 280 881 2587 851 1890 1769 1782 753 447 1803 1819 1576 2699 1277 785 1892 3013 1655 591 3016 1149 3017 2440 1056 2910 2167 2423 1069 568 563 15 346 537 2349 2358 2930 1059 2076 661 2083 1216 2866 2092 2873 2136 2139 952 1432 2583 2064 2573 2062 98 2106 2819 387 1788 2137 699 107 2475 523 1137 553 989 1559 2000 659 2852 2317 2319 2181 2297 176 526 2589 2862 1900 668 2526 2927 1914 225 674 389 717 2913 745 1896 1456 562 2088 2080 2001 478 92 1053 2581 1178 188 2157 1490 511 2571 1082 1158 1280 1556 566 2941 2233 2908 2901 1209 2563 2663 813 101 26 939 1329 2693 2987 2914 2729 955 60 2252 2868 298 1356 685 2242 2749 678 50 834 1237 1942 1446 673 337 2330 612 1076 2396 2888 74 2499 1422 965 2886 1389 160 1185 643 2359 1110 951 14 2296 1479 2291 1401 582 1046 2260 573 57 2258 1409 1017 1154 2238 646 399 2416 403 2938 1394 1065 2478 1067 2921 2216 382 987 2209 982 2426 489 1336 1835 1841 784 251 244 1866 99 1270 33 1886 2371 1263 820 2659 1924 1508 1637 1639 312 487 302 1631 1663 1685 476 1305 1745 1621 1618 733 1590 1784 747 1588 2774 2559 655 1206 2107 927 2543 419 663 1463 508 2073 1197 2093 2959 2022 2125 496 493 871 1240 1980 445 853 698 1944 2596 2527 2221 2143 2525 520 450 2357 2363 2111 652 2191 2098 265 2802 1502 1824 1688 510 976 1871 1872 2120 2119 1524 932 555 1817 2059 818 1486 308 596 977 1066 335 2151 2935 2851 1096 598 1560 509 2401 1635 1603 2060 2030 556 112 2383 2327 1350 1248 931 3000 2245 2966 994 2034 2691 2690 577 2488 1299 718 1513 1334 1612 1145 1532 1533 2195 519 2194 2704 2703 1491 2904 1220 2568 430 1474 2187 625 2714 310 402 2460 2492 1596 2448 1607 535 1506 2376 887 2700 1448 1514 423 1184 2144 783 560 1050 2482 49 2451 571 2786 1327 2381 67 1881 1689 2661 2806 2367 2882 2656 1260 1470 1378 830 816 1868 2580 1130 2839 2592 2597 579 2289 748 392 1293 396 1804 1297 1783 1774 1773 1476 1807 1766 762 126 334 2740 1472 1968 1692 1731 1734 1764 2733 2742 408 1746 2719 726 727 1763 1307 1899 826 1906 163 809 808 2672 1884 1918 1876 2676 798 839 1864 154 418 135 2709 1821 1822 3032 383 378 152 370 369 775 1833 3033 1958 342 3035 772 677 212 223 228 46 1498 2917 1415 1976 1417 524 1433 19 21 2942 497 2960 2965 240 2889 620 604 76 601 1399 626 169 627 2849 183 1380 1376 191 662 2853 1364 588 53 631 294 1629 2769 2998 1318 1642 1649 433 2796 1653 1313 315 317 2746 1668 1669 1680 1681 1465 1445 486 1337 270 2782 477 2778 277 1328 1613 1599 93 460 454 446 285 2991 1606 2993 1451 2498 2173 1175 983 2486 2029 2028 2210 2465 1168 2211 2608 2214 1165 998 2220 2229 1159 2023 905 2067 911 2061 2089 1208 1207 924 2538 1181 2112 2528 1194 2524 950 1190 1235 953 2514 2110 2441 2305 1052 2439 2310 2315 2320 2412 2406 2298 1080 1119 2398 2333 2346 2392 2386 1104 903 2405 2240 2268 2442 2270 2273 2290 1016 2610 1031 157 1242 1023 2277 923 900 2105 696 2982 1273 1271 2981 701 1749 233 543 1331 1501 1823 741 1455 2570 2244 2827 2124 1129 2713 1247 2114 704 248 2892 2712 2300 2925 221 1999 1816 35 1785 525 1279 1071 331 2122 2945 644 119 1249 1349 963 2534 2533 2132 2133 993 2285 1915 1187 2924 2554 2572 2135 1800 1687 1058 1832 2121 1984 1897 1300 227 2717 640 857 1144 1215 796 1367 2897 1359 187 2158 907 1372 1057 480 2344 438 794 1919 1844 202 1997 1667 1666 1996 742 1325 567 1555 2232 2920 2609 2662 1453 1261 2011 2010 940 272 271 2615 1339 1153 2508 847 624 220 2447 1507 443 1176 2601 1388 890 889 1825 216 2652 217 2651 2031 

Extracted 0 prioritized locations: 

Final instance parameters:
loc_max_id: 3038
loc_cnt: 840
service: p3038_700
cust_max_id: 3038
cust_cnt: 3038
unweighted obj function
p: 700
total_demand: 152913.00
threshold_dist: 529.66



-------------------------------------------------
Final Problem RSSV heuristic
-------------------------------------------------
    RSSV_EXACT_CPMP_BIN
-------------------------------------------------
Gap Cplex Reports: gap_Bin_service_p3038_700_p_700_RSSV_EXACT_CPMP_BIN.csv
[CALLBACK] Generating reports cplex callbacks...
[CALLBACK] Using BreakCallback...
Time Limit with not improving 1.00% (gap): 120.00 seconds
Time Limit with Gap less than 1%: 120.00 seconds
Default row names c1, c2 ... being created.
Version identifier: 22.1.1.0 | 2022-11-28 | 9160aff4d
CPXPARAM_TimeLimit                               2098
Legacy callback                                  i
Tried aggregator 1 time.
MIP Presolve eliminated 2377652 rows and 2377652 columns.
Reduced MIP has 3879 rows, 175108 columns, and 350216 nonzeros.
Reduced MIP has 175108 binaries, 0 generals, 0 SOSs, and 0 indicators.
Presolve time = 5.31 sec. (1902.31 ticks)
Found incumbent of value 1025877.897644 after 8.43 sec. (2926.32 ticks)
Tried aggregator 1 time.
Detecting symmetries...
Reduced MIP has 3879 rows, 175108 columns, and 350216 nonzeros.
Reduced MIP has 175108 binaries, 0 generals, 0 SOSs, and 0 indicators.
Presolve time = 1.17 sec. (360.23 ticks)
Probing time = 1.72 sec. (37.04 ticks)
Clique table members: 177306.
MIP emphasis: balance optimality and feasibility.
MIP search method: dynamic search.
Parallel mode: deterministic, using up to 32 threads.
Root relaxation solution time = 1.73 sec. (207.24 ticks)

        Nodes                                         Cuts/
   Node  Left     Objective  IInf  Best Integer    Best Bound    ItCnt     Gap

*     0+    0                      1025877.8976        0.0000           100.00%
*     0+    0                       297985.1664        0.0000           100.00%
*     0+    0                       291641.7167        0.0000           100.00%
*     0+    0                       242989.8180        0.0000           100.00%
      0     0   147834.2098   760   242989.8180   147834.2098     1104   39.16%
Time: 33.42 seconds
MIP Gap: 0.39
Nodes: 0
Best Objective: 147834.209771544323303
Incumbent Obj:  242989.817960734479129
      0     0   149369.6222   823   242989.8180    Cuts: 1069     2178   38.53%
      0     0   153709.1314  1152   242989.8180    Cuts: 1069     3826   36.74%
*     0+    0                       218868.3043   153709.1314            29.77%
Time: 38.814756870269775 seconds
MIP Gap: 0.297709497600378
Nodes: 0
Best Objective: 153709.131378532329109
Incumbent Obj:  218868.304289081424940
      0     0   155362.2884  1170   218868.3043    Cuts: 1069     5002   29.02%
*     0+    0                       181057.4399   155362.2884            14.19%
*     0+    0                       162667.8467   155362.2884             4.49%
      0     0  -1.00000e+75     0   162667.8467   155362.2884     5002    4.49%
Time: 51.403482913970947 seconds
MIP Gap: 0.044910893353178
Nodes: 0
Best Objective: 155362.288400567951612
Incumbent Obj:  162667.846716441068565
      0     0   156015.4833  1165   162667.8467     Cuts: 912     6118    4.09%
      0     0   156269.3724  1112   162667.8467     Cuts: 633     6761    3.93%
Detecting symmetries...
      0     0   156401.2353  1180   162667.8467     Cuts: 444     7254    3.85%
Time: 57.236078977584839 seconds
MIP Gap: 0.038523970865677
Nodes: 0
Best Objective: 156401.235328754497459
Incumbent Obj:  162667.846716441068565
      0     0   156488.7609  1083   162667.8467     Cuts: 332     7609    3.80%
      0     0   156554.4378  1036   162667.8467     Cuts: 295     7933    3.76%
      0     0   156593.1479  1149   162667.8467     Cuts: 241     8236    3.73%
      0     0   156626.6458  1098   162667.8467     Cuts: 232     8447    3.71%
      0     0   156653.9736   996   162667.8467     Cuts: 152     8666    3.70%
Time: 63.070181846618652 seconds
MIP Gap: 0.036970263034357
Nodes: 0
Best Objective: 156653.973636101698503
Incumbent Obj:  162667.846716441068565
      0     0   156667.6698   899   162667.8467     Cuts: 131     8812    3.69%
      0     0   156680.3995   909   162667.8467     Cuts: 107     8971    3.68%
      0     0   156693.6516   892   162667.8467     Cuts: 129     9155    3.67%
      0     0   156703.8121   953   162667.8467     Cuts: 135     9322    3.67%
*     0+    0                       160858.3343   156703.8121             2.58%
*     0+    0                       158486.7597   156703.8121             1.12%
*     0+    0                       157319.9779   156703.8121             0.39%
*     0+    0                       157193.5714   156703.8121             0.31%
*     0+    0                       157086.5209   156703.8121             0.24%
      0     0  -1.00000e+75     0   157086.5209   156703.8121     9322    0.24%
Detecting symmetries...
Time: 144.653417825698853 seconds
MIP Gap: 0.002436293037999
Nodes: 0
Best Objective: 156703.812133993109455
Incumbent Obj:  157086.520931301522069
      0     2   156703.8121   953   157086.5209   156703.8121     9322    0.24%
Elapsed time = 127.77 sec. (16682.56 ticks, tree = 0.02 MB, solutions = 12)
     13    11   156710.2634   924   157086.5209   156704.6884     9507    0.24%
     37    33   156715.9676   900   157086.5209   156704.6884    10050    0.24%
Time: 149.696218013763428 seconds
MIP Gap: 0.002411185360667
Nodes: 63
Best Objective: 156707.756211673869984
Incumbent Obj:  157086.520931301522069
     79    65   156718.2438   820   157086.5209   156707.7562    10717    0.24%
    138   122   156750.8851   845   157086.5209   156707.7562    11582    0.24%
    182   167   156771.2333   674   157086.5209   156708.0943    12461    0.24%
    237   215   156773.6239   680   157086.5209   156709.8193    13401    0.24%
Time: 154.760087966918945 seconds
MIP Gap: 0.002398051955347
Nodes: 247
Best Objective: 156709.819292623549700
Incumbent Obj:  157086.520931301522069
    311   291   156719.5383   869   157086.5209   156709.9342    14897    0.24%
    377   353   156877.8799   562   157086.5209   156709.9342    15607    0.24%
    450   427   156756.1842   798   157086.5209   156710.3822    16587    0.24%
Time: 159.928586959838867 seconds
MIP Gap: 0.002394468821154
Nodes: 469
Best Objective: 156710.382154707971495
Incumbent Obj:  157086.520931301522069
Time: 165.552155017852783 seconds
MIP Gap: 0.002390718412057
Nodes: 813
Best Objective: 156710.971293425012846
Incumbent Obj:  157086.520931301522069
    859   805   157044.1614   281   157086.5209   156710.9713    21872    0.24%
Elapsed time = 147.80 sec. (19825.45 ticks, tree = 66.37 MB, solutions = 12)
Time: 170.916581869125366 seconds
MIP Gap: 0.002380078214792
Nodes: 1109
Best Objective: 156712.642724995472236
Incumbent Obj:  157086.520931301522069
   1250  1120   156765.7337   808   157086.5209   156712.6427    26814    0.24%
Time: 175.990902900695801 seconds
MIP Gap: 0.002379786635330
Nodes: 1384
Best Objective: 156712.688528198777931
Incumbent Obj:  157086.520931301522069
*  1607+ 1313                       157055.1219   156712.6885             0.22%
*  1620+ 1318                       157053.5924   156712.6885             0.22%
*  1641+ 1318                       157009.2364   156712.6885             0.19%
   1705  1526   156851.5129   733   157009.2364   156712.6885    33108    0.19%
Time: 182.357002019882202 seconds
MIP Gap: 0.002379786635330
Nodes: 1655
Best Objective: 156712.688528198777931
Incumbent Obj:  157086.520931301522069
Time: 189.232705831527710 seconds
MIP Gap: 0.002066577125162
Nodes: 1790
Best Objective: 156712.697667719068704
Incumbent Obj:  157037.227209268661682
   1952  1610   156859.5624   717   157009.2364   156712.6977    36658    0.19%
Time: 195.808069944381714 seconds
MIP Gap: 0.002066577125162
Nodes: 1916
Best Objective: 156712.697667719068704
Incumbent Obj:  157037.227209268661682
   2234  1850   156868.8458   260   157009.2364   156712.6977    40780    0.19%
*  2288+ 1830                       156966.3742   156712.6977             0.16%
Time: 201.972072839736938 seconds
MIP Gap: 0.001616119945282
Nodes: 2205
Best Objective: 156712.697667719068704
Incumbent Obj:  156966.374155730794882
   2476  1837   156780.4730   664   156966.3742   156712.6977    43474    0.16%
Time: 207.536228895187378 seconds
MIP Gap: 0.001616119945282
Nodes: 2341
Best Objective: 156712.697667719068704
Incumbent Obj:  156966.374155730794882
*  2775+ 2001                       156959.3003   156712.6977             0.16%
   2826  2172        cutoff         156959.3003   156712.6977    48249    0.16%
Time: 214.753222942352295 seconds
MIP Gap: 0.001571124491478
Nodes: 2689
Best Objective: 156712.697667719068704
Incumbent Obj:  156959.300268536171643
*  3056+ 2256                       156958.5466   156712.6977             0.16%
Time: 221.428158044815063 seconds
MIP Gap: 0.001566330625140
Nodes: 2922
Best Objective: 156712.697667719068704
Incumbent Obj:  156958.546646208531456
   3135  2380   156746.5549   915   156958.5466   156712.6977    51822    0.16%
   3413  2691   156845.2545   478   156958.5466   156712.6977    55829    0.16%
Time: 227.444067001342773 seconds
MIP Gap: 0.001566330625140
Nodes: 3276
Best Objective: 156712.697667719068704
Incumbent Obj:  156958.546646208531456
Time: 233.696930885314941 seconds
MIP Gap: 0.001566330625140
Nodes: 3688
Best Objective: 156712.697667719068704
Incumbent Obj:  156958.546646208531456
   3901  2971   156823.4801   315   156958.5466   156712.6977    59556    0.16%
Time: 241.775176048278809 seconds
MIP Gap: 0.001559229228361
Nodes: 4001
Best Objective: 156713.812292636750499
Incumbent Obj:  156958.546646208531456
   4225  3368   156832.4570   853   156958.5466   156713.8123    65725    0.16%
Elapsed time = 224.32 sec. (29377.75 ticks, tree = 336.86 MB, solutions = 22)
Time: 247.432138919830322 seconds
MIP Gap: 0.001559229228361
Nodes: 4339
Best Objective: 156713.812292636750499
Incumbent Obj:  156958.546646208531456
*  4487+ 3455                       156955.2966   156713.8123             0.15%
   4563  3711   156745.7369   923   156955.2966   156713.8123    70570    0.15%
*  4647+ 3694                       156946.4654   156713.8123             0.15%
*  4679+ 3694                       156939.5784   156713.8123             0.14%
Time: 252.700923919677734 seconds
MIP Gap: 0.001438554605356
Nodes: 4509
Best Objective: 156713.812292636750499
Incumbent Obj:  156939.578445972816553
   4755  3693   156802.2735   883   156939.5784   156713.8123    72442    0.14%
Time: 258.208163022994995 seconds
MIP Gap: 0.001438554605356
Nodes: 4737
Best Objective: 156713.812292636750499
Incumbent Obj:  156939.578445972816553
   5029  3941   156834.8532   757   156939.5784   156713.8123    75716    0.14%
*  5408+ 4052                       156937.8573   156713.8123             0.14%
   5408  4054   156749.2084   832   156937.8573   156713.8123    77126    0.14%

Performing restart 1

Repeating presolve.
Tried aggregator 1 time.
MIP Presolve eliminated 0 rows and 107869 columns.
MIP Presolve modified 67 coefficients.
Reduced MIP has 3879 rows, 67239 columns, and 134478 nonzeros.
Reduced MIP has 67239 binaries, 0 generals, 0 SOSs, and 0 indicators.
Presolve time = 0.47 sec. (155.56 ticks)
Tried aggregator 1 time.
MIP Presolve modified 18 coefficients.
Reduced MIP has 3879 rows, 67239 columns, and 134478 nonzeros.
Reduced MIP has 67239 binaries, 0 generals, 0 SOSs, and 0 indicators.
Presolve time = 0.44 sec. (130.77 ticks)
Represolve time = 16.78 sec. (4500.99 ticks)
*  5409+    0                       156933.8537   156715.3470             0.14%
   5409     0   156748.7758   671   156933.8537     Cuts: 152    88729    0.12%
   5409     0   156766.6849   721   156933.8537     Cuts: 144    88940    0.11%
*  5409+    0                       156905.7901   156766.6849             0.09%
   5409     0  -1.00000e+75     0   156905.7901   156766.6849    88940    0.09%

Repeating presolve.
Tried aggregator 2 times.
MIP Presolve eliminated 4 rows and 32572 columns.
MIP Presolve modified 83 coefficients.
Aggregator did 13 substitutions.
Reduced MIP has 3862 rows, 34654 columns, and 69308 nonzeros.
Reduced MIP has 34654 binaries, 0 generals, 0 SOSs, and 0 indicators.
Presolve time = 0.25 sec. (91.71 ticks)
Tried aggregator 1 time.
MIP Presolve modified 12 coefficients.
Reduced MIP has 3862 rows, 34654 columns, and 69308 nonzeros.
Reduced MIP has 34654 binaries, 0 generals, 0 SOSs, and 0 indicators.
Presolve time = 0.19 sec. (64.72 ticks)
Represolve time = 11.22 sec. (3131.85 ticks)
   5409     0   156779.1898   869   156905.7901     Cuts: 150    93945    0.08%
   5409     0   156791.1052   802   156905.7901     Cuts: 130    94131    0.07%
   5409     0   156797.9856   679   156905.7901     Cuts: 124    94277    0.07%
   5409     0   156802.4560   732   156905.7901     Cuts: 101    94395    0.07%
*  5409+    0                       156904.5528   156802.4560             0.07%
   5409     0   156805.2532   780   156904.5528      Cuts: 97    94497    0.06%
   5409     0   156808.8275   698   156904.5528      Cuts: 91    94605    0.06%
   5409     0   156812.6880   746   156904.5528      Cuts: 87    94709    0.06%
   5409     0   156815.6240   717   156904.5528      Cuts: 82    94817    0.06%
   5409     0   156817.6447   690   156904.5528      Cuts: 85    94913    0.06%
   5409     0   156819.6683   712   156904.5528      Cuts: 54    94991    0.05%
   5409     0   156821.4206   696   156904.5528      Cuts: 52    95065    0.05%
   5409     0   156822.7765   678   156904.5528      Cuts: 66    95149    0.05%
   5409     0   156824.8493   609   156904.5528      Cuts: 61    95238    0.05%
   5409     0   156826.6701   655   156904.5528      Cuts: 53    95305    0.05%
   5409     0   156827.8271   659   156904.5528      Cuts: 46    95377    0.05%
   5409     0   156828.5045   664   156904.5528      Cuts: 45    95430    0.05%
   5409     0   156829.6259   765   156904.5528      Cuts: 46    95511    0.05%
Time: 413.829095840454102 seconds
MIP Gap: 0.000467267383040
Nodes: 5409
Best Objective: 156831.236440420761937
Incumbent Obj:  156904.552820204145974
Stopping optimization: Gap is less than 1% for more than 120.00 seconds.
Stopping optimization: Gap is less than 1% for more than 120.00 seconds.

Clique cuts applied:  1127
Cover cuts applied:  1104
Flow cuts applied:  300
Mixed integer rounding cuts applied:  502
Zero-half cuts applied:  986
Lift and project cuts applied:  1
Gomory fractional cuts applied:  55

Root node processing (before b&c):
  Real time             =  116.20 sec. (17560.34 ticks)
Parallel b&c, 32 threads:
  Real time             =  289.15 sec. (32608.02 ticks)
  Sync time (average)   =   94.38 sec.
  Wait time (average)   =    0.94 sec.
                          ------------
Total (root+branch&cut) =  405.35 sec. (50168.36 ticks)
[INFO] Saving variables cplex:
./outputs/solutions/2024-08-27_LIT_seed_0_1-2p/VarsValues_cplex/test_lit_p3038_700_CPMP_Vars_Bin_p_700_RSSV_EXACT_CPMP_BIN.txt
[INFO] Saving results cplex: 
./outputs/solutions/2024-08-27_LIT_seed_0_1-2p/Results_cplex/test_lit_p3038_700_Bin_RSSV_EXACT_CPMP_BIN.csv

Final solution CPMP:
p locations: 1031 2524 2610 1016 2270 2240 1104 2597 2386 2333 1119 2298 2406 2320 950 1194 2538 924 2067 2023 1168 2465 2028 535 2486 1080 2498 157 2993 2991 1498 727 93 1586 277 2778 477 1337 486 1465 1681 1680 187 2746 317 2442 315 1653 160 433 1642 1318 1629 294 631 191 1376 2089 1380 2873 2310 183 2849 1399 2960 21 1514 19 1417 1976 1415 2908 2917 228 212 772 342 1835 1958 1833 340 775 369 152 378 135 418 154 2676 1876 1175 1884 2672 809 163 1190 1899 1763 270 1746 408 1968 1247 126 53 2889 762 588 1297 396 1293 392 2592 2839 830 2796 1260 2656 2173 46 2882 240 2367 2806 3032 905 1881 2381 1327 2451 49 1773 2482 280 989 1050 2543 560 726 2144 2376 1607 2448 2305 887 1596 402 310 1803 2714 430 2568 1491 2703 67 2194 519 1532 625 1334 577 2034 2412 285 994 839 2966 1248 556 2769 2060 983 1692 2401 1307 598 335 1066 2559 2904 2195 1486 818 1350 2059 555 932 701 2119 2753 626 1871 2580 510 2211 2191 698 652 2363 2652 1159 1868 450 520 853 1240 2214 796 2998 2289 871 493 2125 1313 604 2022 2959 413 1463 419 927 2699 2782 1364 2073 1053 1165 1734 1130 421 1560 851 1216 1181 1890 2901 2930 673 1433 2851 15 1508 2927 1069 662 2080 1056 1731 2440 383 1092 931 2349 1332 2423 753 1782 544 447 952 993 284 568 1277 677 2804 518 2011 2877 1866 729 329 404 1752 1774 1065 2558 1783 2492 1074 1977 1208 2626 2245 118 460 2587 76 785 1184 2602 3020 2167 2277 1493 2064 646 2139 2827 1409 2405 987 2392 265 974 1613 2357 1631 2987 1639 2228 543 2729 370 2187 1176 1745 1071 2242 220 1422 2291 3000 2663 2733 1315 3035 2326 2209 2528 1110 951 3005 169 2296 337 1046 982 308 1017 2938 2229 1555 14 1432 1769 2478 119 2749 1067 2383 1372 1023 1389 2098 1263 881 1590 1892 2601 1924 99 808 2935 1470 2346 1637 2439 312 579 1997 596 1305 907 233 1599 890 216 820 2238 794 120 35 1453 2499 1790 779 1261 1935 624 1576 2285 524 1942 1649 231 940 272 2719 2010 911 202 2981 1663 620 1329 2609 1900 1919 1129 2886 50 1635 2344 217 2913 1479 2525 1816 2273 2982 2508 1339 1825 1116 2534 640 1349 1823 1149 2914 1496 443 2076 1367 1996 648 2925 2216 798 1800 2137 2740 2031 1556 847 1153 2910 74 783 2327 1618 1076 1785 1844 1472 2181 1914 496 2110 1401 2819 399 1817 566 2693 1984 438 2691 1273 1832 1158 1906 1197 2615 570 1279 1394 685 650 1359 571 1280 2698 298 2135 176 1886 2554 1209 2712 497 1206 1915 834 2252 2300 2133 83 1501 480 244 2371 953 2330 1621 2709 2000 582 2941 1666 248 331 1749 2122 704 2868 741 1242 826 2244 696 747 1456 1185 476 813 2161 1220 2157 1448 2866 2581 454 2219 801 2928 1821 2158 2088 1807 389 2359 3033 1685 976 302 2092 225 487 1271 562 1980 2317 1178 1944 1235 251 1669 2105 1588 1251 901 2143 2852 1841 423 2268 1559 1524 2233 2942 1187 1896 478 1419 2837 1137 523 2062 644 1655 3003 2132 1423 3022 1853 1606 2315 862 33 1451 742 2944 2235 1224 2109 668 1398 2107 387 1096 2514 1237 2690 563 1356 2774 682 612 1321 2030 2185 1476 745 2802 2093 2260 133 185 1603 2445 1736 718 2136 2398 1689 271 346 2473 1764 1214 2061 643 1300 591 889 3016 2001 2635 508 2742 2033 1324 1102 678 1059 1513 2931 2293 1584 2258 2700 573 816 107 1792 1057 1766 2475 748 2875 2573 1864 537 112 665 2083 2786 659 857 2275 903 1612 1687 2396 1299 2717 1369 1446 98 923 57 2416 998 2453 733 2151 2488 1145 2563 3013 177 797 2924 1506 964 26 2862 2659 
p size: 700
objective: 156904.552820195094682
sum (dij * xij) 
demand/capacity: 152913.000000000000000/191100
Solution is Feasible
Statistics:
Max distance: 281.396517391384918
Min distance: 0.000000000000000
Avg distance: 51.647318242328865
Std deviation distance: 41.726438427762012


Final total elapsed time: 740s
[INFO] Saving assignment: ./outputs/solutions/2024-08-27_LIT_seed_0_1-2p/Assignments/test_lit_p3038_700_p_700_RSSV_EXACT_CPMP_BIN.txt
[INFO] Saving results: ./outputs/solutions/2024-08-27_LIT_seed_0_1-2p/test_lit_p3038_700_results_RSSV_EXACT_CPMP_BIN.csv
[INFO] Saving all results: ./outputs/solutions/test_all_results.csv
Post Optimization: EXACT_CPMP_BIN


-------------------------------------------------
Post Optimization
-------------------------------------------------
method: EXACT_CPMP_BIN
-------------------------------------------------
Time for post-optimization: 2860.000000000000000s
PostOptimization constructor for Solution_cap
p locations: 1031 2524 2610 1016 2270 2240 1104 2597 2386 2333 1119 2298 2406 2320 950 1194 2538 924 2067 2023 1168 2465 2028 535 2486 1080 2498 157 2993 2991 1498 727 93 1586 277 2778 477 1337 486 1465 1681 1680 187 2746 317 2442 315 1653 160 433 1642 1318 1629 294 631 191 1376 2089 1380 2873 2310 183 2849 1399 2960 21 1514 19 1417 1976 1415 2908 2917 228 212 772 342 1835 1958 1833 340 775 369 152 378 135 418 154 2676 1876 1175 1884 2672 809 163 1190 1899 1763 270 1746 408 1968 1247 126 53 2889 762 588 1297 396 1293 392 2592 2839 830 2796 1260 2656 2173 46 2882 240 2367 2806 3032 905 1881 2381 1327 2451 49 1773 2482 280 989 1050 2543 560 726 2144 2376 1607 2448 2305 887 1596 402 310 1803 2714 430 2568 1491 2703 67 2194 519 1532 625 1334 577 2034 2412 285 994 839 2966 1248 556 2769 2060 983 1692 2401 1307 598 335 1066 2559 2904 2195 1486 818 1350 2059 555 932 701 2119 2753 626 1871 2580 510 2211 2191 698 652 2363 2652 1159 1868 450 520 853 1240 2214 796 2998 2289 871 493 2125 1313 604 2022 2959 413 1463 419 927 2699 2782 1364 2073 1053 1165 1734 1130 421 1560 851 1216 1181 1890 2901 2930 673 1433 2851 15 1508 2927 1069 662 2080 1056 1731 2440 383 1092 931 2349 1332 2423 753 1782 544 447 952 993 284 568 1277 677 2804 518 2011 2877 1866 729 329 404 1752 1774 1065 2558 1783 2492 1074 1977 1208 2626 2245 118 460 2587 76 785 1184 2602 3020 2167 2277 1493 2064 646 2139 2827 1409 2405 987 2392 265 974 1613 2357 1631 2987 1639 2228 543 2729 370 2187 1176 1745 1071 2242 220 1422 2291 3000 2663 2733 1315 3035 2326 2209 2528 1110 951 3005 169 2296 337 1046 982 308 1017 2938 2229 1555 14 1432 1769 2478 119 2749 1067 2383 1372 1023 1389 2098 1263 881 1590 1892 2601 1924 99 808 2935 1470 2346 1637 2439 312 579 1997 596 1305 907 233 1599 890 216 820 2238 794 120 35 1453 2499 1790 779 1261 1935 624 1576 2285 524 1942 1649 231 940 272 2719 2010 911 202 2981 1663 620 1329 2609 1900 1919 1129 2886 50 1635 2344 217 2913 1479 2525 1816 2273 2982 2508 1339 1825 1116 2534 640 1349 1823 1149 2914 1496 443 2076 1367 1996 648 2925 2216 798 1800 2137 2740 2031 1556 847 1153 2910 74 783 2327 1618 1076 1785 1844 1472 2181 1914 496 2110 1401 2819 399 1817 566 2693 1984 438 2691 1273 1832 1158 1906 1197 2615 570 1279 1394 685 650 1359 571 1280 2698 298 2135 176 1886 2554 1209 2712 497 1206 1915 834 2252 2300 2133 83 1501 480 244 2371 953 2330 1621 2709 2000 582 2941 1666 248 331 1749 2122 704 2868 741 1242 826 2244 696 747 1456 1185 476 813 2161 1220 2157 1448 2866 2581 454 2219 801 2928 1821 2158 2088 1807 389 2359 3033 1685 976 302 2092 225 487 1271 562 1980 2317 1178 1944 1235 251 1669 2105 1588 1251 901 2143 2852 1841 423 2268 1559 1524 2233 2942 1187 1896 478 1419 2837 1137 523 2062 644 1655 3003 2132 1423 3022 1853 1606 2315 862 33 1451 742 2944 2235 1224 2109 668 1398 2107 387 1096 2514 1237 2690 563 1356 2774 682 612 1321 2030 2185 1476 745 2802 2093 2260 133 185 1603 2445 1736 718 2136 2398 1689 271 346 2473 1764 1214 2061 643 1300 591 889 3016 2001 2635 508 2742 2033 1324 1102 678 1059 1513 2931 2293 1584 2258 2700 573 816 107 1792 1057 1766 2475 748 2875 2573 1864 537 112 665 2083 2786 659 857 2275 903 1612 1687 2396 1299 2717 1369 1446 98 923 57 2416 998 2453 733 2151 2488 1145 2563 3013 177 797 2924 1506 964 26 2862 2659 
p size: 700
objective: 156904.552820195094682
sum (dij * xij) 
demand/capacity: 152913.000000000000000/191100
Solution is Feasible
[INFO] Running post-optimization
Time limit: 2860.000000000000000
Max size of the neigh: 3
 ------------------------------------ 

Iteration Post-Optimization: 1
Size of neighborhood: 1
[INFO] Adding MIP start solution
Gap Cplex Reports: gap_Bin_service_p3038_700_p_700_RSSV_POSTOPT.csv
[CALLBACK] Generating reports cplex callbacks...
Default row names c1, c2 ... being created.
Version identifier: 22.1.1.0 | 2022-11-28 | 9160aff4d
CPXPARAM_TimeLimit                               2860
CPXPARAM_MIP_Tolerances_LowerCutoff              156831.23644042076
Legacy callback                                  i
1 of 2 MIP starts provided solutions.
MIP start 'm1' defined initial solution with objective 157131.0287.
Tried aggregator 1 time.
MIP Presolve eliminated 9030034 rows and 9030034 columns.
Reduced MIP has 6777 rows, 202448 columns, and 406296 nonzeros.
Reduced MIP has 202448 binaries, 0 generals, 0 SOSs, and 0 indicators.
Presolve time = 15.21 sec. (5975.93 ticks)
Tried aggregator 1 time.
Detecting symmetries...
Reduced MIP has 6777 rows, 202448 columns, and 406296 nonzeros.
Reduced MIP has 202448 binaries, 0 generals, 0 SOSs, and 0 indicators.
Presolve time = 1.32 sec. (410.04 ticks)
Probing time = 1.32 sec. (37.04 ticks)
Clique table members: 203148.
MIP emphasis: balance optimality and feasibility.
MIP search method: dynamic search.
Parallel mode: deterministic, using up to 32 threads.
Root relaxation solution time = 0.78 sec. (390.46 ticks)

        Nodes                                         Cuts/
   Node  Left     Objective  IInf  Best Integer    Best Bound    ItCnt     Gap

*     0+    0                       157131.0287        0.0000           100.00%
      0     0    64696.9791  2412   157131.0287    64696.9791     6637   58.83%
Time: 201.000870227813721 seconds
MIP Gap: 0.588260958770379
Nodes: 0
Best Objective: 64696.979100835560530
Incumbent Obj:  157131.028691435058136
*     0+    0                       156508.7644    64696.9791            58.66%
      0     0    97261.8010  3938   156508.7644    Cuts: 1794     9897   37.86%
Time: 208.615909099578857 seconds
MIP Gap: 0.378553646266796
Nodes: 0
Best Objective: 97261.800953916870640
Incumbent Obj:  156508.764384307316504
      0     0   109699.4275  3867   156508.7644    Cuts: 1794    12229   29.91%
      0     0   115903.8740  3568   156508.7644    Cuts: 1794    14499   25.94%
*     0+    0                       149307.1988   115903.8740            22.37%
      0     0  -1.00000e+75     0   149307.1988   115903.8740    14499   22.37%
Time: 215.228161096572876 seconds
MIP Gap: 0.223722131852926
Nodes: 0
Best Objective: 115903.873958534604753
Incumbent Obj:  149307.198767871304881
      0     0   119840.8391  3457   149307.1988    Cuts: 1794    16684   19.74%
Time: 220.759293079376221 seconds
MIP Gap: 0.197353911429317
Nodes: 0
Best Objective: 119840.839086477324599
Incumbent Obj:  149307.198767871304881
      0     0   121898.5931  3384   149307.1988    Cuts: 1794    18415   18.36%
Detecting symmetries...
      0     0   123245.2960  3277   149307.1988    Cuts: 1482    20022   17.46%
Time: 228.170881032943726 seconds
MIP Gap: 0.174552218515771
Nodes: 0
Best Objective: 123245.295982564130099
Incumbent Obj:  149307.198767871304881
      0     0   124018.0288  3080   149307.1988    Cuts: 1162    21412   16.94%
      0     0   124451.4698  2912   149307.1988     Cuts: 942    22553   16.65%
Time: 233.658577203750610 seconds
MIP Gap: 0.166473747667442
Nodes: 0
Best Objective: 124451.469835256109945
Incumbent Obj:  149307.198767871304881
      0     0   124715.2472  2792   149307.1988     Cuts: 683    23376   16.47%
      0     0   124908.3508  2418   149307.1988     Cuts: 579    24131   16.34%
Time: 239.307304143905640 seconds
MIP Gap: 0.163413741169487
Nodes: 0
Best Objective: 124908.350833677264745
Incumbent Obj:  149307.198767871304881
      0     0   125048.1062  2803   149307.1988     Cuts: 506    24953   16.25%
      0     0   125140.1002  2479   149307.1988     Cuts: 454    25574   16.19%
      0     0   125216.5250  2541   149307.1988     Cuts: 360    26098   16.13%
Time: 245.000998020172119 seconds
MIP Gap: 0.161349713939909
Nodes: 0
Best Objective: 125216.524957506102510
Incumbent Obj:  149307.198767871304881
      0     0   125262.9062  2468   149307.1988     Cuts: 284    26472   16.10%
      0     0   125294.8328  2367   149307.1988     Cuts: 240    26847   16.08%
      0     0   125315.7383  2376   149307.1988     Cuts: 201    27146   16.07%
Time: 251.381557226181030 seconds
MIP Gap: 0.160685222675236
Nodes: 0
Best Objective: 125315.738286840118235
Incumbent Obj:  149307.198767871304881
      0     0   125348.8568  2491   149307.1988     Cuts: 199    27533   16.05%
      0     0   125370.3780  2689   149307.1988     Cuts: 190    27861   16.03%
Time: 257.168967008590698 seconds
MIP Gap: 0.160319267806125
Nodes: 0
Best Objective: 125370.377983222526382
Incumbent Obj:  149307.198767871304881
      0     0   125388.6188  2728   149307.1988     Cuts: 134    28136   16.02%
Detecting symmetries...
Time: 316.782842159271240 seconds
MIP Gap: 0.160197097774534
Nodes: 0
Best Objective: 125388.618848412894295
Incumbent Obj:  149307.198767871304881
      0     2   125388.6188  2728   149307.1988   125388.6188    28136   16.02%
Elapsed time = 267.37 sec. (50956.81 ticks, tree = 0.02 MB, solutions = 3)
      5     7   125421.1525  2633   149307.1988   125388.7349    28258   16.02%
     10     3   125388.8058  2721   149307.1988   125388.7349    28142   16.02%
     18    16   125416.6884  2618   149307.1988   125388.8973    28499   16.02%
Time: 324.828838109970093 seconds
MIP Gap: 0.160145626117670
Nodes: 30
Best Objective: 125396.303937315125950
Incumbent Obj:  149307.198767871304881
     37    27   125437.9490  2601   149307.1988   125396.3039    29134   16.01%
     60    46   125453.8406  2435   149307.1988   125397.6949    30266   16.01%
     88    59   125454.5508  2418   149307.1988   125397.6949    31481   16.01%
    147    91   125434.5415  2202   149307.1988   125397.6949    33115   16.01%
Time: 332.328191995620728 seconds
MIP Gap: 0.160131890247185
Nodes: 151
Best Objective: 125398.354801659894292
Incumbent Obj:  149307.198767871304881
    190   137   125475.5336  2292   149307.1988   125398.3548    34748   16.01%
    240   192   125481.3271  2059   149307.1988   125401.4232    36487   16.01%
Time: 338.225040197372437 seconds
MIP Gap: 0.160090354005539
Nodes: 322
Best Objective: 125404.556461547443178
Incumbent Obj:  149307.198767871304881
    434   377   125470.7642  1880   149307.1988   125410.3236    42528   16.01%
Elapsed time = 292.91 sec. (54312.10 ticks, tree = 35.01 MB, solutions = 3)
*   624+  394                       127577.4544   125411.7451             1.70%
    650   583   125444.0548  2093   127577.4544   125411.7451    50680    1.70%
*   657+  444                       127385.0662   125411.7451             1.55%
Time: 356.961033105850220 seconds
MIP Gap: 0.016975642408644
Nodes: 586
Best Objective: 125411.745148840695038
Incumbent Obj:  127577.454394038941246
*   664+  377                       127012.3143   125411.7451             1.26%
    686   594   125607.8137  1817   127012.3143   125411.7451    51257    1.26%
Time: 362.979910135269165 seconds
MIP Gap: 0.015490991787818
Nodes: 604
Best Objective: 125411.745148840695038
Incumbent Obj:  127385.066162657109089
    713   625   125571.0572  1467   127012.3143   125411.7451    52222    1.26%
Time: 368.604754209518433 seconds
MIP Gap: 0.015490991787818
Nodes: 638
Best Objective: 125411.745148840695038
Incumbent Obj:  127385.066162657109089
    732   643   125578.6900  1422   127012.3143   125411.7451    52822    1.26%
Time: 374.459798097610474 seconds
MIP Gap: 0.015490991787818
Nodes: 663
Best Objective: 125411.745148840695038
Incumbent Obj:  127385.066162657109089
    772   678   125702.7345  1442   127012.3143   125411.7451    53833    1.26%
Time: 379.952056169509888 seconds
MIP Gap: 0.015490991787818
Nodes: 725
Best Objective: 125411.745148840695038
Incumbent Obj:  127385.066162657109089
    842   733   125765.3279  1307   127012.3143   125411.7451    55723    1.26%
Time: 390.043920040130615 seconds
MIP Gap: 0.013144697015149
Nodes: 805
Best Objective: 125411.745148840695038
Incumbent Obj:  127082.202192681434099
    908   810   125624.7112  1386   127012.3143   125411.7451    57900    1.26%
    934   840   125666.7165  1559   127012.3143   125411.7451    59093    1.26%
Time: 395.339940071105957 seconds
MIP Gap: 0.013144697015149
Nodes: 866
Best Objective: 125411.745148840695038
Incumbent Obj:  127082.202192681434099
Time: 402.648680210113525 seconds
MIP Gap: 0.013144697015149
Nodes: 914
Best Objective: 125411.745148840695038
Incumbent Obj:  127082.202192681434099
    999   884   125606.7260  1533   127012.3143   125411.7451    60736    1.26%
   1008   851   125607.7284  1751   127012.3143   125411.7451    59678    1.26%
Elapsed time = 356.38 sec. (64083.66 ticks, tree = 87.72 MB, solutions = 11)
Time: 407.704366207122803 seconds
MIP Gap: 0.013144697015149
Nodes: 935
Best Objective: 125411.745148840695038
Incumbent Obj:  127082.202192681434099
   1082   966   125614.3780  1573   127012.3143   125411.7451    63005    1.26%
Time: 417.654031991958618 seconds
MIP Gap: 0.012601685184932
Nodes: 1029
Best Objective: 125411.745148840695038
Incumbent Obj:  127012.314348874846473
   1157  1035   126068.9513   884   127012.3143   125411.7451    65434    1.26%
Time: 423.467939138412476 seconds
MIP Gap: 0.012601685184932
Nodes: 1095
Best Objective: 125411.745148840695038
Incumbent Obj:  127012.314348874846473
   1198  1063   125825.2783  1068   127012.3143   125411.7451    67009    1.26%
   1272  1159   125592.9332  1180   127012.3143   125411.7451    70715    1.26%
Time: 432.530040025711060 seconds
MIP Gap: 0.012601685184932
Nodes: 1189
Best Objective: 125411.745148840695038
Incumbent Obj:  127012.314348874846473
   1323  1206   125924.3691   676   127012.3143   125411.7451    72780    1.26%
Time: 437.701042175292969 seconds
MIP Gap: 0.012601685184932
Nodes: 1243
Best Objective: 125411.745148840695038
Incumbent Obj:  127012.314348874846473
   1383  1274   125960.0422  1125   127012.3143   125411.7451    75605    1.26%
Time: 449.792404174804688 seconds
MIP Gap: 0.012601502862943
Nodes: 1375
Best Objective: 125411.768305978519493
Incumbent Obj:  127012.314348874846473
   1485  1341   125764.0830  1395   127012.3143   125411.7451    78117    1.26%
   1553  1385   125989.8643   895   127012.3143   125411.7683    80157    1.26%
Time: 458.635951995849609 seconds
MIP Gap: 0.012601502862943
Nodes: 1450
Best Objective: 125411.768305978519493
Incumbent Obj:  127012.314348874846473
   1614  1450   125776.7446  1241   127012.3143   125411.7683    82632    1.26%
Time: 464.200409173965454 seconds
MIP Gap: 0.012601502862943
Nodes: 1538
Best Objective: 125411.768305978519493
Incumbent Obj:  127012.314348874846473
Time: 469.478519201278687 seconds
MIP Gap: 0.012601502862943
Nodes: 1617
Best Objective: 125411.768305978519493
Incumbent Obj:  127012.314348874846473
   1720  1582   126219.4090   836   127012.3143   125411.7683    88332    1.26%
Elapsed time = 418.70 sec. (73801.61 ticks, tree = 215.40 MB, solutions = 14)
Time: 476.575030088424683 seconds
MIP Gap: 0.012601502862943
Nodes: 1719
Best Objective: 125411.768305978519493
Incumbent Obj:  127012.314348874846473
   1853  1702   125605.5739  1710   127012.3143   125411.7683    93353    1.26%
Time: 482.687934160232544 seconds
MIP Gap: 0.012601502862943
Nodes: 1773
Best Objective: 125411.768305978519493
Incumbent Obj:  127012.314348874846473
   1944  1769   126320.6507   696   127012.3143   125411.7683    96269    1.26%
   1999  1809   126332.8268   673   127012.3143   125411.7683    98894    1.26%
Time: 492.833129167556763 seconds
MIP Gap: 0.012601502862943
Nodes: 1931
Best Objective: 125411.768305978519493
Incumbent Obj:  127012.314348874846473
   2092  1879   125746.1948  1018   127012.3143   125411.7683   101723    1.26%
*  2156+ 1932                       126145.4954   125411.7683             0.58%
Time: 499.387964010238647 seconds
MIP Gap: 0.005816514057040
Nodes: 2036
Best Objective: 125411.768305978519493
Incumbent Obj:  126145.495352931175148
   2206  2002   125705.1678  1257   126145.4954   125411.7683   107507    0.58%
   2253  1842   125423.1750  2363   126145.4954   125411.7683   110503    0.58%
Time: 507.591912031173706 seconds
MIP Gap: 0.005816514057040
Nodes: 2155
Best Objective: 125411.768305978519493
Incumbent Obj:  126145.495352931175148
   2326  1920   125535.1724  1977   126145.4954   125411.7683   114839    0.58%
Time: 512.907979011535645 seconds
MIP Gap: 0.005816514057040
Nodes: 2246
Best Objective: 125411.768305978519493
Incumbent Obj:  126145.495352931175148
   2430  2001   125553.2643  1800   126145.4954   125411.7683   118438    0.58%
   2588  2116   125450.0092  2064   126145.4954   125411.7683   123400    0.58%
Time: 519.695521116256714 seconds
MIP Gap: 0.005816514057040
Nodes: 2409
Best Objective: 125411.768305978519493
Incumbent Obj:  126145.495352931175148
*  2721+ 1934                       126041.4973   125411.7683             0.50%
   2756  2277   125519.1515  1580   126041.4973   125411.7683   130018    0.50%
Elapsed time = 479.69 sec. (83439.79 ticks, tree = 326.68 MB, solutions = 16)
Time: 532.338162183761597 seconds
MIP Gap: 0.005816514057040
Nodes: 2650
Best Objective: 125411.768305978519493
Incumbent Obj:  126145.495352931175148
   2917  2359   125692.9826  1521   126041.4973   125411.7683   132587    0.50%
Time: 543.304549217224121 seconds
MIP Gap: 0.004996203596617
Nodes: 2769
Best Objective: 125411.768305978519493
Incumbent Obj:  126041.497288052021759
   2999  2334   125578.1261  1613   126041.4973   125411.7683   137885    0.50%
*  3015+ 2285                       126040.7122   125411.7683             0.50%
Time: 550.920777082443237 seconds
MIP Gap: 0.004990005795093
Nodes: 2868
Best Objective: 125411.768305978519493
Incumbent Obj:  126040.712190225400263
   3079  2368   125550.5410  1970   126040.7122   125411.7683   139016    0.50%
*  3126+ 2388                       126011.8870   125411.7683             0.48%
*  3140+ 2388                       125990.0358   125411.7683             0.46%
   3154  2410   125745.5893   954   125990.0358   125411.7683   140602    0.46%
   3239  2492   125615.4633  1549   125990.0358   125411.7683   143385    0.46%
*  3298+ 2419                       125979.1045   125411.7683             0.45%
Time: 565.447929143905640 seconds
MIP Gap: 0.004589787137325
Nodes: 3072
Best Objective: 125411.768305978519493
Incumbent Obj:  125990.035751501840423
*  3322+ 2419                       125978.9773   125411.7683             0.45%
   3328  2504   125709.4689   994   125978.9773   125411.7683   146933    0.45%
   3377  2520   125822.7829   876   125978.9773   125411.7683   147863    0.45%
Time: 573.571925163269043 seconds
MIP Gap: 0.004502409724402
Nodes: 3163
Best Objective: 125411.768305978519493
Incumbent Obj:  125978.977278346719686
*  3395+ 2529                       125938.5970   125411.7683             0.42%
*  3406+ 2529                       125925.6671   125411.7683             0.41%
   3430  2548   125801.8906  1088   125925.6671   125411.7683   149982    0.41%
Time: 581.103929996490479 seconds
MIP Gap: 0.004080969566680
Nodes: 3249
Best Objective: 125411.768305978519493
Incumbent Obj:  125925.667121163918637
   3485  2560   125641.3349  1177   125925.6671   125411.7683   154038    0.41%
   3568  2608   125572.0718  1625   125925.6671   125411.7683   156418    0.41%
Elapsed time = 542.13 sec. (93072.20 ticks, tree = 371.66 MB, solutions = 27)
Time: 594.551020145416260 seconds
MIP Gap: 0.004080969566680
Nodes: 3366
Best Objective: 125411.768305978519493
Incumbent Obj:  125925.667121163918637
   3655  2636   125908.0342  1101   125925.6671   125411.7683   157513    0.41%
*  3678+ 2669                       125911.5966   125411.7683             0.40%
*  3686+ 2669                       125906.8277   125411.7683             0.39%
Time: 603.251085042953491 seconds
MIP Gap: 0.003931950146198
Nodes: 3471
Best Objective: 125411.768305978519493
Incumbent Obj:  125906.827675464359345
   3714  2730   125790.7228  1148   125906.8277   125411.7683   160848    0.39%
   3792  2754   125529.8268  2285   125906.8277   125411.7683   164108    0.39%
Time: 611.273687124252319 seconds
MIP Gap: 0.003931950146198
Nodes: 3579
Best Objective: 125411.768305978519493
Incumbent Obj:  125906.827675464359345
*  3828+ 2660                       125906.8277   125411.7683             0.39%
   3858  2805        cutoff         125906.8277   125411.7683   166597    0.39%
   3944  2895   125704.2414  1249   125906.8277   125411.7683   169410    0.39%
Time: 626.704989194869995 seconds
MIP Gap: 0.003931950146197
Nodes: 3751
Best Objective: 125411.768305978519493
Incumbent Obj:  125906.827675464213826
   4027  3006   125761.0986  1050   125906.8277   125411.7683   174834    0.39%
   4145  3040   125503.6631  1830   125906.8277   125411.7683   175635    0.39%
Time: 640.050842046737671 seconds
MIP Gap: 0.003931950146197
Nodes: 3988
Best Objective: 125411.768305978519493
Incumbent Obj:  125906.827675464213826
   4318  3261        cutoff         125906.8277   125411.7683   185471    0.39%
Time: 652.241416215896606 seconds
MIP Gap: 0.003931950146197
Nodes: 4297
Best Objective: 125411.768305978519493
Incumbent Obj:  125906.827675464213826
   4543  3473   125714.3301  1312   125906.8277   125411.7683   193809    0.39%
   4760  3513   125531.6302  2060   125906.8277   125411.7683   195954    0.39%
Elapsed time = 611.64 sec. (102664.09 ticks, tree = 544.15 MB, solutions = 31)
Time: 666.560010194778442 seconds
MIP Gap: 0.003930567300099
Nodes: 4619
Best Objective: 125411.942415743804304
Incumbent Obj:  125906.827675464213826
*  4904+ 3332                       125906.3550   125411.9424             0.39%
   4991  3841   125578.4700  2277   125906.3550   125412.3109   208400    0.39%
*  5034+ 3332                       125898.9572   125412.3807             0.39%
Time: 680.823724031448364 seconds
MIP Gap: 0.003861994594122
Nodes: 4927
Best Objective: 125412.736111396909109
Incumbent Obj:  125898.957203522557393
   5211  3975   125491.7914  2201   125898.9572   125412.7361   213503    0.39%
*  5347+ 3969                       125898.8411   125412.7361             0.39%
   5351  4076   125680.0607  1744   125898.8411   125412.7361   218736    0.39%
   5447  4163   125696.0377  1740   125898.8411   125412.7361   220760    0.39%
   5511  4190   125654.0912  1889   125898.8411   125412.7361   221665    0.39%

Performing restart 1

Repeating presolve.
Tried aggregator 1 time.
MIP Presolve modified 96 coefficients.
Reduced MIP has 6777 rows, 202448 columns, and 406296 nonzeros.
Reduced MIP has 202448 binaries, 0 generals, 0 SOSs, and 0 indicators.
Presolve time = 1.17 sec. (421.08 ticks)
Tried aggregator 1 time.
MIP Presolve modified 18 coefficients.
Reduced MIP has 6777 rows, 202448 columns, and 406296 nonzeros.
Reduced MIP has 202448 binaries, 0 generals, 0 SOSs, and 0 indicators.
Presolve time = 1.58 sec. (488.77 ticks)
Represolve time = 65.08 sec. (8902.96 ticks)
   5520     0   125448.2414  2282   125898.8411     Cuts: 188   254721    0.36%
   5520     0   125476.5062  2478   125898.8411     Cuts: 166   255169    0.34%
*  5520+    0                       125892.6612   125476.5062             0.33%
   5520     0   125489.6527  2317   125892.6612     Cuts: 160   255563    0.32%
   5520     0   125499.5407  2611   125892.6612     Cuts: 145   255839    0.31%
   5520     0   125510.9606  2494   125892.6612     Cuts: 120   256161    0.30%
   5520     0   125520.8494  2307   125892.6612     Cuts: 134   256412    0.30%
   5520     0   125527.2920  2451   125892.6612     Cuts: 126   256704    0.29%
   5520     0   125535.2844  2468   125892.6612      Cuts: 96   256929    0.28%
   5520     0   125540.4011  2504   125892.6612      Cuts: 91   257095    0.28%
   5520     0   125546.6780  2720   125892.6612      Cuts: 70   257348    0.27%
   5520     0   125550.0017  2537   125892.6612      Cuts: 96   257532    0.27%
   5520     0   125556.0314  2553   125892.6612      Cuts: 66   257667    0.27%
   5520     0   125560.8112  2491   125892.6612      Cuts: 69   257834    0.26%
   5520     0   125562.7480  2385   125892.6612      Cuts: 61   257964    0.26%
*  5520+    0                       125887.3397   125562.7480             0.26%
   5520     0   125565.6244  2623   125887.3397      Cuts: 48   258097    0.26%
   5520     0   125569.2279  2492   125887.3397      Cuts: 56   258241    0.25%
   5520     0   125573.6554  2691   125887.3397      Cuts: 66   258468    0.25%
   5520     0   125576.8323  2348   125887.3397      Cuts: 69   258641    0.25%
   5520     0   125581.5659  2320   125887.3397      Cuts: 64   258796    0.24%
   5520     0   125584.3879  2295   125887.3397      Cuts: 55   258937    0.24%
   5520     0   125587.4039  1996   125887.3397      Cuts: 53   259066    0.24%
   5520     0   125589.5900  2320   125887.3397      Cuts: 55   259216    0.24%
   5520     0   125592.4496  2502   125887.3397      Cuts: 43   259333    0.23%
*  5520+    0                       125884.8022   125592.4496             0.23%
Time: 1023.117531061172485 seconds
MIP Gap: 0.002322381924059
Nodes: 5520
Best Objective: 125592.449602064458304
Incumbent Obj:  125884.802191186958225
   5520     2   125592.4496  2502   125884.8022   125592.4496   259333    0.23%
Time: 1028.345577001571655 seconds
MIP Gap: 0.002317500580137
Nodes: 5530
Best Objective: 125593.064089078456163
Incumbent Obj:  125884.802191186958225
   5537    19   125665.1000  2049   125884.8022   125593.7214   259734    0.23%
Time: 1033.356048107147217 seconds
MIP Gap: 0.002310487947347
Nodes: 5542
Best Objective: 125593.946872970002005
Incumbent Obj:  125884.802191186958225
   5651    60   125719.2003  2022   125884.8022   125593.9469   261318    0.23%
Time: 1042.627864122390747 seconds
MIP Gap: 0.002268785026473
Nodes: 5634
Best Objective: 125599.196636915017734
Incumbent Obj:  125884.802191186958225
Time: 1048.087313175201416 seconds
MIP Gap: 0.002268785026473
Nodes: 5787
Best Objective: 125599.196636915017734
Incumbent Obj:  125884.802191186958225
   5898   263        cutoff         125884.8022   125599.1966   268991    0.23%
Time: 1053.751104116439819 seconds
MIP Gap: 0.002261228347138
Nodes: 5995
Best Objective: 125600.147907998354640
Incumbent Obj:  125884.802191186958225
   6146   512   125833.3645  1745   125884.8022   125600.1479   277834    0.23%
Elapsed time = 1006.15 sec. (179183.07 ticks, tree = 47.79 MB, solutions = 37)
Time: 1062.772186040878296 seconds
MIP Gap: 0.002261228347138
Nodes: 6279
Best Objective: 125600.147907998354640
Incumbent Obj:  125884.802191186958225
   6612   909   125822.0452  1906   125884.8022   125600.1479   289284    0.23%
Time: 1073.638391017913818 seconds
MIP Gap: 0.002261228347138
Nodes: 6628
Best Objective: 125600.147907998354640
Incumbent Obj:  125884.802191186958225
   7057  1239   125862.1479  2072   125884.8022   125600.1479   299366    0.23%
Time: 1083.384277105331421 seconds
MIP Gap: 0.002261228347138
Nodes: 7096
Best Objective: 125600.147907998354640
Incumbent Obj:  125884.802191186958225
Time: 1089.700525999069214 seconds
MIP Gap: 0.002261228347138
Nodes: 7477
Best Objective: 125600.147907998354640
Incumbent Obj:  125884.802191186958225
   7746  1497   125848.5441  1388   125884.8022   125600.1479   306631    0.23%
Time: 1096.180077075958252 seconds
MIP Gap: 0.002227303376384
Nodes: 7904
Best Objective: 125604.418546231157961
Incumbent Obj:  125884.802191186958225
   8301  2285   125841.6359  1477   125884.8022   125604.4185   328400    0.22%
Time: 1103.908275127410889 seconds
MIP Gap: 0.002227303376384
Nodes: 8314
Best Objective: 125604.418546231157961
Incumbent Obj:  125884.802191186958225
   8859  2624   125854.8826  1401   125884.8022   125604.4185   338832    0.22%
Time: 1110.896078109741211 seconds
MIP Gap: 0.002227303376384
Nodes: 8694
Best Objective: 125604.418546231157961
Incumbent Obj:  125884.802191186958225
   9374  3100   125807.1419  1244   125884.8022   125604.4185   354177    0.22%
Time: 1121.744147062301636 seconds
MIP Gap: 0.002227303376384
Nodes: 9165
Best Objective: 125604.418546231157961
Incumbent Obj:  125884.802191186958225
Time: 1131.774691104888916 seconds
MIP Gap: 0.002227303376384
Nodes: 9540
Best Objective: 125604.418546231157961
Incumbent Obj:  125884.802191186958225
   9888  3487   125738.9651  1936   125884.8022   125606.7573   365300    0.22%
Time: 1140.280130147933960 seconds
MIP Gap: 0.002190834632828
Nodes: 10061
Best Objective: 125609.009406799741555
Incumbent Obj:  125884.802191186958225
  10564  4011   125762.0554  1526   125884.8022   125609.0094   378859    0.22%
Time: 1149.311519145965576 seconds
MIP Gap: 0.002190834632828
Nodes: 10659
Best Objective: 125609.009406799741555
Incumbent Obj:  125884.802191186958225
  11249  4584   125656.4776  2283   125884.8022   125609.0094   392360    0.22%
  11785  5198   125705.3932  1571   125884.8022   125609.0094   404873    0.22%
Elapsed time = 1112.10 sec. (188732.62 ticks, tree = 912.58 MB, solutions = 37)
* 11953+ 5237                       125880.8203   125609.0094             0.22%
  11982  5332   125846.7941   982   125880.8203   125609.0094   409086    0.22%
Time: 1172.194555997848511 seconds
MIP Gap: 0.002159271370460
Nodes: 11598
Best Objective: 125609.009406799741555
Incumbent Obj:  125880.820258072984871
* 12016+ 4980                       125874.8150   125609.0094             0.21%
  12083  5320   125775.3359  2187   125874.8150   125609.0094   410407    0.21%
Time: 1180.553458213806152 seconds
MIP Gap: 0.002159271370460
Nodes: 11707
Best Objective: 125609.009406799741555
Incumbent Obj:  125880.820258072984871
* 12112+ 4645                       125874.5670   125609.0094             0.21%
* 12145+ 4597                       125832.1680   125609.0094             0.18%
  12205  5403   125690.6220  1812   125832.1680   125609.0094   411752    0.18%
Time: 1192.867313146591187 seconds
MIP Gap: 0.002109699876579
Nodes: 11867
Best Objective: 125609.009406799741555
Incumbent Obj:  125874.566965190591873
  12311  5327   125643.9567  2226   125832.1680   125609.0094   412952    0.18%
  12479  5446   125730.1867  1481   125832.1680   125609.0094   415556    0.18%
Time: 1200.597601175308228 seconds
MIP Gap: 0.001773462273543
Nodes: 12019
Best Objective: 125609.009406799741555
Incumbent Obj:  125832.168009562854422
  12655  4511   125738.2003  1437   125832.1680   125611.8538   417210    0.18%
* 12686+ 4476                       125825.4015   125611.8538             0.17%
Time: 1209.678786993026733 seconds
MIP Gap: 0.001719780926855
Nodes: 12194
Best Objective: 125609.009406799741555
Incumbent Obj:  125825.401532469171798
  12820  4598   125677.1159  2187   125825.4015   125611.8538   419125    0.17%
  12986  4569   125698.4684  1866   125825.4015   125611.8538   421407    0.17%
Time: 1221.147994041442871 seconds
MIP Gap: 0.001719780926855
Nodes: 12559
Best Objective: 125609.009406799741555
Incumbent Obj:  125825.401532469171798
  13156  4718   125773.1780  1116   125825.4015   125611.8538   423728    0.17%
Time: 1233.331984043121338 seconds
MIP Gap: 0.001697174896847
Nodes: 12844
Best Objective: 125611.853819602620206
Incumbent Obj:  125825.401532469171798
  13398  4919   125701.0384  1910   125825.4015   125611.8538   426606    0.17%
Elapsed time = 1183.89 sec. (198318.30 ticks, tree = 850.35 MB, solutions = 43)
Time: 1239.899965047836304 seconds
MIP Gap: 0.001697174896847
Nodes: 13150
Best Objective: 125611.853819602620206
Incumbent Obj:  125825.401532469171798
  13750  5247   125711.4263  1573   125825.4015   125611.8538   431655    0.17%
Time: 1251.520236015319824 seconds
MIP Gap: 0.001697174896847
Nodes: 13628
Best Objective: 125611.853819602620206
Incumbent Obj:  125825.401532469171798
  14239  5795        cutoff         125825.4015   125611.8538   439942    0.17%
Time: 1262.738793134689331 seconds
MIP Gap: 0.001697174896847
Nodes: 14204
Best Objective: 125611.853819602620206
Incumbent Obj:  125825.401532469171798
  14731  6181   125787.9752   919   125825.4015   125611.8538   446555    0.17%
Time: 1275.328188180923462 seconds
MIP Gap: 0.001675269621167
Nodes: 14686
Best Objective: 125614.610059710728819
Incumbent Obj:  125825.401532469171798
  15270  6582   125715.1101  1566   125825.4015   125614.6101   453395    0.17%
Time: 1282.759085178375244 seconds
MIP Gap: 0.001658461227657
Nodes: 14969
Best Objective: 125616.724982573156012
Incumbent Obj:  125825.401532469171798
  15617  6906   125739.7712  1804   125825.4015   125616.7250   458917    0.17%
Time: 1289.467514991760254 seconds
MIP Gap: 0.001658461227657
Nodes: 15201
Best Objective: 125616.724982573156012
Incumbent Obj:  125825.401532469171798
  15781  7094   125822.4429  1058   125825.4015   125616.7250   461572    0.17%
Time: 1297.051485061645508 seconds
MIP Gap: 0.001645440256294
Nodes: 15526
Best Objective: 125618.363351523294114
Incumbent Obj:  125825.401532469171798
  16108  7371   125740.1454  1813   125825.4015   125618.3634   466390    0.16%
  16572  7659   125662.3903  2291   125825.4015   125618.3634   470824    0.16%
Time: 1304.230445146560669 seconds
MIP Gap: 0.001645440256294
Nodes: 16036
Best Objective: 125618.363351523294114
Incumbent Obj:  125825.401532469171798
  17065  8409   125666.0328  2068   125825.4015   125620.8662   482303    0.16%
Time: 1313.106558084487915 seconds
MIP Gap: 0.001625548624633
Nodes: 16640
Best Objective: 125620.866224064200651
Incumbent Obj:  125825.401532469171798
Time: 1322.373147010803223 seconds
MIP Gap: 0.001625548624633
Nodes: 17178
Best Objective: 125620.866224064200651
Incumbent Obj:  125825.401532469171798
Time: 1333.276071071624756 seconds
MIP Gap: 0.001625548624633
Nodes: 17486
Best Objective: 125620.866224064200651
Incumbent Obj:  125825.401532469171798
Time: 1341.607918024063110 seconds
MIP Gap: 0.001625548624633
Nodes: 17790
Best Objective: 125620.866224064200651
Incumbent Obj:  125825.401532469171798
  18511  9589   125717.0844  1845   125825.4015   125620.8662   505110    0.16%
Elapsed time = 1296.60 sec. (210747.17 ticks, tree = 1796.08 MB, solutions = 44)
Time: 1350.187266111373901 seconds
MIP Gap: 0.001625548624633
Nodes: 18188
Best Objective: 125620.866224064200651
Incumbent Obj:  125825.401532469171798
Time: 1357.836326122283936 seconds
MIP Gap: 0.001625548624633
Nodes: 18688
Best Objective: 125620.866224064200651
Incumbent Obj:  125825.401532469171798
Time: 1367.110105991363525 seconds
MIP Gap: 0.001625548624633
Nodes: 19355
Best Objective: 125620.866224064200651
Incumbent Obj:  125825.401532469171798
Time: 1378.302073001861572 seconds
MIP Gap: 0.001625548624633
Nodes: 20075
Best Objective: 125620.866224064200651
Incumbent Obj:  125825.401532469171798
  20632 11667   125822.6650  1656   125825.4015   125620.8662   539554    0.16%
Time: 1392.412194013595581 seconds
MIP Gap: 0.001625548624633
Nodes: 20809
Best Objective: 125620.866224064200651
Incumbent Obj:  125825.401532469171798
Time: 1399.935275077819824 seconds
MIP Gap: 0.001625548624633
Nodes: 21021
Best Objective: 125620.866224064200651
Incumbent Obj:  125825.401532469171798
Time: 1411.665147066116333 seconds
MIP Gap: 0.001618795943392
Nodes: 21396
Best Objective: 125621.715882892793161
Incumbent Obj:  125825.401532469171798
  22124 12901        cutoff         125825.4015   125621.7159   560142    0.16%
Time: 1423.291159152984619 seconds
MIP Gap: 0.001618795943392
Nodes: 21817
Best Objective: 125621.715882892793161
Incumbent Obj:  125825.401532469171798
Time: 1433.655546188354492 seconds
MIP Gap: 0.001618795943392
Nodes: 22345
Best Objective: 125621.715882892793161
Incumbent Obj:  125825.401532469171798
  23878 14424   125697.8500  2159   125825.4015   125623.6861   588072    0.16%
* 24938+13820                       125819.3963   125626.9233             0.15%
Time: 1473.385736227035522 seconds
MIP Gap: 0.001529756005594
Nodes: 24490
Best Objective: 125626.923327728480217
Incumbent Obj:  125819.396304846042767
  25479 15539   125732.4451  1831   125819.3963   125626.9233   615508    0.15%
Time: 1486.650869131088257 seconds
MIP Gap: 0.001529756005594
Nodes: 24864
Best Objective: 125626.923327728480217
Incumbent Obj:  125819.396304846042767
Time: 1496.739633083343506 seconds
MIP Gap: 0.001529756005594
Nodes: 25143
Best Objective: 125626.923327728480217
Incumbent Obj:  125819.396304846042767
Time: 1510.780113220214844 seconds
MIP Gap: 0.001529756005594
Nodes: 25684
Best Objective: 125626.923327728480217
Incumbent Obj:  125819.396304846042767
  26503 16392   125757.7872   930   125819.3963   125626.9233   628507    0.15%
Time: 1522.048949003219604 seconds
MIP Gap: 0.001529756005594
Nodes: 26284
Best Objective: 125626.923327728480217
Incumbent Obj:  125819.396304846042767
Time: 1533.322892189025879 seconds
MIP Gap: 0.001529756005594
Nodes: 26898
Best Objective: 125626.923327728480217
Incumbent Obj:  125819.396304846042767
Time: 1545.420058012008667 seconds
MIP Gap: 0.001529756005594
Nodes: 27480
Best Objective: 125626.923327728480217
Incumbent Obj:  125819.396304846042767
  28106 17899   125726.0323  2146   125819.3963   125626.9233   654837    0.15%
Time: 1555.746537208557129 seconds
MIP Gap: 0.001529756005594
Nodes: 28027
Best Objective: 125626.923327728480217
Incumbent Obj:  125819.396304846042767
Time: 1569.227564096450806 seconds
MIP Gap: 0.001504705389102
Nodes: 28704
Best Objective: 125630.075181172622251
Incumbent Obj:  125819.396304846042767
Time: 1582.326371192932129 seconds
MIP Gap: 0.001504705389102
Nodes: 29474
Best Objective: 125630.075181172622251
Incumbent Obj:  125819.396304846042767
  30129 20088   125774.3951   989   125819.3963   125636.4183   693593    0.15%
Time: 1595.634150028228760 seconds
MIP Gap: 0.001504705389102
Nodes: 30207
Best Objective: 125630.075181172622251
Incumbent Obj:  125819.396304846042767
Time: 1610.481654167175293 seconds
MIP Gap: 0.001453237904507
Nodes: 31034
Best Objective: 125636.550789013679605
Incumbent Obj:  125819.396304846042767
Time: 1627.446828126907349 seconds
MIP Gap: 0.001453237904507
Nodes: 31828
Best Objective: 125636.550789013679605
Incumbent Obj:  125819.396304846042767
  32411 21941   125786.4867   891   125819.3963   125636.5508   731067    0.15%
Time: 1642.335859060287476 seconds
MIP Gap: 0.001453237904507
Nodes: 32628
Best Objective: 125636.550789013679605
Incumbent Obj:  125819.396304846042767
* 33353+22466                       125814.9127   125636.5508             0.14%
Time: 1654.492328166961670 seconds
MIP Gap: 0.001417653440981
Nodes: 33018
Best Objective: 125636.550789013679605
Incumbent Obj:  125814.912732976255938
  33936 22803   125708.1705  1776   125814.9127   125637.7409   760980    0.14%
Time: 1669.395845174789429 seconds
MIP Gap: 0.001417653440981
Nodes: 33301
Best Objective: 125636.550789013679605
Incumbent Obj:  125814.912732976255938
Time: 1684.508230209350586 seconds
MIP Gap: 0.001417653440981
Nodes: 33746
Best Objective: 125636.550789013679605
Incumbent Obj:  125814.912732976255938
Time: 1697.172897100448608 seconds
MIP Gap: 0.001417653440981
Nodes: 34308
Best Objective: 125636.550789013679605
Incumbent Obj:  125814.912732976255938
* 34985+23134                       125814.1767   125637.7409             0.14%
  35199 23925   125754.3365  1095   125814.1767   125637.7409   782069    0.14%
Elapsed time = 1650.93 sec. (248932.73 ticks, tree = 4704.83 MB, solutions = 48)
Nodefile size = 2645.93 MB (2027.08 MB after compression)
Time: 1706.381000995635986 seconds
MIP Gap: 0.001411811388742
Nodes: 34580
Best Objective: 125636.550789013679605
Incumbent Obj:  125814.176676510804100
* 35420+23479                       125814.1767   125637.7409             0.14%
Time: 1724.244218111038208 seconds
MIP Gap: 0.001411811388742
Nodes: 35000
Best Objective: 125636.550789013679605
Incumbent Obj:  125814.176676510804100
  36128 24702   125768.2175  1133   125814.1767   125637.7409   799586    0.14%
  37081 25558   125742.8160  1630   125814.1767   125637.7409   816310    0.14%
Time: 1783.743525028228760 seconds
MIP Gap: 0.001411811388742
Nodes: 36844
Best Objective: 125636.550789013679605
Incumbent Obj:  125814.176676510774996
Time: 1799.337902069091797 seconds
MIP Gap: 0.001411811388742
Nodes: 37487
Best Objective: 125636.550789013679605
Incumbent Obj:  125814.176676510774996
  38152 26540   125720.8711  1812   125814.1767   125637.7409   837595    0.14%
Time: 1815.861027002334595 seconds
MIP Gap: 0.001411811388742
Nodes: 38179
Best Objective: 125636.550789013679605
Incumbent Obj:  125814.176676510774996
Time: 1832.700654029846191 seconds
MIP Gap: 0.001411811388742
Nodes: 39148
Best Objective: 125636.550789013679605
Incumbent Obj:  125814.176676510774996
  40346 28377   125725.6185  1955   125814.1767   125639.6968   875141    0.14%
Time: 1850.632392168045044 seconds
MIP Gap: 0.001386806258272
Nodes: 40131
Best Objective: 125639.696788916451624
Incumbent Obj:  125814.176676510774996
Time: 1870.772186994552612 seconds
MIP Gap: 0.001386806258272
Nodes: 41368
Best Objective: 125639.696788916451624
Incumbent Obj:  125814.176676510774996
  43014 31281   125794.9554  1528   125814.1767   125639.9132   932581    0.14%
Time: 1892.164293050765991 seconds
MIP Gap: 0.001385085808303
Nodes: 42581
Best Objective: 125639.913245912830462
Incumbent Obj:  125814.176676510774996
* 44055+31506                       125802.9478   125642.3396             0.13%
Time: 1914.064592123031616 seconds
MIP Gap: 0.001276664920867
Nodes: 43627
Best Objective: 125642.339620670391014
Incumbent Obj:  125802.947831108001992
Time: 1924.251846075057983 seconds
MIP Gap: 0.001276664920867
Nodes: 43971
Best Objective: 125642.339620670391014
Incumbent Obj:  125802.947831108001992
  44910 30330   125690.6829  2166   125802.9478   125642.5378   960013    0.13%
Time: 1940.260118007659912 seconds
MIP Gap: 0.001276664920867
Nodes: 44521
Best Objective: 125642.339620670391014
Incumbent Obj:  125802.947831108001992
Time: 1956.456931114196777 seconds
MIP Gap: 0.001276664920867
Nodes: 45229
Best Objective: 125642.339620670391014
Incumbent Obj:  125802.947831108001992
  46192 31539        cutoff         125802.9478   125642.5378   987193    0.13%
Time: 1974.540518999099731 seconds
MIP Gap: 0.001276664920867
Nodes: 46199
Best Objective: 125642.339620670391014
Incumbent Obj:  125802.947831108001992
  48225 33161   125785.0023  1679   125802.9478   125644.5994  1025751    0.13%
Time: 2023.624415159225464 seconds
MIP Gap: 0.001257511001743
Nodes: 48904
Best Objective: 125644.749240158722387
Incumbent Obj:  125802.947831108001992
  50649 35719   125790.9945  1448   125802.9478   125644.7492  1082465    0.13%
Time: 2041.246582031250000 seconds
MIP Gap: 0.001257511001743
Nodes: 49961
Best Objective: 125644.749240158722387
Incumbent Obj:  125802.947831108001992
Time: 2061.269798040390015 seconds
MIP Gap: 0.001244067361955
Nodes: 51189
Best Objective: 125646.440489673608681
Incumbent Obj:  125802.947831108001992
Time: 2083.156236171722412 seconds
MIP Gap: 0.001244067361955
Nodes: 52444
Best Objective: 125646.440489673608681
Incumbent Obj:  125802.947831108001992
  53123 37355        cutoff         125802.9478   125646.4405  1118721    0.12%
Elapsed time = 2032.26 sec. (287124.44 ticks, tree = 7428.24 MB, solutions = 50)
Nodefile size = 5364.60 MB (4116.42 MB after compression)
Time: 2106.002374172210693 seconds
MIP Gap: 0.001233915597157
Nodes: 53668
Best Objective: 125647.717611610889435
Incumbent Obj:  125802.947831108001992
  55721 39947   125758.8796  1849   125802.9478   125647.7176  1176581    0.12%
Time: 2132.480238199234009 seconds
MIP Gap: 0.001233915597157
Nodes: 55008
Best Objective: 125647.717611610889435
Incumbent Obj:  125802.947831108001992
Time: 2160.485692024230957 seconds
MIP Gap: 0.001228627133988
Nodes: 56397
Best Objective: 125648.382915867085103
Incumbent Obj:  125802.947831108001992
  57809 42287        cutoff         125802.9478   125649.2547  1229725    0.12%
  59125 43517   125733.0517  1690   125802.9478   125649.2547  1259537    0.12%
  60726 44587   125698.5486  2093   125802.9478   125649.2547  1284628    0.12%
  62140 45765   125674.9841  1634   125802.9478   125649.2547  1312026    0.12%
* 62988+46668                       125796.5446   125649.2547             0.12%
  63474 45179   125777.5825   951   125796.5446   125649.2547  1348098    0.12%
Time: 2357.884266138076782 seconds
MIP Gap: 0.001170858365550
Nodes: 62966
Best Objective: 125649.254651275361539
Incumbent Obj:  125796.544587863332708
* 63821+45265                       125792.6206   125649.2547             0.11%
Time: 2376.347998142242432 seconds
MIP Gap: 0.001139700866683
Nodes: 63642
Best Objective: 125649.254651275361539
Incumbent Obj:  125792.620610006895731
  64644 44291   125710.5344  1964   125792.6206   125649.2547  1366185    0.11%
  65654 45090   125780.9104  1370   125792.6206   125649.9250  1385133    0.11%
  66348 44832   125749.6122  1719   125792.6206   125649.9250  1377668    0.11%

Performing restart 2

Repeating presolve.
Tried aggregator 1 time.
MIP Presolve eliminated 16 rows and 52870 columns.
MIP Presolve modified 949 coefficients.
Reduced MIP has 6761 rows, 149578 columns, and 300556 nonzeros.
Reduced MIP has 149578 binaries, 0 generals, 0 SOSs, and 0 indicators.
Presolve time = 0.99 sec. (336.61 ticks)
Tried aggregator 1 time.
MIP Presolve modified 270 coefficients.
Reduced MIP has 6761 rows, 149578 columns, and 300556 nonzeros.
Reduced MIP has 149578 binaries, 0 generals, 0 SOSs, and 0 indicators.
Presolve time = 1.13 sec. (355.26 ticks)
Represolve time = 68.10 sec. (11451.61 ticks)
  66352     0   125602.2915  2192   125792.6206      Cuts: 86  1453421    0.11%
  66352     0   125606.3484  2478   125792.6206      Cuts: 35  1453541    0.11%
  66352     0   125608.1054  2530   125792.6206      Cuts: 36  1453637    0.11%
  66352     0   125611.6566  2543   125792.6206      Cuts: 39  1453765    0.11%
  66352     0   125615.5834  2512   125792.6206      Cuts: 36  1453880    0.11%
  66352     0   125619.2796  2485   125792.6206      Cuts: 41  1454004    0.11%
  66352     0   125621.0409  2483   125792.6206      Cuts: 26  1454110    0.11%
  66352     0   125622.3200  2566   125792.6206      Cuts: 45  1454221    0.11%
  66352     0   125623.2559  2541   125792.6206      Cuts: 23  1454283    0.11%
  66352     0   125624.0379  2479   125792.6206      Cuts: 22  1454324    0.11%
  66352     0   125624.1713  2454   125792.6206      Cuts: 10  1454339    0.11%
  66352     0   125624.3281  2309   125792.6206      Cuts: 15  1454370    0.11%
  66352     0   125624.4685  2521   125792.6206      Cuts: 15  1454396    0.11%
Starting limited solution polishing.

Repeating presolve.
Tried aggregator 1 time.
MIP Presolve eliminated 70 rows and 32858 columns.
MIP Presolve modified 1167 coefficients.
Reduced MIP has 6691 rows, 116720 columns, and 234840 nonzeros.
Reduced MIP has 116720 binaries, 0 generals, 0 SOSs, and 0 indicators.
Presolve time = 0.71 sec. (265.59 ticks)
Tried aggregator 1 time.
MIP Presolve modified 426 coefficients.
Reduced MIP has 6691 rows, 116720 columns, and 234840 nonzeros.
Reduced MIP has 116720 binaries, 0 generals, 0 SOSs, and 0 indicators.
Presolve time = 0.83 sec. (282.70 ticks)
Represolve time = 44.43 sec. (10778.78 ticks)
  66352     0   125624.5380  2515   125792.6206      Cuts: 91  1472249    0.11%
  66352     0   125624.5897  2470   125792.6206       Cuts: 6  1472270    0.11%
  66352     0   125624.7938  2492   125792.6206      Cuts: 12  1472306    0.11%
  66352     0   125626.0241  2495   125792.6206      Cuts: 21  1472350    0.11%
  66352     0   125626.7609  2395   125792.6206      Cuts: 32  1472381    0.11%
  66352     0   125627.4157  2287   125792.6206       Cuts: 9  1472409    0.11%
  66352     0   125627.8968  2478   125792.6206      Cuts: 12  1472454    0.11%
  66352     0   125628.2188  2145   125792.6206      Cuts: 14  1472502    0.11%
  66352     0   125629.1238  2353   125792.6206      Cuts: 13  1472556    0.11%
  66352     0   125630.5195  2264   125792.6206      Cuts: 17  1472617    0.11%
  66352     0   125631.7030  2341   125792.6206      Cuts: 19  1472657    0.11%
  66352     0   125632.5458  2278   125792.6206       Cuts: 9  1472691    0.11%
  66352     0   125633.1602  2330   125792.6206      Cuts: 12  1472727    0.11%
Time: 2939.331625223159790 seconds
MIP Gap: 0.001123436538045
Nodes: 66352
Best Objective: 125651.300583797172294
Incumbent Obj:  125792.620610006881179

Clique cuts applied:  1996
Cover cuts applied:  3346
Flow cuts applied:  311
Mixed integer rounding cuts applied:  821
Zero-half cuts applied:  533
Lift and project cuts applied:  3
Gomory fractional cuts applied:  21

Root node processing (before b&c):
  Real time             =  262.89 sec. (53848.87 ticks)
Parallel b&c, 32 threads:
  Real time             = 2655.39 sec. (402933.32 ticks)
  Sync time (average)   = 1176.40 sec.
  Wait time (average)   =   52.03 sec.
                          ------------
Total (root+branch&cut) = 2918.28 sec. (456782.19 ticks)
Post-Optimization Solution: 
p locations: 3033 3031 3018 3004 2994 2984 2959 2939 2928 2925 2912 2903 2877 2875 2873 2868 2861 2836 2823 2815 2814 2805 2779 2761 2756 2734 2717 2713 2708 2701 2673 2663 2659 2656 2639 2631 2601 2583 2564 2559 2534 2525 2507 2495 2488 2459 2454 2451 2448 2445 2442 2440 2438 2408 2401 2395 2392 2386 2383 2381 2366 2357 2335 2316 2997 2288 2992 2283 2988 2279 2271 2976 2267 2251 2944 2235 2938 2229 2936 2227 2932 2223 2221 2205 2910 2201 2186 2182 2147 2145 2134 2130 2124 2119 2108 2811 2102 2098 2094 2796 2087 2084 2082 2080 2073 2776 2067 2063 2056 2040 2037 2743 2034 2740 2031 2721 2012 2009 2704 1995 1979 1975 1972 1946 1942 1938 1927 1924 1908 1900 2607 1898 1896 2602 1893 2598 1889 1884 2590 1881 1876 1871 2577 1868 2573 1864 1857 1853 2553 1844 1833 1832 1828 1821 1814 1808 1803 1800 1795 1792 1775 1772 1766 1762 1752 1749 1747 1737 1720 1706 2412 1703 1701 2406 1697 2398 1689 1670 1664 1652 2359 1650 1641 2343 1634 2330 1621 1618 1611 3021 1603 3016 1598 1589 1573 2979 1561 1559 1557 1554 1532 2942 2233 1524 1515 2218 1509 1501 1499 1497 2908 2199 1490 1480 1476 1472 1463 1460 1456 1446 683 675 668 995 2750 1332 1711 293 624 280 954 2000 1291 2729 602 1250 573 2363 1654 236 571 908 2863 736 399 1952 1243 730 560 2635 1217 533 2652 1234 525 1935 517 677 642 1351 510 507 2297 170 1181 2626 499 665 328 630 1339 1916 498 835 651 484 2064 646 479 142 473 810 469 132 2589 462 799 122 2923 2214 796 438 434 1848 430 1104 1840 422 2514 1805 1096 250 420 742 2151 1442 733 2693 1984 566 397 2513 386 49 2478 1769 1060 2311 184 521 2985 2276 858 5 1913 495 2293 166 1177 2999 163 1174 84 2273 146 820 1866 1157 304 2768 641 2180 762 53 2482 1064 117 2948 2239 112 816 107 99 2528 401 1110 772 2076 658 1367 335 2882 1464 46 14 1362 1931 513 1190 388 2348 1639 221 300 699 2158 1449 31 347 1730 1021 583 2209 82 2174 756 2046 1337 628 1302 127 1138 531 2321 903 194 364 153 455 1164 493 830 2286 159 447 2847 11 1359 2870 2161 34 207 2865 2156 29 1605 187 2193 66 1414 718 381 1764 1055 50 1398 289 2184 57 549 3013 2304 1595 886 215 2317 1608 190 269 695 2787 1369 273 19 728 2111 1402 227 901 562 1236 228 307 644 981 1318 1614 905 310 1693 984 1321 2697 570 2325 907 408 2500 1791 1082 2368 241 1961 543 1252 1422 786 77 244 1032 323 247 1835 417 261 935 2690 563 1272 2029 611 576 1285 277 1997 579 1288 372 2092 1383 2967 840 131 298 1734 316 325 2417 999 339 26 704 537 2497 370 545 882 1629 211 2505 378 1453 744 2167 749 752 1469 760 725 1434 2901 774 1486 777 405 1114 779 782 794 2215 1506 797 425 1134 93 802 1516 98 807 2941 814 818 2951 2242 824 825 828 846 1569 860 2615 1197 863 1580 871 1585 876 1587 878 2306 179 888 2643 1225 890 1632 923 2345 1636 218 927 929 931 2686 1977 1268 231 940 949 2376 1667 958 964 966 969 975 1685 976 987 2033 1324 2424 1006 1724 1015 1018 1026 1744 1035 663 1372 2465 1047 1050 342 1051 679 1388 360 1069 1781 1072 1409 1783 1074 1076 1080 1417 1084 383 1092 1824 1115 2538 411 1120 2543 1125 1145 2567 1149 443 1152 1160 459 1168 1179 2604 1186 2612 485 1194 1203 1206 1210 1214 1228 2666 1957 1248 2677 1968 550 1259 1262 569 1278 2005 587 1296 596 1305 599 1308 1314 617 1326 2747 620 1329 2753 1335 1348 2774 2065 1356 1365 2794 1376 2089 1380 1391 686 1395 1400 2838 711 1420 2133 1424 
p size: 700
objective: 125792.620610013633268
sum (dij * xij) 
demand/capacity: 152913.000000000000000/191100
Solution is Feasible
Comparing Best Bounds: 
Old Best Bound: 125651.300583797172294
New Best Bound: 125651.300583797172294
Time elapsed: 3013.292073635000179s
Time remaining: 2860.000000000000000s



Finishing post-optimization
p locations: 3033 3031 3018 3004 2994 2984 2959 2939 2928 2925 2912 2903 2877 2875 2873 2868 2861 2836 2823 2815 2814 2805 2779 2761 2756 2734 2717 2713 2708 2701 2673 2663 2659 2656 2639 2631 2601 2583 2564 2559 2534 2525 2507 2495 2488 2459 2454 2451 2448 2445 2442 2440 2438 2408 2401 2395 2392 2386 2383 2381 2366 2357 2335 2316 2997 2288 2992 2283 2988 2279 2271 2976 2267 2251 2944 2235 2938 2229 2936 2227 2932 2223 2221 2205 2910 2201 2186 2182 2147 2145 2134 2130 2124 2119 2108 2811 2102 2098 2094 2796 2087 2084 2082 2080 2073 2776 2067 2063 2056 2040 2037 2743 2034 2740 2031 2721 2012 2009 2704 1995 1979 1975 1972 1946 1942 1938 1927 1924 1908 1900 2607 1898 1896 2602 1893 2598 1889 1884 2590 1881 1876 1871 2577 1868 2573 1864 1857 1853 2553 1844 1833 1832 1828 1821 1814 1808 1803 1800 1795 1792 1775 1772 1766 1762 1752 1749 1747 1737 1720 1706 2412 1703 1701 2406 1697 2398 1689 1670 1664 1652 2359 1650 1641 2343 1634 2330 1621 1618 1611 3021 1603 3016 1598 1589 1573 2979 1561 1559 1557 1554 1532 2942 2233 1524 1515 2218 1509 1501 1499 1497 2908 2199 1490 1480 1476 1472 1463 1460 1456 1446 683 675 668 995 2750 1332 1711 293 624 280 954 2000 1291 2729 602 1250 573 2363 1654 236 571 908 2863 736 399 1952 1243 730 560 2635 1217 533 2652 1234 525 1935 517 677 642 1351 510 507 2297 170 1181 2626 499 665 328 630 1339 1916 498 835 651 484 2064 646 479 142 473 810 469 132 2589 462 799 122 2923 2214 796 438 434 1848 430 1104 1840 422 2514 1805 1096 250 420 742 2151 1442 733 2693 1984 566 397 2513 386 49 2478 1769 1060 2311 184 521 2985 2276 858 5 1913 495 2293 166 1177 2999 163 1174 84 2273 146 820 1866 1157 304 2768 641 2180 762 53 2482 1064 117 2948 2239 112 816 107 99 2528 401 1110 772 2076 658 1367 335 2882 1464 46 14 1362 1931 513 1190 388 2348 1639 221 300 699 2158 1449 31 347 1730 1021 583 2209 82 2174 756 2046 1337 628 1302 127 1138 531 2321 903 194 364 153 455 1164 493 830 2286 159 447 2847 11 1359 2870 2161 34 207 2865 2156 29 1605 187 2193 66 1414 718 381 1764 1055 50 1398 289 2184 57 549 3013 2304 1595 886 215 2317 1608 190 269 695 2787 1369 273 19 728 2111 1402 227 901 562 1236 228 307 644 981 1318 1614 905 310 1693 984 1321 2697 570 2325 907 408 2500 1791 1082 2368 241 1961 543 1252 1422 786 77 244 1032 323 247 1835 417 261 935 2690 563 1272 2029 611 576 1285 277 1997 579 1288 372 2092 1383 2967 840 131 298 1734 316 325 2417 999 339 26 704 537 2497 370 545 882 1629 211 2505 378 1453 744 2167 749 752 1469 760 725 1434 2901 774 1486 777 405 1114 779 782 794 2215 1506 797 425 1134 93 802 1516 98 807 2941 814 818 2951 2242 824 825 828 846 1569 860 2615 1197 863 1580 871 1585 876 1587 878 2306 179 888 2643 1225 890 1632 923 2345 1636 218 927 929 931 2686 1977 1268 231 940 949 2376 1667 958 964 966 969 975 1685 976 987 2033 1324 2424 1006 1724 1015 1018 1026 1744 1035 663 1372 2465 1047 1050 342 1051 679 1388 360 1069 1781 1072 1409 1783 1074 1076 1080 1417 1084 383 1092 1824 1115 2538 411 1120 2543 1125 1145 2567 1149 443 1152 1160 459 1168 1179 2604 1186 2612 485 1194 1203 1206 1210 1214 1228 2666 1957 1248 2677 1968 550 1259 1262 569 1278 2005 587 1296 596 1305 599 1308 1314 617 1326 2747 620 1329 2753 1335 1348 2774 2065 1356 1365 2794 1376 2089 1380 1391 686 1395 1400 2838 711 1420 2133 1424 
p size: 700
objective: 125792.620610013633268
sum (dij * xij) 
demand/capacity: 152913.000000000000000/191100
Solution is Feasible
Solution Stats
Statistics:
Max distance: 232.475805192712471
Min distance: 0.000000000000000
Avg distance: 41.406392564191449
Std deviation distance: 30.539166238947711


[INFO] Saving assignment: ./outputs/solutions/2024-08-27_LIT_seed_0_1-2p/Assignments/test_lit_p3038_700_p_700_RSSV_EXACT_CPMP_BIN_POSTOPT.txt
[INFO] Saving results: ./outputs/solutions/2024-08-27_LIT_seed_0_1-2p/test_lit_p3038_700_results_RSSV_EXACT_CPMP_BIN_POSTOPT.csv
[INFO] Saving all results: ./outputs/solutions/test_all_results.csv
Final total elapsed time (post opt): 3754s
PostOptimization destructor
Finish solving problem
Elapsed time: 3754369 ms

RSSV finished.
