Debug: configOverride contents: IsWeighted_ObjFunc add_break_callback add_generate_reports add_threshold_distance_rssv bw_multiplier capacities cover_mode coverages cust_max_id distance_matrix loc_max_id max_ite_subprob_rssv method method_post_opt method_rssv_fp method_rssv_sp output p seed service size_subproblems_rssv subarea threads time time_cplex time_subprob_rssv weights 
Loading instance...
Scanning input data...
Distance matrix dimensions: 4462 x 4462 = 19909444
Elapsed time: 0 ms

Loading weights...
Skipped line: customer weight coord_x coord_y
Loaded 4461 weights
Loaded 4461 coordinates
Total customer demand: 224395.00
Elapsed time: 11 ms

Loading capacities...
Skipped line: location capacity coord_x coord_y
Loaded 4461 capacities
Loaded 4461 coordinates
Elapsed time: 9 ms

Loading distance matrix...
Computing euclidian distances...
bw multiplier: 0.50
Loaded 19904982 distances
dists stdev: 954.33
bandwidth h: 17.53
locations: 4461
customers: 4461
p: 20
Elapsed time: 576 ms

[INFO] Instance loaded
loc_max_id: 4461
loc_cnt: 4461
service: fnl4461_0020
cust_max_id: 4461
cust_cnt: 4461
unweighted obj function
p: 20
total_demand: 224395.00


-------------------------------------------------


-------------------------------------------------
RSSV heuristic 
-------------------------------------------------
method subproblems: TB_PMP
method final problem: EXACT_CPMP_BIN
-------------------------------------------------
RSSV running...
cPMP size (N): 4461
sub-cPMP size (n): 1784
Subproblems cnt (M): 12
p: 20
Seed: 24
Time limit for subproblems: 300.00

thread cnt: 20

Thread 1 created with seed 25
Thread 2 created with seed 26
Solving sub-PMP 1/12...
Thread 3 created with seed 27
Solving sub-PMP 2/12...
Thread 4 created with seed 28
Thread 5 created with seed 29
uncapacitated TB started
Thread 6 created with seed 30
Thread 7 created with seed 31
Thread 8 created with seed 32
Thread 9 created with seed 33
Thread 10 created with seed 34
Thread 11 created with seed 35
Thread 12 created with seed 36
Solving sub-PMP 3/12...
uncapacitated TB started
uncapacitated TB started
[INFO] Uncapacitated TB local search started
[INFO] Uncapacitated TB local search started
Solving sub-PMP 12/12...
Solving sub-PMP 11/12...
uncapacitated TB started
Solving sub-PMP 4/12...
Solving sub-PMP 10/12...Solving sub-PMP 
Solving sub-PMP 6/12...
Solving sub-PMP 5/12...
Solving sub-PMP 7/12...
uncapacitated TB started
uncapacitated TB started
uncapacitated TB started
uncapacitated TB started
[INFO] Uncapacitated TB local search started
Solving sub-PMP 8/12...
uncapacitated TB started
[INFO] Uncapacitated TB local search started
uncapacitated TB started
9/12...
uncapacitated TB started
uncapacitated TB started
[INFO] Uncapacitated TB local search started
[INFO] Uncapacitated TB local search started
[INFO] Uncapacitated TB local search started
[INFO] Uncapacitated TB local search started
[INFO] Uncapacitated TB local search started
[INFO] Uncapacitated TB local search started
[INFO] Uncapacitated TB local search started
[INFO] Uncapacitated TB local search started

[INFO] Time limit reached. Stopping the algorithm.
TB elapsed time: 300.00 seconds
Num ite total uncapacited TB: 83
tb solution is feasible

[INFO] Time limit reached. Stopping the algorithm.
TB elapsed time: 300.00 seconds
Num ite total uncapacited TB: 73
tb solution is feasible

[INFO] Time limit reached. Stopping the algorithm.
TB elapsed time: 300.00 seconds
Num ite total uncapacited TB: 95
tb solution is feasible

[INFO] Time limit reached. Stopping the algorithm.
TB elapsed time: 300.00 seconds
Num ite total uncapacited TB: 88
tb solution is feasible

[INFO] Time limit reached. Stopping the algorithm.
TB elapsed time: 300.00 seconds
Num ite total uncapacited TB: 91
tb solution is feasible

[INFO] Time limit reached. Stopping the algorithm.
TB elapsed time: 300.00 seconds
Num ite total uncapacited TB: 81
tb solution is feasible

[INFO] Time limit reached. Stopping the algorithm.
TB elapsed time: 300.00 seconds
Num ite total uncapacited TB: 84
tb solution is feasible

[INFO] Time limit reached. Stopping the algorithm.
TB elapsed time: 300.00 seconds
Num ite total uncapacited TB: 100
tb solution is feasible

[INFO] Time limit reached. Stopping the algorithm.
TB elapsed time: 300.00 seconds
Num ite total uncapacited TB: 76
tb solution is feasible

[INFO] Time limit reached. Stopping the algorithm.
TB elapsed time: 300.00 seconds
Num ite total uncapacited TB: 98
tb solution is feasible

[INFO] Time limit reached. Stopping the algorithm.
TB elapsed time: 300.00 seconds
Num ite total uncapacited TB: 83
tb solution is feasible

[INFO] Time limit reached. Stopping the algorithm.
TB elapsed time: 300.00 seconds
Num ite total uncapacited TB: 99
tb solution is feasible
[INFO] All subproblems solved.

Elapsed time: 300056 ms


Stats: 
Max dist: 815.89
Min dist: 0.00
avg of Avg dists: 286.16
avg Std dev dist: 121.07

First 1784 voting weights (sorted): 4283(2.05) 829(2.00) 675(2.00) 1180(2.00) 802(2.00) 3831(2.00) 3431(2.00) 4137(2.00) 1139(2.00) 896(2.00) 4284(1.56) 4268(1.27) 3028(1.18) 191(1.18) 183(1.18) 3047(1.18) 3081(1.18) 4298(1.18) 293(1.18) 271(1.18) 3099(1.18) 184(1.05) 208(1.05) 3612(1.05) 3663(1.05) 1947(1.04) 1968(1.04) 2317(1.04) 2334(1.04) 253(1.04) 283(1.04) 135(1.00) 2374(1.00) 4248(1.00) 4253(1.00) 2361(1.00) 2378(1.00) 1269(1.00) 2970(1.00) 1267(1.00) 3705(1.00) 780(1.00) 2963(1.00) 145(1.00) 2413(1.00) 1574(1.00) 1229(1.00) 2438(1.00) 795(1.00) 2440(1.00) 1225(1.00) 798(1.00) 2406(1.00) 3597(1.00) 2270(1.00) 2272(1.00) 3609(1.00) 2284(1.00) 1336(1.00) 3613(1.00) 3620(1.00) 3621(1.00) 3626(1.00) 2303(1.00) 2307(1.00) 3633(1.00) 3635(1.00) 3024(1.00) 3747(1.00) 4259(1.00) 2360(1.00) 2357(1.00) 2356(1.00) 2354(1.00) 1290(1.00) 759(1.00) 1652(1.00) 3003(1.00) 1297(1.00) 113(1.00) 3012(1.00) 4281(1.00) 2327(1.00) 1315(1.00) 2319(1.00) 1292(1.00) 4118(1.00) 1003(1.00) 1009(1.00) 2678(1.00) 3956(1.00) 2670(1.00) 1033(1.00) 2470(1.00) 1043(1.00) 2653(1.00) 4133(1.00) 1051(1.00) 1057(1.00) 3916(1.00) 1066(1.00) 2632(1.00) 1041(1.00) 927(1.00) 4063(1.00) 4058(1.00) 907(1.00) 4042(1.00) 952(1.00) 2757(1.00) 535(1.00) 965(1.00) 4101(1.00) 4014(1.00) 433(1.00) 975(1.00) 2720(1.00) 889(1.00) 994(1.00) 2823(1.00) 3808(1.00) 1166(1.00) 2503(1.00) 4189(1.00) 1181(1.00) 1185(1.00) 1186(1.00) 610(1.00) 1190(1.00) 3596(1.00) 2930(1.00) 803(1.00) 1548(1.00) 4209(1.00) 165(1.00) 3750(1.00) 2488(1.00) 1077(1.00) 2601(1.00) 2600(1.00) 2598(1.00) 1096(1.00) 1098(1.00) 2592(1.00) 824(1.00) 1112(1.00) 841(1.00) 2558(1.00) 3844(1.00) 681(1.00) 4177(1.00) 704(1.00) 3814(1.00) 2588(1.00) 3153(1.00) 2034(1.00) 181(1.00) 3238(1.00) 3163(1.00) 2169(1.00) 3379(1.00) 1414(1.00) 2179(1.00) 2018(1.00) 3262(1.00) 3531(1.00) 4353(1.00) 1885(1.00) 312(1.00) 1736(1.00) 2193(1.00) 315(1.00) 3257(1.00) 195(1.00) 196(1.00) 3526(1.00) 1461(1.00) 3451(1.00) 3447(1.00) 3445(1.00) 3441(1.00) 4076(1.00) 1828(1.00) 3416(1.00) 3140(1.00) 3141(1.00) 2159(1.00) 3479(1.00) 1784(1.00) 3213(1.00) 267(1.00) 3485(1.00) 1848(1.00) 3218(1.00) 3231(1.00) 2155(1.00) 1764(1.00) 2039(1.00) 4373(1.00) 4321(1.00) 3293(1.00) 2232(1.00) 1354(1.00) 1919(1.00) 1957(1.00) 2239(1.00) 2227(1.00) 3321(1.00) 3580(1.00) 1962(1.00) 1363(1.00) 3576(1.00) 3578(1.00) 238(1.00) 3194(1.00) 211(1.00) 246(1.00) 1398(1.00) 1396(1.00) 3055(1.00) 2201(1.00) 2113(1.00) 3545(1.00) 204(1.00) 2223(1.00) 1942(1.00) 1710(1.00) 3343(1.00) 2230(1.00) 1939(1.00) 1355(0.72) 201(0.68) 138(0.56) 4285(0.53) 1283(0.52) 4256(0.52) 419(0.52) 958(0.52) 1084(0.49) 2275(0.32) 4267(0.32) 1460(0.27) 1318(0.27) 1291(0.27) 2928(0.27) 1827(0.27) 2167(0.27) 1866(0.27) 4039(0.27) 2263(0.27) 2437(0.27) 239(0.27) 1323(0.27) 2170(0.25) 3632(0.24) 2372(0.24) 1193(0.24) 3342(0.24) 3721(0.21) 1208(0.21) 682(0.21) 3414(0.21) 1044(0.21) 2010(0.21) 2459(0.21) 1744(0.21) 335(0.21) 3594(0.21) 3638(0.20) 1148(0.20) 3723(0.20) 986(0.18) 4013(0.18) 1300(0.18) 2377(0.18) 1429(0.18) 2056(0.18) 3544(0.18) 1820(0.18) 1969(0.18) 1798(0.18) 3546(0.18) 1320(0.18) 1088(0.18) 2599(0.18) 3171(0.18) 212(0.18) 821(0.18) 143(0.18) 1577(0.18) 938(0.18) 791(0.15) 3475(0.08) 3791(0.08) 3769(0.08) 1194(0.07) 4364(0.07) 3233(0.07) 1359(0.07) 2554(0.07) 1286(0.07) 217(0.07) 2622(0.07) 3605(0.07) 216(0.07) 4387(0.07) 1121(0.07) 2000(0.07) 1232(0.07) 499(0.07) 2708(0.07) 3652(0.07) 2306(0.07) 234(0.07) 1996(0.07) 3350(0.07) 818(0.07) 2267(0.07) 754(0.07) 3387(0.07) 3090(0.06) 3169(0.06) 4092(0.06) 990(0.06) 3205(0.06) 4033(0.06) 771(0.06) 3607(0.06) 884(0.06) 1002(0.05) 1054(0.05) 1053(0.05) 1048(0.05) 537(0.05) 4370(0.05) 1963(0.05) 137(0.05) 207(0.05) 280(0.05) 3598(0.05) 729(0.05) 166(0.05) 1132(0.05) 1061(0.05) 3841(0.05) 4333(0.05) 2827(0.05) 1787(0.05) 4230(0.04) 1037(0.04) 2115(0.04) 274(0.04) 2371(0.04) 1119(0.04) 1116(0.04) 185(0.04) 4085(0.04) 1056(0.04) 2324(0.04) 1236(0.04) 4148(0.04) 3407(0.04) 2456(0.04) 4254(0.04) 855(0.04) 1100(0.04) 3463(0.04) 2452(0.04) 3732(0.04) 3493(0.04) 1146(0.04) 3230(0.04) 178(0.04) 4252(0.04) 125(0.04) 3567(0.04) 2616(0.04) 3972(0.04) 325(0.04) 316(0.04) 200(0.04) 1923(0.04) 1473(0.04) 4381(0.03) 1021(0.03) 3469(0.03) 2418(0.03) 276(0.03) 1693(0.03) 749(0.03) 2001(0.03) 2342(0.03) 2163(0.03) 980(0.03) 2247(0.03) 2414(0.03) 1179(0.03) 2404(0.03) 1211(0.03) 3662(0.03) 3208(0.03) 4127(0.03) 4210(0.03) 4086(0.03) 4217(0.03) 4390(0.03) 1366(0.00) 1367(0.00) 1368(0.00) 329(0.00) 328(0.00) 1369(0.00) 327(0.00) 1370(0.00) 1371(0.00) 326(0.00) 1372(0.00) 1365(0.00) 324(0.00) 323(0.00) 1374(0.00) 1375(0.00) 1376(0.00) 1377(0.00) 1378(0.00) 1379(0.00) 1380(0.00) 1381(0.00) 1373(0.00) 714(0.00) 713(0.00) 1347(0.00) 1348(0.00) 1349(0.00) 1350(0.00) 1351(0.00) 1352(0.00) 1353(0.00) 712(0.00) 711(0.00) 1356(0.00) 1364(0.00) 710(0.00) 1358(0.00) 709(0.00) 336(0.00) 334(0.00) 333(0.00) 1360(0.00) 332(0.00) 1361(0.00) 1362(0.00) 331(0.00) 330(0.00) 1382(0.00) 1357(0.00) 1403(0.00) 1404(0.00) 1405(0.00) 309(0.00) 1406(0.00) 1407(0.00) 308(0.00) 1408(0.00) 1409(0.00) 1410(0.00) 1411(0.00) 1412(0.00) 1383(0.00) 307(0.00) 1415(0.00) 306(0.00) 305(0.00) 1416(0.00) 304(0.00) 1417(0.00) 1418(0.00) 1419(0.00) 303(0.00) 1420(0.00) 1421(0.00) 1422(0.00) 1413(0.00) 1346(0.00) 1384(0.00) 1385(0.00) 1386(0.00) 1387(0.00) 322(0.00) 321(0.00) 320(0.00) 1388(0.00) 1389(0.00) 1390(0.00) 1391(0.00) 319(0.00) 310(0.00) 1393(0.00) 1394(0.00) 1395(0.00) 318(0.00) 1397(0.00) 317(0.00) 314(0.00) 313(0.00) 311(0.00) 1399(0.00) 1400(0.00) 1401(0.00) 1402(0.00) 1392(0.00) 755(0.00) 1298(0.00) 753(0.00) 1299(0.00) 752(0.00) 1301(0.00) 1302(0.00) 1303(0.00) 1304(0.00) 1305(0.00) 751(0.00) 750(0.00) 716(0.00) 1307(0.00) 1308(0.00) 1309(0.00) 1310(0.00) 748(0.00) 1311(0.00) 1312(0.00) 747(0.00) 1313(0.00) 1314(0.00) 746(0.00) 1316(0.00) 745(0.00) 1306(0.00) 769(0.00) 1278(0.00) 1279(0.00) 1280(0.00) 1281(0.00) 1282(0.00) 768(0.00) 1284(0.00) 1285(0.00) 767(0.00) 766(0.00) 765(0.00) 756(0.00) 1288(0.00) 764(0.00) 763(0.00) 1289(0.00) 762(0.00) 761(0.00) 760(0.00) 758(0.00) 1293(0.00) 1294(0.00) 1295(0.00) 1296(0.00) 757(0.00) 1287(0.00) 1333(0.00) 1334(0.00) 1335(0.00) 728(0.00) 727(0.00) 726(0.00) 725(0.00) 1337(0.00) 724(0.00) 1338(0.00) 723(0.00) 1339(0.00) 1317(0.00) 1340(0.00) 1341(0.00) 721(0.00) 1342(0.00) 1343(0.00) 720(0.00) 1344(0.00) 719(0.00) 1345(0.00) 718(0.00) 717(0.00) 302(0.00) 715(0.00) 722(0.00) 744(0.00) 743(0.00) 742(0.00) 741(0.00) 1319(0.00) 740(0.00) 739(0.00) 738(0.00) 737(0.00) 1321(0.00) 736(0.00) 735(0.00) 1332(0.00) 734(0.00) 733(0.00) 1324(0.00) 1325(0.00) 732(0.00) 1326(0.00) 1327(0.00) 1328(0.00) 1329(0.00) 731(0.00) 730(0.00) 1330(0.00) 1331(0.00) 1322(0.00) 3245(0.00) 3246(0.00) 3247(0.00) 254(0.00) 3248(0.00) 3249(0.00) 3250(0.00) 3251(0.00) 3252(0.00) 252(0.00) 3253(0.00) 251(0.00) 1424(0.00) 3255(0.00) 3256(0.00) 250(0.00) 3258(0.00) 3259(0.00) 3260(0.00) 3261(0.00) 249(0.00) 248(0.00) 247(0.00) 3263(0.00) 3264(0.00) 245(0.00) 3254(0.00) 3223(0.00) 3224(0.00) 3225(0.00) 3226(0.00) 3227(0.00) 3228(0.00) 3229(0.00) 263(0.00) 262(0.00) 261(0.00) 3232(0.00) 260(0.00) 3244(0.00) 3234(0.00) 258(0.00) 257(0.00) 3235(0.00) 3236(0.00) 3237(0.00) 256(0.00) 3239(0.00) 255(0.00) 3240(0.00) 3241(0.00) 3242(0.00) 3243(0.00) 259(0.00) 3287(0.00) 3288(0.00) 236(0.00) 3289(0.00) 235(0.00) 233(0.00) 3290(0.00) 232(0.00) 3291(0.00) 3292(0.00) 231(0.00) 230(0.00) 3265(0.00) 3295(0.00) 3296(0.00) 3297(0.00) 3298(0.00) 3299(0.00) 3300(0.00) 3301(0.00) 229(0.00) 3302(0.00) 3303(0.00) 227(0.00) 3304(0.00) 3305(0.00) 3294(0.00) 3266(0.00) 244(0.00) 3267(0.00) 3268(0.00) 3269(0.00) 3270(0.00) 3271(0.00) 3272(0.00) 243(0.00) 242(0.00) 3273(0.00) 3274(0.00) 237(0.00) 3276(0.00) 3277(0.00) 3278(0.00) 3279(0.00) 3280(0.00) 3281(0.00) 3282(0.00) 3283(0.00) 3284(0.00) 3285(0.00) 241(0.00) 3286(0.00) 240(0.00) 3275(0.00) 1444(0.00) 1445(0.00) 294(0.00) 292(0.00) 1446(0.00) 1447(0.00) 1448(0.00) 1449(0.00) 1450(0.00) 291(0.00) 1451(0.00) 1452(0.00) 3222(0.00) 1454(0.00) 1455(0.00) 290(0.00) 289(0.00) 288(0.00) 287(0.00) 1456(0.00) 1457(0.00) 1458(0.00) 1459(0.00) 286(0.00) 285(0.00) 1462(0.00) 1453(0.00) 1423(0.00) 770(0.00) 301(0.00) 300(0.00) 1425(0.00) 1426(0.00) 1427(0.00) 1428(0.00) 299(0.00) 1430(0.00) 1431(0.00) 1432(0.00) 295(0.00) 1433(0.00) 1434(0.00) 1435(0.00) 1436(0.00) 1437(0.00) 1438(0.00) 1439(0.00) 297(0.00) 1440(0.00) 1441(0.00) 1442(0.00) 1443(0.00) 296(0.00) 298(0.00) 1485(0.00) 1486(0.00) 1487(0.00) 1488(0.00) 1489(0.00) 1490(0.00) 1491(0.00) 1492(0.00) 272(0.00) 3209(0.00) 270(0.00) 3210(0.00) 1463(0.00) 3212(0.00) 269(0.00) 3214(0.00) 3215(0.00) 268(0.00) 3216(0.00) 266(0.00) 3217(0.00) 265(0.00) 264(0.00) 3219(0.00) 3220(0.00) 3221(0.00) 3211(0.00) 1464(0.00) 1465(0.00) 284(0.00) 1466(0.00) 1467(0.00) 1468(0.00) 282(0.00) 1469(0.00) 281(0.00) 1470(0.00) 1471(0.00) 1472(0.00) 279(0.00) 1484(0.00) 1475(0.00) 1476(0.00) 278(0.00) 1477(0.00) 1478(0.00) 1479(0.00) 1480(0.00) 277(0.00) 1481(0.00) 1482(0.00) 275(0.00) 273(0.00) 1483(0.00) 1474(0.00) 1030(0.00) 1031(0.00) 876(0.00) 1032(0.00) 1034(0.00) 1035(0.00) 1036(0.00) 875(0.00) 1038(0.00) 1039(0.00) 1040(0.00) 874(0.00) 1276(0.00) 873(0.00) 872(0.00) 1045(0.00) 1046(0.00) 1047(0.00) 871(0.00) 870(0.00) 1049(0.00) 1050(0.00) 869(0.00) 1052(0.00) 868(0.00) 867(0.00) 1042(0.00) 1006(0.00) 1007(0.00) 1008(0.00) 881(0.00) 1010(0.00) 1011(0.00) 880(0.00) 1012(0.00) 1013(0.00) 1014(0.00) 1015(0.00) 1016(0.00) 1029(0.00) 1018(0.00) 1019(0.00) 1020(0.00) 879(0.00) 1022(0.00) 1023(0.00) 1024(0.00) 1025(0.00) 878(0.00) 1026(0.00) 877(0.00) 1027(0.00) 1028(0.00) 1017(0.00) 1079(0.00) 857(0.00) 1080(0.00) 1081(0.00) 1082(0.00) 1083(0.00) 856(0.00) 1085(0.00) 1086(0.00) 1087(0.00) 854(0.00) 1089(0.00) 1055(0.00) 1091(0.00) 1092(0.00) 1093(0.00) 853(0.00) 852(0.00) 851(0.00) 850(0.00) 1094(0.00) 1095(0.00) 849(0.00) 1097(0.00) 848(0.00) 847(0.00) 1090(0.00) 866(0.00) 865(0.00) 1058(0.00) 1059(0.00) 1060(0.00) 864(0.00) 1062(0.00) 1063(0.00) 1064(0.00) 1065(0.00) 863(0.00) 862(0.00) 1078(0.00) 1067(0.00) 860(0.00) 1068(0.00) 1069(0.00) 1070(0.00) 1071(0.00) 1072(0.00) 1073(0.00) 1074(0.00) 859(0.00) 1075(0.00) 1076(0.00) 858(0.00) 861(0.00) 936(0.00) 937(0.00) 906(0.00) 939(0.00) 940(0.00) 941(0.00) 942(0.00) 943(0.00) 944(0.00) 945(0.00) 946(0.00) 947(0.00) 1005(0.00) 949(0.00) 905(0.00) 950(0.00) 951(0.00) 904(0.00) 903(0.00) 953(0.00) 954(0.00) 955(0.00) 956(0.00) 902(0.00) 901(0.00) 957(0.00) 948(0.00) 911(0.00) 912(0.00) 913(0.00) 914(0.00) 915(0.00) 916(0.00) 917(0.00) 918(0.00) 919(0.00) 920(0.00) 921(0.00) 922(0.00) 935(0.00) 924(0.00) 925(0.00) 926(0.00) 910(0.00) 928(0.00) 929(0.00) 930(0.00) 909(0.00) 931(0.00) 932(0.00) 933(0.00) 934(0.00) 908(0.00) 923(0.00) 983(0.00) 984(0.00) 985(0.00) 892(0.00) 987(0.00) 988(0.00) 891(0.00) 989(0.00) 890(0.00) 991(0.00) 992(0.00) 993(0.00) 900(0.00) 887(0.00) 995(0.00) 886(0.00) 996(0.00) 997(0.00) 885(0.00) 998(0.00) 999(0.00) 1000(0.00) 1001(0.00) 883(0.00) 882(0.00) 1004(0.00) 888(0.00) 959(0.00) 899(0.00) 960(0.00) 961(0.00) 962(0.00) 963(0.00) 964(0.00) 898(0.00) 966(0.00) 967(0.00) 968(0.00) 969(0.00) 982(0.00) 971(0.00) 972(0.00) 973(0.00) 897(0.00) 895(0.00) 974(0.00) 894(0.00) 976(0.00) 977(0.00) 978(0.00) 979(0.00) 893(0.00) 981(0.00) 970(0.00) 1216(0.00) 800(0.00) 1217(0.00) 799(0.00) 1218(0.00) 1219(0.00) 797(0.00) 1220(0.00) 1221(0.00) 1222(0.00) 1223(0.00) 1224(0.00) 1099(0.00) 1226(0.00) 1227(0.00) 794(0.00) 793(0.00) 1228(0.00) 792(0.00) 1230(0.00) 1231(0.00) 790(0.00) 1233(0.00) 789(0.00) 1234(0.00) 1235(0.00) 796(0.00) 810(0.00) 809(0.00) 1195(0.00) 1196(0.00) 1197(0.00) 1198(0.00) 1199(0.00) 1200(0.00) 808(0.00) 1201(0.00) 1202(0.00) 1203(0.00) 801(0.00) 1204(0.00) 1205(0.00) 1206(0.00) 1207(0.00) 806(0.00) 1209(0.00) 1210(0.00) 805(0.00) 1212(0.00) 1213(0.00) 804(0.00) 1214(0.00) 1215(0.00) 807(0.00) 1255(0.00) 777(0.00) 1256(0.00) 1257(0.00) 1258(0.00) 1259(0.00) 1260(0.00) 1261(0.00) 1262(0.00) 1263(0.00) 1264(0.00) 1265(0.00) 788(0.00) 776(0.00) 1268(0.00) 775(0.00) 1270(0.00) 1271(0.00) 1272(0.00) 1273(0.00) 1274(0.00) 774(0.00) 773(0.00) 1275(0.00) 772(0.00) 1277(0.00) 1266(0.00) 1237(0.00) 1238(0.00) 1239(0.00) 1240(0.00) 1241(0.00) 787(0.00) 786(0.00) 785(0.00) 784(0.00) 1242(0.00) 1243(0.00) 783(0.00) 1254(0.00) 781(0.00) 1244(0.00) 1245(0.00) 1246(0.00) 1247(0.00) 1248(0.00) 1249(0.00) 779(0.00) 1250(0.00) 778(0.00) 1251(0.00) 1252(0.00) 1253(0.00) 782(0.00) 1126(0.00) 1127(0.00) 1128(0.00) 1129(0.00) 1130(0.00) 839(0.00) 1131(0.00) 838(0.00) 837(0.00) 836(0.00) 1133(0.00) 1134(0.00) 1192(0.00) 1135(0.00) 1136(0.00) 834(0.00) 833(0.00) 832(0.00) 1137(0.00) 1138(0.00) 831(0.00) 1140(0.00) 1141(0.00) 1142(0.00) 1143(0.00) 830(0.00) 835(0.00) 846(0.00) 1101(0.00) 845(0.00) 1102(0.00) 1103(0.00) 1104(0.00) 1105(0.00) 1106(0.00) 1107(0.00) 1108(0.00) 1109(0.00) 1110(0.00) 1125(0.00) 844(0.00) 1113(0.00) 1114(0.00) 1115(0.00) 843(0.00) 1117(0.00) 1118(0.00) 842(0.00) 1120(0.00) 840(0.00) 1122(0.00) 1123(0.00) 1124(0.00) 1111(0.00) 1169(0.00) 1170(0.00) 1171(0.00) 1172(0.00) 1173(0.00) 1174(0.00) 820(0.00) 1175(0.00) 1176(0.00) 1177(0.00) 1178(0.00) 819(0.00) 1144(0.00) 816(0.00) 815(0.00) 1182(0.00) 1183(0.00) 1184(0.00) 814(0.00) 813(0.00) 1187(0.00) 812(0.00) 1188(0.00) 1189(0.00) 811(0.00) 1191(0.00) 817(0.00) 1145(0.00) 828(0.00) 1147(0.00) 827(0.00) 1149(0.00) 1150(0.00) 1151(0.00) 1152(0.00) 1153(0.00) 1154(0.00) 1155(0.00) 1156(0.00) 1168(0.00) 826(0.00) 1158(0.00) 825(0.00) 1159(0.00) 1160(0.00) 1161(0.00) 1162(0.00) 1163(0.00) 823(0.00) 1164(0.00) 1165(0.00) 822(0.00) 1167(0.00) 1157(0.00) 4065(0.00) 4066(0.00) 4067(0.00) 4068(0.00) 4069(0.00) 4070(0.00) 4071(0.00) 4072(0.00) 4073(0.00) 4074(0.00) 4075(0.00) 4077(0.00) 4078(0.00) 4079(0.00) 4080(0.00) 228(0.00) 4082(0.00) 4083(0.00) 4084(0.00) 4087(0.00) 4088(0.00) 4089(0.00) 4090(0.00) 4091(0.00) 4093(0.00) 4094(0.00) 4095(0.00) 4096(0.00) 4097(0.00) 4098(0.00) 4099(0.00) 4081(0.00) 4027(0.00) 4028(0.00) 4029(0.00) 4030(0.00) 4031(0.00) 4032(0.00) 4034(0.00) 4035(0.00) 4036(0.00) 4037(0.00) 4038(0.00) 4040(0.00) 4041(0.00) 4043(0.00) 4044(0.00) 4064(0.00) 4062(0.00) 4061(0.00) 4060(0.00) 4059(0.00) 4057(0.00) 4056(0.00) 4055(0.00) 4045(0.00) 4053(0.00) 4052(0.00) 4051(0.00) 4050(0.00) 4049(0.00) 4048(0.00) 4047(0.00) 4046(0.00) 4054(0.00) 4139(0.00) 4140(0.00) 4141(0.00) 4142(0.00) 4143(0.00) 4144(0.00) 4145(0.00) 4146(0.00) 4147(0.00) 4149(0.00) 4150(0.00) 4151(0.00) 4152(0.00) 4153(0.00) 4154(0.00) 4100(0.00) 4156(0.00) 4157(0.00) 4158(0.00) 4159(0.00) 4160(0.00) 4161(0.00) 4162(0.00) 4163(0.00) 4164(0.00) 4165(0.00) 4166(0.00) 4167(0.00) 4168(0.00) 4169(0.00) 4170(0.00) 4155(0.00) 4102(0.00) 4103(0.00) 4104(0.00) 4105(0.00) 4106(0.00) 4107(0.00) 4108(0.00) 4109(0.00) 4110(0.00) 4111(0.00) 4112(0.00) 4113(0.00) 4114(0.00) 4115(0.00) 4116(0.00) 4138(0.00) 4136(0.00) 4135(0.00) 4134(0.00) 4132(0.00) 4131(0.00) 4130(0.00) 4129(0.00) 4117(0.00) 4126(0.00) 4125(0.00) 4124(0.00) 4123(0.00) 4122(0.00) 4121(0.00) 4120(0.00) 4119(0.00) 4128(0.00) 3925(0.00) 3926(0.00) 3927(0.00) 3928(0.00) 3929(0.00) 3930(0.00) 3931(0.00) 3932(0.00) 3933(0.00) 3934(0.00) 3935(0.00) 3936(0.00) 3937(0.00) 3938(0.00) 3939(0.00) 4026(0.00) 3941(0.00) 3942(0.00) 3943(0.00) 3944(0.00) 3945(0.00) 3946(0.00) 3947(0.00) 3948(0.00) 3949(0.00) 3950(0.00) 3951(0.00) 3952(0.00) 3953(0.00) 3954(0.00) 3955(0.00) 3940(0.00) 3891(0.00) 3892(0.00) 3893(0.00) 3894(0.00) 3895(0.00) 3896(0.00) 3897(0.00) 3898(0.00) 3899(0.00) 3900(0.00) 3901(0.00) 3902(0.00) 3903(0.00) 3904(0.00) 3905(0.00) 3924(0.00) 3923(0.00) 3922(0.00) 3921(0.00) 3920(0.00) 3919(0.00) 3918(0.00) 3917(0.00) 3906(0.00) 3914(0.00) 3913(0.00) 3912(0.00) 3911(0.00) 3910(0.00) 3909(0.00) 3908(0.00) 3907(0.00) 3915(0.00) 3992(0.00) 3993(0.00) 3994(0.00) 3995(0.00) 3996(0.00) 3997(0.00) 3998(0.00) 3999(0.00) 4000(0.00) 4001(0.00) 4002(0.00) 4003(0.00) 4004(0.00) 4005(0.00) 4006(0.00) 3957(0.00) 4025(0.00) 4024(0.00) 4023(0.00) 4022(0.00) 4021(0.00) 4020(0.00) 4019(0.00) 4007(0.00) 4017(0.00) 4016(0.00) 4015(0.00) 4012(0.00) 4011(0.00) 4010(0.00) 4009(0.00) 4008(0.00) 4018(0.00) 3958(0.00) 3959(0.00) 3960(0.00) 3961(0.00) 3962(0.00) 3963(0.00) 3964(0.00) 3965(0.00) 3966(0.00) 3967(0.00) 3968(0.00) 3969(0.00) 3970(0.00) 3971(0.00) 3973(0.00) 3991(0.00) 3990(0.00) 3989(0.00) 3988(0.00) 3987(0.00) 3986(0.00) 3985(0.00) 3984(0.00) 3974(0.00) 3982(0.00) 3981(0.00) 3980(0.00) 3979(0.00) 3978(0.00) 3977(0.00) 3976(0.00) 3975(0.00) 3983(0.00) 4358(0.00) 4359(0.00) 4360(0.00) 4361(0.00) 4362(0.00) 4363(0.00) 4365(0.00) 4366(0.00) 4367(0.00) 4368(0.00) 4369(0.00) 4371(0.00) 4372(0.00) 4374(0.00) 4375(0.00) 4171(0.00) 4377(0.00) 4378(0.00) 4379(0.00) 4380(0.00) 4382(0.00) 4383(0.00) 4384(0.00) 4385(0.00) 4386(0.00) 4388(0.00) 4389(0.00) 4391(0.00) 4392(0.00) 4393(0.00) 4394(0.00) 4376(0.00) 4323(0.00) 4324(0.00) 4325(0.00) 4326(0.00) 4327(0.00) 4328(0.00) 4329(0.00) 4330(0.00) 4331(0.00) 4332(0.00) 4334(0.00) 4335(0.00) 4336(0.00) 4337(0.00) 4338(0.00) 4357(0.00) 4356(0.00) 4355(0.00) 4354(0.00) 4352(0.00) 4351(0.00) 4350(0.00) 4349(0.00) 4339(0.00) 4347(0.00) 4346(0.00) 4345(0.00) 4344(0.00) 4343(0.00) 4342(0.00) 4341(0.00) 4340(0.00) 4348(0.00) 4429(0.00) 4430(0.00) 4431(0.00) 4432(0.00) 4433(0.00) 4434(0.00) 4435(0.00) 4436(0.00) 4437(0.00) 4438(0.00) 4439(0.00) 4440(0.00) 4441(0.00) 4442(0.00) 4443(0.00) 4395(0.00) 4461(0.00) 4459(0.00) 4458(0.00) 4457(0.00) 4456(0.00) 4455(0.00) 4454(0.00) 4444(0.00) 4452(0.00) 4451(0.00) 4450(0.00) 4449(0.00) 4448(0.00) 4447(0.00) 4446(0.00) 4445(0.00) 4453(0.00) 4396(0.00) 4397(0.00) 4398(0.00) 4399(0.00) 4400(0.00) 4401(0.00) 4402(0.00) 4403(0.00) 4404(0.00) 4405(0.00) 4406(0.00) 4407(0.00) 4408(0.00) 4409(0.00) 4410(0.00) 4428(0.00) 4427(0.00) 4426(0.00) 4425(0.00) 4424(0.00) 4423(0.00) 4422(0.00) 4421(0.00) 4411(0.00) 4419(0.00) 4418(0.00) 4417(0.00) 4416(0.00) 4415(0.00) 4414(0.00) 4413(0.00) 4412(0.00) 4420(0.00) 4207(0.00) 4208(0.00) 4211(0.00) 4212(0.00) 4213(0.00) 4214(0.00) 4215(0.00) 4216(0.00) 4218(0.00) 4219(0.00) 4220(0.00) 4221(0.00) 4222(0.00) 4223(0.00) 4224(0.00) 4322(0.00) 4226(0.00) 4227(0.00) 4228(0.00) 4229(0.00) 4231(0.00) 4232(0.00) 4233(0.00) 4234(0.00) 4235(0.00) 4236(0.00) 4237(0.00) 4238(0.00) 4239(0.00) 4240(0.00) 4241(0.00) 4225(0.00) 4172(0.00) 4173(0.00) 4174(0.00) 4175(0.00) 4176(0.00) 4178(0.00) 4179(0.00) 4180(0.00) 4181(0.00) 4182(0.00) 4183(0.00) 4184(0.00) 4185(0.00) 4186(0.00) 4187(0.00) 4206(0.00) 4205(0.00) 4204(0.00) 4203(0.00) 4202(0.00) 4201(0.00) 4200(0.00) 4199(0.00) 4188(0.00) 4197(0.00) 4196(0.00) 4195(0.00) 4194(0.00) 4193(0.00) 4192(0.00) 4191(0.00) 4190(0.00) 4198(0.00) 4288(0.00) 4289(0.00) 4290(0.00) 4291(0.00) 4292(0.00) 4293(0.00) 4294(0.00) 4295(0.00) 4296(0.00) 4297(0.00) 4299(0.00) 4300(0.00) 4301(0.00) 4302(0.00) 4303(0.00) 4242(0.00) 4320(0.00) 4319(0.00) 4318(0.00) 4317(0.00) 4316(0.00) 4315(0.00) 4314(0.00) 4304(0.00) 4312(0.00) 4311(0.00) 4310(0.00) 4309(0.00) 4308(0.00) 4307(0.00) 4306(0.00) 4305(0.00) 4313(0.00) 4243(0.00) 4244(0.00) 4245(0.00) 4246(0.00) 4247(0.00) 4249(0.00) 4250(0.00) 4251(0.00) 4255(0.00) 4257(0.00) 4258(0.00) 4260(0.00) 4261(0.00) 4262(0.00) 4263(0.00) 4287(0.00) 4286(0.00) 4282(0.00) 4280(0.00) 4279(0.00) 4278(0.00) 4277(0.00) 4276(0.00) 4264(0.00) 4274(0.00) 4273(0.00) 


Filtered 1784 locations: 4283 829 675 1180 802 3831 3431 4137 1139 896 4284 4268 3028 191 183 3047 3081 4298 293 271 3099 184 208 3612 3663 1947 1968 2317 2334 253 283 135 2374 4248 4253 2361 2378 1269 2970 1267 3705 780 2963 145 2413 1574 1229 2438 795 2440 1225 798 2406 3597 2270 2272 3609 2284 1336 3613 3620 3621 3626 2303 2307 3633 3635 3024 3747 4259 2360 2357 2356 2354 1290 759 1652 3003 1297 113 3012 4281 2327 1315 2319 1292 4118 1003 1009 2678 3956 2670 1033 2470 1043 2653 4133 1051 1057 3916 1066 2632 1041 927 4063 4058 907 4042 952 2757 535 965 4101 4014 433 975 2720 889 994 2823 3808 1166 2503 4189 1181 1185 1186 610 1190 3596 2930 803 1548 4209 165 3750 2488 1077 2601 2600 2598 1096 1098 2592 824 1112 841 2558 3844 681 4177 704 3814 2588 3153 2034 181 3238 3163 2169 3379 1414 2179 2018 3262 3531 4353 1885 312 1736 2193 315 3257 195 196 3526 1461 3451 3447 3445 3441 4076 1828 3416 3140 3141 2159 3479 1784 3213 267 3485 1848 3218 3231 2155 1764 2039 4373 4321 3293 2232 1354 1919 1957 2239 2227 3321 3580 1962 1363 3576 3578 238 3194 211 246 1398 1396 3055 2201 2113 3545 204 2223 1942 1710 3343 2230 1939 1355 201 138 4285 1283 4256 419 958 1084 2275 4267 1460 1318 1291 2928 1827 2167 1866 4039 2263 2437 239 1323 2170 3632 2372 1193 3342 3721 1208 682 3414 1044 2010 2459 1744 335 3594 3638 1148 3723 986 4013 1300 2377 1429 2056 3544 1820 1969 1798 3546 1320 1088 2599 3171 212 821 143 1577 938 791 3475 3791 3769 1194 4364 3233 1359 2554 1286 217 2622 3605 216 4387 1121 2000 1232 499 2708 3652 2306 234 1996 3350 818 2267 754 3387 3090 3169 4092 990 3205 4033 771 3607 884 1002 1054 1053 1048 537 4370 1963 137 207 280 3598 729 166 1132 1061 3841 4333 2827 1787 4230 1037 2115 274 2371 1119 1116 185 4085 1056 2324 1236 4148 3407 2456 4254 855 1100 3463 2452 3732 3493 1146 3230 178 4252 125 3567 2616 3972 325 316 200 1923 1473 4381 1021 3469 2418 276 1693 749 2001 2342 2163 980 2247 2414 1179 2404 1211 3662 3208 4127 4210 4086 4217 4390 1366 1367 1368 329 328 1369 327 1370 1371 326 1372 1365 324 323 1374 1375 1376 1377 1378 1379 1380 1381 1373 714 713 1347 1348 1349 1350 1351 1352 1353 712 711 1356 1364 710 1358 709 336 334 333 1360 332 1361 1362 331 330 1382 1357 1403 1404 1405 309 1406 1407 308 1408 1409 1410 1411 1412 1383 307 1415 306 305 1416 304 1417 1418 1419 303 1420 1421 1422 1413 1346 1384 1385 1386 1387 322 321 320 1388 1389 1390 1391 319 310 1393 1394 1395 318 1397 317 314 313 311 1399 1400 1401 1402 1392 755 1298 753 1299 752 1301 1302 1303 1304 1305 751 750 716 1307 1308 1309 1310 748 1311 1312 747 1313 1314 746 1316 745 1306 769 1278 1279 1280 1281 1282 768 1284 1285 767 766 765 756 1288 764 763 1289 762 761 760 758 1293 1294 1295 1296 757 1287 1333 1334 1335 728 727 726 725 1337 724 1338 723 1339 1317 1340 1341 721 1342 1343 720 1344 719 1345 718 717 302 715 722 744 743 742 741 1319 740 739 738 737 1321 736 735 1332 734 733 1324 1325 732 1326 1327 1328 1329 731 730 1330 1331 1322 3245 3246 3247 254 3248 3249 3250 3251 3252 252 3253 251 1424 3255 3256 250 3258 3259 3260 3261 249 248 247 3263 3264 245 3254 3223 3224 3225 3226 3227 3228 3229 263 262 261 3232 260 3244 3234 258 257 3235 3236 3237 256 3239 255 3240 3241 3242 3243 259 3287 3288 236 3289 235 233 3290 232 3291 3292 231 230 3265 3295 3296 3297 3298 3299 3300 3301 229 3302 3303 227 3304 3305 3294 3266 244 3267 3268 3269 3270 3271 3272 243 242 3273 3274 237 3276 3277 3278 3279 3280 3281 3282 3283 3284 3285 241 3286 240 3275 1444 1445 294 292 1446 1447 1448 1449 1450 291 1451 1452 3222 1454 1455 290 289 288 287 1456 1457 1458 1459 286 285 1462 1453 1423 770 301 300 1425 1426 1427 1428 299 1430 1431 1432 295 1433 1434 1435 1436 1437 1438 1439 297 1440 1441 1442 1443 296 298 1485 1486 1487 1488 1489 1490 1491 1492 272 3209 270 3210 1463 3212 269 3214 3215 268 3216 266 3217 265 264 3219 3220 3221 3211 1464 1465 284 1466 1467 1468 282 1469 281 1470 1471 1472 279 1484 1475 1476 278 1477 1478 1479 1480 277 1481 1482 275 273 1483 1474 1030 1031 876 1032 1034 1035 1036 875 1038 1039 1040 874 1276 873 872 1045 1046 1047 871 870 1049 1050 869 1052 868 867 1042 1006 1007 1008 881 1010 1011 880 1012 1013 1014 1015 1016 1029 1018 1019 1020 879 1022 1023 1024 1025 878 1026 877 1027 1028 1017 1079 857 1080 1081 1082 1083 856 1085 1086 1087 854 1089 1055 1091 1092 1093 853 852 851 850 1094 1095 849 1097 848 847 1090 866 865 1058 1059 1060 864 1062 1063 1064 1065 863 862 1078 1067 860 1068 1069 1070 1071 1072 1073 1074 859 1075 1076 858 861 936 937 906 939 940 941 942 943 944 945 946 947 1005 949 905 950 951 904 903 953 954 955 956 902 901 957 948 911 912 913 914 915 916 917 918 919 920 921 922 935 924 925 926 910 928 929 930 909 931 932 933 934 908 923 983 984 985 892 987 988 891 989 890 991 992 993 900 887 995 886 996 997 885 998 999 1000 1001 883 882 1004 888 959 899 960 961 962 963 964 898 966 967 968 969 982 971 972 973 897 895 974 894 976 977 978 979 893 981 970 1216 800 1217 799 1218 1219 797 1220 1221 1222 1223 1224 1099 1226 1227 794 793 1228 792 1230 1231 790 1233 789 1234 1235 796 810 809 1195 1196 1197 1198 1199 1200 808 1201 1202 1203 801 1204 1205 1206 1207 806 1209 1210 805 1212 1213 804 1214 1215 807 1255 777 1256 1257 1258 1259 1260 1261 1262 1263 1264 1265 788 776 1268 775 1270 1271 1272 1273 1274 774 773 1275 772 1277 1266 1237 1238 1239 1240 1241 787 786 785 784 1242 1243 783 1254 781 1244 1245 1246 1247 1248 1249 779 1250 778 1251 1252 1253 782 1126 1127 1128 1129 1130 839 1131 838 837 836 1133 1134 1192 1135 1136 834 833 832 1137 1138 831 1140 1141 1142 1143 830 835 846 1101 845 1102 1103 1104 1105 1106 1107 1108 1109 1110 1125 844 1113 1114 1115 843 1117 1118 842 1120 840 1122 1123 1124 1111 1169 1170 1171 1172 1173 1174 820 1175 1176 1177 1178 819 1144 816 815 1182 1183 1184 814 813 1187 812 1188 1189 811 1191 817 1145 828 1147 827 1149 1150 1151 1152 1153 1154 1155 1156 1168 826 1158 825 1159 1160 1161 1162 1163 823 1164 1165 822 1167 1157 4065 4066 4067 4068 4069 4070 4071 4072 4073 4074 4075 4077 4078 4079 4080 228 4082 4083 4084 4087 4088 4089 4090 4091 4093 4094 4095 4096 4097 4098 4099 4081 4027 4028 4029 4030 4031 4032 4034 4035 4036 4037 4038 4040 4041 4043 4044 4064 4062 4061 4060 4059 4057 4056 4055 4045 4053 4052 4051 4050 4049 4048 4047 4046 4054 4139 4140 4141 4142 4143 4144 4145 4146 4147 4149 4150 4151 4152 4153 4154 4100 4156 4157 4158 4159 4160 4161 4162 4163 4164 4165 4166 4167 4168 4169 4170 4155 4102 4103 4104 4105 4106 4107 4108 4109 4110 4111 4112 4113 4114 4115 4116 4138 4136 4135 4134 4132 4131 4130 4129 4117 4126 4125 4124 4123 4122 4121 4120 4119 4128 3925 3926 3927 3928 3929 3930 3931 3932 3933 3934 3935 3936 3937 3938 3939 4026 3941 3942 3943 3944 3945 3946 3947 3948 3949 3950 3951 3952 3953 3954 3955 3940 3891 3892 3893 3894 3895 3896 3897 3898 3899 3900 3901 3902 3903 3904 3905 3924 3923 3922 3921 3920 3919 3918 3917 3906 3914 3913 3912 3911 3910 3909 3908 3907 3915 3992 3993 3994 3995 3996 3997 3998 3999 4000 4001 4002 4003 4004 4005 4006 3957 4025 4024 4023 4022 4021 4020 4019 4007 4017 4016 4015 4012 4011 4010 4009 4008 4018 3958 3959 3960 3961 3962 3963 3964 3965 3966 3967 3968 3969 3970 3971 3973 3991 3990 3989 3988 3987 3986 3985 3984 3974 3982 3981 3980 3979 3978 3977 3976 3975 3983 4358 4359 4360 4361 4362 4363 4365 4366 4367 4368 4369 4371 4372 4374 4375 4171 4377 4378 4379 4380 4382 4383 4384 4385 4386 4388 4389 4391 4392 4393 4394 4376 4323 4324 4325 4326 4327 4328 4329 4330 4331 4332 4334 4335 4336 4337 4338 4357 4356 4355 4354 4352 4351 4350 4349 4339 4347 4346 4345 4344 4343 4342 4341 4340 4348 4429 4430 4431 4432 4433 4434 4435 4436 4437 4438 4439 4440 4441 4442 4443 4395 4461 4459 4458 4457 4456 4455 4454 4444 4452 4451 4450 4449 4448 4447 4446 4445 4453 4396 4397 4398 4399 4400 4401 4402 4403 4404 4405 4406 4407 4408 4409 4410 4428 4427 4426 4425 4424 4423 4422 4421 4411 4419 4418 4417 4416 4415 4414 4413 4412 4420 4207 4208 4211 4212 4213 4214 4215 4216 4218 4219 4220 4221 4222 4223 4224 4322 4226 4227 4228 4229 4231 4232 4233 4234 4235 4236 4237 4238 4239 4240 4241 4225 4172 4173 4174 4175 4176 4178 4179 4180 4181 4182 4183 4184 4185 4186 4187 4206 4205 4204 4203 4202 4201 4200 4199 4188 4197 4196 4195 4194 4193 4192 4191 4190 4198 4288 4289 4290 4291 4292 4293 4294 4295 4296 4297 4299 4300 4301 4302 4303 4242 4320 4319 4318 4317 4316 4315 4314 4304 4312 4311 4310 4309 4308 4307 4306 4305 4313 4243 4244 4245 4246 4247 4249 4250 4251 4255 4257 4258 4260 4261 4262 4263 4287 4286 4282 4280 4279 4278 4277 4276 4264 4274 4273 

Extracted 0 prioritized locations: 

Final instance parameters:
loc_max_id: 4461
loc_cnt: 1784
service: fnl4461_0020
cust_max_id: 4461
cust_cnt: 4461
unweighted obj function
p: 20
total_demand: 224395.00
threshold_dist: 936.96



-------------------------------------------------
Final Problem RSSV heuristic
-------------------------------------------------
    RSSV_EXACT_CPMP_BIN
-------------------------------------------------
Gap Cplex Reports: gap_Bin_service_fnl4461_0020_p_20_RSSV_EXACT_CPMP_BIN.csv
[CALLBACK] Generating reports cplex callbacks...
[CALLBACK] Using BreakCallback...
Time Limit with not improving 1.00% (gap): 300.00 seconds
Time Limit with Gap less than 1%: 180.00 seconds
Default row names c1, c2 ... being created.
Version identifier: 22.1.1.0 | 2022-11-28 | 9160aff4d
CPXPARAM_TimeLimit                               2100
Legacy callback                                  i
Tried aggregator 1 time.
Presolve has eliminated 6548427 rows and 6548427 columns...
MIP Presolve eliminated 6548427 rows and 6548427 columns.
MIP Presolve modified 2 coefficients.
Reduced MIP has 6246 rows, 1411781 columns, and 2823562 nonzeros.
Reduced MIP has 1411781 binaries, 0 generals, 0 SOSs, and 0 indicators.
Presolve time = 49.26 sec. (16263.76 ticks)
Tried aggregator 1 time.
Detecting symmetries...
Reduced MIP has 6246 rows, 1411781 columns, and 2823562 nonzeros.
Reduced MIP has 1411781 binaries, 0 generals, 0 SOSs, and 0 indicators.
Presolve time = 11.24 sec. (2942.38 ticks)
Probing time = 5.94 sec. (294.11 ticks)
Clique table members: 1414458.
MIP emphasis: balance optimality and feasibility.
MIP search method: dynamic search.
Parallel mode: deterministic, using up to 32 threads.
Root relaxation solution time = 10.16 sec. (1342.42 ticks)

        Nodes                                         Cuts/
   Node  Left     Objective  IInf  Best Integer    Best Bound    ItCnt     Gap

      0     0   284165.2742  1780                 284165.2742     1794         
Time: 178.95 seconds
MIP Gap: 999999999999999926539781176481198923508803215199467887262646419780362305536.00
Nodes: 0
Best Objective: 284165.274239239166491
Incumbent Obj:  999999999999999926539781176481198923508803215199467887262646419780362305536.000000000000000
*     0+    0                      1906729.4654   284165.2742            85.10%
*     0+    0                      1905222.8522   284165.2742            85.08%
Time: 233.904207944869995 seconds
MIP Gap: 0.850849325099786
Nodes: 0
Best Objective: 284165.274239239166491
Incumbent Obj:  1905222.852188587654382
      0     0   367101.3637  3480  1905222.8522    Cuts: 1661     6320   80.73%
Time: 296.228200912475586 seconds
MIP Gap: 0.807318412486435
Nodes: 0
Best Objective: 367101.363726818352006
Incumbent Obj:  1905222.852188587654382
      0     0   417872.1147  5453  1905222.8522    Cuts: 1661    10872   78.07%
Time: 364.485843896865845 seconds
MIP Gap: 0.780670217044387
Nodes: 0
Best Objective: 417872.114652596181259
Incumbent Obj:  1905222.852188587654382
      0     0   453890.2936  7011  1905222.8522    Cuts: 1661    15377   76.18%
*     0+    0                      1902494.0576   453890.2936            76.14%
Time: 546.200981855392456 seconds
MIP Gap: 0.761423541993338
Nodes: 0
Best Objective: 453890.293644259974826
Incumbent Obj:  1902494.057613957207650
      0     0   486493.2229  8364  1902494.0576    Cuts: 1661    20035   74.43%
Time: 794.152170896530151 seconds
MIP Gap: 0.744286600577428
Nodes: 0
Best Objective: 486493.222853707673494
Incumbent Obj:  1902494.057613957207650
      0     0   511750.5465  9612  1902494.0576    Cuts: 1661    24823   73.10%
Detecting symmetries...
Time: 885.291503906250000 seconds
MIP Gap: 0.731010699117395
Nodes: 0
Best Objective: 511750.546490888809785
Incumbent Obj:  1902494.057613957207650
      0     0   535179.3734 10826  1902494.0576    Cuts: 1661    30107   71.87%
Time: 988.687369823455811 seconds
MIP Gap: 0.718695902727946
Nodes: 0
Best Objective: 535179.373442541109398
Incumbent Obj:  1902494.057613957207650
      0     0   556297.1347 12042  1902494.0576    Cuts: 1661    35496   70.76%
Time: 1114.265905857086182 seconds
MIP Gap: 0.707595862117251
Nodes: 0
Best Objective: 556297.134743661968969
Incumbent Obj:  1902494.057613957207650
      0     0   576331.5320 13219  1902494.0576    Cuts: 1661    41116   69.71%
Time: 1236.497806787490845 seconds
MIP Gap: 0.697065265596100
Nodes: 0
Best Objective: 576331.532048281165771
Incumbent Obj:  1902494.057613957207650
      0     0   594700.1198 14435  1902494.0576    Cuts: 1661    47086   68.74%
*     0+    0                      1794294.5816   594700.1198            66.86%
Time: 1444.627484798431396 seconds
MIP Gap: 0.668560488393928
Nodes: 0
Best Objective: 594700.119807604234666
Incumbent Obj:  1794294.581614117138088
      0     0   612601.2266 15467  1794294.5816    Cuts: 1661    53394   65.86%
*     0+    0                      1780058.9814   612601.2266            65.59%
*     0+    0                      1728479.5051   612601.2266            64.56%
Time: 1993.635782003402710 seconds
MIP Gap: 0.645583748714396
Nodes: 0
Best Objective: 612601.226620716042817
Incumbent Obj:  1728479.505097680725157
      0     0   630285.4173 16753  1728479.5051    Cuts: 1661    59885   63.54%

Clique cuts applied:  4326
Cover cuts applied:  3167
Mixed integer rounding cuts applied:  8412
Zero-half cuts applied:  11

Root node processing (before b&c):
  Real time             = 2102.78 sec. (605157.97 ticks)
Parallel b&c, 32 threads:
  Real time             =    0.00 sec. (0.00 ticks)
  Sync time (average)   =    0.00 sec.
  Wait time (average)   =    0.00 sec.
                          ------------
Total (root+branch&cut) = 2102.78 sec. (605157.97 ticks)
[INFO] Saving variables cplex:
./outputs/solutions/2024-08-27_LIT_seed_24/VarsValues_cplex/test_lit_fnl4461_0020_CPMP_Vars_Bin_p_20_RSSV_EXACT_CPMP_BIN.txt
[INFO] Saving results cplex: 
./outputs/solutions/2024-08-27_LIT_seed_24/Results_cplex/test_lit_fnl4461_0020_Bin_RSSV_EXACT_CPMP_BIN.csv

Final solution CPMP:
p locations: 4347 4435 1827 433 1451 896 304 305 3265 282 3253 2034 770 2470 4043 191 3298 3594 3289 2438 
p size: 20
objective: 1728479.505097683984786
sum (dij * xij) 
demand/capacity: 224395.000000000000000/280500
Solution is Feasible
Statistics:
Max distance: 936.852709874930156
Min distance: 0.000000000000000
Avg distance: 387.464583075024450
Std deviation distance: 182.364413927978774


Final total elapsed time: 2483s
[INFO] Saving assignment: ./outputs/solutions/2024-08-27_LIT_seed_24/Assignments/test_lit_fnl4461_0020_p_20_RSSV_EXACT_CPMP_BIN.txt
[INFO] Saving results: ./outputs/solutions/2024-08-27_LIT_seed_24/test_lit_fnl4461_0020_results_RSSV_EXACT_CPMP_BIN.csv
[INFO] Saving all results: ./outputs/solutions/test_all_results.csv
Post Optimization: EXACT_CPMP_BIN


-------------------------------------------------
Post Optimization
-------------------------------------------------
method: EXACT_CPMP_BIN
-------------------------------------------------
Time for post-optimization: 1117.000000000000000s
PostOptimization constructor
p locations: 4347 4435 1827 433 1451 896 304 305 3265 282 3253 2034 770 2470 4043 191 3298 3594 3289 2438 
p size: 20
objective: 1728479.505097683984786
sum (dij * xij) 
demand/capacity: 224395.000000000000000/280500
Solution is Feasible
[INFO] Running post-optimization
Time limit: 1117.000000000000000
Max size of the neigh: 222
 ------------------------------------ 

Iteration Post-Optimization: 1
Size of neighborhood: 1
[INFO] Adding MIP start solution
Gap Cplex Reports: gap_Bin_service_fnl4461_0020_p_20_RSSV_POSTOPT.csv
[CALLBACK] Generating reports cplex callbacks...
Default row names c1, c2 ... being created.
Version identifier: 22.1.1.0 | 2022-11-28 | 9160aff4d
CPXPARAM_TimeLimit                               1117
CPXPARAM_MIP_Tolerances_LowerCutoff              630285.41725725459
Legacy callback                                  i
1 of 2 MIP starts provided solutions.
MIP start 'm1' defined initial solution with objective 1715402.9231.
Presolve has eliminated 16219952 rows and 16224373 columns...
Presolve has improved bounds 4421 times...
Tried aggregator 3 times.
Aggregator has done 190 substitutions...
MIP Presolve eliminated 16224373 rows and 19877583 columns.
MIP Presolve added 37 rows and 0 columns.
MIP Presolve modified 12 coefficients.
Aggregator did 190 substitutions.
Reduced MIP has 4369 rows, 27209 columns, and 54458 nonzeros.
Reduced MIP has 27209 binaries, 0 generals, 0 SOSs, and 0 indicators.
Presolve time = 127.78 sec. (51531.75 ticks)
Tried aggregator 1 time.
Detecting symmetries...
Reduced MIP has 4369 rows, 27209 columns, and 54458 nonzeros.
Reduced MIP has 27209 binaries, 0 generals, 0 SOSs, and 0 indicators.
Presolve time = 0.11 sec. (34.50 ticks)
Probing time = 0.04 sec. (5.50 ticks)
Clique table members: 31613.
MIP emphasis: balance optimality and feasibility.
MIP search method: dynamic search.
Parallel mode: deterministic, using up to 32 threads.
Root relaxation solution time = 0.12 sec. (52.73 ticks)

        Nodes                                         Cuts/
   Node  Left     Objective  IInf  Best Integer    Best Bound    ItCnt     Gap

*     0+    0                      1715402.9231    48695.3155            97.16%
      0     0  1668377.8928    58  1715402.9231  1668377.8928     1069    2.74%
Time: 393.588392972946167 seconds
MIP Gap: 0.027413402211741
Nodes: 0
Best Objective: 1668377.892811429919675
Incumbent Obj:  1715402.923097497085109
Time: 399.432224988937378 seconds
MIP Gap: 0.027413402211741
Nodes: 0
Best Objective: 1668377.892811429919675
Incumbent Obj:  1715402.923097497085109
      0     0  1688426.6585  2279  1715402.9231    Cuts: 1192     2464    1.57%
*     0+    0                      1705910.6376  1688426.6585             1.02%
Time: 405.682079076766968 seconds
MIP Gap: 0.010249059207435
Nodes: 0
Best Objective: 1688426.658519397256896
Incumbent Obj:  1705910.637647237395868
      0     0  1698321.9435  3534  1705910.6376    Cuts: 1192     3730    0.44%
*     0+    0                      1701239.4483  1698321.9435             0.17%
      0     0  1699784.5453  2555  1701239.4483    Cuts: 1143     4866    0.09%
*     0+    0                      1700121.4243  1699784.5453             0.02%
      0     0  -1.00000e+75     0  1700121.4243  1699784.5453     4866    0.02%
Time: 433.497578144073486 seconds
MIP Gap: 0.000198149920607
Nodes: 0
Best Objective: 1699784.545338475611061
Incumbent Obj:  1700121.424263715045527
*     0+    0                      1700092.6796  1699784.5453             0.02%
      0     0  -1.00000e+75     0  1700092.6796  1699784.5453     4866    0.02%
Detecting symmetries...

Repeating presolve.
Tried aggregator 3 times.
MIP Presolve eliminated 165 rows and 9464 columns.
MIP Presolve added 34 rows and 0 columns.
MIP Presolve modified 9 coefficients.
Aggregator did 1199 substitutions.
Reduced MIP has 3039 rows, 16546 columns, and 33133 nonzeros.
Reduced MIP has 16546 binaries, 0 generals, 0 SOSs, and 0 indicators.
Presolve time = 0.14 sec. (54.94 ticks)
Tried aggregator 1 time.
Detecting symmetries...
Reduced MIP has 3039 rows, 16546 columns, and 33133 nonzeros.
Reduced MIP has 16546 binaries, 0 generals, 0 SOSs, and 0 indicators.
Presolve time = 0.06 sec. (20.88 ticks)
Represolve time = 58.11 sec. (8285.78 ticks)
Probing time = 0.03 sec. (3.86 ticks)
Clique table members: 20916.
MIP emphasis: balance optimality and feasibility.
MIP search method: dynamic search.
Parallel mode: deterministic, using up to 32 threads.
Root relaxation solution time = 1.36 sec. (449.16 ticks)

        Nodes                                         Cuts/
   Node  Left     Objective  IInf  Best Integer    Best Bound    ItCnt     Gap

*     0+    0                      1700092.6796  1699806.2783             0.02%
      0     0  1699784.5453  2216  1700092.6796  1699806.2783     4914    0.02%
Time: 575.108642101287842 seconds
MIP Gap: 0.000168462180289
Nodes: 0
Best Objective: 1699806.278328728163615
Incumbent Obj:  1700092.679648235673085
      0     0  1699814.9198   735  1700092.6796      Cuts: 29     5077    0.02%
      0     0  1699822.0198  1583  1700092.6796      Cuts: 18     5170    0.02%
      0     0  1699826.3060   528  1700092.6796      Cuts: 22     5334    0.02%
*     0+    0                      1700015.5455  1699826.3060             0.01%
      0     0  -1.00000e+75     0  1700015.5455  1699826.3060     5334    0.01%
Time: 593.745237112045288 seconds
MIP Gap: 0.000109292749282
Nodes: 0
Best Objective: 1699829.746156632900238
Incumbent Obj:  1700015.545529425842687
      0     0  1699828.2956   545  1700015.5455      Cuts: 15     5470    0.01%
Detecting symmetries...
Time: 788.891703128814697 seconds
MIP Gap: 0.000109292749282
Nodes: 0
Best Objective: 1699829.746156632900238
Incumbent Obj:  1700015.545529425842687
      0     2  1699828.2956   545  1700015.5455  1699829.7462     5470    0.01%
Elapsed time = 700.60 sec. (93862.30 ticks, tree = 0.02 MB, solutions = 6)
      5     7  1699829.7676    46  1700015.5455  1699829.7462     5863    0.01%
Time: 793.958720922470093 seconds
MIP Gap: 0.000109292749282
Nodes: 40
Best Objective: 1699829.746156632900238
Incumbent Obj:  1700015.545529425842687
     91    66  1699845.7533    44  1700015.5455  1699829.7462     9890    0.01%
    418   381  1699873.5031    20  1700015.5455  1699831.6994    28110    0.01%
*   702+   38                      1699999.3183  1699831.6994             0.01%
*   703+   38                      1699942.3374  1699831.6994             0.01%
*   794+   38                      1699942.3374  1699831.6994             0.01%
    797   444  1699887.2242    26  1699942.3374  1699831.6994    30778    0.01%
Time: 878.292289018630981 seconds
MIP Gap: 0.000065083365338
Nodes: 801
Best Objective: 1699831.699413939611986
Incumbent Obj:  1699942.337382137076929

Clique cuts applied:  3110
Cover cuts applied:  141
Flow cuts applied:  11
Mixed integer rounding cuts applied:  72
Zero-half cuts applied:  22
Multi commodity flow cuts applied:  2
Gomory fractional cuts applied:  11

Root node processing (before b&c):
  Real time             =  566.75 sec. (95069.00 ticks)
Parallel b&c, 32 threads:
  Real time             =  241.25 sec. (13743.71 ticks)
  Sync time (average)   =   60.48 sec.
  Wait time (average)   =    0.00 sec.
                          ------------
Total (root+branch&cut) =  808.00 sec. (108812.71 ticks)
Post-Optimization Solution: 
p locations: 4435 4323 4043 3594 433 1827 770 2470 350 333 191 2010 344 3378 896 1451 3253 2438 3265 3349 
p size: 20
objective: 1699942.337382108904421
sum (dij * xij) 
demand/capacity: 224395.000000000000000/280500
Solution is Feasible
Comparing Best Bounds: 
Old Best Bound: 1699831.699413939611986
New Best Bound: 1699831.699413939611986
Time elapsed: 975.811919603999968s
Time remaining: 1117.000000000000000s
 ------------------------------------ 

Iteration Post-Optimization: 2
Size of neighborhood: 1
[INFO] Adding MIP start solution
Gap Cplex Reports: gap_Bin_service_fnl4461_0020_p_20_RSSV_POSTOPT.csv
[CALLBACK] Generating reports cplex callbacks...
Default row names c1, c2 ... being created.
Version identifier: 22.1.1.0 | 2022-11-28 | 9160aff4d
CPXPARAM_TimeLimit                               141.18808039600003
CPXPARAM_MIP_Tolerances_LowerCutoff              1699831.6994139396
Legacy callback                                  i
1 of 2 MIP starts provided solutions.
MIP start 'm1' defined initial solution with objective 1699982.9581.
Presolve time = 8.17 sec. (2555.43 ticks)

Root node processing (before b&c):
  Real time             =  147.23 sec. (24600.56 ticks)
Parallel b&c, 32 threads:
  Real time             =    0.00 sec. (0.00 ticks)
  Sync time (average)   =    0.00 sec.
  Wait time (average)   =    0.00 sec.
                          ------------
Total (root+branch&cut) =  147.23 sec. (24600.56 ticks)
Post-Optimization Solution: 
p locations: 4435 4323 4043 3594 433 1827 770 2470 350 333 191 2010 344 3378 896 1451 3253 2438 3265 3349 
p size: 20
objective: 1699982.958118387963623
sum (dij * xij) 
demand/capacity: 224395.000000000000000/280500
Solution is Feasible
Time elapsed: 314.831624341999998s
Time remaining: 141.188080396000032s



Finishing post-optimization
p locations: 4435 4323 4043 3594 433 1827 770 2470 350 333 191 2010 344 3378 896 1451 3253 2438 3265 3349 
p size: 20
objective: 1699942.337382108904421
sum (dij * xij) 
demand/capacity: 224395.000000000000000/280500
Solution is Feasible
Solution Stats
Statistics:
Max distance: 935.579499561635316
Min distance: 0.000000000000000
Avg distance: 381.067549289869760
Std deviation distance: 177.698429999083743


[INFO] Saving assignment: ./outputs/solutions/2024-08-27_LIT_seed_24/Assignments/test_lit_fnl4461_0020_p_20_RSSV_EXACT_CPMP_BIN_POSTOPT.txt
[INFO] Saving results: ./outputs/solutions/2024-08-27_LIT_seed_24/test_lit_fnl4461_0020_results_RSSV_EXACT_CPMP_BIN_POSTOPT.csv
[INFO] Saving all results: ./outputs/solutions/test_all_results.csv
Final total elapsed time (post opt): 3774s
Elapsed time: 3774680 ms

RSSV finished.
