Debug: configOverride contents: IsWeighted_ObjFunc add_break_callback add_generate_reports add_threshold_distance_rssv bw_multiplier capacities cover_mode coverages cust_max_id distance_matrix loc_max_id max_ite_subprob_rssv method method_post_opt method_rssv_fp method_rssv_sp output p seed service size_subproblems_rssv subarea threads time time_cplex time_subprob_rssv weights 
Loading instance...
Scanning input data...
Distance matrix dimensions: 4462 x 4462 = 19909444
Elapsed time: 0 ms

Loading weights...
Skipped line: customer weight coord_x coord_y
Loaded 4461 weights
Loaded 4461 coordinates
Total customer demand: 224395.00
Elapsed time: 13 ms

Loading capacities...
Skipped line: location capacity coord_x coord_y
Loaded 4461 capacities
Loaded 4461 coordinates
Elapsed time: 5 ms

Loading distance matrix...
Computing euclidian distances...
bw multiplier: 0.50
Loaded 19904982 distances
dists stdev: 954.33
bandwidth h: 17.53
locations: 4461
customers: 4461
p: 250
Elapsed time: 356 ms

[INFO] Instance loaded
loc_max_id: 4461
loc_cnt: 4461
service: fnl4461_0250
cust_max_id: 4461
cust_cnt: 4461
unweighted obj function
p: 250
total_demand: 224395.00


-------------------------------------------------


-------------------------------------------------
RSSV heuristic 
-------------------------------------------------
method subproblems: TB_PMP
method final problem: EXACT_CPMP_BIN
-------------------------------------------------
RSSV running...
cPMP size (N): 4461
sub-cPMP size (n): 1784
Subproblems cnt (M): 12
p: 250
Seed: 0
Time limit for subproblems: 600.00

thread cnt: 20

Thread 1 created with seed 1
Thread 2 created with seed 2
Thread 3 created with seed 3
Thread 4 created with seed 4
Solving sub-PMP 1/12...
Solving sub-PMP Solving sub-PMP 4/123...
/12...
Solving sub-PMP 2/12...
Thread 5 created with seed 5
uncapacitated TB started
Thread 6 created with seed 6
Solving sub-PMP 5/12...
Thread 7 created with seed 7
Solving sub-PMP 6/12...
Thread 8 created with seed 8
Solving sub-PMP 7/12...
Thread 9 created with seed 9
Solving sub-PMP 8/12...
Thread 10 created with seed 10
uncapacitated TB started
Solving sub-PMP 9/12...
Thread 11 created with seed 11
Solving sub-PMP 10/12...
Thread 12 created with seed 12
Solving sub-PMP 11/12...
uncapacitated TB started
Solving sub-PMP 12/12...
uncapacitated TB started
uncapacitated TB started
uncapacitated TB started
uncapacitated TB started
uncapacitated TB started
uncapacitated TB started
uncapacitated TB started
uncapacitated TB started
uncapacitated TB started
[INFO] Uncapacitated TB local search started
[INFO] Uncapacitated TB local search started
[INFO] Uncapacitated TB local search started
[INFO] Uncapacitated TB local search started
[INFO] Uncapacitated TB local search started
[INFO] Uncapacitated TB local search started
[INFO] Uncapacitated TB local search started
[INFO] Uncapacitated TB local search started
[INFO] Uncapacitated TB local search started
[INFO] Uncapacitated TB local search started
[INFO] Uncapacitated TB local search started
[INFO] Uncapacitated TB local search started

[INFO] Time limit reached. Stopping the algorithm.
TB elapsed time: 600.03 seconds
Num ite total uncapacited TB: 35
tb solution is feasible

[INFO] Time limit reached. Stopping the algorithm.

[INFO] Time limit reached. Stopping the algorithm.

[INFO] Time limit reached. Stopping the algorithm.

[INFO] Time limit reached. Stopping the algorithm.

[INFO] Time limit reached. Stopping the algorithm.

[INFO] Time limit reached. Stopping the algorithm.
TB elapsed time: 
[INFO] Time limit reached. Stopping the algorithm.
TB elapsed time: TB elapsed time: 
[INFO] Time limit reached. Stopping the algorithm.
TB elapsed time: 
[INFO] Time limit reached. Stopping the algorithm.
TB elapsed time: TB elapsed time: TB elapsed time: TB elapsed time: 600.03600.02600.02 seconds
600.03Num ite total uncapacited TB: TB elapsed time:  seconds
600.03
[INFO] Time limit reached. Stopping the algorithm.
35 seconds
TB elapsed time: 
Num ite total uncapacited TB: tb solution is feasible
 seconds
Num ite total uncapacited TB: 35
[INFO] Time limit reached. Stopping the algorithm.
36Num ite total uncapacited TB: TB elapsed time: 600.03 seconds
600.01Num ite total uncapacited TB: 600.03
600.03600.01 seconds
tb solution is feasible
600.03Num ite total uncapacited TB: 3339


tb solution is feasible
tb solution is feasible
 seconds
 seconds
 seconds
Num ite total uncapacited TB: Num ite total uncapacited TB: Num ite total uncapacited TB: 33 seconds
tb solution is feasible
382341 seconds


Num ite total uncapacited TB: tb solution is feasible

Num ite total uncapacited TB: 33
tb solution is feasible

tb solution is feasible
tb solution is feasible
tb solution is feasible
31
tb solution is feasible
[INFO] All subproblems solved.

Elapsed time: 600957 ms


Stats: 
Max dist: 459.27
Min dist: 0.00
avg of Avg dists: 99.64
avg Std dev dist: 57.93

First 1784 voting weights (sorted): 4410(5.09) 2446(5.04) 3552(5.00) 2040(5.00) 3578(5.00) 2410(5.00) 794(4.21) 1632(4.05) 4148(4.04) 1334(4.04) 3034(4.00) 1763(4.00) 3862(4.00) 2573(4.00) 788(4.00) 1877(4.00) 3543(4.00) 2585(4.00) 356(4.00) 3229(4.00) 4409(4.00) 285(4.00) 2352(4.00) 320(4.00) 520(4.00) 2406(4.00) 2181(4.00) 4162(4.00) 4241(4.00) 2034(3.60) 3274(3.49) 568(3.44) 567(3.44) 2819(3.44) 2836(3.44) 3993(3.21) 1815(3.21) 972(3.18) 2806(3.18) 3410(3.18) 1502(3.16) 103(3.16) 104(3.16) 1030(3.14) 1538(3.14) 1053(3.13) 3256(3.12) 1487(3.11) 2456(3.08) 2055(3.07) 3468(3.06) 3815(3.06) 1373(3.05) 2790(3.04) 1909(3.04) 3574(3.04) 2890(3.04) 523(3.03) 1160(3.03) 2531(3.03) 1686(3.00) 651(3.00) 3495(3.00) 4431(3.00) 4258(3.00) 757(3.00) 194(3.00) 673(3.00) 2193(3.00) 1923(3.00) 640(3.00) 2783(3.00) 2565(3.00) 1001(3.00) 1905(3.00) 1070(3.00) 2632(3.00) 4013(3.00) 1463(3.00) 2576(3.00) 1881(3.00) 859(3.00) 1921(3.00) 4282(3.00) 4038(3.00) 4155(3.00) 876(3.00) 292(3.00) 474(3.00) 4459(3.00) 2664(3.00) 2254(3.00) 872(3.00) 716(3.00) 3864(3.00) 3583(3.00) 3580(3.00) 4194(3.00) 2986(3.00) 4312(3.00) 2050(3.00) 2420(3.00) 3191(3.00) 39(3.00) 2895(3.00) 3005(3.00) 617(3.00) 738(3.00) 1043(3.00) 857(3.00) 2421(3.00) 627(3.00) 995(3.00) 1657(3.00) 1269(3.00) 1595(3.00) 2702(3.00) 1312(3.00) 3114(3.00) 2588(3.00) 1552(3.00) 3390(3.00) 2621(3.00) 2231(3.00) 4394(3.00) 2592(3.00) 3213(3.00) 3210(3.00) 1079(3.00) 4273(3.00) 819(3.00) 1136(3.00) 1725(3.00) 1483(3.00) 4076(3.00) 4414(3.00) 1731(3.00) 4073(3.00) 2370(3.00) 1703(3.00) 3992(3.00) 4(2.99) 1010(2.99) 775(2.72) 1013(2.69) 1519(2.65) 5(2.63) 2010(2.63) 3240(2.55) 904(2.52) 4286(2.49) 3848(2.49) 774(2.44) 4291(2.43) 3065(2.37) 3107(2.37) 4284(2.37) 355(2.37) 4298(2.37) 330(2.37) 1205(2.34) 2167(2.32) 364(2.31) 2374(2.30) 3816(2.30) 1166(2.28) 2267(2.27) 3171(2.27) 3375(2.27) 3604(2.27) 2635(2.27) 4275(2.27) 1534(2.26) 1271(2.26) 1129(2.26) 4345(2.24) 4269(2.23) 4411(2.22) 3766(2.21) 1371(2.21) 682(2.21) 1728(2.20) 1088(2.19) 2605(2.19) 3576(2.18) 3112(2.18) 1374(2.18) 1764(2.18) 1845(2.18) 527(2.18) 3028(2.18) 2997(2.18) 1071(2.18) 1476(2.18) 290(2.18) 3920(2.18) 4003(2.18) 271(2.18) 705(2.18) 1878(2.17) 563(2.17) 57(2.17) 1425(2.16) 1998(2.15) 953(2.15) 1946(2.15) 985(2.15) 1920(2.15) 2638(2.15) 1148(2.15) 204(2.13) 1719(2.13) 2491(2.12) 4329(2.11) 1437(2.11) 1433(2.11) 2903(2.11) 2901(2.11) 1793(2.11) 1842(2.11) 3668(2.10) 2414(2.10) 2170(2.09) 2404(2.08) 4171(2.08) 4381(2.07) 2385(2.07) 2764(2.07) 2842(2.07) 2468(2.07) 1957(2.07) 4188(2.07) 3419(2.07) 2697(2.07) 771(2.07) 3098(2.07) 3227(2.07) 1779(2.07) 3979(2.07) 1067(2.07) 1447(2.07) 1389(2.07) 3899(2.07) 829(2.07) 228(2.07) 3776(2.07) 3508(2.07) 3554(2.07) 1151(2.07) 2911(2.07) 2960(2.07) 970(2.07) 2395(2.07) 3615(2.07) 2430(2.07) 2441(2.07) 3688(2.07) 1964(2.07) 1990(2.07) 3737(2.07) 2383(2.06) 3205(2.06) 2457(2.05) 625(2.05) 667(2.05) 1938(2.05) 166(2.05) 1298(2.05) 1755(2.04) 2064(2.04) 1322(2.04) 85(2.04) 737(2.04) 1052(2.04) 924(2.04) 1045(2.04) 1204(2.04) 529(2.04) 4036(2.04) 2837(2.04) 1947(2.04) 1560(2.04) 1520(2.04) 3451(2.04) 1484(2.04) 974(2.04) 1377(2.04) 2961(2.04) 2925(2.04) 1665(2.04) 2286(2.04) 2047(2.04) 1922(2.04) 1473(2.04) 920(2.03) 2846(2.03) 1137(2.03) 2444(2.03) 2163(2.03) 3636(2.03) 1906(2.03) 3897(2.03) 3846(2.03) 56(2.03) 2222(2.03) 736(2.03) 1540(2.03) 1268(2.03) 2533(2.03) 4356(2.03) 918(2.03) 3841(2.00) 2403(2.00) 1223(2.00) 3832(2.00) 387(2.00) 2366(2.00) 3809(2.00) 369(2.00) 2398(2.00) 2413(2.00) 3820(2.00) 3934(2.00) 3938(2.00) 129(2.00) 3942(2.00) 3943(2.00) 106(2.00) 3969(2.00) 2580(2.00) 2584(2.00) 1143(2.00) 2587(2.00) 2594(2.00) 394(2.00) 2598(2.00) 1130(2.00) 2606(2.00) 2614(2.00) 2634(2.00) 4014(2.00) 13(2.00) 2643(2.00) 46(2.00) 2657(2.00) 2661(2.00) 2670(2.00) 1141(2.00) 3856(2.00) 3863(2.00) 3865(2.00) 2443(2.00) 349(2.00) 1197(2.00) 2462(2.00) 1188(2.00) 3876(2.00) 1186(2.00) 2475(2.00) 3888(2.00) 3931(2.00) 3896(2.00) 3901(2.00) 2497(2.00) 147(2.00) 3913(2.00) 3915(2.00) 2506(2.00) 2507(2.00) 3917(2.00) 2518(2.00) 2519(2.00) 3930(2.00) 2523(2.00) 155(2.00) 1926(2.00) 681(2.00) 684(2.00) 1451(2.00) 1904(2.00) 1903(2.00) 1458(2.00) 694(2.00) 3463(2.00) 2148(2.00) 1496(2.00) 1497(2.00) 3452(2.00) 3448(2.00) 1475(2.00) 1855(2.00) 3421(2.00) 1839(2.00) 1836(2.00) 1494(2.00) 2011(2.00) 3541(2.00) 635(2.00) 639(2.00) 1987(2.00) 3526(2.00) 643(2.00) 1981(2.00) 1416(2.00) 676(2.00) 3509(2.00) 1967(2.00) 3507(2.00) 1961(2.00) 3498(2.00) 1945(2.00) 666(2.00) 3488(2.00) 3487(2.00) 3513(2.00) 1702(2.00) 1690(2.00) 1615(2.00) 3339(2.00) 1683(2.00) 3337(2.00) 1679(2.00) 3331(2.00) 3275(2.00) 1523(2.00) 1662(2.00) 3285(2.00) 1656(2.00) 3293(2.00) 1653(2.00) 1652(2.00) 3309(2.00) 3294(2.00) 3300(2.00) 3322(2.00) 1485(2.00) 1825(2.00) 1490(2.00) 1820(2.00) 1819(2.00) 3215(2.00) 1801(2.00) 3398(2.00) 3384(2.00) 1706(2.00) 3378(2.00) 3234(2.00) 3235(2.00) 3361(2.00) 1732(2.00) 3245(2.00) 1729(2.00) 1724(2.00) 1594(2.00) 1711(2.00) 3381(2.00) 2269(2.00) 457(2.00) 458(2.00) 460(2.00) 1295(2.00) 2250(2.00) 2243(2.00) 477(2.00) 3715(2.00) 2018(2.00) 483(2.00) 3713(2.00) 3707(2.00) 2214(2.00) 3706(2.00) 1313(2.00) 3700(2.00) 497(2.00) 2204(2.00) 2227(2.00) 3800(2.00) 2347(2.00) 404(2.00) 406(2.00) 1249(2.00) 2333(2.00) 3787(2.00) 414(2.00) 2327(2.00) 2271(2.00) 3772(2.00) 2299(2.00) 2293(2.00) 3749(2.00) 2279(2.00) 2277(2.00) 448(2.00) 452(2.00) 453(2.00) 2273(2.00) 2310(2.00) 2116(2.00) 2107(2.00) 1365(2.00) 1367(2.00) 564(2.00) 2100(2.00) 566(2.00) 2096(2.00) 2094(2.00) 2203(2.00) 3608(2.00) 576(2.00) 1376(2.00) 3586(2.00) 1385(2.00) 611(2.00) 3551(2.00) 619(2.00) 3547(2.00) 2090(2.00) 2202(2.00) 2199(2.00) 3698(2.00) 1319(2.00) 2183(2.00) 511(2.00) 2178(2.00) 3666(2.00) 525(2.00) 2121(2.00) 2155(2.00) 2151(2.00) 2671(2.00) 2146(2.00) 2140(2.00) 3645(2.00) 2136(2.00) 2134(2.00) 2131(2.00) 2127(2.00) 1330(2.00) 4364(2.00) 3078(2.00) 3080(2.00) 4218(2.00) 2850(2.00) 933(2.00) 263(2.00) 75(2.00) 795(2.00) 1036(2.00) 4097(2.00) 798(2.00) 850(2.00) 2841(2.00) 4098(2.00) 932(2.00) 793(2.00) 944(2.00) 2705(2.00) 3049(2.00) 942(2.00) 3055(2.00) 1012(2.00) 1014(2.00) 787(2.00) 4354(2.00) 291(2.00) 2713(2.00) 778(2.00) 2718(2.00) 4250(2.00) 4244(2.00) 4233(2.00) 2885(2.00) 2802(2.00) 193(2.00) 4169(2.00) 1063(2.00) 4166(2.00) 1049(2.00) 845(2.00) 2838(2.00) 3142(2.00) 839(2.00) 916(2.00) 4406(2.00) 210(2.00) 4130(2.00) 4408(2.00) 1058(2.00) 837(2.00) 4198(2.00) 186(2.00) 2828(2.00) 2827(2.00) 3163(2.00) 815(2.00) 3118(2.00) 4178(2.00) 3159(2.00) 1040(2.00) 4102(2.00) 822(2.00) 3125(2.00) 2807(2.00) 4391(2.00) 3127(2.00) 3121(2.00) 756(2.00) 2940(2.00) 4055(2.00) 755(2.00) 1086(2.00) 4054(2.00) 4287(2.00) 4328(2.00) 3062(2.00) 2955(2.00) 2956(2.00) 333(2.00) 4300(2.00) 4051(2.00) 66(2.00) 2970(2.00) 3018(2.00) 2975(2.00) 61(2.00) 890(2.00) 981(2.00) 967(2.00) 58(2.00) 720(2.00) 4319(2.00) 726(2.00) 2990(2.00) 2998(2.00) 2425(2.00) 712(2.00) 307(2.00) 4065(2.00) 2915(2.00) 862(2.00) 947(2.00) 2916(2.00) 2918(2.00) 70(2.00) 765(2.00) 3038(2.00) 748(2.00) 3033(2.00) 2931(2.00) 2928(2.00) 2939(2.00) 2934(2.00) 4060(2.00) 1146(1.98) 3833(1.97) 816(1.84) 1783(1.81) 3891(1.76) 1(1.73) 1444(1.72) 1419(1.72) 3908(1.72) 59(1.71) 4019(1.71) 2169(1.65) 1008(1.64) 565(1.62) 3117(1.58) 1798(1.58) 3637(1.58) 3101(1.56) 2844(1.55) 2056(1.55) 4053(1.55) 3422(1.55) 341(1.54) 4277(1.54) 2633(1.54) 3173(1.54) 3336(1.54) 2263(1.54) 1234(1.54) 2372(1.54) 1259(1.49) 3534(1.49) 3520(1.49) 4145(1.49) 4154(1.49) 3160(1.48) 239(1.47) 3780(1.46) 1344(1.45) 3709(1.44) 1111(1.42) 704(1.42) 721(1.41) 3803(1.39) 1746(1.39) 217(1.38) 1332(1.37) 3544(1.37) 1812(1.37) 3047(1.37) 544(1.37) 3072(1.37) 2980(1.37) 1101(1.37) 1511(1.37) 4034(1.37) 269(1.37) 3890(1.37) 293(1.37) 207(1.36) 3147(1.36) 1308(1.34) 597(1.34) 1864(1.34) 69(1.34) 4358(1.34) 1680(1.33) 3056(1.32) 3328(1.31) 1309(1.30) 1042(1.30) 2445(1.29) 3369(1.27) 3368(1.27) 4039(1.27) 2920(1.27) 1584(1.27) 1582(1.27) 4063(1.27) 1291(1.27) 286(1.27) 1292(1.27) 3158(1.27) 238(1.27) 727(1.27) 3053(1.27) 284(1.27) 751(1.27) 1281(1.27) 152(1.27) 2132(1.27) 2923(1.27) 154(1.27) 2091(1.27) 1158(1.26) 3388(1.26) 2401(1.25) 3711(1.25) 1153(1.25) 1368(1.24) 2480(1.24) 3292(1.24) 151(1.24) 1796(1.24) 1759(1.24) 150(1.24) 3185(1.24) 4443(1.24) 1929(1.23) 118(1.22) 7(1.22) 12(1.22) 1455(1.22) 1436(1.22) 1566(1.22) 3404(1.22) 2747(1.22) 1126(1.22) 399(1.22) 1635(1.21) 1936(1.21) 955(1.21) 3017(1.21) 2071(1.21) 4279(1.21) 1831(1.21) 3002(1.21) 3180(1.21) 2109(1.21) 4168(1.21) 4153(1.21) 922(1.21) 3220(1.21) 4260(1.21) 900(1.21) 532(1.21) 1244(1.21) 1328(1.21) 1266(1.21) 1031(1.21) 517(1.21) 314(1.21) 2459(1.21) 939(1.21) 2438(1.21) 302(1.21) 1165(1.20) 3621(1.20) 3166(1.20) 231(1.20) 3701(1.20) 3638(1.20) 3689(1.20) 1505(1.19) 3494(1.19) 3786(1.19) 1105(1.18) 710(1.18) 3415(1.18) 437(1.18) 1201(1.18) 891(1.18) 3770(1.18) 422(1.18) 2996(1.18) 3346(1.18) 1122(1.18) 1590(1.18) 930(1.18) 3799(1.18) 745(1.18) 1076(1.18) 4237(1.18) 3728(1.18) 128(1.18) 3019(1.18) 4242(1.18) 131(1.18) 1623(1.18) 176(1.18) 1218(1.18) 162(1.18) 4449(1.18) 733(1.18) 678(1.18) 124(1.18) 1310(1.18) 3267(1.18) 1548(1.18) 208(1.18) 368(1.18) 1577(1.18) 1260(1.18) 1356(1.18) 3099(1.18) 378(1.18) 3752(1.18) 1745(1.18) 3740(1.18) 3081(1.18) 1169(1.18) 3232(1.18) 212(1.18) 390(1.18) 1697(1.18) 1272(1.18) 1227(1.18) 3784(1.17) 4118(1.17) 3699(1.17) 3714(1.17) 3535(1.17) 1940(1.17) 3325(1.17) 3550(1.17) 3307(1.17) 218(1.16) 713(1.16) 2549(1.15) 791(1.15) 1035(1.15) 1996(1.15) 3951(1.15) 2511(1.15) 3746(1.15) 1359(1.15) 2870(1.15) 3260(1.15) 2666(1.15) 4163(1.15) 3131(1.15) 4390(1.15) 1808(1.15) 1406(1.15) 3925(1.15) 2353(1.15) 2728(1.15) 799(1.15) 2078(1.15) 3449(1.15) 214(1.15) 1346(1.15) 1300(1.15) 1394(1.15) 1868(1.13) 1116(1.13) 2509(1.13) 2407(1.13) 3231(1.13) 2440(1.12) 1650(1.12) 3821(1.12) 2932(1.11) 3559(1.11) 2066(1.11) 1121(1.11) 2877(1.11) 2487(1.11) 628(1.11) 1722(1.11) 165(1.11) 2460(1.11) 2164(1.11) 81(1.11) 2891(1.10) 917(1.10) 1178(1.10) 505(1.10) 2356(1.10) 2513(1.10) 1115(1.10) 2914(1.09) 4195(1.09) 2063(1.09) 2388(1.09) 1757(1.09) 1274(1.09) 693(1.09) 68(1.09) 2561(1.09) 2437(1.09) 4313(1.08) 1968(1.08) 516(1.08) 2821(1.08) 1149(1.08) 1470(1.08) 1517(1.08) 2112(1.08) 1326(1.08) 3230(1.08) 174(1.07) 1747(1.07) 172(1.07) 2685(1.07) 1421(1.07) 3861(1.07) 989(1.07) 156(1.07) 2933(1.07) 2037(1.07) 3884(1.07) 4116(1.07) 3389(1.07) 1196(1.07) 1315(1.07) 949(1.07) 1351(1.07) 2266(1.07) 1713(1.07) 2281(1.07) 1096(1.07) 2964(1.07) 180(1.07) 818(1.07) 2257(1.07) 4089(1.07) 3413(1.07) 2725(1.07) 2306(1.07) 3358(1.07) 2315(1.07) 2044(1.07) 2530(1.07) 1467(1.07) 2555(1.07) 4302(1.07) 780(1.07) 4289(1.07) 2295(1.07) 1721(1.07) 2910(1.07) 1503(1.07) 3493(1.07) 1025(1.07) 2229(1.07) 3015(1.07) 1970(1.07) 1461(1.07) 1209(1.07) 899(1.07) 988(1.07) 3911(1.07) 2160(1.07) 2499(1.07) 2179(1.07) 1860(1.07) 971(1.07) 401(1.07) 3623(1.07) 1179(1.07) 781(1.07) 1314(1.07) 4185(1.07) 74(1.07) 894(1.07) 4346(1.07) 2197(1.07) 3829(1.07) 1522(1.07) 2042(1.06) 1350(1.06) 813(1.06) 20(1.06) 1744(1.06) 3179(1.06) 1390(1.06) 783(1.06) 2579(1.06) 2759(1.06) 2543(1.06) 26(1.06) 2785(1.06) 1782(1.06) 1428(1.06) 776(1.06) 2003(1.06) 750(1.06) 1611(1.06) 1469(1.06) 4362(1.06) 94(1.06) 2359(1.06) 4374(1.06) 2390(1.06) 758(1.05) 473(1.05) 205(1.05) 4004(1.05) 4005(1.05) 2559(1.05) 2247(1.05) 3001(1.05) 3054(1.05) 223(1.05) 2962(1.05) 506(1.05) 1890(1.05) 4433(1.05) 2302(1.05) 2236(1.05) 4375(1.05) 2237(1.05) 2309(1.05) 2312(1.05) 4377(1.05) 2763(1.05) 3373(1.05) 600(1.05) 2814(1.05) 2450(1.05) 1701(1.05) 3406(1.05) 3317(1.05) 3350(1.05) 2750(1.05) 608(1.05) 2949(1.04) 986(1.04) 2999(1.04) 2951(1.04) 4301(1.04) 4366(1.04) 1914(1.04) 1073(1.04) 3781(1.04) 1037(1.04) 3797(1.04) 3798(1.04) 1954(1.04) 4382(1.04) 1324(1.04) 2816(1.04) 994(1.04) 990(1.04) 4280(1.04) 702(1.04) 2762(1.04) 2075(1.04) 2741(1.04) 2738(1.04) 2016(1.04) 126(1.04) 4225(1.04) 444(1.04) 3743(1.04) 3542(1.04) 4246(1.04) 3729(1.04) 461(1.04) 3532(1.04) 1671(1.04) 1252(1.04) 3875(1.04) 1352(1.04) 77(1.04) 1207(1.04) 1688(1.04) 3431(1.04) 3475(1.04) 3935(1.04) 3895(1.04) 2006(1.04) 1958(1.04) 907(1.04) 855(1.04) 4043(1.04) 1833(1.04) 1852(1.04) 3330(1.04) 3218(1.04) 3365(1.04) 3386(1.04) 4025(1.04) 1154(1.04) 2255(1.04) 2007(1.04) 2198(1.04) 241(1.04) 656(1.04) 3949(1.04) 642(1.04) 245(1.04) 213(1.04) 3962(1.04) 3654(1.03) 3647(1.03) 1411(1.03) 3136(1.03) 2515(1.03) 1770(1.03) 4132(1.03) 3763(1.03) 440(1.03) 851(1.03) 1709(1.03) 4070(1.03) 3719(1.03) 2342(1.03) 2350(1.03) 4035(1.03) 3628(1.03) 4099(1.03) 3691(1.03) 3150(1.03) 3670(1.03) 644(1.03) 622(1.03) 4447(1.03) 4437(1.03) 3153(1.03) 146(1.03) 324(1.03) 171(1.03) 4217(1.03) 230(1.03) 1254(1.03) 359(1.03) 4209(1.03) 2686(1.03) 47(1.03) 250(1.03) 1229(1.03) 3208(1.03) 53(1.03) 311(1.01) 380(1.00) 157(1.00) 1050(1.00) 1183(1.00) 1184(1.00) 1185(1.00) 1559(1.00) 163(1.00) 1055(1.00) 338(1.00) 1556(1.00) 1555(1.00) 1191(1.00) 1192(1.00) 1194(1.00) 3228(1.00) 348(1.00) 344(1.00) 1054(1.00) 215(1.00) 138(1.00) 1575(1.00) 847(1.00) 911(1.00) 196(1.00) 1570(1.00) 1569(1.00) 139(1.00) 1061(1.00) 1177(1.00) 198(1.00) 1182(1.00) 1059(1.00) 143(1.00) 1567(1.00) 1181(1.00) 202(1.00) 844(1.00) 1565(1.00) 134(1.00) 912(1.00) 3233(1.00) 148(1.00) 1568(1.00) 3212(1.00) 1212(1.00) 237(1.00) 249(1.00) 3211(1.00) 240(1.00) 3209(1.00) 366(1.00) 823(1.00) 367(1.00) 834(1.00) 1215(1.00) 1488(1.00) 1216(1.00) 926(1.00) 1527(1.00) 1217(1.00) 373(1.00) 374(1.00) 376(1.00) 1524(1.00) 1221(1.00) 1491(1.00) 379(1.00) 3224(1.00) 3223(1.00) 831(1.00) 1198(1.00) 3221(1.00) 226(1.00) 919(1.00) 351(1.00) 352(1.00) 235(1.00) 1047(1.00) 817(1.00) 1542(1.00) 251(1.00) 1046(1.00) 826(1.00) 3214(1.00) 1640(1.00) 234(1.00) 824(1.00) 1536(1.00) 1545(1.00) 9(1.00) 63(1.00) 8(1.00) 1619(1.00) 1120(1.00) 67(1.00) 864(1.00) 17(1.00) 863(1.00) 1125(1.00) 3273(1.00) 252(1.00) 72(1.00) 27(1.00) 1617(1.00) 903(1.00) 1616(1.00) 73(1.00) 860(1.00) 1134(1.00) 3272(1.00) 3269(1.00) 33(1.00) 1138(1.00) 23(1.00) 3299(1.00) 883(1.00) 1095(1.00) 1636(1.00) 50(1.00) 54(1.00) 1100(1.00) 1634(1.00) 887(1.00) 889(1.00) 873(1.00) 1622(1.00) 43(1.00) 1104(1.00) 1106(1.00) 3278(1.00) 1626(1.00) 1107(1.00) 3277(1.00) 3276(1.00) 895(1.00) 16(1.00) 1108(1.00) 62(1.00) 1087(1.00) 102(1.00) 1069(1.00) 105(1.00) 107(1.00) 3246(1.00) 1164(1.00) 909(1.00) 119(1.00) 848(1.00) 123(1.00) 187(1.00) 1609(1.00) 1585(1.00) 1064(1.00) 1583(1.00) 1174(1.00) 1175(1.00) 3244(1.00) 1580(1.00) 1579(1.00) 133(1.00) 1576(1.00) 191(1.00) 192(1.00) 1586(1.00) 1608(1.00) 78(1.00) 3265(1.00) 79(1.00) 1077(1.00) 83(1.00) 856(1.00) 3257(1.00) 1142(1.00) 178(1.00) 3253(1.00) 100(1.00) 90(1.00) 3247(1.00) 906(1.00) 1596(1.00) 92(1.00) 1072(1.00) 95(1.00) 908(1.00) 1593(1.00) 1592(1.00) 96(1.00) 1591(1.00) 1598(1.00) 950(1.00) 316(1.00) 759(1.00) 319(1.00) 649(1.00) 1329(1.00) 528(1.00) 646(1.00) 321(1.00) 1331(1.00) 991(1.00) 254(1.00) 1336(1.00) 323(1.00) 1415(1.00) 538(1.00) 539(1.00) 958(1.00) 540(1.00) 1414(1.00) 541(1.00) 545(1.00) 1349(1.00) 533(1.00) 493(1.00) 1004(1.00) 305(1.00) 1003(1.00) 308(1.00) 498(1.00) 767(1.00) 1316(1.00) 998(1.00) 1427(1.00) 658(1.00) 518(1.00) 507(1.00) 657(1.00) 1323(1.00) 315(1.00) 655(1.00) 1426(1.00) 764(1.00) 948(1.00) 513(1.00) 514(1.00) 1327(1.00) 1423(1.00) 1321(1.00) 968(1.00) 618(1.00) 584(1.00) 1379(1.00) 616(1.00) 734(1.00) 615(1.00) 1397(1.00) 587(1.00) 1396(1.00) 722(1.00) 327(1.00) 610(1.00) 728(1.00) 1383(1.00) 607(1.00) 1387(1.00) 606(1.00) 731(1.00) 595(1.00) 1395(1.00) 732(1.00) 599(1.00) 601(1.00) 588(1.00) 548(1.00) 636(1.00) 747(1.00) 1358(1.00) 634(1.00) 1410(1.00) 1362(1.00) 332(1.00) 709(1.00) 569(1.00) 715(1.00) 583(1.00) 1370(1.00) 572(1.00) 962(1.00) 717(1.00) 718(1.00) 624(1.00) 966(1.00) 1375(1.00) 578(1.00) 581(1.00) 742(1.00) 620(1.00) 570(1.00) 407(1.00) 1501(1.00) 806(1.00) 1248(1.00) 1500(1.00) 1468(1.00) 805(1.00) 410(1.00) 412(1.00) 413(1.00) 1253(1.00) 662(1.00) 1258(1.00) 792(1.00) 1493(1.00) 708(1.00) 264(1.00) 427(1.00) 266(1.00) 1462(1.00) 431(1.00) 701(1.00) 934(1.00) 1256(1.00) 814(1.00) 253(1.00) 810(1.00) 809(1.00) 1516(1.00) 808(1.00) 1482(1.00) 1230(1.00) 1233(1.00) 391(1.00) 1480(1.00) 928(1.00) 1242(1.00) 1243(1.00) 398(1.00) 256(1.00) 1471(1.00) 257(1.00) 1508(1.00) 1506(1.00) 402(1.00) 259(1.00) 1247(1.00) 1038(1.00) 255(1.00) 467(1.00) 468(1.00) 469(1.00) 777(1.00) 471(1.00) 472(1.00) 1016(1.00) 1301(1.00) 476(1.00) 478(1.00) 1443(1.00) 700(1.00) 1442(1.00) 1439(1.00) 772(1.00) 668(1.00) 479(1.00) 297(1.00) 485(1.00) 486(1.00) 488(1.00) 1011(1.00) 490(1.00) 1005(1.00) 937(1.00) 699(1.00) 434(1.00) 696(1.00) 1034(1.00) 438(1.00) 1278(1.00) 1279(1.00) 690(1.00) 443(1.00) 1280(1.00) 447(1.00) 680(1.00) 1456(1.00) 688(1.00) 270(1.00) 1023(1.00) 686(1.00) 785(1.00) 280(1.00) 1022(1.00) 1021(1.00) 1449(1.00) 1296(1.00) 1019(1.00) 786(1.00) 3976(1.00) 2583(1.00) 2586(1.00) 2589(1.00) 2590(1.00) 2593(1.00) 2596(1.00) 3982(1.00) 2600(1.00) 2601(1.00) 2241(1.00) 2603(1.00) 3987(1.00) 2607(1.00) 3990(1.00) 2609(1.00) 2613(1.00) 3997(1.00) 2617(1.00) 4000(1.00) 4001(1.00) 2620(1.00) 2602(1.00) 3940(1.00) 3941(1.00) 2536(1.00) 3945(1.00) 3952(1.00) 2547(1.00) 3953(1.00) 2551(1.00) 3955(1.00) 2553(1.00) 2556(1.00) 2581(1.00) 2560(1.00) 3957(1.00) 3958(1.00) 2566(1.00) 3963(1.00) 2570(1.00) 2571(1.00) 3966(1.00) 2574(1.00) 3972(1.00) 2578(1.00) 2558(1.00) 2691(1.00) 4056(1.00) 4057(1.00) 2695(1.00) 2696(1.00) 4064(1.00) 2701(1.00) 4068(1.00) 2707(1.00) 2709(1.00) 2710(1.00) 4006(1.00) 4069(1.00) 4079(1.00) 4088(1.00) 2723(1.00) 2726(1.00) 2727(1.00) 2730(1.00) 4101(1.00) 2735(1.00) 2739(1.00) 4104(1.00) 2711(1.00) 2626(1.00) 4009(1.00) 4017(1.00) 2642(1.00) 2645(1.00) 4026(1.00) 4027(1.00) 4031(1.00) 2653(1.00) 4033(1.00) 2655(1.00) 2689(1.00) 2662(1.00) 4037(1.00) 2667(1.00) 2668(1.00) 2674(1.00) 4044(1.00) 2676(1.00) 4046(1.00) 2680(1.00) 4049(1.00) 2683(1.00) 2659(1.00) 2317(1.00) 3778(1.00) 2320(1.00) 2321(1.00) 3782(1.00) 3785(1.00) 2330(1.00) 3788(1.00) 3795(1.00) 2336(1.00) 2337(1.00) 2528(1.00) 2339(1.00) 2340(1.00) 2348(1.00) 2351(1.00) 2354(1.00) 3805(1.00) 2362(1.00) 3808(1.00) 3813(1.00) 3814(1.00) 2373(1.00) 3796(1.00) 3721(1.00) 3724(1.00) 2248(1.00) 3727(1.00) 2256(1.00) 2258(1.00) 2259(1.00) 3738(1.00) 3741(1.00) 2276(1.00) 3744(1.00) 2316(1.00) 3747(1.00) 2287(1.00) 3750(1.00) 3753(1.00) 2294(1.00) 3756(1.00) 3761(1.00) 2301(1.00) 3767(1.00) 3773(1.00) 3774(1.00) 2283(1.00) 2442(1.00) 3870(1.00) 2451(1.00) 879(1.00) 3874(1.00) 2455(1.00) 2458(1.00) 2463(1.00) 2465(1.00) 2470(1.00) 2471(1.00) 2375(1.00) 3889(1.00) 3893(1.00) 3904(1.00) 2502(1.00) 3916(1.00) 2508(1.00) 3919(1.00) 3922(1.00) 3923(1.00) 3927(1.00) 2524(1.00) 3878(1.00) 2376(1.00) 2377(1.00) 2379(1.00) 2386(1.00) 3822(1.00) 2389(1.00) 3825(1.00) 2392(1.00) 2393(1.00) 3828(1.00) 2396(1.00) 3867(1.00) 2402(1.00) 3835(1.00) 2409(1.00) 3838(1.00) 3845(1.00) 2419(1.00) 3853(1.00) 3854(1.00) 3860(1.00) 2433(1.00) 3866(1.00) 3831(1.00) 3035(1.00) 3036(1.00) 4342(1.00) 4343(1.00) 4344(1.00) 3042(1.00) 3044(1.00) 4348(1.00) 4351(1.00) 3050(1.00) 3052(1.00) 4105(1.00) 3061(1.00) 3063(1.00) 3064(1.00) 3067(1.00) 3068(1.00) 4359(1.00) 4360(1.00) 3075(1.00) 4363(1.00) 3082(1.00) 3083(1.00) 3060(1.00) 2982(1.00) 4311(1.00) 


Filtered 1784 locations: 4410 2446 3552 2040 3578 2410 794 1632 4148 1334 3034 1763 3862 2573 788 1877 3543 2585 356 3229 4409 285 2352 320 520 2406 2181 4162 4241 2034 3274 568 567 2819 2836 3993 1815 972 2806 3410 1502 103 104 1030 1538 1053 3256 1487 2456 2055 3468 3815 1373 2790 1909 3574 2890 523 1160 2531 1686 651 3495 4431 4258 757 194 673 2193 1923 640 2783 2565 1001 1905 1070 2632 4013 1463 2576 1881 859 1921 4282 4038 4155 876 292 474 4459 2664 2254 872 716 3864 3583 3580 4194 2986 4312 2050 2420 3191 39 2895 3005 617 738 1043 857 2421 627 995 1657 1269 1595 2702 1312 3114 2588 1552 3390 2621 2231 4394 2592 3213 3210 1079 4273 819 1136 1725 1483 4076 4414 1731 4073 2370 1703 3992 4 1010 775 1013 1519 5 2010 3240 904 4286 3848 774 4291 3065 3107 4284 355 4298 330 1205 2167 364 2374 3816 1166 2267 3171 3375 3604 2635 4275 1534 1271 1129 4345 4269 4411 3766 1371 682 1728 1088 2605 3576 3112 1374 1764 1845 527 3028 2997 1071 1476 290 3920 4003 271 705 1878 563 57 1425 1998 953 1946 985 1920 2638 1148 204 1719 2491 4329 1437 1433 2903 2901 1793 1842 3668 2414 2170 2404 4171 4381 2385 2764 2842 2468 1957 4188 3419 2697 771 3098 3227 1779 3979 1067 1447 1389 3899 829 228 3776 3508 3554 1151 2911 2960 970 2395 3615 2430 2441 3688 1964 1990 3737 2383 3205 2457 625 667 1938 166 1298 1755 2064 1322 85 737 1052 924 1045 1204 529 4036 2837 1947 1560 1520 3451 1484 974 1377 2961 2925 1665 2286 2047 1922 1473 920 2846 1137 2444 2163 3636 1906 3897 3846 56 2222 736 1540 1268 2533 4356 918 3841 2403 1223 3832 387 2366 3809 369 2398 2413 3820 3934 3938 129 3942 3943 106 3969 2580 2584 1143 2587 2594 394 2598 1130 2606 2614 2634 4014 13 2643 46 2657 2661 2670 1141 3856 3863 3865 2443 349 1197 2462 1188 3876 1186 2475 3888 3931 3896 3901 2497 147 3913 3915 2506 2507 3917 2518 2519 3930 2523 155 1926 681 684 1451 1904 1903 1458 694 3463 2148 1496 1497 3452 3448 1475 1855 3421 1839 1836 1494 2011 3541 635 639 1987 3526 643 1981 1416 676 3509 1967 3507 1961 3498 1945 666 3488 3487 3513 1702 1690 1615 3339 1683 3337 1679 3331 3275 1523 1662 3285 1656 3293 1653 1652 3309 3294 3300 3322 1485 1825 1490 1820 1819 3215 1801 3398 3384 1706 3378 3234 3235 3361 1732 3245 1729 1724 1594 1711 3381 2269 457 458 460 1295 2250 2243 477 3715 2018 483 3713 3707 2214 3706 1313 3700 497 2204 2227 3800 2347 404 406 1249 2333 3787 414 2327 2271 3772 2299 2293 3749 2279 2277 448 452 453 2273 2310 2116 2107 1365 1367 564 2100 566 2096 2094 2203 3608 576 1376 3586 1385 611 3551 619 3547 2090 2202 2199 3698 1319 2183 511 2178 3666 525 2121 2155 2151 2671 2146 2140 3645 2136 2134 2131 2127 1330 4364 3078 3080 4218 2850 933 263 75 795 1036 4097 798 850 2841 4098 932 793 944 2705 3049 942 3055 1012 1014 787 4354 291 2713 778 2718 4250 4244 4233 2885 2802 193 4169 1063 4166 1049 845 2838 3142 839 916 4406 210 4130 4408 1058 837 4198 186 2828 2827 3163 815 3118 4178 3159 1040 4102 822 3125 2807 4391 3127 3121 756 2940 4055 755 1086 4054 4287 4328 3062 2955 2956 333 4300 4051 66 2970 3018 2975 61 890 981 967 58 720 4319 726 2990 2998 2425 712 307 4065 2915 862 947 2916 2918 70 765 3038 748 3033 2931 2928 2939 2934 4060 1146 3833 816 1783 3891 1 1444 1419 3908 59 4019 2169 1008 565 3117 1798 3637 3101 2844 2056 4053 3422 341 4277 2633 3173 3336 2263 1234 2372 1259 3534 3520 4145 4154 3160 239 3780 1344 3709 1111 704 721 3803 1746 217 1332 3544 1812 3047 544 3072 2980 1101 1511 4034 269 3890 293 207 3147 1308 597 1864 69 4358 1680 3056 3328 1309 1042 2445 3369 3368 4039 2920 1584 1582 4063 1291 286 1292 3158 238 727 3053 284 751 1281 152 2132 2923 154 2091 1158 3388 2401 3711 1153 1368 2480 3292 151 1796 1759 150 3185 4443 1929 118 7 12 1455 1436 1566 3404 2747 1126 399 1635 1936 955 3017 2071 4279 1831 3002 3180 2109 4168 4153 922 3220 4260 900 532 1244 1328 1266 1031 517 314 2459 939 2438 302 1165 3621 3166 231 3701 3638 3689 1505 3494 3786 1105 710 3415 437 1201 891 3770 422 2996 3346 1122 1590 930 3799 745 1076 4237 3728 128 3019 4242 131 1623 176 1218 162 4449 733 678 124 1310 3267 1548 208 368 1577 1260 1356 3099 378 3752 1745 3740 3081 1169 3232 212 390 1697 1272 1227 3784 4118 3699 3714 3535 1940 3325 3550 3307 218 713 2549 791 1035 1996 3951 2511 3746 1359 2870 3260 2666 4163 3131 4390 1808 1406 3925 2353 2728 799 2078 3449 214 1346 1300 1394 1868 1116 2509 2407 3231 2440 1650 3821 2932 3559 2066 1121 2877 2487 628 1722 165 2460 2164 81 2891 917 1178 505 2356 2513 1115 2914 4195 2063 2388 1757 1274 693 68 2561 2437 4313 1968 516 2821 1149 1470 1517 2112 1326 3230 174 1747 172 2685 1421 3861 989 156 2933 2037 3884 4116 3389 1196 1315 949 1351 2266 1713 2281 1096 2964 180 818 2257 4089 3413 2725 2306 3358 2315 2044 2530 1467 2555 4302 780 4289 2295 1721 2910 1503 3493 1025 2229 3015 1970 1461 1209 899 988 3911 2160 2499 2179 1860 971 401 3623 1179 781 1314 4185 74 894 4346 2197 3829 1522 2042 1350 813 20 1744 3179 1390 783 2579 2759 2543 26 2785 1782 1428 776 2003 750 1611 1469 4362 94 2359 4374 2390 758 473 205 4004 4005 2559 2247 3001 3054 223 2962 506 1890 4433 2302 2236 4375 2237 2309 2312 4377 2763 3373 600 2814 2450 1701 3406 3317 3350 2750 608 2949 986 2999 2951 4301 4366 1914 1073 3781 1037 3797 3798 1954 4382 1324 2816 994 990 4280 702 2762 2075 2741 2738 2016 126 4225 444 3743 3542 4246 3729 461 3532 1671 1252 3875 1352 77 1207 1688 3431 3475 3935 3895 2006 1958 907 855 4043 1833 1852 3330 3218 3365 3386 4025 1154 2255 2007 2198 241 656 3949 642 245 213 3962 3654 3647 1411 3136 2515 1770 4132 3763 440 851 1709 4070 3719 2342 2350 4035 3628 4099 3691 3150 3670 644 622 4447 4437 3153 146 324 171 4217 230 1254 359 4209 2686 47 250 1229 3208 53 311 380 157 1050 1183 1184 1185 1559 163 1055 338 1556 1555 1191 1192 1194 3228 348 344 1054 215 138 1575 847 911 196 1570 1569 139 1061 1177 198 1182 1059 143 1567 1181 202 844 1565 134 912 3233 148 1568 3212 1212 237 249 3211 240 3209 366 823 367 834 1215 1488 1216 926 1527 1217 373 374 376 1524 1221 1491 379 3224 3223 831 1198 3221 226 919 351 352 235 1047 817 1542 251 1046 826 3214 1640 234 824 1536 1545 9 63 8 1619 1120 67 864 17 863 1125 3273 252 72 27 1617 903 1616 73 860 1134 3272 3269 33 1138 23 3299 883 1095 1636 50 54 1100 1634 887 889 873 1622 43 1104 1106 3278 1626 1107 3277 3276 895 16 1108 62 1087 102 1069 105 107 3246 1164 909 119 848 123 187 1609 1585 1064 1583 1174 1175 3244 1580 1579 133 1576 191 192 1586 1608 78 3265 79 1077 83 856 3257 1142 178 3253 100 90 3247 906 1596 92 1072 95 908 1593 1592 96 1591 1598 950 316 759 319 649 1329 528 646 321 1331 991 254 1336 323 1415 538 539 958 540 1414 541 545 1349 533 493 1004 305 1003 308 498 767 1316 998 1427 658 518 507 657 1323 315 655 1426 764 948 513 514 1327 1423 1321 968 618 584 1379 616 734 615 1397 587 1396 722 327 610 728 1383 607 1387 606 731 595 1395 732 599 601 588 548 636 747 1358 634 1410 1362 332 709 569 715 583 1370 572 962 717 718 624 966 1375 578 581 742 620 570 407 1501 806 1248 1500 1468 805 410 412 413 1253 662 1258 792 1493 708 264 427 266 1462 431 701 934 1256 814 253 810 809 1516 808 1482 1230 1233 391 1480 928 1242 1243 398 256 1471 257 1508 1506 402 259 1247 1038 255 467 468 469 777 471 472 1016 1301 476 478 1443 700 1442 1439 772 668 479 297 485 486 488 1011 490 1005 937 699 434 696 1034 438 1278 1279 690 443 1280 447 680 1456 688 270 1023 686 785 280 1022 1021 1449 1296 1019 786 3976 2583 2586 2589 2590 2593 2596 3982 2600 2601 2241 2603 3987 2607 3990 2609 2613 3997 2617 4000 4001 2620 2602 3940 3941 2536 3945 3952 2547 3953 2551 3955 2553 2556 2581 2560 3957 3958 2566 3963 2570 2571 3966 2574 3972 2578 2558 2691 4056 4057 2695 2696 4064 2701 4068 2707 2709 2710 4006 4069 4079 4088 2723 2726 2727 2730 4101 2735 2739 4104 2711 2626 4009 4017 2642 2645 4026 4027 4031 2653 4033 2655 2689 2662 4037 2667 2668 2674 4044 2676 4046 2680 4049 2683 2659 2317 3778 2320 2321 3782 3785 2330 3788 3795 2336 2337 2528 2339 2340 2348 2351 2354 3805 2362 3808 3813 3814 2373 3796 3721 3724 2248 3727 2256 2258 2259 3738 3741 2276 3744 2316 3747 2287 3750 3753 2294 3756 3761 2301 3767 3773 3774 2283 2442 3870 2451 879 3874 2455 2458 2463 2465 2470 2471 2375 3889 3893 3904 2502 3916 2508 3919 3922 3923 3927 2524 3878 2376 2377 2379 2386 3822 2389 3825 2392 2393 3828 2396 3867 2402 3835 2409 3838 3845 2419 3853 3854 3860 2433 3866 3831 3035 3036 4342 4343 4344 3042 3044 4348 4351 3050 3052 4105 3061 3063 3064 3067 3068 4359 4360 3075 4363 3082 3083 3060 2982 4311 

Extracted 0 prioritized locations: 

Final instance parameters:
loc_max_id: 4461
loc_cnt: 1784
service: fnl4461_0250
cust_max_id: 4461
cust_cnt: 4461
unweighted obj function
p: 250
total_demand: 224395.00
threshold_dist: 517.20



-------------------------------------------------
Final Problem RSSV heuristic
-------------------------------------------------
    RSSV_EXACT_CPMP_BIN
-------------------------------------------------
Gap Cplex Reports: gap_Bin_service_fnl4461_0250_p_250_RSSV_EXACT_CPMP_BIN.csv
[CALLBACK] Generating reports cplex callbacks...
[CALLBACK] Using BreakCallback...
Time Limit with not improving 1.00% (gap): 120.00 seconds
Time Limit with Gap less than 1%: 120.00 seconds
Default row names c1, c2 ... being created.
Version identifier: 22.1.1.0 | 2022-11-28 | 9160aff4d
CPXPARAM_TimeLimit                               1799
Legacy callback                                  i
Tried aggregator 1 time.
MIP Presolve eliminated 7442969 rows and 7442969 columns.
Reduced MIP has 6246 rows, 517239 columns, and 1034478 nonzeros.
Reduced MIP has 517239 binaries, 0 generals, 0 SOSs, and 0 indicators.
Presolve time = 11.01 sec. (6730.10 ticks)
Tried aggregator 1 time.
Detecting symmetries...
Reduced MIP has 6246 rows, 517239 columns, and 1034478 nonzeros.
Reduced MIP has 517239 binaries, 0 generals, 0 SOSs, and 0 indicators.
Presolve time = 2.27 sec. (1059.68 ticks)
Probing time = 2.45 sec. (111.69 ticks)
Clique table members: 519916.
MIP emphasis: balance optimality and feasibility.
MIP search method: dynamic search.
Parallel mode: deterministic, using up to 32 threads.
Root relaxation solution time = 1.24 sec. (518.09 ticks)

        Nodes                                         Cuts/
   Node  Left     Objective  IInf  Best Integer    Best Bound    ItCnt     Gap

*     0+    0                       777314.8647        0.0000           100.00%
*     0+    0                       732701.2421        0.0000           100.00%
*     0+    0                       731262.1954        0.0000           100.00%
      0     0   131121.8966  1728   731262.1954   131121.8966     1758   82.07%
Time: 55.81 seconds
MIP Gap: 0.82
Nodes: 0
Best Objective: 131121.896557103638770
Incumbent Obj:  731262.195353696821257
*     0+    0                       730827.6320   131121.8966            82.06%
Time: 61.568633079528809 seconds
MIP Gap: 0.820584374744468
Nodes: 0
Best Objective: 131121.896557103638770
Incumbent Obj:  730827.632043496239930
      0     0   183276.9891  3632   730827.6320    Cuts: 1661     4979   74.92%
      0     0   214640.0225  5637   730827.6320    Cuts: 1661     8200   70.63%
Time: 69.388581037521362 seconds
MIP Gap: 0.706305545828664
Nodes: 0
Best Objective: 214640.022486344387289
Incumbent Obj:  730827.632043496239930
      0     0   232931.2781  6996   730827.6320    Cuts: 1661    11225   68.13%
Time: 83.103768110275269 seconds
MIP Gap: 0.681277406704385
Nodes: 0
Best Objective: 232931.278136996232206
Incumbent Obj:  730827.632043496239930
      0     0   248299.7115  8586   730827.6320    Cuts: 1661    14446   66.02%
Time: 94.280657052993774 seconds
MIP Gap: 0.660248599531701
Nodes: 0
Best Objective: 248299.711487708555069
Incumbent Obj:  730827.632043496239930
      0     0   261044.8688  9603   730827.6320    Cuts: 1661    18211   64.28%
Detecting symmetries...
Time: 104.503738164901733 seconds
MIP Gap: 0.642809251645271
Nodes: 0
Best Objective: 261044.868807930644834
Incumbent Obj:  730827.632043496239930
      0     0   272241.0355 10718   730827.6320    Cuts: 1661    22026   62.75%
Time: 126.227687120437622 seconds
MIP Gap: 0.627489405746685
Nodes: 0
Best Objective: 272241.035509265901055
Incumbent Obj:  730827.632043496239930
      0     0   280954.2149 12010   730827.6320    Cuts: 1661    25969   61.56%
Time: 147.785137176513672 seconds
MIP Gap: 0.615567060428187
Nodes: 0
Best Objective: 280954.214906788314693
Incumbent Obj:  730827.632043496239930
      0     0   288064.9733 13002   730827.6320    Cuts: 1661    30278   60.58%
Time: 177.106324195861816 seconds
MIP Gap: 0.605837326455939
Nodes: 0
Best Objective: 288064.973346139944624
Incumbent Obj:  730827.632043496239930
      0     0   294045.7146 13710   730827.6320    Cuts: 1661    34259   59.77%
Time: 213.646766185760498 seconds
MIP Gap: 0.597653808207263
Nodes: 0
Best Objective: 294045.714609604096040
Incumbent Obj:  730827.632043496239930
      0     0   299221.0677 14584   730827.6320    Cuts: 1661    38847   59.06%
Time: 242.124343156814575 seconds
MIP Gap: 0.590572312052027
Nodes: 0
Best Objective: 299221.067676060541999
Incumbent Obj:  730827.632043496239930
      0     0   303735.0794 15330   730827.6320    Cuts: 1661    43797   58.44%
Time: 282.057646036148071 seconds
MIP Gap: 0.584395736953719
Nodes: 0
Best Objective: 303735.079429295612499
Incumbent Obj:  730827.632043496239930
      0     0   307466.5399 16084   730827.6320    Cuts: 1661    49059   57.93%
Time: 330.566511154174805 seconds
MIP Gap: 0.579289935922728
Nodes: 0
Best Objective: 307466.539906459860504
Incumbent Obj:  730827.632043496239930
      0     0   310492.5353 16395   730827.6320    Cuts: 1661    54287   57.51%
Time: 387.747075080871582 seconds
MIP Gap: 0.575149430971859
Nodes: 0
Best Objective: 310492.535335167835001
Incumbent Obj:  730827.632043496239930
      0     0   313039.0782 16933   730827.6320    Cuts: 1661    60459   57.17%
Time: 443.370495080947876 seconds
MIP Gap: 0.571664966579394
Nodes: 0
Best Objective: 313039.078196053102147
Incumbent Obj:  730827.632043496239930
      0     0   315071.8292 17166   730827.6320    Cuts: 1661    66496   56.89%
*     0+    0                       432644.2932   315071.8292            27.18%
Time: 495.407607078552246 seconds
MIP Gap: 0.271753183427722
Nodes: 0
Best Objective: 315071.829203013272490
Incumbent Obj:  432644.293161482841242
      0     0   316727.5415 17574   432644.2932    Cuts: 1661    72101   26.79%
*     0+    0                       404058.4163   316727.5415            21.61%
Time: 690.554261207580566 seconds
MIP Gap: 0.216134279706514
Nodes: 0
Best Objective: 316727.541496562538669
Incumbent Obj:  404058.416252693394199
      0     0   323551.4454 19425   404058.4163    Cuts: 1661    78998   19.92%
slurmstepd: error: *** JOB 902565 ON arges CANCELLED AT 2024-08-28T11:38:14 ***
slurmstepd: error: *** STEP 902565.0 ON arges CANCELLED AT 2024-08-28T11:38:14 ***
