Debug: configOverride contents: IsWeighted_ObjFunc add_break_callback add_generate_reports add_threshold_distance_rssv bw_multiplier capacities cover_mode coverages cust_max_id distance_matrix loc_max_id max_ite_subprob_rssv method method_post_opt method_rssv_fp method_rssv_sp output p seed service size_subproblems_rssv subarea threads time time_cplex time_subprob_rssv weights 
Loading instance...
Scanning input data...
Distance matrix dimensions: 4462 x 4462 = 19909444
Elapsed time: 0 ms

Loading weights...
Skipped line: customer weight coord_x coord_y
Loaded 4461 weights
Loaded 4461 coordinates
Total customer demand: 224395.00
Elapsed time: 11 ms

Loading capacities...
Skipped line: location capacity coord_x coord_y
Loaded 4461 capacities
Loaded 4461 coordinates
Elapsed time: 10 ms

Loading distance matrix...
Computing euclidian distances...
bw multiplier: 0.50
Loaded 19904982 distances
dists stdev: 954.33
bandwidth h: 17.53
locations: 4461
customers: 4461
p: 250
Elapsed time: 720 ms

[INFO] Instance loaded
loc_max_id: 4461
loc_cnt: 4461
service: fnl4461_0250
cust_max_id: 4461
cust_cnt: 4461
unweighted obj function
p: 250
total_demand: 224395.00


-------------------------------------------------


-------------------------------------------------
RSSV heuristic 
-------------------------------------------------
method subproblems: TB_PMP
method final problem: EXACT_CPMP_BIN
-------------------------------------------------
RSSV running...
cPMP size (N): 4461
sub-cPMP size (n): 375
Subproblems cnt (M): 59
p: 250
Seed: 0
Time limit for subproblems: 180.00

thread cnt: 20

Thread 1 created with seed 1
Thread 2 created with seed 2
Solving sub-PMP 1/59...
Thread 3 created with seed 3
Thread 4 created with seed 4
Thread 5 created with seed 5
Thread 6 created with seed 6
Thread 7 created with seed 7
Thread 8 created with seed 8
Thread 9 created with seed 9
Thread 10 created with seed 10
Thread 11 created with seed 11
Thread 12 created with seed 12
Thread 13 created with seed 13
Thread 14 created with seed 14
Thread 15 created with seed 15
Thread 16 created with seed 16
Thread 17 created with seed 17
Thread 18 created with seed 18
Thread 19 created with seed 19
Thread 20 created with seed 20
Solving sub-PMP 2/59...
uncapacitated TB started
uncapacitated TB started
Solving sub-PMP 17/59...
Solving sub-PMP 14/59...
uncapacitated TB started
uncapacitated TB started
Solving sub-PMP 15/59...Solving sub-PMP 
uncapacitated TB started
[INFO] Uncapacitated TB local search started
Solving sub-PMP 19/59...
Solving sub-PMP 8/59...
uncapacitated TB started
Solving sub-PMP 7/59...
Solving sub-PMP 16/59...
Solving sub-PMP 13/59...
uncapacitated TB started
uncapacitated TB started
uncapacitated TB started
[INFO] Uncapacitated TB local search started
[INFO] Uncapacitated TB local search started
[INFO] Uncapacitated TB local search started
[INFO] Uncapacitated TB local search started
Solving sub-PMP 12/59...
Solving sub-PMP 20/59...
Solving sub-PMP 3/59...
Solving sub-PMP 18/59...
Solving sub-PMP 6/59...
Solving sub-PMP 9/59...
uncapacitated TB started
Solving sub-PMP 4/59...
uncapacitated TB started
uncapacitated TB started
[INFO] Uncapacitated TB local search started
Solving sub-PMP 5/59...
[INFO] Uncapacitated TB local search started
uncapacitated TB started
uncapacitated TB started
Solving sub-PMP 10/59...
[INFO] Uncapacitated TB local search started
uncapacitated TB started
[INFO] Uncapacitated TB local search started
[INFO] Uncapacitated TB local search started
[INFO] Uncapacitated TB local search started
[INFO] Uncapacitated TB local search started
11/59...
[INFO] Uncapacitated TB local search started
uncapacitated TB started
[INFO] Uncapacitated TB local search started
uncapacitated TB started
uncapacitated TB started
uncapacitated TB started
uncapacitated TB started
[INFO] Uncapacitated TB local search started
[INFO] Uncapacitated TB local search started
[INFO] Uncapacitated TB local search started
[INFO] Uncapacitated TB local search started
[INFO] Uncapacitated TB local search started
[INFO] Uncapacitated TB local search started

[INFO] Time limit reached. Stopping the algorithm.
TB elapsed time: 180.00 seconds
Num ite total uncapacited TB: 18
tb solution is feasible

[INFO] Time limit reached. Stopping the algorithm.
TB elapsed time: 180.01 seconds
Num ite total uncapacited TB: 19
tb solution is feasible

[INFO] Time limit reached. Stopping the algorithm.
TB elapsed time: 180.00 seconds
Num ite total uncapacited TB: 19
tb solution is feasible

[INFO] Time limit reached. Stopping the algorithm.
TB elapsed time: 180.00 seconds
Num ite total uncapacited TB: 23
tb solution is feasible

[INFO] Time limit reached. Stopping the algorithm.
TB elapsed time: 180.00 seconds
Num ite total uncapacited TB: 18
tb solution is feasible

[INFO] Time limit reached. Stopping the algorithm.
TB elapsed time: 180.00 seconds
Num ite total uncapacited TB: 25
tb solution is feasible

[INFO] Time limit reached. Stopping the algorithm.
TB elapsed time: 180.00 seconds
Num ite total uncapacited TB: 19
tb solution is feasible

[INFO] Time limit reached. Stopping the algorithm.
TB elapsed time: 180.01 seconds
Num ite total uncapacited TB: 16
tb solution is feasible

[INFO] Time limit reached. Stopping the algorithm.
TB elapsed time: 180.00 seconds
Num ite total uncapacited TB: 17
tb solution is feasible

[INFO] Time limit reached. Stopping the algorithm.
TB elapsed time: 180.00 seconds
Num ite total uncapacited TB: 25
tb solution is feasible

[INFO] Time limit reached. Stopping the algorithm.
TB elapsed time: 
[INFO] Time limit reached. Stopping the algorithm.
TB elapsed time: 180.00 seconds
Num ite total uncapacited TB: 20
tb solution is feasible
180.01 seconds
Num ite total uncapacited TB: 13
tb solution is feasible

[INFO] Time limit reached. Stopping the algorithm.
TB elapsed time: 180.00 seconds
Num ite total uncapacited TB: 15
tb solution is feasible

[INFO] Time limit reached. Stopping the algorithm.
TB elapsed time: 180.00 seconds
Num ite total uncapacited TB: 21
tb solution is feasible

[INFO] Time limit reached. Stopping the algorithm.
TB elapsed time: 180.00 seconds
Num ite total uncapacited TB: 25
tb solution is feasible

[INFO] Time limit reached. Stopping the algorithm.
TB elapsed time: 180.00 seconds
Num ite total uncapacited TB: 21
tb solution is feasible

[INFO] Time limit reached. Stopping the algorithm.
TB elapsed time: 180.00 seconds
Num ite total uncapacited TB: 18
tb solution is feasible

[INFO] Time limit reached. Stopping the algorithm.
TB elapsed time: 180.00 seconds
Num ite total uncapacited TB: 19
tb solution is feasible

[INFO] Time limit reached. Stopping the algorithm.
TB elapsed time: 180.00 seconds
Num ite total uncapacited TB: 17
tb solution is feasible

[INFO] Time limit reached. Stopping the algorithm.
TB elapsed time: 180.00 seconds
Num ite total uncapacited TB: 23
tb solution is feasible
Thread 21 created with seed 21
Thread 22 created with seed 22
Thread 23 created with seed 23
Thread 24 created with seed 24
Thread 25 created with seed 25
Thread 26 created with seed 26
Thread 27 created with seed 27
Thread 28 created with seed 28
Solving sub-PMP 26/59...
Solving sub-PMP Solving sub-PMP 25/59...
Thread 29 created with seed 29
Solving sub-PMP 27/59...
Thread 30 created with seed 30
Thread 31 created with seed 31
Solving sub-PMP 22/59...
Solving sub-PMP 24/59...
Solving sub-PMP 21/59...
Solving sub-PMP 29/59...
Thread 32 created with seed 32
Solving sub-PMP 31/59...
23/59...
uncapacitated TB started
uncapacitated TB started
uncapacitated TB started
uncapacitated TB started
Solving sub-PMP 28/59...
Solving sub-PMP 30/59...
uncapacitated TB started
uncapacitated TB started
Thread 33 created with seed 33
uncapacitated TB started
[INFO] Uncapacitated TB local search started
[INFO] Uncapacitated TB local search started
[INFO] Uncapacitated TB local search started
uncapacitated TB started
[INFO] Uncapacitated TB local search started
[INFO] Uncapacitated TB local search started
[INFO] Uncapacitated TB local search started
uncapacitated TB started
uncapacitated TB started
[INFO] Uncapacitated TB local search started
[INFO] Uncapacitated TB local search started
Solving sub-PMP 32/59...
Thread 34 created with seed 34
uncapacitated TB started
[INFO] Uncapacitated TB local search started
[INFO] Uncapacitated TB local search started
Solving sub-PMP 33/59...
uncapacitated TB started
Thread 35 created with seed 35
Thread 36 created with seed 36
Solving sub-PMP 35/59...
Thread 37 created with seed 37
Thread 38 created with seed 38
Thread 39 created with seed 39
Thread 40 created with seed 40
uncapacitated TB started
Solving sub-PMP 39/59...
uncapacitated TB started
uncapacitated TB started
[INFO] Uncapacitated TB local search started
[INFO] Uncapacitated TB local search started
[INFO] Uncapacitated TB local search started
[INFO] Uncapacitated TB local search started
[INFO] Uncapacitated TB local search started
Solving sub-PMP 40/59...
Solving sub-PMP 34/59...
uncapacitated TB started
uncapacitated TB started
[INFO] Uncapacitated TB local search started
[INFO] Uncapacitated TB local search started
Solving sub-PMP Solving sub-PMP 36/3859...
/59...
uncapacitated TB started
uncapacitated TB started
[INFO] Uncapacitated TB local search started
[INFO] Uncapacitated TB local search started
Solving sub-PMP 37/59...
uncapacitated TB started
[INFO] Uncapacitated TB local search started

[INFO] Time limit reached. Stopping the algorithm.
TB elapsed time: 180.00 seconds
Num ite total uncapacited TB: 21
tb solution is feasible

[INFO] Time limit reached. Stopping the algorithm.
TB elapsed time: 180.00 seconds
Num ite total uncapacited TB: 15
tb solution is feasible

[INFO] Time limit reached. Stopping the algorithm.
TB elapsed time: 180.00 seconds
Num ite total uncapacited TB: 23
tb solution is feasible

[INFO] Time limit reached. Stopping the algorithm.
TB elapsed time: 180.00 seconds
Num ite total uncapacited TB: 20
tb solution is feasible

[INFO] Time limit reached. Stopping the algorithm.
TB elapsed time: 180.00 seconds
Num ite total uncapacited TB: 15
tb solution is feasible

[INFO] Time limit reached. Stopping the algorithm.
TB elapsed time: 180.00 seconds
Num ite total uncapacited TB: 23
tb solution is feasible

[INFO] Time limit reached. Stopping the algorithm.
TB elapsed time: 180.00 seconds
Num ite total uncapacited TB: 26
tb solution is feasible

[INFO] Time limit reached. Stopping the algorithm.
TB elapsed time: 180.00 seconds
Num ite total uncapacited TB: 21
tb solution is feasible

[INFO] Time limit reached. Stopping the algorithm.
TB elapsed time: 180.00 seconds
Num ite total uncapacited TB: 22
tb solution is feasible

[INFO] Time limit reached. Stopping the algorithm.
TB elapsed time: 180.00 seconds
Num ite total uncapacited TB: 18
tb solution is feasible

[INFO] Time limit reached. Stopping the algorithm.
TB elapsed time: 180.00 seconds
Num ite total uncapacited TB: 24
tb solution is feasible

[INFO] Time limit reached. Stopping the algorithm.
TB elapsed time: 180.00 seconds
Num ite total uncapacited TB: 18
tb solution is feasible

[INFO] Time limit reached. Stopping the algorithm.
TB elapsed time: 180.00 seconds
Num ite total uncapacited TB: 14
tb solution is feasible

[INFO] Time limit reached. Stopping the algorithm.
TB elapsed time: 180.00 seconds
Num ite total uncapacited TB: 23
tb solution is feasible

[INFO] Time limit reached. Stopping the algorithm.
TB elapsed time: 180.00 seconds
Num ite total uncapacited TB: 21
tb solution is feasible

[INFO] Time limit reached. Stopping the algorithm.
TB elapsed time: 
[INFO] Time limit reached. Stopping the algorithm.
TB elapsed time: 180.00 seconds
Num ite total uncapacited TB: 21
tb solution is feasible
180.00 seconds
Num ite total uncapacited TB: 25
tb solution is feasible

[INFO] Time limit reached. Stopping the algorithm.
TB elapsed time: 
[INFO] Time limit reached. Stopping the algorithm.
TB elapsed time: 180.00 seconds
Num ite total uncapacited TB: 26
tb solution is feasible
180.00 seconds
Num ite total uncapacited TB: 21
tb solution is feasible

[INFO] Time limit reached. Stopping the algorithm.
TB elapsed time: 180.00 seconds
Num ite total uncapacited TB: 20
tb solution is feasible
Thread 41 created with seed 41
Thread 42 created with seed 42
Thread 43 created with seed 43
Thread 44 created with seed 44
Thread 45 created with seed 45
Thread 46 created with seed 46
Thread 47 created with seed 47
Thread 48 created with seed 48
Thread 49 created with seed 49
Thread 50 created with seed 50
Thread 51 created with seed 51
Thread 52 created with seed 52
Thread 53 created with seed 53
Solving sub-PMP 50/59...
Thread 54 created with seed 54
Thread 55 created with seed 55
Thread 56 created with seed 56
Thread 57 created with seed 57
Thread 58 created with seed 58
Thread 59 created with seed 59
Solving sub-PMP 47/59...
uncapacitated TB started
uncapacitated TB started
Solving sub-PMP 45/59...
Solving sub-PMP 48/59...
uncapacitated TB started
Solving sub-PMP 54/59...
uncapacitated TB started
uncapacitated TB started
Solving sub-PMP 49/Solving sub-PMP 59...Solving sub-PMP 
51uncapacitated TB started
[INFO] Uncapacitated TB local search started
[INFO] Uncapacitated TB local search started
[INFO] Uncapacitated TB local search started
[INFO] Uncapacitated TB local search started
[INFO] Uncapacitated TB local search started
55/59.../
Solving sub-PMP 43/59...
Time limit exceeded. It took more than 6850s to finish. You should allocate more time using "-t <time.s>" option.
uncapacitated TB started
[TIMELIMIT]  Time limit exceeded to solve Sub-cPMPs 
Solving sub-PMP 42/59...
Time limit exceeded. It took more than 6850s to finish. You should allocate more time using "-t <time.s>" option.
[TIMELIMIT]  Time limit exceeded to solve Sub-cPMPs 
[INFO] Uncapacitated TB local search started
[INFO] Uncapacitated TB local search started
Solving sub-PMP Solving sub-PMP 56/59...
53/Solving sub-PMP 44/59Solving sub-PMP ...41/59...

Solving sub-PMP Solving sub-PMP Solving sub-PMP 594657//5959......

/59...
Time limit exceeded. It took more than 6850s to finish. You should allocate more time using "-t <time.s>" option.
Solving sub-PMP 52/59...
[TIMELIMIT]  Time limit exceeded to solve Sub-cPMPs 
Solving sub-PMP 58/59...
59...
Time limit exceeded. It took more than Time limit exceeded. It took more than 6850s to finish. You should allocate more time using "-t <time.s>" option.
Time limit exceeded. It took more than 6850s to finish. You should allocate more time using "-t <time.s>" option.
Time limit exceeded. It took more than 6850s to finish. You should allocate more time using "-t <time.s>" option.
6850s to finish. You should allocate more time using "-t <time.s>" option.
Time limit exceeded. It took more than 6850s to finish. You should allocate more time using "-t <time.s>" option.
59...
[TIMELIMIT]  Time limit exceeded to solve Sub-cPMPs 
[TIMELIMIT]  Time limit exceeded to solve Sub-cPMPs 
[TIMELIMIT]  Time limit exceeded to solve Sub-cPMPs 
[TIMELIMIT]  Time limit exceeded to solve Sub-cPMPs 
[TIMELIMIT]  Time limit exceeded to solve Sub-cPMPs 
Time limit exceeded. It took more than 6850s to finish. You should allocate more time using "-t <time.s>" option.
[TIMELIMIT]  Time limit exceeded to solve Sub-cPMPs 
Time limit exceeded. It took more than 6850s to finish. You should allocate more time using "-t <time.s>" option.
[TIMELIMIT]  Time limit exceeded to solve Sub-cPMPs 
Time limit exceeded. It took more than 6850s to finish. You should allocate more time using "-t <time.s>" option.Time limit exceeded. It took more than 6850s to finish. You should allocate more time using "-t <time.s>" option.
[TIMELIMIT]  Time limit exceeded to solve Sub-cPMPs 

[TIMELIMIT]  Time limit exceeded to solve Sub-cPMPs 

[INFO] Time limit reached. Stopping the algorithm.
TB elapsed time: 180.00 seconds
Num ite total uncapacited TB: 27
tb solution is feasible

[INFO] Time limit reached. Stopping the algorithm.
TB elapsed time: 180.00 seconds
Num ite total uncapacited TB: 34
tb solution is feasible

[INFO] Time limit reached. Stopping the algorithm.
TB elapsed time: 180.00 seconds
Num ite total uncapacited TB: 25
tb solution is feasible

[INFO] Time limit reached. Stopping the algorithm.
TB elapsed time: 180.00 seconds
Num ite total uncapacited TB: 39
tb solution is feasible

[INFO] Time limit reached. Stopping the algorithm.
TB elapsed time: 180.00 seconds
Num ite total uncapacited TB: 27
tb solution is feasible

[INFO] Time limit reached. Stopping the algorithm.
TB elapsed time: 180.00 seconds
Num ite total uncapacited TB: 27
tb solution is feasible

[INFO] Time limit reached. Stopping the algorithm.
TB elapsed time: 180.00 seconds
Num ite total uncapacited TB: 32
tb solution is feasible
[INFO] All subproblems solved.

Elapsed time: 543015 ms


Stats: 
Max dist: 465.00
Min dist: 0.00
avg of Avg dists: 79.07
avg Std dev dist: 46.57

First 375 voting weights (sorted): 2034(14.74) 3578(14.13) 2638(13.68) 2446(13.29) 1502(12.43) 872(12.00) 2497(12.00) 3038(12.00) 3034(11.83) 1198(11.36) 3574(11.04) 2629(11.00) 3580(11.00) 2406(10.27) 3045(10.21) 3998(10.00) 2588(10.00) 726(10.00) 3343(9.71) 563(9.38) 3576(9.18) 924(9.09) 1160(9.07) 71(9.06) 788(9.00) 3934(9.00) 2621(9.00) 2595(9.00) 3943(9.00) 1146(8.92) 133(8.84) 3016(8.57) 565(8.34) 1148(8.31) 1466(8.31) 2010(8.30) 57(8.22) 4381(8.21) 3055(8.19) 3121(8.17) 59(8.14) 4142(8.14) 4282(8.13) 1764(8.10) 3020(8.10) 3891(8.09) 70(8.08) 4209(8.07) 1522(8.07) 4284(8.06) 958(8.04) 2047(8.04) 1126(8.01) 3036(8.00) 564(8.00) 1545(8.00) 192(8.00) 1055(8.00) 3223(8.00) 2609(8.00) 954(8.00) 2370(8.00) 3197(8.00) 1798(7.91) 1804(7.81) 1598(7.81) 404(7.81) 3735(7.79) 1205(7.77) 597(7.75) 453(7.73) 3908(7.70) 1234(7.70) 311(7.66) 904(7.65) 330(7.57) 161(7.55) 154(7.53) 1982(7.44) 1766(7.34) 2247(7.30) 364(7.29) 2185(7.27) 1582(7.27) 2846(7.23) 3101(7.22) 1288(7.22) 6(7.21) 326(7.21) 2761(7.19) 3975(7.18) 1416(7.18) 532(7.18) 567(7.17) 2999(7.16) 3529(7.16) 3774(7.16) 2133(7.16) 2632(7.14) 2350(7.13) 1960(7.13) 4138(7.11) 3844(7.11) 128(7.10) 3938(7.10) 1840(7.10) 1678(7.07) 2116(7.05) 4261(7.03) 821(7.02) 2275(7.00) 2823(7.00) 1777(7.00) 2106(7.00) 1643(7.00) 4336(7.00) 668(7.00) 4014(7.00) 92(7.00) 3228(7.00) 772(7.00) 3772(7.00) 3289(7.00) 3675(7.00) 4314(7.00) 3531(7.00) 3120(7.00) 1834(7.00) 491(7.00) 332(7.00) 2351(7.00) 3915(7.00) 2458(7.00) 1857(7.00) 2140(7.00) 1810(7.00) 1822(7.00) 2838(7.00) 2188(7.00) 4352(6.95) 37(6.95) 143(6.92) 3117(6.83) 2122(6.82) 4286(6.77) 704(6.76) 368(6.73) 26(6.68) 1320(6.64) 587(6.63) 312(6.63) 568(6.61) 4176(6.58) 4030(6.58) 4214(6.54) 2206(6.50) 2836(6.48) 2312(6.47) 3882(6.46) 1534(6.45) 495(6.44) 1419(6.44) 1920(6.43) 2055(6.43) 319(6.42) 1236(6.41) 94(6.40) 1219(6.37) 2144(6.37) 626(6.37) 450(6.37) 3728(6.37) 4410(6.37) 1444(6.36) 1895(6.36) 135(6.35) 3383(6.32) 2736(6.31) 2592(6.29) 3986(6.29) 3057(6.29) 2682(6.27) 4420(6.27) 599(6.26) 1350(6.26) 3939(6.25) 8(6.25) 4199(6.22) 1935(6.21) 3608(6.21) 1775(6.20) 401(6.20) 2356(6.20) 3468(6.19) 645(6.19) 3455(6.18) 4058(6.17) 3243(6.15) 3949(6.14) 2700(6.14) 873(6.13) 1606(6.13) 2741(6.13) 750(6.13) 2372(6.12) 1693(6.12) 3330(6.11) 1025(6.11) 4342(6.10) 201(6.10) 2392(6.10) 3863(6.10) 3335(6.09) 4417(6.09) 1604(6.09) 4223(6.08) 1127(6.07) 2681(6.07) 3076(6.07) 200(6.06) 2442(6.05) 2586(6.04) 4263(6.00) 543(6.00) 944(6.00) 3379(6.00) 728(6.00) 2942(6.00) 4150(6.00) 1058(6.00) 3631(6.00) 3630(6.00) 1250(6.00) 977(6.00) 4194(6.00) 3964(6.00) 2623(6.00) 2582(6.00) 903(6.00) 718(6.00) 1197(6.00) 1817(6.00) 1215(6.00) 748(6.00) 2929(6.00) 2560(6.00) 284(6.00) 4243(6.00) 1210(6.00) 2454(6.00) 282(6.00) 746(6.00) 2183(6.00) 1763(6.00) 2202(6.00) 1396(6.00) 116(6.00) 1235(6.00) 4308(6.00) 3590(6.00) 1432(6.00) 1569(6.00) 3324(6.00) 4084(6.00) 2261(6.00) 67(6.00) 1565(6.00) 4434(6.00) 4073(6.00) 1488(6.00) 1681(6.00) 3697(6.00) 3275(6.00) 3285(6.00) 571(6.00) 1181(6.00) 2828(6.00) 755(6.00) 1109(6.00) 2421(6.00) 2590(6.00) 3018(6.00) 140(6.00) 1370(6.00) 2110(6.00) 620(6.00) 3930(6.00) 3420(6.00) 2664(6.00) 4281(6.00) 1680(5.95) 137(5.94) 2078(5.92) 735(5.84) 2438(5.83) 160(5.83) 4392(5.82) 2126(5.81) 238(5.81) 341(5.81) 1208(5.81) 1111(5.79) 2062(5.79) 3621(5.79) 4009(5.77) 515(5.76) 22(5.74) 2975(5.73) 224(5.73) 3922(5.72) 1801(5.70) 813(5.70) 689(5.68) 975(5.65) 2819(5.64) 3011(5.63) 1158(5.62) 417(5.62) 1519(5.61) 2058(5.59) 1429(5.55) 142(5.55) 1242(5.55) 4292(5.55) 1291(5.54) 4(5.54) 2998(5.52) 1602(5.52) 1820(5.51) 31(5.51) 1929(5.50) 2056(5.49) 2134(5.49) 4298(5.46) 2709(5.46) 1315(5.44) 3877(5.44) 2099(5.44) 2072(5.43) 1879(5.42) 38(5.42) 1459(5.42) 922(5.42) 1266(5.42) 3340(5.39) 1227(5.38) 1326(5.38) 2302(5.37) 118(5.37) 2377(5.37) 3770(5.37) 1272(5.37) 751(5.36) 1474(5.36) 484(5.35) 3746(5.35) 2374(5.35) 156(5.35) 3030(5.34) 3280(5.33) 598(5.32) 1859(5.31) 3654(5.31) 435(5.31) 1745(5.31) 2697(5.31) 2414(5.30) 966(5.30) 1035(5.29) 3713(5.29) 4072(5.29) 2627(5.29) 309(5.29) 4345(5.28) 2996(5.27) 


Filtered 375 locations: 2034 3578 2638 2446 1502 872 2497 3038 3034 1198 3574 2629 3580 2406 3045 3998 2588 726 3343 563 3576 924 1160 71 788 3934 2621 2595 3943 1146 133 3016 565 1148 1466 2010 57 4381 3055 3121 59 4142 4282 1764 3020 3891 70 4209 1522 4284 958 2047 1126 3036 564 1545 192 1055 3223 2609 954 2370 3197 1798 1804 1598 404 3735 1205 597 453 3908 1234 311 904 330 161 154 1982 1766 2247 364 2185 1582 2846 3101 1288 6 326 2761 3975 1416 532 567 2999 3529 3774 2133 2632 2350 1960 4138 3844 128 3938 1840 1678 2116 4261 821 2275 2823 1777 2106 1643 4336 668 4014 92 3228 772 3772 3289 3675 4314 3531 3120 1834 491 332 2351 3915 2458 1857 2140 1810 1822 2838 2188 4352 37 143 3117 2122 4286 704 368 26 1320 587 312 568 4176 4030 4214 2206 2836 2312 3882 1534 495 1419 1920 2055 319 1236 94 1219 2144 626 450 3728 4410 1444 1895 135 3383 2736 2592 3986 3057 2682 4420 599 1350 3939 8 4199 1935 3608 1775 401 2356 3468 645 3455 4058 3243 3949 2700 873 1606 2741 750 2372 1693 3330 1025 4342 201 2392 3863 3335 4417 1604 4223 1127 2681 3076 200 2442 2586 4263 543 944 3379 728 2942 4150 1058 3631 3630 1250 977 4194 3964 2623 2582 903 718 1197 1817 1215 748 2929 2560 284 4243 1210 2454 282 746 2183 1763 2202 1396 116 1235 4308 3590 1432 1569 3324 4084 2261 67 1565 4434 4073 1488 1681 3697 3275 3285 571 1181 2828 755 1109 2421 2590 3018 140 1370 2110 620 3930 3420 2664 4281 1680 137 2078 735 2438 160 4392 2126 238 341 1208 1111 2062 3621 4009 515 22 2975 224 3922 1801 813 689 975 2819 3011 1158 417 1519 2058 1429 142 1242 4292 1291 4 2998 1602 1820 31 1929 2056 2134 4298 2709 1315 3877 2099 2072 1879 38 1459 922 1266 3340 1227 1326 2302 118 2377 3770 1272 751 1474 484 3746 2374 156 3030 3280 598 1859 3654 435 1745 2697 2414 966 1035 3713 4072 2627 309 4345 2996 

Extracted 0 prioritized locations: 

Final instance parameters:
loc_max_id: 4461
loc_cnt: 375
service: fnl4461_0250
cust_max_id: 4461
cust_cnt: 4461
unweighted obj function
p: 250
total_demand: 224395.00
threshold_dist: 511.57



-------------------------------------------------
Final Problem RSSV heuristic
-------------------------------------------------
    RSSV_EXACT_CPMP_BIN
-------------------------------------------------
Gap Cplex Reports: gap_Bin_service_fnl4461_0250_p_250_RSSV_EXACT_CPMP_BIN.csv
[CALLBACK] Generating reports cplex callbacks...
[CALLBACK] Using BreakCallback...
Time Limit with not improving 1.00% (gap): 120.00 seconds
Time Limit with Gap less than 1%: 120.00 seconds
Default row names c1, c2 ... being created.
Version identifier: 22.1.1.0 | 2022-11-28 | 9160aff4d
CPXPARAM_TimeLimit                               1857
Legacy callback                                  i
Tried aggregator 1 time.
MIP Presolve eliminated 1564988 rows and 1564988 columns.
Reduced MIP has 4837 rows, 108262 columns, and 216524 nonzeros.
Reduced MIP has 108262 binaries, 0 generals, 0 SOSs, and 0 indicators.
Presolve time = 2.96 sec. (1131.28 ticks)
Tried aggregator 1 time.
Detecting symmetries...
Reduced MIP has 4837 rows, 108262 columns, and 216524 nonzeros.
Reduced MIP has 108262 binaries, 0 generals, 0 SOSs, and 0 indicators.
Presolve time = 0.55 sec. (171.84 ticks)
Probing time = 2.18 sec. (17.37 ticks)
Clique table members: 112348.
MIP emphasis: balance optimality and feasibility.
MIP search method: dynamic search.
Parallel mode: deterministic, using up to 32 threads.
Root relaxation solution time = 0.86 sec. (107.10 ticks)

        Nodes                                         Cuts/
   Node  Left     Objective  IInf  Best Integer    Best Bound    ItCnt     Gap

*     0+    0                       635185.5324        0.0000           100.00%
*     0+    0                       579976.3889        0.0000           100.00%
*     0+    0                       550717.9131        0.0000           100.00%
      0     0   406050.2579   342   550717.9131   406050.2579      783   26.27%
Time: 20.07 seconds
MIP Gap: 0.26
Nodes: 0
Best Objective: 406050.257941615825985
Incumbent Obj:  550717.913112156908028
*     0+    0                       505499.9181   406050.2579            19.67%
      0     0   409985.9901   909   505499.9181    Cuts: 1309     2282   18.89%
      0     0   418915.0394  1650   505499.9181    Cuts: 1309     3977   17.13%
      0     0   422903.0145  1739   505499.9181    Cuts: 1309     5151   16.34%
Time: 47.174964904785156 seconds
MIP Gap: 0.163396472840961
Nodes: 0
Best Objective: 422903.014479097502772
Incumbent Obj:  505499.918121554015670
      0     0   424301.5645  1627   505499.9181     Cuts: 730     6047   16.06%
      0     0   424850.5320  1384   505499.9181     Cuts: 433     6664   15.95%
Detecting symmetries...
      0     0   425014.6078  1001   505499.9181     Cuts: 301     7107   15.92%
      0     0   425088.6384  1322   505499.9181     Cuts: 234     7468   15.91%
      0     0   425141.9123  1288   505499.9181     Cuts: 193     7801   15.90%
      0     0   425189.4758   905   505499.9181     Cuts: 162     8026   15.89%
Time: 52.705475091934204 seconds
MIP Gap: 0.158873304271552
Nodes: 0
Best Objective: 425189.475820583873428
Incumbent Obj:  505499.918121554015670
      0     0   425206.2799   966   505499.9181     Cuts: 100     8224   15.88%
      0     0   425225.1456  1143   505499.9181     Cuts: 110     8403   15.88%
*     0+    0                       433646.8584   425225.1456             1.94%
Detecting symmetries...
Time: 63.905112028121948 seconds
MIP Gap: 0.019420670557740
Nodes: 0
Best Objective: 425225.145583267498296
Incumbent Obj:  433646.858357833756600
      0     2   425225.1456  1143   433646.8584   425225.1456     8403    1.94%
Elapsed time = 56.03 sec. (11346.11 ticks, tree = 0.02 MB, solutions = 5)
      7     8   425367.2440   815   433646.8584   425225.7623     8702    1.94%
     24    24   425427.1607   815   433646.8584   425225.8598     9763    1.94%
*    44+    7                       429682.2937   425234.4241             1.04%
*    45+    9                       427642.4630   425234.4241             0.56%
     45    39   425292.4132   725   427642.4630   425234.4241    10293    0.56%
*    55+    7                       426752.3642   425234.4241             0.36%
Time: 72.224748134613037 seconds
MIP Gap: 0.004984626263154
Nodes: 49
Best Objective: 425234.424142614356242
Incumbent Obj:  427364.677337213885039
     80    24   425381.7235   621   426752.3642   425234.4241     9792    0.36%
    107    79   425336.7432   589   426752.3642   425237.8042    12232    0.35%
    134   101   425454.7494   938   426752.3642   425237.8042    13332    0.35%
Time: 78.436576128005981 seconds
MIP Gap: 0.003549037201809
Nodes: 127
Best Objective: 425237.804222005186602
Incumbent Obj:  426752.364238648035098
    156   124   425459.5376   751   426752.3642   425237.8042    14351    0.35%
    187   143   425473.8241   732   426752.3642   425237.8042    15667    0.35%
    211   176   425484.6580   668   426752.3642   425237.8042    17161    0.35%
Time: 83.590126037597656 seconds
MIP Gap: 0.003549037201809
Nodes: 205
Best Objective: 425237.804222005186602
Incumbent Obj:  426752.364238648035098
    361   316   425539.1538   560   426752.3642   425237.8042    23158    0.35%
Elapsed time = 78.66 sec. (14528.66 ticks, tree = 19.58 MB, solutions = 12)
Time: 88.859494924545288 seconds
MIP Gap: 0.003549037201809
Nodes: 348
Best Objective: 425237.804222005186602
Incumbent Obj:  426752.364238648035098
    538   446   425770.8845   621   426752.3642   425237.8042    29538    0.35%
Time: 94.365427017211914 seconds
MIP Gap: 0.003549037201809
Nodes: 593
Best Objective: 425237.804222005186602
Incumbent Obj:  426752.364238648035098
    720   682   425686.5243   464   426752.3642   425237.8042    37475    0.35%
Time: 100.672634124755859 seconds
MIP Gap: 0.003549037201809
Nodes: 839
Best Objective: 425237.804222005186602
Incumbent Obj:  426752.364238648035098
    995   892   425957.7922   275   426752.3642   425237.8042    42880    0.35%
Time: 107.399933099746704 seconds
MIP Gap: 0.003549037201809
Nodes: 1081
Best Objective: 425237.804222005186602
Incumbent Obj:  426752.364238648035098
   1310  1205   426259.7322   252   426752.3642   425237.8042    52724    0.35%
Time: 113.005981922149658 seconds
MIP Gap: 0.003549037201809
Nodes: 1332
Best Objective: 425237.804222005186602
Incumbent Obj:  426752.364238648035098
*  1529+ 1332                       425840.7520   425237.8042             0.14%
Time: 118.309288978576660 seconds
MIP Gap: 0.001415899727291
Nodes: 1415
Best Objective: 425237.804222005186602
Incumbent Obj:  425840.752026669098996
*  1562+ 1329                       425802.8192   425237.8042             0.13%
   1569  1417   425968.7356   222   425802.8192   425237.8042    60197    0.13%
   1752  1204   425709.4577   459   425802.8192   425237.8042    69686    0.13%
Time: 126.076323032379150 seconds
MIP Gap: 0.001326940430126
Nodes: 1752
Best Objective: 425237.804222005186602
Incumbent Obj:  425802.819198060606141
*  1975+ 1344                       425569.7827   425237.8042             0.08%
   2099  1419   425487.4386   310   425569.7827   425237.8042    79821    0.08%
Time: 131.442083120346069 seconds
MIP Gap: 0.000780079939427
Nodes: 1951
Best Objective: 425237.804222005186602
Incumbent Obj:  425569.782672294240911
*  2169+ 1420                       425563.9130   425237.8042             0.08%
*  2183+ 1420                       425562.8237   425237.8042             0.08%
Time: 136.949424028396606 seconds
MIP Gap: 0.000763740260974
Nodes: 2241
Best Objective: 425237.804222005186602
Incumbent Obj:  425562.823684026312549
   2407  1182   425505.9397   325   425562.8237   425237.8042    88137    0.08%
Time: 143.732154130935669 seconds
MIP Gap: 0.000763740260974
Nodes: 2645
Best Objective: 425237.804222005186602
Incumbent Obj:  425562.823684026312549
   2831  1477   425399.2851   386   425562.8237   425237.8042   104545    0.08%
*  2856+ 1410                       425525.1351   425237.8042             0.07%
*  3013+ 1382                       425524.6929   425237.8042             0.07%
   3155  1497   425445.8373   475   425524.6929   425237.8042   114092    0.07%
Elapsed time = 141.73 sec. (24082.17 ticks, tree = 111.23 MB, solutions = 34)
Time: 151.641454935073853 seconds
MIP Gap: 0.000674199741475
Nodes: 2997
Best Objective: 425237.804222005186602
Incumbent Obj:  425524.692859922710340
*  3306+ 1505                       425520.0627   425237.8042             0.07%
*  3523+ 1741                       425519.6205   425237.8042             0.07%
*  3560+ 1677                       425517.4872   425237.8042             0.07%
   3573  1751   425457.3429  1051   425517.4872   425237.8042   125234    0.07%
Time: 158.657421112060547 seconds
MIP Gap: 0.000657277190276
Nodes: 3418
Best Objective: 425237.804222005186602
Incumbent Obj:  425517.487160379474517
   3929  2057   425388.8272   491   425517.4872   425237.8042   134552    0.07%
Time: 166.085431098937988 seconds
MIP Gap: 0.000657277190276
Nodes: 4003
Best Objective: 425237.804222005186602
Incumbent Obj:  425517.487160379474517
   4481  2485   425406.8603   384   425517.4872   425237.8042   150613    0.07%
*  4493+ 2536                       425517.4535   425237.8042             0.07%
Time: 174.477319002151489 seconds
MIP Gap: 0.000657198207238
Nodes: 4469
Best Objective: 425237.804222005186602
Incumbent Obj:  425517.453529613441788
   4875  2858   425458.7478   377   425517.4535   425237.8042   160914    0.07%
Time: 180.701991081237793 seconds
MIP Gap: 0.000657198207238
Nodes: 4930
Best Objective: 425237.804222005186602
Incumbent Obj:  425517.453529613441788
   5469  3333   425461.9819   375   425517.4535   425237.8042   178558    0.07%

Performing restart 1

Repeating presolve.
Tried aggregator 2 times.
MIP Presolve eliminated 1 rows and 37680 columns.
Aggregator did 4 substitutions.
Reduced MIP has 4832 rows, 70578 columns, and 141156 nonzeros.
Reduced MIP has 70578 binaries, 0 generals, 0 SOSs, and 0 indicators.
Presolve time = 0.31 sec. (110.37 ticks)
Tried aggregator 1 time.
Reduced MIP has 4832 rows, 70578 columns, and 141156 nonzeros.
Reduced MIP has 70578 binaries, 0 generals, 0 SOSs, and 0 indicators.
Presolve time = 0.31 sec. (103.49 ticks)
Represolve time = 9.29 sec. (1690.28 ticks)
   5520     0   425268.0938   848   425517.4535      Cuts: 94   201953    0.06%
   5520     0   425288.7714   794   425517.4535      Cuts: 91   202191    0.05%

Repeating presolve.
Tried aggregator 2 times.
MIP Presolve eliminated 5 rows and 19226 columns.
Aggregator did 24 substitutions.
Reduced MIP has 4803 rows, 51328 columns, and 102656 nonzeros.
Reduced MIP has 51328 binaries, 0 generals, 0 SOSs, and 0 indicators.
Presolve time = 0.21 sec. (77.32 ticks)
Tried aggregator 1 time.
Reduced MIP has 4803 rows, 51328 columns, and 102656 nonzeros.
Reduced MIP has 51328 binaries, 0 generals, 0 SOSs, and 0 indicators.
Presolve time = 0.22 sec. (73.58 ticks)
Represolve time = 7.06 sec. (1384.95 ticks)
   5520     0   425300.9900   766   425517.4535      Cuts: 95   208670    0.05%
   5520     0   425319.1661   804   425517.4535      Cuts: 97   208868    0.05%
   5520     0   425325.1029   631   425517.4535      Cuts: 71   209025    0.05%
   5520     0   425332.2770   767   425517.4535      Cuts: 68   209217    0.04%
   5520     0   425336.5651   765   425517.4535      Cuts: 65   209352    0.04%
   5520     0   425339.9006   815   425517.4535      Cuts: 56   209472    0.04%
   5520     0   425343.1212   729   425517.4535      Cuts: 54   209597    0.04%
   5520     0   425346.3451   720   425517.4535      Cuts: 52   209759    0.04%
   5520     0   425348.2176   820   425517.4535      Cuts: 58   209872    0.04%
   5520     0   425350.7129   763   425517.4535      Cuts: 51   210006    0.04%
   5520     0   425352.3059   690   425517.4535      Cuts: 59   210114    0.04%
   5520     0   425353.7972   914   425517.4535      Cuts: 54   210215    0.04%
   5520     0   425356.0346   737   425517.4535      Cuts: 52   210336    0.04%
   5520     0   425358.3536   735   425517.4535      Cuts: 43   210445    0.04%
   5520     0   425359.3256   858   425517.4535      Cuts: 30   210518    0.04%
   5520     0   425360.6038   735   425517.4535      Cuts: 40   210607    0.04%
   5520     0   425361.8143   757   425517.4535      Cuts: 26   210707    0.04%
Time: 287.165657997131348 seconds
MIP Gap: 0.000358585157377
Nodes: 5520
Best Objective: 425364.869286572618876
Incumbent Obj:  425517.453529613325372
Stopping optimization: Gap is less than 1% for more than 120.00 seconds.
Stopping optimization: Gap is less than 1% for more than 120.00 seconds.

Clique cuts applied:  3098
Cover cuts applied:  588
Flow cuts applied:  48
Mixed integer rounding cuts applied:  596
Zero-half cuts applied:  158
Lift and project cuts applied:  3
Gomory fractional cuts applied:  109

Root node processing (before b&c):
  Real time             =   51.87 sec. (11701.46 ticks)
Parallel b&c, 32 threads:
  Real time             =  232.37 sec. (34317.24 ticks)
  Sync time (average)   =   93.14 sec.
  Wait time (average)   =    0.60 sec.
                          ------------
Total (root+branch&cut) =  284.25 sec. (46018.70 ticks)
[INFO] Saving variables cplex:
./outputs/solutions/2024-08-28_LIT_seed_0_1-5p/VarsValues_cplex/test_lit_fnl4461_0250_CPMP_Vars_Bin_p_250_RSSV_EXACT_CPMP_BIN.txt
[INFO] Saving results cplex: 
./outputs/solutions/2024-08-28_LIT_seed_0_1-5p/Results_cplex/test_lit_fnl4461_0250_Bin_RSSV_EXACT_CPMP_BIN.csv

Final solution CPMP:
p locations: 1315 4261 1929 1602 3020 1519 417 2819 975 689 813 3922 515 3621 2126 2996 735 26 3420 620 2421 3285 3697 1681 4434 3016 1569 3590 2351 1235 1396 2202 282 2454 1745 4308 2623 3964 2261 3631 4150 2942 728 3379 2442 3036 3076 3018 2058 872 2999 2998 4009 3335 4342 750 1606 1210 4243 873 1582 4 341 2700 1025 4058 3455 2356 1693 1350 4420 2929 2592 2062 2736 2010 4014 491 3728 1416 404 70 1822 2350 1266 599 2621 3289 567 330 1678 2116 94 4138 2823 1320 3998 3324 2590 3938 1242 3243 3580 3770 2595 3943 1810 1488 140 3228 3882 4292 922 2392 2055 1227 726 1419 668 1432 2106 3117 3949 4286 966 1459 2133 6 3713 2377 4381 3654 645 311 751 2099 2275 2627 3330 1982 312 2846 4194 2638 3986 2975 563 1158 821 484 1598 2609 924 2761 2188 2414 1181 4214 3877 704 2312 332 1680 1160 1834 4284 1111 2586 3934 755 1429 1817 2828 3120 1466 2140 118 92 1777 1840 3343 3630 944 2629 2588 903 450 1798 1035 326 2497 3578 3915 1197 2047 2709 3383 161 3531 3197 3121 59 368 4209 543 3576 4072 3735 1198 2406 1058 2838 142 2458 788 1522 1859 1545 3055 192 2185 3223 2206 3891 1055 238 4282 3608 772 1109 3468 4142 1804 4392 2370 3574 1215 1288 954 1801 1127 626 4410 4073 3930 1234 2582 1820 135 2438 
p size: 250
objective: 425517.453529612044804
sum (dij * xij) 
demand/capacity: 224395.000000000000000/280500
Solution is Feasible
Statistics:
Max distance: 403.699145404099170
Min distance: 0.000000000000000
Avg distance: 95.386113770368084
Std deviation distance: 56.743253820576250


Final total elapsed time: 844s
[INFO] Saving assignment: ./outputs/solutions/2024-08-28_LIT_seed_0_1-5p/Assignments/test_lit_fnl4461_0250_p_250_RSSV_EXACT_CPMP_BIN.txt
[INFO] Saving results: ./outputs/solutions/2024-08-28_LIT_seed_0_1-5p/test_lit_fnl4461_0250_results_RSSV_EXACT_CPMP_BIN.csv
[INFO] Saving all results: ./outputs/solutions/test_all_results.csv
Post Optimization: EXACT_CPMP_BIN


-------------------------------------------------
Post Optimization
-------------------------------------------------
method: EXACT_CPMP_BIN
-------------------------------------------------
Time for post-optimization: 2756.000000000000000s
PostOptimization constructor for Solution_cap
p locations: 1315 4261 1929 1602 3020 1519 417 2819 975 689 813 3922 515 3621 2126 2996 735 26 3420 620 2421 3285 3697 1681 4434 3016 1569 3590 2351 1235 1396 2202 282 2454 1745 4308 2623 3964 2261 3631 4150 2942 728 3379 2442 3036 3076 3018 2058 872 2999 2998 4009 3335 4342 750 1606 1210 4243 873 1582 4 341 2700 1025 4058 3455 2356 1693 1350 4420 2929 2592 2062 2736 2010 4014 491 3728 1416 404 70 1822 2350 1266 599 2621 3289 567 330 1678 2116 94 4138 2823 1320 3998 3324 2590 3938 1242 3243 3580 3770 2595 3943 1810 1488 140 3228 3882 4292 922 2392 2055 1227 726 1419 668 1432 2106 3117 3949 4286 966 1459 2133 6 3713 2377 4381 3654 645 311 751 2099 2275 2627 3330 1982 312 2846 4194 2638 3986 2975 563 1158 821 484 1598 2609 924 2761 2188 2414 1181 4214 3877 704 2312 332 1680 1160 1834 4284 1111 2586 3934 755 1429 1817 2828 3120 1466 2140 118 92 1777 1840 3343 3630 944 2629 2588 903 450 1798 1035 326 2497 3578 3915 1197 2047 2709 3383 161 3531 3197 3121 59 368 4209 543 3576 4072 3735 1198 2406 1058 2838 142 2458 788 1522 1859 1545 3055 192 2185 3223 2206 3891 1055 238 4282 3608 772 1109 3468 4142 1804 4392 2370 3574 1215 1288 954 1801 1127 626 4410 4073 3930 1234 2582 1820 135 2438 
p size: 250
objective: 425517.453529612044804
sum (dij * xij) 
demand/capacity: 224395.000000000000000/280500
Solution is Feasible
[INFO] Running post-optimization
Time limit: 2756.000000000000000
Max size of the neigh: 16
 ------------------------------------ 

Iteration Post-Optimization: 1
Size of neighborhood: 1
[INFO] Adding MIP start solution
Gap Cplex Reports: gap_Bin_service_fnl4461_0250_p_250_RSSV_POSTOPT.csv
[CALLBACK] Generating reports cplex callbacks...
Default row names c1, c2 ... being created.
Version identifier: 22.1.1.0 | 2022-11-28 | 9160aff4d
CPXPARAM_TimeLimit                               2756
CPXPARAM_MIP_Tolerances_LowerCutoff              425364.86928657262
Legacy callback                                  i
1 of 2 MIP starts provided solutions.
MIP start 'm1' defined initial solution with objective 425572.5191.
Presolve has eliminated 19094460 rows and 19094460 columns...
Tried aggregator 1 time.
MIP Presolve eliminated 19094460 rows and 19094460 columns.
Reduced MIP has 9173 rows, 810522 columns, and 1621544 nonzeros.
Reduced MIP has 810522 binaries, 0 generals, 0 SOSs, and 0 indicators.
Presolve time = 50.59 sec. (15825.91 ticks)
Tried aggregator 1 time.
Detecting symmetries...
Reduced MIP has 9173 rows, 810522 columns, and 1621544 nonzeros.
Reduced MIP has 810522 binaries, 0 generals, 0 SOSs, and 0 indicators.
Presolve time = 6.68 sec. (1770.28 ticks)
Probing time = 3.77 sec. (191.12 ticks)
Clique table members: 810772.
MIP emphasis: balance optimality and feasibility.
MIP search method: dynamic search.
Parallel mode: deterministic, using up to 32 threads.
Root relaxation solution time = 11.76 sec. (2105.74 ticks)

        Nodes                                         Cuts/
   Node  Left     Objective  IInf  Best Integer    Best Bound    ItCnt     Gap

*     0+    0                       425572.5191        0.0000           100.00%
      0     0   341434.4241   982   425572.5191   341434.4241    16819   19.77%
Time: 356.854939937591553 seconds
MIP Gap: 0.197705658119398
Nodes: 0
Best Objective: 341434.424112861684989
Incumbent Obj:  425572.519073896692134
Time: 364.476565837860107 seconds
MIP Gap: 0.197705658119398
Nodes: 0
Best Objective: 341434.424112861684989
Incumbent Obj:  425572.519073896692134
      0     0   369809.3167  4239   425572.5191    Cuts: 2393    20606   13.10%
Time: 374.686976909637451 seconds
MIP Gap: 0.131031022626881
Nodes: 0
Best Objective: 369809.316697746224236
Incumbent Obj:  425572.519073896692134
      0     0   381644.0495  4272   425572.5191    Cuts: 2393    23748   10.32%
Time: 383.548449993133545 seconds
MIP Gap: 0.103222054055302
Nodes: 0
Best Objective: 381644.049505599832628
Incumbent Obj:  425572.519073896692134
      0     0   385202.7018  3168   425572.5191    Cuts: 1646    25697    9.49%
*     0+    0                       424416.4298   385202.7018             9.24%
      0     0  -1.00000e+75     0   424416.4298   385202.7018    25697    9.24%
Time: 405.388454914093018 seconds
MIP Gap: 0.092394462847563
Nodes: 0
Best Objective: 385202.701785946672317
Incumbent Obj:  424416.429845171631314
Time: 412.154696941375732 seconds
MIP Gap: 0.092394462847563
Nodes: 0
Best Objective: 385202.701785946672317
Incumbent Obj:  424416.429845171631314
      0     0   387321.7840  3017   424416.4298     Cuts: 974    26971    8.74%
Time: 420.188731908798218 seconds
MIP Gap: 0.087401531127905
Nodes: 0
Best Objective: 387321.784040864440612
Incumbent Obj:  424416.429845171631314
      0     0   389081.2432  2746   424416.4298     Cuts: 886    27988    8.33%
Detecting symmetries...
Time: 428.725698947906494 seconds
MIP Gap: 0.083255934861230
Nodes: 0
Best Objective: 389081.243207946186885
Incumbent Obj:  424416.429845171631314
      0     0   390684.9989  2204   424416.4298     Cuts: 859    29025    7.95%
Time: 436.045342922210693 seconds
MIP Gap: 0.079477203499528
Nodes: 0
Best Objective: 390684.998881823732518
Incumbent Obj:  424416.429845171631314
      0     0   392011.4449  2413   424416.4298     Cuts: 671    29951    7.64%
Time: 444.037245988845825 seconds
MIP Gap: 0.076351862615714
Nodes: 0
Best Objective: 392011.444901781331282
Incumbent Obj:  424416.429845171631314
      0     0   393127.9311  2223   424416.4298     Cuts: 748    30820    7.37%
Time: 454.442764997482300 seconds
MIP Gap: 0.073721224104382
Nodes: 0
Best Objective: 393127.931106974079739
Incumbent Obj:  424416.429845171631314
      0     0   394141.8516  2676   424416.4298     Cuts: 674    31677    7.13%
Time: 467.571779966354370 seconds
MIP Gap: 0.071332248610223
Nodes: 0
Best Objective: 394141.851557192450855
Incumbent Obj:  424416.429845171631314
      0     0   395046.2488  2653   424416.4298     Cuts: 693    32588    6.92%
Time: 475.836804866790771 seconds
MIP Gap: 0.069201329011005
Nodes: 0
Best Objective: 395046.248845779860858
Incumbent Obj:  424416.429845171631314
      0     0   395883.1335  2639   424416.4298     Cuts: 547    33332    6.72%
Time: 485.341314792633057 seconds
MIP Gap: 0.067229481062424
Nodes: 0
Best Objective: 395883.133512313943356
Incumbent Obj:  424416.429845171631314
      0     0   396640.4701  2141   424416.4298     Cuts: 619    34138    6.54%
Time: 494.351288795471191 seconds
MIP Gap: 0.065445062406728
Nodes: 0
Best Objective: 396640.470107513654511
Incumbent Obj:  424416.429845171631314
      0     0   397279.0851  2306   424416.4298     Cuts: 548    34882    6.39%
Time: 505.689643859863281 seconds
MIP Gap: 0.063940372720199
Nodes: 0
Best Objective: 397279.085132295207586
Incumbent Obj:  424416.429845171631314
      0     0   397800.3618  2446   424416.4298     Cuts: 544    35609    6.27%
Time: 519.416079998016357 seconds
MIP Gap: 0.062712152978067
Nodes: 0
Best Objective: 397800.361770316085313
Incumbent Obj:  424416.429845171631314
      0     0   398273.3817  2219   424416.4298     Cuts: 590    36387    6.16%
Time: 531.430668830871582 seconds
MIP Gap: 0.061597634562795
Nodes: 0
Best Objective: 398273.381697122822516
Incumbent Obj:  424416.429845171631314
      0     0   398748.8029  2557   424416.4298     Cuts: 434    37050    6.05%
Time: 540.596057891845703 seconds
MIP Gap: 0.060477458307925
Nodes: 0
Best Objective: 398748.802904012089130
Incumbent Obj:  424416.429845171631314
      0     0   399159.3086  2914   424416.4298     Cuts: 442    37714    5.95%
Time: 551.619264841079712 seconds
MIP Gap: 0.059510234472086
Nodes: 0
Best Objective: 399159.308591280016117
Incumbent Obj:  424416.429845171631314
      0     0   399547.1044  2549   424416.4298     Cuts: 532    38366    5.86%
Time: 561.950068950653076 seconds
MIP Gap: 0.058596519087067
Nodes: 0
Best Objective: 399547.104412884393241
Incumbent Obj:  424416.429845171631314
      0     0   399942.2801  2314   424416.4298     Cuts: 426    38958    5.77%
Time: 573.385502815246582 seconds
MIP Gap: 0.057665415514267
Nodes: 0
Best Objective: 399942.280067068058997
Incumbent Obj:  424416.429845171631314
      0     0   400334.9528  2513   424416.4298     Cuts: 426    39667    5.67%
Time: 584.250701904296875 seconds
MIP Gap: 0.056740209273514
Nodes: 0
Best Objective: 400334.952796638768632
Incumbent Obj:  424416.429845171631314
      0     0   400662.3241  2362   424416.4298     Cuts: 408    40392    5.60%
Time: 592.463881015777588 seconds
MIP Gap: 0.055968864753995
Nodes: 0
Best Objective: 400662.324083793908358
Incumbent Obj:  424416.429845171631314
      0     0   400971.6403  2185   424416.4298     Cuts: 394    40977    5.52%
*     0+    0                       423838.2840   400971.6403             5.40%
Time: 602.496220827102661 seconds
MIP Gap: 0.053951340950873
Nodes: 0
Best Objective: 400971.640268447110429
Incumbent Obj:  423838.284038649348076
      0     0   401226.3022  2863   423838.2840     Cuts: 406    41588    5.34%
*     0+    0                       409682.7135   401226.3022             2.06%
      0     0  -1.00000e+75     0   409682.7135   401226.3022    41588    2.06%
Time: 653.142714977264404 seconds
MIP Gap: 0.020641367125808
Nodes: 0
Best Objective: 401226.302183119230904
Incumbent Obj:  409682.713477097218856
Time: 660.796724796295166 seconds
MIP Gap: 0.020641367125808
Nodes: 0
Best Objective: 401226.302183119230904
Incumbent Obj:  409682.713477097218856
      0     0   401492.9456  2300   409682.7135     Cuts: 415    42171    2.00%
Time: 671.427536010742188 seconds
MIP Gap: 0.019990513623554
Nodes: 0
Best Objective: 401492.945611998846289
Incumbent Obj:  409682.713477097218856
      0     0   401726.2778  2702   409682.7135     Cuts: 328    42774    1.94%
Time: 684.408950805664062 seconds
MIP Gap: 0.019420970035750
Nodes: 0
Best Objective: 401726.277774493908510
Incumbent Obj:  409682.713477097218856
      0     0   401943.6260  2633   409682.7135     Cuts: 316    43377    1.89%
Time: 696.219097852706909 seconds
MIP Gap: 0.018890441927879
Nodes: 0
Best Objective: 401943.625969302200247
Incumbent Obj:  409682.713477097218856
      0     0   402160.3328  2089   409682.7135     Cuts: 389    43854    1.84%
Time: 710.362908840179443 seconds
MIP Gap: 0.018361479372835
Nodes: 0
Best Objective: 402160.332784180238377
Incumbent Obj:  409682.713477097218856
      0     0   402369.1536  2547   409682.7135     Cuts: 338    44679    1.79%
Time: 719.172194004058838 seconds
MIP Gap: 0.017851765746181
Nodes: 0
Best Objective: 402369.153645844431594
Incumbent Obj:  409682.713477097218856
      0     0   402601.5895  2769   409682.7135     Cuts: 383    45218    1.73%
Time: 730.384250879287720 seconds
MIP Gap: 0.017284409875564
Nodes: 0
Best Objective: 402601.589538425847422
Incumbent Obj:  409682.713477097218856
      0     0   402762.7359  2298   409682.7135     Cuts: 374    45801    1.69%
Time: 740.082831859588623 seconds
MIP Gap: 0.016891065678606
Nodes: 0
Best Objective: 402762.735856366052758
Incumbent Obj:  409682.713477097218856
      0     0   402945.7308  2434   409682.7135     Cuts: 323    46340    1.64%
Time: 749.917187929153442 seconds
MIP Gap: 0.016444390905000
Nodes: 0
Best Objective: 402945.730789658729918
Incumbent Obj:  409682.713477097218856
      0     0   403120.9876  2170   409682.7135     Cuts: 395    46866    1.60%
Time: 761.691144943237305 seconds
MIP Gap: 0.016016604336939
Nodes: 0
Best Objective: 403120.987551650963724
Incumbent Obj:  409682.713477097218856
      0     0   403268.7278  2218   409682.7135     Cuts: 229    47389    1.57%
Time: 771.090153932571411 seconds
MIP Gap: 0.015655983247952
Nodes: 0
Best Objective: 403268.727777924097609
Incumbent Obj:  409682.713477097218856
      0     0   403404.1673  2338   409682.7135     Cuts: 286    47858    1.53%
*     0+    0                       408441.8244   403404.1673             1.23%
Time: 784.480398893356323 seconds
MIP Gap: 0.012333842449101
Nodes: 0
Best Objective: 403404.167284203227609
Incumbent Obj:  408441.824395926087163
      0     0   403542.3095  2607   408441.8244     Cuts: 278    48405    1.20%
*     0+    0                       407382.1835   403542.3095             0.94%
*     0+    0                       406836.7047   403542.3095             0.81%
      0     0  -1.00000e+75     0   406836.7047   403542.3095    48405    0.81%
Time: 953.880540847778320 seconds
MIP Gap: 0.008097585981823
Nodes: 0
Best Objective: 403542.309491811844055
Incumbent Obj:  406836.704688589205034
Detecting symmetries...
Time: 1151.255502939224243 seconds
MIP Gap: 0.008097585981823
Nodes: 0
Best Objective: 403542.309491811844055
Incumbent Obj:  406836.704688589205034
      0     2   403542.3095  2607   406836.7047   403542.3095    48405    0.81%
Elapsed time = 1065.43 sec. (225593.15 ticks, tree = 0.02 MB, solutions = 7)
Time: 1164.785389900207520 seconds
MIP Gap: 0.008095280302635
Nodes: 1
Best Objective: 403543.247526734892745
Incumbent Obj:  406836.704688589205034
      2     4   403547.6127  2337   406836.7047   403543.8429    48449    0.81%
Time: 1169.992422819137573 seconds
MIP Gap: 0.008093816959714
Nodes: 5
Best Objective: 403543.842868346371688
Incumbent Obj:  406836.704688589205034
      4     6   403548.8739  2243   406836.7047   403543.8429    48465    0.81%
      5     7   403549.3599  2206   406836.7047   403543.8429    48486    0.81%
      6     8   403552.4892  2224   406836.7047   403543.8429    48514    0.81%
Time: 1175.692328929901123 seconds
MIP Gap: 0.008093816959714
Nodes: 9
Best Objective: 403543.842868346371688
Incumbent Obj:  406836.704688589205034
      8    10   403553.0779  2082   406836.7047   403543.8429    48524    0.81%
      9    11   403554.8948  2078   406836.7047   403543.8429    48544    0.81%
     10    12   403557.0921  2015   406836.7047   403543.8429    48558    0.81%
Time: 1182.206651926040649 seconds
MIP Gap: 0.008093816959714
Nodes: 13
Best Objective: 403543.842868346371688
Incumbent Obj:  406836.704688589205034
     13     4   403545.0769  2298   406836.7047   403543.8429    48434    0.81%
     15     6   403549.7230  2225   406836.7047   403543.8429    48469    0.81%
     18    10   403591.5703  2075   406836.7047   403543.8429    48584    0.81%
Elapsed time = 1100.72 sec. (230284.35 ticks, tree = 0.02 MB, solutions = 7)
Time: 1206.842730998992920 seconds
MIP Gap: 0.008090409493184
Nodes: 24
Best Objective: 403545.229150800965726
Incumbent Obj:  406836.704688589205034
     27    13   403563.0661  1996   406836.7047   403545.2292    48621    0.81%
Time: 1216.653491020202637 seconds
MIP Gap: 0.008090409493184
Nodes: 31
Best Objective: 403545.229150800965726
Incumbent Obj:  406836.704688589205034
     34    35   403678.4984  1771   406836.7047   403545.2292    52220    0.81%
Time: 1233.044209003448486 seconds
MIP Gap: 0.008090409493184
Nodes: 39
Best Objective: 403545.229150800965726
Incumbent Obj:  406836.704688589205034
     53    21   403706.7023  1775   406836.7047   403545.2292    49256    0.81%
Time: 1266.916520833969116 seconds
MIP Gap: 0.008079022506502
Nodes: 56
Best Objective: 403549.861794939090032
Incumbent Obj:  406836.704688589205034
     74    30   403684.9392  1719   406836.7047   403545.2292    51924    0.81%
     84    28   403785.2477  1557   406836.7047   403548.8298    51356    0.81%
Time: 1281.689759969711304 seconds
MIP Gap: 0.008040954428690
Nodes: 89
Best Objective: 403565.349286269687582
Incumbent Obj:  406836.704688589205034
     99    62   404643.3859  1407   406836.7047   403563.4889    58092    0.80%
*   111+   32                       406777.4006   403563.4889             0.79%
    112    93   404364.5615  1454   406777.4006   403565.3493    65014    0.79%
    127    96   403805.9482  2063   406777.4006   403565.3493    66336    0.79%
Time: 1329.901570796966553 seconds
MIP Gap: 0.007845915335692
Nodes: 125
Best Objective: 403644.698348150763195
Incumbent Obj:  406836.704688589205034
    172   115   403832.3998  1912   406777.4006   403644.6983    71777    0.77%
*   188+   32                       406763.1237   403644.6983             0.77%
    206   147   403820.3518  1874   406763.1237   403644.6983    82819    0.77%
Elapsed time = 1258.86 sec. (240549.64 ticks, tree = 16.59 MB, solutions = 9)
    240   143   403955.1630  1780   406763.1237   403644.6983    82164    0.77%
    252   158   404554.1831  1469   406763.1237   403644.6983    85186    0.77%
    259   172   404858.2147  1816   406763.1237   403644.6983    86221    0.77%
    274   184   404944.5282   882   406763.1237   403644.6983    87674    0.77%
    292   205   404806.7710  1287   406763.1237   403644.6983    90268    0.77%
    309   209   405058.4531  1063   406763.1237   403644.6983    91106    0.77%
    328   214   405129.5886   885   406763.1237   403644.6983    92127    0.77%
    343   239   403839.0778  1586   406763.1237   403644.6983    96298    0.77%
    350   228   404804.0490  1051   406763.1237   403644.6983    95423    0.77%
    365   284   403845.9929  1966   406763.1237   403644.6983   101395    0.77%
Elapsed time = 1421.99 sec. (251163.96 ticks, tree = 54.02 MB, solutions = 9)
    390   311   405138.7692   922   406763.1237   403644.6983   106279    0.77%
    413   324   404785.0813   924   406763.1237   403644.6983   108824    0.77%
    434   326   403816.2277  1849   406763.1237   403644.6983   109631    0.77%
    450   345   403882.6130  1457   406763.1237   403644.6983   112514    0.77%
    462   323   404816.5627  1294   406763.1237   403644.6983   108845    0.77%
    480   369   405999.3823  1171   406763.1237   403644.6983   115787    0.77%
    499   358   404822.6637  1040   406763.1237   403644.6983   114651    0.77%
    517   383   403863.8369  1731   406763.1237   403644.6983   117387    0.77%
Time: 1669.837517976760864 seconds
MIP Gap: 0.007666440636601
Nodes: 402
Best Objective: 403644.698348150763195
Incumbent Obj:  406763.123689071508124
    533   394   405657.4038   136   406763.1237   403644.6983   121493    0.77%
    558   394   405853.6338   128   406763.1237   403644.6983   125192    0.77%
Elapsed time = 1580.42 sec. (261341.82 ticks, tree = 81.58 MB, solutions = 9)
    578   432   405689.5246   127   406763.1237   403644.6983   130657    0.77%
Time: 1694.898693799972534 seconds
MIP Gap: 0.007666440636601
Nodes: 483
Best Objective: 403644.698348150763195
Incumbent Obj:  406763.123689071508124
    602   448   404890.0230   910   406763.1237   403644.6983   133010    0.77%
    629   476   406027.2301   461   406763.1237   403644.6983   142022    0.77%
    673   488   406000.2512   291   406763.1237   403644.6983   145981    0.77%
    738   488   406054.7521   138   406763.1237   403644.6983   142282    0.77%
    805   591   406008.9878   140   406763.1237   403644.6983   172681    0.77%
Time: 1750.287074804306030 seconds
MIP Gap: 0.007666440636601
Nodes: 688
Best Objective: 403644.698348150763195
Incumbent Obj:  406763.123689071508124
    877   645   406451.2144   129   406763.1237   403644.6983   181213    0.77%
    965   683        cutoff         406763.1237   403644.6983   181994    0.77%
   1049   778   406063.2945   142   406763.1237   403644.6983   187809    0.77%
   1156   815        cutoff         406763.1237   403644.6983   192222    0.77%
Elapsed time = 1678.29 sec. (271051.63 ticks, tree = 211.13 MB, solutions = 9)
Time: 1784.109303951263428 seconds
MIP Gap: 0.007666440636601
Nodes: 945
Best Objective: 403644.698348150763195
Incumbent Obj:  406763.123689071508124
   1223   918   405812.2265   153   406763.1237   403644.6983   198012    0.77%
   1304   898   406549.8136   113   406763.1237   403644.6983   197647    0.77%
   1359   924   405802.8859   122   406763.1237   403644.6983   198093    0.77%
   1454  1057   406089.3951   144   406763.1237   403644.6983   216168    0.77%
Time: 1815.743717908859253 seconds
MIP Gap: 0.007666440636601
Nodes: 1260
Best Objective: 403644.698348150763195
Incumbent Obj:  406763.123689071508124
   1549  1100   405706.9473   112   406763.1237   403644.6983   216878    0.77%
   1622  1214   406326.4999   106   406763.1237   403644.6983   223228    0.77%
   1714  1404   405625.1814   174   406763.1237   403644.6983   234693    0.77%
   1839  1543   406647.0771   138   406763.1237   403644.6983   244846    0.77%
   1973  1370   406207.0740   120   406763.1237   403644.6983   233890    0.77%
   2099  1575   406399.4268   123   406763.1237   403644.6983   250335    0.77%
Elapsed time = 1776.16 sec. (280734.47 ticks, tree = 496.74 MB, solutions = 9)
   2211  1516   406526.4565   107   406763.1237   403644.6983   240689    0.77%
   2313  1890   405670.8454   124   406763.1237   403644.6983   259313    0.77%
   2455  1673   406402.3725   218   406763.1237   403644.6983   255616    0.77%
   2576  1597   406629.4626    98   406763.1237   403644.6983   250851    0.77%
   2704  2073   406638.0484   104   406763.1237   403644.6983   266825    0.77%
   2818  2000   406349.0682   136   406763.1237   403644.6983   265211    0.77%
Time: 1950.940689802169800 seconds
MIP Gap: 0.007666440636601
Nodes: 2491
Best Objective: 403644.698348150763195
Incumbent Obj:  406763.123689071508124
   2946  2084   406666.3266    82   406763.1237   403644.6983   266967    0.77%
   3112  2376   406506.0654    94   406763.1237   403644.6983   273975    0.77%
   3238  2370   404002.1617  2014   406763.1237   403644.6983   275527    0.77%
   3385  2674   406619.2247   101   406763.1237   403644.6983   290933    0.77%
Elapsed time = 1915.76 sec. (290329.22 ticks, tree = 986.05 MB, solutions = 9)
   3509  2374   406624.6723    94   406763.1237   403644.6983   274265    0.77%
Time: 2029.607668876647949 seconds
MIP Gap: 0.007666440636601
Nodes: 3221
Best Objective: 403644.698348150763195
Incumbent Obj:  406763.123689071508124
   3632  2975   406591.2327   180   406763.1237   403644.6983   298335    0.77%
   3771  2906   406741.6434    98   406763.1237   403644.6983   296475    0.77%
   3869  3417   406090.1637   134   406763.1237   403644.6983   310441    0.77%
*  3891+ 2692                       406706.2572   403644.6983             0.75%
   3981  2992   406621.5867   120   406706.2572   403644.6983   298587    0.75%
*  4079+ 3162                       406676.6685   403644.6983             0.75%
   4080  2805        cutoff         406676.6685   403644.6983   295402    0.75%
   4187  3197   406107.9764   119   406676.6685   403644.6983   306023    0.75%
   4281  3365   406696.8738   118   406676.6685   403644.6983   309661    0.75%
   4339  3342   406606.4363   136   406676.6685   403644.6983   315262    0.75%
Time: 2130.646711826324463 seconds
MIP Gap: 0.007455481024092
Nodes: 3818
Best Objective: 403644.698348150763195
Incumbent Obj:  406676.668533342191949
*  4373+ 3374                       406493.9872   403644.6983             0.70%
   4373  3384   404604.4315  1130   406493.9872   403644.6983   317997    0.70%
Elapsed time = 2032.17 sec. (299928.57 ticks, tree = 1295.27 MB, solutions = 12)
   4404  3333   406652.7102    87   406493.9872   403644.6983   315142    0.70%
   4424  3425   404638.3092  1192   406493.9872   403644.6983   320160    0.70%
   4435  3428   405114.5111  1582   406493.9872   403644.6983   321478    0.70%
   4438  2947   403993.1776  2116   406493.9872   403646.1004   298810    0.70%
   4449  3430   405157.0984  1344   406493.9872   403646.1004   321648    0.70%
   4465  2803   406198.0715    78   406493.9872   403646.1004   328187    0.70%
   4477  2755   404082.8928  1781   406493.9872   403646.1004   328161    0.70%
   4500  2787   404147.5887  1871   406493.9872   403646.1004   329776    0.70%
   4511  2820   406360.6946    76   406493.9872   403646.1004   328446    0.70%
   4525  2794   405174.4995  1424   406493.9872   403654.3642   332605    0.70%
Elapsed time = 2158.29 sec. (310264.00 ticks, tree = 1004.04 MB, solutions = 13)
   4552  2916   406398.8768    95   406493.9872   403654.3642   346973    0.70%
   4575  2974   405254.4773   980   406493.9872   403654.3642   354097    0.70%
   4614  2790   404653.3215  1401   406493.9872   403654.3642   330551    0.70%
   4657  2868   404121.4232  1468   406493.9872   403654.3642   343477    0.70%
   4705  3103   405009.1422  1266   406493.9872   403654.3642   365179    0.70%
   4747  3069   406381.5972   140   406493.9872   403654.3642   355509    0.70%
   4768  3036   406446.1033   107   406493.9872   403654.3642   355656    0.70%
   4795  3104        cutoff         406493.9872   403654.3642   356475    0.70%
   4815  3109   404762.0269  1375   406493.9872   403656.9699   368706    0.70%
Time: 2434.011616945266724 seconds
MIP Gap: 0.006979235501667
Nodes: 4760
Best Objective: 403656.969890231499448
Incumbent Obj:  406493.987156608956866
   4932  3271        cutoff         406493.9872   403656.9699   377775    0.70%
Elapsed time = 2338.55 sec. (322906.37 ticks, tree = 1240.72 MB, solutions = 13)
*  4940+ 3214                       406481.9308   403656.9699             0.69%
*  4952+ 3302                       406480.3506   403656.9699             0.69%
*  4968+ 3210                       406471.3914   403656.9699             0.69%
   5033  3238   404927.3617  1367   406471.3914   403656.9699   406493    0.69%
Time: 2535.267011880874634 seconds
MIP Gap: 0.006924033533488
Nodes: 4973
Best Objective: 403656.969890231499448
Incumbent Obj:  406471.391434930323157
   5119  3336   406108.7435   114   406471.3914   403656.9699   414387    0.69%
   5247  3390   406010.5065   153   406471.3914   403680.2434   415230    0.69%
Starting limited solution polishing.
*  5315+ 3422                       406420.3629   403680.5177             0.67%
*  5321+ 3420                       405901.9331   403680.5177             0.55%
*  5329+ 3420                       405876.1342   403680.5177             0.54%
   5353  3434   405737.1156   209   405876.1342   403680.5177   439172    0.54%
   5372  3445   405790.5893   194   405876.1342   403680.5177   439461    0.54%
   5377  3239   405823.1706   862   405876.1342   403680.5177   410376    0.54%
   5379  3301   405936.6581   713   405876.1342   403680.5177   408406    0.54%
   5381  3377   405616.9890   508   405876.1342   403680.5177   423322    0.54%

Performing restart 1

Repeating presolve.
Tried aggregator 1 time.
MIP Presolve eliminated 239 rows and 50782 columns.
MIP Presolve modified 102 coefficients.
Reduced MIP has 8934 rows, 759740 columns, and 1519980 nonzeros.
Reduced MIP has 759740 binaries, 0 generals, 0 SOSs, and 0 indicators.
Presolve time = 4.75 sec. (1504.83 ticks)
Tried aggregator 1 time.
Reduced MIP has 8934 rows, 759740 columns, and 1519980 nonzeros.
Reduced MIP has 759740 binaries, 0 generals, 0 SOSs, and 0 indicators.
Presolve time = 6.18 sec. (1627.32 ticks)
Represolve time = 81.97 sec. (17140.91 ticks)

Clique cuts applied:  4995
Cover cuts applied:  7560
Flow cuts applied:  350
Mixed integer rounding cuts applied:  1091
Zero-half cuts applied:  1073
Gomory fractional cuts applied:  15

Root node processing (before b&c):
  Real time             =  952.87 sec. (223893.20 ticks)
Parallel b&c, 32 threads:
  Real time             = 1826.55 sec. (184230.29 ticks)
  Sync time (average)   =  689.40 sec.
  Wait time (average)   =    0.00 sec.
                          ------------
Total (root+branch&cut) = 2779.41 sec. (408123.49 ticks)
Post-Optimization Solution: 
p locations: 4426 4420 4392 4381 4342 4286 4284 4282 4240 4217 4150 4110 4098 4033 3964 3963 3948 3922 3915 3860 3770 3735 3728 3994 3657 3621 3619 3590 4258 3584 3576 3571 3559 3455 4410 3399 3386 3375 3354 3352 3343 3221 3197 3121 3120 3076 3071 3055 3036 3018 3009 2998 2965 1227 726 3219 1197 1174 3003 1318 1155 2658 1035 975 3325 966 932 3962 1266 4292 922 819 1821 813 312 1982 789 3986 1290 4144 2459 788 1122 2458 1419 1288 954 3653 620 735 998 3378 682 515 2577 4018 311 645 903 2239 750 3598 2587 4308 3971 2623 711 2047 1805 109 368 4214 1181 3713 1017 6 2350 1676 2010 80 1416 563 2585 2497 2761 450 2442 2342 974 26 3468 772 1109 2454 1443 161 1831 59 70 404 3019 323 626 4194 2846 1161 1835 491 2838 2700 4 341 430 821 484 135 1820 725 567 668 1392 1429 140 1488 1822 1519 3546 1524 192 1540 1545 2586 924 1598 751 2099 1602 2437 1663 330 1678 332 1680 333 1681 1745 2828 1817 2819 3856 1160 1834 1840 1868 3383 2709 2035 2202 1892 1929 2058 3117 1432 2106 2116 3631 598 2283 2126 2627 1129 118 1466 2140 158 2180 2184 2351 3891 3217 1195 2206 2224 2259 239 2261 3943 573 1584 2595 2312 1350 2361 2412 2414 4166 2481 3228 2554 3930 1234 897 2582 1242 2590 2942 2605 2062 2736 2827 
p size: 250
objective: 405876.134239528910257
sum (dij * xij) 
demand/capacity: 224395.000000000000000/280500
Solution is Feasible
Comparing Best Bounds: 
Old Best Bound: 404325.177630018850323
New Best Bound: 404325.177630018850323
Time elapsed: 2957.450952054000027s
Time remaining: 2756.000000000000000s



Finishing post-optimization
p locations: 4426 4420 4392 4381 4342 4286 4284 4282 4240 4217 4150 4110 4098 4033 3964 3963 3948 3922 3915 3860 3770 3735 3728 3994 3657 3621 3619 3590 4258 3584 3576 3571 3559 3455 4410 3399 3386 3375 3354 3352 3343 3221 3197 3121 3120 3076 3071 3055 3036 3018 3009 2998 2965 1227 726 3219 1197 1174 3003 1318 1155 2658 1035 975 3325 966 932 3962 1266 4292 922 819 1821 813 312 1982 789 3986 1290 4144 2459 788 1122 2458 1419 1288 954 3653 620 735 998 3378 682 515 2577 4018 311 645 903 2239 750 3598 2587 4308 3971 2623 711 2047 1805 109 368 4214 1181 3713 1017 6 2350 1676 2010 80 1416 563 2585 2497 2761 450 2442 2342 974 26 3468 772 1109 2454 1443 161 1831 59 70 404 3019 323 626 4194 2846 1161 1835 491 2838 2700 4 341 430 821 484 135 1820 725 567 668 1392 1429 140 1488 1822 1519 3546 1524 192 1540 1545 2586 924 1598 751 2099 1602 2437 1663 330 1678 332 1680 333 1681 1745 2828 1817 2819 3856 1160 1834 1840 1868 3383 2709 2035 2202 1892 1929 2058 3117 1432 2106 2116 3631 598 2283 2126 2627 1129 118 1466 2140 158 2180 2184 2351 3891 3217 1195 2206 2224 2259 239 2261 3943 573 1584 2595 2312 1350 2361 2412 2414 4166 2481 3228 2554 3930 1234 897 2582 1242 2590 2942 2605 2062 2736 2827 
p size: 250
objective: 405876.134239528910257
sum (dij * xij) 
demand/capacity: 224395.000000000000000/280500
Solution is Feasible
Solution Stats
Statistics:
Max distance: 387.671252480758483
Min distance: 0.000000000000000
Avg distance: 90.983217717894846
Std deviation distance: 51.885716915282742


[INFO] Saving assignment: ./outputs/solutions/2024-08-28_LIT_seed_0_1-5p/Assignments/test_lit_fnl4461_0250_p_250_RSSV_EXACT_CPMP_BIN_POSTOPT.txt
[INFO] Saving results: ./outputs/solutions/2024-08-28_LIT_seed_0_1-5p/test_lit_fnl4461_0250_results_RSSV_EXACT_CPMP_BIN_POSTOPT.csv
[INFO] Saving all results: ./outputs/solutions/test_all_results.csv
Final total elapsed time (post opt): 3801s
PostOptimization destructor
Finish solving problem
Elapsed time: 3801947 ms

RSSV finished.
