Debug: configOverride contents: IsWeighted_ObjFunc add_break_callback add_generate_reports add_threshold_distance_rssv bw_multiplier capacities cover_mode coverages cust_max_id distance_matrix loc_max_id max_ite_subprob_rssv method method_post_opt method_rssv_fp method_rssv_sp output p seed service size_subproblems_rssv subarea threads time time_cplex time_subprob_rssv weights 
Loading instance...
Scanning input data...
Distance matrix dimensions: 4462 x 4462 = 19909444
Elapsed time: 0 ms

Loading weights...
Skipped line: customer weight coord_x coord_y
Loaded 4461 weights
Loaded 4461 coordinates
Total customer demand: 224395.00
Elapsed time: 11 ms

Loading capacities...
Skipped line: location capacity coord_x coord_y
Loaded 4461 capacities
Loaded 4461 coordinates
Elapsed time: 8 ms

Loading distance matrix...
Computing euclidian distances...
bw multiplier: 0.50
Loaded 19904982 distances
dists stdev: 954.33
bandwidth h: 17.53
locations: 4461
customers: 4461
p: 20
Elapsed time: 730 ms

[INFO] Instance loaded
loc_max_id: 4461
loc_cnt: 4461
service: fnl4461_0020
cust_max_id: 4461
cust_cnt: 4461
unweighted obj function
p: 20
total_demand: 224395.00


-------------------------------------------------


-------------------------------------------------
RSSV heuristic 
-------------------------------------------------
method subproblems: TB_PMP
method final problem: EXACT_CPMP_BIN
-------------------------------------------------
RSSV running...
cPMP size (N): 4461
sub-cPMP size (n): 1784
Subproblems cnt (M): 12
p: 20
Seed: 500
Time limit for subproblems: 300.00

thread cnt: 20

Thread 1 created with seed 501
Thread 2 created with seed 502
Solving sub-PMP 1/12...
Thread 3 created with seed 503
Thread 4 created with seed 504
Thread 5 created with seed 505
Thread 6 created with seed 506
Thread 7 created with seed 507
Thread 8 created with seed 508
Thread 9 created with seed 509
Thread 10 created with seed 510
Thread 11 created with seed 511
uncapacitated TB started
Thread 12 created with seed 512
Solving sub-PMP 11/12...
uncapacitated TB started
Solving sub-PMP 2/12...
uncapacitated TB started
Solving sub-PMP 3/12...
Solving sub-PMP 7/12...
Solving sub-PMP 10/12...
Solving sub-PMP 8/12...
Solving sub-PMP 12/12...
Solving sub-PMP 4/12...
Solving sub-PMP 6/12...
Solving sub-PMP 5/12...
Solving sub-PMP 9/12...
[INFO] Uncapacitated TB local search started
uncapacitated TB started
uncapacitated TB started
uncapacitated TB started
uncapacitated TB started
uncapacitated TB started
uncapacitated TB started
uncapacitated TB started
uncapacitated TB started
uncapacitated TB started
[INFO] Uncapacitated TB local search started
[INFO] Uncapacitated TB local search started
[INFO] Uncapacitated TB local search started
[INFO] Uncapacitated TB local search started
[INFO] Uncapacitated TB local search started
[INFO] Uncapacitated TB local search started
[INFO] Uncapacitated TB local search started
[INFO] Uncapacitated TB local search started
[INFO] Uncapacitated TB local search started
[INFO] Uncapacitated TB local search started
[INFO] Uncapacitated TB local search started

[INFO] Time limit reached. Stopping the algorithm.
TB elapsed time: 300.00 seconds
Num ite total uncapacited TB: 97
tb solution is feasible

[INFO] Time limit reached. Stopping the algorithm.
TB elapsed time: 300.00 seconds
Num ite total uncapacited TB: 94
tb solution is feasible

[INFO] Time limit reached. Stopping the algorithm.
TB elapsed time: 300.00 seconds
Num ite total uncapacited TB: 82
tb solution is feasible

[INFO] Time limit reached. Stopping the algorithm.
TB elapsed time: 300.00 seconds
Num ite total uncapacited TB: 90
tb solution is feasible

[INFO] Time limit reached. Stopping the algorithm.
TB elapsed time: 300.00 seconds
Num ite total uncapacited TB: 104
tb solution is feasible

[INFO] Time limit reached. Stopping the algorithm.
TB elapsed time: 300.00 seconds
Num ite total uncapacited TB: 85
tb solution is feasible

[INFO] Time limit reached. Stopping the algorithm.
TB elapsed time: 300.00 seconds
Num ite total uncapacited TB: 95
tb solution is feasible

[INFO] Time limit reached. Stopping the algorithm.
TB elapsed time: 300.00 seconds
Num ite total uncapacited TB: 103
tb solution is feasible

[INFO] Time limit reached. Stopping the algorithm.
TB elapsed time: 
[INFO] Time limit reached. Stopping the algorithm.
TB elapsed time: 300.00 seconds
Num ite total uncapacited TB: 98
tb solution is feasible
300.00 seconds
Num ite total uncapacited TB: 103
tb solution is feasible

[INFO] Time limit reached. Stopping the algorithm.
TB elapsed time: 300.00 seconds
Num ite total uncapacited TB: 101
tb solution is feasible

[INFO] Time limit reached. Stopping the algorithm.
TB elapsed time: 300.00 seconds
Num ite total uncapacited TB: 105
tb solution is feasible
[INFO] All subproblems solved.

Elapsed time: 300068 ms


Stats: 
Max dist: 719.90
Min dist: 0.00
avg of Avg dists: 285.93
avg Std dev dist: 120.14

First 1784 voting weights (sorted): 681(3.11) 4338(3.00) 1070(3.00) 3135(2.27) 729(2.23) 1352(2.21) 241(2.04) 707(2.00) 138(2.00) 4283(2.00) 306(2.00) 2818(2.00) 775(2.00) 1729(2.00) 1135(2.00) 2474(2.00) 1968(2.00) 3104(1.54) 774(1.44) 1335(1.42) 1359(1.34) 1318(1.27) 271(1.18) 143(1.18) 135(1.18) 293(1.18) 1024(1.18) 1050(1.18) 3535(1.17) 3550(1.17) 762(1.15) 245(1.11) 145(1.11) 1394(1.07) 4359(1.07) 1037(1.04) 994(1.04) 221(1.04) 3552(1.04) 3567(1.04) 4341(1.04) 4367(1.03) 3431(1.03) 3387(1.03) 3539(1.03) 3558(1.03) 4038(1.00) 4039(1.00) 964(1.00) 2921(1.00) 2273(1.00) 3486(1.00) 3466(1.00) 1849(1.00) 2762(1.00) 962(1.00) 743(1.00) 2131(1.00) 1797(1.00) 2156(1.00) 2769(1.00) 3414(1.00) 4294(1.00) 953(1.00) 952(1.00) 476(1.00) 3029(1.00) 3047(1.00) 823(1.00) 2706(1.00) 1009(1.00) 3632(1.00) 1789(1.00) 2712(1.00) 2938(1.00) 1446(1.00) 1005(1.00) 1651(1.00) 1800(1.00) 829(1.00) 2726(1.00) 4013(1.00) 4206(1.00) 1445(1.00) 1341(1.00) 1855(1.00) 2924(1.00) 2064(1.00) 1442(1.00) 1003(1.00) 2192(1.00) 1826(1.00) 4144(1.00) 1809(1.00) 1825(1.00) 4259(1.00) 916(1.00) 2827(1.00) 2227(1.00) 1721(1.00) 3982(1.00) 4131(1.00) 3532(1.00) 781(1.00) 1821(1.00) 2837(1.00) 2839(1.00) 889(1.00) 146(1.00) 2210(1.00) 1470(1.00) 4137(1.00) 3582(1.00) 2083(1.00) 2084(1.00) 4219(1.00) 4070(1.00) 4074(1.00) 3575(1.00) 3016(1.00) 3492(1.00) 3571(1.00) 770(1.00) 760(1.00) 4084(1.00) 2177(1.00) 2811(1.00) 1747(1.00) 1831(1.00) 447(1.00) 4092(1.00) 767(1.00) 768(1.00) 4148(1.00) 2899(1.00) 2422(1.00) 184(1.00) 2418(1.00) 3862(1.00) 2416(1.00) 3155(1.00) 2569(1.00) 3728(1.00) 3271(1.00) 1248(1.00) 276(1.00) 654(1.00) 2372(1.00) 1113(1.00) 1911(1.00) 2594(1.00) 1261(1.00) 3262(1.00) 3261(1.00) 2610(1.00) 3906(1.00) 3698(1.00) 2618(1.00) 3258(1.00) 2005(1.00) 3694(1.00) 1574(1.00) 231(1.00) 1500(1.00) 2499(1.00) 2503(1.00) 3769(1.00) 3306(1.00) 237(1.00) 1957(1.00) 1211(1.00) 3292(1.00) 3190(1.00) 3290(1.00) 264(1.00) 1541(1.00) 3752(1.00) 3831(1.00) 200(1.00) 2442(1.00) 2537(1.00) 2540(1.00) 195(1.00) 2434(1.00) 3847(1.00) 3277(1.00) 2554(1.00) 1923(1.00) 3822(1.00) 2018(1.00) 3686(1.00) 2638(1.00) 3925(1.00) 2359(1.00) 1894(1.00) 3359(1.00) 1610(1.00) 2350(1.00) 3673(1.00) 1072(1.00) 602(1.00) 3951(1.00) 4373(1.00) 3356(1.00) 3249(1.00) 1872(1.00) 4200(1.00) 1077(1.00) 1642(1.00) 1641(1.00) 3690(1.00) 1640(1.00) 3665(1.00) 3079(1.00) 3237(1.00) 328(1.00) 2010(1.00) 2325(1.00) 1897(1.00) 325(1.00) 2678(1.00) 3380(1.00) 2625(0.56) 3138(0.54) 2996(0.49) 1853(0.49) 2463(0.37) 1315(0.34) 4063(0.27) 1418(0.27) 1102(0.27) 199(0.27) 4132(0.27) 2566(0.27) 1846(0.27) 2900(0.24) 3463(0.24) 3635(0.24) 2374(0.24) 3328(0.24) 3548(0.21) 2343(0.21) 212(0.21) 1798(0.21) 3445(0.21) 996(0.21) 4377(0.21) 1044(0.21) 2034(0.21) 1983(0.20) 201(0.20) 3268(0.20) 239(0.20) 3028(0.18) 4042(0.18) 3235(0.18) 3811(0.18) 307(0.18) 3711(0.18) 986(0.18) 4286(0.18) 3603(0.18) 3308(0.18) 938(0.18) 2408(0.18) 3740(0.18) 734(0.18) 4267(0.15) 3121(0.13) 4118(0.11) 4284(0.11) 1110(0.10) 208(0.09) 1300(0.08) 1947(0.08) 3791(0.08) 2052(0.07) 4364(0.07) 2506(0.07) 4387(0.07) 1681(0.07) 3899(0.07) 2605(0.07) 1996(0.07) 2592(0.07) 3720(0.07) 1713(0.07) 877(0.07) 790(0.07) 791(0.07) 985(0.07) 1294(0.07) 3979(0.07) 3233(0.07) 1648(0.07) 2049(0.07) 1840(0.07) 312(0.07) 1881(0.06) 1762(0.06) 353(0.06) 990(0.06) 1886(0.06) 2118(0.06) 2866(0.06) 2390(0.06) 1054(0.05) 967(0.05) 3642(0.05) 1002(0.05) 2143(0.05) 779(0.05) 4127(0.05) 137(0.05) 2823(0.05) 1818(0.05) 2397(0.05) 2393(0.05) 2710(0.05) 3331(0.05) 3019(0.04) 1874(0.04) 2063(0.04) 3536(0.04) 1119(0.04) 185(0.04) 2816(0.04) 1741(0.04) 3372(0.04) 1615(0.04) 3542(0.04) 4138(0.04) 4254(0.04) 3475(0.04) 1993(0.04) 3652(0.04) 2821(0.04) 1520(0.04) 3750(0.04) 4099(0.04) 4252(0.04) 125(0.04) 2682(0.04) 1377(0.04) 178(0.04) 1581(0.04) 3273(0.04) 1357(0.04) 3613(0.04) 1665(0.04) 1633(0.04) 3808(0.04) 2452(0.04) 1807(0.04) 1283(0.04) 1919(0.04) 1426(0.04) 2414(0.03) 2444(0.03) 2440(0.03) 361(0.03) 1496(0.03) 2652(0.03) 4035(0.03) 4381(0.03) 2206(0.03) 2401(0.03) 2684(0.03) 3413(0.03) 3589(0.03) 736(0.03) 1185(0.03) 3724(0.03) 4390(0.03) 171(0.03) 3247(0.00) 1280(0.00) 3250(0.00) 1199(0.00) 1281(0.00) 3296(0.00) 1282(0.00) 3295(0.00) 3248(0.00) 3294(0.00) 1284(0.00) 1272(0.00) 1273(0.00) 3257(0.00) 3256(0.00) 1274(0.00) 1212(0.00) 3255(0.00) 3293(0.00) 1210(0.00) 1276(0.00) 3254(0.00) 3253(0.00) 1277(0.00) 1278(0.00) 1279(0.00) 3252(0.00) 3251(0.00) 1198(0.00) 1275(0.00) 3243(0.00) 3242(0.00) 1295(0.00) 1296(0.00) 3241(0.00) 1204(0.00) 1297(0.00) 1203(0.00) 1298(0.00) 3291(0.00) 1196(0.00) 1201(0.00) 1299(0.00) 3240(0.00) 1301(0.00) 1200(0.00) 1302(0.00) 1303(0.00) 1304(0.00) 1202(0.00) 1285(0.00) 1286(0.00) 3246(0.00) 1287(0.00) 1288(0.00) 1289(0.00) 1290(0.00) 3245(0.00) 3244(0.00) 1205(0.00) 3297(0.00) 1208(0.00) 1291(0.00) 3298(0.00) 3239(0.00) 1292(0.00) 1207(0.00) 1206(0.00) 1305(0.00) 1293(0.00) 1209(0.00) 1243(0.00) 3283(0.00) 1244(0.00) 3274(0.00) 1245(0.00) 1228(0.00) 1227(0.00) 3284(0.00) 1246(0.00) 1306(0.00) 3285(0.00) 3286(0.00) 3272(0.00) 1247(0.00) 3270(0.00) 1225(0.00) 1249(0.00) 3269(0.00) 1250(0.00) 1226(0.00) 1234(0.00) 1235(0.00) 1233(0.00) 3279(0.00) 3278(0.00) 1232(0.00) 3280(0.00) 1236(0.00) 1237(0.00) 1242(0.00) 1238(0.00) 3281(0.00) 1239(0.00) 3282(0.00) 1230(0.00) 3276(0.00) 1240(0.00) 1241(0.00) 1229(0.00) 3275(0.00) 1231(0.00) 1259(0.00) 1216(0.00) 1215(0.00) 1260(0.00) 3263(0.00) 1262(0.00) 1263(0.00) 1214(0.00) 1213(0.00) 1224(0.00) 1264(0.00) 1265(0.00) 1266(0.00) 1267(0.00) 1268(0.00) 1269(0.00) 3260(0.00) 1270(0.00) 3259(0.00) 1271(0.00) 3289(0.00) 1223(0.00) 1251(0.00) 1222(0.00) 1252(0.00) 1221(0.00) 3267(0.00) 1253(0.00) 3266(0.00) 1254(0.00) 3264(0.00) 1255(0.00) 1256(0.00) 3288(0.00) 1257(0.00) 1258(0.00) 3265(0.00) 1220(0.00) 1219(0.00) 1218(0.00) 1217(0.00) 3287(0.00) 1393(0.00) 1472(0.00) 1471(0.00) 1395(0.00) 1396(0.00) 1469(0.00) 1397(0.00) 1398(0.00) 1468(0.00) 1399(0.00) 1467(0.00) 1197(0.00) 1400(0.00) 1401(0.00) 1402(0.00) 1403(0.00) 1465(0.00) 1404(0.00) 1405(0.00) 1406(0.00) 1464(0.00) 1407(0.00) 1408(0.00) 1466(0.00) 1378(0.00) 1379(0.00) 1482(0.00) 1380(0.00) 1481(0.00) 1480(0.00) 1381(0.00) 1382(0.00) 1479(0.00) 1478(0.00) 1383(0.00) 1392(0.00) 1385(0.00) 1477(0.00) 1476(0.00) 1386(0.00) 1387(0.00) 1475(0.00) 1388(0.00) 1389(0.00) 1474(0.00) 1390(0.00) 1473(0.00) 1391(0.00) 1384(0.00) 1432(0.00) 1433(0.00) 1434(0.00) 1458(0.00) 1435(0.00) 1436(0.00) 1437(0.00) 1457(0.00) 1438(0.00) 1439(0.00) 1456(0.00) 1409(0.00) 1441(0.00) 1455(0.00) 1454(0.00) 1443(0.00) 1453(0.00) 1444(0.00) 1452(0.00) 1451(0.00) 1450(0.00) 1447(0.00) 1448(0.00) 1449(0.00) 1440(0.00) 1463(0.00) 1410(0.00) 1411(0.00) 1412(0.00) 1413(0.00) 1414(0.00) 1415(0.00) 1416(0.00) 1417(0.00) 1462(0.00) 1419(0.00) 1431(0.00) 1420(0.00) 1421(0.00) 1422(0.00) 1423(0.00) 1424(0.00) 1425(0.00) 1460(0.00) 1459(0.00) 1427(0.00) 1428(0.00) 1429(0.00) 1430(0.00) 1461(0.00) 1322(0.00) 1323(0.00) 1324(0.00) 1325(0.00) 3223(0.00) 1326(0.00) 3222(0.00) 1327(0.00) 3221(0.00) 1328(0.00) 1329(0.00) 1376(0.00) 1331(0.00) 3220(0.00) 1332(0.00) 3219(0.00) 1333(0.00) 1334(0.00) 3218(0.00) 1336(0.00) 1337(0.00) 1338(0.00) 1339(0.00) 1340(0.00) 1330(0.00) 1307(0.00) 1308(0.00) 3238(0.00) 1309(0.00) 1310(0.00) 3236(0.00) 1311(0.00) 1312(0.00) 1313(0.00) 3234(0.00) 3232(0.00) 1321(0.00) 3231(0.00) 1316(0.00) 1317(0.00) 3230(0.00) 3229(0.00) 3228(0.00) 1319(0.00) 1320(0.00) 3227(0.00) 3226(0.00) 3225(0.00) 3224(0.00) 1314(0.00) 1490(0.00) 1360(0.00) 1361(0.00) 1362(0.00) 1363(0.00) 1489(0.00) 1364(0.00) 1365(0.00) 1366(0.00) 1488(0.00) 1367(0.00) 3217(0.00) 1369(0.00) 1487(0.00) 1486(0.00) 1370(0.00) 1371(0.00) 1372(0.00) 1485(0.00) 1373(0.00) 1374(0.00) 1375(0.00) 1484(0.00) 1483(0.00) 1368(0.00) 1342(0.00) 1343(0.00) 1344(0.00) 1345(0.00) 1346(0.00) 1347(0.00) 1348(0.00) 3216(0.00) 3215(0.00) 3214(0.00) 3213(0.00) 1491(0.00) 3211(0.00) 1349(0.00) 1350(0.00) 1351(0.00) 3210(0.00) 1353(0.00) 1354(0.00) 1355(0.00) 3209(0.00) 1492(0.00) 1356(0.00) 1358(0.00) 3212(0.00) 797(0.00) 798(0.00) 799(0.00) 800(0.00) 801(0.00) 802(0.00) 803(0.00) 804(0.00) 805(0.00) 806(0.00) 807(0.00) 808(0.00) 809(0.00) 810(0.00) 811(0.00) 1118(0.00) 830(0.00) 828(0.00) 827(0.00) 826(0.00) 825(0.00) 824(0.00) 822(0.00) 812(0.00) 820(0.00) 819(0.00) 818(0.00) 817(0.00) 816(0.00) 815(0.00) 814(0.00) 813(0.00) 821(0.00) 753(0.00) 754(0.00) 755(0.00) 756(0.00) 757(0.00) 758(0.00) 759(0.00) 761(0.00) 763(0.00) 764(0.00) 765(0.00) 766(0.00) 769(0.00) 771(0.00) 772(0.00) 796(0.00) 795(0.00) 794(0.00) 793(0.00) 792(0.00) 789(0.00) 788(0.00) 787(0.00) 773(0.00) 785(0.00) 784(0.00) 783(0.00) 782(0.00) 780(0.00) 778(0.00) 777(0.00) 776(0.00) 786(0.00) 866(0.00) 867(0.00) 868(0.00) 869(0.00) 870(0.00) 871(0.00) 872(0.00) 873(0.00) 874(0.00) 875(0.00) 876(0.00) 878(0.00) 879(0.00) 880(0.00) 881(0.00) 831(0.00) 899(0.00) 898(0.00) 897(0.00) 896(0.00) 895(0.00) 894(0.00) 893(0.00) 882(0.00) 891(0.00) 890(0.00) 888(0.00) 887(0.00) 886(0.00) 885(0.00) 884(0.00) 883(0.00) 892(0.00) 847(0.00) 846(0.00) 845(0.00) 844(0.00) 843(0.00) 842(0.00) 841(0.00) 865(0.00) 839(0.00) 838(0.00) 837(0.00) 836(0.00) 835(0.00) 834(0.00) 833(0.00) 832(0.00) 840(0.00) 864(0.00) 863(0.00) 862(0.00) 861(0.00) 860(0.00) 859(0.00) 858(0.00) 848(0.00) 856(0.00) 855(0.00) 854(0.00) 853(0.00) 852(0.00) 851(0.00) 850(0.00) 849(0.00) 857(0.00) 269(0.00) 270(0.00) 272(0.00) 273(0.00) 274(0.00) 275(0.00) 277(0.00) 278(0.00) 279(0.00) 280(0.00) 281(0.00) 282(0.00) 283(0.00) 284(0.00) 285(0.00) 752(0.00) 303(0.00) 302(0.00) 301(0.00) 300(0.00) 299(0.00) 298(0.00) 297(0.00) 286(0.00) 295(0.00) 294(0.00) 292(0.00) 291(0.00) 290(0.00) 289(0.00) 288(0.00) 287(0.00) 296(0.00) 230(0.00) 232(0.00) 233(0.00) 234(0.00) 235(0.00) 236(0.00) 238(0.00) 240(0.00) 242(0.00) 243(0.00) 244(0.00) 246(0.00) 247(0.00) 248(0.00) 249(0.00) 268(0.00) 267(0.00) 266(0.00) 265(0.00) 263(0.00) 262(0.00) 261(0.00) 260(0.00) 250(0.00) 258(0.00) 257(0.00) 256(0.00) 255(0.00) 254(0.00) 253(0.00) 252(0.00) 251(0.00) 259(0.00) 716(0.00) 717(0.00) 718(0.00) 719(0.00) 720(0.00) 721(0.00) 722(0.00) 723(0.00) 724(0.00) 725(0.00) 726(0.00) 727(0.00) 728(0.00) 730(0.00) 731(0.00) 304(0.00) 751(0.00) 750(0.00) 749(0.00) 748(0.00) 747(0.00) 746(0.00) 745(0.00) 732(0.00) 742(0.00) 741(0.00) 740(0.00) 739(0.00) 738(0.00) 737(0.00) 735(0.00) 733(0.00) 744(0.00) 323(0.00) 322(0.00) 321(0.00) 320(0.00) 319(0.00) 318(0.00) 317(0.00) 715(0.00) 315(0.00) 314(0.00) 313(0.00) 311(0.00) 310(0.00) 309(0.00) 308(0.00) 305(0.00) 316(0.00) 714(0.00) 713(0.00) 712(0.00) 711(0.00) 710(0.00) 709(0.00) 336(0.00) 324(0.00) 334(0.00) 333(0.00) 332(0.00) 331(0.00) 330(0.00) 329(0.00) 327(0.00) 326(0.00) 335(0.00) 1091(0.00) 1092(0.00) 1093(0.00) 1094(0.00) 1095(0.00) 1096(0.00) 1097(0.00) 1098(0.00) 1099(0.00) 1100(0.00) 1101(0.00) 1103(0.00) 1104(0.00) 1105(0.00) 1106(0.00) 900(0.00) 1126(0.00) 1125(0.00) 1124(0.00) 1123(0.00) 1122(0.00) 1121(0.00) 1120(0.00) 1107(0.00) 1117(0.00) 1116(0.00) 1115(0.00) 1114(0.00) 1112(0.00) 1111(0.00) 1109(0.00) 1108(0.00) 3299(0.00) 1055(0.00) 1056(0.00) 1057(0.00) 1058(0.00) 1059(0.00) 1060(0.00) 1061(0.00) 1062(0.00) 1063(0.00) 1064(0.00) 1065(0.00) 1066(0.00) 1067(0.00) 1068(0.00) 1069(0.00) 1090(0.00) 1089(0.00) 1088(0.00) 1087(0.00) 1086(0.00) 1085(0.00) 1084(0.00) 1083(0.00) 1071(0.00) 1081(0.00) 1080(0.00) 1079(0.00) 1078(0.00) 1076(0.00) 1075(0.00) 1074(0.00) 1073(0.00) 1082(0.00) 1163(0.00) 1164(0.00) 1165(0.00) 1166(0.00) 1167(0.00) 1168(0.00) 1169(0.00) 1170(0.00) 1171(0.00) 1172(0.00) 1173(0.00) 1174(0.00) 1175(0.00) 1176(0.00) 1177(0.00) 1127(0.00) 1195(0.00) 1194(0.00) 1193(0.00) 1192(0.00) 1191(0.00) 1190(0.00) 1189(0.00) 1178(0.00) 1187(0.00) 1186(0.00) 1184(0.00) 1183(0.00) 1182(0.00) 1181(0.00) 1180(0.00) 1179(0.00) 1188(0.00) 1144(0.00) 1143(0.00) 1142(0.00) 1141(0.00) 1140(0.00) 1139(0.00) 1138(0.00) 1162(0.00) 1136(0.00) 1134(0.00) 1133(0.00) 1132(0.00) 1131(0.00) 1130(0.00) 1129(0.00) 1128(0.00) 1137(0.00) 1161(0.00) 1160(0.00) 1159(0.00) 1158(0.00) 1157(0.00) 1156(0.00) 1155(0.00) 1145(0.00) 1153(0.00) 1152(0.00) 1151(0.00) 1150(0.00) 1149(0.00) 1148(0.00) 1147(0.00) 1146(0.00) 1154(0.00) 935(0.00) 936(0.00) 937(0.00) 939(0.00) 940(0.00) 941(0.00) 942(0.00) 943(0.00) 944(0.00) 945(0.00) 946(0.00) 947(0.00) 948(0.00) 949(0.00) 950(0.00) 1053(0.00) 972(0.00) 971(0.00) 970(0.00) 969(0.00) 968(0.00) 966(0.00) 965(0.00) 951(0.00) 961(0.00) 960(0.00) 959(0.00) 958(0.00) 957(0.00) 956(0.00) 955(0.00) 954(0.00) 963(0.00) 901(0.00) 902(0.00) 903(0.00) 904(0.00) 905(0.00) 906(0.00) 907(0.00) 908(0.00) 909(0.00) 910(0.00) 911(0.00) 912(0.00) 913(0.00) 914(0.00) 915(0.00) 934(0.00) 933(0.00) 932(0.00) 931(0.00) 930(0.00) 929(0.00) 928(0.00) 927(0.00) 917(0.00) 925(0.00) 924(0.00) 923(0.00) 922(0.00) 921(0.00) 920(0.00) 919(0.00) 918(0.00) 926(0.00) 1017(0.00) 1018(0.00) 1019(0.00) 1020(0.00) 1021(0.00) 1022(0.00) 1023(0.00) 1025(0.00) 1026(0.00) 1027(0.00) 1028(0.00) 1029(0.00) 1030(0.00) 1031(0.00) 1032(0.00) 973(0.00) 1052(0.00) 1051(0.00) 1049(0.00) 1048(0.00) 1047(0.00) 1046(0.00) 1045(0.00) 1033(0.00) 1042(0.00) 1041(0.00) 1040(0.00) 1039(0.00) 1038(0.00) 1036(0.00) 1035(0.00) 1034(0.00) 1043(0.00) 992(0.00) 991(0.00) 989(0.00) 988(0.00) 987(0.00) 984(0.00) 983(0.00) 1016(0.00) 981(0.00) 980(0.00) 979(0.00) 978(0.00) 977(0.00) 976(0.00) 975(0.00) 974(0.00) 982(0.00) 1015(0.00) 1014(0.00) 1013(0.00) 1012(0.00) 1011(0.00) 1010(0.00) 1008(0.00) 993(0.00) 1006(0.00) 1004(0.00) 1001(0.00) 1000(0.00) 999(0.00) 998(0.00) 997(0.00) 995(0.00) 1007(0.00) 4065(0.00) 4066(0.00) 4067(0.00) 4068(0.00) 4069(0.00) 4071(0.00) 4072(0.00) 4073(0.00) 4075(0.00) 4076(0.00) 4077(0.00) 4078(0.00) 4079(0.00) 4080(0.00) 4081(0.00) 3391(0.00) 4101(0.00) 4100(0.00) 4098(0.00) 4097(0.00) 4096(0.00) 4095(0.00) 4094(0.00) 4082(0.00) 4091(0.00) 4090(0.00) 4089(0.00) 4088(0.00) 4087(0.00) 4086(0.00) 4085(0.00) 4083(0.00) 4093(0.00) 4027(0.00) 4028(0.00) 4029(0.00) 4030(0.00) 4031(0.00) 4032(0.00) 4033(0.00) 4034(0.00) 4036(0.00) 4037(0.00) 4040(0.00) 4041(0.00) 4043(0.00) 4044(0.00) 4045(0.00) 4064(0.00) 4062(0.00) 4061(0.00) 4060(0.00) 4059(0.00) 4058(0.00) 4057(0.00) 4056(0.00) 4046(0.00) 4054(0.00) 4053(0.00) 4052(0.00) 4051(0.00) 4050(0.00) 4049(0.00) 4048(0.00) 4047(0.00) 4055(0.00) 4142(0.00) 4143(0.00) 4145(0.00) 4146(0.00) 4147(0.00) 4149(0.00) 4150(0.00) 4151(0.00) 4152(0.00) 4153(0.00) 4154(0.00) 4155(0.00) 4156(0.00) 4157(0.00) 4158(0.00) 4102(0.00) 4175(0.00) 4174(0.00) 4173(0.00) 4172(0.00) 4171(0.00) 4170(0.00) 4169(0.00) 4159(0.00) 4167(0.00) 4166(0.00) 4165(0.00) 4164(0.00) 4163(0.00) 4162(0.00) 4161(0.00) 4160(0.00) 4168(0.00) 4103(0.00) 4104(0.00) 4105(0.00) 4106(0.00) 4107(0.00) 4108(0.00) 4109(0.00) 4110(0.00) 4111(0.00) 4112(0.00) 4113(0.00) 4114(0.00) 4115(0.00) 4116(0.00) 4117(0.00) 4141(0.00) 4140(0.00) 4139(0.00) 4136(0.00) 4135(0.00) 4134(0.00) 4133(0.00) 4130(0.00) 4119(0.00) 4128(0.00) 4126(0.00) 4125(0.00) 4124(0.00) 4123(0.00) 4122(0.00) 4121(0.00) 4120(0.00) 4129(0.00) 3923(0.00) 3924(0.00) 3926(0.00) 3927(0.00) 3928(0.00) 3929(0.00) 3930(0.00) 3931(0.00) 3932(0.00) 3933(0.00) 3934(0.00) 3935(0.00) 3936(0.00) 3937(0.00) 3938(0.00) 4026(0.00) 3956(0.00) 3955(0.00) 3954(0.00) 3953(0.00) 3952(0.00) 3950(0.00) 3949(0.00) 3939(0.00) 3947(0.00) 3946(0.00) 3945(0.00) 3944(0.00) 3943(0.00) 3942(0.00) 3941(0.00) 3940(0.00) 3948(0.00) 3888(0.00) 3889(0.00) 3890(0.00) 3891(0.00) 3892(0.00) 3893(0.00) 3894(0.00) 3895(0.00) 3896(0.00) 3897(0.00) 3898(0.00) 3900(0.00) 3901(0.00) 3902(0.00) 3903(0.00) 3922(0.00) 3921(0.00) 3920(0.00) 3919(0.00) 3918(0.00) 3917(0.00) 3916(0.00) 3915(0.00) 3904(0.00) 3913(0.00) 3912(0.00) 3911(0.00) 3910(0.00) 3909(0.00) 3908(0.00) 3907(0.00) 3905(0.00) 3914(0.00) 3993(0.00) 3994(0.00) 3995(0.00) 3996(0.00) 3997(0.00) 3998(0.00) 3999(0.00) 4000(0.00) 4001(0.00) 4002(0.00) 4003(0.00) 4004(0.00) 4005(0.00) 4006(0.00) 4007(0.00) 3957(0.00) 4025(0.00) 4024(0.00) 4023(0.00) 4022(0.00) 4021(0.00) 4020(0.00) 4019(0.00) 4008(0.00) 4017(0.00) 4016(0.00) 4015(0.00) 4014(0.00) 4012(0.00) 4011(0.00) 4010(0.00) 4009(0.00) 4018(0.00) 3958(0.00) 3959(0.00) 3960(0.00) 3961(0.00) 3962(0.00) 3963(0.00) 3964(0.00) 3965(0.00) 3966(0.00) 3967(0.00) 3968(0.00) 3969(0.00) 3970(0.00) 3971(0.00) 3972(0.00) 3992(0.00) 3991(0.00) 3990(0.00) 3989(0.00) 3988(0.00) 3987(0.00) 3986(0.00) 3985(0.00) 3973(0.00) 3983(0.00) 3981(0.00) 3980(0.00) 3978(0.00) 3977(0.00) 3976(0.00) 3975(0.00) 3974(0.00) 3984(0.00) 4355(0.00) 4356(0.00) 4357(0.00) 4358(0.00) 4360(0.00) 4361(0.00) 4362(0.00) 4363(0.00) 4365(0.00) 4366(0.00) 4368(0.00) 4369(0.00) 4370(0.00) 4371(0.00) 4372(0.00) 4176(0.00) 4394(0.00) 4393(0.00) 4392(0.00) 4391(0.00) 4389(0.00) 4388(0.00) 4386(0.00) 4374(0.00) 4384(0.00) 4383(0.00) 4382(0.00) 4380(0.00) 4379(0.00) 4378(0.00) 4376(0.00) 4375(0.00) 4385(0.00) 4320(0.00) 4321(0.00) 4322(0.00) 4323(0.00) 4324(0.00) 4325(0.00) 4326(0.00) 4327(0.00) 4328(0.00) 4329(0.00) 4330(0.00) 4331(0.00) 4332(0.00) 4333(0.00) 4334(0.00) 4354(0.00) 4353(0.00) 4352(0.00) 4351(0.00) 4350(0.00) 4349(0.00) 4348(0.00) 4347(0.00) 4335(0.00) 4345(0.00) 4344(0.00) 4343(0.00) 4342(0.00) 4340(0.00) 4339(0.00) 4337(0.00) 4336(0.00) 4346(0.00) 4429(0.00) 4430(0.00) 4431(0.00) 4432(0.00) 4433(0.00) 4434(0.00) 4435(0.00) 4436(0.00) 4437(0.00) 4438(0.00) 4439(0.00) 4440(0.00) 4441(0.00) 4442(0.00) 4443(0.00) 4395(0.00) 4460(0.00) 4459(0.00) 4458(0.00) 4457(0.00) 4456(0.00) 4455(0.00) 4454(0.00) 4444(0.00) 4452(0.00) 4451(0.00) 4450(0.00) 4449(0.00) 4448(0.00) 4447(0.00) 4446(0.00) 4445(0.00) 4453(0.00) 4396(0.00) 4397(0.00) 4398(0.00) 4399(0.00) 4400(0.00) 4401(0.00) 4402(0.00) 4403(0.00) 4404(0.00) 4405(0.00) 4406(0.00) 4407(0.00) 4408(0.00) 4409(0.00) 4410(0.00) 4428(0.00) 4427(0.00) 4426(0.00) 4425(0.00) 4424(0.00) 4423(0.00) 4422(0.00) 4421(0.00) 4411(0.00) 4419(0.00) 4418(0.00) 4417(0.00) 4416(0.00) 4415(0.00) 4414(0.00) 4413(0.00) 4412(0.00) 4420(0.00) 4212(0.00) 4213(0.00) 4214(0.00) 4215(0.00) 4216(0.00) 4217(0.00) 4218(0.00) 4220(0.00) 4221(0.00) 4222(0.00) 4223(0.00) 4224(0.00) 4225(0.00) 4226(0.00) 4227(0.00) 4319(0.00) 4244(0.00) 4243(0.00) 4242(0.00) 4241(0.00) 4240(0.00) 4239(0.00) 4238(0.00) 4228(0.00) 4236(0.00) 4235(0.00) 4234(0.00) 4233(0.00) 4232(0.00) 4231(0.00) 4230(0.00) 4229(0.00) 4237(0.00) 4177(0.00) 4178(0.00) 4179(0.00) 4180(0.00) 4181(0.00) 4182(0.00) 4183(0.00) 4184(0.00) 4185(0.00) 4186(0.00) 4187(0.00) 4188(0.00) 4189(0.00) 4190(0.00) 4191(0.00) 4211(0.00) 4210(0.00) 4209(0.00) 4208(0.00) 4207(0.00) 4205(0.00) 4204(0.00) 4203(0.00) 4192(0.00) 4201(0.00) 4199(0.00) 4198(0.00) 4197(0.00) 4196(0.00) 4195(0.00) 4194(0.00) 4193(0.00) 4202(0.00) 4285(0.00) 4287(0.00) 4288(0.00) 4289(0.00) 4290(0.00) 4291(0.00) 4292(0.00) 4293(0.00) 4295(0.00) 4296(0.00) 4297(0.00) 4298(0.00) 4299(0.00) 4300(0.00) 4301(0.00) 4245(0.00) 4318(0.00) 4317(0.00) 4316(0.00) 4315(0.00) 4314(0.00) 4313(0.00) 4312(0.00) 4302(0.00) 4310(0.00) 4309(0.00) 4308(0.00) 4307(0.00) 4306(0.00) 4305(0.00) 4304(0.00) 4303(0.00) 4311(0.00) 4246(0.00) 4247(0.00) 4248(0.00) 4249(0.00) 4250(0.00) 4251(0.00) 4253(0.00) 4255(0.00) 4256(0.00) 4257(0.00) 4258(0.00) 4260(0.00) 4261(0.00) 4262(0.00) 4263(0.00) 4282(0.00) 4281(0.00) 4280(0.00) 4279(0.00) 4278(0.00) 4277(0.00) 4276(0.00) 4275(0.00) 4264(0.00) 4273(0.00) 4272(0.00) 4271(0.00) 4270(0.00) 4269(0.00) 


Filtered 1784 locations: 681 4338 1070 3135 729 1352 241 707 138 4283 306 2818 775 1729 1135 2474 1968 3104 774 1335 1359 1318 271 143 135 293 1024 1050 3535 3550 762 245 145 1394 4359 1037 994 221 3552 3567 4341 4367 3431 3387 3539 3558 4038 4039 964 2921 2273 3486 3466 1849 2762 962 743 2131 1797 2156 2769 3414 4294 953 952 476 3029 3047 823 2706 1009 3632 1789 2712 2938 1446 1005 1651 1800 829 2726 4013 4206 1445 1341 1855 2924 2064 1442 1003 2192 1826 4144 1809 1825 4259 916 2827 2227 1721 3982 4131 3532 781 1821 2837 2839 889 146 2210 1470 4137 3582 2083 2084 4219 4070 4074 3575 3016 3492 3571 770 760 4084 2177 2811 1747 1831 447 4092 767 768 4148 2899 2422 184 2418 3862 2416 3155 2569 3728 3271 1248 276 654 2372 1113 1911 2594 1261 3262 3261 2610 3906 3698 2618 3258 2005 3694 1574 231 1500 2499 2503 3769 3306 237 1957 1211 3292 3190 3290 264 1541 3752 3831 200 2442 2537 2540 195 2434 3847 3277 2554 1923 3822 2018 3686 2638 3925 2359 1894 3359 1610 2350 3673 1072 602 3951 4373 3356 3249 1872 4200 1077 1642 1641 3690 1640 3665 3079 3237 328 2010 2325 1897 325 2678 3380 2625 3138 2996 1853 2463 1315 4063 1418 1102 199 4132 2566 1846 2900 3463 3635 2374 3328 3548 2343 212 1798 3445 996 4377 1044 2034 1983 201 3268 239 3028 4042 3235 3811 307 3711 986 4286 3603 3308 938 2408 3740 734 4267 3121 4118 4284 1110 208 1300 1947 3791 2052 4364 2506 4387 1681 3899 2605 1996 2592 3720 1713 877 790 791 985 1294 3979 3233 1648 2049 1840 312 1881 1762 353 990 1886 2118 2866 2390 1054 967 3642 1002 2143 779 4127 137 2823 1818 2397 2393 2710 3331 3019 1874 2063 3536 1119 185 2816 1741 3372 1615 3542 4138 4254 3475 1993 3652 2821 1520 3750 4099 4252 125 2682 1377 178 1581 3273 1357 3613 1665 1633 3808 2452 1807 1283 1919 1426 2414 2444 2440 361 1496 2652 4035 4381 2206 2401 2684 3413 3589 736 1185 3724 4390 171 3247 1280 3250 1199 1281 3296 1282 3295 3248 3294 1284 1272 1273 3257 3256 1274 1212 3255 3293 1210 1276 3254 3253 1277 1278 1279 3252 3251 1198 1275 3243 3242 1295 1296 3241 1204 1297 1203 1298 3291 1196 1201 1299 3240 1301 1200 1302 1303 1304 1202 1285 1286 3246 1287 1288 1289 1290 3245 3244 1205 3297 1208 1291 3298 3239 1292 1207 1206 1305 1293 1209 1243 3283 1244 3274 1245 1228 1227 3284 1246 1306 3285 3286 3272 1247 3270 1225 1249 3269 1250 1226 1234 1235 1233 3279 3278 1232 3280 1236 1237 1242 1238 3281 1239 3282 1230 3276 1240 1241 1229 3275 1231 1259 1216 1215 1260 3263 1262 1263 1214 1213 1224 1264 1265 1266 1267 1268 1269 3260 1270 3259 1271 3289 1223 1251 1222 1252 1221 3267 1253 3266 1254 3264 1255 1256 3288 1257 1258 3265 1220 1219 1218 1217 3287 1393 1472 1471 1395 1396 1469 1397 1398 1468 1399 1467 1197 1400 1401 1402 1403 1465 1404 1405 1406 1464 1407 1408 1466 1378 1379 1482 1380 1481 1480 1381 1382 1479 1478 1383 1392 1385 1477 1476 1386 1387 1475 1388 1389 1474 1390 1473 1391 1384 1432 1433 1434 1458 1435 1436 1437 1457 1438 1439 1456 1409 1441 1455 1454 1443 1453 1444 1452 1451 1450 1447 1448 1449 1440 1463 1410 1411 1412 1413 1414 1415 1416 1417 1462 1419 1431 1420 1421 1422 1423 1424 1425 1460 1459 1427 1428 1429 1430 1461 1322 1323 1324 1325 3223 1326 3222 1327 3221 1328 1329 1376 1331 3220 1332 3219 1333 1334 3218 1336 1337 1338 1339 1340 1330 1307 1308 3238 1309 1310 3236 1311 1312 1313 3234 3232 1321 3231 1316 1317 3230 3229 3228 1319 1320 3227 3226 3225 3224 1314 1490 1360 1361 1362 1363 1489 1364 1365 1366 1488 1367 3217 1369 1487 1486 1370 1371 1372 1485 1373 1374 1375 1484 1483 1368 1342 1343 1344 1345 1346 1347 1348 3216 3215 3214 3213 1491 3211 1349 1350 1351 3210 1353 1354 1355 3209 1492 1356 1358 3212 797 798 799 800 801 802 803 804 805 806 807 808 809 810 811 1118 830 828 827 826 825 824 822 812 820 819 818 817 816 815 814 813 821 753 754 755 756 757 758 759 761 763 764 765 766 769 771 772 796 795 794 793 792 789 788 787 773 785 784 783 782 780 778 777 776 786 866 867 868 869 870 871 872 873 874 875 876 878 879 880 881 831 899 898 897 896 895 894 893 882 891 890 888 887 886 885 884 883 892 847 846 845 844 843 842 841 865 839 838 837 836 835 834 833 832 840 864 863 862 861 860 859 858 848 856 855 854 853 852 851 850 849 857 269 270 272 273 274 275 277 278 279 280 281 282 283 284 285 752 303 302 301 300 299 298 297 286 295 294 292 291 290 289 288 287 296 230 232 233 234 235 236 238 240 242 243 244 246 247 248 249 268 267 266 265 263 262 261 260 250 258 257 256 255 254 253 252 251 259 716 717 718 719 720 721 722 723 724 725 726 727 728 730 731 304 751 750 749 748 747 746 745 732 742 741 740 739 738 737 735 733 744 323 322 321 320 319 318 317 715 315 314 313 311 310 309 308 305 316 714 713 712 711 710 709 336 324 334 333 332 331 330 329 327 326 335 1091 1092 1093 1094 1095 1096 1097 1098 1099 1100 1101 1103 1104 1105 1106 900 1126 1125 1124 1123 1122 1121 1120 1107 1117 1116 1115 1114 1112 1111 1109 1108 3299 1055 1056 1057 1058 1059 1060 1061 1062 1063 1064 1065 1066 1067 1068 1069 1090 1089 1088 1087 1086 1085 1084 1083 1071 1081 1080 1079 1078 1076 1075 1074 1073 1082 1163 1164 1165 1166 1167 1168 1169 1170 1171 1172 1173 1174 1175 1176 1177 1127 1195 1194 1193 1192 1191 1190 1189 1178 1187 1186 1184 1183 1182 1181 1180 1179 1188 1144 1143 1142 1141 1140 1139 1138 1162 1136 1134 1133 1132 1131 1130 1129 1128 1137 1161 1160 1159 1158 1157 1156 1155 1145 1153 1152 1151 1150 1149 1148 1147 1146 1154 935 936 937 939 940 941 942 943 944 945 946 947 948 949 950 1053 972 971 970 969 968 966 965 951 961 960 959 958 957 956 955 954 963 901 902 903 904 905 906 907 908 909 910 911 912 913 914 915 934 933 932 931 930 929 928 927 917 925 924 923 922 921 920 919 918 926 1017 1018 1019 1020 1021 1022 1023 1025 1026 1027 1028 1029 1030 1031 1032 973 1052 1051 1049 1048 1047 1046 1045 1033 1042 1041 1040 1039 1038 1036 1035 1034 1043 992 991 989 988 987 984 983 1016 981 980 979 978 977 976 975 974 982 1015 1014 1013 1012 1011 1010 1008 993 1006 1004 1001 1000 999 998 997 995 1007 4065 4066 4067 4068 4069 4071 4072 4073 4075 4076 4077 4078 4079 4080 4081 3391 4101 4100 4098 4097 4096 4095 4094 4082 4091 4090 4089 4088 4087 4086 4085 4083 4093 4027 4028 4029 4030 4031 4032 4033 4034 4036 4037 4040 4041 4043 4044 4045 4064 4062 4061 4060 4059 4058 4057 4056 4046 4054 4053 4052 4051 4050 4049 4048 4047 4055 4142 4143 4145 4146 4147 4149 4150 4151 4152 4153 4154 4155 4156 4157 4158 4102 4175 4174 4173 4172 4171 4170 4169 4159 4167 4166 4165 4164 4163 4162 4161 4160 4168 4103 4104 4105 4106 4107 4108 4109 4110 4111 4112 4113 4114 4115 4116 4117 4141 4140 4139 4136 4135 4134 4133 4130 4119 4128 4126 4125 4124 4123 4122 4121 4120 4129 3923 3924 3926 3927 3928 3929 3930 3931 3932 3933 3934 3935 3936 3937 3938 4026 3956 3955 3954 3953 3952 3950 3949 3939 3947 3946 3945 3944 3943 3942 3941 3940 3948 3888 3889 3890 3891 3892 3893 3894 3895 3896 3897 3898 3900 3901 3902 3903 3922 3921 3920 3919 3918 3917 3916 3915 3904 3913 3912 3911 3910 3909 3908 3907 3905 3914 3993 3994 3995 3996 3997 3998 3999 4000 4001 4002 4003 4004 4005 4006 4007 3957 4025 4024 4023 4022 4021 4020 4019 4008 4017 4016 4015 4014 4012 4011 4010 4009 4018 3958 3959 3960 3961 3962 3963 3964 3965 3966 3967 3968 3969 3970 3971 3972 3992 3991 3990 3989 3988 3987 3986 3985 3973 3983 3981 3980 3978 3977 3976 3975 3974 3984 4355 4356 4357 4358 4360 4361 4362 4363 4365 4366 4368 4369 4370 4371 4372 4176 4394 4393 4392 4391 4389 4388 4386 4374 4384 4383 4382 4380 4379 4378 4376 4375 4385 4320 4321 4322 4323 4324 4325 4326 4327 4328 4329 4330 4331 4332 4333 4334 4354 4353 4352 4351 4350 4349 4348 4347 4335 4345 4344 4343 4342 4340 4339 4337 4336 4346 4429 4430 4431 4432 4433 4434 4435 4436 4437 4438 4439 4440 4441 4442 4443 4395 4460 4459 4458 4457 4456 4455 4454 4444 4452 4451 4450 4449 4448 4447 4446 4445 4453 4396 4397 4398 4399 4400 4401 4402 4403 4404 4405 4406 4407 4408 4409 4410 4428 4427 4426 4425 4424 4423 4422 4421 4411 4419 4418 4417 4416 4415 4414 4413 4412 4420 4212 4213 4214 4215 4216 4217 4218 4220 4221 4222 4223 4224 4225 4226 4227 4319 4244 4243 4242 4241 4240 4239 4238 4228 4236 4235 4234 4233 4232 4231 4230 4229 4237 4177 4178 4179 4180 4181 4182 4183 4184 4185 4186 4187 4188 4189 4190 4191 4211 4210 4209 4208 4207 4205 4204 4203 4192 4201 4199 4198 4197 4196 4195 4194 4193 4202 4285 4287 4288 4289 4290 4291 4292 4293 4295 4296 4297 4298 4299 4300 4301 4245 4318 4317 4316 4315 4314 4313 4312 4302 4310 4309 4308 4307 4306 4305 4304 4303 4311 4246 4247 4248 4249 4250 4251 4253 4255 4256 4257 4258 4260 4261 4262 4263 4282 4281 4280 4279 4278 4277 4276 4275 4264 4273 4272 4271 4270 4269 

Extracted 0 prioritized locations: 

Final instance parameters:
loc_max_id: 4461
loc_cnt: 1784
service: fnl4461_0020
cust_max_id: 4461
cust_cnt: 4461
unweighted obj function
p: 20
total_demand: 224395.00
threshold_dist: 840.04



-------------------------------------------------
Final Problem RSSV heuristic
-------------------------------------------------
    RSSV_EXACT_CPMP_BIN
-------------------------------------------------
Gap Cplex Reports: gap_Bin_service_fnl4461_0020_p_20_RSSV_EXACT_CPMP_BIN.csv
[CALLBACK] Generating reports cplex callbacks...
[CALLBACK] Using BreakCallback...
Time Limit with not improving 1.00% (gap): 300.00 seconds
Time Limit with Gap less than 1%: 180.00 seconds
Default row names c1, c2 ... being created.
Version identifier: 22.1.1.0 | 2022-11-28 | 9160aff4d
CPXPARAM_TimeLimit                               2100
Legacy callback                                  i
Tried aggregator 1 time.
Presolve has eliminated 6779782 rows and 6779782 columns...
MIP Presolve eliminated 6779782 rows and 6779782 columns.
MIP Presolve modified 7 coefficients.
Reduced MIP has 6246 rows, 1180426 columns, and 2360852 nonzeros.
Reduced MIP has 1180426 binaries, 0 generals, 0 SOSs, and 0 indicators.
Presolve time = 45.39 sec. (13713.06 ticks)
Tried aggregator 1 time.
Detecting symmetries...
Reduced MIP has 6246 rows, 1180426 columns, and 2360852 nonzeros.
Reduced MIP has 1180426 binaries, 0 generals, 0 SOSs, and 0 indicators.
Presolve time = 8.93 sec. (2463.70 ticks)
Probing time = 5.64 sec. (245.84 ticks)
Clique table members: 1183103.
MIP emphasis: balance optimality and feasibility.
MIP search method: dynamic search.
Parallel mode: deterministic, using up to 32 threads.
Root relaxation solution time = 8.65 sec. (1095.39 ticks)

        Nodes                                         Cuts/
   Node  Left     Objective  IInf  Best Integer    Best Bound    ItCnt     Gap

      0     0   290665.8693  1780                 290665.8693     1794         
Time: 162.12 seconds
MIP Gap: 999999999999999926539781176481198923508803215199467887262646419780362305536.00
Nodes: 0
Best Objective: 290665.869288253306877
Incumbent Obj:  999999999999999926539781176481198923508803215199467887262646419780362305536.000000000000000
*     0+    0                      1638425.3865   290665.8693            82.26%
*     0+    0                      1638359.4182   290665.8693            82.26%
Time: 207.583823919296265 seconds
MIP Gap: 0.822587238146680
Nodes: 0
Best Objective: 290665.869288253306877
Incumbent Obj:  1638359.418183046625927
      0     0   370172.8930  3483  1638359.4182    Cuts: 1661     6138   77.41%
Time: 262.941949129104614 seconds
MIP Gap: 0.774058800011883
Nodes: 0
Best Objective: 370172.892956110474188
Incumbent Obj:  1638359.418183046625927
      0     0   419454.1293  5438  1638359.4182    Cuts: 1661    10753   74.40%
Time: 326.727392911911011 seconds
MIP Gap: 0.743979175340456
Nodes: 0
Best Objective: 419454.129331954696681
Incumbent Obj:  1638359.418183046625927
      0     0   458122.5790  7054  1638359.4182    Cuts: 1661    15432   72.04%
Time: 510.182439088821411 seconds
MIP Gap: 0.720377242073208
Nodes: 0
Best Objective: 458122.578987677756231
Incumbent Obj:  1638359.418183046625927
      0     0   491161.9911  8355  1638359.4182    Cuts: 1661    20039   70.02%
Time: 563.124212980270386 seconds
MIP Gap: 0.700211085772419
Nodes: 0
Best Objective: 491161.991091626638081
Incumbent Obj:  1638359.418183046625927
      0     0   517719.4862  9672  1638359.4182    Cuts: 1661    25175   68.40%
Detecting symmetries...
Time: 660.723030090332031 seconds
MIP Gap: 0.684001275663056
Nodes: 0
Best Objective: 517719.486151260847691
Incumbent Obj:  1638359.418183046625927
      0     0   541783.3845 11068  1638359.4182    Cuts: 1661    30439   66.93%
Time: 758.560871124267578 seconds
MIP Gap: 0.669313473907431
Nodes: 0
Best Objective: 541783.384489994496107
Incumbent Obj:  1638359.418183046625927
      0     0   563304.9479 12123  1638359.4182    Cuts: 1661    35913   65.62%
Time: 889.681903123855591 seconds
MIP Gap: 0.656177428712065
Nodes: 0
Best Objective: 563304.947853500954807
Incumbent Obj:  1638359.418183046625927
      0     0   582878.3001 13271  1638359.4182    Cuts: 1661    41714   64.42%
Time: 1016.875965118408203 seconds
MIP Gap: 0.644230506699038
Nodes: 0
Best Objective: 582878.300051841419190
Incumbent Obj:  1638359.418183046625927
      0     0   601786.9365 14400  1638359.4182    Cuts: 1661    48086   63.27%
Time: 1161.205529928207397 seconds
MIP Gap: 0.632689305018328
Nodes: 0
Best Objective: 601786.936522582313046
Incumbent Obj:  1638359.418183046625927
      0     0   618879.4027 15624  1638359.4182    Cuts: 1661    54553   62.23%
Time: 1418.682699918746948 seconds
MIP Gap: 0.622256633164271
Nodes: 0
Best Objective: 618879.402711489936337
Incumbent Obj:  1638359.418183046625927
      0     0   635372.5279 16701  1638359.4182    Cuts: 1661    60914   61.22%
Time: 1758.959523916244507 seconds
MIP Gap: 0.612189779064208
Nodes: 0
Best Objective: 635372.527937802951783
Incumbent Obj:  1638359.418183046625927
      0     0   651025.5535 17548  1638359.4182    Cuts: 1661    67461   60.26%
Time: 2025.527364015579224 seconds
MIP Gap: 0.602635693789498
Nodes: 0
Best Objective: 651025.553529748809524
Incumbent Obj:  1638359.418183046625927
      0     0   665804.1770 18668  1638359.4182    Cuts: 1661    74503   59.36%

Clique cuts applied:  4683
Cover cuts applied:  3900
Mixed integer rounding cuts applied:  9829
Zero-half cuts applied:  12

Root node processing (before b&c):
  Real time             = 2101.36 sec. (682664.30 ticks)
Parallel b&c, 32 threads:
  Real time             =    0.00 sec. (0.00 ticks)
  Sync time (average)   =    0.00 sec.
  Wait time (average)   =    0.00 sec.
                          ------------
Total (root+branch&cut) = 2101.36 sec. (682664.30 ticks)
[INFO] Saving variables cplex:
./outputs/solutions/2024-08-26_LIT/VarsValues_cplex/test_lit_fnl4461_0020_CPMP_Vars_Bin_p_20_RSSV_EXACT_CPMP_BIN.txt
[INFO] Saving results cplex: 
./outputs/solutions/2024-08-26_LIT/Results_cplex/test_lit_fnl4461_0020_Bin_RSSV_EXACT_CPMP_BIN.csv

Final solution CPMP:
p locations: 3391 3993 784 1007 2592 3229 138 3121 2418 3299 3272 793 1015 998 788 1000 999 4204 997 4216 
p size: 20
objective: 1638359.418183046625927
sum (dij * xij) 
demand/capacity: 224395.000000000000000/280500
Solution is Feasible
Statistics:
Max distance: 830.696093646768077
Min distance: 0.000000000000000
Avg distance: 367.262815104919639
Std deviation distance: 177.397387185231736


Final total elapsed time: 2486s
[INFO] Saving assignment: ./outputs/solutions/2024-08-26_LIT/Assignments/test_lit_fnl4461_0020_p_20_RSSV_EXACT_CPMP_BIN.txt
[INFO] Saving results: ./outputs/solutions/2024-08-26_LIT/test_lit_fnl4461_0020_results_RSSV_EXACT_CPMP_BIN.csv
[INFO] Saving all results: ./outputs/solutions/test_all_results.csv
Post Optimization: EXACT_CPMP_BIN


-------------------------------------------------
Post Optimization
-------------------------------------------------
method: EXACT_CPMP_BIN
-------------------------------------------------
Time for post-optimization: 1114.000000000000000s
PostOptimization constructor
p locations: 3391 3993 784 1007 2592 3229 138 3121 2418 3299 3272 793 1015 998 788 1000 999 4204 997 4216 
p size: 20
objective: 1638359.418183046625927
sum (dij * xij) 
demand/capacity: 224395.000000000000000/280500
Solution is Feasible
[INFO] Running post-optimization
Time limit: 1114.000000000000000
Max size of the neigh: 222
 ------------------------------------ 

Iteration Post-Optimization: 1
Size of neighborhood: 1
[INFO] Adding MIP start solution
Gap Cplex Reports: gap_Bin_service_fnl4461_0020_p_20_RSSV_POSTOPT.csv
[CALLBACK] Generating reports cplex callbacks...
Default row names c1, c2 ... being created.
Version identifier: 22.1.1.0 | 2022-11-28 | 9160aff4d
CPXPARAM_TimeLimit                               1114
CPXPARAM_MIP_Tolerances_LowerCutoff              665804.17700616154
Legacy callback                                  i
1 of 2 MIP starts provided solutions.
MIP start 'm1' defined initial solution with objective 1605251.4330.
Presolve has eliminated 16905168 rows and 16909589 columns...
Presolve has improved bounds 4421 times...
Tried aggregator 2 times.
MIP Presolve eliminated 16909631 rows and 19879345 columns.
MIP Presolve modified 39 coefficients.
Aggregator did 119 substitutions.
Reduced MIP has 4361 rows, 25518 columns, and 51072 nonzeros.
Reduced MIP has 25518 binaries, 0 generals, 0 SOSs, and 0 indicators.
Presolve time = 97.34 sec. (38066.15 ticks)
Tried aggregator 1 time.
Detecting symmetries...
Reduced MIP has 4361 rows, 25518 columns, and 51072 nonzeros.
Reduced MIP has 25518 binaries, 0 generals, 0 SOSs, and 0 indicators.
Presolve time = 0.11 sec. (34.27 ticks)
Probing time = 0.03 sec. (5.20 ticks)
Clique table members: 29008.
MIP emphasis: balance optimality and feasibility.
MIP search method: dynamic search.
Parallel mode: deterministic, using up to 32 threads.
Root relaxation solution time = 0.07 sec. (26.53 ticks)

        Nodes                                         Cuts/
   Node  Left     Objective  IInf  Best Integer    Best Bound    ItCnt     Gap

*     0+    0                      1605251.4330    81253.2673            94.94%
      0     0  1560742.3525    40  1605251.4330  1560742.3525      253    2.77%
Time: 326.744057893753052 seconds
MIP Gap: 0.027727170710851
Nodes: 0
Best Objective: 1560742.352494651684538
Incumbent Obj:  1605251.433011603076011
      0     0  1577728.4989  2337  1605251.4330    Cuts: 1190     1551    1.71%
*     0+    0                      1589201.6945  1577728.4989             0.72%
Time: 337.025554895401001 seconds
MIP Gap: 0.007219471014289
Nodes: 0
Best Objective: 1577728.498919268837199
Incumbent Obj:  1589201.694488488137722
      0     0  1585991.3083  3879  1589201.6945    Cuts: 1190     2877    0.20%
      0     0  1587455.8889  1660  1589201.6945    Cuts: 1001     3672    0.11%
*     0+    0                      1587604.5480  1587455.8889             0.01%

Clique cuts applied:  3036
Cover cuts applied:  36
Flow cuts applied:  9
Mixed integer rounding cuts applied:  53
Zero-half cuts applied:  4
Gomory fractional cuts applied:  13

Root node processing (before b&c):
  Real time             =  255.44 sec. (64988.44 ticks)
Parallel b&c, 32 threads:
  Real time             =    0.00 sec. (0.00 ticks)
  Sync time (average)   =    0.00 sec.
  Wait time (average)   =    0.00 sec.
                          ------------
Total (root+branch&cut) =  255.44 sec. (64988.44 ticks)
Post-Optimization Solution: 
p locations: 4216 4172 3391 2408 748 936 732 1055 3299 3993 145 1029 1015 1053 861 3229 1000 2554 3121 3318 
p size: 20
objective: 1587604.547973500797525
sum (dij * xij) 
demand/capacity: 224395.000000000000000/280500
Solution is Feasible
Comparing Best Bounds: 
Old Best Bound: 1587455.888904187362641
New Best Bound: 1587455.888904187362641
Time elapsed: 437.376641909000000s
Time remaining: 1114.000000000000000s
 ------------------------------------ 

Iteration Post-Optimization: 2
Size of neighborhood: 1
[INFO] Adding MIP start solution
Gap Cplex Reports: gap_Bin_service_fnl4461_0020_p_20_RSSV_POSTOPT.csv
[CALLBACK] Generating reports cplex callbacks...
Default row names c1, c2 ... being created.
Version identifier: 22.1.1.0 | 2022-11-28 | 9160aff4d
CPXPARAM_TimeLimit                               676.623358091
CPXPARAM_MIP_Tolerances_LowerCutoff              1587455.8889041874
Legacy callback                                  i
1 of 2 MIP starts provided solutions.
MIP start 'm1' defined initial solution with objective 1587557.3410.
Presolve has eliminated 16905168 rows and 16909589 columns...
Presolve has improved bounds 4421 times...
Tried aggregator 2 times.
MIP Presolve eliminated 16909629 rows and 19879302 columns.
MIP Presolve modified 39 coefficients.
Aggregator did 121 substitutions.
Reduced MIP has 4361 rows, 25559 columns, and 51154 nonzeros.
Reduced MIP has 25559 binaries, 0 generals, 0 SOSs, and 0 indicators.
Presolve time = 96.47 sec. (38066.21 ticks)
Tried aggregator 1 time.
Detecting symmetries...
Reduced MIP has 4361 rows, 25559 columns, and 51154 nonzeros.
Reduced MIP has 25559 binaries, 0 generals, 0 SOSs, and 0 indicators.
Presolve time = 0.11 sec. (34.31 ticks)
Probing time = 0.03 sec. (5.20 ticks)
Clique table members: 29049.
MIP emphasis: balance optimality and feasibility.
MIP search method: dynamic search.
Parallel mode: deterministic, using up to 32 threads.
Root relaxation solution time = 0.07 sec. (25.80 ticks)

        Nodes                                         Cuts/
   Node  Left     Objective  IInf  Best Integer    Best Bound    ItCnt     Gap

*     0+    0                      1587557.3410    81154.8109            94.89%
      0     0  1559421.4495    40  1587557.3410  1559421.4495      246    1.77%
Time: 334.917189121246338 seconds
MIP Gap: 0.017722756086221
Nodes: 0
Best Objective: 1559421.449485524557531
Incumbent Obj:  1587557.341013191267848
Time: 340.974117994308472 seconds
MIP Gap: 0.017722756086221
Nodes: 0
Best Objective: 1559421.449485524557531
Incumbent Obj:  1587557.341013191267848
      0     0  1574528.7690  2329  1587557.3410    Cuts: 1190     1558    0.82%
*     0+    0                      1585900.1672  1574528.7690             0.72%
Time: 346.703207015991211 seconds
MIP Gap: 0.007170311492697
Nodes: 0
Best Objective: 1574528.769038695609197
Incumbent Obj:  1585900.167234084568918
      0     0  1582553.4681  3978  1585900.1672    Cuts: 1190     2756    0.21%
      0     0  1584011.5638  1341  1585900.1672    Cuts: 1007     3551    0.12%
*     0+    0                      1584135.8034  1584011.5638             0.01%
*     0+    0                      1584129.3674  1584011.5638             0.01%

Clique cuts applied:  3057
Cover cuts applied:  35
Flow cuts applied:  9
Mixed integer rounding cuts applied:  65
Zero-half cuts applied:  6
Gomory fractional cuts applied:  14

Root node processing (before b&c):
  Real time             =  273.93 sec. (65184.21 ticks)
Parallel b&c, 32 threads:
  Real time             =    0.00 sec. (0.00 ticks)
  Sync time (average)   =    0.00 sec.
  Wait time (average)   =    0.00 sec.
                          ------------
Total (root+branch&cut) =  273.93 sec. (65184.21 ticks)
Post-Optimization Solution: 
p locations: 4216 4170 3391 2408 748 1088 936 732 1055 3299 3993 145 1029 1015 1000 2554 3121 861 3229 3318 
p size: 20
objective: 1584129.367382435593754
sum (dij * xij) 
demand/capacity: 224395.000000000000000/280500
Solution is Feasible
Comparing Best Bounds: 
Old Best Bound: 1584026.840846017701551
New Best Bound: 1584026.840846017701551
Time elapsed: 441.678411756000003s
Time remaining: 676.623358091000000s
 ------------------------------------ 

Iteration Post-Optimization: 3
Size of neighborhood: 1
[INFO] Adding MIP start solution
Gap Cplex Reports: gap_Bin_service_fnl4461_0020_p_20_RSSV_POSTOPT.csv
[CALLBACK] Generating reports cplex callbacks...
Default row names c1, c2 ... being created.
Version identifier: 22.1.1.0 | 2022-11-28 | 9160aff4d
CPXPARAM_TimeLimit                               234.944946335
CPXPARAM_MIP_Tolerances_LowerCutoff              1584026.8408460177
Legacy callback                                  i
1 of 2 MIP starts provided solutions.
MIP start 'm1' defined initial solution with objective 1584120.1003.
Presolve has eliminated 16905168 rows and 16909589 columns...
Presolve has improved bounds 4421 times...
Tried aggregator 2 times.
MIP Presolve eliminated 16909629 rows and 19879314 columns.
MIP Presolve modified 39 coefficients.
Aggregator did 121 substitutions.
Reduced MIP has 4361 rows, 25547 columns, and 51130 nonzeros.
Reduced MIP has 25547 binaries, 0 generals, 0 SOSs, and 0 indicators.
Presolve time = 100.77 sec. (38066.20 ticks)
Tried aggregator 1 time.
Detecting symmetries...
Reduced MIP has 4361 rows, 25547 columns, and 51130 nonzeros.
Reduced MIP has 25547 binaries, 0 generals, 0 SOSs, and 0 indicators.
Presolve time = 0.11 sec. (34.29 ticks)

Root node processing (before b&c):
  Real time             =  247.78 sec. (62490.46 ticks)
Parallel b&c, 32 threads:
  Real time             =    0.00 sec. (0.00 ticks)
  Sync time (average)   =    0.00 sec.
  Wait time (average)   =    0.00 sec.
                          ------------
Total (root+branch&cut) =  247.78 sec. (62490.46 ticks)
Post-Optimization Solution: 
p locations: 4216 4170 3391 2408 748 1088 936 732 1055 3299 3993 145 1029 1015 1000 2554 3121 861 3229 3318 
p size: 20
objective: 1584120.100337246665731
sum (dij * xij) 
demand/capacity: 224395.000000000000000/280500
Solution is Feasible
Comparing Best Bounds: 
Old Best Bound: 81154.810900944474270
New Best Bound: 81154.810900944474270
Time elapsed: 409.993914286999996s
Time remaining: 234.944946334999997s



Finishing post-optimization
p locations: 4216 4170 3391 2408 748 1088 936 732 1055 3299 3993 145 1029 1015 1000 2554 3121 861 3229 3318 
p size: 20
objective: 1584120.100337246665731
sum (dij * xij) 
demand/capacity: 224395.000000000000000/280500
Solution is Feasible
Solution Stats
Statistics:
Max distance: 830.696093646768077
Min distance: 0.000000000000000
Avg distance: 355.104259210322027
Std deviation distance: 171.173363559258689


[INFO] Saving assignment: ./outputs/solutions/2024-08-26_LIT/Assignments/test_lit_fnl4461_0020_p_20_RSSV_EXACT_CPMP_BIN_POSTOPT.txt
[INFO] Saving results: ./outputs/solutions/2024-08-26_LIT/test_lit_fnl4461_0020_results_RSSV_EXACT_CPMP_BIN_POSTOPT.csv
[INFO] Saving all results: ./outputs/solutions/test_all_results.csv
Final total elapsed time (post opt): 3775s
Elapsed time: 3775354 ms

RSSV finished.
