Debug: configOverride contents: IsWeighted_ObjFunc add_break_callback add_generate_reports add_threshold_distance_rssv bw_multiplier capacities cover_mode coverages cust_max_id distance_matrix loc_max_id max_ite_subprob_rssv method method_post_opt method_rssv_fp method_rssv_sp output p seed service size_subproblems_rssv subarea threads time time_cplex time_subprob_rssv weights 
Loading instance...
Scanning input data...
Distance matrix dimensions: 3039 x 3039 = 9235521
Elapsed time: 0 ms

Loading weights...
Skipped line: customer weight coord_x coord_y
Loaded 3038 weights
Loaded 3038 coordinates
Total customer demand: 154482.00
Elapsed time: 7 ms

Loading capacities...
Skipped line: location capacity coord_x coord_y
Loaded 3038 capacities
Loaded 3038 coordinates
Elapsed time: 6 ms

Loading distance matrix...
Computing euclidian distances...
bw multiplier: 0.50
Loaded 9232482 distances
dists stdev: 862.93
bandwidth h: 18.49
locations: 3038
customers: 3038
p: 600
Elapsed time: 351 ms

[INFO] Instance loaded
loc_max_id: 3038
loc_cnt: 3038
service: p3038_600
cust_max_id: 3038
cust_cnt: 3038
unweighted obj function
p: 600
total_demand: 154482.00


-------------------------------------------------


-------------------------------------------------
RSSV heuristic 
-------------------------------------------------
method subproblems: TB_PMP
method final problem: EXACT_CPMP_BIN
-------------------------------------------------
RSSV running...
cPMP size (N): 3038
sub-cPMP size (n): 900
Subproblems cnt (M): 16
p: 600
Seed: 500
Time limit for subproblems: 300.00

thread cnt: 20

Thread 1 created with seed 501
Thread 2 created with seed 502
Thread 3 created with seed 503
Solving sub-PMP 1/16...
Solving sub-PMP 2/16...
Thread 4 created with seed 504
Thread 5 created with seed 505
Solving sub-PMP 3/16...
Solving sub-PMP 4/16...
uncapacitated TB started
uncapacitated TB started
Thread 6 created with seed 506
uncapacitated TB started
uncapacitated TB started
Thread 7 created with seed 507
Thread 8 created with seed 508
Thread 9 created with seed 509
Solving sub-PMP 7/16...
Thread 10 created with seed 510
Thread 11 created with seed 511
Thread 12 created with seed 512
Thread 13 created with seed 513
uncapacitated TB started
Thread 14 created with seed 514
Thread 15 created with seed 515
Thread 16 created with seed 516
Solving sub-PMP 14/16...
uncapacitated TB started
Solving sub-PMP 15/16...
uncapacitated TB started
Solving sub-PMP 16/16...
uncapacitated TB started
Solving sub-PMP 12/16...
Solving sub-PMP 10/16...
uncapacitated TB started
uncapacitated TB started
Solving sub-PMP Solving sub-PMP 9/16...
uncapacitated TB started
Solving sub-PMP 13/16...
Solving sub-PMP 8/16...
uncapacitated TB started
11/16...
Solving sub-PMP 5/16...
Solving sub-PMP 6/16...
uncapacitated TB started
uncapacitated TB started
uncapacitated TB started
uncapacitated TB started
[INFO] Uncapacitated TB local search started
[INFO] Uncapacitated TB local search started
[INFO] Uncapacitated TB local search started
[INFO] Uncapacitated TB local search started
[INFO] Uncapacitated TB local search started
[INFO] Uncapacitated TB local search started
[INFO] Uncapacitated TB local search started
[INFO] Uncapacitated TB local search started
[INFO] Uncapacitated TB local search started
[INFO] Uncapacitated TB local search started
[INFO] Uncapacitated TB local search started
[INFO] Uncapacitated TB local search started
[INFO] Uncapacitated TB local search started
[INFO] Uncapacitated TB local search started
[INFO] Uncapacitated TB local search started
[INFO] Uncapacitated TB local search started

[INFO] Time limit reached. Stopping the algorithm.
TB elapsed time: 
[INFO] Time limit reached. Stopping the algorithm.
TB elapsed time: 300.03 seconds
300.03Num ite total uncapacited TB:  seconds
7
tb solution is feasible
Num ite total uncapacited TB: 8
tb solution is feasible

[INFO] Time limit reached. Stopping the algorithm.
TB elapsed time: 300.02 seconds
Num ite total uncapacited TB: 7
tb solution is feasible

[INFO] Time limit reached. Stopping the algorithm.
TB elapsed time: 300.01 seconds
Num ite total uncapacited TB: 9
tb solution is feasible

[INFO] Time limit reached. Stopping the algorithm.
TB elapsed time: 300.05 seconds
Num ite total uncapacited TB: 10
tb solution is feasible

[INFO] Time limit reached. Stopping the algorithm.
TB elapsed time: 300.01 seconds
Num ite total uncapacited TB: 9
tb solution is feasible

[INFO] Time limit reached. Stopping the algorithm.
TB elapsed time: 300.01 seconds
Num ite total uncapacited TB: 7
tb solution is feasible

[INFO] Time limit reached. Stopping the algorithm.
TB elapsed time: 300.03 seconds
Num ite total uncapacited TB: 8
tb solution is feasible

[INFO] Time limit reached. Stopping the algorithm.
TB elapsed time: 300.04 seconds
Num ite total uncapacited TB: 8
tb solution is feasible

[INFO] Time limit reached. Stopping the algorithm.
TB elapsed time: 300.08 seconds
Num ite total uncapacited TB: 7
tb solution is feasible

[INFO] Time limit reached. Stopping the algorithm.
TB elapsed time: 300.04 seconds
Num ite total uncapacited TB: 8
tb solution is feasible

[INFO] Time limit reached. Stopping the algorithm.
TB elapsed time: 300.02 seconds
Num ite total uncapacited TB: 8
tb solution is feasible

[INFO] Time limit reached. Stopping the algorithm.
TB elapsed time: 300.07 seconds
Num ite total uncapacited TB: 9
tb solution is feasible

[INFO] Time limit reached. Stopping the algorithm.
TB elapsed time: 300.07 seconds
Num ite total uncapacited TB: 9
tb solution is feasible

[INFO] Time limit reached. Stopping the algorithm.
TB elapsed time: 300.01 seconds

[INFO] Time limit reached. Stopping the algorithm.
TB elapsed time: 300.01 seconds
Num ite total uncapacited TB: 8
tb solution is feasible
Num ite total uncapacited TB: 9
tb solution is feasible
[INFO] All subproblems solved.

Elapsed time: 301753 ms


Stats: 
Max dist: 326.74
Min dist: 0.00
avg of Avg dists: 56.37
avg Std dev dist: 41.76

First 900 voting weights (sorted): 2323(10.31) 2322(10.22) 2326(10.10) 2891(10.05) 901(9.99) 922(9.98) 2321(9.62) 112(9.54) 2324(9.43) 1486(9.24) 540(9.00) 2016(9.00) 2114(9.00) 489(9.00) 1010(9.00) 1351(9.00) 174(9.00) 2583(8.35) 202(8.30) 947(8.21) 2195(8.14) 2875(8.11) 879(8.11) 374(8.11) 580(8.09) 2031(8.08) 1250(8.08) 1256(8.08) 2542(8.05) 875(8.00) 2473(8.00) 1548(8.00) 870(8.00) 1031(8.00) 1583(8.00) 24(8.00) 2585(8.00) 108(7.98) 98(7.92) 3005(7.90) 349(7.90) 2581(7.77) 1634(7.67) 1635(7.67) 1473(7.65) 388(7.37) 2636(7.29) 364(7.29) 1872(7.22) 264(7.17) 1350(7.15) 1996(7.14) 729(7.14) 1966(7.13) 217(7.11) 1369(7.11) 1881(7.11) 2690(7.10) 1456(7.10) 45(7.10) 2612(7.09) 1707(7.07) 2770(7.06) 2563(7.05) 1974(7.05) 794(7.05) 1446(7.04) 89(7.03) 5(7.00) 2625(7.00) 2743(7.00) 55(7.00) 1373(7.00) 240(7.00) 2372(7.00) 246(7.00) 1336(7.00) 169(7.00) 812(7.00) 1060(7.00) 1629(7.00) 779(7.00) 769(7.00) 1740(7.00) 1143(7.00) 2069(7.00) 1928(7.00) 734(7.00) 1197(7.00) 2860(7.00) 2065(7.00) 2814(7.00) 2820(7.00) 125(7.00) 1429(7.00) 2830(7.00) 406(7.00) 2146(7.00) 2067(7.00) 2363(6.82) 1182(6.80) 3006(6.62) 1051(6.54) 964(6.49) 1965(6.48) 600(6.47) 2199(6.43) 1770(6.40) 1333(6.36) 1559(6.34) 148(6.34) 1992(6.28) 1752(6.27) 1157(6.26) 3004(6.23) 330(6.22) 2488(6.20) 1372(6.19) 176(6.18) 2534(6.18) 2033(6.15) 500(6.14) 2867(6.13) 2868(6.13) 2500(6.13) 179(6.13) 1247(6.12) 1984(6.12) 574(6.12) 561(6.11) 625(6.11) 438(6.11) 2697(6.10) 939(6.10) 1517(6.09) 1214(6.09) 2907(6.09) 2650(6.09) 2451(6.09) 1521(6.08) 2404(6.07) 674(6.07) 205(6.07) 1278(6.07) 2307(6.07) 970(6.07) 2447(6.07) 1082(6.06) 737(6.06) 576(6.05) 783(6.05) 219(6.04) 2980(6.04) 535(6.03) 2758(6.02) 2729(6.02) 2525(6.00) 2781(6.00) 300(6.00) 1133(6.00) 1245(6.00) 1759(6.00) 316(6.00) 470(6.00) 1908(6.00) 1077(6.00) 1160(6.00) 2213(6.00) 1822(6.00) 28(6.00) 788(6.00) 2260(6.00) 2270(6.00) 1613(6.00) 2275(6.00) 421(6.00) 2930(6.00) 14(6.00) 40(6.00) 391(6.00) 433(6.00) 551(6.00) 1811(6.00) 1988(6.00) 1577(6.00) 1165(6.00) 2877(6.00) 1440(6.00) 2015(6.00) 348(6.00) 1088(6.00) 1553(6.00) 1550(6.00) 2888(6.00) 1834(6.00) 157(6.00) 2041(6.00) 2138(6.00) 861(6.00) 868(6.00) 1002(6.00) 2828(6.00) 1852(6.00) 2826(6.00) 2302(6.00) 135(6.00) 2083(6.00) 2091(6.00) 444(6.00) 128(6.00) 121(6.00) 463(6.00) 872(6.00) 2833(6.00) 2397(6.00) 213(6.00) 2464(6.00) 776(6.00) 913(6.00) 948(6.00) 2358(6.00) 3020(6.00) 1105(6.00) 1301(6.00) 2442(6.00) 201(6.00) 1684(6.00) 2423(6.00) 620(6.00) 1700(6.00) 1697(6.00) 2682(6.00) 1628(6.00) 2579(6.00) 627(6.00) 506(6.00) 2547(6.00) 895(6.00) 237(6.00) 1345(6.00) 2958(6.00) 1399(6.00) 608(6.00) 659(6.00) 2702(6.00) 2472(6.00) 59(6.00) 2657(6.00) 63(6.00) 2638(6.00) 1325(6.00) 177(5.98) 1386(5.96) 554(5.83) 570(5.83) 432(5.76) 1480(5.69) 2317(5.64) 741(5.52) 957(5.50) 1525(5.45) 1391(5.43) 1179(5.40) 1071(5.39) 2815(5.37) 2137(5.36) 1999(5.34) 274(5.32) 2080(5.32) 644(5.31) 2200(5.30) 1072(5.29) 2673(5.29) 232(5.29) 2319(5.28) 2745(5.28) 2983(5.24) 2081(5.24) 263(5.23) 1426(5.23) 2194(5.22) 2134(5.21) 400(5.20) 1095(5.20) 195(5.19) 2401(5.19) 2655(5.19) 1329(5.19) 730(5.19) 2876(5.18) 878(5.18) 203(5.18) 1919(5.18) 1360(5.18) 993(5.18) 1901(5.18) 1500(5.18) 413(5.17) 2589(5.17) 501(5.17) 3008(5.17) 1331(5.17) 742(5.17) 640(5.16) 2601(5.16) 679(5.16) 216(5.16) 2859(5.15) 2235(5.14) 575(5.14) 1144(5.14) 624(5.14) 560(5.14) 439(5.14) 1961(5.13) 584(5.12) 940(5.12) 1739(5.12) 1738(5.12) 717(5.11) 2600(5.11) 3007(5.11) 1679(5.11) 2656(5.11) 2928(5.11) 2437(5.11) 1581(5.11) 1561(5.11) 1317(5.10) 2121(5.10) 2497(5.10) 2377(5.10) 423(5.10) 2246(5.09) 1545(5.09) 2233(5.09) 2430(5.09) 3012(5.08) 894(5.08) 1237(5.08) 2011(5.08) 60(5.08) 2170(5.08) 1645(5.08) 71(5.08) 2680(5.08) 2342(5.08) 1897(5.07) 2976(5.07) 78(5.07) 517(5.07) 2913(5.07) 1090(5.07) 2974(5.07) 579(5.07) 907(5.06) 2380(5.06) 1130(5.06) 479(5.06) 120(5.06) 503(5.06) 18(5.06) 405(5.05) 1929(5.05) 683(5.05) 2880(5.05) 1978(5.05) 2841(5.05) 1889(5.04) 1491(5.04) 2994(5.04) 2103(5.04) 2806(5.04) 2293(5.04) 2097(5.04) 2663(5.04) 118(5.04) 1857(5.03) 723(5.03) 50(5.02) 618(5.02) 2786(5.02) 2191(5.02) 599(5.01) 236(5.00) 114(5.00) 960(5.00) 105(5.00) 313(5.00) 99(5.00) 93(5.00) 289(5.00) 285(5.00) 883(5.00) 21(5.00) 884(5.00) 8(5.00) 789(5.00) 606(5.00) 269(5.00) 615(5.00) 928(5.00) 925(5.00) 260(5.00) 914(5.00) 208(5.00) 254(5.00) 218(5.00) 903(5.00) 902(5.00) 222(5.00) 899(5.00) 224(5.00) 9(5.00) 515(5.00) 1017(5.00) 499(5.00) 481(5.00) 773(5.00) 477(5.00) 1024(5.00) 853(5.00) 760(5.00) 785(5.00) 757(5.00) 1003(5.00) 550(5.00) 751(5.00) 335(5.00) 410(5.00) 390(5.00) 380(5.00) 376(5.00) 725(5.00) 371(5.00) 370(5.00) 367(5.00) 365(5.00) 347(5.00) 161(5.00) 867(5.00) 159(5.00) 155(5.00) 999(5.00) 2341(5.00) 1298(5.00) 2378(5.00) 2391(5.00) 2411(5.00) 2414(5.00) 2425(5.00) 2433(5.00) 2440(5.00) 2462(5.00) 2175(5.00) 2467(5.00) 2480(5.00) 2491(5.00) 1340(5.00) 2493(5.00) 2498(5.00) 2513(5.00) 1347(5.00) 2520(5.00) 2557(5.00) 1328(5.00) 1239(5.00) 1240(5.00) 2179(5.00) 2208(5.00) 2211(5.00) 1254(5.00) 2215(5.00) 2243(5.00) 808(5.00) 1265(5.00) 2334(5.00) 1269(5.00) 1270(5.00) 2279(5.00) 2282(5.00) 2294(5.00) 2295(5.00) 2310(5.00) 2320(5.00) 2328(5.00) 2329(5.00) 2273(5.00) 2813(5.00) 2831(5.00) 2853(5.00) 1441(5.00) 2886(5.00) 2889(5.00) 2899(5.00) 1451(5.00) 2910(5.00) 2918(5.00) 2575(5.00) 2933(5.00) 2938(5.00) 1465(5.00) 2955(5.00) 2957(5.00) 2971(5.00) 3014(5.00) 3015(5.00) 3030(5.00) 3037(5.00) 2919(5.00) 1361(5.00) 2587(5.00) 2590(5.00) 2604(5.00) 2610(5.00) 2630(5.00) 2640(5.00) 1384(5.00) 2672(5.00) 2710(5.00) 2797(5.00) 1398(5.00) 2728(5.00) 2747(5.00) 2755(5.00) 2773(5.00) 1409(5.00) 2783(5.00) 2789(5.00) 1414(5.00) 2791(5.00) 2794(5.00) 2722(5.00) 1114(5.00) 1678(5.00) 1712(5.00) 1713(5.00) 1722(5.00) 1727(5.00) 1765(5.00) 1774(5.00) 1795(5.00) 1944(5.00) 1827(5.00) 1855(5.00) 1865(5.00) 1873(5.00) 1878(5.00) 1884(5.00) 1161(5.00) 1892(5.00) 1903(5.00) 1262(5.00) 630(5.00) 634(5.00) 638(5.00) 1059(5.00) 693(5.00) 694(5.00) 1498(5.00) 1070(5.00) 1530(5.00) 1668(5.00) 1549(5.00) 1089(5.00) 1563(5.00) 1564(5.00) 1570(5.00) 1627(5.00) 1104(5.00) 1107(5.00) 1630(5.00) 1663(5.00) 1539(5.00) 1993(5.00) 1192(5.00) 1994(5.00) 1998(5.00) 2026(5.00) 1202(5.00) 2029(5.00) 1206(5.00) 1189(5.00) 2038(5.00) 2166(5.00) 2068(5.00) 2076(5.00) 1216(5.00) 1224(5.00) 2116(5.00) 2126(5.00) 2037(5.00) 1958(5.00) 1959(5.00) 1180(5.00) 1970(5.00) 2162(5.00) 1980(5.00) 1820(5.00) 35(4.96) 2223(4.96) 1273(4.92) 2901(4.87) 1326(4.86) 1096(4.83) 34(4.82) 2244(4.81) 1271(4.67) 2431(4.62) 1501(4.60) 1798(4.60) 2808(4.59) 149(4.51) 2355(4.48) 1518(4.48) 2105(4.47) 102(4.46) 1324(4.43) 1524(4.43) 2819(4.41) 2180(4.40) 2984(4.39) 1502(4.39) 1828(4.39) 1560(4.37) 2527(4.36) 1725(4.36) 2807(4.36) 1178(4.36) 874(4.35) 389(4.35) 1810(4.35) 2457(4.33) 2458(4.33) 1778(4.32) 1706(4.31) 331(4.31) 929(4.30) 1515(4.30) 2936(4.30) 1474(4.29) 2343(4.28) 1900(4.28) 1558(4.28) 2985(4.27) 1231(4.27) 1612(4.26) 2925(4.25) 1705(4.25) 194(4.24) 520(4.24) 1519(4.24) 1330(4.24) 989(4.24) 1997(4.24) 652(4.24) 2642(4.24) 1967(4.23) 2034(4.22) 375(4.22) 824(4.22) 1755(4.21) 857(4.21) 2501(4.20) 2099(4.20) 1882(4.19) 1368(4.19) 1586(4.19) 2823(4.19) 1528(4.19) 2344(4.19) 1768(4.18) 581(4.18) 2187(4.18) 2966(4.18) 1295(4.18) 2135(4.17) 1145(4.17) 1580(4.17) 2035(4.17) 2977(4.17) 2978(4.17) 2487(4.16) 185(4.16) 2592(4.16) 1300(4.16) 1299(4.16) 1860(4.16) 648(4.16) 544(4.15) 1753(4.15) 2896(4.15) 509(4.15) 1004(4.15) 2622(4.14) 2924(4.14) 2848(4.14) 2927(4.14) 2143(4.14) 2119(4.14) 2906(4.14) 1215(4.14) 2649(4.13) 2509(4.13) 2450(4.13) 681(4.13) 1316(4.13) 2144(4.13) 2145(4.13) 2420(4.12) 453(4.12) 2606(4.12) 2184(4.12) 2252(4.12) 2088(4.12) 1587(4.12) 2142(4.11) 1428(4.11) 1546(4.11) 2247(4.11) 2232(4.11) 719(4.11) 231(4.11) 3029(4.11) 230(4.11) 3010(4.11) 2609(4.11) 1494(4.11) 1495(4.11) 1905(4.11) 2140(4.10) 944(4.10) 2182(4.10) 2701(4.10) 362(4.10) 1862(4.10) 992(4.10) 526(4.10) 340(4.09) 2693(4.09) 328(4.09) 329(4.09) 2941(4.09) 2288(4.09) 2289(4.09) 2920(4.09) 2529(4.09) 1569(4.08) 1568(4.08) 188(4.08) 2309(4.08) 110(4.08) 97(4.08) 1704(4.08) 1953(4.08) 2749(4.08) 2595(4.08) 1497(4.08) 2161(4.07) 2507(4.07) 2944(4.07) 978(4.07) 566(4.07) 2968(4.07) 918(4.07) 358(4.07) 1921(4.07) 791(4.07) 1420(4.07) 2367(4.07) 1448(4.07) 2361(4.07) 2481(4.07) 841(4.07) 1246(4.07) 696(4.06) 1377(4.06) 1660(4.06) 1596(4.06) 830(4.06) 81(4.05) 1985(4.05) 2668(4.05) 1249(4.05) 1173(4.05) 2646(4.05) 2714(4.04) 1859(4.04) 1556(4.04) 296(4.04) 2185(4.04) 885(4.04) 1406(4.04) 2735(4.04) 594(4.04) 2205(4.04) 2694(4.04) 2521(4.04) 52(4.04) 553(4.04) 571(4.04) 1469(4.04) 1352(4.04) 2078(4.03) 1141(4.03) 1211(4.03) 2046(4.03) 1035(4.03) 2708(4.02) 2255(4.02) 2660(4.02) 889(4.02) 1121(4.02) 2882(4.02) 780(4.02) 1838(4.02) 1284(4.02) 1584(4.02) 2818(4.01) 1720(4.00) 1735(4.00) 468(4.00) 1732(4.00) 1721(4.00) 1123(4.00) 471(4.00) 1007(4.00) 1009(4.00) 447(4.00) 1006(4.00) 446(4.00) 445(4.00) 1710(4.00) 475(4.00) 1731(4.00) 1729(4.00) 456(4.00) 1728(4.00) 1826(4.00) 1148(4.00) 1149(4.00) 396(4.00) 382(4.00) 1836(4.00) 381(4.00) 1854(4.00) 476(4.00) 366(4.00) 1861(4.00) 351(4.00) 346(4.00) 1870(4.00) 345(4.00) 1155(4.00) 1876(4.00) 982(4.00) 1744(4.00) 1746(4.00) 1750(4.00) 437(4.00) 435(4.00) 1764(4.00) 1000(4.00) 430(4.00) 1813(4.00) 1136(4.00) 1782(4.00) 1139(4.00) 1796(4.00) 1803(4.00) 1805(4.00) 412(4.00) 1809(4.00) 427(4.00) 1041(4.00) 1544(4.00) 1039(4.00) 1079(4.00) 1547(4.00) 1080(4.00) 591(4.00) 1883(4.00) 1552(4.00) 1557(4.00) 1562(4.00) 590(4.00) 588(4.00) 1571(4.00) 1576(4.00) 1097(4.00) 1083(4.00) 688(4.00) 691(4.00) 692(4.00) 680(4.00) 702(4.00) 1056(4.00) 660(4.00) 641(4.00) 607(4.00) 


Filtered 900 locations: 2323 2322 2326 2891 901 922 2321 112 2324 1486 540 2016 2114 489 1010 1351 174 2583 202 947 2195 2875 879 374 580 2031 1250 1256 2542 875 2473 1548 870 1031 1583 24 2585 108 98 3005 349 2581 1634 1635 1473 388 2636 364 1872 264 1350 1996 729 1966 217 1369 1881 2690 1456 45 2612 1707 2770 2563 1974 794 1446 89 5 2625 2743 55 1373 240 2372 246 1336 169 812 1060 1629 779 769 1740 1143 2069 1928 734 1197 2860 2065 2814 2820 125 1429 2830 406 2146 2067 2363 1182 3006 1051 964 1965 600 2199 1770 1333 1559 148 1992 1752 1157 3004 330 2488 1372 176 2534 2033 500 2867 2868 2500 179 1247 1984 574 561 625 438 2697 939 1517 1214 2907 2650 2451 1521 2404 674 205 1278 2307 970 2447 1082 737 576 783 219 2980 535 2758 2729 2525 2781 300 1133 1245 1759 316 470 1908 1077 1160 2213 1822 28 788 2260 2270 1613 2275 421 2930 14 40 391 433 551 1811 1988 1577 1165 2877 1440 2015 348 1088 1553 1550 2888 1834 157 2041 2138 861 868 1002 2828 1852 2826 2302 135 2083 2091 444 128 121 463 872 2833 2397 213 2464 776 913 948 2358 3020 1105 1301 2442 201 1684 2423 620 1700 1697 2682 1628 2579 627 506 2547 895 237 1345 2958 1399 608 659 2702 2472 59 2657 63 2638 1325 177 1386 554 570 432 1480 2317 741 957 1525 1391 1179 1071 2815 2137 1999 274 2080 644 2200 1072 2673 232 2319 2745 2983 2081 263 1426 2194 2134 400 1095 195 2401 2655 1329 730 2876 878 203 1919 1360 993 1901 1500 413 2589 501 3008 1331 742 640 2601 679 216 2859 2235 575 1144 624 560 439 1961 584 940 1739 1738 717 2600 3007 1679 2656 2928 2437 1581 1561 1317 2121 2497 2377 423 2246 1545 2233 2430 3012 894 1237 2011 60 2170 1645 71 2680 2342 1897 2976 78 517 2913 1090 2974 579 907 2380 1130 479 120 503 18 405 1929 683 2880 1978 2841 1889 1491 2994 2103 2806 2293 2097 2663 118 1857 723 50 618 2786 2191 599 236 114 960 105 313 99 93 289 285 883 21 884 8 789 606 269 615 928 925 260 914 208 254 218 903 902 222 899 224 9 515 1017 499 481 773 477 1024 853 760 785 757 1003 550 751 335 410 390 380 376 725 371 370 367 365 347 161 867 159 155 999 2341 1298 2378 2391 2411 2414 2425 2433 2440 2462 2175 2467 2480 2491 1340 2493 2498 2513 1347 2520 2557 1328 1239 1240 2179 2208 2211 1254 2215 2243 808 1265 2334 1269 1270 2279 2282 2294 2295 2310 2320 2328 2329 2273 2813 2831 2853 1441 2886 2889 2899 1451 2910 2918 2575 2933 2938 1465 2955 2957 2971 3014 3015 3030 3037 2919 1361 2587 2590 2604 2610 2630 2640 1384 2672 2710 2797 1398 2728 2747 2755 2773 1409 2783 2789 1414 2791 2794 2722 1114 1678 1712 1713 1722 1727 1765 1774 1795 1944 1827 1855 1865 1873 1878 1884 1161 1892 1903 1262 630 634 638 1059 693 694 1498 1070 1530 1668 1549 1089 1563 1564 1570 1627 1104 1107 1630 1663 1539 1993 1192 1994 1998 2026 1202 2029 1206 1189 2038 2166 2068 2076 1216 1224 2116 2126 2037 1958 1959 1180 1970 2162 1980 1820 35 2223 1273 2901 1326 1096 34 2244 1271 2431 1501 1798 2808 149 2355 1518 2105 102 1324 1524 2819 2180 2984 1502 1828 1560 2527 1725 2807 1178 874 389 1810 2457 2458 1778 1706 331 929 1515 2936 1474 2343 1900 1558 2985 1231 1612 2925 1705 194 520 1519 1330 989 1997 652 2642 1967 2034 375 824 1755 857 2501 2099 1882 1368 1586 2823 1528 2344 1768 581 2187 2966 1295 2135 1145 1580 2035 2977 2978 2487 185 2592 1300 1299 1860 648 544 1753 2896 509 1004 2622 2924 2848 2927 2143 2119 2906 1215 2649 2509 2450 681 1316 2144 2145 2420 453 2606 2184 2252 2088 1587 2142 1428 1546 2247 2232 719 231 3029 230 3010 2609 1494 1495 1905 2140 944 2182 2701 362 1862 992 526 340 2693 328 329 2941 2288 2289 2920 2529 1569 1568 188 2309 110 97 1704 1953 2749 2595 1497 2161 2507 2944 978 566 2968 918 358 1921 791 1420 2367 1448 2361 2481 841 1246 696 1377 1660 1596 830 81 1985 2668 1249 1173 2646 2714 1859 1556 296 2185 885 1406 2735 594 2205 2694 2521 52 553 571 1469 1352 2078 1141 1211 2046 1035 2708 2255 2660 889 1121 2882 780 1838 1284 1584 2818 1720 1735 468 1732 1721 1123 471 1007 1009 447 1006 446 445 1710 475 1731 1729 456 1728 1826 1148 1149 396 382 1836 381 1854 476 366 1861 351 346 1870 345 1155 1876 982 1744 1746 1750 437 435 1764 1000 430 1813 1136 1782 1139 1796 1803 1805 412 1809 427 1041 1544 1039 1079 1547 1080 591 1883 1552 1557 1562 590 588 1571 1576 1097 1083 688 691 692 680 702 1056 660 641 607 

Extracted 0 prioritized locations: 

Final instance parameters:
loc_max_id: 3038
loc_cnt: 900
service: p3038_600
cust_max_id: 3038
cust_cnt: 3038
unweighted obj function
p: 600
total_demand: 154482.00
threshold_dist: 368.49



-------------------------------------------------
Final Problem RSSV heuristic
-------------------------------------------------
    RSSV_EXACT_CPMP_BIN
-------------------------------------------------
Gap Cplex Reports: gap_Bin_service_p3038_600_p_600_RSSV_EXACT_CPMP_BIN.csv
[CALLBACK] Generating reports cplex callbacks...
[CALLBACK] Using BreakCallback...
Time Limit with not improving 1.00% (gap): 120.00 seconds
Time Limit with Gap less than 1%: 120.00 seconds
Default row names c1, c2 ... being created.
Version identifier: 22.1.1.0 | 2022-11-28 | 9160aff4d
CPXPARAM_TimeLimit                               2099
Legacy callback                                  i
Tried aggregator 2 times.
MIP Presolve eliminated 2636817 rows and 2636817 columns.
Aggregator did 4 substitutions.
Reduced MIP has 3935 rows, 98279 columns, and 196558 nonzeros.
Reduced MIP has 98279 binaries, 0 generals, 0 SOSs, and 0 indicators.
Presolve time = 5.83 sec. (2178.67 ticks)
Found incumbent of value 714035.719610 after 8.78 sec. (3105.07 ticks)
Tried aggregator 1 time.
Detecting symmetries...
Reduced MIP has 3935 rows, 98279 columns, and 196558 nonzeros.
Reduced MIP has 98279 binaries, 0 generals, 0 SOSs, and 0 indicators.
Presolve time = 0.49 sec. (167.14 ticks)
Probing time = 2.32 sec. (13.69 ticks)
Clique table members: 100427.
MIP emphasis: balance optimality and feasibility.
MIP search method: dynamic search.
Parallel mode: deterministic, using up to 32 threads.
Root relaxation solution time = 0.92 sec. (103.49 ticks)

        Nodes                                         Cuts/
   Node  Left     Objective  IInf  Best Integer    Best Bound    ItCnt     Gap

*     0+    0                       714035.7196      158.1601            99.98%
*     0+    0                       283459.9361      158.1601            99.94%
*     0+    0                       258671.7299      158.1601            99.94%
      0     0   131308.6086   788   258671.7299   131308.6086      953   49.24%
Time: 29.06 seconds
MIP Gap: 0.49
Nodes: 0
Best Objective: 131308.608648579625878
Incumbent Obj:  258671.729894116055220
*     0+    0                       248020.9850   131308.6086            47.06%
*     0+    0                       247943.4529   131308.6086            47.04%
      0     0   135550.8332  1006   247943.4529    Cuts: 1083     2346   45.33%
      0     0   142863.4322  1505   247943.4529    Cuts: 1083     3631   42.38%
      0     0   146711.0063  1633   247943.4529    Cuts: 1083     4936   40.83%
Time: 49.759777069091797 seconds
MIP Gap: 0.408288443973961
Nodes: 0
Best Objective: 146711.006345646048430
Incumbent Obj:  247943.452940084214788
      0     0   148684.3955  1573   247943.4529    Cuts: 1083     6160   40.03%
      0     0   149376.4543  1667   247943.4529     Cuts: 976     7040   39.75%
Detecting symmetries...
      0     0   149643.4079  1635   247943.4529     Cuts: 722     7704   39.65%
      0     0   149777.8134  1593   247943.4529     Cuts: 494     8118   39.59%
      0     0   149865.2528  1509   247943.4529     Cuts: 340     8579   39.56%
      0     0   149910.3786  1422   247943.4529     Cuts: 308     8829   39.54%
      0     0   149962.2327  1359   247943.4529     Cuts: 239     9103   39.52%
Time: 54.881206035614014 seconds
MIP Gap: 0.395175670374537
Nodes: 0
Best Objective: 149962.232709508971311
Incumbent Obj:  247943.452940084214788
      0     0   150012.8603  1363   247943.4529     Cuts: 229     9371   39.50%
      0     0   150056.7097  1432   247943.4529     Cuts: 192     9566   39.48%
      0     0   150083.7323  1158   247943.4529     Cuts: 186     9759   39.47%
      0     0   150101.4283  1344   247943.4529     Cuts: 160     9917   39.46%
      0     0   150114.6871  1278   247943.4529     Cuts: 109    10021   39.46%
      0     0   150125.7115  1232   247943.4529      Cuts: 87    10146   39.45%
      0     0   150139.9994  1178   247943.4529     Cuts: 120    10286   39.45%
      0     0   150153.3378  1225   247943.4529      Cuts: 88    10396   39.44%
*     0+    0                       153656.6612   150153.3378             2.28%
Detecting symmetries...
Time: 75.752470970153809 seconds
MIP Gap: 0.022799684407276
Nodes: 0
Best Objective: 150153.337769576988649
Incumbent Obj:  153656.661150893080048
      0     2   150153.3378  1225   153656.6612   150153.3378    10396    2.28%
Elapsed time = 62.07 sec. (13194.25 ticks, tree = 0.02 MB, solutions = 6)
     23    18   150178.3459  1144   153656.6612   150154.2413    10822    2.28%
     79    63   150183.7841  1162   153656.6612   150157.8882    12244    2.28%
Time: 80.965055942535400 seconds
MIP Gap: 0.022758053913358
Nodes: 89
Best Objective: 150159.734572274435777
Incumbent Obj:  153656.661150893080048
    152   139   150220.4539  1115   153656.6612   150163.4933    14099    2.27%
*   243+   91                       152852.2737   150166.7280             1.76%
    267   232   150233.7636  1120   152852.2737   150166.7280    15828    1.76%
*   283+  156                       152267.0669   150166.7280             1.38%
    290   250   150214.7625  1165   152267.0669   150166.7280    16152    1.38%
Time: 86.088191032409668 seconds
MIP Gap: 0.017569550089325
Nodes: 276
Best Objective: 150166.728027510049287
Incumbent Obj:  152852.273706666484941
    339   296   150424.8632  1002   152267.0669   150166.7280    16821    1.38%
    457   383   150238.8872  1130   152267.0669   150166.7280    17927    1.38%
    481   406   150460.9896   582   152267.0669   150166.7280    18195    1.38%
    538   470   150368.1262   845   152267.0669   150166.7280    18928    1.38%
Time: 94.786802053451538 seconds
MIP Gap: 0.013792997815434
Nodes: 584
Best Objective: 150166.847622631001286
Incumbent Obj:  152267.066944357124157
Time: 99.796239137649536 seconds
MIP Gap: 0.013792997815434
Nodes: 765
Best Objective: 150166.847622631001286
Incumbent Obj:  152267.066944357124157
    825   743   150625.7032   582   152267.0669   150166.8476    22454    1.38%
Elapsed time = 85.05 sec. (16318.62 ticks, tree = 51.89 MB, solutions = 9)
Time: 104.850594043731689 seconds
MIP Gap: 0.013792997815434
Nodes: 969
Best Objective: 150166.847622631001286
Incumbent Obj:  152267.066944357124157
Time: 109.881047010421753 seconds
MIP Gap: 0.013784502105688
Nodes: 1270
Best Objective: 150168.141239435644820
Incumbent Obj:  152267.066944357124157
   1413  1311   150282.6124  1035   152267.0669   150169.3803    29996    1.38%
Time: 115.003361940383911 seconds
MIP Gap: 0.013776364808244
Nodes: 1432
Best Objective: 150169.380281850404572
Incumbent Obj:  152267.066944357124157
Time: 120.394232988357544 seconds
MIP Gap: 0.013769781687405
Nodes: 2056
Best Objective: 150170.382674351916648
Incumbent Obj:  152267.066944357124157
   2280  2030   150423.0623   826   152267.0669   150170.3827    39852    1.38%
Time: 126.158723115921021 seconds
MIP Gap: 0.013769781687405
Nodes: 2596
Best Objective: 150170.382674351916648
Incumbent Obj:  152267.066944357124157
*  3262+ 2225                       152112.8190   150170.3827             1.28%
   3319  3043   151294.5822   270   152112.8190   150170.3827    52479    1.28%
*  3349+ 2986                       151168.1769   150170.3827             0.66%
Time: 134.570356130599976 seconds
MIP Gap: 0.006600557227152
Nodes: 3220
Best Objective: 150170.382674351916648
Incumbent Obj:  151168.176876751123928
*  3472+ 3026                       150911.4410   150170.3827             0.49%
*  3526+ 3020                       150878.8617   150170.3827             0.47%
   3577  2644   150211.9895  1126   150878.8617   150170.3827    56774    0.47%
Time: 140.020606040954590 seconds
MIP Gap: 0.004695680922953
Nodes: 3393
Best Objective: 150170.382674351916648
Incumbent Obj:  150878.861666757380590
*  3730+ 2691                       150812.5858   150170.3827             0.43%
   3855  2887   150487.5735   773   150812.5858   150170.3827    60900    0.43%
Time: 148.231508016586304 seconds
MIP Gap: 0.004258285986310
Nodes: 3694
Best Objective: 150170.382674351916648
Incumbent Obj:  150812.585795001999941
   4161  2940   150293.2852  1108   150812.5858   150170.3827    64214    0.43%
*  4173+ 2786                       150797.1408   150170.3827             0.42%
Time: 154.235681056976318 seconds
MIP Gap: 0.004249840034793
Nodes: 4015
Best Objective: 150170.382674351916648
Incumbent Obj:  150811.306602852127980
   4375  3157   150555.1471   658   150797.1408   150170.3827    66929    0.42%
Time: 160.550029039382935 seconds
MIP Gap: 0.004156299593758
Nodes: 4317
Best Objective: 150170.382674351916648
Incumbent Obj:  150797.140769271180034
   4740  3415   150451.4429   682   150797.1408   150170.3827    70510    0.42%
Time: 167.593856096267700 seconds
MIP Gap: 0.004156299593758
Nodes: 4735
Best Objective: 150170.382674351916648
Incumbent Obj:  150797.140769271180034
*  5022+ 3613                       150777.6067   150170.3827             0.40%
*  5156+ 3701                       150768.9473   150170.3827             0.40%
   5213  3866   150595.9765   573   150768.9473   150170.3827    76978    0.40%

Performing restart 1

Repeating presolve.
Tried aggregator 1 time.
MIP Presolve modified 27 coefficients.
Reduced MIP has 3935 rows, 98279 columns, and 196558 nonzeros.
Reduced MIP has 98279 binaries, 0 generals, 0 SOSs, and 0 indicators.
Presolve time = 0.46 sec. (170.74 ticks)
Tried aggregator 1 time.
MIP Presolve modified 6 coefficients.
Reduced MIP has 3935 rows, 98279 columns, and 196558 nonzeros.
Reduced MIP has 98279 binaries, 0 generals, 0 SOSs, and 0 indicators.
Presolve time = 0.65 sec. (201.54 ticks)
Represolve time = 12.92 sec. (2926.86 ticks)
   5436     0   150199.0990  1163   150768.9473     Cuts: 104    90322    0.38%
   5436     0   150238.2175  1219   150768.9473     Cuts: 155    90552    0.35%
   5436     0   150259.8602  1038   150768.9473     Cuts: 130    90748    0.34%
   5436     0   150269.4883  1141   150768.9473      Cuts: 91    90868    0.33%
*  5436+    0                       150677.8720   150269.4883             0.27%
   5436     0   150275.1092  1027   150677.8720      Cuts: 84    90995    0.27%
   5436     0   150279.8188  1104   150677.8720      Cuts: 73    91101    0.26%
   5436     0   150283.8159  1057   150677.8720      Cuts: 78    91211    0.26%
   5436     0   150285.4825  1086   150677.8720      Cuts: 60    91266    0.26%
   5436     0   150288.3648  1082   150677.8720      Cuts: 57    91339    0.26%
   5436     0   150291.4918  1158   150677.8720      Cuts: 56    91409    0.26%
   5436     0   150293.2172  1149   150677.8720      Cuts: 68    91484    0.26%
   5436     0   150307.2456  1063   150677.8720      Cuts: 44    91571    0.25%
   5436     0   150311.6452  1019   150677.8720      Cuts: 57    91639    0.24%
   5436     0   150314.4002   914   150677.8720      Cuts: 37    91716    0.24%
   5436     0   150316.6142   892   150677.8720      Cuts: 40    91774    0.24%
   5436     0   150319.5975   762   150677.8720      Cuts: 39    91862    0.24%
   5436     0   150321.2175   861   150677.8720      Cuts: 35    91948    0.24%
   5436     0   150322.4219   937   150677.8720      Cuts: 39    92019    0.24%
   5436     0   150324.3330   934   150677.8720      Cuts: 45    92082    0.23%
   5436     0   150325.8693  1066   150677.8720      Cuts: 38    92140    0.23%
Time: 317.841964960098267 seconds
MIP Gap: 0.002336127396003
Nodes: 5436
Best Objective: 150325.869300364516675
Incumbent Obj:  150677.872005127195735
Stopping optimization: Gap is less than 1% for more than 120.00 seconds.
Stopping optimization: Gap is less than 1% for more than 120.00 seconds.

Clique cuts applied:  1732
Cover cuts applied:  1454
Flow cuts applied:  281
Mixed integer rounding cuts applied:  391
Zero-half cuts applied:  1100
Lift and project cuts applied:  2
Gomory fractional cuts applied:  138

Root node processing (before b&c):
  Real time             =   54.01 sec. (13877.04 ticks)
Parallel b&c, 32 threads:
  Real time             =  259.04 sec. (30422.99 ticks)
  Sync time (average)   =   80.60 sec.
  Wait time (average)   =    1.55 sec.
                          ------------
Total (root+branch&cut) =  313.05 sec. (44300.02 ticks)
[INFO] Saving variables cplex:
./outputs/solutions/2024-08-28_LIT_seed_500_Subp_nxC/VarsValues_cplex/test_lit_p3038_600_CPMP_Vars_Bin_p_600_RSSV_EXACT_CPMP_BIN.txt
[INFO] Saving results cplex: 
./outputs/solutions/2024-08-28_LIT_seed_500_Subp_nxC/Results_cplex/test_lit_p3038_600_Bin_RSSV_EXACT_CPMP_BIN.csv

Final solution CPMP:
p locations: 2450 957 2848 2622 544 2037 648 1860 367 1299 1580 1295 824 1967 989 1330 3012 520 2649 1231 1900 1474 929 1778 285 1178 1725 232 1560 2936 2355 2985 2099 751 34 3020 2589 1326 2035 2223 1271 1980 2162 2126 2116 2076 1189 1206 2029 1202 1630 1768 630 1795 1774 2497 1713 2722 2794 1414 2783 1409 2773 2728 1398 1384 2877 2640 1878 2587 1501 1426 1465 2958 3008 1515 2933 1440 2180 2889 2144 2853 2813 1564 2273 71 780 2310 2334 2243 2215 2672 9 1240 638 1347 2493 2480 2414 1298 2341 999 2282 2143 725 376 2592 1883 1828 335 1903 550 1003 2175 757 2604 481 499 1017 1149 2642 1224 515 222 254 208 260 1678 1498 93 947 2378 960 114 599 773 2886 50 118 2103 2994 867 396 2880 683 1114 405 18 3004 1613 2380 907 1997 579 1420 517 1571 2342 1262 2680 1645 2170 2011 894 316 391 1809 300 1107 2525 2729 2833 1340 2758 1974 1265 1077 1994 576 1360 2069 2743 1406 2899 63 2974 1556 2781 1770 1278 914 205 674 2650 2977 1524 625 561 194 1612 903 964 2015 1752 1368 2786 659 884 2302 135 2971 1104 1813 1876 213 922 2270 1596 1456 1700 1345 2944 108 2235 2317 899 2247 470 40 1051 776 2194 1192 2083 2420 1746 413 1961 1627 918 584 1897 2606 944 607 2447 1738 2600 1182 2377 1668 2928 423 2142 1096 1805 794 2411 993 1889 471 785 1494 1992 2701 1988 2697 1525 1944 526 2467 340 105 2941 1256 1448 437 2557 430 1441 2830 2121 2625 188 1862 444 1528 110 1865 447 1121 679 2806 719 382 1765 347 1056 45 2404 1721 1660 760 1469 1123 2134 1826 2818 2481 1133 439 1857 1148 1822 2397 59 1720 1959 1250 2668 476 2815 688 14 1090 381 1729 872 1953 535 2457 330 1039 702 680 1547 2185 2498 371 1080 2091 406 2660 982 1377 2789 2080 1744 1035 2755 2046 1024 2363 2440 313 1731 1704 2041 78 2205 2542 1173 1634 925 591 219 928 2630 503 1921 1247 2595 468 269 978 1497 1834 1160 1836 1732 125 2252 230 2208 81 1429 575 1993 1284 2307 889 2547 1838 2747 2038 620 453 1451 742 1870 2579 1568 2078 1803 274 2401 1820 2529 358 730 21 2819 692 2714 1211 2896 475 1521 812 1486 2646 2319 608 2026 2735 1317 2694 1985 1136 427 594 2823 2114 696 2797 2088 128 2255 2423 296 970 2693 566 2925 2507 1852 2361 641 1350 159 157 456 1165 463 2520 2288 161 433 1130 421 435 28 1446 737 246 1663 5 2841 148 2275 2200 1491 940 2358 1684 1010 554 1710 2791 1373 1635 217 2344 1333 627 1336 1391 2065 506 169 808 99 1517 581 2708 2119 1707 289 1782 364 2491 1480 3006 879 388 509 2636 1908 560 1978 1269 1007 2279 861 1088 1872 2581 791 2918 841 2968 1550 2329 644 489 1082 1157 2575 1214 1958 540 112 1530 2488 2324 1759 501 1919 2930 1245 1071 734 1539 121 830 2367 240 237 1145 2563 351 1060 2745 618 1629 1031 1740 2891 2182 1473 55 1750 1041 2534 2033 615 1324 2868 741 3015 179 2166 174 3010 3037 201 2293 1584 875 1544 264 2391 2473 2655 1237 2464 1755 2906 1141 432 1562 853 2980 580 1928 2690 1197 2814 2105 2146 
p size: 600
objective: 150677.872005125391297
sum (dij * xij) 
demand/capacity: 154482.000000000000000/192600
Solution is Feasible
Statistics:
Max distance: 236.596703273735415
Min distance: 0.000000000000000
Avg distance: 49.597719554024160
Std deviation distance: 36.749571351248406


Final total elapsed time: 646s
[INFO] Saving assignment: ./outputs/solutions/2024-08-28_LIT_seed_500_Subp_nxC/Assignments/test_lit_p3038_600_p_600_RSSV_EXACT_CPMP_BIN.txt
[INFO] Saving results: ./outputs/solutions/2024-08-28_LIT_seed_500_Subp_nxC/test_lit_p3038_600_results_RSSV_EXACT_CPMP_BIN.csv
[INFO] Saving all results: ./outputs/solutions/test_all_results.csv
Post Optimization: EXACT_CPMP_BIN


-------------------------------------------------
Post Optimization
-------------------------------------------------
method: EXACT_CPMP_BIN
-------------------------------------------------
Time for post-optimization: 2954.000000000000000s
PostOptimization constructor for Solution_cap
p locations: 2450 957 2848 2622 544 2037 648 1860 367 1299 1580 1295 824 1967 989 1330 3012 520 2649 1231 1900 1474 929 1778 285 1178 1725 232 1560 2936 2355 2985 2099 751 34 3020 2589 1326 2035 2223 1271 1980 2162 2126 2116 2076 1189 1206 2029 1202 1630 1768 630 1795 1774 2497 1713 2722 2794 1414 2783 1409 2773 2728 1398 1384 2877 2640 1878 2587 1501 1426 1465 2958 3008 1515 2933 1440 2180 2889 2144 2853 2813 1564 2273 71 780 2310 2334 2243 2215 2672 9 1240 638 1347 2493 2480 2414 1298 2341 999 2282 2143 725 376 2592 1883 1828 335 1903 550 1003 2175 757 2604 481 499 1017 1149 2642 1224 515 222 254 208 260 1678 1498 93 947 2378 960 114 599 773 2886 50 118 2103 2994 867 396 2880 683 1114 405 18 3004 1613 2380 907 1997 579 1420 517 1571 2342 1262 2680 1645 2170 2011 894 316 391 1809 300 1107 2525 2729 2833 1340 2758 1974 1265 1077 1994 576 1360 2069 2743 1406 2899 63 2974 1556 2781 1770 1278 914 205 674 2650 2977 1524 625 561 194 1612 903 964 2015 1752 1368 2786 659 884 2302 135 2971 1104 1813 1876 213 922 2270 1596 1456 1700 1345 2944 108 2235 2317 899 2247 470 40 1051 776 2194 1192 2083 2420 1746 413 1961 1627 918 584 1897 2606 944 607 2447 1738 2600 1182 2377 1668 2928 423 2142 1096 1805 794 2411 993 1889 471 785 1494 1992 2701 1988 2697 1525 1944 526 2467 340 105 2941 1256 1448 437 2557 430 1441 2830 2121 2625 188 1862 444 1528 110 1865 447 1121 679 2806 719 382 1765 347 1056 45 2404 1721 1660 760 1469 1123 2134 1826 2818 2481 1133 439 1857 1148 1822 2397 59 1720 1959 1250 2668 476 2815 688 14 1090 381 1729 872 1953 535 2457 330 1039 702 680 1547 2185 2498 371 1080 2091 406 2660 982 1377 2789 2080 1744 1035 2755 2046 1024 2363 2440 313 1731 1704 2041 78 2205 2542 1173 1634 925 591 219 928 2630 503 1921 1247 2595 468 269 978 1497 1834 1160 1836 1732 125 2252 230 2208 81 1429 575 1993 1284 2307 889 2547 1838 2747 2038 620 453 1451 742 1870 2579 1568 2078 1803 274 2401 1820 2529 358 730 21 2819 692 2714 1211 2896 475 1521 812 1486 2646 2319 608 2026 2735 1317 2694 1985 1136 427 594 2823 2114 696 2797 2088 128 2255 2423 296 970 2693 566 2925 2507 1852 2361 641 1350 159 157 456 1165 463 2520 2288 161 433 1130 421 435 28 1446 737 246 1663 5 2841 148 2275 2200 1491 940 2358 1684 1010 554 1710 2791 1373 1635 217 2344 1333 627 1336 1391 2065 506 169 808 99 1517 581 2708 2119 1707 289 1782 364 2491 1480 3006 879 388 509 2636 1908 560 1978 1269 1007 2279 861 1088 1872 2581 791 2918 841 2968 1550 2329 644 489 1082 1157 2575 1214 1958 540 112 1530 2488 2324 1759 501 1919 2930 1245 1071 734 1539 121 830 2367 240 237 1145 2563 351 1060 2745 618 1629 1031 1740 2891 2182 1473 55 1750 1041 2534 2033 615 1324 2868 741 3015 179 2166 174 3010 3037 201 2293 1584 875 1544 264 2391 2473 2655 1237 2464 1755 2906 1141 432 1562 853 2980 580 1928 2690 1197 2814 2105 2146 
p size: 600
objective: 150677.872005125391297
sum (dij * xij) 
demand/capacity: 154482.000000000000000/192600
Solution is Feasible
[INFO] Running post-optimization
Time limit: 2954.000000000000000
Max size of the neigh: 4
 ------------------------------------ 

Iteration Post-Optimization: 1
Size of neighborhood: 1
[INFO] Adding MIP start solution
Gap Cplex Reports: gap_Bin_service_p3038_600_p_600_RSSV_POSTOPT.csv
[CALLBACK] Generating reports cplex callbacks...
Default row names c1, c2 ... being created.
Version identifier: 22.1.1.0 | 2022-11-28 | 9160aff4d
CPXPARAM_TimeLimit                               2954
CPXPARAM_MIP_Tolerances_LowerCutoff              150325.86930036452
Legacy callback                                  i
1 of 2 MIP starts provided solutions.
MIP start 'm1' defined initial solution with objective 150663.9435.
Tried aggregator 1 time.
MIP Presolve eliminated 9082676 rows and 9082676 columns.
MIP Presolve modified 2 coefficients.
Reduced MIP has 6677 rows, 149806 columns, and 300812 nonzeros.
Reduced MIP has 149806 binaries, 0 generals, 0 SOSs, and 0 indicators.
Presolve time = 15.95 sec. (5893.36 ticks)
Tried aggregator 1 time.
Detecting symmetries...
Reduced MIP has 6677 rows, 149806 columns, and 300812 nonzeros.
Reduced MIP has 149806 binaries, 0 generals, 0 SOSs, and 0 indicators.
Presolve time = 1.06 sec. (275.97 ticks)
Probing time = 1.52 sec. (22.00 ticks)
Clique table members: 150406.
MIP emphasis: balance optimality and feasibility.
MIP search method: dynamic search.
Parallel mode: deterministic, using up to 32 threads.
Root relaxation solution time = 0.61 sec. (283.53 ticks)

        Nodes                                         Cuts/
   Node  Left     Objective  IInf  Best Integer    Best Bound    ItCnt     Gap

*     0+    0                       150663.9435        0.0000           100.00%
      0     0    81441.2745  1955   150663.9435    81441.2745     6475   45.95%
Time: 169.932637929916382 seconds
MIP Gap: 0.459450797519175
Nodes: 0
Best Objective: 81441.274490524840076
Incumbent Obj:  150663.943479620356811
*     0+    0                       150457.3216    81441.2745            45.87%
      0     0   108777.8967  3663   150457.3216    Cuts: 1769     9335   27.70%
Time: 175.081624984741211 seconds
MIP Gap: 0.277018256274557
Nodes: 0
Best Objective: 108777.896736895010690
Incumbent Obj:  150457.321614201209741
      0     0   120608.6475  3549   150457.3216    Cuts: 1769    11554   19.84%
      0     0   125996.6153  3372   150457.3216    Cuts: 1769    13542   16.26%
*     0+    0                       147296.7319   125996.6153            14.46%
      0     0  -1.00000e+75     0   147296.7319   125996.6153    13542   14.46%
Time: 226.696877956390381 seconds
MIP Gap: 0.144606851423096
Nodes: 0
Best Objective: 125996.615314901122474
Incumbent Obj:  147296.731946612533648
      0     0   129219.1067  2910   147296.7319    Cuts: 1769    15423   12.27%
      0     0   131120.4796  2784   147296.7319    Cuts: 1593    16911   10.98%
Detecting symmetries...
Time: 231.937213897705078 seconds
MIP Gap: 0.109820850534312
Nodes: 0
Best Objective: 131120.479563311033417
Incumbent Obj:  147296.731946612533648
      0     0   132108.2668  2421   147296.7319    Cuts: 1254    18167   10.31%
      0     0   132853.0648  2226   147296.7319    Cuts: 1058    19252    9.81%
      0     0   133291.2106  2086   147296.7319     Cuts: 727    20133    9.51%
      0     0   133561.7991  2202   147296.7319     Cuts: 590    20761    9.32%
Time: 237.827253818511963 seconds
MIP Gap: 0.093246690883625
Nodes: 0
Best Objective: 133561.799114618566819
Incumbent Obj:  147296.731946612533648
      0     0   133792.8959  2219   147296.7319     Cuts: 536    21396    9.17%
      0     0   134003.5835  2073   147296.7319     Cuts: 513    22096    9.02%
      0     0   134135.4281  2236   147296.7319     Cuts: 447    22617    8.94%
      0     0   134254.9264  2105   147296.7319     Cuts: 356    23225    8.85%
Time: 243.756147861480713 seconds
MIP Gap: 0.088541038093220
Nodes: 0
Best Objective: 134254.926392320718151
Incumbent Obj:  147296.731946612533648
      0     0   134345.6141  1913   147296.7319     Cuts: 382    23791    8.79%
      0     0   134429.9150  2023   147296.7319     Cuts: 320    24217    8.74%
      0     0   134483.2107  1753   147296.7319     Cuts: 272    24610    8.70%
      0     0   134518.3508  2328   147296.7319     Cuts: 194    24930    8.68%
Time: 248.884968996047974 seconds
MIP Gap: 0.086752645065924
Nodes: 0
Best Objective: 134518.350840677449014
Incumbent Obj:  147296.731946612533648
      0     0   134559.0428  2026   147296.7319     Cuts: 239    25302    8.65%
      0     0   134591.0736  1891   147296.7319     Cuts: 192    25585    8.63%
      0     0   134624.5078  2144   147296.7319     Cuts: 178    25892    8.60%
      0     0   134651.7992  2097   147296.7319     Cuts: 175    26176    8.58%
Time: 254.061566829681396 seconds
MIP Gap: 0.085846662106065
Nodes: 0
Best Objective: 134651.799169863981660
Incumbent Obj:  147296.731946612533648
      0     0   134675.7751  2036   147296.7319     Cuts: 186    26463    8.57%
      0     0   134694.3198  1982   147296.7319     Cuts: 133    26643    8.56%
      0     0   134709.1800  1916   147296.7319     Cuts: 116    26835    8.55%
      0     0   134720.1975  1979   147296.7319     Cuts: 119    27041    8.54%
      0     0   134735.4649  2018   147296.7319     Cuts: 117    27253    8.53%
Detecting symmetries...
Time: 331.011401891708374 seconds
MIP Gap: 0.085278653757231
Nodes: 0
Best Objective: 134735.464943365746876
Incumbent Obj:  147296.731946612533648
      0     2   134735.4649  2018   147296.7319   134735.4649    27253    8.53%
Elapsed time = 282.81 sec. (49525.34 ticks, tree = 0.02 MB, solutions = 3)
     10    10   134750.2964  1725   147296.7319   134735.5108    27377    8.53%
Time: 336.172068834304810 seconds
MIP Gap: 0.085259495142943
Nodes: 23
Best Objective: 134738.286944638966816
Incumbent Obj:  147296.731946612533648
     27    26   134766.2286  1371   147296.7319   134738.2869    28248    8.53%
     67    45   134774.0489  1377   147296.7319   134739.4148    29556    8.53%
    125    92   134765.0791  1620   147296.7319   134739.5606    31499    8.53%
    194   163   134806.9373  1458   147296.7319   134742.0271    33463    8.52%
Time: 342.034735918045044 seconds
MIP Gap: 0.085209544175703
Nodes: 210
Best Objective: 134745.644558870990295
Incumbent Obj:  147296.731946612533648
    241   221   134799.9604  1113   147296.7319   134745.6446    35407    8.52%
    324   281   134909.6941  1095   147296.7319   134747.6309    37589    8.52%
    432   357   134852.9902  1243   147296.7319   134748.7390    39551    8.52%
Time: 348.029810905456543 seconds
MIP Gap: 0.085188535655624
Nodes: 396
Best Objective: 134748.739045221562264
Incumbent Obj:  147296.731946612533648
    507   465   134764.7772  1386   147296.7319   134748.7390    42435    8.52%
Time: 354.574748992919922 seconds
MIP Gap: 0.085178332379843
Nodes: 603
Best Objective: 134750.241954399272799
Incumbent Obj:  147296.731946612533648
Time: 362.054745912551880 seconds
MIP Gap: 0.085174985639407
Nodes: 713
Best Objective: 134750.734918328176718
Incumbent Obj:  147296.731946612533648
    773   716   134948.8199   757   147296.7319   134750.7349    52676    8.52%
Elapsed time = 314.41 sec. (52684.94 ticks, tree = 54.13 MB, solutions = 3)
*   852+  613                       137338.0837   134750.7349             1.88%
*   894+  656                       137203.7991   134750.7349             1.79%
    905   827   135103.1653   684   137203.7991   134750.7349    55634    1.79%
*   912+  737                       136677.6069   134750.7349             1.41%
Time: 377.398708820343018 seconds
MIP Gap: 0.017878981384538
Nodes: 862
Best Objective: 134750.734918328176718
Incumbent Obj:  137203.799088112398749
    946   860   135164.2052   536   136677.6069   134750.7349    56723    1.41%
Time: 383.476680994033813 seconds
MIP Gap: 0.017878981384538
Nodes: 925
Best Objective: 134750.734918328176718
Incumbent Obj:  137203.799088112398749
   1016   921   135165.9028  1113   136677.6069   134750.7349    59523    1.41%
Time: 389.781858921051025 seconds
MIP Gap: 0.014097934417276
Nodes: 1020
Best Objective: 134750.734918328176718
Incumbent Obj:  136677.606856095604599
   1127  1023   135028.8667   543   136677.6069   134750.7349    62971    1.41%
   1153  1048   135166.5781   628   136677.6069   134750.7349    64589    1.41%
   1235  1144   135280.5152   726   136677.6069   134750.7349    70015    1.41%
Time: 403.905300855636597 seconds
MIP Gap: 0.014097934417276
Nodes: 1205
Best Objective: 134750.734918328176718
Incumbent Obj:  136677.606856095604599
   1308  1221   135323.2203   183   136677.6069   134750.7349    72877    1.41%
Time: 411.171591997146606 seconds
MIP Gap: 0.014097934417276
Nodes: 1252
Best Objective: 134750.734918328176718
Incumbent Obj:  136677.606856095604599
   1332  1256   135474.5033   250   136677.6069   134750.7349    74768    1.41%
Time: 417.240712881088257 seconds
MIP Gap: 0.014097934417276
Nodes: 1307
Best Objective: 134750.734918328176718
Incumbent Obj:  136677.606856095604599
   1407  1318   135174.7567   570   136677.6069   134750.7349    78688    1.41%
   1539  1421   135202.6703   610   136677.6069   134750.7349    84711    1.41%
Elapsed time = 378.43 sec. (62387.44 ticks, tree = 157.58 MB, solutions = 8)
Time: 429.161901950836182 seconds
MIP Gap: 0.014097934417276
Nodes: 1438
Best Objective: 134750.734918328176718
Incumbent Obj:  136677.606856095604599
Time: 437.972836017608643 seconds
MIP Gap: 0.014097934417276
Nodes: 1569
Best Objective: 134750.734918328176718
Incumbent Obj:  136677.606856095604599
   1706  1592   135365.0725   178   136677.6069   134750.7349    93075    1.41%
Time: 446.106805801391602 seconds
MIP Gap: 0.014090890078523
Nodes: 1705
Best Objective: 134751.697721690783510
Incumbent Obj:  136677.606856095604599
   1910  1708   135170.1838   523   136677.6069   134752.0652    98203    1.41%
Time: 454.855423927307129 seconds
MIP Gap: 0.014081445446839
Nodes: 1862
Best Objective: 134752.988591346918838
Incumbent Obj:  136677.606856095604599
   2093  1915   135019.4108   905   136677.6069   134753.1638   107852    1.41%
Time: 462.311739921569824 seconds
MIP Gap: 0.014079690805398
Nodes: 1982
Best Objective: 134753.228411540010711
Incumbent Obj:  136677.606856095604599
   2409  2212   135078.8184   547   136677.6069   134753.3514   122385    1.41%
Time: 475.859215021133423 seconds
MIP Gap: 0.014078790600940
Nodes: 2279
Best Objective: 134753.351449331035838
Incumbent Obj:  136677.606856095604599
Time: 490.338996887207031 seconds
MIP Gap: 0.014078790600940
Nodes: 2564
Best Objective: 134753.351449331035838
Incumbent Obj:  136677.606856095604599
   2738  2389   135409.8424   463   136677.6069   134753.3514   130590    1.41%
   3031  2838   135193.7829   619   136677.6069   134753.3514   154331    1.41%
Time: 504.748773813247681 seconds
MIP Gap: 0.014078790600940
Nodes: 2921
Best Objective: 134753.351449331035838
Incumbent Obj:  136677.606856095604599
   3262  2991   135323.9688   569   136677.6069   134753.3514   162785    1.41%
Time: 522.343525886535645 seconds
MIP Gap: 0.014078790600940
Nodes: 3229
Best Objective: 134753.351449331035838
Incumbent Obj:  136677.606856095604599
   3484  3335   135710.6531   192   136677.6069   134753.3514   187561    1.41%
Time: 539.847290992736816 seconds
MIP Gap: 0.014078790600940
Nodes: 3490
Best Objective: 134753.351449331035838
Incumbent Obj:  136677.606856095604599
   3675  3410   135700.2796   252   136677.6069   134753.3514   194127    1.41%
   3874  3502   135678.0405   198   136677.6069   134753.3514   202629    1.41%
Elapsed time = 504.35 sec. (71983.32 ticks, tree = 470.43 MB, solutions = 8)
Time: 556.014117956161499 seconds
MIP Gap: 0.014078790600940
Nodes: 3770
Best Objective: 134753.351449331035838
Incumbent Obj:  136677.606856095604599
   4065  3938   135566.4826   466   136677.6069   134753.3514   239890    1.41%
Time: 573.276742935180664 seconds
MIP Gap: 0.014078790600940
Nodes: 4048
Best Objective: 134753.351449331035838
Incumbent Obj:  136677.606856095604599
   4228  4035   135221.6367   431   136677.6069   134753.3514   249544    1.41%
*  4247+ 4051                       136451.8190   134753.3514             1.24%
*  4276+ 4051                       136210.4623   134753.3514             1.07%
Time: 586.729753017425537 seconds
MIP Gap: 0.010697495721141
Nodes: 4139
Best Objective: 134753.351449331035838
Incumbent Obj:  136210.462286818918074
   4336  4093   135416.8510   482   136210.4623   134753.3514   254025    1.07%
*  4393+ 3945                       135957.4808   134753.3514             0.89%
   4397  4151   135254.9305   337   135957.4808   134753.3514   258815    0.89%
Time: 596.810902833938599 seconds
MIP Gap: 0.008856661131519
Nodes: 4214
Best Objective: 134753.351449331035838
Incumbent Obj:  135957.480784938234137
   4453  4220   135836.1838   212   135957.4808   134753.3514   267381    0.89%
   4516  4273   134770.1804  1418   135957.4808   134753.3514   270683    0.89%
Time: 617.559384822845459 seconds
MIP Gap: 0.008856661131519
Nodes: 4359
Best Objective: 134753.351449331035838
Incumbent Obj:  135957.480784938234137
   4616  4323   135899.6262   180   135957.4808   134753.3514   275580    0.89%
*  4696+ 4378                       135934.3356   134753.3514             0.87%
   4713  4443   134968.7074  1363   135934.3356   134753.3514   287013    0.87%
Time: 637.298723936080933 seconds
MIP Gap: 0.008687901511778
Nodes: 4563
Best Objective: 134753.351449331035838
Incumbent Obj:  135934.335568821901688
*  4775+ 4272                       135535.1457   134753.3514             0.58%
*  4794+ 4272                       135498.5519   134753.3514             0.55%
*  4810+ 4272                       135297.3811   134753.3514             0.40%
   4810  4501   135330.9140   322   135297.3811   134753.3514   294456    0.40%
*  4827+ 4272                       135230.6715   134753.3514             0.35%
   4864  4531   135649.9131   450   135230.6715   134753.3514   297217    0.35%
Elapsed time = 596.69 sec. (81716.98 ticks, tree = 654.88 MB, solutions = 18)
Time: 647.174937963485718 seconds
MIP Gap: 0.003529673111528
Nodes: 4646
Best Objective: 134753.351449331035838
Incumbent Obj:  135230.671514429355739
   4931  2597   135156.8665  1454   135230.6715   134753.3514   302127    0.35%
Time: 656.951594829559326 seconds
MIP Gap: 0.003529673111528
Nodes: 4730
Best Objective: 134753.351449331035838
Incumbent Obj:  135230.671514429355739
   5020  2608   134933.2247  1304   135230.6715   134753.3514   303522    0.35%
   5129  2663   135095.4440  1213   135230.6715   134753.3514   308011    0.35%
Time: 669.504268884658813 seconds
MIP Gap: 0.003529673111528
Nodes: 4900
Best Objective: 134753.351449331035838
Incumbent Obj:  135230.671514429355739
*  5204+ 2596                       135190.3013   134753.3514             0.32%
   5230  2734   135142.1245   446   135190.3013   134753.3514   311330    0.32%
*  5231+ 2618                       135182.9392   134753.3514             0.32%
   5349  2621        cutoff         135182.9392   134753.3514   316395    0.32%
Time: 678.511620998382568 seconds
MIP Gap: 0.003177825126290
Nodes: 5088
Best Objective: 134753.351449331035838
Incumbent Obj:  135182.939190135133686
   5437  2657   135026.4600  1119   135182.9392   134753.3514   318835    0.32%
   5512  2677   135178.5551   525   135182.9392   134753.3514   320254    0.32%

Performing restart 1

Repeating presolve.
Tried aggregator 1 time.
MIP Presolve eliminated 0 rows and 4 columns.
MIP Presolve modified 136 coefficients.
Reduced MIP has 6677 rows, 149802 columns, and 300804 nonzeros.
Reduced MIP has 149802 binaries, 0 generals, 0 SOSs, and 0 indicators.
Presolve time = 0.78 sec. (292.27 ticks)
Tried aggregator 1 time.
MIP Presolve modified 42 coefficients.
Reduced MIP has 6677 rows, 149802 columns, and 300804 nonzeros.
Reduced MIP has 149802 binaries, 0 generals, 0 SOSs, and 0 indicators.
Presolve time = 1.31 sec. (343.37 ticks)
Represolve time = 62.29 sec. (8268.13 ticks)
   5527     0   134784.9499  1861   135182.9392     Cuts: 141   359253    0.29%
   5527     0   134798.5071  1725   135182.9392     Cuts: 101   359499    0.28%
*  5527+    0                       135170.6138   134798.5071             0.28%
   5527     0   134805.9894  1653   135170.6138      Cuts: 88   359685    0.27%
   5527     0   134815.2207  1677   135170.6138      Cuts: 91   359872    0.26%
   5527     0   134825.1284  1452   135170.6138     Cuts: 124   360092    0.26%
   5527     0   134832.1722  1223   135170.6138     Cuts: 119   360241    0.25%
   5527     0   134835.0115  1524   135170.6138      Cuts: 42   360358    0.25%
   5527     0   134837.1130  1549   135170.6138      Cuts: 70   360459    0.25%
   5527     0   134838.5562  1575   135170.6138      Cuts: 41   360547    0.25%
   5527     0   134840.4894  1630   135170.6138      Cuts: 61   360621    0.24%
   5527     0   134842.6474  1546   135170.6138      Cuts: 51   360719    0.24%
   5527     0   134844.1117  1380   135170.6138      Cuts: 44   360772    0.24%
   5527     0   134844.9982  1298   135170.6138      Cuts: 23   360825    0.24%
   5527     0   134846.7141  1422   135170.6138      Cuts: 38   360890    0.24%
   5527     0   134848.2554  1462   135170.6138      Cuts: 26   360942    0.24%
   5527     0   134849.1416  1392   135170.6138      Cuts: 24   360986    0.24%
   5527     0   134850.5195  1247   135170.6138      Cuts: 21   361035    0.24%
   5527     0   134851.1736  1319   135170.6138      Cuts: 15   361068    0.24%
   5527     0   134851.7272  1182   135170.6138      Cuts: 19   361101    0.24%
   5527     0   134852.9521  1255   135170.6138      Cuts: 15   361127    0.24%
Time: 881.208267927169800 seconds
MIP Gap: 0.002350079763372
Nodes: 5527
Best Objective: 134852.952092115359847
Incumbent Obj:  135170.613816247554496
   5527     2   134852.9521  1255   135170.6138   134852.9521   361127    0.24%
Time: 887.967293024063110 seconds
MIP Gap: 0.002299998100042
Nodes: 5542
Best Objective: 134859.721661288698670
Incumbent Obj:  135170.613816247554496
   5550    16   134948.1430  1214   135170.6138   134860.4573   361394    0.23%
Time: 893.430684804916382 seconds
MIP Gap: 0.002240984750584
Nodes: 5576
Best Objective: 134867.698531958216336
Incumbent Obj:  135170.613816247554496
Time: 899.296885967254639 seconds
MIP Gap: 0.002134322038242
Nodes: 5746
Best Objective: 134882.116196256829426
Incumbent Obj:  135170.613816247554496
   5845   231   135032.9175   929   135170.6138   134882.1162   366484    0.21%
Elapsed time = 849.99 sec. (127812.02 ticks, tree = 19.84 MB, solutions = 30)
*  6131+   39                       135125.6139   134882.1162             0.18%
Time: 905.931635856628418 seconds
MIP Gap: 0.002134322038242
Nodes: 6087
Best Objective: 134882.116196256829426
Incumbent Obj:  135170.613816247554496
   6179   554   135019.2847  1084   135125.6139   134882.1162   374287    0.18%
Time: 911.567380905151367 seconds
MIP Gap: 0.001802010015071
Nodes: 6203
Best Objective: 134882.116196256829426
Incumbent Obj:  135125.613905807724223
*  6319+   36                       135125.6139   134882.1162             0.18%
*  6324+   39                       135117.7312   134882.1162             0.17%
   6370   636   134963.7585   687   135117.7312   134882.1162   377165    0.17%
Time: 918.739768028259277 seconds
MIP Gap: 0.001802010015071
Nodes: 6591
Best Objective: 134882.116196256829426
Incumbent Obj:  135125.613905807724223
   6863  1063   134915.3690   884   135117.7312   134882.1162   387374    0.17%
Time: 925.064419031143188 seconds
MIP Gap: 0.001771143224645
Nodes: 6952
Best Objective: 134886.287090262398124
Incumbent Obj:  135125.613905807724223
   7475  1418   134912.7832   995   135117.7312   134886.2871   395690    0.17%
Time: 932.016016006469727 seconds
MIP Gap: 0.001771143224645
Nodes: 7311
Best Objective: 134886.287090262398124
Incumbent Obj:  135125.613905807666015
   7736  1696   134988.4438   843   135117.7312   134886.2871   402708    0.17%
Time: 942.844828844070435 seconds
MIP Gap: 0.001771143224645
Nodes: 7644
Best Objective: 134886.287090262398124
Incumbent Obj:  135125.613905807666015
   8143  2028   135025.9511   499   135117.7312   134886.2871   409872    0.17%
Time: 951.014899969100952 seconds
MIP Gap: 0.001771143224645
Nodes: 8125
Best Objective: 134886.287090262398124
Incumbent Obj:  135125.613905807666015
Time: 956.622754812240601 seconds
MIP Gap: 0.001771143224645
Nodes: 8453
Best Objective: 134886.287090262398124
Incumbent Obj:  135125.613905807666015
   8703  2458   134922.3349   680   135117.7312   134886.2871   419093    0.17%
Time: 963.572593927383423 seconds
MIP Gap: 0.001712906748981
Nodes: 8729
Best Objective: 134886.287090262398124
Incumbent Obj:  135117.731163880001986
   9122  2708   135099.5767   494   135117.7312   134887.7121   426298    0.17%
Time: 973.168910980224609 seconds
MIP Gap: 0.001712906748981
Nodes: 9051
Best Objective: 134886.287090262398124
Incumbent Obj:  135117.731163880001986
   9367  2878   135037.7683   902   135117.7312   134887.7121   430252    0.17%
   9880  3182        cutoff         135117.7312   134887.7121   435960    0.17%
Elapsed time = 931.85 sec. (137373.77 ticks, tree = 459.00 MB, solutions = 32)
Time: 982.146217823028564 seconds
MIP Gap: 0.001702360260312
Nodes: 9617
Best Objective: 134887.712107883155113
Incumbent Obj:  135117.731163880001986
* 10064+ 3402                       135105.8533   134887.7121             0.16%
Time: 988.462703943252563 seconds
MIP Gap: 0.001614594761049
Nodes: 9919
Best Objective: 134887.712107883155113
Incumbent Obj:  135105.853310825885274
  10328  3553   135044.9203   901   135105.8533   134887.7121   446819    0.16%
Time: 993.747798919677734 seconds
MIP Gap: 0.001614594761049
Nodes: 10037
Best Objective: 134887.712107883155113
Incumbent Obj:  135105.853310825885274
Time: 998.912212848663330 seconds
MIP Gap: 0.001614594761049
Nodes: 10224
Best Objective: 134887.712107883155113
Incumbent Obj:  135105.853310825885274
  10546  3739   135052.5618   895   135105.8533   134887.7121   449341    0.16%
  10792  3964   134977.5808   810   135105.8533   134887.7121   453068    0.16%
Time: 1007.316176891326904 seconds
MIP Gap: 0.001614594761049
Nodes: 10532
Best Objective: 134887.712107883155113
Incumbent Obj:  135105.853310825885274
  11099  4241   135008.3045   673   135105.8533   134887.7121   457586    0.16%
Time: 1013.177875995635986 seconds
MIP Gap: 0.001614594761049
Nodes: 10773
Best Objective: 134887.712107883155113
Incumbent Obj:  135105.853310825885274
Time: 1018.190668821334839 seconds
MIP Gap: 0.001614594761049
Nodes: 11092
Best Objective: 134887.712107883155113
Incumbent Obj:  135105.853310825885274
  11561  4623   135080.3857   410   135105.8533   134887.7121   464715    0.16%
* 11567+ 4309                       135101.4267   134887.7121             0.16%
Time: 1023.823910951614380 seconds
MIP Gap: 0.001581882889093
Nodes: 11328
Best Objective: 134887.712107883155113
Incumbent Obj:  135101.426743140211329
  11794  4801        cutoff         135101.4267   134887.7121   470374    0.16%
Time: 1029.927369832992554 seconds
MIP Gap: 0.001581882889093
Nodes: 11407
Best Objective: 134887.712107883155113
Incumbent Obj:  135101.426743140211329
* 11914+ 4849                       135092.5600   134887.7121             0.15%
  11965  4937   135065.3649   457   135092.5600   134887.7121   472863    0.15%
Time: 1038.398000001907349 seconds
MIP Gap: 0.001516351833440
Nodes: 11608
Best Objective: 134887.712107883155113
Incumbent Obj:  135092.559958860918414
  12091  4890   135072.4160   552   135092.5600   134887.7121   475849    0.15%
Time: 1047.867244958877563 seconds
MIP Gap: 0.001516351833440
Nodes: 11841
Best Objective: 134887.712107883155113
Incumbent Obj:  135092.559958860918414
  12329  5044   135040.4654   599   135092.5600   134887.7121   479644    0.15%
Time: 1053.712771892547607 seconds
MIP Gap: 0.001516351833440
Nodes: 12038
Best Objective: 134887.712107883155113
Incumbent Obj:  135092.559958860918414
Time: 1060.592358827590942 seconds
MIP Gap: 0.001516351833440
Nodes: 12212
Best Objective: 134887.712107883155113
Incumbent Obj:  135092.559958860918414
* 12641+ 5077                       135089.8235   134887.7121             0.15%
  12660  5299   134925.8550   810   135089.8235   134887.7121   484622    0.15%
Elapsed time = 1011.73 sec. (146961.08 ticks, tree = 846.58 MB, solutions = 36)
* 12759+ 5235                       135087.3202   134887.7121             0.15%
  12781  5442   134927.3486   818   135087.3202   134887.7121   487239    0.15%
Time: 1067.923852920532227 seconds
MIP Gap: 0.001496125705604
Nodes: 12392
Best Objective: 134887.712107883155113
Incumbent Obj:  135089.823465335124638
  12874  5441   135001.0713   878   135087.3202   134887.7121   488693    0.15%
Time: 1075.466943979263306 seconds
MIP Gap: 0.001477622431539
Nodes: 12574
Best Objective: 134887.712107883155113
Incumbent Obj:  135087.320162371615879
  13015  5471   135047.1784   742   135087.3202   134887.7121   491012    0.15%
  13127  5578   134941.1658   939   135087.3202   134887.7121   492687    0.15%
Time: 1080.811151027679443 seconds
MIP Gap: 0.001477622431539
Nodes: 12776
Best Objective: 134887.712107883155113
Incumbent Obj:  135087.320162371615879
Time: 1087.112792015075684 seconds
MIP Gap: 0.001477622431539
Nodes: 12996
Best Objective: 134887.712107883155113
Incumbent Obj:  135087.320162371615879
  13351  5686   134963.7519   931   135087.3202   134887.7121   495153    0.15%
  13651  6187   135082.8105   544   135087.3202   134887.7121   505673    0.15%
Time: 1096.802747011184692 seconds
MIP Gap: 0.001477622431539
Nodes: 13469
Best Objective: 134887.712107883155113
Incumbent Obj:  135087.320162371615879
  14063  6458   135051.1421   338   135087.3202   134887.7121   511083    0.15%
Time: 1103.042753934860229 seconds
MIP Gap: 0.001477622431539
Nodes: 13796
Best Objective: 134887.712107883155113
Incumbent Obj:  135087.320162371615879
* 14232+ 6336                       135084.5837   134887.7121             0.15%
Time: 1112.751049995422363 seconds
MIP Gap: 0.001457394734585
Nodes: 13972
Best Objective: 134887.712107883155113
Incumbent Obj:  135084.583668845763896
  14423  6727   134930.0354  1013   135084.5837   134887.7121   517676    0.15%
  14558  6747   135003.7257   505   135084.5837   134887.7121   519936    0.15%
Time: 1122.011796951293945 seconds
MIP Gap: 0.001457394734585
Nodes: 14274
Best Objective: 134887.712107883155113
Incumbent Obj:  135084.583668845763896
  14808  6982   135072.5777   724   135084.5837   134887.7121   525862    0.15%
Elapsed time = 1074.64 sec. (156602.49 ticks, tree = 1155.30 MB, solutions = 39)
  15102  7276   135003.6219  1065   135084.5837   134887.7121   532194    0.15%
Time: 1132.657938003540039 seconds
MIP Gap: 0.001457394734585
Nodes: 14801
Best Objective: 134887.712107883155113
Incumbent Obj:  135084.583668845763896
  15527  7639   135032.2297  1001   135084.5837   134887.7121   540046    0.15%
Time: 1143.595090866088867 seconds
MIP Gap: 0.001457394734585
Nodes: 15456
Best Objective: 134887.712107883155113
Incumbent Obj:  135084.583668845763896
  16097  8017   134968.2728   827   135084.5837   134892.8717   547138    0.14%
Time: 1149.096390008926392 seconds
MIP Gap: 0.001457394734585
Nodes: 15900
Best Objective: 134887.712107883155113
Incumbent Obj:  135084.583668845763896
Time: 1154.794451951980591 seconds
MIP Gap: 0.001419199682895
Nodes: 16326
Best Objective: 134892.871670538937906
Incumbent Obj:  135084.583668845763896
  16818  8732   135044.5838   860   135084.5837   134892.8717   561565    0.14%
Time: 1163.570780992507935 seconds
MIP Gap: 0.001419199682895
Nodes: 16773
Best Objective: 134892.871670538937906
Incumbent Obj:  135084.583668845763896
  17433  9209   135052.8769   982   135084.5837   134892.8717   572134    0.14%
Time: 1174.257851839065552 seconds
MIP Gap: 0.001419199682895
Nodes: 17469
Best Objective: 134892.871670538937906
Incumbent Obj:  135084.583668845763896
  18025  9729   135042.5665   862   135084.5837   134892.8717   582992    0.14%
Time: 1183.647501945495605 seconds
MIP Gap: 0.001419199682895
Nodes: 17556
Best Objective: 134892.871670538937906
Incumbent Obj:  135084.583668845763896
  18198  9910   134955.1303   798   135084.5837   134892.8717   586337    0.14%
Time: 1189.002660989761353 seconds
MIP Gap: 0.001419199682895
Nodes: 17828
Best Objective: 134892.871670538937906
Incumbent Obj:  135084.583668845763896
  18407 10046   134922.1048   837   135084.5837   134892.8717   588925    0.14%
Time: 1195.584600925445557 seconds
MIP Gap: 0.001419199682895
Nodes: 18054
Best Objective: 134892.871670538937906
Incumbent Obj:  135084.583668845763896
  18792 10457   135026.1859   752   135084.5837   134892.8717   598663    0.14%
Time: 1202.854756832122803 seconds
MIP Gap: 0.001419199682895
Nodes: 18354
Best Objective: 134892.871670538937906
Incumbent Obj:  135084.583668845763896
Time: 1209.579411029815674 seconds
MIP Gap: 0.001419199682895
Nodes: 18778
Best Objective: 134892.871670538937906
Incumbent Obj:  135084.583668845763896
  19269 10800   135045.4501  1064   135084.5837   134892.8717   606100    0.14%
Elapsed time = 1160.94 sec. (166162.63 ticks, tree = 1846.09 MB, solutions = 40)
Time: 1215.889863967895508 seconds
MIP Gap: 0.001419199682895
Nodes: 19206
Best Objective: 134892.871670538937906
Incumbent Obj:  135084.583668845763896
  19827 11294   135053.5934   403   135084.5837   134892.8717   617913    0.14%
Time: 1223.237501859664917 seconds
MIP Gap: 0.001419199682895
Nodes: 19642
Best Objective: 134892.871670538937906
Incumbent Obj:  135084.583668845763896
  20336 11587   135064.3305   831   135084.5837   134893.9252   625940    0.14%
Time: 1231.174860000610352 seconds
MIP Gap: 0.001419199682895
Nodes: 20104
Best Objective: 134892.871670538937906
Incumbent Obj:  135084.583668845763896
Time: 1241.519510030746460 seconds
MIP Gap: 0.001411400331841
Nodes: 20522
Best Objective: 134893.925242628902197
Incumbent Obj:  135084.583668845763896
  21031 12179   135079.9659   612   135084.5837   134893.9252   640538    0.14%
Time: 1252.049096822738647 seconds
MIP Gap: 0.001411400331841
Nodes: 21185
Best Objective: 134893.925242628902197
Incumbent Obj:  135084.583668845763896
  21703 13047   135065.9070   532   135084.5837   134893.9252   660572    0.14%
Time: 1260.542140960693359 seconds
MIP Gap: 0.001411400331841
Nodes: 21777
Best Objective: 134893.925242628902197
Incumbent Obj:  135084.583668845763896
  22423 13488   135025.4105   685   135084.5837   134893.9252   671179    0.14%
Time: 1270.384380817413330 seconds
MIP Gap: 0.001411400331841
Nodes: 22405
Best Objective: 134893.925242628902197
Incumbent Obj:  135084.583668845763896
  23319 14130   135072.1418  1114   135084.5837   134900.8168   686326    0.14%
Time: 1280.681036949157715 seconds
MIP Gap: 0.001330030843986
Nodes: 23144
Best Objective: 134904.917006019124528
Incumbent Obj:  135084.583668845763896
  24173 15246   134972.4886   830   135084.5837   134905.7092   709376    0.13%
Time: 1291.391752004623413 seconds
MIP Gap: 0.001330030843986
Nodes: 23902
Best Objective: 134904.917006019124528
Incumbent Obj:  135084.583668845763896
Time: 1301.808701992034912 seconds
MIP Gap: 0.001253092854809
Nodes: 24595
Best Objective: 134915.310142255533719
Incumbent Obj:  135084.583668845763896
  25004 15748   135003.2248   800   135084.5837   134915.3101   721969    0.13%
* 25163+15016                       135061.3594   134915.4436             0.11%
  25556 16194   135012.1462   947   135061.3594   134915.8683   732437    0.11%
Time: 1312.494381904602051 seconds
MIP Gap: 0.001077222509444
Nodes: 24930
Best Objective: 134915.868298962537665
Incumbent Obj:  135061.359435502614360
Time: 1318.148260831832886 seconds
MIP Gap: 0.001077222509444
Nodes: 25136
Best Objective: 134915.868298962537665
Incumbent Obj:  135061.359435502614360
Time: 1325.722223997116089 seconds
MIP Gap: 0.001077222509444
Nodes: 25424
Best Objective: 134915.868298962537665
Incumbent Obj:  135061.359435502614360
Time: 1335.189249992370605 seconds
MIP Gap: 0.001077222509444
Nodes: 25733
Best Objective: 134915.868298962537665
Incumbent Obj:  135061.359435502614360
  26640 14413   135010.2004  1164   135061.3594   134915.8683   757557    0.11%
Elapsed time = 1293.35 sec. (178584.33 ticks, tree = 2498.26 MB, solutions = 41)
Nodefile size = 443.63 MB (356.76 MB after compression)
Time: 1343.119778871536255 seconds
MIP Gap: 0.001077222509444
Nodes: 26166
Best Objective: 134915.868298962537665
Incumbent Obj:  135061.359435502614360
Time: 1351.258792877197266 seconds
MIP Gap: 0.001077222509444
Nodes: 26687
Best Objective: 134915.868298962537665
Incumbent Obj:  135061.359435502614360
Time: 1358.958920001983643 seconds
MIP Gap: 0.001076327427198
Nodes: 27093
Best Objective: 134915.989189987565624
Incumbent Obj:  135061.359435502614360
Time: 1368.899910926818848 seconds
MIP Gap: 0.001076327427198
Nodes: 27723
Best Objective: 134915.989189987565624
Incumbent Obj:  135061.359435502614360
  28909 16273        cutoff         135061.3594   134915.9892   806667    0.11%
Time: 1379.690230846405029 seconds
MIP Gap: 0.001076327427198
Nodes: 28385
Best Objective: 134915.989189987565624
Incumbent Obj:  135061.359435502614360
Time: 1391.529723882675171 seconds
MIP Gap: 0.001076327427198
Nodes: 29159
Best Objective: 134915.989189987565624
Incumbent Obj:  135061.359435502614360
Time: 1404.535521984100342 seconds
MIP Gap: 0.001076327427198
Nodes: 29964
Best Objective: 134915.989189987565624
Incumbent Obj:  135061.359435502614360
Time: 1416.615895986557007 seconds
MIP Gap: 0.001067525531263
Nodes: 30735
Best Objective: 134917.177986018155934
Incumbent Obj:  135061.359435502614360
  31587 18700   134978.9958   994   135061.3594   134918.8485   877926    0.11%
Time: 1428.830921888351440 seconds
MIP Gap: 0.001041726317331
Nodes: 31464
Best Objective: 134920.662462924112333
Incumbent Obj:  135061.359435502614360
Time: 1440.923478841781616 seconds
MIP Gap: 0.001041726317331
Nodes: 32155
Best Objective: 134920.662462924112333
Incumbent Obj:  135061.359435502614360
Time: 1468.442662000656128 seconds
MIP Gap: 0.001022604154847
Nodes: 33699
Best Objective: 134923.245128184527857
Incumbent Obj:  135061.359435502614360
  34259 20680   134960.5100   862   135061.3594   134923.2451   934243    0.10%
Time: 1480.767371892929077 seconds
MIP Gap: 0.001021801215808
Nodes: 34434
Best Objective: 134923.353574222768657
Incumbent Obj:  135061.359435502614360
Time: 1493.803419828414917 seconds
MIP Gap: 0.001014374755790
Nodes: 35191
Best Objective: 134924.356602008512709
Incumbent Obj:  135061.359435502614360
Time: 1508.684165000915527 seconds
MIP Gap: 0.001012234215526
Nodes: 36054
Best Objective: 134924.645706286537461
Incumbent Obj:  135061.359435502614360
  37137 22754   135040.0235   852   135061.3594   134924.6457   993720    0.10%
Time: 1521.209522008895874 seconds
MIP Gap: 0.001012234215526
Nodes: 36894
Best Objective: 134924.645706286537461
Incumbent Obj:  135061.359435502614360
Time: 1534.454427957534790 seconds
MIP Gap: 0.001001790079108
Nodes: 37823
Best Objective: 134926.056305549311219
Incumbent Obj:  135061.359435502614360
Time: 1547.686575889587402 seconds
MIP Gap: 0.001001079054561
Nodes: 38653
Best Objective: 134926.152337491133949
Incumbent Obj:  135061.359435502614360
  40143 25548   135061.3535   619   135061.3594   134926.5494  1066491    0.10%
Time: 1568.652364969253540 seconds
MIP Gap: 0.000997124239611
Nodes: 40122
Best Objective: 134926.686480174597818
Incumbent Obj:  135061.359435502614360
Time: 1583.675830841064453 seconds
MIP Gap: 0.000992632618104
Nodes: 41079
Best Objective: 134927.293124681484187
Incumbent Obj:  135061.359435502614360
Time: 1599.814533948898315 seconds
MIP Gap: 0.000988757285569
Nodes: 42232
Best Objective: 134927.816532361845020
Incumbent Obj:  135061.359435502614360
  43414 28424   135019.2644  1037   135061.3594   134927.9573  1147161    0.10%
Time: 1614.192754983901978 seconds
MIP Gap: 0.000984910884014
Nodes: 43286
Best Objective: 134928.336032584891655
Incumbent Obj:  135061.359435502614360
Time: 1628.805037975311279 seconds
MIP Gap: 0.000977960026191
Nodes: 44239
Best Objective: 134929.274824891675962
Incumbent Obj:  135061.359435502614360
Time: 1645.378333806991577 seconds
MIP Gap: 0.000975582234911
Nodes: 45275
Best Objective: 134929.595972614362836
Incumbent Obj:  135061.359435502614360
  46533 30405   135048.7483   685   135061.3594   134930.0181  1201398    0.10%
Time: 1660.590999841690063 seconds
MIP Gap: 0.000971961803839
Nodes: 46333
Best Objective: 134930.084952956793131
Incumbent Obj:  135061.359435502614360
Time: 1676.979138851165771 seconds
MIP Gap: 0.000966063599804
Nodes: 47525
Best Objective: 134930.881572411948582
Incumbent Obj:  135061.359435502614360
Time: 1693.746851921081543 seconds
MIP Gap: 0.000966063599804
Nodes: 48609
Best Objective: 134930.881572411948582
Incumbent Obj:  135061.359435502614360
* 49171+32199                       135056.2246   134930.8816             0.09%
  49355 32720   134978.6781   917   135056.2246   134931.6431  1274042    0.09%
* 49497+31655                       135056.2246   134931.6431             0.09%
Time: 1707.058756828308105 seconds
MIP Gap: 0.000922441432060
Nodes: 48898
Best Objective: 134931.643102372036083
Incumbent Obj:  135056.224559563415824
Time: 1721.881187915802002 seconds
MIP Gap: 0.000922441432060
Nodes: 49377
Best Objective: 134931.643102372036083
Incumbent Obj:  135056.224559563415824
  50606 33058        cutoff         135056.2246   134931.6431  1315512    0.09%
Time: 1734.490614891052246 seconds
MIP Gap: 0.000917779255729
Nodes: 49882
Best Objective: 134932.272758305422030
Incumbent Obj:  135056.224559563328512
Time: 1748.281601905822754 seconds
MIP Gap: 0.000917779255729
Nodes: 50334
Best Objective: 134932.272758305422030
Incumbent Obj:  135056.224559563328512
  51816 33626   135026.0476   659   135056.2246   134932.2728  1334785    0.09%
Elapsed time = 1712.17 sec. (216739.10 ticks, tree = 6059.51 MB, solutions = 43)
Nodefile size = 3997.11 MB (3218.79 MB after compression)
Time: 1764.762804985046387 seconds
MIP Gap: 0.000917779255729
Nodes: 51045
Best Objective: 134932.272758305422030
Incumbent Obj:  135056.224559563328512
Time: 1779.809681892395020 seconds
MIP Gap: 0.000915151996195
Nodes: 51839
Best Objective: 134932.627586059126770
Incumbent Obj:  135056.224559563328512
Time: 1795.761559963226318 seconds
MIP Gap: 0.000914185769283
Nodes: 52886
Best Objective: 134932.758081017935183
Incumbent Obj:  135056.224559563328512
  53870 35068   135047.2537  1124   135056.2246   134932.7581  1383402    0.09%
Time: 1819.495499849319458 seconds
MIP Gap: 0.000912915368807
Nodes: 54377
Best Objective: 134932.929656509862980
Incumbent Obj:  135056.224559563328512
Time: 1837.101953983306885 seconds
MIP Gap: 0.000885033343168
Nodes: 55625
Best Objective: 134936.695297625701642
Incumbent Obj:  135056.224559563328512
  56682 37601   135033.5378   713   135056.2246   134936.8738  1476897    0.09%
Time: 1859.095161914825439 seconds
MIP Gap: 0.000877612468726
Nodes: 56794
Best Objective: 134937.697532910853624
Incumbent Obj:  135056.224559563328512
  58667 39281   135052.8985  1074   135056.2246   134938.4852  1541942    0.09%
  60266 40841   135041.7464   812   135056.2246   134938.4852  1602143    0.09%
  61910 41969   134991.2628   812   135056.2246   134938.4852  1648883    0.09%
  63535 42867        cutoff         135056.2246   134938.4852  1683840    0.09%
Time: 2029.195503950119019 seconds
MIP Gap: 0.000871780414319
Nodes: 64226
Best Objective: 134938.485188160411781
Incumbent Obj:  135056.224559563328512
  66071 45023   135044.9878   523   135056.2246   134938.8027  1778497    0.09%
Time: 2052.742719888687134 seconds
MIP Gap: 0.000869429490571
Nodes: 65498
Best Objective: 134938.802695046004374
Incumbent Obj:  135056.224559563328512

Performing restart 2

Repeating presolve.
Tried aggregator 1 time.
MIP Presolve eliminated 63 rows and 25303 columns.
MIP Presolve modified 1608 coefficients.
Reduced MIP has 6614 rows, 124499 columns, and 250198 nonzeros.
Reduced MIP has 124499 binaries, 0 generals, 0 SOSs, and 0 indicators.
Presolve time = 0.79 sec. (290.08 ticks)
Tried aggregator 1 time.
MIP Presolve modified 336 coefficients.
Reduced MIP has 6614 rows, 124499 columns, and 250198 nonzeros.
Reduced MIP has 124499 binaries, 0 generals, 0 SOSs, and 0 indicators.
Presolve time = 0.93 sec. (310.63 ticks)
Represolve time = 64.40 sec. (9899.94 ticks)
  67000     0   134870.9225  1345   135056.2246      Cuts: 48  1843980    0.08%
  67000     0   134875.8823  1327   135056.2246      Cuts: 10  1844081    0.08%
  67000     0   134877.1000  1367   135056.2246      Cuts: 29  1844127    0.08%
