Debug: configOverride contents: IsWeighted_ObjFunc add_break_callback add_generate_reports add_threshold_distance_rssv bw_multiplier capacities cover_mode coverages cust_max_id distance_matrix loc_max_id max_ite_subprob_rssv method method_post_opt method_rssv_fp method_rssv_sp output p seed service size_subproblems_rssv subarea threads time time_cplex time_subprob_rssv weights 
Loading instance...
Scanning input data...
Distance matrix dimensions: 4462 x 4462 = 19909444
Elapsed time: 0 ms

Loading weights...
Skipped line: customer weight coord_x coord_y
Loaded 4461 weights
Loaded 4461 coordinates
Total customer demand: 224395.00
Elapsed time: 56 ms

Loading capacities...
Skipped line: location capacity coord_x coord_y
Loaded 4461 capacities
Loaded 4461 coordinates
Elapsed time: 60 ms

Loading distance matrix...
Computing euclidian distances...
bw multiplier: 0.50
Loaded 19904982 distances
dists stdev: 954.33
bandwidth h: 17.53
locations: 4461
customers: 4461
p: 250
Elapsed time: 345 ms

[INFO] Instance loaded
loc_max_id: 4461
loc_cnt: 4461
service: fnl4461_0250
cust_max_id: 4461
cust_cnt: 4461
unweighted obj function
p: 250
total_demand: 224395.00


-------------------------------------------------


-------------------------------------------------
RSSV heuristic 
-------------------------------------------------
method subproblems: TB_PMP
method final problem: EXACT_CPMP_BIN
-------------------------------------------------
RSSV running...
cPMP size (N): 4461
sub-cPMP size (n): 1784
Subproblems cnt (M): 12
p: 250
Seed: 500
Time limit for subproblems: 300.00

thread cnt: 20

Thread 1 created with seed 501
Thread 2 created with seed 502
Thread 3 created with seed 503
Thread 4 created with seed 504
Thread 5 created with seed 505
Solving sub-PMP 1/12...
Solving sub-PMP 3/12...
Solving sub-PMP 2/12...
Thread 6 created with seed 506
Solving sub-PMP 4/12...
Solving sub-PMP 5/12...
Thread 7 created with seed 507
Thread 8 created with seed 508
Thread 9 created with seed 509
Solving sub-PMP 8/12...
Solving sub-PMP Solving sub-PMP 7/612/12...
...
Thread 10 created with seed 510
Thread 11 created with seed 511
Solving sub-PMP 9/12...
Thread 12 created with seed 512
Solving sub-PMP 11/12...
Solving sub-PMP 12/12...
Solving sub-PMP 10/12...
uncapacitated TB started
uncapacitated TB started
uncapacitated TB started
uncapacitated TB started
uncapacitated TB started
uncapacitated TB started
uncapacitated TB started
uncapacitated TB started
uncapacitated TB started
uncapacitated TB started
uncapacitated TB started
uncapacitated TB started
[INFO] Uncapacitated TB local search started
[INFO] Uncapacitated TB local search started
[INFO] Uncapacitated TB local search started
[INFO] Uncapacitated TB local search started
[INFO] Uncapacitated TB local search started
[INFO] Uncapacitated TB local search started
[INFO] Uncapacitated TB local search started
[INFO] Uncapacitated TB local search started
[INFO] Uncapacitated TB local search started
[INFO] Uncapacitated TB local search started
[INFO] Uncapacitated TB local search started
[INFO] Uncapacitated TB local search started

[INFO] Time limit reached. Stopping the algorithm.
TB elapsed time: 300.00 seconds
Num ite total uncapacited TB: 42
tb solution is feasible

[INFO] Time limit reached. Stopping the algorithm.
TB elapsed time: 300.00 seconds
Num ite total uncapacited TB: 45
tb solution is feasible

[INFO] Time limit reached. Stopping the algorithm.
TB elapsed time: 300.00 seconds
Num ite total uncapacited TB: 27
tb solution is feasible

[INFO] Time limit reached. Stopping the algorithm.
TB elapsed time: 300.00 seconds
Num ite total uncapacited TB: 35
tb solution is feasible

[INFO] Time limit reached. Stopping the algorithm.
TB elapsed time: 300.00 seconds
Num ite total uncapacited TB: 31
tb solution is feasible

[INFO] Time limit reached. Stopping the algorithm.
TB elapsed time: 300.01 seconds
Num ite total uncapacited TB: 38
tb solution is feasible

[INFO] Time limit reached. Stopping the algorithm.
TB elapsed time: 300.00 seconds
Num ite total uncapacited TB: 29
tb solution is feasible

[INFO] Time limit reached. Stopping the algorithm.
TB elapsed time: 300.01 seconds
Num ite total uncapacited TB: 38
tb solution is feasible

[INFO] Time limit reached. Stopping the algorithm.
TB elapsed time: 300.01 seconds
Num ite total uncapacited TB: 32
tb solution is feasible

[INFO] Time limit reached. Stopping the algorithm.
TB elapsed time: 300.01 seconds
Num ite total uncapacited TB: 34
tb solution is feasible

[INFO] Time limit reached. Stopping the algorithm.
TB elapsed time: 300.01 seconds
Num ite total uncapacited TB: 32
tb solution is feasible

[INFO] Time limit reached. Stopping the algorithm.
TB elapsed time: 300.01 seconds
Num ite total uncapacited TB: 29
tb solution is feasible
[INFO] All subproblems solved.

Elapsed time: 300892 ms


Stats: 
Max dist: 408.63
Min dist: 0.00
avg of Avg dists: 97.78
avg Std dev dist: 56.72

First 1784 voting weights (sorted): 352(5.00) 1869(5.00) 1900(4.37) 3350(4.18) 1510(4.11) 323(4.05) 2604(4.04) 1690(4.00) 2841(4.00) 2636(4.00) 403(4.00) 2034(3.78) 3585(3.52) 1074(3.38) 4387(3.36) 217(3.29) 4039(3.27) 1573(3.27) 2915(3.24) 587(3.21) 23(3.21) 1419(3.18) 4450(3.18) 2747(3.18) 3227(3.15) 165(3.11) 4240(3.10) 281(3.08) 4402(3.07) 2507(3.07) 3948(3.07) 416(3.05) 260(3.05) 1003(3.05) 3529(3.05) 628(3.05) 2950(3.04) 4106(3.04) 111(3.03) 364(3.03) 2090(3.03) 3539(3.03) 3026(3.00) 1151(3.00) 2733(3.00) 3695(3.00) 1401(3.00) 3464(3.00) 2031(3.00) 3477(3.00) 2631(3.00) 2873(3.00) 2232(3.00) 3376(3.00) 2499(3.00) 1089(3.00) 1140(3.00) 3380(3.00) 4327(3.00) 2603(3.00) 2237(3.00) 1391(3.00) 3031(3.00) 1839(3.00) 2752(3.00) 1707(3.00) 3095(3.00) 3096(3.00) 957(3.00) 4378(3.00) 2294(3.00) 3190(3.00) 187(3.00) 3773(3.00) 3933(3.00) 3391(3.00) 3028(3.00) 3692(3.00) 2293(3.00) 3496(3.00) 745(3.00) 1073(3.00) 3153(3.00) 1578(3.00) 4291(3.00) 701(3.00) 4015(3.00) 2769(3.00) 3836(3.00) 1143(3.00) 1976(3.00) 2509(3.00) 2392(3.00) 377(3.00) 1019(3.00) 2358(3.00) 2749(3.00) 859(3.00) 3282(3.00) 559(3.00) 1451(3.00) 1964(3.00) 349(3.00) 2675(3.00) 3570(3.00) 3386(3.00) 33(3.00) 748(3.00) 2195(3.00) 2760(3.00) 2577(3.00) 3591(3.00) 2010(2.82) 1878(2.73) 774(2.72) 1643(2.72) 2819(2.72) 2212(2.72) 1935(2.67) 3565(2.59) 3892(2.59) 2918(2.56) 2056(2.55) 3889(2.54) 975(2.52) 1335(2.49) 775(2.44) 1616(2.44) 2209(2.44) 2836(2.44) 2312(2.42) 1352(2.42) 3714(2.41) 4320(2.40) 1024(2.39) 422(2.37) 437(2.37) 2847(2.37) 2832(2.37) 4313(2.37) 2345(2.37) 3699(2.34) 1762(2.34) 4373(2.33) 247(2.32) 3147(2.30) 3413(2.29) 4158(2.27) 1917(2.27) 3369(2.27) 114(2.27) 1846(2.27) 805(2.27) 2406(2.27) 169(2.27) 3435(2.27) 2789(2.27) 910(2.27) 3746(2.26) 3780(2.25) 1344(2.24) 606(2.24) 233(2.24) 2637(2.24) 3901(2.24) 1444(2.23) 3260(2.22) 4272(2.22) 1508(2.21) 3406(2.21) 722(2.21) 908(2.21) 677(2.21) 982(2.21) 589(2.21) 739(2.20) 166(2.20) 2449(2.18) 2731(2.18) 3107(2.18) 1332(2.18) 487(2.18) 1511(2.18) 3739(2.18) 1798(2.18) 3544(2.18) 3249(2.18) 3822(2.18) 3658(2.18) 4016(2.18) 212(2.18) 2296(2.18) 4065(2.18) 1987(2.18) 2652(2.17) 2404(2.17) 2750(2.16) 1661(2.15) 916(2.15) 1618(2.15) 877(2.15) 2119(2.14) 2638(2.14) 4082(2.13) 893(2.12) 2932(2.11) 1448(2.11) 1309(2.11) 506(2.11) 1373(2.11) 473(2.11) 2124(2.11) 1960(2.10) 3938(2.10) 685(2.09) 645(2.09) 531(2.09) 530(2.09) 249(2.09) 1252(2.08) 1207(2.08) 3791(2.08) 2783(2.07) 3233(2.07) 2371(2.07) 985(2.07) 1719(2.07) 1681(2.07) 4431(2.07) 2537(2.07) 2208(2.07) 928(2.07) 3720(2.07) 829(2.07) 3722(2.07) 2764(2.07) 2748(2.07) 3264(2.07) 4143(2.07) 4135(2.07) 1283(2.07) 4169(2.07) 3784(2.06) 2892(2.06) 71(2.06) 2742(2.06) 2477(2.06) 623(2.06) 42(2.06) 3793(2.05) 758(2.05) 1051(2.05) 3175(2.05) 2077(2.05) 2842(2.05) 4370(2.05) 3952(2.05) 2302(2.05) 1628(2.05) 967(2.05) 456(2.05) 1061(2.05) 4422(2.04) 2762(2.04) 3538(2.04) 590(2.04) 2898(2.04) 2695(2.04) 1725(2.04) 2771(2.04) 958(2.04) 4411(2.04) 4154(2.04) 4259(2.04) 1521(2.04) 3743(2.04) 516(2.04) 2030(2.04) 3869(2.04) 1413(2.04) 3613(2.04) 3929(2.04) 3839(2.04) 2052(2.04) 2102(2.04) 1387(2.04) 3718(2.04) 856(2.04) 3013(2.04) 2765(2.03) 1684(2.03) 3893(2.03) 749(2.03) 2515(2.03) 716(2.03) 475(2.03) 2535(2.03) 4274(2.03) 4018(2.03) 4175(2.03) 2849(2.03) 3829(2.03) 2494(2.03) 78(2.03) 547(2.00) 2339(2.00) 3579(2.00) 3588(2.00) 1077(2.00) 164(2.00) 2057(2.00) 1224(2.00) 3825(2.00) 3828(2.00) 555(2.00) 351(2.00) 3830(2.00) 2424(2.00) 2434(2.00) 2038(2.00) 3569(2.00) 2366(2.00) 4115(2.00) 2407(2.00) 2405(2.00) 3862(2.00) 2740(2.00) 4095(2.00) 1214(2.00) 2743(2.00) 2032(2.00) 2745(2.00) 3856(2.00) 2395(2.00) 363(2.00) 3855(2.00) 3568(2.00) 2706(2.00) 2757(2.00) 4120(2.00) 3577(2.00) 1182(2.00) 362(2.00) 2050(2.00) 3878(2.00) 374(2.00) 2418(2.00) 2417(2.00) 3575(2.00) 3574(2.00) 3874(2.00) 2716(2.00) 3871(2.00) 375(2.00) 4112(2.00) 2712(2.00) 2181(2.00) 2180(2.00) 2600(2.00) 3679(2.00) 103(2.00) 447(2.00) 3738(2.00) 2527(2.00) 2250(2.00) 3979(2.00) 4124(2.00) 2168(2.00) 2607(2.00) 2608(2.00) 2610(2.00) 1147(2.00) 3672(2.00) 2614(2.00) 1299(2.00) 3969(2.00) 2617(2.00) 3666(2.00) 3742(2.00) 1285(2.00) 2556(2.00) 4004(2.00) 3708(2.00) 459(2.00) 2549(2.00) 84(2.00) 2571(2.00) 1130(2.00) 4023(2.00) 481(2.00) 2193(2.00) 2192(2.00) 2542(2.00) 2540(2.00) 2584(2.00) 450(2.00) 3997(2.00) 2588(2.00) 29(2.00) 27(2.00) 2592(2.00) 1277(2.00) 1336(2.00) 535(2.00) 3612(2.00) 4064(2.00) 408(2.00) 2458(2.00) 3609(2.00) 1248(2.00) 2088(2.00) 1175(2.00) 3965(2.00) 4070(2.00) 2322(2.00) 3807(2.00) 2674(2.00) 158(2.00) 2081(2.00) 3598(2.00) 2331(2.00) 2074(2.00) 2442(2.00) 2338(2.00) 541(2.00) 3656(2.00) 10(2.00) 3751(2.00) 2504(2.00) 2503(2.00) 3963(2.00) 4045(2.00) 3645(2.00) 2630(2.00) 3953(2.00) 2495(2.00) 409(2.00) 2634(2.00) 3775(2.00) 3637(2.00) 1155(2.00) 2646(2.00) 1101(2.00) 2108(2.00) 1251(2.00) 1100(2.00) 3927(2.00) 2304(2.00) 15(2.00) 1415(2.00) 3284(2.00) 1421(2.00) 1836(2.00) 3287(2.00) 4276(2.00) 3288(2.00) 873(2.00) 305(2.00) 2962(2.00) 1423(2.00) 2964(2.00) 3483(2.00) 1823(2.00) 962(2.00) 1816(2.00) 1487(2.00) 1556(2.00) 1812(2.00) 316(2.00) 3401(2.00) 1432(2.00) 3238(2.00) 2984(2.00) 954(2.00) 4280(2.00) 1913(2.00) 1910(2.00) 2896(2.00) 1385(2.00) 1905(2.00) 1904(2.00) 4427(2.00) 1640(2.00) 3144(2.00) 1882(2.00) 2916(2.00) 648(2.00) 1492(2.00) 1876(2.00) 3271(2.00) 287(2.00) 1867(2.00) 788(2.00) 1656(2.00) 2935(2.00) 3429(2.00) 3136(2.00) 973(2.00) 668(2.00) 670(2.00) 297(2.00) 2921(2.00) 4340(2.00) 3044(2.00) 3045(2.00) 1454(2.00) 1714(2.00) 1537(2.00) 3327(2.00) 1456(2.00) 3339(2.00) 3082(2.00) 1746(2.00) 1744(2.00) 4292(2.00) 1520(2.00) 741(2.00) 1462(2.00) 4362(2.00) 1738(2.00) 4363(2.00) 1526(2.00) 1527(2.00) 1529(2.00) 3077(2.00) 1729(2.00) 3079(2.00) 3061(2.00) 3118(2.00) 4294(2.00) 1555(2.00) 1804(2.00) 1554(2.00) 4309(2.00) 4311(2.00) 1792(2.00) 3000(2.00) 4386(2.00) 926(2.00) 3005(2.00) 917(2.00) 3008(2.00) 3009(2.00) 1785(2.00) 3322(2.00) 3012(2.00) 3097(2.00) 715(2.00) 4319(2.00) 1440(2.00) 3029(2.00) 1473(2.00) 3036(2.00) 3363(2.00) 1786(2.00) 839(2.00) 3524(2.00) 2778(2.00) 1014(2.00) 3241(2.00) 2830(2.00) 3206(2.00) 3516(2.00) 4186(2.00) 847(2.00) 1588(2.00) 568(2.00) 238(2.00) 812(2.00) 1962(2.00) 3248(2.00) 3513(2.00) 4200(2.00) 3510(2.00) 2772(2.00) 3180(2.00) 1600(2.00) 3199(2.00) 824(2.00) 4150(2.00) 841(2.00) 4151(2.00) 820(2.00) 574(2.00) 577(2.00) 1995(2.00) 3193(2.00) 3545(2.00) 1991(2.00) 3531(2.00) 2804(2.00) 1989(2.00) 219(2.00) 579(2.00) 1605(2.00) 817(2.00) 1979(2.00) 3186(2.00) 1608(2.00) 3170(2.00) 2840(2.00) 3253(2.00) 252(2.00) 1941(2.00) 2869(2.00) 1009(2.00) 1945(2.00) 3847(2.00) 196(2.00) 2864(2.00) 2878(2.00) 2861(2.00) 3499(2.00) 1953(2.00) 2018(2.00) 1955(2.00) 1930(2.00) 806(2.00) 615(2.00) 1627(2.00) 198(2.00) 2879(2.00) 3174(2.00) 1148(1.95) 1146(1.94) 1575(1.92) 4063(1.81) 311(1.72) 319(1.72) 2946(1.71) 180(1.70) 3160(1.69) 3117(1.63) 1434(1.63) 4161(1.63) 553(1.63) 25(1.63) 2437(1.62) 207(1.60) 1936(1.60) 236(1.60) 1765(1.60) 1400(1.59) 1104(1.59) 3101(1.59) 4260(1.58) 1596(1.57) 4145(1.56) 546(1.56) 532(1.56) 1402(1.55) 4392(1.55) 1038(1.55) 2753(1.55) 4454(1.55) 4179(1.54) 3368(1.54) 179(1.54) 2792(1.54) 115(1.54) 3432(1.54) 1584(1.54) 801(1.54) 1849(1.54) 189(1.54) 2506(1.51) 888(1.51) 80(1.51) 3905(1.47) 235(1.47) 2635(1.47) 2682(1.47) 735(1.47) 1371(1.46) 1783(1.46) 567(1.44) 1355(1.44) 3393(1.42) 3811(1.42) 3735(1.42) 871(1.42) 3548(1.42) 996(1.42) 632(1.42) 1004(1.42) 3766(1.42) 699(1.42) 556(1.42) 4410(1.40) 752(1.39) 1983(1.39) 955(1.39) 2265(1.38) 507(1.37) 1374(1.37) 3065(1.37) 2410(1.37) 3235(1.37) 3707(1.37) 3576(1.37) 1764(1.37) 1476(1.37) 3989(1.37) 2314(1.37) 3685(1.37) 208(1.37) 1050(1.37) 2429(1.34) 2684(1.34) 2264(1.34) 94(1.34) 1680(1.33) 3056(1.32) 3674(1.31) 3635(1.31) 3525(1.31) 1587(1.31) 3922(1.30) 81(1.30) 3321(1.29) 1864(1.29) 2012(1.29) 2467(1.29) 3947(1.29) 2782(1.29) 1985(1.28) 4279(1.28) 204(1.27) 369(1.27) 1292(1.27) 680(1.27) 2569(1.27) 2132(1.27) 1835(1.27) 2169(1.27) 3145(1.27) 3149(1.27) 2002(1.27) 1582(1.27) 3158(1.27) 256(1.27) 2091(1.27) 3490(1.27) 4214(1.27) 4213(1.27) 243(1.27) 2037(1.27) 1291(1.27) 3954(1.27) 3053(1.27) 441(1.27) 2167(1.27) 2567(1.27) 711(1.27) 2566(1.27) 415(1.27) 2564(1.27) 1801(1.27) 3313(1.27) 3310(1.27) 413(1.27) 190(1.26) 3582(1.25) 3536(1.25) 1815(1.25) 1042(1.25) 2844(1.25) 3632(1.24) 38(1.24) 37(1.24) 3999(1.24) 1166(1.23) 2814(1.22) 1436(1.22) 1455(1.22) 2469(1.22) 2363(1.22) 2485(1.22) 1126(1.22) 289(1.21) 4390(1.21) 816(1.21) 596(1.21) 2072(1.21) 346(1.21) 2035(1.21) 3132(1.21) 3100(1.21) 627(1.21) 922(1.21) 794(1.21) 2040(1.21) 3057(1.21) 1031(1.21) 277(1.21) 3177(1.21) 2016(1.21) 3146(1.21) 3034(1.21) 259(1.21) 2708(1.20) 3389(1.20) 3776(1.20) 2516(1.20) 3701(1.20) 3689(1.20) 3546(1.18) 3571(1.18) 3578(1.18) 3603(1.18) 3266(1.18) 3455(1.18) 643(1.18) 3438(1.18) 3214(1.18) 2147(1.18) 3667(1.18) 3278(1.18) 671(1.18) 2178(1.18) 3291(1.18) 3326(1.18) 2381(1.18) 1080(1.18) 107(1.18) 3019(1.18) 98(1.18) 2996(1.18) 3239(1.18) 2806(1.18) 1107(1.18) 4042(1.18) 1(1.18) 2976(1.18) 5(1.18) 4013(1.18) 2952(1.18) 85(1.18) 972(1.18) 125(1.18) 992(1.18) 1008(1.18) 721(1.18) 4030(1.18) 3966(1.18) 2599(1.18) 3919(1.18) 3625(1.18) 1745(1.18) 1358(1.18) 3470(1.18) 705(1.18) 1311(1.18) 4044(1.18) 1697(1.18) 3661(1.18) 3950(1.18) 4012(1.18) 2558(1.18) 3498(1.18) 2580(1.17) 2114(1.17) 4248(1.17) 4267(1.17) 2851(1.17) 258(1.16) 625(1.16) 1002(1.16) 3572(1.16) 1431(1.15) 1818(1.15) 1468(1.15) 4424(1.15) 3688(1.15) 791(1.15) 3686(1.15) 2249(1.15) 2826(1.15) 2402(1.15) 4364(1.15) 1405(1.15) 953(1.15) 1721(1.15) 3262(1.15) 3884(1.15) 278(1.14) 118(1.14) 3846(1.14) 2816(1.14) 3130(1.14) 813(1.14) 2790(1.13) 279(1.13) 2928(1.13) 3816(1.13) 1797(1.13) 60(1.13) 2768(1.13) 729(1.13) 2906(1.12) 1708(1.12) 2076(1.12) 3567(1.11) 592(1.11) 32(1.11) 1326(1.11) 2625(1.11) 1837(1.11) 528(1.11) 1807(1.11) 254(1.11) 4246(1.11) 3670(1.11) 4232(1.11) 4138(1.11) 3754(1.11) 964(1.11) 713(1.11) 2019(1.11) 1053(1.11) 248(1.11) 2247(1.11) 4353(1.11) 2309(1.11) 4332(1.11) 1066(1.11) 4028(1.11) 4198(1.10) 4261(1.10) 401(1.10) 4244(1.10) 242(1.10) 2686(1.10) 3558(1.10) 2229(1.10) 2694(1.09) 3781(1.09) 576(1.09) 3489(1.09) 82(1.09) 2857(1.09) 1704(1.09) 3895(1.09) 1178(1.09) 1514(1.09) 4027(1.08) 529(1.08) 4254(1.08) 2666(1.08) 3729(1.08) 3881(1.08) 3831(1.08) 2286(1.08) 1409(1.08) 245(1.08) 1803(1.07) 2242(1.07) 762(1.07) 3868(1.07) 4002(1.07) 1131(1.07) 4054(1.07) 503(1.07) 2367(1.07) 4029(1.07) 3703(1.07) 838(1.07) 3247(1.07) 484(1.07) 4415(1.07) 862(1.07) 1127(1.07) 2398(1.07) 4032(1.07) 1534(1.07) 3861(1.07) 1294(1.07) 3279(1.07) 494(1.07) 779(1.07) 4408(1.07) 1261(1.07) 1827(1.07) 228(1.07) 2967(1.07) 3899(1.07) 1259(1.07) 214(1.07) 1227(1.07) 1940(1.07) 1406(1.07) 4116(1.07) 4108(1.07) 1778(1.07) 2385(1.07) 4098(1.07) 3925(1.07) 1866(1.07) 1161(1.07) 2670(1.07) 3605(1.07) 2353(1.07) 1502(1.07) 4072(1.07) 1170(1.07) 4079(1.07) 2931(1.07) 4089(1.07) 1447(1.07) 2093(1.07) 3309(1.07) 3388(1.07) 182(1.07) 2085(1.07) 3276(1.07) 3752(1.07) 3800(1.07) 1993(1.07) 3762(1.07) 2957(1.07) 867(1.07) 2640(1.07) 56(1.07) 3880(1.07) 1240(1.07) 2751(1.07) 488(1.07) 2561(1.07) 244(1.07) 2139(1.07) 876(1.07) 703(1.07) 4181(1.07) 3936(1.07) 2583(1.07) 4146(1.07) 3466(1.07) 1669(1.07) 704(1.07) 2867(1.07) 4060(1.07) 87(1.07) 585(1.07) 1630(1.06) 405(1.06) 2872(1.06) 3340(1.06) 3383(1.06) 392(1.06) 4118(1.06) 383(1.06) 776(1.06) 2305(1.06) 4092(1.06) 1668(1.06) 1670(1.06) 170(1.06) 156(1.06) 1994(1.06) 1959(1.06) 460(1.05) 3001(1.05) 213(1.05) 3608(1.05) 932(1.05) 3955(1.05) 3460(1.05) 3456(1.05) 4316(1.05) 874(1.05) 4315(1.05) 1115(1.05) 1111(1.05) 681(1.05) 462(1.05) 4443(1.05) 1376(1.05) 4433(1.05) 3054(1.05) 1380(1.05) 1938(1.05) 3657(1.05) 2865(1.05) 3732(1.05) 1264(1.05) 2763(1.05) 2823(1.05) 2827(1.05) 2135(1.05) 3809(1.05) 1173(1.05) 1258(1.05) 777(1.05) 2129(1.05) 3727(1.05) 4405(1.04) 100(1.04) 215(1.04) 1469(1.04) 2949(1.04) 2951(1.04) 1324(1.04) 4382(1.04) 197(1.04) 1491(1.04) 3167(1.04) 66(1.04) 2999(1.04) 3151(1.04) 4366(1.04) 1267(1.04) 372(1.04) 3887(1.04) 4066(1.04) 1045(1.04) 2741(1.04) 2738(1.04) 2015(1.04) 3883(1.04) 376(1.04) 2781(1.04) 444(1.04) 1671(1.04) 1412(1.04) 461(1.04) 126(1.04) 2258(1.04) 221(1.04) 4225(1.04) 1372(1.04) 1688(1.04) 3318(1.04) 3981(1.04) 1351(1.04) 3272(1.04) 4231(1.04) 1560(1.04) 3750(1.04) 3552(1.04) 4223(1.04) 1517(1.04) 3769(1.04) 295(1.04) 3365(1.04) 3451(1.04) 884(1.04) 1474(1.04) 3867(1.04) 2343(1.04) 575(1.04) 4207(1.04) 292(1.04) 3258(1.04) 17(1.04) 19(1.04) 3273(1.04) 3404(1.04) 1416(1.04) 49(1.04) 55(1.04) 64(1.04) 3493(1.04) 2586(1.04) 844(1.04) 241(1.04) 642(1.04) 656(1.04) 898(1.04) 1863(1.04) 1106(1.04) 3027(1.04) 2973(1.04) 2142(1.04) 1092(1.04) 2426(1.04) 3311(1.04) 2447(1.04) 2079(1.04) 3364(1.04) 850(1.04) 452(1.04) 465(1.04) 508(1.03) 3431(1.03) 3719(1.03) 1859(1.03) 3763(1.03) 1464(1.03) 1295(1.03) 4132(1.03) 1160(1.03) 2157(1.03) 2203(1.03) 2656(1.03) 2657(1.03) 2260(1.03) 1403(1.03) 1189(1.03) 2282(1.03) 3628(1.03) 525(1.03) 2673(1.03) 4099(1.03) 1572(1.03) 3387(1.03) 3662(1.03) 1110(1.03) 3705(1.03) 74(1.03) 1407(1.03) 2966(1.03) 3075(1.03) 2943(1.03) 1070(1.03) 4328(1.03) 2262(1.03) 912(1.00) 1505(1.00) 693(1.00) 1427(1.00) 686(1.00) 692(1.00) 1429(1.00) 918(1.00) 694(1.00) 382(1.00) 919(1.00) 307(1.00) 1506(1.00) 725(1.00) 687(1.00) 322(1.00) 325(1.00) 1439(1.00) 384(1.00) 393(1.00) 1433(1.00) 947(1.00) 933(1.00) 1452(1.00) 712(1.00) 161(1.00) 1438(1.00) 1177(1.00) 708(1.00) 929(1.00) 1226(1.00) 709(1.00) 1235(1.00) 720(1.00) 1430(1.00) 1446(1.00) 1500(1.00) 961(1.00) 959(1.00) 719(1.00) 718(1.00) 1495(1.00) 696(1.00) 395(1.00) 1236(1.00) 1496(1.00) 920(1.00) 320(1.00) 321(1.00) 1176(1.00) 1498(1.00) 1579(1.00) 1201(1.00) 792(1.00) 1576(1.00) 1202(1.00) 350(1.00) 1574(1.00) 348(1.00) 789(1.00) 3216(1.00) 3215(1.00) 347(1.00) 1539(1.00) 1567(1.00) 1566(1.00) 863(1.00) 3213(1.00) 1212(1.00) 3211(1.00) 786(1.00) 368(1.00) 1562(1.00) 784(1.00) 869(1.00) 870(1.00) 1489(1.00) 1568(1.00) 837(1.00) 357(1.00) 830(1.00) 840(1.00) 819(1.00) 818(1.00) 815(1.00) 1595(1.00) 3231(1.00) 3229(1.00) 1591(1.00) 1196(1.00) 1199(1.00) 3217(1.00) 809(1.00) 3225(1.00) 848(1.00) 807(1.00) 803(1.00) 3224(1.00) 3222(1.00) 851(1.00) 1193(1.00) 852(1.00) 798(1.00) 793(1.00) 3218(1.00) 810(1.00) 885(1.00) 1536(1.00) 1471(1.00) 342(1.00) 755(1.00) 886(1.00) 1532(1.00) 340(1.00) 889(1.00) 1530(1.00) 892(1.00) 1465(1.00) 338(1.00) 371(1.00) 1523(1.00) 747(1.00) 895(1.00) 742(1.00) 1516(1.00) 903(1.00) 906(1.00) 736(1.00) 1219(1.00) 1220(1.00) 734(1.00) 907(1.00) 1223(1.00) 1463(1.00) 778(1.00) 1557(1.00) 773(1.00) 875(1.00) 1485(1.00) 1552(1.00) 1551(1.00) 1483(1.00) 768(1.00) 1549(1.00) 1184(1.00) 767(1.00) 1548(1.00) 757(1.00) 1546(1.00) 766(1.00) 1475(1.00) 765(1.00) 373(1.00) 879(1.00) 1543(1.00) 343(1.00) 883(1.00) 1540(1.00) 306(1.00) 1472(1.00) 759(1.00) 1482(1.00) 75(1.00) 1078(1.00) 551(1.00) 1349(1.00) 549(1.00) 1272(1.00) 1079(1.00) 69(1.00) 443(1.00) 545(1.00) 544(1.00) 67(1.00) 65(1.00) 411(1.00) 1273(1.00) 1342(1.00) 1084(1.00) 446(1.00) 58(1.00) 105(1.00) 1137(1.00) 540(1.00) 448(1.00) 1276(1.00) 1340(1.00) 1339(1.00) 1095(1.00) 1141(1.00) 571(1.00) 1360(1.00) 1034(1.00) 202(1.00) 1035(1.00) 195(1.00) 121(1.00) 566(1.00) 1359(1.00) 194(1.00) 193(1.00) 562(1.00) 1150(1.00) 168(1.00) 1040(1.00) 185(1.00) 1049(1.00) 1149(1.00) 181(1.00) 1353(1.00) 438(1.00) 558(1.00) 1269(1.00) 557(1.00) 113(1.00) 1069(1.00) 171(1.00) 1144(1.00) 561(1.00) 1301(1.00) 496(1.00) 2(1.00) 1128(1.00) 493(1.00) 1298(1.00) 1296(1.00) 490(1.00) 489(1.00) 86(1.00) 18(1.00) 485(1.00) 20(1.00) 1098(1.00) 1288(1.00) 483(1.00) 24(1.00) 1289(1.00) 482(1.00) 472(1.00) 1125(1.00) 474(1.00) 1120(1.00) 478(1.00) 1124(1.00) 1290(1.00) 1121(1.00) 1122(1.00) 467(1.00) 48(1.00) 47(1.00) 1133(1.00) 45(1.00) 1132(1.00) 1325(1.00) 41(1.00) 521(1.00) 1321(1.00) 1103(1.00) 39(1.00) 514(1.00) 1316(1.00) 1302(1.00) 1278(1.00) 457(1.00) 16(1.00) 510(1.00) 509(1.00) 93(1.00) 1108(1.00) 458(1.00) 505(1.00) 90(1.00) 1307(1.00) 1109(1.00) 1303(1.00) 8(1.00) 1313(1.00) 147(1.00) 650(1.00) 987(1.00) 988(1.00) 646(1.00) 1164(1.00) 145(1.00) 144(1.00) 276(1.00) 639(1.00) 638(1.00) 1397(1.00) 636(1.00) 434(1.00) 634(1.00) 989(1.00) 990(1.00) 991(1.00) 143(1.00) 1386(1.00) 271(1.00) 270(1.00) 993(1.00) 141(1.00) 267(1.00) 626(1.00) 414(1.00) 635(1.00) 683(1.00) 304(1.00) 679(1.00) 303(1.00) 1243(1.00) 1422(1.00) 302(1.00) 1244(1.00) 157(1.00) 1245(1.00) 296(1.00) 669(1.00) 402(1.00) 651(1.00) 1410(1.00) 660(1.00) 658(1.00) 976(1.00) 406(1.00) 1168(1.00) 977(1.00) 655(1.00) 1250(1.00) 1404(1.00) 980(1.00) 652(1.00) 148(1.00) 984(1.00) 666(1.00) 425(1.00) 1012(1.00) 237(1.00) 234(1.00) 595(1.00) 1262(1.00) 591(1.00) 231(1.00) 588(1.00) 230(1.00) 229(1.00) 584(1.00) 1369(1.00) 266(1.00) 1015(1.00) 1365(1.00) 1265(1.00) 224(1.00) 1023(1.00) 1025(1.00) 1363(1.00) 430(1.00) 431(1.00) 211(1.00) 1362(1.00) 1361(1.00) 210(1.00) 1026(1.00) 582(1.00) 265(1.00) 264(1.00) 622(1.00) 621(1.00) 620(1.00) 619(1.00) 997(1.00) 618(1.00) 617(1.00) 1001(1.00) 1383(1.00) 612(1.00) 137(1.00) 123(1.00) 610(1.00) 1382(1.00) 134(1.00) 1154(1.00) 1256(1.00) 419(1.00) 607(1.00) 605(1.00) 603(1.00) 127(1.00) 1011(1.00) 602(1.00) 599(1.00) 124(1.00) 611(1.00) 2572(1.00) 2573(1.00) 2574(1.00) 4020(1.00) 2578(1.00) 4026(1.00) 2581(1.00) 2582(1.00) 2585(1.00) 2587(1.00) 2589(1.00) 3756(1.00) 4031(1.00) 2597(1.00) 2598(1.00) 2601(1.00) 2602(1.00) 2609(1.00) 2611(1.00) 4036(1.00) 2615(1.00) 4037(1.00) 4038(1.00) 2590(1.00) 2512(1.00) 2514(1.00) 3973(1.00) 3974(1.00) 2520(1.00) 2521(1.00) 2522(1.00) 3978(1.00) 3986(1.00) 2528(1.00) 2531(1.00) 2568(1.00) 3993(1.00) 3995(1.00) 3998(1.00) 4001(1.00) 2544(1.00) 2547(1.00) 4003(1.00) 2550(1.00) 2551(1.00) 2552(1.00) 2560(1.00) 3992(1.00) 2683(1.00) 2685(1.00) 4078(1.00) 2688(1.00) 4081(1.00) 2691(1.00) 2692(1.00) 4084(1.00) 4086(1.00) 4087(1.00) 2699(1.00) 2619(1.00) 2701(1.00) 4088(1.00) 2704(1.00) 4093(1.00) 4097(1.00) 2714(1.00) 4100(1.00) 4102(1.00) 4104(1.00) 4105(1.00) 4107(1.00) 2700(1.00) 2622(1.00) 2623(1.00) 4046(1.00) 2628(1.00) 4047(1.00) 2639(1.00) 2643(1.00) 2645(1.00) 4059(1.00) 2648(1.00) 2649(1.00) 4073(1.00) 4062(1.00) 2655(1.00) 2658(1.00) 2659(1.00) 2661(1.00) 2663(1.00) 2664(1.00) 4068(1.00) 4069(1.00) 2677(1.00) 2678(1.00) 4061(1.00) 3813(1.00) 3818(1.00) 3820(1.00) 2336(1.00) 3823(1.00) 3824(1.00) 2342(1.00) 2349(1.00) 2350(1.00) 3833(1.00) 2354(1.00) 3967(1.00) 3837(1.00) 3838(1.00) 3841(1.00) 3843(1.00) 2369(1.00) 2370(1.00) 2372(1.00) 2373(1.00) 2375(1.00) 3845(1.00) 2377(1.00) 2355(1.00) 2278(1.00) 2279(1.00) 3774(1.00) 2287(1.00) 2289(1.00) 2290(1.00) 3786(1.00) 2298(1.00) 3788(1.00) 3789(1.00) 3790(1.00) 2329(1.00) 2306(1.00) 3792(1.00) 2311(1.00) 3795(1.00) 3798(1.00) 3799(1.00) 2317(1.00) 3801(1.00) 2321(1.00) 3804(1.00) 2327(1.00) 2303(1.00) 2454(1.00) 3907(1.00) 3913(1.00) 3926(1.00) 2463(1.00) 2464(1.00) 2468(1.00) 3930(1.00) 3932(1.00) 2472(1.00) 2475(1.00) 2378(1.00) 3937(1.00) 3942(1.00) 2483(1.00) 3946(1.00) 2488(1.00) 2489(1.00) 2490(1.00) 3949(1.00) 3960(1.00) 3964(1.00) 2505(1.00) 2476(1.00) 2380(1.00) 2382(1.00) 2386(1.00) 3849(1.00) 3851(1.00) 2389(1.00) 2390(1.00) 3854(1.00) 


Filtered 1784 locations: 352 1869 1900 3350 1510 323 2604 1690 2841 2636 403 2034 3585 1074 4387 217 4039 1573 2915 587 23 1419 4450 2747 3227 165 4240 281 4402 2507 3948 416 260 1003 3529 628 2950 4106 111 364 2090 3539 3026 1151 2733 3695 1401 3464 2031 3477 2631 2873 2232 3376 2499 1089 1140 3380 4327 2603 2237 1391 3031 1839 2752 1707 3095 3096 957 4378 2294 3190 187 3773 3933 3391 3028 3692 2293 3496 745 1073 3153 1578 4291 701 4015 2769 3836 1143 1976 2509 2392 377 1019 2358 2749 859 3282 559 1451 1964 349 2675 3570 3386 33 748 2195 2760 2577 3591 2010 1878 774 1643 2819 2212 1935 3565 3892 2918 2056 3889 975 1335 775 1616 2209 2836 2312 1352 3714 4320 1024 422 437 2847 2832 4313 2345 3699 1762 4373 247 3147 3413 4158 1917 3369 114 1846 805 2406 169 3435 2789 910 3746 3780 1344 606 233 2637 3901 1444 3260 4272 1508 3406 722 908 677 982 589 739 166 2449 2731 3107 1332 487 1511 3739 1798 3544 3249 3822 3658 4016 212 2296 4065 1987 2652 2404 2750 1661 916 1618 877 2119 2638 4082 893 2932 1448 1309 506 1373 473 2124 1960 3938 685 645 531 530 249 1252 1207 3791 2783 3233 2371 985 1719 1681 4431 2537 2208 928 3720 829 3722 2764 2748 3264 4143 4135 1283 4169 3784 2892 71 2742 2477 623 42 3793 758 1051 3175 2077 2842 4370 3952 2302 1628 967 456 1061 4422 2762 3538 590 2898 2695 1725 2771 958 4411 4154 4259 1521 3743 516 2030 3869 1413 3613 3929 3839 2052 2102 1387 3718 856 3013 2765 1684 3893 749 2515 716 475 2535 4274 4018 4175 2849 3829 2494 78 547 2339 3579 3588 1077 164 2057 1224 3825 3828 555 351 3830 2424 2434 2038 3569 2366 4115 2407 2405 3862 2740 4095 1214 2743 2032 2745 3856 2395 363 3855 3568 2706 2757 4120 3577 1182 362 2050 3878 374 2418 2417 3575 3574 3874 2716 3871 375 4112 2712 2181 2180 2600 3679 103 447 3738 2527 2250 3979 4124 2168 2607 2608 2610 1147 3672 2614 1299 3969 2617 3666 3742 1285 2556 4004 3708 459 2549 84 2571 1130 4023 481 2193 2192 2542 2540 2584 450 3997 2588 29 27 2592 1277 1336 535 3612 4064 408 2458 3609 1248 2088 1175 3965 4070 2322 3807 2674 158 2081 3598 2331 2074 2442 2338 541 3656 10 3751 2504 2503 3963 4045 3645 2630 3953 2495 409 2634 3775 3637 1155 2646 1101 2108 1251 1100 3927 2304 15 1415 3284 1421 1836 3287 4276 3288 873 305 2962 1423 2964 3483 1823 962 1816 1487 1556 1812 316 3401 1432 3238 2984 954 4280 1913 1910 2896 1385 1905 1904 4427 1640 3144 1882 2916 648 1492 1876 3271 287 1867 788 1656 2935 3429 3136 973 668 670 297 2921 4340 3044 3045 1454 1714 1537 3327 1456 3339 3082 1746 1744 4292 1520 741 1462 4362 1738 4363 1526 1527 1529 3077 1729 3079 3061 3118 4294 1555 1804 1554 4309 4311 1792 3000 4386 926 3005 917 3008 3009 1785 3322 3012 3097 715 4319 1440 3029 1473 3036 3363 1786 839 3524 2778 1014 3241 2830 3206 3516 4186 847 1588 568 238 812 1962 3248 3513 4200 3510 2772 3180 1600 3199 824 4150 841 4151 820 574 577 1995 3193 3545 1991 3531 2804 1989 219 579 1605 817 1979 3186 1608 3170 2840 3253 252 1941 2869 1009 1945 3847 196 2864 2878 2861 3499 1953 2018 1955 1930 806 615 1627 198 2879 3174 1148 1146 1575 4063 311 319 2946 180 3160 3117 1434 4161 553 25 2437 207 1936 236 1765 1400 1104 3101 4260 1596 4145 546 532 1402 4392 1038 2753 4454 4179 3368 179 2792 115 3432 1584 801 1849 189 2506 888 80 3905 235 2635 2682 735 1371 1783 567 1355 3393 3811 3735 871 3548 996 632 1004 3766 699 556 4410 752 1983 955 2265 507 1374 3065 2410 3235 3707 3576 1764 1476 3989 2314 3685 208 1050 2429 2684 2264 94 1680 3056 3674 3635 3525 1587 3922 81 3321 1864 2012 2467 3947 2782 1985 4279 204 369 1292 680 2569 2132 1835 2169 3145 3149 2002 1582 3158 256 2091 3490 4214 4213 243 2037 1291 3954 3053 441 2167 2567 711 2566 415 2564 1801 3313 3310 413 190 3582 3536 1815 1042 2844 3632 38 37 3999 1166 2814 1436 1455 2469 2363 2485 1126 289 4390 816 596 2072 346 2035 3132 3100 627 922 794 2040 3057 1031 277 3177 2016 3146 3034 259 2708 3389 3776 2516 3701 3689 3546 3571 3578 3603 3266 3455 643 3438 3214 2147 3667 3278 671 2178 3291 3326 2381 1080 107 3019 98 2996 3239 2806 1107 4042 1 2976 5 4013 2952 85 972 125 992 1008 721 4030 3966 2599 3919 3625 1745 1358 3470 705 1311 4044 1697 3661 3950 4012 2558 3498 2580 2114 4248 4267 2851 258 625 1002 3572 1431 1818 1468 4424 3688 791 3686 2249 2826 2402 4364 1405 953 1721 3262 3884 278 118 3846 2816 3130 813 2790 279 2928 3816 1797 60 2768 729 2906 1708 2076 3567 592 32 1326 2625 1837 528 1807 254 4246 3670 4232 4138 3754 964 713 2019 1053 248 2247 4353 2309 4332 1066 4028 4198 4261 401 4244 242 2686 3558 2229 2694 3781 576 3489 82 2857 1704 3895 1178 1514 4027 529 4254 2666 3729 3881 3831 2286 1409 245 1803 2242 762 3868 4002 1131 4054 503 2367 4029 3703 838 3247 484 4415 862 1127 2398 4032 1534 3861 1294 3279 494 779 4408 1261 1827 228 2967 3899 1259 214 1227 1940 1406 4116 4108 1778 2385 4098 3925 1866 1161 2670 3605 2353 1502 4072 1170 4079 2931 4089 1447 2093 3309 3388 182 2085 3276 3752 3800 1993 3762 2957 867 2640 56 3880 1240 2751 488 2561 244 2139 876 703 4181 3936 2583 4146 3466 1669 704 2867 4060 87 585 1630 405 2872 3340 3383 392 4118 383 776 2305 4092 1668 1670 170 156 1994 1959 460 3001 213 3608 932 3955 3460 3456 4316 874 4315 1115 1111 681 462 4443 1376 4433 3054 1380 1938 3657 2865 3732 1264 2763 2823 2827 2135 3809 1173 1258 777 2129 3727 4405 100 215 1469 2949 2951 1324 4382 197 1491 3167 66 2999 3151 4366 1267 372 3887 4066 1045 2741 2738 2015 3883 376 2781 444 1671 1412 461 126 2258 221 4225 1372 1688 3318 3981 1351 3272 4231 1560 3750 3552 4223 1517 3769 295 3365 3451 884 1474 3867 2343 575 4207 292 3258 17 19 3273 3404 1416 49 55 64 3493 2586 844 241 642 656 898 1863 1106 3027 2973 2142 1092 2426 3311 2447 2079 3364 850 452 465 508 3431 3719 1859 3763 1464 1295 4132 1160 2157 2203 2656 2657 2260 1403 1189 2282 3628 525 2673 4099 1572 3387 3662 1110 3705 74 1407 2966 3075 2943 1070 4328 2262 912 1505 693 1427 686 692 1429 918 694 382 919 307 1506 725 687 322 325 1439 384 393 1433 947 933 1452 712 161 1438 1177 708 929 1226 709 1235 720 1430 1446 1500 961 959 719 718 1495 696 395 1236 1496 920 320 321 1176 1498 1579 1201 792 1576 1202 350 1574 348 789 3216 3215 347 1539 1567 1566 863 3213 1212 3211 786 368 1562 784 869 870 1489 1568 837 357 830 840 819 818 815 1595 3231 3229 1591 1196 1199 3217 809 3225 848 807 803 3224 3222 851 1193 852 798 793 3218 810 885 1536 1471 342 755 886 1532 340 889 1530 892 1465 338 371 1523 747 895 742 1516 903 906 736 1219 1220 734 907 1223 1463 778 1557 773 875 1485 1552 1551 1483 768 1549 1184 767 1548 757 1546 766 1475 765 373 879 1543 343 883 1540 306 1472 759 1482 75 1078 551 1349 549 1272 1079 69 443 545 544 67 65 411 1273 1342 1084 446 58 105 1137 540 448 1276 1340 1339 1095 1141 571 1360 1034 202 1035 195 121 566 1359 194 193 562 1150 168 1040 185 1049 1149 181 1353 438 558 1269 557 113 1069 171 1144 561 1301 496 2 1128 493 1298 1296 490 489 86 18 485 20 1098 1288 483 24 1289 482 472 1125 474 1120 478 1124 1290 1121 1122 467 48 47 1133 45 1132 1325 41 521 1321 1103 39 514 1316 1302 1278 457 16 510 509 93 1108 458 505 90 1307 1109 1303 8 1313 147 650 987 988 646 1164 145 144 276 639 638 1397 636 434 634 989 990 991 143 1386 271 270 993 141 267 626 414 635 683 304 679 303 1243 1422 302 1244 157 1245 296 669 402 651 1410 660 658 976 406 1168 977 655 1250 1404 980 652 148 984 666 425 1012 237 234 595 1262 591 231 588 230 229 584 1369 266 1015 1365 1265 224 1023 1025 1363 430 431 211 1362 1361 210 1026 582 265 264 622 621 620 619 997 618 617 1001 1383 612 137 123 610 1382 134 1154 1256 419 607 605 603 127 1011 602 599 124 611 2572 2573 2574 4020 2578 4026 2581 2582 2585 2587 2589 3756 4031 2597 2598 2601 2602 2609 2611 4036 2615 4037 4038 2590 2512 2514 3973 3974 2520 2521 2522 3978 3986 2528 2531 2568 3993 3995 3998 4001 2544 2547 4003 2550 2551 2552 2560 3992 2683 2685 4078 2688 4081 2691 2692 4084 4086 4087 2699 2619 2701 4088 2704 4093 4097 2714 4100 4102 4104 4105 4107 2700 2622 2623 4046 2628 4047 2639 2643 2645 4059 2648 2649 4073 4062 2655 2658 2659 2661 2663 2664 4068 4069 2677 2678 4061 3813 3818 3820 2336 3823 3824 2342 2349 2350 3833 2354 3967 3837 3838 3841 3843 2369 2370 2372 2373 2375 3845 2377 2355 2278 2279 3774 2287 2289 2290 3786 2298 3788 3789 3790 2329 2306 3792 2311 3795 3798 3799 2317 3801 2321 3804 2327 2303 2454 3907 3913 3926 2463 2464 2468 3930 3932 2472 2475 2378 3937 3942 2483 3946 2488 2489 2490 3949 3960 3964 2505 2476 2380 2382 2386 3849 3851 2389 2390 3854 

Extracted 0 prioritized locations: 

Final instance parameters:
loc_max_id: 4461
loc_cnt: 1784
service: fnl4461_0250
cust_max_id: 4461
cust_cnt: 4461
unweighted obj function
p: 250
total_demand: 224395.00
threshold_dist: 465.35



-------------------------------------------------
Final Problem RSSV heuristic
-------------------------------------------------
    RSSV_EXACT_CPMP_BIN
-------------------------------------------------
Gap Cplex Reports: gap_Bin_service_fnl4461_0250_p_250_RSSV_EXACT_CPMP_BIN.csv
[CALLBACK] Generating reports cplex callbacks...
[CALLBACK] Using BreakCallback...
Time Limit with not improving 1.00% (gap): 300.00 seconds
Time Limit with Gap less than 1%: 180.00 seconds
Default row names c1, c2 ... being created.
Version identifier: 22.1.1.0 | 2022-11-28 | 9160aff4d
CPXPARAM_TimeLimit                               2100
Legacy callback                                  i
Tried aggregator 1 time.
MIP Presolve eliminated 7534009 rows and 7534009 columns.
Reduced MIP has 6246 rows, 426199 columns, and 852398 nonzeros.
Reduced MIP has 426199 binaries, 0 generals, 0 SOSs, and 0 indicators.
Presolve time = 10.15 sec. (6201.48 ticks)
Tried aggregator 1 time.
Detecting symmetries...
Reduced MIP has 6246 rows, 426199 columns, and 852398 nonzeros.
Reduced MIP has 426199 binaries, 0 generals, 0 SOSs, and 0 indicators.
Presolve time = 1.87 sec. (880.91 ticks)
Probing time = 2.47 sec. (92.65 ticks)
Clique table members: 428876.
MIP emphasis: balance optimality and feasibility.
MIP search method: dynamic search.
Parallel mode: deterministic, using up to 32 threads.
Root relaxation solution time = 1.04 sec. (430.51 ticks)

        Nodes                                         Cuts/
   Node  Left     Objective  IInf  Best Integer    Best Bound    ItCnt     Gap

*     0+    0                       716371.0744        0.0000           100.00%
*     0+    0                       687905.5879        0.0000           100.00%
*     0+    0                       687590.6735        0.0000           100.00%
      0     0   140325.1524  1728   687590.6735   140325.1524     1760   79.59%
Time: 53.47 seconds
MIP Gap: 0.80
Nodes: 0
Best Objective: 140325.152370292984415
Incumbent Obj:  687590.673480469500646
*     0+    0                       685706.9886   140325.1524            79.54%
*     0+    0                       685399.6678   140325.1524            79.53%
      0     0   189794.5619  3574   685399.6678    Cuts: 1661     4999   72.31%
Time: 60.495101928710938 seconds
MIP Gap: 0.723089212257646
Nodes: 0
Best Objective: 189794.561927486793138
Incumbent Obj:  685399.667795093730092
      0     0   218660.2638  5551   685399.6678    Cuts: 1661     8061   68.10%
      0     0   237309.7602  7119   685399.6678    Cuts: 1661    11054   65.38%
*     0+    0                       682511.1680   237309.7602            65.23%
      0     0  -1.00000e+75     0   682511.1680   237309.7602    11054   65.23%
Time: 70.640135049819946 seconds
MIP Gap: 0.652299081182998
Nodes: 0
Best Objective: 237309.760211662854999
Incumbent Obj:  682511.167986187618226
      0     0   252409.0438  8309   682511.1680    Cuts: 1661    14151   63.02%
Time: 79.445339918136597 seconds
MIP Gap: 0.630175950765780
Nodes: 0
Best Objective: 252409.043792228767416
Incumbent Obj:  682511.167986187618226
      0     0   265400.9496  9708   682511.1680    Cuts: 1661    17498   61.11%
Detecting symmetries...
Time: 90.516315937042236 seconds
MIP Gap: 0.611140502811851
Nodes: 0
Best Objective: 265400.949608405062463
Incumbent Obj:  682511.167986187618226
      0     0   276136.3834 10952   682511.1680    Cuts: 1661    20949   59.54%
Time: 107.930197000503540 seconds
MIP Gap: 0.595411186898777
Nodes: 0
Best Objective: 276136.383383861044422
Incumbent Obj:  682511.167986187618226
      0     0   284117.0944 11783   682511.1680    Cuts: 1661    24654   58.37%
Time: 128.249546051025391 seconds
MIP Gap: 0.583718028804780
Nodes: 0
Best Objective: 284117.094372042105533
Incumbent Obj:  682511.167986187618226
      0     0   291238.8570 12872   682511.1680    Cuts: 1661    28868   57.33%
Time: 153.178443908691406 seconds
MIP Gap: 0.573283382470577
Nodes: 0
Best Objective: 291238.857029121718369
Incumbent Obj:  682511.167986187618226
      0     0   297428.2562 13837   682511.1680    Cuts: 1661    33057   56.42%
Time: 183.301861047744751 seconds
MIP Gap: 0.564214814144950
Nodes: 0
Best Objective: 297428.256189008185174
Incumbent Obj:  682511.167986187618226
      0     0   303056.5199 14699   682511.1680    Cuts: 1661    37535   55.60%
Time: 211.290575981140137 seconds
MIP Gap: 0.555968408899986
Nodes: 0
Best Objective: 303056.519864435598720
Incumbent Obj:  682511.167986187618226
      0     0   307567.6690 15377   682511.1680    Cuts: 1661    42893   54.94%
Time: 255.764081954956055 seconds
MIP Gap: 0.549358774681906
Nodes: 0
Best Objective: 307567.669034579186700
Incumbent Obj:  682511.167986187618226
      0     0   311302.8060 16142   682511.1680    Cuts: 1661    48645   54.39%
Time: 301.005325078964233 seconds
MIP Gap: 0.543886136052490
Nodes: 0
Best Objective: 311302.806017508206423
Incumbent Obj:  682511.167986187618226
      0     0   314349.2923 16803   682511.1680    Cuts: 1661    54381   53.94%
*     0+    0                       440961.7037   314349.2923            28.71%
Time: 349.893568038940430 seconds
MIP Gap: 0.287127907733977
Nodes: 0
Best Objective: 314349.292341156397015
Incumbent Obj:  440961.703721528872848
      0     0   316945.2934 17318   440961.7037    Cuts: 1661    60614   28.12%
*     0+    0                       413645.9454   316945.2934            23.38%
Time: 541.273518085479736 seconds
MIP Gap: 0.233776380628107
Nodes: 0
Best Objective: 316945.293396272172686
Incumbent Obj:  413645.945365252497140
      0     0   323661.6987 18991   413645.9454    Cuts: 1661    66984   21.75%
*     0+    0                       405684.8663   323661.6987            20.22%
Time: 632.380789041519165 seconds
MIP Gap: 0.202184440135268
Nodes: 0
Best Objective: 323661.698698789579794
Incumbent Obj:  405684.866253631131258
      0     0   328419.7279 19563   405684.8663    Cuts: 1661    76359   19.05%
*     0+    0                       405289.5768   328419.7279            18.97%
Time: 746.521754980087280 seconds
MIP Gap: 0.189666483530646
Nodes: 0
Best Objective: 328419.727919780358206
Incumbent Obj:  405289.576754413777962
      0     0   331937.3765 20217   405289.5768    Cuts: 1661    86701   18.10%
Time: 837.293352127075195 seconds
MIP Gap: 0.180987137319932
Nodes: 0
Best Objective: 331937.376472025352996
Incumbent Obj:  405289.576754413777962
      0     0   334693.5617 20955   405289.5768    Cuts: 1661    95765   17.42%
*     0+    0                       395328.9321   334693.5617            15.34%
*     0+    0                       395322.4960   334693.5617            15.34%
Time: 948.919547080993652 seconds
MIP Gap: 0.153365757941366
Nodes: 0
Best Objective: 334693.561734654416796
Incumbent Obj:  395322.495958620915189
      0     0   336540.4280 20864   395322.4960    Cuts: 1661   105552   14.87%
*     0+    0                       393713.8739   336540.4280            14.52%
Time: 1079.277313947677612 seconds
MIP Gap: 0.145215725656407
Nodes: 0
Best Objective: 336540.427960547094699
Incumbent Obj:  393713.873853123339359
      0     0   338310.9700 21463   393713.8739    Cuts: 1661   117876   14.07%
*     0+    0                       387588.8170   338310.9700            12.71%
Time: 1408.059907913208008 seconds
MIP Gap: 0.127139496501413
Nodes: 0
Best Objective: 338310.969979342655279
Incumbent Obj:  387588.817025549360551
      0     0   339732.8327 22140   387588.8170    Cuts: 1661   129790   12.35%
*     0+    0                       385257.4856   339732.8327            11.82%
Time: 1520.409100055694580 seconds
MIP Gap: 0.118166822320352
Nodes: 0
Best Objective: 339732.832747602893505
Incumbent Obj:  385257.485595558711793
      0     0   340839.7584 22089   385257.4856    Cuts: 1661   140876   11.53%
*     0+    0                       383203.6980   340839.7584            11.06%
Time: 1619.679009914398193 seconds
MIP Gap: 0.110552011274824
Nodes: 0
Best Objective: 340839.758425375563093
Incumbent Obj:  383203.697963152080774
      0     0   341653.0012 22241   383203.6980    Cuts: 1661   149311   10.84%
*     0+    0                       383034.3456   341653.0012            10.80%
Time: 1702.989682912826538 seconds
MIP Gap: 0.108035597364893
Nodes: 0
Best Objective: 341653.001246066065505
Incumbent Obj:  383034.345582323090639
      0     0   342328.2062 22510   383034.3456    Cuts: 1661   156992   10.63%
*     0+    0                       382525.4035   342328.2062            10.51%
Time: 1787.904990911483765 seconds
MIP Gap: 0.105083732624502
Nodes: 0
Best Objective: 342328.206233023549430
Incumbent Obj:  382525.403451389051042
      0     0   342866.7415 22104   382525.4035    Cuts: 1661   164122   10.37%
Time: 1941.446474075317383 seconds
MIP Gap: 0.103675890763380
Nodes: 0
Best Objective: 342866.741508944774978
Incumbent Obj:  382525.403451389051042
      0     0   343504.9596 22774   382525.4035    Cuts: 1661   180312   10.20%
*     0+    0                       378529.1632   343504.9596             9.25%
Time: 2099.748629093170166 seconds
MIP Gap: 0.092527094454247
Nodes: 0
Best Objective: 343504.959590726939496
Incumbent Obj:  378529.163230657170061
      0     0   344018.2084 22680   378529.1632    Cuts: 1661   197713    9.12%

Clique cuts applied:  11700
Cover cuts applied:  9003
Flow cuts applied:  157
Mixed integer rounding cuts applied:  7430
Zero-half cuts applied:  1055

Root node processing (before b&c):
  Real time             = 2103.78 sec. (1438542.63 ticks)
Parallel b&c, 32 threads:
  Real time             =    0.00 sec. (0.00 ticks)
  Sync time (average)   =    0.00 sec.
  Wait time (average)   =    0.00 sec.
                          ------------
Total (root+branch&cut) = 2103.78 sec. (1438542.63 ticks)
[INFO] Saving variables cplex:
./outputs/solutions/2024-08-26_LIT/VarsValues_cplex/test_lit_fnl4461_0250_CPMP_Vars_Bin_p_250_RSSV_EXACT_CPMP_BIN.txt
[INFO] Saving results cplex: 
./outputs/solutions/2024-08-26_LIT/Results_cplex/test_lit_fnl4461_0250_Bin_RSSV_EXACT_CPMP_BIN.csv

Final solution CPMP:
p locations: 8 1307 3666 521 1150 1359 1595 368 4072 1566 3719 1092 3404 3233 2015 4231 1372 4316 3460 2872 4089 2967 551 3247 2019 60 2928 3327 4107 1199 3895 2079 2580 3214 1815 2167 3276 2002 3657 961 2012 161 164 3000 408 2515 3585 4135 3538 2750 4431 3722 4427 1251 462 125 4332 3658 3249 1738 1404 3575 841 2010 3008 2507 1502 1839 207 1475 1812 3222 1596 249 2587 4363 4214 2192 634 270 1804 303 430 916 2601 2935 3799 2643 1960 3645 4047 276 1111 2488 973 2321 508 3878 1707 1527 1146 812 3144 3818 111 3967 2282 3117 2560 599 3271 2964 2290 3960 1288 3539 2849 2512 419 2778 3789 3288 3118 2781 3455 2373 3795 2287 2976 617 4311 267 1410 1744 2464 1151 3510 650 3009 646 4454 1084 1421 3170 2842 2168 4073 2700 2032 1355 2366 988 1325 3019 323 2589 4081 1910 655 2551 4207 2522 2018 2355 1554 2581 2088 1077 266 603 3964 2279 1605 2402 4087 611 3628 3965 3880 2869 1867 531 3136 2483 124 798 80 1882 1403 3574 2906 415 582 1556 1816 3339 2571 1003 669 4382 1012 3708 2375 2038 722 2249 976 639 3672 2832 4246 4411 3369 2358 1684 190 2549 4079 709 2932 910 4280 1024 4327 829 1009 3705 3031 362 699 25 3376 2377 2040 1964 1567 3926 2578 219 3849 4186 1792 3477 4151 591 1265 3287 1762 4118 3107 
p size: 250
objective: 378529.163230656413361
sum (dij * xij) 
demand/capacity: 224395.000000000000000/280500
Solution is Feasible
Statistics:
Max distance: 239.770723817567017
Min distance: 0.000000000000000
Avg distance: 84.852984360156114
Std deviation distance: 41.011875832737417


Final total elapsed time: 2454s
[INFO] Saving assignment: ./outputs/solutions/2024-08-26_LIT/Assignments/test_lit_fnl4461_0250_p_250_RSSV_EXACT_CPMP_BIN.txt
[INFO] Saving results: ./outputs/solutions/2024-08-26_LIT/test_lit_fnl4461_0250_results_RSSV_EXACT_CPMP_BIN.csv
[INFO] Saving all results: ./outputs/solutions/test_all_results.csv
Post Optimization: EXACT_CPMP_BIN


-------------------------------------------------
Post Optimization
-------------------------------------------------
method: EXACT_CPMP_BIN
-------------------------------------------------
Time for post-optimization: 1146.000000000000000s
PostOptimization constructor
p locations: 8 1307 3666 521 1150 1359 1595 368 4072 1566 3719 1092 3404 3233 2015 4231 1372 4316 3460 2872 4089 2967 551 3247 2019 60 2928 3327 4107 1199 3895 2079 2580 3214 1815 2167 3276 2002 3657 961 2012 161 164 3000 408 2515 3585 4135 3538 2750 4431 3722 4427 1251 462 125 4332 3658 3249 1738 1404 3575 841 2010 3008 2507 1502 1839 207 1475 1812 3222 1596 249 2587 4363 4214 2192 634 270 1804 303 430 916 2601 2935 3799 2643 1960 3645 4047 276 1111 2488 973 2321 508 3878 1707 1527 1146 812 3144 3818 111 3967 2282 3117 2560 599 3271 2964 2290 3960 1288 3539 2849 2512 419 2778 3789 3288 3118 2781 3455 2373 3795 2287 2976 617 4311 267 1410 1744 2464 1151 3510 650 3009 646 4454 1084 1421 3170 2842 2168 4073 2700 2032 1355 2366 988 1325 3019 323 2589 4081 1910 655 2551 4207 2522 2018 2355 1554 2581 2088 1077 266 603 3964 2279 1605 2402 4087 611 3628 3965 3880 2869 1867 531 3136 2483 124 798 80 1882 1403 3574 2906 415 582 1556 1816 3339 2571 1003 669 4382 1012 3708 2375 2038 722 2249 976 639 3672 2832 4246 4411 3369 2358 1684 190 2549 4079 709 2932 910 4280 1024 4327 829 1009 3705 3031 362 699 25 3376 2377 2040 1964 1567 3926 2578 219 3849 4186 1792 3477 4151 591 1265 3287 1762 4118 3107 
p size: 250
objective: 378529.163230656413361
sum (dij * xij) 
demand/capacity: 224395.000000000000000/280500
Solution is Feasible
[INFO] Running post-optimization
Time limit: 1146.000000000000000
Max size of the neigh: 16
 ------------------------------------ 

Iteration Post-Optimization: 1
Size of neighborhood: 1
[INFO] Adding MIP start solution
Gap Cplex Reports: gap_Bin_service_fnl4461_0250_p_250_RSSV_POSTOPT.csv
[CALLBACK] Generating reports cplex callbacks...
Default row names c1, c2 ... being created.
Version identifier: 22.1.1.0 | 2022-11-28 | 9160aff4d
CPXPARAM_TimeLimit                               1146
CPXPARAM_MIP_Tolerances_LowerCutoff              344018.20841097186
Legacy callback                                  i
1 of 2 MIP starts provided solutions.
MIP start 'm1' defined initial solution with objective 377714.6892.
Presolve has eliminated 19603547 rows and 19870690 columns...
Presolve has improved bounds 3963 times...
Tried aggregator 2 times.
MIP Presolve eliminated 19603550 rows and 19870733 columns.
MIP Presolve modified 8 coefficients.
Aggregator did 44 substitutions.
Reduced MIP has 5163 rows, 34205 columns, and 68908 nonzeros.
Reduced MIP has 34205 binaries, 0 generals, 0 SOSs, and 0 indicators.
Presolve time = 29.05 sec. (17746.48 ticks)
Tried aggregator 1 time.
Detecting symmetries...
Reduced MIP has 5163 rows, 34205 columns, and 68908 nonzeros.
Reduced MIP has 34205 binaries, 0 generals, 0 SOSs, and 0 indicators.
Presolve time = 0.08 sec. (46.96 ticks)
Probing time = 0.03 sec. (8.15 ticks)
Clique table members: 38379.
MIP emphasis: balance optimality and feasibility.
MIP search method: dynamic search.
Parallel mode: deterministic, using up to 32 threads.
Root relaxation solution time = 0.07 sec. (45.65 ticks)

        Nodes                                         Cuts/
   Node  Left     Objective  IInf  Best Integer    Best Bound    ItCnt     Gap

*     0+    0                       377714.6892     5032.1760            98.67%
      0     0   333942.1702   625   377714.6892   333942.1702     1000   11.59%
Time: 186.700026988983154 seconds
MIP Gap: 0.115887785959290
Nodes: 0
Best Objective: 333942.170154481893405
Incumbent Obj:  377714.689211504359264
*     0+    0                       377714.6512   333942.1702            11.59%
      0     0   350192.1852  2945   377714.6512    Cuts: 1390     2998    7.29%
      0     0   361384.0149  4423   377714.6512    Cuts: 1390     4766    4.32%
      0     0   365295.7468  4190   377714.6512    Cuts: 1390     6257    3.29%
*     0+    0                       373961.1176   365295.7468             2.32%
*     0+    0                       373851.1889   365295.7468             2.29%
      0     0  -1.00000e+75     0   373851.1889   365295.7468     6257    2.29%
Time: 205.671572923660278 seconds
MIP Gap: 0.022884619396067
Nodes: 0
Best Objective: 365295.746753292507492
Incumbent Obj:  373851.188922552217264
      0     0   366877.3323  1942   373851.1889    Cuts: 1390     7149    1.87%
      0     0   367172.6345  1896   373851.1889     Cuts: 447     7718    1.79%
Detecting symmetries...
      0     0   367261.8731  1873   373851.1889     Cuts: 270     8094    1.76%
      0     0   367313.5388  1825   373851.1889     Cuts: 184     8367    1.75%
      0     0   367340.8359  1729   373851.1889     Cuts: 133     8551    1.74%
      0     0   367360.6006  1621   373851.1889      Cuts: 85     8691    1.74%
      0     0   367379.8512  1596   373851.1889      Cuts: 71     8832    1.73%
      0     0   367386.3146  1456   373851.1889      Cuts: 43     8927    1.73%
      0     0   367393.5345  1520   373851.1889      Cuts: 51     9025    1.73%
      0     0   367396.1499  1689   373851.1889      Cuts: 37     9086    1.73%
*     0+    0                       368155.5274   367396.1499             0.21%
Detecting symmetries...
Time: 236.933958053588867 seconds
MIP Gap: 0.002055697520488
Nodes: 0
Best Objective: 367398.710975955880713
Incumbent Obj:  368155.527380746498238
      0     2   367396.1499  1689   368155.5274   367398.7110     9086    0.21%
Elapsed time = 177.43 sec. (47876.88 ticks, tree = 0.02 MB, solutions = 5)
     54    28   367520.5080   943   368155.5274   367398.7110    10188    0.21%
*   178+    1                       367970.3640   367398.7110             0.16%
    351   303   367522.8018   456   367970.3640   367398.7110    19946    0.16%
*   532+  179                       367628.1651   367398.7110             0.06%
*   533+  190                       367619.4567   367398.7110             0.06%
    533   192   367526.1535   110   367619.4567   367398.7110    16679    0.06%
Time: 243.237931013107300 seconds
MIP Gap: 0.001553530038482
Nodes: 432
Best Objective: 367398.710975955880713
Incumbent Obj:  367970.363989684905391
    539   431   367420.4941  1361   367619.4567   367398.7110    24577    0.06%
    540   434   367543.3038    91   367619.4567   367398.7110    24646    0.06%
*   542+  382                       367580.3542   367398.7110             0.05%
*   548+  381                       367538.4211   367398.7110             0.04%
    548   383   367432.3392  1349   367538.4211   367398.7110    22935    0.04%
    562   452   367563.7535   114   367538.4211   367398.7110    25618    0.04%
    582   464   367493.5569   827   367538.4211   367398.7110    26383    0.04%
    591   472   367673.1875    52   367538.4211   367398.7110    26418    0.04%
Time: 248.487939834594727 seconds
MIP Gap: 0.001477253114164
Nodes: 512
Best Objective: 367398.710975955880713
Incumbent Obj:  367942.254817717999686
    632   514   367741.5691    26   367538.4211   367398.7110    27298    0.04%
Elapsed time = 189.13 sec. (51566.27 ticks, tree = 3.14 MB, solutions = 7)
    731   612   367878.7411    18   367538.4211   367398.7110    29780    0.04%
Time: 253.931010961532593 seconds
MIP Gap: 0.001477253114164
Nodes: 648
Best Objective: 367398.710975955880713
Incumbent Obj:  367942.254817717999686
    763   651   367673.5621    66   367538.4211   367398.7110    30539    0.04%
    839   706        cutoff         367538.4211   367398.7110    31305    0.04%
Time: 260.391530036926270 seconds
MIP Gap: 0.000860258052462
Nodes: 827
Best Objective: 367398.710975955880713
Incumbent Obj:  367715.040800816204865
    962   815   367568.2416    90   367538.4211   367398.7110    33276    0.04%
    981   729   367458.6735   883   367538.4211   367417.1903    33852    0.03%
   1049   769        cutoff         367538.4211   367423.6414    35835    0.03%
   1189   868   367536.9216    41   367538.4211   367423.6414    38685    0.03%
Time: 266.812003850936890 seconds
MIP Gap: 0.000412958599298
Nodes: 1056
Best Objective: 367423.641371076402720
Incumbent Obj:  367575.434807770827319
   1216   672   367574.9988    36   367538.4211   367423.6414    40470    0.03%
   1259   700   367449.9908   813   367538.4211   367423.6414    42725    0.03%
Time: 272.201567888259888 seconds
MIP Gap: 0.000412958599298
Nodes: 1241
Best Objective: 367423.641371076402720
Incumbent Obj:  367575.434807770827319
   1364   766   367465.6935   318   367538.4211   367423.6414    46356    0.03%
Elapsed time = 211.98 sec. (62644.88 ticks, tree = 6.04 MB, solutions = 10)
   1524   863   367470.9424   122   367538.4211   367423.6414    48749    0.03%
*  1549+  875                       367506.6881   367423.6414             0.02%
Time: 278.497935056686401 seconds
MIP Gap: 0.000225973453806
Nodes: 1409
Best Objective: 367423.641371076402720
Incumbent Obj:  367506.688126689114142
   1562   591        cutoff         367506.6881   367423.6414    49870    0.02%
   1595   606   367465.6778   118   367506.6881   367423.6414    51618    0.02%
   1735   671        cutoff         367506.6881   367423.6414    55522    0.02%
Time: 283.581337928771973 seconds
MIP Gap: 0.000225973453806
Nodes: 1643
Best Objective: 367423.641371076402720
Incumbent Obj:  367506.688126689114142
*  1952+  783                       367499.3479   367423.6414             0.02%
   1952   785   367484.5314   122   367499.3479   367423.6414    61088    0.02%
   1992   741   367478.7434   599   367499.3479   367423.6414    63447    0.02%
Time: 289.027752876281738 seconds
MIP Gap: 0.000206004652459
Nodes: 1884
Best Objective: 367423.641371076402720
Incumbent Obj:  367499.347946529102046
*  2037+  769                       367494.2206   367423.6414             0.02%
   2037   771   367492.3852    81   367494.2206   367423.6414    64229    0.02%
Time: 294.767760992050171 seconds
MIP Gap: 0.000192055357814
Nodes: 1947
Best Objective: 367423.641371076402720
Incumbent Obj:  367494.220605109177995
   2070   725   367470.4317   800   367494.2206   367423.6414    65615    0.02%
   2140   780   367467.8475   201   367494.2206   367423.6414    68945    0.02%
   2243   812   367476.1857   136   367494.2206   367423.6414    73801    0.02%
Elapsed time = 237.37 sec. (73768.79 ticks, tree = 13.20 MB, solutions = 14)
   2367   871        cutoff         367494.2206   367423.6414    80488    0.02%
Time: 301.768534898757935 seconds
MIP Gap: 0.000192055357814
Nodes: 2265
Best Objective: 367423.641371076402720
Incumbent Obj:  367494.220605109177995
   2370   862        cutoff         367494.2206   367423.6414    81218    0.02%
Time: 306.907412052154541 seconds
MIP Gap: 0.000192055357814
Nodes: 2295
Best Objective: 367423.641371076402720
Incumbent Obj:  367494.220605109177995
   2371   866        cutoff         367494.2206   367423.6414    81998    0.02%
   2372   854   367492.2563   985   367494.2206   367423.6414    82783    0.02%
Time: 313.674013853073120 seconds
MIP Gap: 0.000192055357814
Nodes: 2313
Best Objective: 367423.641371076402720
Incumbent Obj:  367494.220605109177995
Time: 320.710000038146973 seconds
MIP Gap: 0.000192055357814
Nodes: 2321
Best Objective: 367423.641371076402720
Incumbent Obj:  367494.220605109177995
   2374   839   367484.6034   890   367494.2206   367423.6414    83843    0.02%
Time: 334.492558956146240 seconds
MIP Gap: 0.000192055357814
Nodes: 2334
Best Objective: 367423.641371076402720
Incumbent Obj:  367494.220605109177995
   2375   814        cutoff         367494.2206   367423.6414    84508    0.02%
   2378   804   367467.1178   918   367494.2206   367423.6414    85613    0.02%
Time: 352.297952890396118 seconds
MIP Gap: 0.000192055357814
Nodes: 2347
Best Objective: 367423.641371076402720
Incumbent Obj:  367494.220605109177995
   2379   796        cutoff         367494.2206   367423.6414    85898    0.02%
Time: 357.359292030334473 seconds
MIP Gap: 0.000191893217914
Nodes: 2374
Best Objective: 367423.700956552464049
Incumbent Obj:  367494.220605109177995
   2392   794        cutoff         367494.2206   367423.7010    88025    0.02%
   2444   801   367464.9356   971   367494.2206   367423.8342    90467    0.02%
Elapsed time = 302.14 sec. (103261.22 ticks, tree = 15.51 MB, solutions = 18)
Time: 362.500917911529541 seconds
MIP Gap: 0.000191530721286
Nodes: 2440
Best Objective: 367423.834171968221199
Incumbent Obj:  367494.220605109177995
   2461   839        cutoff         367494.2206   367423.8342    95540    0.02%
Time: 370.222286939620972 seconds
MIP Gap: 0.000168284527542
Nodes: 2463
Best Objective: 367432.377013820223510
Incumbent Obj:  367494.220605109177995
Time: 388.379327058792114 seconds
MIP Gap: 0.000163596172787
Nodes: 2468
Best Objective: 367434.099957096856087
Incumbent Obj:  367494.220605109177995
   2463   835   367457.7357  1084   367494.2206   367434.1000    96569    0.02%
   2468   840   367469.5760  1250   367494.2206   367434.1000    97308    0.02%

Clique cuts applied:  3707
Cover cuts applied:  787
Flow cuts applied:  103
Mixed integer rounding cuts applied:  835
Zero-half cuts applied:  236
Multi commodity flow cuts applied:  73
Lift and project cuts applied:  6
Gomory fractional cuts applied:  45

Root node processing (before b&c):
  Real time             =  162.36 sec. (50788.55 ticks)
Parallel b&c, 32 threads:
  Real time             =  181.47 sec. (68628.99 ticks)
  Sync time (average)   =  145.39 sec.
  Wait time (average)   =    0.00 sec.
                          ------------
Total (root+branch&cut) =  343.83 sec. (119417.54 ticks)
Post-Optimization Solution: 
p locations: 4450 4431 4420 4411 4366 4363 4332 4327 4316 4231 4214 4207 4199 4159 4140 4089 4081 4079 4073 4072 3993 3965 3941 3849 3845 3795 3770 3685 3610 3565 3559 3538 3510 4135 3461 3446 3404 3375 3705 3368 3299 3276 3249 3233 4225 3214 3170 3136 3455 3118 4118 3107 3101 3337 3000 4055 1359 3730 23 2361 3539 2528 1150 3670 2996 1985 1146 1092 1054 1024 1002 3247 888 2849 841 2587 3335 2998 639 2643 1012 675 3878 845 508 669 661 3895 1199 3880 2869 3342 646 3008 312 1982 634 217 2054 1805 180 430 2768 2935 791 238 164 1404 1738 589 2601 916 415 1857 278 3818 3144 111 1129 1403 735 60 4311 2963 161 107 4047 677 1351 2019 124 798 631 2975 2301 8 2847 1205 2040 94 303 599 3967 2282 1271 2106 323 368 3657 961 2464 408 1084 1421 2423 530 429 1765 462 2967 536 1538 521 2206 2373 1044 591 1265 2950 254 570 954 617 1425 3229 1544 1554 2079 2747 1595 1607 1617 3706 2358 1684 2018 1707 1534 2208 2038 2375 1710 1727 1783 2952 1475 1812 1841 1882 1910 3589 219 2578 1990 2015 3722 689 2037 1867 2204 3719 2034 2371 2167 4301 1605 2279 1310 299 2321 3666 1307 970 2655 1312 2323 1355 2366 1015 2700 2438 2605 2469 2551 2561 2581 2585 3263 1578 2589 2604 419 2441 2778 2168 2842 2844 2932 3975 2964 
p size: 250
objective: 367494.220605108421296
sum (dij * xij) 
demand/capacity: 224395.000000000000000/280500
Solution is Feasible
Comparing Best Bounds: 
Old Best Bound: 367457.616681499232072
New Best Bound: 367457.616681499232072
Time elapsed: 462.467040177999991s
Time remaining: 1146.000000000000000s
 ------------------------------------ 

Iteration Post-Optimization: 2
Size of neighborhood: 1
[INFO] Adding MIP start solution
Gap Cplex Reports: gap_Bin_service_fnl4461_0250_p_250_RSSV_POSTOPT.csv
[CALLBACK] Generating reports cplex callbacks...
Default row names c1, c2 ... being created.
Version identifier: 22.1.1.0 | 2022-11-28 | 9160aff4d
CPXPARAM_TimeLimit                               683.53295982200007
CPXPARAM_MIP_Tolerances_LowerCutoff              367457.61668149923
Legacy callback                                  i
1 of 2 MIP starts provided solutions.
MIP start 'm1' defined initial solution with objective 367494.2206.
Presolve has eliminated 19642109 rows and 19875033 columns...
Presolve has improved bounds 3965 times...
Tried aggregator 2 times.
MIP Presolve eliminated 19642121 rows and 19875117 columns.
MIP Presolve modified 18 coefficients.
Aggregator did 114 substitutions.
Reduced MIP has 5082 rows, 29751 columns, and 59998 nonzeros.
Reduced MIP has 29751 binaries, 0 generals, 0 SOSs, and 0 indicators.
Presolve time = 29.11 sec. (17695.07 ticks)
Tried aggregator 1 time.
Detecting symmetries...
Reduced MIP has 5082 rows, 29751 columns, and 59998 nonzeros.
Reduced MIP has 29751 binaries, 0 generals, 0 SOSs, and 0 indicators.
Presolve time = 0.08 sec. (40.76 ticks)
Probing time = 0.03 sec. (7.39 ticks)
Clique table members: 33891.
MIP emphasis: balance optimality and feasibility.
MIP search method: dynamic search.
Parallel mode: deterministic, using up to 32 threads.
Root relaxation solution time = 0.04 sec. (44.28 ticks)

        Nodes                                         Cuts/
   Node  Left     Objective  IInf  Best Integer    Best Bound    ItCnt     Gap

*     0+    0                       367494.2206    11792.0786            96.79%
      0     0   334467.9787   610   367494.2206   334467.9787     1042    8.99%
Time: 200.835603952407837 seconds
MIP Gap: 0.089868738105842
Nodes: 0
Best Objective: 334467.978738139441703
Incumbent Obj:  367494.220605110633187
      0     0   349412.1749  2896   367494.2206    Cuts: 1370     2893    4.92%
      0     0   360422.2727  4397   367494.2206    Cuts: 1370     4595    1.92%
      0     0   364287.5157  4144   367494.2206    Cuts: 1370     6002    0.87%
*     0+    0                       367129.3998   364287.5157             0.77%
*     0+    0                       367055.1080   364287.5157             0.75%
*     0+    0                       367030.9473   364287.5157             0.75%
      0     0  -1.00000e+75     0   367030.9473   364287.5157     6002    0.75%
Time: 226.419068098068237 seconds
MIP Gap: 0.007474660184910
Nodes: 0
Best Objective: 364287.515716537891421
Incumbent Obj:  367030.947325138782617
      0     0   365720.1133  2008   367030.9473    Cuts: 1370     6816    0.36%
      0     0   366025.2942  1536   367030.9473     Cuts: 526     7350    0.27%
Detecting symmetries...
      0     0   366118.6333  1396   367030.9473     Cuts: 242     7710    0.25%
      0     0   366172.6188  1676   367030.9473     Cuts: 170     7979    0.23%
      0     0   366210.1965  1536   367030.9473     Cuts: 145     8209    0.22%
      0     0   366229.8626  1070   367030.9473     Cuts: 119     8414    0.22%
      0     0   366241.8022  1502   367030.9473      Cuts: 65     8526    0.22%
      0     0   366249.3216  1215   367030.9473      Cuts: 50     8614    0.21%
      0     0   366253.0428   936   367030.9473      Cuts: 40     8670    0.21%
      0     0   366256.5700  1279   367030.9473      Cuts: 22     8739    0.21%
Detecting symmetries...
Time: 251.592343091964722 seconds
MIP Gap: 0.002109841913779
Nodes: 0
Best Objective: 366256.570048818015493
Incumbent Obj:  367030.947325138782617
      0     2   366256.5700  1279   367030.9473   366256.5700     8739    0.21%
Elapsed time = 188.47 sec. (46916.04 ticks, tree = 0.02 MB, solutions = 4)
     53    43   366426.6955   442   367030.9473   366258.7825     9928    0.21%
*    93+    2                       366344.4370   366258.7825             0.02%
    114    16   366313.8720   985   366344.4370   366258.7825     9082    0.02%
Time: 258.352427959442139 seconds
MIP Gap: 0.000230061001821
Nodes: 90
Best Objective: 366260.155449608922936
Incumbent Obj:  366344.437017800926697
    127    60   366268.3090  1014   366344.4370   366260.1564    12148    0.02%
    129    61   366304.6065   603   366344.4370   366260.1564    12165    0.02%
    131    62   366305.6492   442   366344.4370   366260.1564    12235    0.02%
    136    64   366269.5375   879   366344.4370   366260.1564    12343    0.02%
    147    71   366314.5382   125   366344.4370   366260.1564    12554    0.02%
    161    81   366332.1474    69   366344.4370   366260.1564    12891    0.02%
*   166+   76                       366310.3673   366260.1564             0.01%
Time: 263.787743091583252 seconds
MIP Gap: 0.000230058370577
Nodes: 132
Best Objective: 366260.156413550721481
Incumbent Obj:  366344.437017800926697
    170    85   366327.2255   874   366310.3673   366260.1564    13221    0.01%
    188    67   366284.9531   446   366310.3673   366260.1564    13217    0.01%
Elapsed time = 202.79 sec. (50699.05 ticks, tree = 0.12 MB, solutions = 8)
    202    74   366281.8049  1081   366310.3673   366260.1564    13808    0.01%
Time: 268.975783109664917 seconds
MIP Gap: 0.000097767510666
Nodes: 170
Best Objective: 366274.554040407296270
Incumbent Obj:  366310.367293148708995
Time: 301.005397081375122 seconds
MIP Gap: 0.000097767510666
Nodes: 203
Best Objective: 366274.554040407296270
Incumbent Obj:  366310.367293148708995

Clique cuts applied:  3637
Cover cuts applied:  588
Flow cuts applied:  88
Mixed integer rounding cuts applied:  917
Zero-half cuts applied:  276
Multi commodity flow cuts applied:  87
Lift and project cuts applied:  3
Gomory fractional cuts applied:  63

Root node processing (before b&c):
  Real time             =  180.01 sec. (50537.25 ticks)
Parallel b&c, 32 threads:
  Real time             =   73.85 sec. (17323.47 ticks)
  Sync time (average)   =   28.82 sec.
  Wait time (average)   =    0.00 sec.
                          ------------
Total (root+branch&cut) =  253.86 sec. (67860.72 ticks)
Post-Optimization Solution: 
p locations: 4450 4431 4420 4411 4366 4363 4332 4327 4316 4231 4214 4207 4199 4159 4140 4089 4081 4079 4072 3993 3965 3941 3849 3805 3795 3770 3684 3610 3565 3559 3539 3538 3510 4135 3461 3446 3404 3375 3705 3368 3299 3276 3249 3233 4225 3214 3170 3136 3455 3118 4118 3107 3101 3337 3000 2975 4055 1359 3730 23 2361 1312 1234 1146 2587 1054 1024 1002 948 2952 3247 888 2849 841 1092 1766 791 3335 2998 639 2643 1012 675 669 661 2935 239 1404 1738 3343 984 589 217 2054 4073 2388 2601 916 415 164 1834 3008 312 646 634 1982 278 3818 3144 111 591 1265 2950 1129 1403 735 60 161 107 4047 677 1351 2019 124 798 631 8 2847 3670 2996 1985 281 1617 94 303 599 3967 2282 1271 2106 323 368 3657 961 2464 408 3895 1199 3880 2869 1727 409 2079 725 2747 1084 1421 1805 180 530 462 2967 536 1538 521 2206 2373 1044 570 617 1425 3878 845 508 1519 3229 1544 1554 1595 1607 3706 2358 1684 2018 1707 2208 2038 2375 1710 417 1765 1475 1812 1150 1824 1841 1882 1910 3589 219 2578 1990 2015 3722 2037 2204 3719 2034 2371 2040 2167 4301 1605 2279 4311 2963 2289 1310 299 2321 3666 1307 970 2655 2337 1355 2366 2700 2459 2472 2469 2806 2551 2561 2581 2585 3263 1578 2589 2604 2771 2605 419 2441 2778 2168 2842 2932 3975 2964 
p size: 250
objective: 366310.367293147952296
sum (dij * xij) 
demand/capacity: 224395.000000000000000/280500
Solution is Feasible
Comparing Best Bounds: 
Old Best Bound: 366274.554040407296270
New Best Bound: 366274.554040407296270
Time elapsed: 374.850694170999986s
Time remaining: 683.532959822000066s
 ------------------------------------ 

Iteration Post-Optimization: 3
Size of neighborhood: 1
[INFO] Adding MIP start solution
Gap Cplex Reports: gap_Bin_service_fnl4461_0250_p_250_RSSV_POSTOPT.csv
[CALLBACK] Generating reports cplex callbacks...
Default row names c1, c2 ... being created.
Version identifier: 22.1.1.0 | 2022-11-28 | 9160aff4d
CPXPARAM_TimeLimit                               308.68226565100008
CPXPARAM_MIP_Tolerances_LowerCutoff              366274.5540404073
Legacy callback                                  i
1 of 2 MIP starts provided solutions.
MIP start 'm1' defined initial solution with objective 366307.3270.
Presolve has eliminated 19642109 rows and 19875038 columns...
Presolve has improved bounds 3965 times...
Tried aggregator 2 times.
MIP Presolve eliminated 19642121 rows and 19875122 columns.
MIP Presolve modified 18 coefficients.
Aggregator did 117 substitutions.
Reduced MIP has 5079 rows, 29743 columns, and 59982 nonzeros.
Reduced MIP has 29743 binaries, 0 generals, 0 SOSs, and 0 indicators.
Presolve time = 28.30 sec. (17695.06 ticks)
Tried aggregator 1 time.
Detecting symmetries...
Reduced MIP has 5079 rows, 29743 columns, and 59982 nonzeros.
Reduced MIP has 29743 binaries, 0 generals, 0 SOSs, and 0 indicators.
Presolve time = 0.07 sec. (40.75 ticks)
Probing time = 0.04 sec. (7.39 ticks)
Clique table members: 33882.
MIP emphasis: balance optimality and feasibility.
MIP search method: dynamic search.
Parallel mode: deterministic, using up to 32 threads.
Root relaxation solution time = 0.05 sec. (42.12 ticks)

        Nodes                                         Cuts/
   Node  Left     Objective  IInf  Best Integer    Best Bound    ItCnt     Gap

*     0+    0                       366307.3270    12012.7914            96.72%
      0     0   334706.4867   610   366307.3270   334706.4867     1018    8.63%
Time: 174.977339982986450 seconds
MIP Gap: 0.086268654856737
Nodes: 0
Best Objective: 334706.486675924330484
Incumbent Obj:  366307.327044193749316
      0     0   349623.9151  2902   366307.3270    Cuts: 1369     2890    4.55%
      0     0   360523.0039  4353   366307.3270    Cuts: 1369     4606    1.58%
      0     0   364361.6297  4105   366307.3270    Cuts: 1369     6030    0.53%
Time: 198.182718992233276 seconds
MIP Gap: 0.005311652820715
Nodes: 0
Best Objective: 364361.629697250726167
Incumbent Obj:  366307.327044193749316
      0     0   365725.3462  1855   366307.3270    Cuts: 1369     6853    0.16%
      0     0   366003.3274  1666   366307.3270     Cuts: 481     7377    0.08%
Detecting symmetries...
      0     0   366111.6809  1589   366307.3270     Cuts: 231     7796    0.05%
      0     0   366177.8989  1620   366307.3270     Cuts: 195     8052    0.04%
      0     0   366210.7675  1650   366307.3270     Cuts: 147     8253    0.03%
*     0+    0                       366304.3311   366210.7675             0.03%
      0     0  -1.00000e+75     0   366304.3311   366210.7675     8253    0.03%
Detecting symmetries...

Repeating presolve.
Tried aggregator 3 times.
MIP Presolve eliminated 30 rows and 8576 columns.
MIP Presolve added 11 rows and 0 columns.
MIP Presolve modified 8 coefficients.
Aggregator did 787 substitutions.
Reduced MIP has 4273 rows, 20380 columns, and 41252 nonzeros.
Reduced MIP has 20380 binaries, 0 generals, 0 SOSs, and 0 indicators.
Presolve time = 0.13 sec. (85.48 ticks)
Probing time = 0.03 sec. (5.37 ticks)
Tried aggregator 1 time.
Detecting symmetries...
Reduced MIP has 4273 rows, 20380 columns, and 41252 nonzeros.
Reduced MIP has 20380 binaries, 0 generals, 0 SOSs, and 0 indicators.
Presolve time = 0.05 sec. (27.95 ticks)
Represolve time = 10.85 sec. (4132.35 ticks)
Probing time = 0.03 sec. (5.37 ticks)
Clique table members: 24423.
MIP emphasis: balance optimality and feasibility.
MIP search method: dynamic search.
Parallel mode: deterministic, using up to 32 threads.
Root relaxation solution time = 0.79 sec. (314.40 ticks)

        Nodes                                         Cuts/
   Node  Left     Objective  IInf  Best Integer    Best Bound    ItCnt     Gap

*     0+    0                       366304.3311   366210.7675             0.03%
      0     0   366210.7675  1526   366304.3311   366210.7675    14568    0.03%
Time: 258.583506822586060 seconds
MIP Gap: 0.000255425869212
Nodes: 0
Best Objective: 366210.767498652799986
Incumbent Obj:  366304.331100820330903
*     0+    0                       366303.3043   366210.7675             0.03%
      0     0   366228.5463  1206   366303.3043      Cuts: 86    14717    0.02%
      0     0   366242.8873  1313   366303.3043      Cuts: 73    14824    0.02%
      0     0   366253.1582  1346   366303.3043      Cuts: 62    14930    0.01%
*     0+    0                       366300.0157   366253.1582             0.01%
      0     0  -1.00000e+75     0   366300.0157   366253.1582    14930    0.01%
Time: 291.993538856506348 seconds
MIP Gap: 0.000127921260107
Nodes: 0
Best Objective: 366253.158156648278236
Incumbent Obj:  366300.015716235735454
      0     0   366259.8655  1157   366300.0157      Cuts: 59    15006    0.01%
      0     0   366262.3572  1127   366300.0157      Cuts: 35    15082    0.01%
      0     0   366264.5010   933   366300.0157      Cuts: 21    15149    0.01%

Clique cuts applied:  3577
Cover cuts applied:  476
Flow cuts applied:  84
Mixed integer rounding cuts applied:  889
Zero-half cuts applied:  286
Multi commodity flow cuts applied:  87
Lift and project cuts applied:  6
Gomory fractional cuts applied:  51

Root node processing (before b&c):
  Real time             =  236.54 sec. (54000.81 ticks)
Parallel b&c, 32 threads:
  Real time             =    0.00 sec. (0.00 ticks)
  Sync time (average)   =    0.00 sec.
  Wait time (average)   =    0.00 sec.
                          ------------
Total (root+branch&cut) =  236.54 sec. (54000.81 ticks)
Post-Optimization Solution: 
p locations: 4450 4431 4420 4411 4366 4363 4332 4327 4316 4231 4214 4207 4199 4159 4140 4089 4081 4079 4072 3993 3965 3941 3849 3805 3795 3770 3684 3610 3565 3559 3539 3538 3510 4135 3461 3446 3404 3375 3705 3368 3299 3276 3249 3233 4225 3214 3170 3136 3455 3118 4118 3107 3101 3337 3000 2975 4055 1359 3730 23 2361 1312 1234 1146 2587 1054 1024 1002 948 2952 3247 888 2849 841 1092 1766 791 3335 2998 639 2643 1012 675 669 661 2935 239 1404 1738 3343 984 589 217 2054 4073 2388 2601 916 415 164 1834 3008 312 646 634 1982 278 3818 3144 111 591 1265 2950 1129 1403 735 60 161 107 4047 677 1351 2019 124 798 631 8 2847 3670 2996 1985 281 1617 94 303 599 3967 2282 1271 2106 323 368 3657 961 2464 408 3895 1199 3880 2869 1727 409 2079 725 2747 1084 1421 1805 180 530 462 2967 536 1538 521 2206 2373 1044 570 617 1425 3878 845 508 1519 3229 1544 1554 1595 1607 3706 2358 1684 2018 1707 2208 2038 2375 1710 417 1765 1475 1812 1150 1824 1841 1882 1910 3589 219 2578 1990 2015 3722 2037 2204 3719 2034 2371 2040 2167 4301 1605 2279 4311 2963 2289 1310 299 2321 3666 1307 970 2655 2337 1355 2366 2700 2459 2472 2469 2806 2551 2561 2581 2585 3263 1578 2589 2604 2771 2605 419 2441 2778 2168 2842 2932 3975 2964 
p size: 250
objective: 366300.015716235095169
sum (dij * xij) 
demand/capacity: 224395.000000000000000/280500
Solution is Feasible
Comparing Best Bounds: 
Old Best Bound: 366264.501019095769152
New Best Bound: 366264.501019095769152
Time elapsed: 352.444335588000001s
Time remaining: 308.682265651000080s



Finishing post-optimization
p locations: 4450 4431 4420 4411 4366 4363 4332 4327 4316 4231 4214 4207 4199 4159 4140 4089 4081 4079 4072 3993 3965 3941 3849 3805 3795 3770 3684 3610 3565 3559 3539 3538 3510 4135 3461 3446 3404 3375 3705 3368 3299 3276 3249 3233 4225 3214 3170 3136 3455 3118 4118 3107 3101 3337 3000 2975 4055 1359 3730 23 2361 1312 1234 1146 2587 1054 1024 1002 948 2952 3247 888 2849 841 1092 1766 791 3335 2998 639 2643 1012 675 669 661 2935 239 1404 1738 3343 984 589 217 2054 4073 2388 2601 916 415 164 1834 3008 312 646 634 1982 278 3818 3144 111 591 1265 2950 1129 1403 735 60 161 107 4047 677 1351 2019 124 798 631 8 2847 3670 2996 1985 281 1617 94 303 599 3967 2282 1271 2106 323 368 3657 961 2464 408 3895 1199 3880 2869 1727 409 2079 725 2747 1084 1421 1805 180 530 462 2967 536 1538 521 2206 2373 1044 570 617 1425 3878 845 508 1519 3229 1544 1554 1595 1607 3706 2358 1684 2018 1707 2208 2038 2375 1710 417 1765 1475 1812 1150 1824 1841 1882 1910 3589 219 2578 1990 2015 3722 2037 2204 3719 2034 2371 2040 2167 4301 1605 2279 4311 2963 2289 1310 299 2321 3666 1307 970 2655 2337 1355 2366 2700 2459 2472 2469 2806 2551 2561 2581 2585 3263 1578 2589 2604 2771 2605 419 2441 2778 2168 2842 2932 3975 2964 
p size: 250
objective: 366300.015716235095169
sum (dij * xij) 
demand/capacity: 224395.000000000000000/280500
Solution is Feasible
Solution Stats
Statistics:
Max distance: 222.811579591366836
Min distance: 0.000000000000000
Avg distance: 82.111637685773388
Std deviation distance: 39.805083898297475


[INFO] Saving assignment: ./outputs/solutions/2024-08-26_LIT/Assignments/test_lit_fnl4461_0250_p_250_RSSV_EXACT_CPMP_BIN_POSTOPT.txt
[INFO] Saving results: ./outputs/solutions/2024-08-26_LIT/test_lit_fnl4461_0250_results_RSSV_EXACT_CPMP_BIN_POSTOPT.csv
[INFO] Saving all results: ./outputs/solutions/test_all_results.csv
Final total elapsed time (post opt): 3644s
Elapsed time: 3644269 ms

RSSV finished.
