
Debug: configOverride contents: IsWeighted_ObjFunc add_break_callback add_generate_reports add_threshold_distance_rssv bw_multiplier capacities cover_mode cover_mode_n2 coverages coverages_n2 cust_max_id distance_matrix fixed_threshold_distance loc_max_id max_ite_subprob_rssv method method_post_opt method_rssv_fp method_rssv_sp output p seed service size_final_prob_rssv size_subproblems_rssv subarea subarea_n2 threads time time_cplex time_subprob_rssv weights 
Loading instance...
Scanning input data...
Skipped line: customer location distance
Distance matrix dimensions: 2038 x 2038 = 4153444
Elapsed time: 3024 ms

Loading weights...
Skipped line: customer weight coord_x coord_y id_cust fid
Loaded 2037 weights
Total customer demand: 4973728.50
Max weight: 195610.50
Elapsed time: 2 ms

Loading capacities...
Skipped line: location capacity coord_x coord_y id_loc fid
Loaded 2037 capacities
Total capacity: 58585832.69
Max capacity: 157291.29
Elapsed time: 2 ms

Loading distance matrix...
Skipped line: customer location distance
Max dist: 26933.00
bw multiplier: 0.50
Loaded 4149370 distances
dists stdev: 3432.42
bandwidth h: 86.29
locations: 2037
customers: 2037
p: 250
Elapsed time: 3617 ms

Loading coverages...
Skipped line: location subarea_id
Loaded 2037 locations covered
Number of subareas: 188
Average number of locations for subarea: 10.00
Max qte locations for one subarea: 47
Min qte locations for one subarea: 1
Elapsed time: 1 ms

[INFO] Instance loaded
loc_max_id: 2037
loc_cnt: 2037
service: cinema
cust_max_id: 2037
cust_cnt: 2037
weighted obj function
cover_max_id: 192
subareas_cnt: 188
subareas: canton
p: 250
total_demand: 4973728.50


-------------------------------------------------
-------------------------------------------------
    EXACT_CPMP
-------------------------------------------------
Gap Cplex Reports: gap_Cont_service_cinema_p_250_EXACT_CPMP_cover_canton.csv
[CALLBACK] Generating reports cplex callbacks...
Default row names c1, c2 ... being created.
Version identifier: 22.1.1.0 | 2022-11-28 | 9160aff4d
CPXPARAM_TimeLimit                               3600
Legacy callback                                  i
Tried aggregator 1 time.
MIP Presolve eliminated 12 rows and 12 columns.
Reduced MIP has 4247 rows, 4151394 columns, and 8304781 nonzeros.
Reduced MIP has 2025 binaries, 0 generals, 0 SOSs, and 0 indicators.
Presolve time = 6.76 sec. (2697.78 ticks)
Tried aggregator 1 time.
Detecting symmetries...
Reduced MIP has 4247 rows, 4151394 columns, and 8304781 nonzeros.
Reduced MIP has 2025 binaries, 0 generals, 0 SOSs, and 0 indicators.
Presolve time = 13.72 sec. (3753.87 ticks)
Probing time = 4.00 sec. (165.55 ticks)
Clique table members: 11.
MIP emphasis: balance optimality and feasibility.
MIP search method: dynamic search.
Parallel mode: deterministic, using up to 32 threads.
Root relaxation solution time = 31.49 sec. (8201.23 ticks)

        Nodes                                         Cuts/
   Node  Left     Objective  IInf  Best Integer    Best Bound    ItCnt     Gap

*     0+    0                       7.96567e+09        0.0000           100.00%
      0     0   1.35373e+09  1798   7.96567e+09   1.35373e+09     2925   83.01%
Time: 88.77 seconds
MIP Gap: 0.83
Nodes: 0
Best Objective: 1353734884.897741079330444
Incumbent Obj:  7965668252.379494667053223
*     0+    0                       4.50888e+09   1.35373e+09            69.98%
Time: 118.703430175781250 seconds
MIP Gap: 0.699762631466050
Nodes: 0
Best Objective: 1353734884.897741079330444
Incumbent Obj:  4508882060.577559471130371
      0     0   1.49000e+09  1277   4.50888e+09 Impl Bds: 1161     5352   66.95%
Time: 134.732499122619629 seconds
MIP Gap: 0.669540298495136
Nodes: 0
Best Objective: 1490003819.859097242355347
Incumbent Obj:  4508882060.577559471130371
      0     0   1.62639e+09  1111   4.50888e+09    Cuts: 1161     7083   63.93%
Time: 155.604936122894287 seconds
MIP Gap: 0.639291837511716
Nodes: 0
Best Objective: 1626390562.947318077087402
Incumbent Obj:  4508882060.577559471130371
      0     0   1.77121e+09   998   4.50888e+09    Cuts: 1161     8671   60.72%
*     0+    0                       3.22018e+09   1.77121e+09            45.00%
*     0+    0                       3.09941e+09   1.77121e+09            42.85%
      0     0  -1.00000e+75     0   3.09941e+09   1.77121e+09     8671   42.85%
Time: 191.251448154449463 seconds
MIP Gap: 0.428532727383266
Nodes: 0
Best Objective: 1771208804.018034458160400
Incumbent Obj:  3099405493.349975585937500
Time: 209.211658954620361 seconds
MIP Gap: 0.428532727383266
Nodes: 0
Best Objective: 1771208804.018034458160400
Incumbent Obj:  3099405493.349975585937500
      0     0   1.92226e+09   926   3.09941e+09    Cuts: 1161    10278   37.98%
Time: 259.629551172256470 seconds
MIP Gap: 0.379795882441310
Nodes: 0
Best Objective: 1922264048.959678649902344
Incumbent Obj:  3099405493.349975585937500
      0     0   2.02897e+09   869   3.09941e+09    Cuts: 1161    12108   34.54%
Detecting symmetries...
Time: 326.211995124816895 seconds
MIP Gap: 0.345366561480730
Nodes: 0
Best Objective: 2028974475.477207422256470
Incumbent Obj:  3099405493.349975585937500
      0     0   2.12614e+09   756   3.09941e+09    Cuts: 1161    14296   31.40%
Time: 372.609414100646973 seconds
MIP Gap: 0.314015725749667
Nodes: 0
Best Objective: 2126143427.963179588317871
Incumbent Obj:  3099405493.349975585937500
      0     0   2.15155e+09   714   3.09941e+09    Cuts: 1161    16337   30.58%
Time: 426.555502176284790 seconds
MIP Gap: 0.305819890214395
Nodes: 0
Best Objective: 2151545645.643793582916260
Incumbent Obj:  3099405493.349975585937500
      0     0   2.16393e+09   638   3.09941e+09    Cuts: 1161    18125   30.18%
Time: 481.939234018325806 seconds
MIP Gap: 0.301825670102395
Nodes: 0
Best Objective: 2163925353.400574207305908
Incumbent Obj:  3099405493.349975585937500
      0     0   2.17138e+09   555   3.09941e+09    Cuts: 1051    19667   29.94%
Time: 522.000437021255493 seconds
MIP Gap: 0.299420401338632
Nodes: 0
Best Objective: 2171380256.619966506958008
Incumbent Obj:  3099405493.349975585937500
      0     0   2.17586e+09   488   3.09941e+09     Cuts: 849    20841   29.80%
Time: 566.108008146286011 seconds
MIP Gap: 0.297975173274755
Nodes: 0
Best Objective: 2175859604.420289993286133
Incumbent Obj:  3099405493.349975585937500
      0     0   2.17873e+09   401   3.09941e+09     Cuts: 682    21833   29.71%
Time: 596.344010114669800 seconds
MIP Gap: 0.297050260434858
Nodes: 0
Best Objective: 2178726284.357135772705078
Incumbent Obj:  3099405493.349975585937500
      0     0   2.17954e+09   370   3.09941e+09     Cuts: 413    22459   29.68%
Time: 631.323308944702148 seconds
MIP Gap: 0.296787524889812
Nodes: 0
Best Objective: 2179540608.348749160766602
Incumbent Obj:  3099405493.349975585937500
      0     0   2.18019e+09   312   3.09941e+09     Cuts: 364    23153   29.66%
Time: 657.630757093429565 seconds
MIP Gap: 0.296579552123055
Nodes: 0
Best Objective: 2180185200.284502029418945
Incumbent Obj:  3099405493.349975585937500
      0     0   2.18085e+09   288   3.09941e+09     Cuts: 251    23648   29.64%
Time: 684.733458995819092 seconds
MIP Gap: 0.296365091927347
Nodes: 0
Best Objective: 2180849899.393186569213867
Incumbent Obj:  3099405493.349975585937500
      0     0   2.18117e+09   256   3.09941e+09     Cuts: 240    24117   29.63%
Time: 708.554548978805542 seconds
MIP Gap: 0.296261337286091
Nodes: 0
Best Objective: 2181171477.098253726959229
Incumbent Obj:  3099405493.349975585937500
      0     0   2.18139e+09   197   3.09941e+09     Cuts: 183    24432   29.62%
Time: 730.459834098815918 seconds
MIP Gap: 0.296191609126371
Nodes: 0
Best Objective: 2181387592.939533233642578
Incumbent Obj:  3099405493.349975585937500
      0     0   2.18153e+09   162   3.09941e+09     Cuts: 145    24757   29.61%
Time: 753.124125957489014 seconds
MIP Gap: 0.296144894813052
Nodes: 0
Best Objective: 2181532379.538850307464600
Incumbent Obj:  3099405493.349975585937500
      0     0   2.18162e+09   169   3.09941e+09     Cuts: 119    25077   29.61%
Time: 779.298295974731445 seconds
MIP Gap: 0.296117499955684
Nodes: 0
Best Objective: 2181617287.310267448425293
Incumbent Obj:  3099405493.349975585937500
      0     0   2.18165e+09   114   3.09941e+09     Cuts: 115    25329   29.61%
*     0+    0                       3.01886e+09   2.18165e+09            27.73%
Time: 798.609708070755005 seconds
MIP Gap: 0.277326391049451
Nodes: 0
Best Objective: 2181649697.550867080688477
Incumbent Obj:  3018858957.253210067749023
      0     0   2.18169e+09   131   3.01886e+09      Cuts: 60    25568   27.73%
*     0+    0                       2.83839e+09   2.18169e+09            23.14%
*     0+    0                       2.72688e+09   2.18169e+09            19.99%
*     0+    0                       2.68307e+09   2.18169e+09            18.69%
*     0+    0                       2.40786e+09   2.18169e+09             9.39%
*     0+    0                       2.21914e+09   2.18169e+09             1.69%
*     0+    0                       2.20417e+09   2.18169e+09             1.02%
*     0+    0                       2.18719e+09   2.18169e+09             0.25%
*     0+    0                       2.18705e+09   2.18169e+09             0.25%
      0     0  -1.00000e+75     0   2.18705e+09   2.18169e+09    25568    0.25%
Time: 846.010159015655518 seconds
MIP Gap: 0.002450630236951
Nodes: 0
Best Objective: 2181686585.716978073120117
Incumbent Obj:  2187046227.331285953521729
Heuristic still looking.
Heuristic still looking.
Heuristic still looking.
*     0+    0                       2.18669e+09   2.18169e+09             0.23%
*     0+    0                       2.18633e+09   2.18169e+09             0.21%
*     0+    0                       2.18631e+09   2.18169e+09             0.21%
*     0+    0                       2.18631e+09   2.18169e+09             0.21%
*     0+    0                       2.18631e+09   2.18169e+09             0.21%
*     0+    0                       2.18631e+09   2.18169e+09             0.21%
      0     0  -1.00000e+75     0   2.18631e+09   2.18169e+09    25568    0.21%
Detecting symmetries...
Time: 1039.034871101379395 seconds
MIP Gap: 0.002112843892624
Nodes: 0
Best Objective: 2181686585.716978073120117
Incumbent Obj:  2186305908.803801536560059
      0     2   2.18169e+09   131   2.18631e+09   2.18169e+09    25568    0.21%
Elapsed time = 1031.42 sec. (882393.40 ticks, tree = 0.02 MB, solutions = 19)
Time: 1045.232953071594238 seconds
MIP Gap: 0.002112815131191
Nodes: 2
Best Objective: 2181686648.598269462585449
Incumbent Obj:  2186305908.803801536560059
      1     3   2.18169e+09   129   2.18631e+09   2.18169e+09    25569    0.21%
      2     4   2.18169e+09   137   2.18631e+09   2.18169e+09    25571    0.21%
      3     5   2.18169e+09   115   2.18631e+09   2.18169e+09    25639    0.21%
Time: 1054.126559972763062 seconds
MIP Gap: 0.002112815124675
Nodes: 4
Best Objective: 2181686648.612514019012451
Incumbent Obj:  2186305908.803801536560059
Time: 1061.798241138458252 seconds
MIP Gap: 0.002112815124675
Nodes: 5
Best Objective: 2181686648.612514019012451
Incumbent Obj:  2186305908.803801536560059
      4     6   2.18242e+09   113   2.18631e+09   2.18169e+09    25740    0.21%
      5     7   2.18243e+09   113   2.18631e+09   2.18169e+09    25752    0.21%
Time: 1069.217981100082397 seconds
MIP Gap: 0.002112815124675
Nodes: 7
Best Objective: 2181686648.612514019012451
Incumbent Obj:  2186305908.803801536560059
      6     8   2.18251e+09   113   2.18631e+09   2.18169e+09    25764    0.21%
      7     9   2.18254e+09   112   2.18631e+09   2.18169e+09    25797    0.21%
Time: 1077.300395011901855 seconds
MIP Gap: 0.002112815124675
Nodes: 9
Best Objective: 2181686648.612514019012451
Incumbent Obj:  2186305908.803801536560059
      8    10   2.18375e+09   114   2.18631e+09   2.18169e+09    25830    0.21%
      9    11   2.18419e+09   121   2.18631e+09   2.18169e+09    25844    0.21%
     10    12   2.18421e+09   117   2.18631e+09   2.18169e+09    25892    0.21%
Elapsed time = 1075.74 sec. (900786.11 ticks, tree = 1.13 MB, solutions = 19)
Time: 1086.352555990219116 seconds
MIP Gap: 0.002112815124675
Nodes: 11
Best Objective: 2181686648.612514019012451
Incumbent Obj:  2186305908.803801536560059
     12    13   2.18473e+09   116   2.18631e+09   2.18169e+09    25919    0.21%
Time: 1092.366245985031128 seconds
MIP Gap: 0.002112815124675
Nodes: 14
Best Objective: 2181686648.612514019012451
Incumbent Obj:  2186305908.803801536560059
     13    13   2.18487e+09   121   2.18631e+09   2.18169e+09    25960    0.21%
     14     5   2.18171e+09   127   2.18631e+09   2.18169e+09    25647    0.21%
     17    13        cutoff         2.18631e+09   2.18169e+09    26100    0.21%
Time: 1106.015194177627563 seconds
MIP Gap: 0.002112800197207
Nodes: 20
Best Objective: 2181686681.248526096343994
Incumbent Obj:  2186305908.803801536560059
     19    16   2.18539e+09    64   2.18631e+09   2.18169e+09    26150    0.21%
     21     7   2.18256e+09   115   2.18631e+09   2.18169e+09    25766    0.21%
Time: 1111.581160068511963 seconds
MIP Gap: 0.002112800197207
Nodes: 23
Best Objective: 2181686681.248526096343994
Incumbent Obj:  2186305908.803801536560059
     22    14   2.18555e+09    70   2.18631e+09   2.18169e+09    26253    0.21%
     23    15   2.18190e+09    88   2.18631e+09   2.18169e+09    26267    0.21%
     24    15   2.18591e+09    68   2.18631e+09   2.18169e+09    26358    0.21%
Time: 1119.155080080032349 seconds
MIP Gap: 0.002112800197207
Nodes: 25
Best Objective: 2181686681.248526096343994
Incumbent Obj:  2186305908.803801536560059
     26    15        cutoff         2.18631e+09   2.18169e+09    26591    0.21%
Elapsed time = 1112.52 sec. (914531.74 ticks, tree = 0.02 MB, solutions = 19)
Time: 1124.234601020812988 seconds
MIP Gap: 0.002112800197207
Nodes: 29
Best Objective: 2181686681.248526096343994
Incumbent Obj:  2186305908.803801536560059
     30    17   2.18236e+09    89   2.18631e+09   2.18169e+09    26677    0.21%
     32    19   2.18237e+09    87   2.18631e+09   2.18169e+09    26889    0.21%
     33    19   2.18259e+09    86   2.18631e+09   2.18169e+09    27048    0.21%
     34    20   2.18310e+09    95   2.18631e+09   2.18169e+09    27092    0.21%
     36    18   2.18369e+09    91   2.18631e+09   2.18169e+09    27015    0.21%
     40    25   2.18421e+09    89   2.18631e+09   2.18169e+09    27307    0.21%
     43    17   2.18251e+09    98   2.18631e+09   2.18169e+09    26719    0.21%
Time: 1164.634232997894287 seconds
MIP Gap: 0.002112780382428
Nodes: 44
Best Objective: 2181686724.569694519042969
Incumbent Obj:  2186305908.803801536560059
*    44+   14                       2.18630e+09   2.18169e+09             0.21%
     45    16   2.18305e+09    95   2.18630e+09   2.18169e+09    26593    0.21%
     48    24   2.18175e+09    68   2.18630e+09   2.18169e+09    27434    0.21%
     51    18   2.18256e+09    99   2.18630e+09   2.18169e+09    26668    0.21%
Elapsed time = 1174.98 sec. (928816.58 ticks, tree = 0.02 MB, solutions = 21)
Time: 1193.438006162643433 seconds
MIP Gap: 0.002102603466956
Nodes: 53
Best Objective: 2181704633.865818977355957
Incumbent Obj:  2186301559.103801727294922
     52    30   2.18322e+09   101   2.18630e+09   2.18169e+09    27812    0.21%
     54    31   2.18473e+09    99   2.18630e+09   2.18169e+09    27879    0.21%
     57    41   2.18484e+09   100   2.18630e+09   2.18170e+09    28713    0.21%
Time: 1223.367934942245483 seconds
MIP Gap: 0.002102603466956
Nodes: 60
Best Objective: 2181704633.865818977355957
Incumbent Obj:  2186301559.103801727294922
*    61+   24                       2.18619e+09   2.18170e+09             0.20%
     61    44   2.18486e+09    92   2.18619e+09   2.18170e+09    29190    0.20%
*    63+   24                       2.18608e+09   2.18170e+09             0.20%
     69    38   2.18359e+09   103   2.18608e+09   2.18170e+09    28319    0.20%
     75    48   2.18431e+09   106   2.18608e+09   2.18170e+09    29551    0.20%
     81    24   2.18214e+09    65   2.18608e+09   2.18170e+09    27466    0.20%
     86    46   2.18490e+09    99   2.18608e+09   2.18170e+09    29285    0.20%
     93    47   2.18501e+09   103   2.18608e+09   2.18170e+09    29310    0.20%
Time: 1250.971585988998413 seconds
MIP Gap: 0.001995622968395
Nodes: 80
Best Objective: 2181717347.903260231018066
Incumbent Obj:  2186079939.240756034851074
    103    55        cutoff         2.18608e+09   2.18172e+09    31751    0.20%
Elapsed time = 1241.39 sec. (941851.47 ticks, tree = 11.15 MB, solutions = 25)
    107    52   2.18448e+09   100   2.18608e+09   2.18172e+09    30632    0.20%
    111    50   2.18420e+09    89   2.18608e+09   2.18172e+09    29812    0.20%
    117    49   2.18625e+09    58   2.18608e+09   2.18172e+09    29931    0.20%
    122    77   2.18446e+09   100   2.18608e+09   2.18172e+09    32458    0.20%
    127    55   2.18608e+09    88   2.18608e+09   2.18172e+09    31725    0.20%
    136    80   2.18522e+09    95   2.18608e+09   2.18172e+09    32784    0.20%
    144    89   2.18480e+09   104   2.18608e+09   2.18172e+09    33800    0.20%
    156    82   2.18513e+09   106   2.18608e+09   2.18172e+09    33229    0.20%
    162    83   2.18595e+09    94   2.18608e+09   2.18172e+09    33258    0.20%
    169    98   2.18519e+09    62   2.18608e+09   2.18172e+09    34494    0.20%
Elapsed time = 1283.30 sec. (952940.50 ticks, tree = 42.35 MB, solutions = 31)
    177    99   2.18519e+09    59   2.18608e+09   2.18172e+09    34515    0.20%
    185    90   2.18327e+09    98   2.18608e+09   2.18172e+09    34286    0.20%
    190   101   2.18552e+09    47   2.18608e+09   2.18172e+09    36430    0.20%
    198    98   2.18521e+09    59   2.18608e+09   2.18172e+09    36179    0.20%
    207   104   2.18482e+09    76   2.18608e+09   2.18172e+09    36648    0.20%
*   211+   98                       2.18528e+09   2.18172e+09             0.16%
    214   105   2.18416e+09    54   2.18528e+09   2.18172e+09    37057    0.16%
    222   117   2.18324e+09    49   2.18528e+09   2.18172e+09    38944    0.16%
    232   117   2.18536e+09    44   2.18528e+09   2.18172e+09    38305    0.16%
    239   105   2.18606e+09    50   2.18528e+09   2.18172e+09    37549    0.16%
    251   114   2.18376e+09    45   2.18528e+09   2.18172e+09    38337    0.16%
Elapsed time = 1321.19 sec. (963294.14 ticks, tree = 41.23 MB, solutions = 37)
    257   123   2.18570e+09    51   2.18528e+09   2.18172e+09    39394    0.16%
    262   137   2.18508e+09    48   2.18528e+09   2.18172e+09    40033    0.16%
    271   137        cutoff         2.18528e+09   2.18172e+09    41804    0.16%
    280   138   2.18517e+09    48   2.18528e+09   2.18172e+09    41080    0.16%
    287   152        cutoff         2.18528e+09   2.18177e+09    43367    0.16%
    294   144   2.18452e+09    95   2.18528e+09   2.18177e+09    42722    0.16%
    299   153        cutoff         2.18528e+09   2.18177e+09    43929    0.16%
    307   144   2.18453e+09    93   2.18528e+09   2.18177e+09    42771    0.16%
    315   161   2.18522e+09    68   2.18528e+09   2.18177e+09    45333    0.16%
    322   162   2.18478e+09    88   2.18528e+09   2.18177e+09    45193    0.16%
Elapsed time = 1362.09 sec. (974440.18 ticks, tree = 69.10 MB, solutions = 39)
    330   162   2.18480e+09    86   2.18528e+09   2.18178e+09    45212    0.16%
    336   160   2.18447e+09    99   2.18528e+09   2.18178e+09    45044    0.16%
    346   160   2.18347e+09    22   2.18528e+09   2.18178e+09    46940    0.16%
    353   164   2.18440e+09    22   2.18528e+09   2.18178e+09    47359    0.16%
    366   152   2.18431e+09    85   2.18528e+09   2.18178e+09    43711    0.16%
Time: 1392.509722948074341 seconds
MIP Gap: 0.001604213596955
Nodes: 315
Best Objective: 2181775740.555366516113281
Incumbent Obj:  2185281398.688315391540527
    375   164        cutoff         2.18528e+09   2.18178e+09    47417    0.16%
    388   163   2.18494e+09    27   2.18528e+09   2.18178e+09    47234    0.16%
    394   173   2.18461e+09    26   2.18528e+09   2.18178e+09    49496    0.16%
    401   183        cutoff         2.18528e+09   2.18178e+09    50459    0.16%
    410   175   2.18435e+09    23   2.18528e+09   2.18178e+09    49223    0.16%
Elapsed time = 1400.35 sec. (985380.35 ticks, tree = 74.68 MB, solutions = 41)
    420   184   2.18504e+09    20   2.18528e+09   2.18178e+09    50477    0.16%
Time: 1417.186032056808472 seconds
MIP Gap: 0.001604213596955
Nodes: 372
Best Objective: 2181775740.555366516113281
Incumbent Obj:  2185281398.688315391540527
    432   186   2.18475e+09    37   2.18528e+09   2.18178e+09    50971    0.16%
    444   189   2.18512e+09    10   2.18528e+09   2.18178e+09    51587    0.16%
    451   188        cutoff         2.18528e+09   2.18178e+09    51601    0.16%
    468   199   2.18431e+09    15   2.18528e+09   2.18178e+09    53275    0.16%
*   471+  184                       2.18524e+09   2.18178e+09             0.16%
*   479+  195                       2.18502e+09   2.18178e+09             0.15%
    479    82   2.18485e+09    94   2.18502e+09   2.18178e+09    32818    0.15%
    488   172   2.18423e+09    14   2.18502e+09   2.18178e+09    49978    0.15%
    499   197   2.18463e+09    28   2.18502e+09   2.18178e+09    53226    0.15%
*   500+  193                       2.18497e+09   2.18178e+09             0.15%
    506   186   2.18438e+09    28   2.18497e+09   2.18178e+09    50786    0.15%
    520   182   2.18487e+09    19   2.18497e+09   2.18178e+09    50405    0.15%
Elapsed time = 1446.81 sec. (996178.90 ticks, tree = 80.25 MB, solutions = 44)
    529   202   2.18473e+09    20   2.18497e+09   2.18178e+09    54321    0.15%
    542   202   2.18432e+09    18   2.18497e+09   2.18178e+09    55638    0.15%
*   545+  185                       2.18485e+09   2.18178e+09             0.14%
    551   199   2.18426e+09    47   2.18485e+09   2.18178e+09    56039    0.14%
    566   200   2.18509e+09    19   2.18485e+09   2.18178e+09    54124    0.14%
    584   205        cutoff         2.18485e+09   2.18178e+09    55402    0.14%
Time: 1483.864645957946777 seconds
MIP Gap: 0.001407586559615
Nodes: 500
Best Objective: 2181775740.555366516113281
Incumbent Obj:  2184851107.609197139739990
    603   201   2.18482e+09    20   2.18485e+09   2.18178e+09    54689    0.14%
*   611+  177                       2.18481e+09   2.18178e+09             0.14%
    613   207   2.18523e+09    17   2.18481e+09   2.18178e+09    55671    0.14%
    621   179   2.18457e+09    13   2.18481e+09   2.18178e+09    57901    0.14%
    632   161   2.18386e+09    19   2.18481e+09   2.18178e+09    60296    0.14%
    669   151   2.18462e+09    23   2.18481e+09   2.18178e+09    61089    0.14%
Elapsed time = 1500.41 sec. (1009831.06 ticks, tree = 49.07 MB, solutions = 49)
    717   149        cutoff         2.18481e+09   2.18251e+09    61949    0.11%
Time: 1534.681430101394653 seconds
MIP Gap: 0.001052086129193
Nodes: 642
Best Objective: 2182506701.868705272674561
Incumbent Obj:  2184805305.225320816040039
    760   160   2.18479e+09    15   2.18481e+09   2.18251e+09    64472    0.11%
Time: 1550.188138008117676 seconds
MIP Gap: 0.001052086129193
Nodes: 706
Best Objective: 2182506701.868705272674561
Incumbent Obj:  2184805305.225320816040039
    805   148        cutoff         2.18481e+09   2.18251e+09    63006    0.11%
Time: 1564.205180168151855 seconds
MIP Gap: 0.001052086129193
Nodes: 761
Best Objective: 2182506701.868705272674561
Incumbent Obj:  2184805305.225320816040039
    847   170   2.18458e+09     9   2.18481e+09   2.18251e+09    65030    0.11%
Time: 1576.153171062469482 seconds
MIP Gap: 0.001052086129193
Nodes: 783
Best Objective: 2182506701.868705272674561
Incumbent Obj:  2184805305.225320816040039
    880   174   2.18437e+09    10   2.18481e+09   2.18251e+09    69090    0.11%
*   927+  175                       2.18466e+09   2.18251e+09             0.10%
    931   173   2.18464e+09    11   2.18466e+09   2.18251e+09    68808    0.10%
    986   169        cutoff         2.18466e+09   2.18251e+09    70967    0.10%
Time: 1623.148640155792236 seconds
MIP Gap: 0.000987131130574
Nodes: 906
Best Objective: 2182506701.868705272674561
Incumbent Obj:  2184663250.973563194274902
   1029   128        cutoff         2.18466e+09   2.18251e+09    74626    0.10%
   1057   143   2.18446e+09     7   2.18466e+09   2.18251e+09    75358    0.10%
   1079   143   2.18437e+09    17   2.18466e+09   2.18251e+09    75402    0.10%
Elapsed time = 1642.26 sec. (1048664.48 ticks, tree = 81.47 MB, solutions = 51)
   1096   145   2.18444e+09     7   2.18466e+09   2.18251e+09    75489    0.10%
Time: 1666.869162082672119 seconds
MIP Gap: 0.000987131130574
Nodes: 1030
Best Objective: 2182506701.868705272674561
Incumbent Obj:  2184663250.973563194274902
   1115   158   2.18448e+09     4   2.18466e+09   2.18251e+09    79069    0.10%
Time: 1681.669131040573120 seconds
MIP Gap: 0.000987131130574
Nodes: 1068
Best Objective: 2182506701.868705272674561
Incumbent Obj:  2184663250.973563194274902
   1138   154   2.18444e+09    40   2.18466e+09   2.18251e+09    78765    0.10%
Time: 1691.133841037750244 seconds
MIP Gap: 0.000987131130574
Nodes: 1075
Best Objective: 2182506701.868705272674561
Incumbent Obj:  2184663250.973563194274902
   1143   155        cutoff         2.18466e+09   2.18251e+09    78799    0.10%
Time: 1699.941118001937866 seconds
MIP Gap: 0.000987131130574
Nodes: 1093
Best Objective: 2182506701.868705272674561
Incumbent Obj:  2184663250.973563194274902
   1147   158        cutoff         2.18466e+09   2.18251e+09    79370    0.10%
Time: 1708.576648950576782 seconds
MIP Gap: 0.000987131130574
Nodes: 1108
Best Objective: 2182506701.868705272674561
Incumbent Obj:  2184663250.973563194274902
   1155   149        cutoff         2.18466e+09   2.18251e+09    81960    0.10%
Time: 1716.805822134017944 seconds
MIP Gap: 0.000987131130574
Nodes: 1121
Best Objective: 2182506701.868705272674561
Incumbent Obj:  2184663250.973563194274902
Time: 1723.245151042938232 seconds
MIP Gap: 0.000987131130574
Nodes: 1133
Best Objective: 2182506701.868705272674561
Incumbent Obj:  2184663250.973563194274902
   1163   148        cutoff         2.18466e+09   2.18251e+09    82246    0.10%
Time: 1729.689270019531250 seconds
MIP Gap: 0.000987131130574
Nodes: 1136
Best Objective: 2182506701.868705272674561
Incumbent Obj:  2184663250.973563194274902
Time: 1735.067062139511108 seconds
MIP Gap: 0.000987131130574
Nodes: 1145
Best Objective: 2182506701.868705272674561
Incumbent Obj:  2184663250.973563194274902
   1170   150        cutoff         2.18466e+09   2.18251e+09    81809    0.10%
   1172   154   2.18450e+09    54   2.18466e+09   2.18251e+09    83196    0.10%
   1176   149   2.18303e+09    13   2.18466e+09   2.18251e+09    84074    0.10%
Elapsed time = 1747.08 sec. (1097187.03 ticks, tree = 156.27 MB, solutions = 51)
Time: 1760.038088083267212 seconds
MIP Gap: 0.000987131130574
Nodes: 1177
Best Objective: 2182506701.868705272674561
Incumbent Obj:  2184663250.973563194274902
   1184   151   2.18385e+09     9   2.18466e+09   2.18251e+09    84307    0.10%
Time: 1767.313109159469604 seconds
MIP Gap: 0.000758271566013
Nodes: 1186
Best Objective: 2183006682.949035644531250
Incumbent Obj:  2184663250.973563194274902
   1193   149        cutoff         2.18466e+09   2.18251e+09    84384    0.10%
   1205   160   2.18461e+09     9   2.18466e+09   2.18301e+09    84853    0.08%
   1215   166   2.18442e+09     9   2.18466e+09   2.18301e+09    84977    0.08%
   1224   164        cutoff         2.18466e+09   2.18301e+09    85068    0.08%
Time: 1800.725171089172363 seconds
MIP Gap: 0.000629628389116
Nodes: 1224
Best Objective: 2183287724.970092773437500
Incumbent Obj:  2184663250.973563194274902
   1233   164        cutoff         2.18466e+09   2.18301e+09    86060    0.08%
Time: 1806.005146026611328 seconds
MIP Gap: 0.000629628389116
Nodes: 1232
Best Objective: 2183287724.970092773437500
Incumbent Obj:  2184663250.973563194274902
Time: 1811.208991050720215 seconds
MIP Gap: 0.000464597801441
Nodes: 1243
Best Objective: 2183648261.230272293090820
Incumbent Obj:  2184663250.973563194274902
   1247   175        cutoff         2.18466e+09   2.18365e+09    86982    0.05%
   1257   176   2.18454e+09     7   2.18466e+09   2.18365e+09    87043    0.05%
Time: 1821.045999050140381 seconds
MIP Gap: 0.000154937976943
Nodes: 1258
Best Objective: 2184324763.669156551361084
Incumbent Obj:  2184663250.973563194274902
Time: 1833.344784021377563 seconds
MIP Gap: 0.000099001225964
Nodes: 1259
Best Objective: 2184446966.633399009704590
Incumbent Obj:  2184663250.973563194274902

Implied bound cuts applied:  11902
Flow cuts applied:  140
Mixed integer rounding cuts applied:  7
Lift and project cuts applied:  9
Gomory fractional cuts applied:  1

Root node processing (before b&c):
  Real time             =  982.67 sec. (882325.55 ticks)
Parallel b&c, 32 threads:
  Real time             =  845.42 sec. (258394.13 ticks)
  Sync time (average)   =  448.44 sec.
  Wait time (average)   =    0.00 sec.
                          ------------
Total (root+branch&cut) = 1828.08 sec. (1140719.68 ticks)
[INFO] Saving variables cplex:
./outputs/solutions/2024-09-17_PACA/VarsValues_cplex/test_paca_cinema_canton_CPMP_Vars_p_250_EXACT_CPMP_cover_canton.txt
[INFO] Saving results cplex: 
./outputs/solutions/2024-09-17_PACA/Results_cplex/test_paca_cinema_canton_Cont_EXACT_CPMP.csv

Final solution CPMP:
p locations: 2028 2026 2020 2019 2010 1983 1981 1972 1971 1968 1965 1961 1958 1941 1933 1931 1930 1925 1919 1918 1900 1897 1882 1881 1876 1863 1861 1840 1839 1829 1827 1812 1809 1790 1762 1728 1723 1660 1658 1650 1598 1583 1571 1565 1558 1862 1525 1522 1846 1509 1507 1497 1401 1387 1353 1347 480 1825 477 476 977 474 472 469 803 1137 467 444 417 918 411 392 1901 1227 470 391 725 445 612 1377 366 361 1366 1029 695 358 1193 507 406 1241 1675 327 304 1982 971 297 968 631 1132 364 285 1489 141 1993 308 475 441 1959 1622 274 125 1974 626 1071 114 448 504 439 123 791 607 99 1268 145 1991 980 1147 500 421 755 700 363 26 211 503 187 855 10 36 221 96 1860 175 1101 427 1945 260 254 928 1936 1262 269 1104 864 527 190 109 446 443 106 780 209 214 68 1917 569 1070 147 226 894 1073 229 1589 241 238 575 497 339 506 1007 265 1880 195 505 1519 508 502 1176 538 705 872 873 540 874 574 1957 609 2007 659 687 689 719 720 1427 416 753 1254 759 113 787 447 1121 122 796 1467 793 1130 824 825 1159 539 876 222 896 1063 1946 598 935 1943 1269 967 990 340 1014 1019 1020 71 1082 1126 1501 1164 573 236 1247 1253 1273 1994 1320 2002 1328 
p size: 250
objective: 2184663250.973568439483643
sum (wi * dij * xij) 
demand/capacity: 4973728.500000000000000/8819126
cover mode: canton
Solution is Feasible
Statistics:
Max distance: 5122.800000000000182
Min distance: 0.000000000000000
Avg distance: 769.901396970642281
Std deviation distance: 518.245524862935895


Final total elapsed time: 1849s
[INFO] Saving assignment: ./outputs/solutions/2024-09-17_PACA/Assignments/test_paca_cinema_canton_p_250_EXACT_CPMP_cover_canton.txt
[INFO] Saving results: ./outputs/solutions/2024-09-17_PACA/test_paca_cinema_canton_results_EXACT_CPMP_cover_canton.csv
[INFO] Saving all results: ./outputs/solutions/test_all_results.csv
Post Optimization: null
Finish solving problem
Elapsed time: 1849736 ms

