Debug: configOverride contents: IsWeighted_ObjFunc add_break_callback add_generate_reports add_threshold_distance_rssv bw_multiplier capacities cover_mode coverages cust_max_id distance_matrix loc_max_id max_ite_subprob_rssv method method_post_opt method_rssv_fp method_rssv_sp output p seed service size_subproblems_rssv subarea threads time time_cplex time_subprob_rssv weights 
Loading instance...
Scanning input data...
Distance matrix dimensions: 3039 x 3039 = 9235521
Elapsed time: 0 ms

Loading weights...
Skipped line: customer weight coord_x coord_y
Loaded 3038 weights
Loaded 3038 coordinates
Total customer demand: 152693.00
Elapsed time: 7 ms

Loading capacities...
Skipped line: location capacity coord_x coord_y
Loaded 3038 capacities
Loaded 3038 coordinates
Elapsed time: 7 ms

Loading distance matrix...
Computing euclidian distances...
bw multiplier: 0.50
Loaded 9232482 distances
dists stdev: 862.93
bandwidth h: 18.49
locations: 3038
customers: 3038
p: 800
Elapsed time: 309 ms

[INFO] Instance loaded
loc_max_id: 3038
loc_cnt: 3038
service: p3038_800
cust_max_id: 3038
cust_cnt: 3038
unweighted obj function
p: 800
total_demand: 152693.00


-------------------------------------------------


-------------------------------------------------
RSSV heuristic 
-------------------------------------------------
method subproblems: TB_PMP
method final problem: EXACT_CPMP_BIN
-------------------------------------------------
RSSV running...
cPMP size (N): 3038
sub-cPMP size (n): 960
Subproblems cnt (M): 15
p: 800
Seed: 0
Time limit for subproblems: 300.00

thread cnt: 20

Thread 1 created with seed 1
Thread 2 created with seed 2
Solving sub-PMP 1/15...
Thread 3 created with seed 3
Thread 4 created with seed 4
Thread 5 created with seed 5
Thread 6 created with seed 6
Thread 7 created with seed 7
Thread 8 created with seed 8
Thread 9 created with seed 9
uncapacitated TB started
Thread 10 created with seed 10
Thread 11 created with seed 11
Thread 12 created with seed 12
Thread 13 created with seed 13
Thread 14 created with seed 14
Thread 15 created with seed 15
Solving sub-PMP 2/15...
uncapacitated TB started
Solving sub-PMP 9/15...
Solving sub-PMP 7/15...
uncapacitated TB started
uncapacitated TB started
Solving sub-PMP 8/15...
Solving sub-PMP 12/15...
uncapacitated TB started
uncapacitated TB started
Solving sub-PMP 13/15...
Solving sub-PMP 5/15...
Solving sub-PMP Solving sub-PMP 14/15...Solving sub-PMP 
Solving sub-PMP 3Solving sub-PMP 4/15...
uncapacitated TB started
15/1015...
Solving sub-PMP 11/15.../
/Solving sub-PMP 15...
15...
6/15...
uncapacitated TB started
uncapacitated TB started
uncapacitated TB started
uncapacitated TB started
uncapacitated TB started
uncapacitated TB started
uncapacitated TB started
uncapacitated TB started
[INFO] Uncapacitated TB local search started
[INFO] Uncapacitated TB local search started
[INFO] Uncapacitated TB local search started
[INFO] Uncapacitated TB local search started
[INFO] Uncapacitated TB local search started
[INFO] Uncapacitated TB local search started
[INFO] Uncapacitated TB local search started
[INFO] Uncapacitated TB local search started
[INFO] Uncapacitated TB local search started
[INFO] Uncapacitated TB local search started
[INFO] Uncapacitated TB local search started
[INFO] Uncapacitated TB local search started
[INFO] Uncapacitated TB local search started
[INFO] Uncapacitated TB local search started
[INFO] Uncapacitated TB local search started

[INFO] Time limit reached. Stopping the algorithm.
TB elapsed time: 300.00 seconds
Num ite total uncapacited TB: 4
tb solution is feasible

[INFO] Time limit reached. Stopping the algorithm.
TB elapsed time: 300.02 seconds
Num ite total uncapacited TB: 7
tb solution is feasible

[INFO] Time limit reached. Stopping the algorithm.
TB elapsed time: 300.01 seconds
Num ite total uncapacited TB: 6
tb solution is feasible

[INFO] Time limit reached. Stopping the algorithm.
TB elapsed time: 300.02 seconds
Num ite total uncapacited TB: 4
tb solution is feasible

[INFO] Time limit reached. Stopping the algorithm.
TB elapsed time: 300.02 seconds
Num ite total uncapacited TB: 7
tb solution is feasible

[INFO] Time limit reached. Stopping the algorithm.
TB elapsed time: 300.02 seconds
Num ite total uncapacited TB: 5
tb solution is feasible

[INFO] Time limit reached. Stopping the algorithm.
TB elapsed time: 300.00 seconds
Num ite total uncapacited TB: 4
tb solution is feasible

[INFO] Time limit reached. Stopping the algorithm.
TB elapsed time: 300.01 seconds
Num ite total uncapacited TB: 8
tb solution is feasible

[INFO] Time limit reached. Stopping the algorithm.
TB elapsed time: 300.03 seconds
Num ite total uncapacited TB: 5
tb solution is feasible

[INFO] Time limit reached. Stopping the algorithm.
TB elapsed time: 300.02 seconds
Num ite total uncapacited TB: 6
tb solution is feasible

[INFO] Time limit reached. Stopping the algorithm.
TB elapsed time: 300.02 seconds
Num ite total uncapacited TB: 5
tb solution is feasible

[INFO] Time limit reached. Stopping the algorithm.
TB elapsed time: 300.02 seconds
Num ite total uncapacited TB: 5
tb solution is feasible

[INFO] Time limit reached. Stopping the algorithm.
TB elapsed time: 300.02 seconds
Num ite total uncapacited TB: 6
tb solution is feasible

[INFO] Time limit reached. Stopping the algorithm.
TB elapsed time: 300.02 seconds
Num ite total uncapacited TB: 8
tb solution is feasible

[INFO] Time limit reached. Stopping the algorithm.
TB elapsed time: 300.02 seconds
Num ite total uncapacited TB: 8
tb solution is feasible
[INFO] All subproblems solved.

Elapsed time: 302257 ms


Stats: 
Max dist: 286.64
Min dist: 0.00
avg of Avg dists: 45.58
avg Std dev dist: 37.11

First 960 voting weights (sorted): 2322(17.07) 2326(17.06) 2323(16.77) 2321(16.45) 2324(14.91) 2877(12.00) 1513(11.18) 2804(11.13) 729(11.05) 1584(10.74) 2453(10.38) 1586(10.27) 2033(10.20) 2944(10.11) 2293(10.09) 2914(10.07) 421(10.07) 108(10.06) 2558(10.00) 1216(10.00) 2228(10.00) 2426(10.00) 98(9.82) 3004(9.33) 1785(9.24) 2161(9.17) 2663(9.13) 2931(9.11) 2233(9.11) 939(9.10) 783(9.07) 1251(9.05) 179(9.05) 177(9.00) 2043(9.00) 1935(9.00) 899(9.00) 785(9.00) 1394(9.00) 229(9.00) 2258(9.00) 2275(9.00) 3017(9.00) 2423(9.00) 3037(9.00) 3022(9.00) 2105(8.76) 976(8.58) 977(8.47) 1559(8.43) 2152(8.43) 3003(8.39) 340(8.32) 2892(8.29) 120(8.29) 2626(8.22) 2698(8.20) 3005(8.19) 648(8.19) 185(8.18) 118(8.18) 225(8.16) 1329(8.14) 2219(8.11) 329(8.09) 518(8.09) 188(8.08) 801(8.08) 1333(8.08) 90(8.05) 1206(8.00) 1185(8.00) 1076(8.00) 2296(8.00) 2445(8.00) 2109(8.00) 1588(8.00) 1599(8.00) 1602(8.00) 747(8.00) 1613(8.00) 2310(8.00) 1305(8.00) 1669(8.00) 2837(8.00) 1782(8.00) 950(8.00) 853(8.00) 1835(8.00) 1980(8.00) 1149(8.00) 2635(8.00) 1102(8.00) 1070(8.00) 46(8.00) 154(8.00) 337(8.00) 3016(8.00) 371(8.00) 1457(8.00) 1419(8.00) 620(8.00) 408(8.00) 660(8.00) 1224(8.00) 1423(8.00) 445(8.00) 447(8.00) 900(7.95) 923(7.95) 675(7.87) 2573(7.82) 144(7.79) 570(7.77) 554(7.77) 107(7.77) 1332(7.68) 2106(7.66) 650(7.65) 1792(7.53) 1687(7.51) 1129(7.50) 451(7.49) 2030(7.40) 932(7.40) 664(7.40) 665(7.40) 1486(7.36) 335(7.34) 119(7.34) 1360(7.33) 2122(7.33) 1427(7.28) 2928(7.28) 2822(7.27) 413(7.26) 176(7.25) 1830(7.23) 974(7.23) 2859(7.22) 2235(7.22) 2602(7.20) 2693(7.19) 1984(7.18) 2526(7.18) 1092(7.17) 2035(7.17) 112(7.16) 272(7.16) 1607(7.16) 2088(7.16) 438(7.16) 439(7.16) 1490(7.16) 1491(7.16) 478(7.15) 509(7.15) 81(7.14) 2703(7.14) 1142(7.13) 1456(7.13) 2571(7.13) 2185(7.13) 2651(7.13) 956(7.13) 2901(7.11) 794(7.11) 2913(7.11) 2994(7.11) 2908(7.11) 2609(7.11) 66(7.11) 227(7.11) 2563(7.11) 1853(7.10) 1556(7.09) 1334(7.09) 2448(7.09) 906(7.09) 1704(7.08) 2594(7.08) 2987(7.07) 1947(7.07) 1237(7.06) 194(7.05) 2953(7.04) 1446(7.04) 2020(7.04) 1736(7.04) 1321(7.02) 1649(7.00) 1655(7.00) 2412(7.00) 591(7.00) 135(7.00) 2402(7.00) 1146(7.00) 2398(7.00) 582(7.00) 2350(7.00) 2371(7.00) 808(7.00) 256(7.00) 2396(7.00) 1618(7.00) 315(7.00) 691(7.00) 312(7.00) 1508(7.00) 33(7.00) 1565(7.00) 2514(7.00) 1190(7.00) 284(7.00) 2443(7.00) 2473(7.00) 3(7.00) 612(7.00) 270(7.00) 820(7.00) 2440(7.00) 601(7.00) 2424(7.00) 753(7.00) 1175(7.00) 182(7.00) 1017(7.00) 2139(7.00) 1865(7.00) 1886(7.00) 1892(7.00) 1906(7.00) 991(7.00) 542(7.00) 1766(7.00) 1944(7.00) 2077(7.00) 2073(7.00) 2041(7.00) 910(7.00) 952(7.00) 490(7.00) 476(7.00) 2029(7.00) 2083(7.00) 57(7.00) 1745(7.00) 1746(7.00) 347(7.00) 573(7.00) 383(7.00) 392(7.00) 1767(7.00) 1069(7.00) 1839(7.00) 1769(7.00) 1056(7.00) 399(7.00) 1052(7.00) 1783(7.00) 1784(7.00) 1803(7.00) 1819(7.00) 871(7.00) 2222(7.00) 1065(7.00) 2888(7.00) 1393(7.00) 2874(7.00) 2991(7.00) 2090(7.00) 2866(7.00) 1270(7.00) 2710(7.00) 2641(7.00) 1376(7.00) 3033(7.00) 1277(7.00) 2853(7.00) 1297(7.00) 2746(7.00) 1254(7.00) 2960(7.00) 1432(7.00) 2833(7.00) 901(6.99) 922(6.99) 2064(6.97) 821(6.92) 797(6.90) 2062(6.84) 673(6.80) 696(6.68) 822(6.68) 265(6.67) 1487(6.67) 1439(6.60) 1137(6.58) 818(6.57) 1501(6.57) 2819(6.55) 1800(6.54) 2896(6.53) 2475(6.53) 387(6.52) 2357(6.48) 1688(6.47) 596(6.47) 248(6.47) 92(6.44) 553(6.39) 2891(6.39) 2923(6.38) 1558(6.37) 1900(6.34) 2120(6.34) 1324(6.34) 1438(6.33) 1788(6.31) 989(6.31) 796(6.30) 1249(6.30) 576(6.30) 1248(6.30) 577(6.30) 1372(6.29) 1261(6.28) 964(6.28) 2000(6.28) 2697(6.27) 2363(6.26) 2966(6.25) 2851(6.22) 2852(6.22) 1178(6.21) 2187(6.21) 2252(6.20) 674(6.20) 678(6.20) 1823(6.20) 2927(6.19) 2662(6.19) 2401(6.19) 271(6.19) 1608(6.19) 2717(6.18) 2652(6.16) 955(6.16) 2186(6.16) 1752(6.16) 526(6.15) 2010(6.14) 519(6.14) 2762(6.14) 1896(6.14) 2841(6.14) 2840(6.14) 1209(6.14) 2367(6.13) 2366(6.13) 423(6.13) 718(6.13) 1220(6.13) 1082(6.13) 2144(6.13) 1914(6.12) 2085(6.12) 1474(6.12) 745(6.12) 1158(6.12) 1214(6.11) 890(6.11) 791(6.11) 2289(6.11) 1356(6.11) 322(6.11) 2884(6.11) 2157(6.11) 1369(6.11) 1130(6.10) 26(6.10) 2080(6.10) 1278(6.09) 1280(6.09) 2286(6.09) 1050(6.09) 2451(6.09) 1506(6.09) 1066(6.09) 1832(6.09) 1200(6.08) 2729(6.07) 2775(6.07) 2941(6.07) 579(6.07) 1087(6.06) 816(6.06) 1868(6.05) 404(6.05) 2758(6.05) 2878(6.04) 2483(6.04) 580(6.04) 2868(6.04) 712(6.04) 1378(6.04) 2111(6.04) 1981(6.03) 2592(6.02) 863(6.02) 2817(6.00) 855(6.00) 1741(6.00) 925(6.00) 1843(6.00) 1988(6.00) 927(6.00) 965(6.00) 2778(6.00) 2754(6.00) 1786(6.00) 819(6.00) 1995(6.00) 1344(6.00) 2765(6.00) 1991(6.00) 2048(6.00) 2796(6.00) 2022(6.00) 2810(6.00) 844(6.00) 1763(6.00) 911(6.00) 1864(6.00) 1968(6.00) 916(6.00) 2753(6.00) 1923(6.00) 920(6.00) 2816(6.00) 2832(6.00) 1313(6.00) 1756(6.00) 2938(6.00) 444(6.00) 2930(6.00) 474(6.00) 487(6.00) 491(6.00) 564(6.00) 1416(6.00) 1414(6.00) 737(6.00) 269(6.00) 1410(6.00) 611(6.00) 613(6.00) 614(6.00) 623(6.00) 280(6.00) 285(6.00) 286(6.00) 609(6.00) 19(6.00) 3035(6.00) 85(6.00) 3034(6.00) 1476(6.00) 126(6.00) 1472(6.00) 147(6.00) 157(6.00) 433(6.00) 164(6.00) 345(6.00) 1463(6.00) 365(6.00) 168(6.00) 406(6.00) 410(6.00) 2955(6.00) 419(6.00) 160(6.00) 1384(6.00) 1383(6.00) 2861(6.00) 756(6.00) 1621(6.00) 762(6.00) 1630(6.00) 1631(6.00) 772(6.00) 287(6.00) 1375(6.00) 777(6.00) 779(6.00) 1663(6.00) 784(6.00) 1672(6.00) 1685(6.00) 1692(6.00) 1694(6.00) 1653(6.00) 638(6.00) 643(6.00) 294(6.00) 662(6.00) 663(6.00) 2889(6.00) 1401(6.00) 676(6.00) 1399(6.00) 733(6.00) 692(6.00) 693(6.00) 325(6.00) 1493(6.00) 2881(6.00) 1520(6.00) 1541(6.00) 1573(6.00) 731(6.00) 682(6.00) 1104(6.00) 2335(6.00) 2333(6.00) 1100(6.00) 2330(6.00) 2328(6.00) 1088(6.00) 2320(6.00) 2305(6.00) 2302(6.00) 2294(6.00) 2291(6.00) 2125(6.00) 2260(6.00) 2688(6.00) 2249(6.00) 2238(6.00) 2167(6.00) 2166(6.00) 2163(6.00) 2159(6.00) 1016(6.00) 2721(6.00) 2148(6.00) 1009(6.00) 1007(6.00) 2282(6.00) 2562(6.00) 1218(6.00) 1213(6.00) 2528(6.00) 2587(6.00) 2518(6.00) 1235(6.00) 2506(6.00) 1194(6.00) 2499(6.00) 2493(6.00) 2486(6.00) 1240(6.00) 1105(6.00) 2455(6.00) 2421(6.00) 2639(6.00) 1143(6.00) 2392(6.00) 1136(6.00) 2389(6.00) 2387(6.00) 2386(6.00) 1116(6.00) 2349(6.00) 2346(6.00) 1110(6.00) 2465(6.00) 982(6.00) 2066(6.00) 2086(6.00) 2737(6.00) 2110(6.00) 1310(6.00) 2740(6.00) 988(6.00) 2824(6.00) 2733(6.00) 2149(5.98) 132(5.97) 233(5.96) 1828(5.96) 2897(5.96) 736(5.96) 133(5.94) 1096(5.91) 3006(5.87) 1387(5.80) 1183(5.80) 2808(5.78) 571(5.74) 458(5.69) 2151(5.68) 2124(5.67) 1326(5.64) 2098(5.60) 1824(5.59) 1502(5.58) 2221(5.55) 2985(5.54) 520(5.52) 1524(5.52) 699(5.50) 701(5.50) 2099(5.50) 1331(5.50) 450(5.50) 1816(5.48) 1817(5.48) 1094(5.47) 432(5.46) 598(5.45) 2924(5.43) 2527(5.41) 2119(5.41) 2431(5.40) 2134(5.40) 1247(5.36) 1871(5.36) 1872(5.36) 523(5.36) 2945(5.34) 1228(5.32) 2160(5.31) 544(5.30) 949(5.30) 2525(5.30) 1187(5.29) 1603(5.29) 2823(5.28) 331(5.27) 2589(5.26) 2060(5.26) 1528(5.25) 236(5.25) 2926(5.25) 1349(5.25) 1350(5.25) 2949(5.25) 2251(5.25) 2862(5.24) 1496(5.24) 2534(5.23) 2227(5.22) 717(5.22) 1675(5.21) 931(5.20) 2012(5.20) 2013(5.20) 2932(5.20) 2232(5.20) 97(5.19) 82(5.19) 2704(5.19) 480(5.19) 2344(5.19) 2184(5.19) 978(5.18) 556(5.18) 1919(5.18) 940(5.18) 2858(5.17) 1483(5.17) 659(5.17) 814(5.17) 2690(5.17) 813(5.17) 2691(5.17) 529(5.17) 2488(5.17) 1412(5.17) 2011(5.17) 668(5.16) 562(5.16) 2327(5.16) 1210(5.16) 795(5.16) 2181(5.16) 1299(5.16) 2995(5.16) 2912(5.16) 1071(5.15) 2542(5.15) 2818(5.15) 2601(5.14) 1112(5.14) 1113(5.14) 1327(5.14) 1910(5.14) 2046(5.14) 230(5.14) 1911(5.14) 231(5.14) 1145(5.14) 1215(5.14) 889(5.14) 1585(5.14) 220(5.14) 790(5.13) 1357(5.13) 2288(5.13) 321(5.13) 1875(5.13) 1138(5.13) 669(5.13) 443(5.12) 1176(5.12) 3000(5.12) 874(5.12) 2876(5.11) 2509(5.11) 2875(5.11) 1659(5.11) 1596(5.11) 1698(5.11) 1124(5.11) 2681(5.11) 45(5.10) 50(5.09) 2264(5.09) 181(5.09) 1582(5.09) 2646(5.09) 624(5.09) 2838(5.09) 2907(5.09) 2661(5.09) 1428(5.09) 1421(5.09) 2694(5.09) 781(5.09) 137(5.09) 2360(5.09) 2203(5.09) 298(5.09) 1470(5.09) 2492(5.08) 2031(5.08) 1581(5.08) 364(5.08) 2569(5.08) 535(5.08) 2342(5.08) 1517(5.07) 2376(5.07) 2508(5.07) 887(5.07) 1666(5.07) 805(5.07) 2964(5.07) 2231(5.07) 834(5.07) 78(5.07) 511(5.07) 263(5.07) 49(5.07) 2656(5.07) 1353(5.06) 422(5.06) 1184(5.06) 2242(5.06) 110(5.06) 2381(5.06) 375(5.06) 830(5.06) 60(5.06) 1425(5.06) 1521(5.05) 560(5.05) 2882(5.04) 2713(5.04) 1260(5.04) 1448(5.03) 826(5.03) 3029(5.03) 2749(5.03) 361(5.02) 2597(5.02) 2521(5.02) 2786(5.02) 2604(5.00) 124(5.00) 2559(5.00) 123(5.00) 83(5.00) 2599(5.00) 589(5.00) 2734(5.00) 3036(5.00) 3015(5.00) 2910(5.00) 2543(5.00) 2553(5.00) 3018(5.00) 3020(5.00) 2461(5.00) 568(5.00) 2550(5.00) 563(5.00) 94(5.00) 2067(5.00) 538(5.00) 99(5.00) 103(5.00) 2596(5.00) 537(5.00) 356(5.00) 378(5.00) 2992(5.00) 2524(5.00) 403(5.00) 466(5.00) 2741(5.00) 461(5.00) 2056(5.00) 460(5.00) 2565(5.00) 2052(5.00) 2503(5.00) 2593(5.00) 446(5.00) 2438(5.00) 2049(5.00) 2498(5.00) 440(5.00) 2939(5.00) 2496(5.00) 459(5.00) 2576(5.00) 3014(5.00) 2916(5.00) 2061(5.00) 2917(5.00) 151(5.00) 3013(5.00) 2921(5.00) 512(5.00) 159(5.00) 351(5.00) 2478(5.00) 508(5.00) 163(5.00) 504(5.00) 499(5.00) 3009(5.00) 338(5.00) 493(5.00) 2479(5.00) 2480(5.00) 342(5.00) 161(5.00) 2684(5.00) 1690(5.00) 2723(5.00) 2850(5.00) 2256(5.00) 1700(5.00) 2849(5.00) 1710(5.00) 698(5.00) 2107(5.00) 2845(5.00) 1719(5.00) 1721(5.00) 1732(5.00) 1734(5.00) 2844(5.00) 1750(5.00) 2229(5.00) 1711(5.00) 1652(5.00) 2670(5.00) 2295(5.00) 1656(5.00) 2672(5.00) 2728(5.00) 2676(5.00) 1670(5.00) 2259(5.00) 1990(5.00) 1673(5.00) 2268(5.00) 2267(5.00) 1676(5.00) 1681(5.00) 1682(5.00) 2261(5.00) 1989(5.00) 1671(5.00) 1887(5.00) 1888(5.00) 2155(5.00) 1899(5.00) 2722(5.00) 2800(5.00) 1907(5.00) 1975(5.00) 1764(5.00) 1934(5.00) 1936(5.00) 1942(5.00) 2785(5.00) 1946(5.00) 2783(5.00) 1954(5.00) 1958(5.00) 1971(5.00) 2794(5.00) 2834(5.00) 1773(5.00) 1774(5.00) 2220(5.00) 2216(5.00) 2213(5.00) 2211(5.00) 1790(5.00) 2207(5.00) 2719(5.00) 1811(5.00) 1822(5.00) 1829(5.00) 2820(5.00) 2173(5.00) 1836(5.00) 2782(5.00) 2116(5.00) 1982(5.00) 2202(5.00) 641(5.00) 645(5.00) 646(5.00) 2390(5.00) 2893(5.00) 661(5.00) 2764(5.00) 2648(5.00) 2298(5.00) 2362(5.00) 680(5.00) 2886(5.00) 687(5.00) 688(5.00) 2359(5.00) 2358(5.00) 2356(5.00) 2089(5.00) 2369(5.00) 2902(5.00) 604(5.00) 605(5.00) 


Filtered 960 locations: 2322 2326 2323 2321 2324 2877 1513 2804 729 1584 2453 1586 2033 2944 2293 2914 421 108 2558 1216 2228 2426 98 3004 1785 2161 2663 2931 2233 939 783 1251 179 177 2043 1935 899 785 1394 229 2258 2275 3017 2423 3037 3022 2105 976 977 1559 2152 3003 340 2892 120 2626 2698 3005 648 185 118 225 1329 2219 329 518 188 801 1333 90 1206 1185 1076 2296 2445 2109 1588 1599 1602 747 1613 2310 1305 1669 2837 1782 950 853 1835 1980 1149 2635 1102 1070 46 154 337 3016 371 1457 1419 620 408 660 1224 1423 445 447 900 923 675 2573 144 570 554 107 1332 2106 650 1792 1687 1129 451 2030 932 664 665 1486 335 119 1360 2122 1427 2928 2822 413 176 1830 974 2859 2235 2602 2693 1984 2526 1092 2035 112 272 1607 2088 438 439 1490 1491 478 509 81 2703 1142 1456 2571 2185 2651 956 2901 794 2913 2994 2908 2609 66 227 2563 1853 1556 1334 2448 906 1704 2594 2987 1947 1237 194 2953 1446 2020 1736 1321 1649 1655 2412 591 135 2402 1146 2398 582 2350 2371 808 256 2396 1618 315 691 312 1508 33 1565 2514 1190 284 2443 2473 3 612 270 820 2440 601 2424 753 1175 182 1017 2139 1865 1886 1892 1906 991 542 1766 1944 2077 2073 2041 910 952 490 476 2029 2083 57 1745 1746 347 573 383 392 1767 1069 1839 1769 1056 399 1052 1783 1784 1803 1819 871 2222 1065 2888 1393 2874 2991 2090 2866 1270 2710 2641 1376 3033 1277 2853 1297 2746 1254 2960 1432 2833 901 922 2064 821 797 2062 673 696 822 265 1487 1439 1137 818 1501 2819 1800 2896 2475 387 2357 1688 596 248 92 553 2891 2923 1558 1900 2120 1324 1438 1788 989 796 1249 576 1248 577 1372 1261 964 2000 2697 2363 2966 2851 2852 1178 2187 2252 674 678 1823 2927 2662 2401 271 1608 2717 2652 955 2186 1752 526 2010 519 2762 1896 2841 2840 1209 2367 2366 423 718 1220 1082 2144 1914 2085 1474 745 1158 1214 890 791 2289 1356 322 2884 2157 1369 1130 26 2080 1278 1280 2286 1050 2451 1506 1066 1832 1200 2729 2775 2941 579 1087 816 1868 404 2758 2878 2483 580 2868 712 1378 2111 1981 2592 863 2817 855 1741 925 1843 1988 927 965 2778 2754 1786 819 1995 1344 2765 1991 2048 2796 2022 2810 844 1763 911 1864 1968 916 2753 1923 920 2816 2832 1313 1756 2938 444 2930 474 487 491 564 1416 1414 737 269 1410 611 613 614 623 280 285 286 609 19 3035 85 3034 1476 126 1472 147 157 433 164 345 1463 365 168 406 410 2955 419 160 1384 1383 2861 756 1621 762 1630 1631 772 287 1375 777 779 1663 784 1672 1685 1692 1694 1653 638 643 294 662 663 2889 1401 676 1399 733 692 693 325 1493 2881 1520 1541 1573 731 682 1104 2335 2333 1100 2330 2328 1088 2320 2305 2302 2294 2291 2125 2260 2688 2249 2238 2167 2166 2163 2159 1016 2721 2148 1009 1007 2282 2562 1218 1213 2528 2587 2518 1235 2506 1194 2499 2493 2486 1240 1105 2455 2421 2639 1143 2392 1136 2389 2387 2386 1116 2349 2346 1110 2465 982 2066 2086 2737 2110 1310 2740 988 2824 2733 2149 132 233 1828 2897 736 133 1096 3006 1387 1183 2808 571 458 2151 2124 1326 2098 1824 1502 2221 2985 520 1524 699 701 2099 1331 450 1816 1817 1094 432 598 2924 2527 2119 2431 2134 1247 1871 1872 523 2945 1228 2160 544 949 2525 1187 1603 2823 331 2589 2060 1528 236 2926 1349 1350 2949 2251 2862 1496 2534 2227 717 1675 931 2012 2013 2932 2232 97 82 2704 480 2344 2184 978 556 1919 940 2858 1483 659 814 2690 813 2691 529 2488 1412 2011 668 562 2327 1210 795 2181 1299 2995 2912 1071 2542 2818 2601 1112 1113 1327 1910 2046 230 1911 231 1145 1215 889 1585 220 790 1357 2288 321 1875 1138 669 443 1176 3000 874 2876 2509 2875 1659 1596 1698 1124 2681 45 50 2264 181 1582 2646 624 2838 2907 2661 1428 1421 2694 781 137 2360 2203 298 1470 2492 2031 1581 364 2569 535 2342 1517 2376 2508 887 1666 805 2964 2231 834 78 511 263 49 2656 1353 422 1184 2242 110 2381 375 830 60 1425 1521 560 2882 2713 1260 1448 826 3029 2749 361 2597 2521 2786 2604 124 2559 123 83 2599 589 2734 3036 3015 2910 2543 2553 3018 3020 2461 568 2550 563 94 2067 538 99 103 2596 537 356 378 2992 2524 403 466 2741 461 2056 460 2565 2052 2503 2593 446 2438 2049 2498 440 2939 2496 459 2576 3014 2916 2061 2917 151 3013 2921 512 159 351 2478 508 163 504 499 3009 338 493 2479 2480 342 161 2684 1690 2723 2850 2256 1700 2849 1710 698 2107 2845 1719 1721 1732 1734 2844 1750 2229 1711 1652 2670 2295 1656 2672 2728 2676 1670 2259 1990 1673 2268 2267 1676 1681 1682 2261 1989 1671 1887 1888 2155 1899 2722 2800 1907 1975 1764 1934 1936 1942 2785 1946 2783 1954 1958 1971 2794 2834 1773 1774 2220 2216 2213 2211 1790 2207 2719 1811 1822 1829 2820 2173 1836 2782 2116 1982 2202 641 645 646 2390 2893 661 2764 2648 2298 2362 680 2886 687 688 2359 2358 2356 2089 2369 2902 604 605 

Extracted 0 prioritized locations: 

Final instance parameters:
loc_max_id: 3038
loc_cnt: 960
service: p3038_800
cust_max_id: 3038
cust_cnt: 3038
unweighted obj function
p: 800
total_demand: 152693.00
threshold_dist: 323.76



-------------------------------------------------
Final Problem RSSV heuristic
-------------------------------------------------
    RSSV_EXACT_CPMP_BIN
-------------------------------------------------
Gap Cplex Reports: gap_Bin_service_p3038_800_p_800_RSSV_EXACT_CPMP_BIN.csv
[CALLBACK] Generating reports cplex callbacks...
[CALLBACK] Using BreakCallback...
Time Limit with not improving 1.00% (gap): 120.00 seconds
Time Limit with Gap less than 1%: 120.00 seconds
Default row names c1, c2 ... being created.
Version identifier: 22.1.1.0 | 2022-11-28 | 9160aff4d
CPXPARAM_TimeLimit                               2098
Legacy callback                                  i
Tried aggregator 1 time.
MIP Presolve eliminated 2833717 rows and 2833717 columns.
Reduced MIP has 3999 rows, 83723 columns, and 167446 nonzeros.
Reduced MIP has 83723 binaries, 0 generals, 0 SOSs, and 0 indicators.
Presolve time = 4.38 sec. (1888.51 ticks)
Tried aggregator 1 time.
Detecting symmetries...
Reduced MIP has 3999 rows, 83723 columns, and 167446 nonzeros.
Reduced MIP has 83723 binaries, 0 generals, 0 SOSs, and 0 indicators.
Presolve time = 0.41 sec. (138.24 ticks)
Probing time = 2.35 sec. (10.61 ticks)
Clique table members: 85801.
MIP emphasis: balance optimality and feasibility.
MIP search method: dynamic search.
Parallel mode: deterministic, using up to 32 threads.
Root relaxation solution time = 0.95 sec. (109.04 ticks)

        Nodes                                         Cuts/
   Node  Left     Objective  IInf  Best Integer    Best Bound    ItCnt     Gap

*     0+    0                       259238.0718        0.0000           100.00%
*     0+    0                       224290.4307        0.0000           100.00%
      0     0   134814.3479   911   224290.4307   134814.3479     1460   39.89%
Time: 29.93 seconds
MIP Gap: 0.40
Nodes: 0
Best Objective: 134814.347940902138362
Incumbent Obj:  224290.430676297139144
      0     0   137005.8632  1013   224290.4307    Cuts: 1099     2815   38.92%
      0     0   142017.6397  1306   224290.4307    Cuts: 1099     4635   36.68%
      0     0   143887.2911  1488   224290.4307    Cuts: 1099     5960   35.85%
*     0+    0                       173900.0484   143887.2911            17.26%
*     0+    0                       168068.0447   143887.2911            14.39%
*     0+    0                       164050.2784   143887.2911            12.29%
      0     0  -1.00000e+75     0   164050.2784   143887.2911     5960   12.29%
Time: 83.122695922851562 seconds
MIP Gap: 0.122907364413640
Nodes: 0
Best Objective: 143887.291081939038122
Incumbent Obj:  164050.278435807995265
      0     0   144798.2605  1480   164050.2784    Cuts: 1099     7383   11.74%
      0     0   145196.6111  1385   164050.2784     Cuts: 843     8282   11.49%
Detecting symmetries...
      0     0   145372.2433  1341   164050.2784     Cuts: 556     8857   11.39%
      0     0   145478.1038  1316   164050.2784     Cuts: 407     9333   11.32%
      0     0   145567.9368  1145   164050.2784     Cuts: 345     9751   11.27%
      0     0   145614.0839  1058   164050.2784     Cuts: 277    10108   11.24%
      0     0   145658.6939  1014   164050.2784     Cuts: 209    10457   11.21%
Time: 88.161434888839722 seconds
MIP Gap: 0.112109438381530
Nodes: 0
Best Objective: 145658.693854035984259
Incumbent Obj:  164050.278435807995265
      0     0   145686.8210   985   164050.2784     Cuts: 177    10754   11.19%
      0     0   145718.1914  1103   164050.2784     Cuts: 224    11061   11.17%
      0     0   145752.6743   938   164050.2784     Cuts: 185    11321   11.15%
      0     0   145770.6955  1075   164050.2784     Cuts: 195    11570   11.14%
      0     0   145787.9887  1013   164050.2784     Cuts: 156    11786   11.13%
      0     0   145810.8691  1095   164050.2784     Cuts: 143    11979   11.12%
Detecting symmetries...
Time: 103.117505073547363 seconds
MIP Gap: 0.111181825169227
Nodes: 0
Best Objective: 145810.869059794989880
Incumbent Obj:  164050.278435807995265
      0     2   145810.8691  1095   164050.2784   145810.8691    11979   11.12%
Elapsed time = 86.94 sec. (11035.63 ticks, tree = 0.02 MB, solutions = 5)
     10     5   145819.6066  1092   164050.2784   145810.9747    12056   11.12%
*    13+    1                       149097.0841   145810.9747             2.20%
*    15+    2                       148482.9487   145810.9747             1.80%
*    22+    5                       148338.0246   145813.4760             1.70%
Time: 108.682653903961182 seconds
MIP Gap: 0.017959513573167
Nodes: 17
Best Objective: 145816.267135197442258
Incumbent Obj:  148482.948667169344844
     27     8   145843.8720  1092   148338.0246   145816.2671    12189    1.70%
     40    29   145833.6082  1072   148338.0246   145817.4340    12920    1.70%
     55    42   145847.7793  1055   148338.0246   145817.4340    13364    1.70%
Time: 114.250665903091431 seconds
MIP Gap: 0.016992208544026
Nodes: 40
Best Objective: 145817.433968543569790
Incumbent Obj:  148338.024617859133286
     68    44   145862.4213  1052   148338.0246   145817.4340    13451    1.70%
    109    73   145857.6579  1117   148338.0246   145817.4340    14564    1.70%
    132   112   146055.2521   886   148338.0246   145817.4340    15431    1.70%
Time: 119.390629053115845 seconds
MIP Gap: 0.016992208544026
Nodes: 149
Best Objective: 145817.433968543569790
Incumbent Obj:  148338.024617859133286
    183   152   146115.4339   784   148338.0246   145817.4340    16926    1.70%
    220   200   145933.9732   927   148338.0246   145817.4340    17831    1.70%
Time: 124.394617080688477 seconds
MIP Gap: 0.016992208544026
Nodes: 350
Best Objective: 145817.433968543569790
Incumbent Obj:  148338.024617859133286
    465   419   145956.6450   893   148338.0246   145817.4340    22340    1.70%
Elapsed time = 108.19 sec. (14389.97 ticks, tree = 27.90 MB, solutions = 13)
Time: 129.786639928817749 seconds
MIP Gap: 0.016992208544026
Nodes: 658
Best Objective: 145817.433968543569790
Incumbent Obj:  148338.024617859133286
    759   714   146032.0973   951   148338.0246   145817.4340    28635    1.70%
Time: 135.344142913818359 seconds
MIP Gap: 0.016992208544026
Nodes: 922
Best Objective: 145817.433968543569790
Incumbent Obj:  148338.024617859133286
*  1340+  982                       147226.0693   145826.2769             0.95%
   1343  1217   146439.7799   624   147226.0693   145826.2769    40071    0.95%
Time: 140.515380859375000 seconds
MIP Gap: 0.009503365188487
Nodes: 1302
Best Objective: 145826.926227217278210
Incumbent Obj:  147226.069329319318058
*  1477+ 1314                       147077.8098   145826.9262             0.85%
Time: 146.015908956527710 seconds
MIP Gap: 0.009503365188487
Nodes: 1400
Best Objective: 145826.926227217278210
Incumbent Obj:  147226.069329319318058
   1578  1403   146015.2050   865   147077.8098   145826.9262    44688    0.85%
Time: 151.135520935058594 seconds
MIP Gap: 0.008504910461842
Nodes: 1750
Best Objective: 145826.926227217278210
Incumbent Obj:  147077.809830751706613
*  1875+ 1583                       146776.3772   145826.9262             0.65%
   1986  1644   146081.8305   828   146776.3772   145826.9262    51729    0.65%
*  2090+ 1705                       146770.5109   145826.9262             0.64%
*  2116+ 1705                       146767.9045   145826.9262             0.64%
Time: 156.988170862197876 seconds
MIP Gap: 0.006411335442888
Nodes: 2057
Best Objective: 145826.926227217278210
Incumbent Obj:  146767.904495185619453
   2256  1909   146072.7335   920   146767.9045   145826.9262    57965    0.64%
*  2368+ 1916                       146695.1849   145826.9262             0.59%
*  2402+ 1951                       146510.6359   145826.9262             0.47%
*  2440+ 1951                       146489.6111   145826.9262             0.45%
Time: 162.402659893035889 seconds
MIP Gap: 0.005738533505705
Nodes: 2378
Best Objective: 145826.926227217278210
Incumbent Obj:  146668.588838501455029
   2593  1827   146107.2145   780   146489.6111   145826.9262    63309    0.45%
Time: 167.499845981597900 seconds
MIP Gap: 0.004523767076075
Nodes: 2670
Best Objective: 145826.926227217278210
Incumbent Obj:  146489.611106929834932
   2955  2113   146169.4268   878   146489.6111   145826.9262    71506    0.45%
*  2962+ 1904                       146486.8192   145826.9262             0.45%
Time: 173.214657068252563 seconds
MIP Gap: 0.004504794102558
Nodes: 3049
Best Objective: 145826.926227217278210
Incumbent Obj:  146486.819186390639516
   3387  2415   146025.8959   998   146486.8192   145826.9262    79422    0.45%
Time: 180.163708925247192 seconds
MIP Gap: 0.004438669923097
Nodes: 3636
Best Objective: 145836.612547937867930
Incumbent Obj:  146486.819186390639516
   4047  3142   146286.7727   766   146486.8192   145836.6125    95758    0.44%
Time: 186.988728046417236 seconds
MIP Gap: 0.004438669923097
Nodes: 4057
Best Objective: 145836.612547937867930
Incumbent Obj:  146486.819186390639516
   4770  3797   146040.5218   769   146486.8192   145836.6125   111190    0.44%
Elapsed time = 177.17 sec. (23948.30 ticks, tree = 279.74 MB, solutions = 24)
Time: 195.274698019027710 seconds
MIP Gap: 0.004427866212669
Nodes: 4766
Best Objective: 145838.195149113802472
Incumbent Obj:  146486.819186390639516
*  5011+ 3928                       146485.9799   145839.8615             0.44%
*  5260+ 4006                       146485.7741   145839.8615             0.44%
   5349  4197   146112.7993   891   146485.7741   145839.8615   121390    0.44%

Performing restart 1

Repeating presolve.
Tried aggregator 1 time.
MIP Presolve eliminated 0 rows and 6 columns.
MIP Presolve modified 69 coefficients.
Reduced MIP has 3999 rows, 83717 columns, and 167434 nonzeros.
Reduced MIP has 83717 binaries, 0 generals, 0 SOSs, and 0 indicators.
Presolve time = 0.39 sec. (141.20 ticks)
Tried aggregator 1 time.
MIP Presolve modified 18 coefficients.
Reduced MIP has 3999 rows, 83717 columns, and 167434 nonzeros.
Reduced MIP has 83717 binaries, 0 generals, 0 SOSs, and 0 indicators.
Presolve time = 0.64 sec. (167.91 ticks)
Represolve time = 11.07 sec. (2282.23 ticks)
   5359     0   145833.5064   953   146485.7741     Cuts: 142   136741    0.44%
   5359     0   145845.9295   961   146485.7741     Cuts: 117   136973    0.44%
   5359     0   145859.3976   824   146485.7741     Cuts: 114   137187    0.43%
*  5359+    0                       146443.1979   145859.3976             0.40%
   5359     0  -1.00000e+75     0   146443.1979   145859.3976   137187    0.40%
   5359     0   145870.3572   933   146443.1979     Cuts: 121   137400    0.39%
   5359     0   145874.4421   833   146443.1979     Cuts: 126   137544    0.39%
   5359     0   145881.6626   861   146443.1979     Cuts: 105   137730    0.38%
   5359     0   145891.7775   843   146443.1979      Cuts: 97   137888    0.38%
   5359     0   145901.5034   881   146443.1979      Cuts: 90   138042    0.37%
   5359     0   145910.4123   890   146443.1979      Cuts: 89   138230    0.36%
   5359     0   145916.0743   997   146443.1979      Cuts: 80   138403    0.36%
   5359     0   145921.2077  1059   146443.1979      Cuts: 78   138534    0.36%
   5359     0   145926.4671  1089   146443.1979      Cuts: 89   138698    0.35%
   5359     0   145931.7932   903   146443.1979      Cuts: 95   138866    0.35%
   5359     0   145938.7865   880   146443.1979      Cuts: 82   139021    0.34%
   5359     0   145942.8587   907   146443.1979      Cuts: 78   139172    0.34%
   5359     0   145944.8830   960   146443.1979      Cuts: 63   139310    0.34%
   5359     0   145950.0354   901   146443.1979      Cuts: 90   139460    0.34%
   5359     0   145953.6140   984   146443.1979      Cuts: 82   139625    0.33%
   5359     0   145956.8099   992   146443.1979      Cuts: 89   139764    0.33%
Time: 311.261044025421143 seconds
MIP Gap: 0.003236267963926
Nodes: 5359
Best Objective: 145969.268460571387550
Incumbent Obj:  146443.197890439158073
Stopping optimization: Gap is less than 1% for more than 120.00 seconds.
Stopping optimization: Gap is less than 1% for more than 120.00 seconds.

Clique cuts applied:  999
Cover cuts applied:  1336
Flow cuts applied:  305
Mixed integer rounding cuts applied:  597
Zero-half cuts applied:  1157
Lift and project cuts applied:  1
Gomory fractional cuts applied:  52

Root node processing (before b&c):
  Real time             =   80.74 sec. (11513.90 ticks)
Parallel b&c, 32 threads:
  Real time             =  220.45 sec. (30193.12 ticks)
  Sync time (average)   =   83.12 sec.
  Wait time (average)   =    2.70 sec.
                          ------------
Total (root+branch&cut) =  301.19 sec. (41707.02 ticks)
[INFO] Saving variables cplex:
./outputs/solutions/2024-08-27_LIT_seed_0_1-2p/VarsValues_cplex/test_lit_p3038_800_CPMP_Vars_Bin_p_800_RSSV_EXACT_CPMP_BIN.txt
[INFO] Saving results cplex: 
./outputs/solutions/2024-08-27_LIT_seed_0_1-2p/Results_cplex/test_lit_p3038_800_Bin_RSSV_EXACT_CPMP_BIN.csv

Final solution CPMP:
p locations: 220 1215 1911 2046 1327 2820 1112 1071 2288 518 1412 813 2703 1919 556 2049 2344 480 2932 1439 2013 520 1675 182 717 1350 1349 2589 1096 331 1824 544 1872 378 1247 2740 2134 641 2527 598 432 1816 1331 2824 2985 1502 2995 2098 605 2808 736 2229 2897 233 2733 1240 988 2737 668 982 2475 2346 853 931 2424 2349 2534 1116 2609 2386 2387 1136 1143 2639 1146 1105 2486 1194 2587 1094 1213 1007 1009 2012 519 1228 1016 2509 2167 2249 756 133 2558 1065 1774 356 2483 1603 110 819 1528 1438 932 2350 3003 1585 1655 1785 2296 272 1690 620 1329 1631 1501 83 227 901 1853 1069 2562 1556 1947 2656 2396 978 269 1736 2445 952 285 2412 135 844 2402 2398 1110 1819 2528 2987 965 256 1618 2966 989 1698 315 2000 582 312 2926 1508 90 2327 834 2252 2160 33 284 2030 1321 612 1310 601 2960 124 1175 466 2139 646 474 2601 1892 399 2526 1183 2676 991 1700 2455 1746 2083 665 57 2893 1767 1052 1145 2563 808 1517 2493 729 2222 2896 2187 60 108 2235 747 1456 2949 822 2866 2157 2085 2794 1277 286 1704 2041 1297 2851 2514 387 112 821 147 1565 1506 280 1773 2110 1401 2819 2062 1353 1800 1766 1076 2569 1558 2267 1900 3022 663 1372 790 2917 81 1432 321 3036 50 1875 801 2219 2823 696 1138 2964 508 1581 163 1656 2992 2342 504 794 85 2479 1474 1811 1102 161 3000 1582 164 2291 2684 1975 1682 1017 2480 364 1782 1734 3009 2672 1254 329 1822 2833 2496 826 2953 422 2268 1934 1676 2845 2576 2242 1790 964 493 1652 159 2503 1829 680 2173 2882 46 1836 576 2261 871 2648 1176 2594 2524 1946 1237 1865 2202 1493 347 1056 2369 2478 351 1769 661 476 2498 1124 1710 604 529 2022 1313 1788 440 1149 2764 2921 1428 1888 1721 1688 2362 78 1732 1981 2690 1711 2722 1887 2596 1178 2746 2207 2213 2886 1393 2067 45 1463 2881 1958 2109 2184 691 2818 2783 2390 1719 563 2056 2765 638 887 1521 3014 103 1596 2305 2785 781 1490 512 1942 1158 2651 1907 2710 2800 1750 1671 669 1378 2796 271 1764 2438 446 2573 371 1864 2052 1687 194 2216 2553 2902 1559 66 2565 438 1745 460 2663 338 263 1756 2465 2360 2694 1248 2259 623 2116 698 94 2930 2221 2599 568 2061 643 2461 1752 2646 624 1333 1954 461 2604 443 1936 2786 2077 499 2626 2521 361 2488 2850 1357 648 2775 613 2749 3029 2320 2381 560 1666 1425 1982 564 511 2298 805 2376 535 1886 2031 538 2492 365 2289 796 2144 459 1470 298 181 1599 890 2203 785 2661 2670 1659 2443 950 2256 2264 3018 2681 687 712 2914 1421 1496 3 340 2423 2275 2089 596 1305 1270 2688 526 2728 1235 1607 1423 2841 229 1944 451 1586 168 408 2912 1419 2363 236 3037 910 2029 1491 2035 542 1251 1483 1216 1991 2066 573 2258 1584 2293 2440 1092 383 1995 1588 1513 3006 2426 923 49 3035 392 2122 1935 1446 737 2155 1649 940 231 830 2698 1280 571 177 3013 3016 889 2233 1524 2033 977 1681 188 225 1137 1486 777 2043 1334 783 1457 673 2166 2641 956 659 2152 107 816 1792 342 1835 3033 906 1206 1190 591 1602 1906 413 265 974 2392 899 939 2357 230 1613 2322 2310 1573 562 2148 1839 1130 154 863 337 119 2955 660 2804 2697 570 1988 2877 1384 2945 1971 478 1187 1896 403 1803 118 1129 2602 2020 2729 2371 2853 1360 2778 753 718 2211 1669 176 2088 509 1218 2635 1142 433 2185 1476 1383 678 1387 1823 2927 2401 1692 1224 2717 1299 2448 955 2010 2762 2837 1344 2840 1209 874 2367 949 2366 423 2713 1082 421 1914 2238 745 2163 1923 791 82 2849 1356 322 26 1369 2862 2080 2543 1050 2451 2559 1066 1832 2693 1200 1984 491 1448 2941 579 1087 375 1868 450 2758 2878 2073 580 2111 693 2592 1324 2817 1399 855 248 1741 925 1843 927 1261 2754 1786 2048 2810 1763 345 911 1968 916 1260 2753 920 2816 2907 1414 2938 487 1410 701 2119 2107 614 609 3005 19 126 1472 2181 157 1899 406 410 1828 335 419 1621 2330 762 2889 137 1630 772 287 2868 1375 779 1663 179 1694 1653 160 294 2421 676 733 2151 325 3034 1541 731 2149 2858 682 2597 1104 2335 2333 1100 1088 2506 2302 2260 
p size: 800
objective: 146443.197890436451416
sum (dij * xij) 
demand/capacity: 152693.000000000000000/190400
Solution is Feasible
Statistics:
Max distance: 319.200563909276298
Min distance: 0.000000000000000
Avg distance: 48.203817607121941
Std deviation distance: 43.161686002821170


Final total elapsed time: 636s
[INFO] Saving assignment: ./outputs/solutions/2024-08-27_LIT_seed_0_1-2p/Assignments/test_lit_p3038_800_p_800_RSSV_EXACT_CPMP_BIN.txt
[INFO] Saving results: ./outputs/solutions/2024-08-27_LIT_seed_0_1-2p/test_lit_p3038_800_results_RSSV_EXACT_CPMP_BIN.csv
[INFO] Saving all results: ./outputs/solutions/test_all_results.csv
Post Optimization: EXACT_CPMP_BIN


-------------------------------------------------
Post Optimization
-------------------------------------------------
method: EXACT_CPMP_BIN
-------------------------------------------------
Time for post-optimization: 2964.000000000000000s
PostOptimization constructor for Solution_cap
p locations: 220 1215 1911 2046 1327 2820 1112 1071 2288 518 1412 813 2703 1919 556 2049 2344 480 2932 1439 2013 520 1675 182 717 1350 1349 2589 1096 331 1824 544 1872 378 1247 2740 2134 641 2527 598 432 1816 1331 2824 2985 1502 2995 2098 605 2808 736 2229 2897 233 2733 1240 988 2737 668 982 2475 2346 853 931 2424 2349 2534 1116 2609 2386 2387 1136 1143 2639 1146 1105 2486 1194 2587 1094 1213 1007 1009 2012 519 1228 1016 2509 2167 2249 756 133 2558 1065 1774 356 2483 1603 110 819 1528 1438 932 2350 3003 1585 1655 1785 2296 272 1690 620 1329 1631 1501 83 227 901 1853 1069 2562 1556 1947 2656 2396 978 269 1736 2445 952 285 2412 135 844 2402 2398 1110 1819 2528 2987 965 256 1618 2966 989 1698 315 2000 582 312 2926 1508 90 2327 834 2252 2160 33 284 2030 1321 612 1310 601 2960 124 1175 466 2139 646 474 2601 1892 399 2526 1183 2676 991 1700 2455 1746 2083 665 57 2893 1767 1052 1145 2563 808 1517 2493 729 2222 2896 2187 60 108 2235 747 1456 2949 822 2866 2157 2085 2794 1277 286 1704 2041 1297 2851 2514 387 112 821 147 1565 1506 280 1773 2110 1401 2819 2062 1353 1800 1766 1076 2569 1558 2267 1900 3022 663 1372 790 2917 81 1432 321 3036 50 1875 801 2219 2823 696 1138 2964 508 1581 163 1656 2992 2342 504 794 85 2479 1474 1811 1102 161 3000 1582 164 2291 2684 1975 1682 1017 2480 364 1782 1734 3009 2672 1254 329 1822 2833 2496 826 2953 422 2268 1934 1676 2845 2576 2242 1790 964 493 1652 159 2503 1829 680 2173 2882 46 1836 576 2261 871 2648 1176 2594 2524 1946 1237 1865 2202 1493 347 1056 2369 2478 351 1769 661 476 2498 1124 1710 604 529 2022 1313 1788 440 1149 2764 2921 1428 1888 1721 1688 2362 78 1732 1981 2690 1711 2722 1887 2596 1178 2746 2207 2213 2886 1393 2067 45 1463 2881 1958 2109 2184 691 2818 2783 2390 1719 563 2056 2765 638 887 1521 3014 103 1596 2305 2785 781 1490 512 1942 1158 2651 1907 2710 2800 1750 1671 669 1378 2796 271 1764 2438 446 2573 371 1864 2052 1687 194 2216 2553 2902 1559 66 2565 438 1745 460 2663 338 263 1756 2465 2360 2694 1248 2259 623 2116 698 94 2930 2221 2599 568 2061 643 2461 1752 2646 624 1333 1954 461 2604 443 1936 2786 2077 499 2626 2521 361 2488 2850 1357 648 2775 613 2749 3029 2320 2381 560 1666 1425 1982 564 511 2298 805 2376 535 1886 2031 538 2492 365 2289 796 2144 459 1470 298 181 1599 890 2203 785 2661 2670 1659 2443 950 2256 2264 3018 2681 687 712 2914 1421 1496 3 340 2423 2275 2089 596 1305 1270 2688 526 2728 1235 1607 1423 2841 229 1944 451 1586 168 408 2912 1419 2363 236 3037 910 2029 1491 2035 542 1251 1483 1216 1991 2066 573 2258 1584 2293 2440 1092 383 1995 1588 1513 3006 2426 923 49 3035 392 2122 1935 1446 737 2155 1649 940 231 830 2698 1280 571 177 3013 3016 889 2233 1524 2033 977 1681 188 225 1137 1486 777 2043 1334 783 1457 673 2166 2641 956 659 2152 107 816 1792 342 1835 3033 906 1206 1190 591 1602 1906 413 265 974 2392 899 939 2357 230 1613 2322 2310 1573 562 2148 1839 1130 154 863 337 119 2955 660 2804 2697 570 1988 2877 1384 2945 1971 478 1187 1896 403 1803 118 1129 2602 2020 2729 2371 2853 1360 2778 753 718 2211 1669 176 2088 509 1218 2635 1142 433 2185 1476 1383 678 1387 1823 2927 2401 1692 1224 2717 1299 2448 955 2010 2762 2837 1344 2840 1209 874 2367 949 2366 423 2713 1082 421 1914 2238 745 2163 1923 791 82 2849 1356 322 26 1369 2862 2080 2543 1050 2451 2559 1066 1832 2693 1200 1984 491 1448 2941 579 1087 375 1868 450 2758 2878 2073 580 2111 693 2592 1324 2817 1399 855 248 1741 925 1843 927 1261 2754 1786 2048 2810 1763 345 911 1968 916 1260 2753 920 2816 2907 1414 2938 487 1410 701 2119 2107 614 609 3005 19 126 1472 2181 157 1899 406 410 1828 335 419 1621 2330 762 2889 137 1630 772 287 2868 1375 779 1663 179 1694 1653 160 294 2421 676 733 2151 325 3034 1541 731 2149 2858 682 2597 1104 2335 2333 1100 1088 2506 2302 2260 
p size: 800
objective: 146443.197890436451416
sum (dij * xij) 
demand/capacity: 152693.000000000000000/190400
Solution is Feasible
[INFO] Running post-optimization
Time limit: 2964.000000000000000
Max size of the neigh: 2
 ------------------------------------ 

Iteration Post-Optimization: 1
Size of neighborhood: 1
[INFO] Adding MIP start solution
Gap Cplex Reports: gap_Bin_service_p3038_800_p_800_RSSV_POSTOPT.csv
[CALLBACK] Generating reports cplex callbacks...
Default row names c1, c2 ... being created.
Version identifier: 22.1.1.0 | 2022-11-28 | 9160aff4d
CPXPARAM_TimeLimit                               2964
CPXPARAM_MIP_Tolerances_LowerCutoff              145969.26846057139
Legacy callback                                  i
1 of 2 MIP starts provided solutions.
MIP start 'm1' defined initial solution with objective 147114.3522.
Tried aggregator 1 time.
MIP Presolve eliminated 8977376 rows and 8977376 columns.
Reduced MIP has 6877 rows, 255106 columns, and 511812 nonzeros.
Reduced MIP has 255106 binaries, 0 generals, 0 SOSs, and 0 indicators.
Presolve time = 16.83 sec. (6077.60 ticks)
Tried aggregator 1 time.
Detecting symmetries...
Reduced MIP has 6877 rows, 255106 columns, and 511812 nonzeros.
Reduced MIP has 255106 binaries, 0 generals, 0 SOSs, and 0 indicators.
Presolve time = 1.78 sec. (562.29 ticks)
Probing time = 1.98 sec. (55.89 ticks)
Clique table members: 255906.
MIP emphasis: balance optimality and feasibility.
MIP search method: dynamic search.
Parallel mode: deterministic, using up to 32 threads.
Root relaxation solution time = 0.95 sec. (399.00 ticks)

        Nodes                                         Cuts/
   Node  Left     Objective  IInf  Best Integer    Best Bound    ItCnt     Gap

*     0+    0                       147114.3522        0.0000           100.00%
      0     0    46009.8611  2816   147114.3522    46009.8611     5725   68.73%
Time: 366.404178857803345 seconds
MIP Gap: 0.687251036852496
Nodes: 0
Best Objective: 46009.861104158597300
Incumbent Obj:  147114.352166400785791
*     0+    0                       147079.2026    46009.8611            68.72%
      0     0    80815.5417  4264   147079.2026    Cuts: 1819     9058   45.05%
Time: 376.333163022994995 seconds
MIP Gap: 0.450530460904586
Nodes: 0
Best Objective: 80815.541689231409691
Incumbent Obj:  147079.202647479192819
      0     0    95529.2407  4253   147079.2026    Cuts: 1819    11764   35.05%
Time: 383.014215946197510 seconds
MIP Gap: 0.350491170639037
Nodes: 0
Best Objective: 95529.240734908074955
Incumbent Obj:  147079.202647479192819
      0     0   101748.9396  3890   147079.2026    Cuts: 1819    14103   30.82%
*     0+    0                       138528.7902   101748.9396            26.55%
      0     0  -1.00000e+75     0   138528.7902   101748.9396    14103   26.55%
Time: 391.795881032943726 seconds
MIP Gap: 0.265503297806918
Nodes: 0
Best Objective: 101748.939596139927744
Incumbent Obj:  138528.790248254372273
      0     0   105491.7371  3946   138528.7902    Cuts: 1819    16336   23.85%
      0     0   107674.5639  3443   138528.7902    Cuts: 1819    18201   22.27%
Detecting symmetries...
Time: 400.678865909576416 seconds
MIP Gap: 0.222727898794796
Nodes: 0
Best Objective: 107674.563873675608193
Incumbent Obj:  138528.790248254372273
      0     0   108919.9100  3305   138528.7902    Cuts: 1525    19806   21.37%
      0     0   109577.5874  3057   138528.7902    Cuts: 1160    21068   20.90%
Time: 407.299380064010620 seconds
MIP Gap: 0.208990512519884
Nodes: 0
Best Objective: 109577.587375512142899
Incumbent Obj:  138528.790248254372273
      0     0   109990.5547  2880   138528.7902     Cuts: 878    22223   20.60%
      0     0   110238.8379  2799   138528.7902     Cuts: 658    23068   20.42%
      0     0   110410.4679  2839   138528.7902     Cuts: 551    23872   20.30%
Time: 413.946678876876831 seconds
MIP Gap: 0.202978184298346
Nodes: 0
Best Objective: 110410.467930617232923
Incumbent Obj:  138528.790248254372273
      0     0   110534.0365  2794   138528.7902     Cuts: 477    24473   20.21%
      0     0   110615.4990  2753   138528.7902     Cuts: 418    24997   20.15%
      0     0   110669.8009  2615   138528.7902     Cuts: 311    25409   20.11%
Time: 420.025017023086548 seconds
MIP Gap: 0.201106133194694
Nodes: 0
Best Objective: 110669.800905289084767
Incumbent Obj:  138528.790248254372273
      0     0   110706.7406  2575   138528.7902     Cuts: 268    25811   20.08%
      0     0   110742.9121  2855   138528.7902     Cuts: 233    26232   20.06%
      0     0   110777.7413  2801   138528.7902     Cuts: 211    26597   20.03%
      0     0   110808.3461  2853   138528.7902     Cuts: 206    26911   20.01%
Time: 425.090968847274780 seconds
MIP Gap: 0.200106014840372
Nodes: 0
Best Objective: 110808.346091018349398
Incumbent Obj:  138528.790248254372273
      0     0   110837.8500  2697   138528.7902     Cuts: 222    27341   19.99%
      0     0   110865.7563  2665   138528.7902     Cuts: 285    27687   19.97%
      0     0   110879.0844  2535   138528.7902     Cuts: 181    27930   19.96%
Time: 431.136576890945435 seconds
MIP Gap: 0.199595375159186
Nodes: 0
Best Objective: 110879.084388305825996
Incumbent Obj:  138528.790248254372273
      0     0   110904.7883  2247   138528.7902     Cuts: 177    28282   19.94%
      0     0   110922.1428  2512   138528.7902     Cuts: 125    28607   19.93%
Time: 457.572530984878540 seconds
MIP Gap: 0.199284548878461
Nodes: 0
Best Objective: 110922.142776952066924
Incumbent Obj:  138528.790248254372273
      0     0   110937.3893  2532   138528.7902     Cuts: 136    28814   19.92%
*     0+    0                       118853.6897   110937.3893             6.66%
*     0+    0                       114323.1969   110937.3893             2.96%
Detecting symmetries...
Time: 533.659331083297729 seconds
MIP Gap: 0.029616103190902
Nodes: 0
Best Objective: 110937.389332933424157
Incumbent Obj:  114323.196930336067453
      0     2   110937.3893  2532   114323.1969   110937.3893    28814    2.96%
Elapsed time = 487.22 sec. (76309.65 ticks, tree = 0.02 MB, solutions = 5)
      5     6   110975.3703  2100   114323.1969   110937.5164    28907    2.96%
     16    12   110980.2231  2465   114323.1969   110939.9567    29165    2.96%
Time: 538.732279062271118 seconds
MIP Gap: 0.029541900560045
Nodes: 25
Best Objective: 110945.872414913668763
Incumbent Obj:  114323.196930336067453
     30    23   110984.4454  2475   114323.1969   110945.8724    29716    2.95%
     56    53   110987.1253  2286   114323.1969   110945.8724    31029    2.95%
     87    68   110989.3558  2321   114323.1969   110945.8724    31501    2.95%
    116    89   110993.7775  2249   114323.1969   110956.5566    32268    2.94%
Time: 543.902585983276367 seconds
MIP Gap: 0.029448341201504
Nodes: 127
Best Objective: 110956.568419884759351
Incumbent Obj:  114323.196930336067453
    150   131   111024.7495  1889   114323.1969   110956.5684    33661    2.94%
    184   161   111004.6235  2059   114323.1969   110957.7213    34353    2.94%
    208   193   110974.1626  2581   114323.1969   110957.7213    35410    2.94%
Time: 550.148192882537842 seconds
MIP Gap: 0.029419277451409
Nodes: 250
Best Objective: 110959.891080710440292
Incumbent Obj:  114323.196930336067453
*   325+  196                       113429.3249   110959.8911             2.18%
    348   316   111019.0996  2144   113429.3249   110959.8911    38851    2.18%
Elapsed time = 506.20 sec. (79572.85 ticks, tree = 32.76 MB, solutions = 6)
Time: 555.453382968902588 seconds
MIP Gap: 0.021770682687716
Nodes: 321
Best Objective: 110959.891080710440292
Incumbent Obj:  113429.324921048420947
    379   341   111026.3811  1955   113429.3249   110959.8911    39333    2.18%
Time: 561.528775930404663 seconds
MIP Gap: 0.021770682687716
Nodes: 377
Best Objective: 110959.891080710440292
Incumbent Obj:  113429.324921048420947
    512   469   111064.7601  1732   113429.3249   110959.8911    41596    2.18%
Time: 568.704383850097656 seconds
MIP Gap: 0.021770682687716
Nodes: 512
Best Objective: 110959.891080710440292
Incumbent Obj:  113429.324921048420947
Time: 575.875686883926392 seconds
MIP Gap: 0.021770682687716
Nodes: 573
Best Objective: 110959.891080710440292
Incumbent Obj:  113429.324921048420947
    635   561   110989.3987  2320   113429.3249   110959.8911    43768    2.18%
Time: 585.578248977661133 seconds
MIP Gap: 0.021768573189510
Nodes: 781
Best Objective: 110960.130359667920857
Incumbent Obj:  113429.324921048420947
    829   712   111148.1860  1670   113429.3249   110959.9687    47405    2.18%
Time: 591.821163892745972 seconds
MIP Gap: 0.021752473328627
Nodes: 913
Best Objective: 110961.956556019140407
Incumbent Obj:  113429.324921048420947
    950   870   111098.5273  1569   113429.3249   110961.9566    51602    2.18%
   1135  1017   111048.7052  2011   113429.3249   110962.0442    55441    2.18%
Time: 599.779154062271118 seconds
MIP Gap: 0.021751700344075
Nodes: 1109
Best Objective: 110962.044235135064810
Incumbent Obj:  113429.324921048420947
   1324  1237   111060.3555  1717   113429.3249   110962.0442    62022    2.18%
Time: 612.420253992080688 seconds
MIP Gap: 0.021751700344075
Nodes: 1319
Best Objective: 110962.044235135064810
Incumbent Obj:  113429.324921048420947
   1407  1317   111106.0646  1650   113429.3249   110962.0442    63876    2.18%
   1501  1430   111248.2956  1213   113429.3249   110962.0442    67021    2.18%
   1627  1562   111310.5181  1441   113429.3249   110962.0442    70558    2.18%
Elapsed time = 595.81 sec. (89278.82 ticks, tree = 201.40 MB, solutions = 6)
Time: 649.456415891647339 seconds
MIP Gap: 0.021751700344075
Nodes: 1675
Best Objective: 110962.044235135064810
Incumbent Obj:  113429.324921048420947
   1797  1690   111235.5010  1077   113429.3249   110962.0442    74605    2.18%
Time: 656.912962913513184 seconds
MIP Gap: 0.021751700344075
Nodes: 1815
Best Objective: 110962.044235135064810
Incumbent Obj:  113429.324921048420947
   1999  1860   111235.2599  1599   113429.3249   110962.0442    79528    2.18%
   2162  2058   111193.9636  1686   113429.3249   110962.0442    85671    2.18%
Time: 672.349079847335815 seconds
MIP Gap: 0.021751700344075
Nodes: 2093
Best Objective: 110962.044235135064810
Incumbent Obj:  113429.324921048420947
   2327  2134   111257.1781  1360   113429.3249   110962.7768    88490    2.17%
Time: 681.243587017059326 seconds
MIP Gap: 0.021744893306455
Nodes: 2299
Best Objective: 110962.816352816953440
Incumbent Obj:  113429.324921048420947
   2540  2415   111257.4314  1296   113429.3249   110962.8388    97530    2.17%
Time: 695.332041025161743 seconds
MIP Gap: 0.021737235853710
Nodes: 2536
Best Objective: 110963.684932512478554
Incumbent Obj:  113429.324921048420947
   2882  2633   111287.9584  1250   113429.3249   110963.6849   104677    2.17%
Time: 710.804646968841553 seconds
MIP Gap: 0.021734955975025
Nodes: 2913
Best Objective: 110963.943537612576620
Incumbent Obj:  113429.324921048420947
   3201  2623   111282.2003  1035   113429.3249   110963.9435   104216    2.17%
   3414  3029   111593.3127  1089   113429.3249   110963.9435   116313    2.17%
Time: 728.220190048217773 seconds
MIP Gap: 0.021734955975025
Nodes: 3313
Best Objective: 110963.943537612576620
Incumbent Obj:  113429.324921048420947
   3626  3309   111439.0483  1283   113429.3249   110963.9435   124648    2.17%
   3838  3578   111609.9431   714   113429.3249   110963.9435   133539    2.17%
Elapsed time = 703.19 sec. (98876.78 ticks, tree = 574.03 MB, solutions = 6)
   4023  3682   111557.0314  1001   113429.3249   110963.9435   137720    2.17%
Time: 765.152299880981445 seconds
MIP Gap: 0.021734955975025
Nodes: 3913
Best Objective: 110963.943537612576620
Incumbent Obj:  113429.324921048420947
   4221  3828   111766.4862  1188   113429.3249   110963.9435   142112    2.17%
   4402  4105   111221.6592  1625   113429.3249   110963.9435   151099    2.17%
Time: 784.573778867721558 seconds
MIP Gap: 0.021734955975025
Nodes: 4258
Best Objective: 110963.943537612576620
Incumbent Obj:  113429.324921048420947
*  4515+ 3971                       112499.9215   110963.9435             1.37%
   4593  4090   111709.7572   893   112499.9215   110963.9435   150625    1.37%
*  4608+ 3971                       112472.8853   110963.9435             1.34%
*  4660+ 3971                       112451.5909   110963.9435             1.32%
Time: 808.974254846572876 seconds
MIP Gap: 0.013229224560100
Nodes: 4496
Best Objective: 110963.943537612576620
Incumbent Obj:  112451.590885578392772
   4737  4311   111499.6113  1039   112451.5909   110963.9435   157647    1.32%
   4821  4517   111650.0421   932   112451.5909   110963.9435   166192    1.32%
*  4854+ 4508                       112112.4922   110963.9435             1.02%
Time: 828.428313016891479 seconds
MIP Gap: 0.010244609485488
Nodes: 4607
Best Objective: 110963.943537612576620
Incumbent Obj:  112112.492239046405302
   4872  4597   111826.4097   894   112112.4922   110963.9435   169797    1.02%
   4910  4628   111700.5132   663   112112.4922   110963.9435   170976    1.02%
Time: 850.197411060333252 seconds
MIP Gap: 0.010244609485488
Nodes: 4682
Best Objective: 110963.943537612576620
Incumbent Obj:  112112.492239046405302
   4959  4629   111615.3734   915   112112.4922   110963.9435   170904    1.02%
   5016  4679   111887.9789   948   112112.4922   110963.9435   173248    1.02%
Elapsed time = 809.14 sec. (108468.07 ticks, tree = 804.31 MB, solutions = 15)
*  5044+ 4730                       112036.8410   110963.9435             0.96%
Time: 865.042585849761963 seconds
MIP Gap: 0.009576291732139
Nodes: 4795
Best Objective: 110963.943537612576620
Incumbent Obj:  112036.841011889686342
   5071  4787   111622.3494  1026   112036.8410   110963.9435   177984    0.96%
   5123  4824   111773.1217   809   112036.8410   110963.9435   179555    0.96%
   5176  4878   110971.9801  2581   112036.8410   110963.9435   182221    0.96%
Time: 877.905832052230835 seconds
MIP Gap: 0.009576291732139
Nodes: 4901
Best Objective: 110963.943537612576620
Incumbent Obj:  112036.841011889686342
   5235  4886   111649.0896   890   112036.8410   110963.9435   182789    0.96%
   5296  4929   111920.5117   761   112036.8410   110963.9435   184483    0.96%
Time: 887.790246009826660 seconds
MIP Gap: 0.009576291732139
Nodes: 5034
Best Objective: 110963.943537612576620
Incumbent Obj:  112036.841011889686342
   5383  5025   111813.1213   459   112036.8410   110963.9435   190298    0.96%
*  5406+ 4955                       111907.6867   110963.9435             0.84%
   5427  5035   111864.9138  1059   111907.6867   110963.9435   190790    0.84%

Performing restart 1

Repeating presolve.
Tried aggregator 1 time.
MIP Presolve modified 86 coefficients.
Reduced MIP has 6877 rows, 255106 columns, and 511812 nonzeros.
Reduced MIP has 255106 binaries, 0 generals, 0 SOSs, and 0 indicators.
Presolve time = 1.52 sec. (576.18 ticks)
Tried aggregator 1 time.
MIP Presolve modified 12 coefficients.
Reduced MIP has 6877 rows, 255106 columns, and 511812 nonzeros.
Reduced MIP has 255106 binaries, 0 generals, 0 SOSs, and 0 indicators.
Presolve time = 2.11 sec. (659.36 ticks)
Represolve time = 42.76 sec. (7158.02 ticks)
   5431     0   110969.2096  2437   111907.6867     Cuts: 289   222013    0.84%
   5431     0   110981.2922  2115   111907.6867     Cuts: 147   222290    0.83%
   5431     0   110994.7811  2520   111907.6867     Cuts: 131   222597    0.82%
   5431     0   111019.7935  2516   111907.6867     Cuts: 176   222947    0.79%
   5431     0   111040.0101  2435   111907.6867     Cuts: 146   223379    0.78%
   5431     0   111056.0849  2612   111907.6867     Cuts: 173   223696    0.76%
   5431     0   111067.1469  2480   111907.6867     Cuts: 167   224030    0.75%
   5431     0   111075.6058  2580   111907.6867     Cuts: 118   224314    0.74%
   5431     0   111084.6085  2583   111907.6867     Cuts: 153   224613    0.74%
   5431     0   111093.4469  2235   111907.6867     Cuts: 140   224952    0.73%
   5431     0   111100.6929  2523   111907.6867     Cuts: 126   225206    0.72%
   5431     0   111106.3213  2385   111907.6867     Cuts: 101   225436    0.72%
   5431     0   111112.3410  2667   111907.6867      Cuts: 88   225661    0.71%
   5431     0   111116.8495  2547   111907.6867      Cuts: 91   225830    0.71%
   5431     0   111121.3188  2764   111907.6867      Cuts: 90   226010    0.70%
*  5431+    0                       111811.4441   111121.3188             0.62%
   5431     0   111124.7927  2417   111811.4441      Cuts: 59   226180    0.61%
   5431     0   111129.1275  2611   111811.4441      Cuts: 46   226349    0.61%
   5431     0   111134.6706  2420   111811.4441      Cuts: 88   226530    0.61%
   5431     0   111137.3313  2632   111811.4441      Cuts: 57   226671    0.60%
   5431     0   111139.8126  2704   111811.4441      Cuts: 57   226800    0.60%
Time: 1201.487762928009033 seconds
MIP Gap: 0.006006822190863
Nodes: 5431
Best Objective: 111139.812637376613566
Incumbent Obj:  111811.444100994922337
   5431     2   111139.8126  2704   111811.4441   111139.8126   226800    0.60%
Time: 1206.596298933029175 seconds
MIP Gap: 0.005997169165163
Nodes: 5436
Best Objective: 111140.891956120118266
Incumbent Obj:  111811.444100994922337
   5447     6   111185.9741  2810   111811.4441   111140.8920   226907    0.60%
Time: 1219.909575939178467 seconds
MIP Gap: 0.005969682877937
Nodes: 5455
Best Objective: 111143.965237587763113
Incumbent Obj:  111811.444100994922337
   5459    22   111243.1791  2554   111811.4441   111143.9652   227216    0.60%
Elapsed time = 1176.06 sec. (202063.90 ticks, tree = 0.21 MB, solutions = 22)
Time: 1227.858967065811157 seconds
MIP Gap: 0.005969682877937
Nodes: 5473
Best Objective: 111143.965237587763113
Incumbent Obj:  111811.444100994922337
   5617    77   111311.5666  2365   111811.4441   111143.9652   229612    0.60%
Time: 1236.742467880249023 seconds
MIP Gap: 0.005969682877937
Nodes: 5552
Best Objective: 111143.965237587763113
Incumbent Obj:  111811.444100994922337
Time: 1244.125609874725342 seconds
MIP Gap: 0.005969682877937
Nodes: 5768
Best Objective: 111143.965237587763113
Incumbent Obj:  111811.444100994922337
   5875   313   111428.9907  2333   111811.4441   111145.1900   236844    0.60%
Time: 1252.958615064620972 seconds
MIP Gap: 0.005958729083734
Nodes: 5859
Best Objective: 111145.189997135996236
Incumbent Obj:  111811.444100994922337
   6123   370   111319.6718  2374   111811.4441   111145.1931   238617    0.60%
Time: 1266.073698043823242 seconds
MIP Gap: 0.005958700895522
Nodes: 6093
Best Objective: 111145.193148900711094
Incumbent Obj:  111811.444100994922337
   6158   317   111244.3231  2434   111811.4441   111145.1931   237065    0.60%
Time: 1277.246721029281616 seconds
MIP Gap: 0.005958700895522
Nodes: 6162
Best Objective: 111145.193148900711094
Incumbent Obj:  111811.444100994922337
   6333   746   111376.9827  2084   111811.4441   111145.1931   248052    0.60%
Time: 1283.901193857192993 seconds
MIP Gap: 0.005958700895522
Nodes: 6299
Best Objective: 111145.193148900711094
Incumbent Obj:  111811.444100994922337
Time: 1292.449230909347534 seconds
MIP Gap: 0.005958700895522
Nodes: 6547
Best Objective: 111145.193148900711094
Incumbent Obj:  111811.444100994922337
   6770  1135   111425.7450  2104   111811.4441   111145.1931   256919    0.60%
Time: 1302.472342014312744 seconds
MIP Gap: 0.005958700895522
Nodes: 6923
Best Objective: 111145.193148900711094
Incumbent Obj:  111811.444100994922337
   7279  1317   111499.2238  1670   111811.4441   111145.1931   261261    0.60%
Time: 1312.777996063232422 seconds
MIP Gap: 0.005958700895522
Nodes: 7348
Best Objective: 111145.193148900711094
Incumbent Obj:  111811.444100994922337
   7762  2031   111360.3876  2251   111811.4441   111145.1931   277230    0.60%
Time: 1324.407929897308350 seconds
MIP Gap: 0.005958700895522
Nodes: 7782
Best Objective: 111145.193148900711094
Incumbent Obj:  111811.444100994922337
   8262  2515   111311.1575  1997   111811.4441   111145.1931   287947    0.60%
Time: 1337.078216075897217 seconds
MIP Gap: 0.005958700895522
Nodes: 8265
Best Objective: 111145.193148900711094
Incumbent Obj:  111811.444100994922337
   8796  2695   111621.6417  1822   111811.4441   111145.1931   290996    0.60%
Elapsed time = 1297.34 sec. (211676.29 ticks, tree = 420.34 MB, solutions = 22)
Time: 1351.076173067092896 seconds
MIP Gap: 0.005958700895522
Nodes: 8818
Best Objective: 111145.193148900711094
Incumbent Obj:  111811.444100994922337
   9354  3390   111621.3353  1288   111811.4441   111145.1931   304053    0.60%
Time: 1364.974488019943237 seconds
MIP Gap: 0.005958700895522
Nodes: 9446
Best Objective: 111145.193148900711094
Incumbent Obj:  111811.444100994922337
   9895  4075   111696.7827  1635   111811.4441   111145.1931   315827    0.60%
  10457  4278   111737.9070  1766   111811.4441   111145.1931   319728    0.60%
  10941  4956   111636.8776  1419   111811.4441   111145.1931   332469    0.60%
  11368  5381   111486.3861  1570   111811.4441   111145.1931   341078    0.60%
Time: 1399.345025062561035 seconds
MIP Gap: 0.005958700895522
Nodes: 11081
Best Objective: 111145.193148900711094
Incumbent Obj:  111811.444100994922337
  11627  5687   111329.5955  2166   111811.4441   111145.1931   346548    0.60%
Time: 1407.893065929412842 seconds
MIP Gap: 0.005958700895522
Nodes: 11438
Best Objective: 111145.193148900711094
Incumbent Obj:  111811.444100994922337
  11815  5841   111624.1120  1359   111811.4441   111145.1931   349625    0.60%
Time: 1413.028285026550293 seconds
MIP Gap: 0.005958700895522
Nodes: 11659
Best Objective: 111145.193148900711094
Incumbent Obj:  111811.444100994922337
  12041  6148   111165.6797  2111   111811.4441   111145.1931   356230    0.60%
Time: 1418.803192853927612 seconds
MIP Gap: 0.005958700895522
Nodes: 11857
Best Objective: 111145.193148900711094
Incumbent Obj:  111811.444100994922337
  12323  6407   111685.5877  1525   111811.4441   111145.1931   361224    0.60%
Time: 1427.690872907638550 seconds
MIP Gap: 0.005958700895522
Nodes: 12221
Best Objective: 111145.193148900711094
Incumbent Obj:  111811.444100994922337
  12692  6529   111555.8657  1509   111811.4441   111145.1931   363579    0.60%
Elapsed time = 1382.74 sec. (221223.14 ticks, tree = 1246.18 MB, solutions = 22)
Time: 1439.952451944351196 seconds
MIP Gap: 0.005958700895522
Nodes: 12736
Best Objective: 111145.193148900711094
Incumbent Obj:  111811.444100994922337
  13127  7044   111477.3294  1637   111811.4441   111145.1931   373774    0.60%
  13617  7412   111243.3615  2209   111811.4441   111145.1931   382452    0.60%
Time: 1454.681990861892700 seconds
MIP Gap: 0.005958700895522
Nodes: 13367
Best Objective: 111145.193148900711094
Incumbent Obj:  111811.444100994922337
  14044  7573   111770.9511  1026   111811.4441   111145.1931   385703    0.60%
Time: 1468.375598907470703 seconds
MIP Gap: 0.005958700895522
Nodes: 13920
Best Objective: 111145.193148900711094
Incumbent Obj:  111811.444100994922337
  14452  8260   111284.3189  2112   111811.4441   111145.1931   402428    0.60%
Time: 1480.875074863433838 seconds
MIP Gap: 0.005958700895522
Nodes: 14463
Best Objective: 111145.193148900711094
Incumbent Obj:  111811.444100994922337
  14885  8286   111319.5515  2137   111811.4441   111145.1931   403143    0.60%
Time: 1494.389260053634644 seconds
MIP Gap: 0.005958700895522
Nodes: 14947
Best Objective: 111145.193148900711094
Incumbent Obj:  111811.444100994922337
  15238  8744   111516.3489  1952   111811.4441   111145.1931   412790    0.60%
  15673  9174   111613.2439  1873   111811.4441   111145.1931   423883    0.60%
Time: 1508.092736005783081 seconds
MIP Gap: 0.005958700895522
Nodes: 15458
Best Objective: 111145.193148900711094
Incumbent Obj:  111811.444100994922337
  16146  9508   111455.4376  1458   111811.4441   111145.1931   431460    0.60%
Time: 1522.368272066116333 seconds
MIP Gap: 0.005958700895522
Nodes: 16130
Best Objective: 111145.193148900711094
Incumbent Obj:  111811.444100994922337
  16674  9995   111673.0368  1075   111811.4441   111145.1931   442639    0.60%
Time: 1541.602638006210327 seconds
MIP Gap: 0.005958700895522
Nodes: 16823
Best Objective: 111145.193148900711094
Incumbent Obj:  111811.444100994922337
  17181 10864   111665.8038  1627   111811.4441   111145.1931   459929    0.60%
Elapsed time = 1493.74 sec. (230775.50 ticks, tree = 2173.83 MB, solutions = 22)
Nodefile size = 119.79 MB (81.74 MB after compression)
  17635 11201   111752.0179  1261   111811.4441   111145.1931   466158    0.60%
Time: 1561.621855974197388 seconds
MIP Gap: 0.005958700895522
Nodes: 17540
Best Objective: 111145.193148900711094
Incumbent Obj:  111811.444100994922337
  18106 11531   111763.0235  1468   111811.4441   111145.1931   473276    0.60%
Time: 1578.739011049270630 seconds
MIP Gap: 0.005958700895522
Nodes: 18196
Best Objective: 111145.193148900711094
Incumbent Obj:  111811.444100994922337
  18574 12064   111634.1771  1708   111811.4441   111145.1931   484507    0.60%
  19057 12606   111806.9059   924   111811.4441   111146.7993   495231    0.59%
Time: 1596.460875034332275 seconds
MIP Gap: 0.005944336224562
Nodes: 18869
Best Objective: 111146.799283504777122
Incumbent Obj:  111811.444100994922337
  19614 12563   111219.2019  1858   111811.4441   111146.7993   494388    0.59%
Time: 1613.207427024841309 seconds
MIP Gap: 0.005944336224562
Nodes: 19688
Best Objective: 111146.799283504777122
Incumbent Obj:  111811.444100994922337
  20126 12970   111194.3108  2024   111811.4441   111146.7993   502071    0.59%
  20689 13711   111225.3543  1943   111811.4441   111146.7993   515254    0.59%
Time: 1631.122129917144775 seconds
MIP Gap: 0.005944336224562
Nodes: 20432
Best Objective: 111146.799283504777122
Incumbent Obj:  111811.444100994922337
  21200 14280   111363.4483  1821   111811.4441   111146.7993   525251    0.59%
Time: 1649.220380067825317 seconds
MIP Gap: 0.005944336224562
Nodes: 21179
Best Objective: 111146.799283504777122
Incumbent Obj:  111811.444100994922337
  21633 14955   111380.0070  1713   111811.4441   111146.7993   537260    0.59%
  22007 15216   111273.1373  1591   111811.4441   111146.7993   541293    0.59%
Elapsed time = 1614.39 sec. (240327.56 ticks, tree = 3102.90 MB, solutions = 22)
Nodefile size = 1047.59 MB (748.24 MB after compression)
Time: 1667.025743961334229 seconds
MIP Gap: 0.005944336224562
Nodes: 21869
Best Objective: 111146.799283504777122
Incumbent Obj:  111811.444100994922337
  22415 15354   111201.6340  2143   111811.4441   111147.5420   543590    0.59%
Time: 1683.693567991256714 seconds
MIP Gap: 0.005937693237140
Nodes: 22408
Best Objective: 111147.542045521578984
Incumbent Obj:  111811.444100994922337
  22799 15719   111324.8441  1926   111811.4441   111147.6435   549416    0.59%
  23167 16186   111657.1610  1128   111811.4441   111147.6435   557593    0.59%
Time: 1703.329045057296753 seconds
MIP Gap: 0.005936786237334
Nodes: 23037
Best Objective: 111147.643458479724359
Incumbent Obj:  111811.444100994922337
  23549 16588   111426.5714  2111   111811.4441   111147.7990   564695    0.59%
  23898 16840   111237.4463  2532   111811.4441   111147.7990   568672    0.59%
Time: 1721.233490943908691 seconds
MIP Gap: 0.005935394740148
Nodes: 23591
Best Objective: 111147.799043789476855
Incumbent Obj:  111811.444100994922337
  24220 17538   111269.6002  2307   111811.4441   111147.7990   581016    0.59%
  24609 17782   111186.5481  2012   111811.4441   111147.7990   584961    0.59%
Time: 1747.206140995025635 seconds
MIP Gap: 0.005935394740148
Nodes: 24412
Best Objective: 111147.799043789476855
Incumbent Obj:  111811.444100994922337
  24996 18126   111317.6963  1446   111811.4441   111147.7990   590305    0.59%
  25382 18688   111206.9367  2333   111811.4441   111147.7990   599164    0.59%
Time: 1769.248298883438110 seconds
MIP Gap: 0.005935394740148
Nodes: 25126
Best Objective: 111147.799043789476855
Incumbent Obj:  111811.444100994922337
Time: 1791.108564853668213 seconds
MIP Gap: 0.005933473322557
Nodes: 25739
Best Objective: 111148.013880265134503
Incumbent Obj:  111811.444100994922337
Time: 1811.878496885299683 seconds
MIP Gap: 0.005933473322557
Nodes: 26478
Best Objective: 111148.013880265134503
Incumbent Obj:  111811.444100994922337
  26945 19686   111253.0507  2357   111811.4441   111148.0139   614690    0.59%
Elapsed time = 1765.65 sec. (252748.38 ticks, tree = 4032.57 MB, solutions = 22)
Nodefile size = 1975.76 MB (1404.24 MB after compression)
Time: 1835.073447942733765 seconds
MIP Gap: 0.005933473322557
Nodes: 27341
Best Objective: 111148.013880265134503
Incumbent Obj:  111811.444100994922337
Time: 1860.009265899658203 seconds
MIP Gap: 0.005933473322557
Nodes: 28237
Best Objective: 111148.013880265134503
Incumbent Obj:  111811.444100994922337
  28830 21583   111412.6001  1245   111811.4441   111148.0139   642431    0.59%
Time: 1885.129500865936279 seconds
MIP Gap: 0.005933473322557
Nodes: 29189
Best Objective: 111148.013880265134503
Incumbent Obj:  111811.444100994922337
* 29734+21854                       111735.7374   111148.0139             0.53%
* 29847+21854                       111666.9236   111148.0139             0.46%
* 29956+21854                       111648.0190   111148.0139             0.45%
* 30075+21854                       111632.8402   111152.1843             0.43%
* 30156+21854                       111615.7205   111152.1843             0.42%
Time: 1910.763042926788330 seconds
MIP Gap: 0.004190329441942
Nodes: 29765
Best Objective: 111148.013880265134503
Incumbent Obj:  111615.720520144255715
  30360 23177   111363.0393  1022   111615.7205   111152.1843   665977    0.42%
* 30375+22462                       111614.1661   111152.1843             0.41%
Time: 1933.167917966842651 seconds
MIP Gap: 0.004190329441942
Nodes: 29983
Best Objective: 111148.013880265134503
Incumbent Obj:  111615.720520144255715
  30796 18237   111320.8819  2338   111614.1661   111152.1843   676772    0.41%
Time: 1957.460232019424438 seconds
MIP Gap: 0.004190329441942
Nodes: 30276
Best Objective: 111148.013880265134503
Incumbent Obj:  111615.720520144255715
Time: 1971.594704866409302 seconds
MIP Gap: 0.004190329441942
Nodes: 30510
Best Objective: 111148.013880265134503
Incumbent Obj:  111615.720520144255715
  31352 18792   111445.6295  1684   111614.1661   111152.1843   687538    0.41%
Time: 2013.988468885421753 seconds
MIP Gap: 0.004188398779189
Nodes: 31095
Best Objective: 111148.013880265134503
Incumbent Obj:  111615.504121466059587
  31981 19190   111594.8535  1899   111614.1661   111152.1843   695829    0.41%
Time: 2045.938441038131714 seconds
MIP Gap: 0.004188398779189
Nodes: 31892
Best Objective: 111148.013880265134503
Incumbent Obj:  111615.504121466059587
  32670 19934   111542.1262  2300   111614.1661   111152.1843   712791    0.41%
* 32782+19897                       111582.8074   111152.1843             0.39%
* 32841+19893                       111565.5985   111152.1843             0.37%
Time: 2075.089740037918091 seconds
MIP Gap: 0.003742951236123
Nodes: 32401
Best Objective: 111148.013880265134503
Incumbent Obj:  111565.598474985861685
Time: 2093.753432989120483 seconds
MIP Gap: 0.003742951236123
Nodes: 32761
Best Objective: 111148.013880265134503
Incumbent Obj:  111565.598474985861685
  33389 19181   111397.3942  1685   111565.5985   111152.1843   727753    0.37%
Time: 2111.584994077682495 seconds
MIP Gap: 0.003742951236123
Nodes: 33217
Best Objective: 111148.013880265134503
Incumbent Obj:  111565.598474985861685
  34292 19686   111263.5605  2069   111565.5985   111152.1843   737889    0.37%
Time: 2133.301357030868530 seconds
MIP Gap: 0.003742951236123
Nodes: 33637
Best Objective: 111148.013880265134503
Incumbent Obj:  111565.598474985861685
Time: 2152.373215913772583 seconds
MIP Gap: 0.003742951236123
Nodes: 34131
Best Objective: 111148.013880265134503
Incumbent Obj:  111565.598474985861685
  35103 20568   111338.0282  1640   111565.5985   111152.1843   753309    0.37%
Time: 2195.602096080780029 seconds
MIP Gap: 0.003742951236123
Nodes: 35397
Best Objective: 111148.013880265134503
Incumbent Obj:  111565.598474985861685
  36036 21237   111253.5677  2054   111565.5985   111152.1843   763366    0.37%
Elapsed time = 2152.38 sec. (290943.54 ticks, tree = 4278.06 MB, solutions = 50)
Nodefile size = 2217.49 MB (1576.84 MB after compression)
Time: 2218.028439998626709 seconds
MIP Gap: 0.003742951236123
Nodes: 36050
Best Objective: 111148.013880265134503
Incumbent Obj:  111565.598474985861685
  37148 22571   111423.6350  1039   111565.5985   111152.1843   783260    0.37%
Time: 2238.989398956298828 seconds
MIP Gap: 0.003742951236123
Nodes: 36666
Best Objective: 111148.013880265134503
Incumbent Obj:  111565.598474985861685
* 37606+22363                       111551.6482   111152.1843             0.36%
* 37674+22363                       111548.1701   111152.1843             0.35%
* 37802+22363                       111546.0155   111152.1843             0.35%
* 37922+22363                       111509.9198   111152.1843             0.32%
Time: 2267.164222955703735 seconds
MIP Gap: 0.003245504510386
Nodes: 37510
Best Objective: 111148.013880265134503
Incumbent Obj:  111509.919828019803390
  38310 23726   111365.7727  1506   111509.9198   111152.1843   801677    0.32%
* 38526+21486                       111509.2226   111152.1843             0.32%
Time: 2285.972843885421753 seconds
MIP Gap: 0.003245504510386
Nodes: 37943
Best Objective: 111148.013880265134503
Incumbent Obj:  111509.919828019803390
  38945 21923   111408.6062  1074   111509.2226   111152.1843   812277    0.32%
* 39241+21884                       111499.9137   111152.1843             0.31%
  39780 22317   111448.6736  1634   111499.9137   111152.1843   818817    0.31%
Time: 2341.274937868118286 seconds
MIP Gap: 0.003156054332247
Nodes: 38971
Best Objective: 111148.013880265134503
Incumbent Obj:  111499.913665835396387
Time: 2363.600374937057495 seconds
MIP Gap: 0.003156054332247
Nodes: 39726
Best Objective: 111148.013880265134503
Incumbent Obj:  111499.913665835396387
  40894 23293   111332.8452  1837   111499.9137   111152.1843   839923    0.31%
Time: 2390.792170047760010 seconds
MIP Gap: 0.003156054332247
Nodes: 40724
Best Objective: 111148.013880265134503
Incumbent Obj:  111499.913665835396387
* 41932+23523                       111444.6479   111152.1843             0.26%
Time: 2423.017965078353882 seconds
MIP Gap: 0.002619575392843
Nodes: 41678
Best Objective: 111152.710255314013921
Incumbent Obj:  111444.647912650078069
  42425 24416   111457.3482   787   111444.6479   111152.7103   857689    0.26%
Time: 2446.109588861465454 seconds
MIP Gap: 0.002619575392843
Nodes: 42160
Best Objective: 111152.710255314013921
Incumbent Obj:  111444.647912650078069
  43320 22200   111169.8032  2231   111444.6479   111157.1915   870722    0.26%
  44547 23287   111329.7618  1246   111444.6479   111157.1915   889867    0.26%
Time: 2501.691983938217163 seconds
MIP Gap: 0.002579364861867
Nodes: 44007
Best Objective: 111157.191503780995845
Incumbent Obj:  111444.647912650078069
Time: 2531.164754867553711 seconds
MIP Gap: 0.002558917547560
Nodes: 45198
Best Objective: 111159.470247524761362
Incumbent Obj:  111444.647912650078069
  46266 24554   111327.4668  1965   111444.6479   111159.5287   913820    0.26%
Time: 2562.198234081268311 seconds
MIP Gap: 0.002556491608990
Nodes: 46354
Best Objective: 111159.740605394559680
Incumbent Obj:  111444.647912650078069
  48033 26862   111399.0836  1701   111444.6479   111162.6126   957836    0.25%
Elapsed time = 2541.82 sec. (329141.43 ticks, tree = 5505.07 MB, solutions = 60)
Nodefile size = 3444.44 MB (2490.54 MB after compression)
Time: 2594.707607030868530 seconds
MIP Gap: 0.002526891529761
Nodes: 47512
Best Objective: 111163.039375802371069
Incumbent Obj:  111444.647912650078069
Time: 2623.171360969543457 seconds
MIP Gap: 0.002526426216854
Nodes: 48589
Best Objective: 111163.091232435530401
Incumbent Obj:  111444.647912650078069
* 49603+26875                       111427.2611   111163.0912             0.24%
  49770 28216   111392.2268  1285   111427.2611   111163.0912   982814    0.24%
Time: 2648.946189880371094 seconds
MIP Gap: 0.002370782677032
Nodes: 49196
Best Objective: 111163.091232435530401
Incumbent Obj:  111427.261052688350901
  50591 27556   111334.0070  2057   111427.2611   111163.0912  1001489    0.24%
Time: 2671.582380056381226 seconds
MIP Gap: 0.002370782677032
Nodes: 50045
Best Objective: 111163.091232435530401
Incumbent Obj:  111427.261052688350901
  51987 29125   111251.8961  2209   111427.2611   111163.0912  1033581    0.24%
Time: 2705.282285928726196 seconds
MIP Gap: 0.002370782677032
Nodes: 51273
Best Objective: 111163.091232435530401
Incumbent Obj:  111427.261052688350901
Starting limited solution polishing.
Time: 2736.852815866470337 seconds
MIP Gap: 0.002350286781977
Nodes: 52670
Best Objective: 111165.375033884367440
Incumbent Obj:  111427.261052688350901
  53908 29882   111417.5516  1617   111427.2611   111165.3750  1046572    0.24%
Time: 2759.740306854248047 seconds
MIP Gap: 0.002348018180577
Nodes: 53538
Best Objective: 111165.627817924774718
Incumbent Obj:  111427.261052688350901
  55173 31750   111339.1773  1924   111427.2611   111166.2508  1083824    0.23%
Time: 2787.298116922378540 seconds
MIP Gap: 0.002342427386385
Nodes: 54787
Best Objective: 111166.250784808711614
Incumbent Obj:  111427.261052688350901
* 56788+31799                       111423.1473   111166.6656             0.23%
  56914 33515   111218.8939  2212   111423.1473   111167.0156  1117000    0.23%
* 57046+31799                       111412.8110   111167.0156             0.22%
Time: 2828.319223880767822 seconds
MIP Gap: 0.002209309179971
Nodes: 56434
Best Objective: 111166.665607921007904
Incumbent Obj:  111412.810953927895753
* 57262+33057                       111405.7368   111167.0156             0.21%
  57297 31687   111402.6469  1589   111405.7368   111167.0156  1133102    0.21%
  58007 32189   111292.8330  1739   111405.7368   111167.0156  1145361    0.21%
  58871 32853   111341.2978  1760   111405.7368   111167.4403  1158317    0.21%
* 59199+32230                       111391.2867   111167.4403             0.20%
* 59318+33200                       111391.2867   111167.4403             0.20%
  59379 33310   111252.0452  2057   111391.2867   111167.4403  1167473    0.20%
Elapsed time = 2923.38 sec. (367332.78 ticks, tree = 7111.48 MB, solutions = 68)
Nodefile size = 5044.84 MB (3668.86 MB after compression)
* 59960+31568                       111385.0394   111167.4403             0.20%
  60098 31674   111315.8309  1854   111385.0394   111167.4403  1182961    0.20%
  60674 30697   111377.1737  1091   111385.0394   111167.4403  1186530    0.20%
  60678 32238   111373.7883  1832   111385.0394   111167.4403  1125965    0.20%
Time: 3041.072691917419434 seconds
MIP Gap: 0.001944321615202
Nodes: 60692
Best Objective: 111168.471082678574021
Incumbent Obj:  111385.039422437752364
  60690 32305   111366.4152  1863   111385.0394   111167.4403  1127019    0.20%

Clique cuts applied:  2137
Cover cuts applied:  4976
Flow cuts applied:  423
Mixed integer rounding cuts applied:  1209
Zero-half cuts applied:  1969
Lift and project cuts applied:  5
Gomory fractional cuts applied:  21

Root node processing (before b&c):
  Real time             =  487.44 sec. (80809.47 ticks)
Parallel b&c, 32 threads:
  Real time             = 2547.55 sec. (311113.59 ticks)
  Sync time (average)   = 1279.47 sec.
  Wait time (average)   =    7.12 sec.
                          ------------
Total (root+branch&cut) = 3034.98 sec. (391923.06 ticks)
Post-Optimization Solution: 
p locations: 3026 3021 3016 3013 3001 2983 2979 2963 2960 2959 2954 2944 2937 2936 2931 2928 2926 2920 2901 2899 2893 2882 2880 2872 2870 2868 2866 2863 2859 2851 2842 2839 2827 2821 2810 2805 2801 2795 2787 2778 2776 2774 2769 2763 2758 2756 2755 2749 2746 2742 2740 2733 2730 2723 2717 2695 1290 581 1277 568 1271 1251 2712 1219 510 1928 2703 1210 1919 1207 498 2697 1204 2622 1194 1176 1174 465 2592 1157 1866 1154 1144 1853 1137 1133 1118 409 1115 406 396 1102 1095 2513 1089 1077 2495 1072 1053 1762 1034 325 1026 1015 1724 1008 1004 998 1707 982 273 1691 2400 976 966 964 929 220 926 923 1632 1248 1957 911 901 1607 890 1225 1934 886 1595 2304 878 1587 491 863 154 1572 858 149 474 1892 2601 1555 1092 2585 830 1163 454 1872 826 2232 2559 797 2999 1506 2215 1109 400 772 2521 766 1100 763 1472 2181 753 2955 1462 744 738 1447 1445 1069 2487 732 2150 729 1513 20 709 704 2122 699 1402 2111 1399 687 683 1392 679 648 1357 646 1355 979 270 1688 642 975 2393 638 624 2042 956 2374 619 2427 298 2425 131 1139 430 291 1135 124 2251 288 598 1279 1988 1243 1952 906 232 941 903 194 1200 2693 1770 2479 387 1805 2514 3036 50 286 995 207 916 1618 1284 361 2317 844 135 95 1588 804 2297 413 158 144 3032 46 1252 543 2670 2368 794 791 1500 2209 719 1428 45 546 2673 2174 920 1629 246 583 34 1082 71 2982 1489 187 2235 954 170 1663 205 1698 3029 43 1254 2370 668 331 1040 835 2253 677 2879 1386 340 1049 26 1268 931 2349 1189 1898 2607 178 345 2752 1259 1968 1666 304 2988 2 2913 1420 39 2166 1214 505 622 285 210 1703 2412 801 127 1545 2510 1017 2992 6 1424 640 2133 343 860 523 448 1941 60 808 1517 134 1964 471 1105 2598 1236 1945 225 2352 658 321 2448 1086 749 2951 1458 75 576 501 1994 103 604 786 77 112 2276 783 2201 446 1864 613 2031 596 2014 132 337 1830 2539 1786 293 2420 56 2967 1474 690 2183 1064 355 280 1773 53 390 1146 315 992 1701 318 243 1736 952 2445 660 323 248 1741 665 328 1746 333 969 2462 349 14 1432 1844 351 3004 18 2145 696 3008 22 2149 359 2486 2493 370 1788 375 300 1793 378 1055 1764 381 1485 404 1822 2064 571 910 236 1654 2363 2066 573 1576 83 420 423 90 427 1061 2554 434 264 898 2391 601 2803 1310 1112 438 1856 2807 1314 443 2108 615 2817 1324 540 2033 1125 2543 1869 456 462 2589 1150 366 1859 476 816 3018 1525 147 1565 484 494 1179 508 1217 176 854 517 525 1234 866 82 1575 529 880 2722 1229 1938 108 1601 555 560 579 1758 265 190 1683 2095 602 2020 608 1291 2000 1296 2792 1299 2008 2799 1306 1318 1321 1326 1329 2825 1332 1335 1337 2046 2833 1340 2837 1344 1350 566 2059 1353 1359 2068 2855 1362 2861 1368 2077 1372 2081 1376 1378 2087 2875 1382 1391 2888 1395 611 2104 2902 1409 1412 2907 1414 1422 1437 1442 1449 2948 1455 1469 2178 1477 693 2186 1483 1491 1497 2995 1502 1509 725 2218 1522 48 1541 1548 1551 2260 67 1560 2269 1580 2289 1598 814 2307 110 1603 120 1613 1621 2330 1634 2343 1645 1649 1652 2361 164 1657 167 1660 1670 1677 200 1693 217 1710 1712 1719 228 1721 1727 241 1734 2443 251 1744 257 1750 1752 1765 1768 2477 1775 2484 1783 1790 1792 1800 1802 1815 1819 335 1828 1829 1832 1837 1840 1849 2558 1875 2584 1878 1881 1896 1900 2609 1908 1911 1915 2624 1922 1937 2646 451 1944 1948 1954 2663 479 1972 1976 2685 1981 2690 1983 1990 513 2006 2011 535 2028 2034 2050 559 2052 2055 570 2063 2073 2082 2084 2090 605 2098 2116 2119 2128 2148 2152 662 2155 2157 2160 670 2163 675 2168 2193 714 2207 2221 2223 736 2229 2238 2241 756 2249 2266 777 2270 780 2273 2280 2283 2293 818 2311 2315 2325 2326 838 2331 2336 846 2339 2345 2357 872 2365 2377 888 2381 892 2385 2388 2395 2401 2408 2423 946 2439 2451 2456 2465 987 2480 2496 2498 2503 1013 2506 2525 2529 2534 2563 2569 2571 2576 1103 2596 2599 1121 2614 1141 2634 2638 2642 2648 2651 2655 1167 2660 1183 2676 2680 2684 2688 
p size: 800
objective: 111385.039422436384484
sum (dij * xij) 
demand/capacity: 152693.000000000000000/190400
Solution is Feasible
Comparing Best Bounds: 
Old Best Bound: 111168.471082678574021
New Best Bound: 111168.471082678574021
Time elapsed: 3123.869966476000172s
Time remaining: 2964.000000000000000s



Finishing post-optimization
p locations: 3026 3021 3016 3013 3001 2983 2979 2963 2960 2959 2954 2944 2937 2936 2931 2928 2926 2920 2901 2899 2893 2882 2880 2872 2870 2868 2866 2863 2859 2851 2842 2839 2827 2821 2810 2805 2801 2795 2787 2778 2776 2774 2769 2763 2758 2756 2755 2749 2746 2742 2740 2733 2730 2723 2717 2695 1290 581 1277 568 1271 1251 2712 1219 510 1928 2703 1210 1919 1207 498 2697 1204 2622 1194 1176 1174 465 2592 1157 1866 1154 1144 1853 1137 1133 1118 409 1115 406 396 1102 1095 2513 1089 1077 2495 1072 1053 1762 1034 325 1026 1015 1724 1008 1004 998 1707 982 273 1691 2400 976 966 964 929 220 926 923 1632 1248 1957 911 901 1607 890 1225 1934 886 1595 2304 878 1587 491 863 154 1572 858 149 474 1892 2601 1555 1092 2585 830 1163 454 1872 826 2232 2559 797 2999 1506 2215 1109 400 772 2521 766 1100 763 1472 2181 753 2955 1462 744 738 1447 1445 1069 2487 732 2150 729 1513 20 709 704 2122 699 1402 2111 1399 687 683 1392 679 648 1357 646 1355 979 270 1688 642 975 2393 638 624 2042 956 2374 619 2427 298 2425 131 1139 430 291 1135 124 2251 288 598 1279 1988 1243 1952 906 232 941 903 194 1200 2693 1770 2479 387 1805 2514 3036 50 286 995 207 916 1618 1284 361 2317 844 135 95 1588 804 2297 413 158 144 3032 46 1252 543 2670 2368 794 791 1500 2209 719 1428 45 546 2673 2174 920 1629 246 583 34 1082 71 2982 1489 187 2235 954 170 1663 205 1698 3029 43 1254 2370 668 331 1040 835 2253 677 2879 1386 340 1049 26 1268 931 2349 1189 1898 2607 178 345 2752 1259 1968 1666 304 2988 2 2913 1420 39 2166 1214 505 622 285 210 1703 2412 801 127 1545 2510 1017 2992 6 1424 640 2133 343 860 523 448 1941 60 808 1517 134 1964 471 1105 2598 1236 1945 225 2352 658 321 2448 1086 749 2951 1458 75 576 501 1994 103 604 786 77 112 2276 783 2201 446 1864 613 2031 596 2014 132 337 1830 2539 1786 293 2420 56 2967 1474 690 2183 1064 355 280 1773 53 390 1146 315 992 1701 318 243 1736 952 2445 660 323 248 1741 665 328 1746 333 969 2462 349 14 1432 1844 351 3004 18 2145 696 3008 22 2149 359 2486 2493 370 1788 375 300 1793 378 1055 1764 381 1485 404 1822 2064 571 910 236 1654 2363 2066 573 1576 83 420 423 90 427 1061 2554 434 264 898 2391 601 2803 1310 1112 438 1856 2807 1314 443 2108 615 2817 1324 540 2033 1125 2543 1869 456 462 2589 1150 366 1859 476 816 3018 1525 147 1565 484 494 1179 508 1217 176 854 517 525 1234 866 82 1575 529 880 2722 1229 1938 108 1601 555 560 579 1758 265 190 1683 2095 602 2020 608 1291 2000 1296 2792 1299 2008 2799 1306 1318 1321 1326 1329 2825 1332 1335 1337 2046 2833 1340 2837 1344 1350 566 2059 1353 1359 2068 2855 1362 2861 1368 2077 1372 2081 1376 1378 2087 2875 1382 1391 2888 1395 611 2104 2902 1409 1412 2907 1414 1422 1437 1442 1449 2948 1455 1469 2178 1477 693 2186 1483 1491 1497 2995 1502 1509 725 2218 1522 48 1541 1548 1551 2260 67 1560 2269 1580 2289 1598 814 2307 110 1603 120 1613 1621 2330 1634 2343 1645 1649 1652 2361 164 1657 167 1660 1670 1677 200 1693 217 1710 1712 1719 228 1721 1727 241 1734 2443 251 1744 257 1750 1752 1765 1768 2477 1775 2484 1783 1790 1792 1800 1802 1815 1819 335 1828 1829 1832 1837 1840 1849 2558 1875 2584 1878 1881 1896 1900 2609 1908 1911 1915 2624 1922 1937 2646 451 1944 1948 1954 2663 479 1972 1976 2685 1981 2690 1983 1990 513 2006 2011 535 2028 2034 2050 559 2052 2055 570 2063 2073 2082 2084 2090 605 2098 2116 2119 2128 2148 2152 662 2155 2157 2160 670 2163 675 2168 2193 714 2207 2221 2223 736 2229 2238 2241 756 2249 2266 777 2270 780 2273 2280 2283 2293 818 2311 2315 2325 2326 838 2331 2336 846 2339 2345 2357 872 2365 2377 888 2381 892 2385 2388 2395 2401 2408 2423 946 2439 2451 2456 2465 987 2480 2496 2498 2503 1013 2506 2525 2529 2534 2563 2569 2571 2576 1103 2596 2599 1121 2614 1141 2634 2638 2642 2648 2651 2655 1167 2660 1183 2676 2680 2684 2688 
p size: 800
objective: 111385.039422436384484
sum (dij * xij) 
demand/capacity: 152693.000000000000000/190400
Solution is Feasible
Solution Stats
Statistics:
Max distance: 182.200439077407282
Min distance: 0.000000000000000
Avg distance: 36.663936610413558
Std deviation distance: 28.134803025777057


[INFO] Saving assignment: ./outputs/solutions/2024-08-27_LIT_seed_0_1-2p/Assignments/test_lit_p3038_800_p_800_RSSV_EXACT_CPMP_BIN_POSTOPT.txt
[INFO] Saving results: ./outputs/solutions/2024-08-27_LIT_seed_0_1-2p/test_lit_p3038_800_results_RSSV_EXACT_CPMP_BIN_POSTOPT.csv
[INFO] Saving all results: ./outputs/solutions/test_all_results.csv
Final total elapsed time (post opt): 3760s
PostOptimization destructor
Finish solving problem
Elapsed time: 3760784 ms

RSSV finished.
