Debug: configOverride contents: IsWeighted_ObjFunc add_break_callback add_generate_reports add_threshold_distance_rssv bw_multiplier capacities cover_mode coverages cust_max_id distance_matrix loc_max_id max_ite_subprob_rssv method method_post_opt method_rssv_fp method_rssv_sp output p seed service size_subproblems_rssv subarea threads time time_cplex time_subprob_rssv weights 
Loading instance...
Scanning input data...
Distance matrix dimensions: 3039 x 3039 = 9235521
Elapsed time: 0 ms

Loading weights...
Skipped line: customer weight coord_x coord_y
Loaded 3038 weights
Loaded 3038 coordinates
Total customer demand: 155824.00
Elapsed time: 9 ms

Loading capacities...
Skipped line: location capacity coord_x coord_y
Loaded 3038 capacities
Loaded 3038 coordinates
Elapsed time: 6 ms

Loading distance matrix...
Computing euclidian distances...
bw multiplier: 0.50
Loaded 9232482 distances
dists stdev: 862.93
bandwidth h: 18.49
locations: 3038
customers: 3038
p: 900
Elapsed time: 186 ms

[INFO] Instance loaded
loc_max_id: 3038
loc_cnt: 3038
service: p3038_900
cust_max_id: 3038
cust_cnt: 3038
unweighted obj function
p: 900
total_demand: 155824.00


-------------------------------------------------


-------------------------------------------------
RSSV heuristic 
-------------------------------------------------
method subproblems: TB_PMP
method final problem: EXACT_CPMP_BIN
-------------------------------------------------
RSSV running...
cPMP size (N): 3038
sub-cPMP size (n): 1080
Subproblems cnt (M): 14
p: 900
Seed: 0
Time limit for subproblems: 300.00

thread cnt: 20

Thread 1 created with seed 1
Thread 2 created with seed 2
Thread 3 created with seed 3
Thread 4 created with seed 4
Solving sub-PMP Solving sub-PMP 2/14...1
/14...Thread 
Solving sub-PMP 5 created with seed 5
4/14...
Solving sub-PMP 3/14...
Thread 6 created with seed 6
Solving sub-PMP 5/14...
Thread 7 created with seed 7
Solving sub-PMP 6/14...
Thread 8 created with seed 8
Solving sub-PMP 7/14...
Thread 9 created with seed 9
Solving sub-PMP 8/14...
Thread 10 created with seed 10
Solving sub-PMP 9/14...
uncapacitated TB started
Thread 11 created with seed 11
Thread 12 created with seed 12
uncapacitated TB started
uncapacitated TB started
uncapacitated TB started
Solving sub-PMP 10/14...
Solving sub-PMP 11/Thread 1413 created with seed 13
...
uncapacitated TB started
uncapacitated TB started
Thread 14 created with seed 14
uncapacitated TB started
Solving sub-PMP 14/14...
uncapacitated TB started
uncapacitated TB started
uncapacitated TB started
uncapacitated TB started
Solving sub-PMP 12/14...
uncapacitated TB started
Solving sub-PMP 13/14...
uncapacitated TB started
uncapacitated TB started
[INFO] Uncapacitated TB local search started
[INFO] Uncapacitated TB local search started
[INFO] Uncapacitated TB local search started
[INFO] Uncapacitated TB local search started
[INFO] Uncapacitated TB local search started
[INFO] Uncapacitated TB local search started
[INFO] Uncapacitated TB local search started
[INFO] Uncapacitated TB local search started
[INFO] Uncapacitated TB local search started
[INFO] Uncapacitated TB local search started
[INFO] Uncapacitated TB local search started
[INFO] Uncapacitated TB local search started
[INFO] Uncapacitated TB local search started
[INFO] Uncapacitated TB local search started

[INFO] Time limit reached. Stopping the algorithm.
TB elapsed time: 300.01 seconds
Num ite total uncapacited TB: 16
tb solution is feasible

[INFO] Time limit reached. Stopping the algorithm.
TB elapsed time: 300.00 seconds
Num ite total uncapacited TB: 7
tb solution is feasible

[INFO] Time limit reached. Stopping the algorithm.
TB elapsed time: 300.01 seconds
Num ite total uncapacited TB: 8
tb solution is feasible

[INFO] Time limit reached. Stopping the algorithm.
TB elapsed time: 300.00 seconds
Num ite total uncapacited TB: 10
tb solution is feasible

[INFO] Time limit reached. Stopping the algorithm.
TB elapsed time: 300.00 seconds
Num ite total uncapacited TB: 8
tb solution is feasible

[INFO] Time limit reached. Stopping the algorithm.
TB elapsed time: 300.00 seconds
Num ite total uncapacited TB: 10
tb solution is feasible

[INFO] Time limit reached. Stopping the algorithm.
TB elapsed time: 300.01 seconds
Num ite total uncapacited TB: 13
tb solution is feasible

[INFO] Time limit reached. Stopping the algorithm.
TB elapsed time: 300.01 seconds
Num ite total uncapacited TB: 18
tb solution is feasible

[INFO] Time limit reached. Stopping the algorithm.
TB elapsed time: 300.01 seconds
Num ite total uncapacited TB: 11
tb solution is feasible

[INFO] Time limit reached. Stopping the algorithm.
TB elapsed time: 300.01 seconds
Num ite total uncapacited TB: 9
tb solution is feasible

[INFO] Time limit reached. Stopping the algorithm.
TB elapsed time: 300.01 seconds
Num ite total uncapacited TB: 11
tb solution is feasible

[INFO] Time limit reached. Stopping the algorithm.
TB elapsed time: 300.01 seconds
Num ite total uncapacited TB: 8
tb solution is feasible

[INFO] Time limit reached. Stopping the algorithm.
TB elapsed time: 300.01 seconds
Num ite total uncapacited TB: 8
tb solution is feasible

[INFO] Time limit reached. Stopping the algorithm.
TB elapsed time: 300.01 seconds
Num ite total uncapacited TB: 11
tb solution is feasible
[INFO] All subproblems solved.

Elapsed time: 302828 ms


Stats: 
Max dist: 455.54
Min dist: 0.00
avg of Avg dists: 40.93
avg Std dev dist: 35.79

First 1080 voting weights (sorted): 2326(15.13) 2322(15.12) 2323(14.79) 2321(14.62) 2324(13.08) 3004(11.60) 179(11.05) 648(11.01) 2558(11.00) 177(10.87) 650(10.68) 2152(10.51) 1559(10.40) 340(10.28) 2161(10.27) 185(10.14) 3005(10.10) 2233(10.09) 3003(10.07) 2931(10.07) 1631(10.00) 3020(10.00) 2573(9.82) 675(9.61) 2030(9.40) 2453(9.38) 2235(9.29) 1584(9.21) 2698(9.20) 2033(9.20) 509(9.20) 939(9.14) 2703(9.14) 421(9.13) 2994(9.11) 956(9.11) 90(9.11) 2875(9.09) 2914(9.04) 1446(9.04) 729(9.03) 2866(9.00) 2877(9.00) 2886(9.00) 1069(9.00) 2423(9.00) 2275(9.00) 2228(9.00) 747(9.00) 3017(9.00) 2043(9.00) 1892(9.00) 371(9.00) 445(9.00) 3037(9.00) 1394(9.00) 2571(8.96) 570(8.83) 387(8.68) 554(8.66) 1586(8.65) 2098(8.64) 977(8.41) 2160(8.34) 1372(8.29) 119(8.29) 1785(8.24) 596(8.24) 1261(8.21) 2602(8.20) 1608(8.19) 1513(8.18) 2859(8.18) 658(8.17) 1911(8.17) 1200(8.14) 1369(8.14) 81(8.14) 225(8.12) 2563(8.11) 2020(8.10) 2804(8.10) 2663(8.09) 2594(8.08) 1494(8.08) 2838(8.07) 2944(8.07) 2882(8.07) 594(8.07) 1321(8.02) 2833(8.00) 447(8.00) 399(8.00) 733(8.00) 2888(8.00) 476(8.00) 1376(8.00) 2362(8.00) 1784(8.00) 1782(8.00) 2358(8.00) 46(8.00) 2473(8.00) 1732(8.00) 1710(8.00) 113(8.00) 1944(8.00) 312(8.00) 2991(8.00) 1197(8.00) 1841(8.00) 2728(8.00) 1463(8.00) 2083(8.00) 1906(8.00) 853(8.00) 2320(8.00) 612(8.00) 1414(8.00) 1419(8.00) 2960(8.00) 2910(8.00) 568(8.00) 1206(8.00) 772(8.00) 922(7.99) 901(7.99) 900(7.98) 923(7.93) 1183(7.80) 1792(7.74) 2149(7.73) 2106(7.72) 1800(7.67) 1687(7.64) 976(7.58) 2852(7.54) 248(7.47) 1558(7.46) 2822(7.44) 2143(7.41) 451(7.39) 1817(7.39) 964(7.36) 120(7.34) 2626(7.33) 2122(7.33) 331(7.31) 2891(7.29) 2693(7.28) 2713(7.24) 2000(7.23) 118(7.23) 1607(7.22) 2572(7.19) 2525(7.18) 1919(7.18) 940(7.18) 413(7.17) 2700(7.17) 2652(7.16) 2651(7.16) 1752(7.16) 1220(7.15) 1082(7.15) 2219(7.14) 1596(7.14) 1251(7.14) 519(7.14) 2840(7.14) 2609(7.13) 737(7.12) 1158(7.12) 580(7.11) 2185(7.11) 1356(7.11) 2010(7.11) 535(7.11) 2286(7.09) 1556(7.09) 137(7.09) 108(7.09) 906(7.09) 202(7.08) 188(7.08) 830(7.08) 2492(7.08) 2953(7.04) 887(7.03) 1237(7.03) 2521(7.02) 1216(7.00) 1204(7.00) 1143(7.00) 869(7.00) 601(7.00) 1205(7.00) 345(7.00) 1224(7.00) 3022(7.00) 1639(7.00) 1642(7.00) 323(7.00) 3019(7.00) 2304(7.00) 1655(7.00) 1613(7.00) 2699(7.00) 2311(7.00) 315(7.00) 1669(7.00) 591(7.00) 2291(7.00) 942(7.00) 269(7.00) 182(7.00) 262(7.00) 563(7.00) 2445(7.00) 2443(7.00) 3001(7.00) 2440(7.00) 1017(7.00) 784(7.00) 2587(7.00) 1865(7.00) 1866(7.00) 961(7.00) 2426(7.00) 1890(7.00) 1432(7.00) 573(7.00) 2412(7.00) 2396(7.00) 2398(7.00) 982(7.00) 2402(7.00) 1855(7.00) 2029(7.00) 1134(7.00) 1684(7.00) 1686(7.00) 1123(7.00) 582(7.00) 914(7.00) 1119(7.00) 1700(7.00) 33(7.00) 2332(7.00) 1105(7.00) 1056(7.00) 924(7.00) 19(7.00) 1745(7.00) 3(7.00) 284(7.00) 1079(7.00) 1766(7.00) 1076(7.00) 1423(7.00) 1065(7.00) 57(7.00) 270(7.00) 1097(7.00) 2794(7.00) 2086(7.00) 1254(7.00) 1240(7.00) 1602(7.00) 2216(7.00) 1242(7.00) 1375(7.00) 1393(7.00) 1277(7.00) 1297(7.00) 1588(7.00) 611(7.00) 1270(7.00) 1541(7.00) 1520(7.00) 1465(7.00) 2109(7.00) 408(7.00) 1493(7.00) 851(7.00) 2148(7.00) 490(7.00) 773(7.00) 862(7.00) 660(7.00) 2893(7.00) 1380(7.00) 2889(7.00) 2853(7.00) 756(7.00) 460(7.00) 2874(7.00) 2873(7.00) 691(7.00) 1336(7.00) 2860(7.00) 777(7.00) 1320(7.00) 474(7.00) 132(6.97) 133(6.93) 1487(6.89) 98(6.87) 2151(6.85) 1333(6.72) 553(6.70) 2570(6.68) 704(6.65) 2319(6.64) 3006(6.61) 1501(6.61) 2583(6.61) 2111(6.59) 265(6.55) 699(6.50) 818(6.48) 1187(6.43) 335(6.43) 2923(6.42) 2120(6.41) 2119(6.41) 432(6.41) 932(6.40) 2300(6.39) 1816(6.39) 1324(6.36) 2527(6.36) 308(6.36) 1688(6.36) 974(6.35) 2892(6.34) 1360(6.33) 176(6.33) 2034(6.32) 1228(6.32) 931(6.32) 2297(6.32) 2589(6.32) 2357(6.32) 2697(6.31) 544(6.30) 1580(6.29) 664(6.29) 995(6.29) 1675(6.28) 1427(6.28) 1249(6.25) 2035(6.25) 559(6.25) 562(6.25) 1830(6.23) 227(6.23) 1910(6.22) 1603(6.21) 1178(6.21) 1438(6.21) 526(6.20) 2488(6.20) 2181(6.20) 2655(6.19) 2601(6.19) 2847(6.19) 668(6.19) 181(6.18) 745(6.18) 556(6.18) 2133(6.18) 717(6.17) 478(6.17) 1612(6.17) 1092(6.17) 813(6.17) 1581(6.16) 2841(6.16) 2144(6.16) 1660(6.14) 231(6.14) 2460(6.14) 67(6.14) 517(6.13) 1490(6.13) 1491(6.13) 518(6.13) 1334(6.13) 1212(6.13) 1456(6.13) 2383(6.13) 1662(6.13) 1875(6.13) 1387(6.12) 2085(6.12) 2080(6.12) 794(6.11) 439(6.11) 1074(6.11) 791(6.11) 216(6.11) 1698(6.11) 2031(6.11) 2448(6.11) 271(6.11) 2901(6.11) 3027(6.11) 1507(6.11) 674(6.10) 2686(6.10) 1350(6.10) 826(6.10) 2317(6.10) 783(6.09) 1280(6.09) 1825(6.09) 2231(6.09) 2878(6.09) 2913(6.09) 1087(6.08) 402(6.08) 1425(6.08) 3029(6.08) 1176(6.08) 2737(6.08) 329(6.07) 2366(6.07) 971(6.07) 1259(6.07) 1184(6.06) 375(6.06) 1329(6.05) 834(6.04) 2868(6.04) 355(6.04) 2644(6.04) 1448(6.03) 2581(6.03) 1981(6.03) 1214(6.02) 2941(6.02) 579(6.02) 2242(6.02) 236(6.00) 1924(6.00) 244(6.00) 2050(6.00) 2268(6.00) 965(6.00) 1990(6.00) 2163(6.00) 2386(6.00) 807(6.00) 960(6.00) 2270(6.00) 2305(6.00) 1457(6.00) 2261(6.00) 731(6.00) 3016(6.00) 285(6.00) 2207(6.00) 2349(6.00) 2310(6.00) 2077(6.00) 927(6.00) 2397(6.00) 2090(6.00) 789(6.00) 928(6.00) 2167(6.00) 2041(6.00) 820(6.00) 2392(6.00) 2378(6.00) 2061(6.00) 1923(6.00) 2267(6.00) 716(6.00) 273(6.00) 2302(6.00) 871(6.00) 910(6.00) 1980(6.00) 916(6.00) 2369(6.00) 1991(6.00) 2365(6.00) 3015(6.00) 872(6.00) 779(6.00) 2017(6.00) 294(6.00) 3013(6.00) 752(6.00) 873(6.00) 2139(6.00) 1468(6.00) 2136(6.00) 2258(6.00) 855(6.00) 2166(6.00) 259(6.00) 260(6.00) 2021(6.00) 2002(6.00) 798(6.00) 2350(6.00) 1958(6.00) 1988(6.00) 2009(6.00) 2112(6.00) 2073(6.00) 839(6.00) 2371(6.00) 1616(6.00) 2741(6.00) 347(6.00) 2753(6.00) 2754(6.00) 1606(6.00) 1235(6.00) 1605(6.00) 2765(6.00) 135(6.00) 1599(6.00) 2774(6.00) 2778(6.00) 1577(6.00) 2782(6.00) 378(6.00) 1573(6.00) 383(6.00) 1565(6.00) 1564(6.00) 1601(6.00) 140(6.00) 1657(6.00) 1185(6.00) 1186(6.00) 1190(6.00) 2709(6.00) 2710(6.00) 1650(6.00) 1194(6.00) 337(6.00) 785(6.00) 2716(6.00) 159(6.00) 3034(6.00) 1630(6.00) 164(6.00) 1628(6.00) 1213(6.00) 1623(6.00) 1218(6.00) 1196(6.00) 662(6.00) 661(6.00) 492(6.00) 493(6.00) 655(6.00) 496(6.00) 645(6.00) 638(6.00) 634(6.00) 1272(6.00) 629(6.00) 1399(6.00) 1400(6.00) 2933(6.00) 2938(6.00) 1410(6.00) 585(6.00) 2952(6.00) 2956(6.00) 564(6.00) 1383(6.00) 2810(6.00) 406(6.00) 1530(6.00) 410(6.00) 418(6.00) 437(6.00) 2836(6.00) 2837(6.00) 1305(6.00) 1307(6.00) 663(6.00) 444(6.00) 1313(6.00) 1315(6.00) 2861(6.00) 698(6.00) 2989(6.00) 687(6.00) 676(6.00) 1351(6.00) 477(6.00) 2845(6.00) 191(6.00) 1843(6.00) 1839(6.00) 1835(6.00) 1829(6.00) 2499(6.00) 1819(6.00) 1815(6.00) 1803(6.00) 14(6.00) 1791(6.00) 2543(6.00) 1773(6.00) 1068(6.00) 1070(6.00) 1769(6.00) 1767(6.00) 2557(6.00) 43(6.00) 1764(6.00) 1052(6.00) 238(6.00) 2405(6.00) 2406(6.00) 2409(6.00) 229(6.00) 228(6.00) 2413(6.00) 2416(6.00) 998(6.00) 194(6.00) 1888(6.00) 2428(6.00) 2429(6.00) 1877(6.00) 1007(6.00) 1008(6.00) 2435(6.00) 2439(6.00) 1016(6.00) 2442(6.00) 2421(6.00) 1663(6.00) 80(6.00) 1694(6.00) 3033(6.00) 2608(6.00) 1685(6.00) 1132(6.00) 103(6.00) 104(6.00) 1677(6.00) 2628(6.00) 1110(6.00) 1146(6.00) 1676(6.00) 1149(6.00) 124(6.00) 1672(6.00) 126(6.00) 1670(6.00) 130(6.00) 2671(6.00) 2676(6.00) 154(6.00) 2635(6.00) 79(6.00) 2562(6.00) 1746(6.00) 2565(6.00) 1743(6.00) 1734(6.00) 1719(6.00) 1102(6.00) 1712(6.00) 1711(6.00) 2585(6.00) 1778(6.00) 2827(5.99) 1823(5.99) 2064(5.97) 797(5.95) 2105(5.90) 1724(5.90) 821(5.90) 2062(5.87) 2363(5.84) 233(5.84) 1483(5.81) 2099(5.80) 2530(5.72) 2124(5.72) 822(5.68) 741(5.64) 450(5.64) 1326(5.61) 701(5.60) 1439(5.60) 2808(5.59) 1502(5.58) 107(5.57) 520(5.55) 1824(5.54) 1524(5.52) 327(5.51) 696(5.51) 1332(5.50) 112(5.48) 2983(5.48) 2137(5.48) 2823(5.47) 2924(5.43) 2134(5.43) 1129(5.42) 1137(5.42) 2819(5.41) 2437(5.40) 1845(5.39) 2401(5.39) 934(5.36) 1872(5.36) 1871(5.36) 523(5.36) 143(5.34) 665(5.34) 1066(5.34) 1331(5.33) 1248(5.30) 2526(5.29) 51(5.29) 339(5.27) 1367(5.27) 1900(5.26) 2191(5.26) 2121(5.26) 1528(5.25) 1828(5.25) 2704(5.24) 2862(5.24) 2059(5.24) 1496(5.24) 1984(5.24) 2701(5.24) 2245(5.23) 1198(5.23) 1706(5.22) 1844(5.22) 82(5.22) 1368(5.22) 2966(5.22) 678(5.20) 814(5.20) 2995(5.20) 1853(5.20) 796(5.20) 2308(5.20) 955(5.20) 577(5.20) 1246(5.20) 2187(5.20) 1289(5.20) 2554(5.19) 2218(5.19) 1595(5.19) 1250(5.19) 1635(5.19) 2145(5.19) 1797(5.18) 3000(5.18) 2717(5.17) 846(5.17) 847(5.17) 106(5.17) 529(5.17) 2501(5.17) 2500(5.17) 2459(5.17) 230(5.17) 1659(5.17) 2019(5.17) 742(5.17) 430(5.16) 640(5.16) 66(5.16) 2251(5.16) 480(5.16) 1661(5.16) 978(5.16) 581(5.16) 2186(5.16) 1357(5.16) 718(5.15) 389(5.15) 2909(5.14) 2157(5.14) 2908(5.14) 2158(5.14) 97(5.14) 944(5.14) 1152(5.14) 341(5.14) 1896(5.14) 2762(5.14) 438(5.14) 2600(5.14) 795(5.14) 790(5.13) 1075(5.13) 2656(5.13) 1323(5.13) 217(5.13) 2447(5.13) 1506(5.13) 583(5.12) 1914(5.12) 1645(5.12) 2264(5.12) 2088(5.12) 1300(5.12) 50(5.12) 2776(5.11) 2775(5.11) 1945(5.11) 2360(5.11) 1947(5.11) 2361(5.11) 1112(5.11) 1532(5.11) 60(5.11) 801(5.11) 416(5.11) 2927(5.11) 2885(5.11) 1648(5.11) 1209(5.11) 2715(5.10) 1138(5.10) 1130(5.10) 2508(5.10) 101(5.10) 423(5.10) 669(5.09) 2987(5.09) 889(5.09) 1278(5.09) 1173(5.09) 2976(5.09) 919(5.09) 2969(5.09) 1050(5.09) 298(5.09) 2451(5.09) 2289(5.09) 2293(5.09) 1905(5.09) 2981(5.08) 1568(5.08) 1868(5.08) 1474(5.08) 2681(5.08) 736(5.07) 2376(5.07) 1666(5.07) 2661(5.07) 805(5.07) 560(5.07) 2758(5.07) 534(5.07) 2806(5.07) 1090(5.07) 2483(5.07) 1142(5.07) 2812(5.07) 322(5.07) 781(5.07) 2204(5.07) 712(5.07) 1470(5.06) 1353(5.06) 985(5.06) 18(5.06) 1704(5.06) 2046(5.06) 593(5.05) 879(5.04) 2482(5.04) 968(5.04) 1378(5.04) 1736(5.04) 1664(5.03) 2749(5.03) 992(5.02) 2592(5.02) 863(5.02) 2597(5.02) 2786(5.02) 1284(5.02) 1646(5.00) 609(5.00) 2921(5.00) 2930(5.00) 2744(5.00) 524(5.00) 157(5.00) 156(5.00) 1436(5.00) 1643(5.00) 346(5.00) 610(5.00) 151(5.00) 150(5.00) 1199(5.00) 2919(5.00) 512(5.00) 2740(5.00) 1620(5.00) 626(5.00) 1482(5.00) 620(5.00) 1384(5.00) 161(5.00) 1621(5.00) 2738(5.00) 2734(5.00) 2733(5.00) 516(5.00) 1208(5.00) 2722(5.00) 1614(5.00) 1390(5.00) 613(5.00) 1162(5.00) 1409(5.00) 2659(5.00) 2951(5.00) 123(5.00) 122(5.00) 121(5.00) 2654(5.00) 548(5.00) 2955(5.00) 2746(5.00) 2971(5.00) 2648(5.00) 2979(5.00) 117(5.00) 1673(5.00) 2638(5.00) 1147(5.00) 1431(5.00) 572(5.00) 1434(5.00) 1417(5.00) 608(5.00) 2711(5.00) 607(5.00) 604(5.00) 2939(5.00) 1404(5.00) 2993(5.00) 1175(5.00) 2940(5.00) 138(5.00) 2664(5.00) 1171(5.00) 539(5.00) 2684(5.00) 1407(5.00) 1168(5.00) 2672(5.00) 2670(5.00) 542(5.00) 1408(5.00) 545(5.00) 538(5.00) 2816(5.00) 1319(5.00) 455(5.00) 403(5.00) 693(5.00) 1539(5.00) 1337(5.00) 1540(5.00) 2809(5.00) 396(5.00) 2633(5.00) 688(5.00) 462(5.00) 1547(5.00) 1440(5.00) 1549(5.00) 392(5.00) 1557(5.00) 1271(5.00) 682(5.00) 465(5.00) 459(5.00) 1498(5.00) 2832(5.00) 433(5.00) 1508(5.00) 434(5.00) 436(5.00) 2820(5.00) 2834(5.00) 419(5.00) 1302(5.00) 700(5.00) 1286(5.00) 707(5.00) 1521(5.00) 1285(5.00) 412(5.00) 1306(5.00) 2817(5.00) 2849(5.00) 2857(5.00) 1318(5.00) 1303(5.00) 1484(5.00) 2902(5.00) 2906(5.00) 1593(5.00) 365(5.00) 499(5.00) 1594(5.00) 1489(5.00) 646(5.00) 361(5.00) 1485(5.00) 1379(5.00) 1243(5.00) 2768(5.00) 643(5.00) 2764(5.00) 2760(5.00) 637(5.00) 353(5.00) 1232(5.00) 2755(5.00) 2769(5.00) 680(5.00) 469(5.00) 1345(5.00) 3035(5.00) 1346(5.00) 1265(5.00) 1354(5.00) 1570(5.00) 1572(5.00) 1361(5.00) 494(5.00) 1576(5.00) 485(5.00) 376(5.00) 1257(5.00) 2780(5.00) 487(5.00) 489(5.00) 491(5.00) 2899(5.00) 2900(5.00) 1263(5.00) 952(5.00) 951(5.00) 1971(5.00) 950(5.00) 1976(5.00) 1979(5.00) 941(5.00) 1454(5.00) 1982(5.00) 276(5.00) 277(5.00) 1989(5.00) 930(5.00) 1885(5.00) 2346(5.00) 286(5.00) 


Filtered 1080 locations: 2326 2322 2323 2321 2324 3004 179 648 2558 177 650 2152 1559 340 2161 185 3005 2233 3003 2931 1631 3020 2573 675 2030 2453 2235 1584 2698 2033 509 939 2703 421 2994 956 90 2875 2914 1446 729 2866 2877 2886 1069 2423 2275 2228 747 3017 2043 1892 371 445 3037 1394 2571 570 387 554 1586 2098 977 2160 1372 119 1785 596 1261 2602 1608 1513 2859 658 1911 1200 1369 81 225 2563 2020 2804 2663 2594 1494 2838 2944 2882 594 1321 2833 447 399 733 2888 476 1376 2362 1784 1782 2358 46 2473 1732 1710 113 1944 312 2991 1197 1841 2728 1463 2083 1906 853 2320 612 1414 1419 2960 2910 568 1206 772 922 901 900 923 1183 1792 2149 2106 1800 1687 976 2852 248 1558 2822 2143 451 1817 964 120 2626 2122 331 2891 2693 2713 2000 118 1607 2572 2525 1919 940 413 2700 2652 2651 1752 1220 1082 2219 1596 1251 519 2840 2609 737 1158 580 2185 1356 2010 535 2286 1556 137 108 906 202 188 830 2492 2953 887 1237 2521 1216 1204 1143 869 601 1205 345 1224 3022 1639 1642 323 3019 2304 1655 1613 2699 2311 315 1669 591 2291 942 269 182 262 563 2445 2443 3001 2440 1017 784 2587 1865 1866 961 2426 1890 1432 573 2412 2396 2398 982 2402 1855 2029 1134 1684 1686 1123 582 914 1119 1700 33 2332 1105 1056 924 19 1745 3 284 1079 1766 1076 1423 1065 57 270 1097 2794 2086 1254 1240 1602 2216 1242 1375 1393 1277 1297 1588 611 1270 1541 1520 1465 2109 408 1493 851 2148 490 773 862 660 2893 1380 2889 2853 756 460 2874 2873 691 1336 2860 777 1320 474 132 133 1487 98 2151 1333 553 2570 704 2319 3006 1501 2583 2111 265 699 818 1187 335 2923 2120 2119 432 932 2300 1816 1324 2527 308 1688 974 2892 1360 176 2034 1228 931 2297 2589 2357 2697 544 1580 664 995 1675 1427 1249 2035 559 562 1830 227 1910 1603 1178 1438 526 2488 2181 2655 2601 2847 668 181 745 556 2133 717 478 1612 1092 813 1581 2841 2144 1660 231 2460 67 517 1490 1491 518 1334 1212 1456 2383 1662 1875 1387 2085 2080 794 439 1074 791 216 1698 2031 2448 271 2901 3027 1507 674 2686 1350 826 2317 783 1280 1825 2231 2878 2913 1087 402 1425 3029 1176 2737 329 2366 971 1259 1184 375 1329 834 2868 355 2644 1448 2581 1981 1214 2941 579 2242 236 1924 244 2050 2268 965 1990 2163 2386 807 960 2270 2305 1457 2261 731 3016 285 2207 2349 2310 2077 927 2397 2090 789 928 2167 2041 820 2392 2378 2061 1923 2267 716 273 2302 871 910 1980 916 2369 1991 2365 3015 872 779 2017 294 3013 752 873 2139 1468 2136 2258 855 2166 259 260 2021 2002 798 2350 1958 1988 2009 2112 2073 839 2371 1616 2741 347 2753 2754 1606 1235 1605 2765 135 1599 2774 2778 1577 2782 378 1573 383 1565 1564 1601 140 1657 1185 1186 1190 2709 2710 1650 1194 337 785 2716 159 3034 1630 164 1628 1213 1623 1218 1196 662 661 492 493 655 496 645 638 634 1272 629 1399 1400 2933 2938 1410 585 2952 2956 564 1383 2810 406 1530 410 418 437 2836 2837 1305 1307 663 444 1313 1315 2861 698 2989 687 676 1351 477 2845 191 1843 1839 1835 1829 2499 1819 1815 1803 14 1791 2543 1773 1068 1070 1769 1767 2557 43 1764 1052 238 2405 2406 2409 229 228 2413 2416 998 194 1888 2428 2429 1877 1007 1008 2435 2439 1016 2442 2421 1663 80 1694 3033 2608 1685 1132 103 104 1677 2628 1110 1146 1676 1149 124 1672 126 1670 130 2671 2676 154 2635 79 2562 1746 2565 1743 1734 1719 1102 1712 1711 2585 1778 2827 1823 2064 797 2105 1724 821 2062 2363 233 1483 2099 2530 2124 822 741 450 1326 701 1439 2808 1502 107 520 1824 1524 327 696 1332 112 2983 2137 2823 2924 2134 1129 1137 2819 2437 1845 2401 934 1872 1871 523 143 665 1066 1331 1248 2526 51 339 1367 1900 2191 2121 1528 1828 2704 2862 2059 1496 1984 2701 2245 1198 1706 1844 82 1368 2966 678 814 2995 1853 796 2308 955 577 1246 2187 1289 2554 2218 1595 1250 1635 2145 1797 3000 2717 846 847 106 529 2501 2500 2459 230 1659 2019 742 430 640 66 2251 480 1661 978 581 2186 1357 718 389 2909 2157 2908 2158 97 944 1152 341 1896 2762 438 2600 795 790 1075 2656 1323 217 2447 1506 583 1914 1645 2264 2088 1300 50 2776 2775 1945 2360 1947 2361 1112 1532 60 801 416 2927 2885 1648 1209 2715 1138 1130 2508 101 423 669 2987 889 1278 1173 2976 919 2969 1050 298 2451 2289 2293 1905 2981 1568 1868 1474 2681 736 2376 1666 2661 805 560 2758 534 2806 1090 2483 1142 2812 322 781 2204 712 1470 1353 985 18 1704 2046 593 879 2482 968 1378 1736 1664 2749 992 2592 863 2597 2786 1284 1646 609 2921 2930 2744 524 157 156 1436 1643 346 610 151 150 1199 2919 512 2740 1620 626 1482 620 1384 161 1621 2738 2734 2733 516 1208 2722 1614 1390 613 1162 1409 2659 2951 123 122 121 2654 548 2955 2746 2971 2648 2979 117 1673 2638 1147 1431 572 1434 1417 608 2711 607 604 2939 1404 2993 1175 2940 138 2664 1171 539 2684 1407 1168 2672 2670 542 1408 545 538 2816 1319 455 403 693 1539 1337 1540 2809 396 2633 688 462 1547 1440 1549 392 1557 1271 682 465 459 1498 2832 433 1508 434 436 2820 2834 419 1302 700 1286 707 1521 1285 412 1306 2817 2849 2857 1318 1303 1484 2902 2906 1593 365 499 1594 1489 646 361 1485 1379 1243 2768 643 2764 2760 637 353 1232 2755 2769 680 469 1345 3035 1346 1265 1354 1570 1572 1361 494 1576 485 376 1257 2780 487 489 491 2899 2900 1263 952 951 1971 950 1976 1979 941 1454 1982 276 277 1989 930 1885 2346 286 

Extracted 0 prioritized locations: 

Final instance parameters:
loc_max_id: 3038
loc_cnt: 1080
service: p3038_900
cust_max_id: 3038
cust_cnt: 3038
unweighted obj function
p: 900
total_demand: 155824.00
threshold_dist: 491.33



-------------------------------------------------
Final Problem RSSV heuristic
-------------------------------------------------
    RSSV_EXACT_CPMP_BIN
-------------------------------------------------
Gap Cplex Reports: gap_Bin_service_p3038_900_p_900_RSSV_EXACT_CPMP_BIN.csv
[CALLBACK] Generating reports cplex callbacks...
[CALLBACK] Using BreakCallback...
Time Limit with not improving 1.00% (gap): 120.00 seconds
Time Limit with Gap less than 1%: 120.00 seconds
Default row names c1, c2 ... being created.
Version identifier: 22.1.1.0 | 2022-11-28 | 9160aff4d
CPXPARAM_TimeLimit                               2098
Legacy callback                                  i
Tried aggregator 1 time.
MIP Presolve eliminated 3085141 rows and 3085141 columns.
Reduced MIP has 4119 rows, 196979 columns, and 393958 nonzeros.
Reduced MIP has 196979 binaries, 0 generals, 0 SOSs, and 0 indicators.
Presolve time = 3.97 sec. (2437.24 ticks)
Found incumbent of value 995544.163649 after 7.35 sec. (4098.15 ticks)
Tried aggregator 1 time.
Detecting symmetries...
Reduced MIP has 4119 rows, 196979 columns, and 393958 nonzeros.
Reduced MIP has 196979 binaries, 0 generals, 0 SOSs, and 0 indicators.
Presolve time = 0.78 sec. (413.85 ticks)
Probing time = 1.60 sec. (43.56 ticks)
Clique table members: 198937.
MIP emphasis: balance optimality and feasibility.
MIP search method: dynamic search.
Parallel mode: deterministic, using up to 32 threads.
Root relaxation solution time = 0.41 sec. (212.81 ticks)

        Nodes                                         Cuts/
   Node  Left     Objective  IInf  Best Integer    Best Bound    ItCnt     Gap

*     0+    0                       995544.1636        0.0000           100.00%
*     0+    0                       300593.9984        0.0000           100.00%
*     0+    0                       298854.4828        0.0000           100.00%
*     0+    0                       233022.1975        0.0000           100.00%
      0     0   122530.7877  1019   233022.1975   122530.7877     1418   47.42%
Time: 24.21 seconds
MIP Gap: 0.47
Nodes: 0
Best Objective: 122530.787714075151598
Incumbent Obj:  233022.197534742124844
      0     0   124222.5645  1018   233022.1975    Cuts: 1129     2621   46.69%
      0     0   130291.6682  1463   233022.1975    Cuts: 1129     4623   44.09%
      0     0   132255.9722  1384   233022.1975    Cuts: 1129     6056   43.24%
*     0+    0                       171956.3343   132255.9722            23.09%
*     0+    0                       142648.4111   132255.9722             7.29%
      0     0  -1.00000e+75     0   142648.4111   132255.9722     6056    7.29%
Time: 51.089896917343140 seconds
MIP Gap: 0.072853520385460
Nodes: 0
Best Objective: 132255.972169150802074
Incumbent Obj:  142648.411094799172133
      0     0   133139.0797  1321   142648.4111    Cuts: 1123     7461    6.67%
      0     0   133490.1469  1258   142648.4111     Cuts: 664     8210    6.42%
Detecting symmetries...
      0     0   133673.1041  1425   142648.4111     Cuts: 531     8766    6.29%
      0     0   133795.5222  1287   142648.4111     Cuts: 412     9264    6.21%
srun: Job step aborted: Waiting up to 32 seconds for job step to finish.
slurmstepd: error: *** STEP 902402.0 ON arges CANCELLED AT 2024-08-27T17:43:33 ***
slurmstepd: error: *** JOB 902402 ON arges CANCELLED AT 2024-08-27T17:43:33 ***
