Debug: configOverride contents: IsWeighted_ObjFunc add_break_callback add_generate_reports add_threshold_distance_rssv bw_multiplier capacities cover_mode coverages cust_max_id distance_matrix loc_max_id max_ite_subprob_rssv method method_post_opt method_rssv_fp method_rssv_sp output p seed service size_subproblems_rssv subarea threads time time_cplex time_subprob_rssv weights 
Loading instance...
Scanning input data...
Distance matrix dimensions: 4462 x 4462 = 19909444
Elapsed time: 0 ms

Loading weights...
Skipped line: customer weight coord_x coord_y
Loaded 4461 weights
Loaded 4461 coordinates
Total customer demand: 224395.00
Elapsed time: 8 ms

Loading capacities...
Skipped line: location capacity coord_x coord_y
Loaded 4461 capacities
Loaded 4461 coordinates
Elapsed time: 4 ms

Loading distance matrix...
Computing euclidian distances...
bw multiplier: 0.50
Loaded 19904982 distances
dists stdev: 954.33
bandwidth h: 17.53
locations: 4461
customers: 4461
p: 500
Elapsed time: 346 ms

[INFO] Instance loaded
loc_max_id: 4461
loc_cnt: 4461
service: fnl4461_0500
cust_max_id: 4461
cust_cnt: 4461
unweighted obj function
p: 500
total_demand: 224395.00


-------------------------------------------------


-------------------------------------------------
RSSV heuristic 
-------------------------------------------------
method subproblems: TB_PMP
method final problem: EXACT_CPMP_BIN
-------------------------------------------------
RSSV running...
cPMP size (N): 4461
sub-cPMP size (n): 1784
Subproblems cnt (M): 12
p: 500
Seed: 500
Time limit for subproblems: 300.00

thread cnt: 20

Thread 1 created with seed 501
Thread 2 created with seed 502
Thread 3 created with seed 503
Thread 4 created with seed 504
Solving sub-PMP 1/12...
Thread 5 created with seed 505
Solving sub-PMP 3/12...
Solving sub-PMP 2/12...
Thread 6 created with seed 506
Solving sub-PMP 4/12...
Thread 7 created with seed 507
Solving sub-PMP 5/12...
Solving sub-PMP 6/12...
Thread 8 created with seed 508
Thread 9 created with seed 509
Solving sub-PMP 7/12...
Thread 10 created with seed 510
Thread 11 created with seed 511
Solving sub-PMP 8/12...
Solving sub-PMP Solving sub-PMP 10/12...
9/12...
uncapacitated TB started
uncapacitated TB started
Thread 12 created with seed 512
uncapacitated TB started
Solving sub-PMP 11/12...
uncapacitated TB started
uncapacitated TB started
uncapacitated TB started
Solving sub-PMP 12/12...
uncapacitated TB started
uncapacitated TB started
uncapacitated TB started
uncapacitated TB started
uncapacitated TB started
uncapacitated TB started
[INFO] Uncapacitated TB local search started
[INFO] Uncapacitated TB local search started
[INFO] Uncapacitated TB local search started
[INFO] Uncapacitated TB local search started
[INFO] Uncapacitated TB local search started
[INFO] Uncapacitated TB local search started
[INFO] Uncapacitated TB local search started
[INFO] Uncapacitated TB local search started
[INFO] Uncapacitated TB local search started
[INFO] Uncapacitated TB local search started
[INFO] Uncapacitated TB local search started
[INFO] Uncapacitated TB local search started

[INFO] Time limit reached. Stopping the algorithm.
TB elapsed time: 300.02 seconds
Num ite total uncapacited TB: 18
tb solution is feasible

[INFO] Time limit reached. Stopping the algorithm.

[INFO] Time limit reached. Stopping the algorithm.

[INFO] Time limit reached. Stopping the algorithm.

[INFO] Time limit reached. Stopping the algorithm.
TB elapsed time: 
[INFO] Time limit reached. Stopping the algorithm.

[INFO] Time limit reached. Stopping the algorithm.

[INFO] Time limit reached. Stopping the algorithm.
TB elapsed time: 
[INFO] Time limit reached. Stopping the algorithm.
TB elapsed time: TB elapsed time: TB elapsed time: TB elapsed time: TB elapsed time: 300.02300.02
[INFO] Time limit reached. Stopping the algorithm.
300.00300.02 seconds

[INFO] Time limit reached. Stopping the algorithm.
300.02 seconds
300.02 seconds
TB elapsed time: Num ite total uncapacited TB:  seconds
 seconds
14
[INFO] Time limit reached. Stopping the algorithm.
Num ite total uncapacited TB: 
tb solution is feasible
15TB elapsed time:  seconds
300.02
300.02Num ite total uncapacited TB: 300.02 seconds
TB elapsed time:  seconds
TB elapsed time: Num ite total uncapacited TB: 1717 seconds
300.02 seconds


tb solution is feasible
tb solution is feasible
300.02 seconds
Num ite total uncapacited TB: 12
tb solution is feasible
tb solution is feasible
Num ite total uncapacited TB: 18
tb solution is feasible
Num ite total uncapacited TB: 18
tb solution is feasible
Num ite total uncapacited TB: 18
tb solution is feasible
Num ite total uncapacited TB: 12
tb solution is feasible
Num ite total uncapacited TB: 13
tb solution is feasible
Num ite total uncapacited TB: 18
tb solution is feasible
[INFO] All subproblems solved.

Elapsed time: 301920 ms


Stats: 
Max dist: 371.19
Min dist: 0.00
avg of Avg dists: 69.67
avg Std dev dist: 43.99

First 1784 voting weights (sorted): 4402(6.07) 2604(6.04) 1869(6.04) 2841(6.00) 4039(5.54) 3536(5.42) 111(5.26) 33(5.22) 791(5.15) 4259(5.08) 2392(5.07) 2042(5.06) 3282(5.00) 2384(5.00) 1690(5.00) 352(5.00) 3026(5.00) 403(5.00) 2706(5.00) 1303(5.00) 812(5.00) 3031(5.00) 2636(5.00) 1976(5.00) 2915(4.71) 1573(4.54) 2962(4.52) 1267(4.45) 1436(4.45) 1051(4.42) 908(4.42) 4387(4.40) 2605(4.37) 1900(4.37) 3065(4.37) 4313(4.37) 233(4.34) 2114(4.28) 579(4.27) 2764(4.22) 323(4.21) 3266(4.18) 3028(4.18) 3667(4.18) 2178(4.18) 4193(4.18) 487(4.18) 4012(4.18) 2279(4.18) 3470(4.18) 3227(4.15) 2469(4.15) 2537(4.15) 2090(4.13) 2898(4.13) 4292(4.11) 2950(4.08) 1866(4.07) 4429(4.07) 762(4.07) 4106(4.07) 3893(4.07) 3920(4.07) 467(4.07) 71(4.06) 1146(4.06) 1753(4.05) 1052(4.04) 4411(4.04) 221(4.04) 3585(4.04) 844(4.04) 10(4.04) 2418(4.03) 4384(4.03) 2856(4.00) 1922(4.00) 724(4.00) 4215(4.00) 1285(4.00) 815(4.00) 2137(4.00) 559(4.00) 4241(4.00) 1521(4.00) 3542(4.00) 3522(4.00) 3516(4.00) 1910(4.00) 4070(4.00) 2752(4.00) 2749(4.00) 4102(4.00) 610(4.00) 1212(4.00) 2733(4.00) 541(4.00) 668(4.00) 3477(4.00) 4047(4.00) 84(4.00) 4308(4.00) 588(4.00) 4319(4.00) 3529(4.00) 1626(4.00) 1017(4.00) 2499(4.00) 1015(4.00) 45(4.00) 2984(4.00) 2483(4.00) 3238(4.00) 351(4.00) 400(4.00) 807(4.00) 3830(4.00) 2422(4.00) 3231(4.00) 1451(4.00) 3153(4.00) 3767(4.00) 383(4.00) 2378(4.00) 1707(4.00) 789(4.00) 2331(4.00) 1729(4.00) 1130(4.00) 3702(4.00) 3000(4.00) 3202(4.00) 3692(4.00) 3204(4.00) 1738(4.00) 2293(4.00) 1454(4.00) 2603(4.00) 3253(4.00) 3115(4.00) 1530(4.00) 2180(4.00) 2608(4.00) 3568(4.00) 322(4.00) 2568(4.00) 1816(4.00) 3588(4.00) 3570(4.00) 3248(4.00) 3591(4.00) 3401(4.00) 3906(4.00) 3608(4.00) 1555(4.00) 3979(4.00) 748(4.00) 2946(3.95) 3892(3.94) 1148(3.93) 217(3.82) 3889(3.81) 1283(3.81) 546(3.76) 207(3.73) 2212(3.72) 3040(3.72) 3565(3.63) 1510(3.60) 4054(3.59) 1074(3.58) 145(3.56) 4053(3.55) 2789(3.54) 2091(3.54) 2012(3.54) 1578(3.52) 975(3.52) 419(3.52) 2638(3.50) 1940(3.49) 1126(3.49) 4113(3.49) 1744(3.48) 1796(3.47) 1352(3.46) 2295(3.44) 208(3.42) 3220(3.42) 632(3.42) 699(3.42) 85(3.41) 2010(3.41) 2832(3.40) 2485(3.40) 3701(3.39) 231(3.39) 2684(3.37) 44(3.37) 671(3.37) 1969(3.37) 1476(3.37) 4045(3.37) 4063(3.36) 484(3.33) 2030(3.31) 281(3.30) 4030(3.29) 2708(3.28) 4179(3.27) 3369(3.27) 1804(3.27) 2406(3.27) 3149(3.27) 751(3.27) 910(3.27) 589(3.24) 3513(3.24) 2747(3.24) 4065(3.24) 7(3.22) 1779(3.22) 1808(3.22) 1232(3.22) 4272(3.22) 587(3.21) 3993(3.21) 3132(3.21) 23(3.21) 722(3.21) 1266(3.21) 3057(3.21) 996(3.21) 1140(3.21) 982(3.21) 1575(3.19) 170(3.19) 156(3.19) 4246(3.19) 3249(3.18) 1218(3.18) 1122(3.18) 3544(3.18) 1419(3.18) 3613(3.18) 4450(3.18) 1050(3.18) 2842(3.18) 3350(3.18) 2857(3.17) 4240(3.17) 3349(3.17) 4198(3.17) 3550(3.17) 1115(3.17) 3043(3.16) 2209(3.16) 645(3.15) 2964(3.15) 2371(3.15) 2783(3.15) 4364(3.15) 2398(3.15) 1240(3.14) 3897(3.14) 2849(3.13) 1642(3.13) 1615(3.13) 2790(3.13) 1491(3.13) 3895(3.13) 4149(3.13) 4225(3.12) 1372(3.12) 42(3.11) 1721(3.11) 4431(3.11) 4232(3.11) 4090(3.11) 165(3.11) 506(3.11) 260(3.11) 3774(3.11) 2504(3.11) 2302(3.11) 416(3.11) 1309(3.11) 1890(3.11) 56(3.11) 765(3.11) 1066(3.11) 2135(3.11) 1224(3.10) 313(3.10) 716(3.10) 703(3.10) 1407(3.10) 4175(3.10) 3846(3.10) 3829(3.10) 1473(3.10) 1073(3.10) 2237(3.09) 629(3.09) 4405(3.09) 530(3.09) 576(3.09) 3078(3.09) 1519(3.09) 1207(3.08) 4265(3.08) 516(3.08) 3831(3.08) 3881(3.08) 2286(3.08) 3437(3.07) 2306(3.07) 2144(3.07) 779(3.07) 839(3.07) 985(3.07) 2772(3.07) 234(3.07) 3262(3.07) 3015(3.07) 3176(3.07) 3839(3.07) 2052(3.07) 2880(3.07) 3938(3.07) 3764(3.07) 650(3.07) 1529(3.07) 1823(3.07) 4018(3.07) 3539(3.07) 1268(3.07) 1236(3.06) 2477(3.06) 4059(3.06) 1003(3.05) 1962(3.05) 628(3.05) 535(3.05) 3952(3.05) 3793(3.05) 1078(3.05) 1376(3.05) 3732(3.05) 2450(3.05) 1264(3.05) 3548(3.05) 3335(3.04) 990(3.04) 2863(3.04) 2762(3.04) 3781(3.04) 3538(3.04) 1821(3.04) 4301(3.04) 1155(3.04) 3045(3.04) 103(3.04) 4036(3.04) 3981(3.04) 3750(3.04) 65(3.04) 1413(3.04) 582(3.04) 570(3.04) 1151(3.04) 3386(3.04) 316(3.04) 2447(3.04) 3013(3.04) 2203(3.03) 749(3.03) 325(3.03) 1411(3.03) 2765(3.03) 1684(3.03) 2192(3.03) 747(3.03) 3824(3.03) 2657(3.03) 2250(3.03) 1160(3.03) 3615(3.03) 1674(3.03) 364(3.03) 4020(3.03) 3355(3.03) 3058(3.03) 2262(3.03) 1070(3.03) 2506(3.03) 3963(3.00) 1700(3.00) 1101(3.00) 1574(3.00) 993(3.00) 2916(3.00) 2181(3.00) 3773(3.00) 1336(3.00) 306(3.00) 2590(3.00) 2921(3.00) 1452(3.00) 3380(3.00) 4263(3.00) 58(3.00) 2571(3.00) 2574(3.00) 2395(3.00) 434(3.00) 2978(3.00) 2579(3.00) 1001(3.00) 3577(3.00) 1989(3.00) 349(3.00) 2584(3.00) 1576(3.00) 584(3.00) 2577(3.00) 4378(3.00) 1065(3.00) 2364(3.00) 1100(3.00) 3269(3.00) 3997(3.00) 3029(3.00) 2646(3.00) 907(3.00) 3271(3.00) 1462(3.00) 1714(3.00) 1176(3.00) 3106(3.00) 916(3.00) 2358(3.00) 859(3.00) 2897(3.00) 2649(3.00) 3666(3.00) 2611(3.00) 318(3.00) 2375(3.00) 282(3.00) 2617(3.00) 173(3.00) 3569(3.00) 305(3.00) 3190(3.00) 4386(3.00) 3118(3.00) 4204(3.00) 3376(3.00) 4385(3.00) 1554(3.00) 1838(3.00) 1839(3.00) 2631(3.00) 1918(3.00) 408(3.00) 409(3.00) 2219(3.00) 879(3.00) 1401(3.00) 2217(3.00) 3617(3.00) 196(3.00) 957(3.00) 124(3.00) 3878(3.00) 3612(3.00) 1930(3.00) 272(3.00) 343(3.00) 3241(3.00) 4235(3.00) 1627(3.00) 187(3.00) 1415(3.00) 3836(3.00) 3837(3.00) 2458(3.00) 1150(3.00) 1657(3.00) 2232(3.00) 393(3.00) 544(3.00) 406(3.00) 1924(3.00) 3170(3.00) 1786(3.00) 3855(3.00) 1640(3.00) 2475(3.00) 3439(3.00) 3862(3.00) 193(3.00) 3843(3.00) 4219(3.00) 1143(3.00) 3917(3.00) 1440(3.00) 2542(3.00) 3921(3.00) 2544(3.00) 962(3.00) 2434(3.00) 2195(3.00) 3795(3.00) 1812(3.00) 903(3.00) 321(3.00) 2556(3.00) 4262(3.00) 1695(3.00) 3937(3.00) 3144(3.00) 766(3.00) 2509(3.00) 3037(3.00) 3152(3.00) 2938(3.00) 1391(3.00) 1385(3.00) 3894(3.00) 164(3.00) 202(3.00) 2522(3.00) 265(3.00) 2424(3.00) 264(3.00) 3804(3.00) 902(3.00) 1683(3.00) 810(3.00) 3464(3.00) 1433(3.00) 3079(3.00) 2294(3.00) 3496(3.00) 3077(3.00) 4073(3.00) 1085(3.00) 792(3.00) 2760(3.00) 3484(3.00) 1492(3.00) 1735(3.00) 1964(3.00) 983(3.00) 1867(3.00) 474(3.00) 2776(3.00) 679(3.00) 2778(3.00) 709(3.00) 701(3.00) 342(3.00) 1475(3.00) 2081(3.00) 3211(3.00) 823(3.00) 1200(3.00) 375(3.00) 2873(3.00) 3315(3.00) 933(3.00) 715(3.00) 2737(3.00) 3718(3.00) 3679(3.00) 824(3.00) 2745(3.00) 926(3.00) 973(3.00) 4441(3.00) 848(3.00) 1885(3.00) 4120(3.00) 1888(3.00) 2817(3.00) 648(3.00) 2105(3.00) 2031(3.00) 3284(3.00) 4130(3.00) 1896(3.00) 1223(3.00) 3687(3.00) 652(3.00) 482(3.00) 3207(3.00) 3012(3.00) 1901(3.00) 481(3.00) 3363(3.00) 3430(3.00) 3696(3.00) 4151(3.00) 1089(3.00) 1736(3.00) 736(3.00) 3695(3.00) 1905(3.00) 1904(3.00) 669(3.00) 4112(3.00) 4339(3.00) 2804(3.00) 4115(3.00) 3063(3.00) 1235(3.00) 3005(3.00) 4287(3.00) 4107(3.00) 459(3.00) 2074(3.00) 3480(3.00) 1972(3.00) 2712(3.00) 3096(3.00) 870(3.00) 1287(3.00) 919(3.00) 4368(3.00) 2709(3.00) 2278(3.00) 2342(3.00) 3095(3.00) 4327(3.00) 1500(3.00) 3094(3.00) 1496(3.00) 788(3.00) 1751(3.00) 3087(3.00) 2645(3.00) 2718(3.00) 1855(3.00) 2668(3.00) 873(3.00) 4276(3.00) 745(3.00) 2338(3.00) 1069(3.00) 4185(3.00) 3742(3.00) 2679(3.00) 4015(3.00) 4004(3.00) 2714(3.00) 219(3.00) 2879(3.00) 5(2.91) 180(2.90) 1455(2.89) 532(2.87) 239(2.86) 1514(2.86) 1985(2.85) 3685(2.85) 871(2.84) 2983(2.83) 2274(2.82) 2132(2.81) 1584(2.81) 2792(2.81) 4320(2.80) 1088(2.80) 346(2.78) 80(2.78) 1935(2.77) 2819(2.76) 4161(2.76) 2635(2.75) 1878(2.73) 2847(2.73) 3107(2.73) 2753(2.73) 3146(2.73) 432(2.72) 495(2.72) 1643(2.72) 774(2.72) 4(2.72) 1759(2.71) 1335(2.70) 1997(2.70) 1929(2.68) 563(2.67) 1762(2.67) 138(2.67) 606(2.66) 1765(2.65) 2124(2.65) 100(2.63) 3180(2.63) 4104(2.63) 1710(2.63) 677(2.63) 2077(2.63) 101(2.62) 1849(2.61) 94(2.61) 955(2.60) 1987(2.60) 4154(2.60) 1801(2.60) 4055(2.59) 3689(2.59) 1104(2.59) 3101(2.59) 1117(2.58) 4373(2.58) 1129(2.57) 958(2.57) 1596(2.57) 433(2.57) 2610(2.56) 643(2.55) 1511(2.55) 98(2.55) 1942(2.55) 212(2.55) 91(2.55) 3635(2.55) 614(2.54) 615(2.54) 1582(2.54) 2125(2.54) 1191(2.54) 1846(2.54) 1600(2.54) 805(2.54) 1226(2.54) 801(2.54) 1598(2.54) 1835(2.54) 236(2.53) 2782(2.53) 2770(2.52) 1783(2.52) 515(2.52) 2289(2.51) 827(2.51) 858(2.51) 2076(2.51) 1166(2.51) 369(2.48) 3954(2.48) 2836(2.48) 1242(2.47) 2637(2.47) 3905(2.47) 3632(2.47) 1214(2.47) 3901(2.47) 190(2.47) 3173(2.45) 114(2.45) 1960(2.45) 775(2.44) 1616(2.44) 431(2.44) 3746(2.44) 752(2.43) 3735(2.42) 922(2.42) 3714(2.41) 78(2.40) 739(2.39) 1798(2.39) 204(2.38) 1234(2.37) 689(2.37) 829(2.37) 2246(2.37) 2410(2.37) 2449(2.37) 1374(2.37) 2695(2.37) 422(2.37) 1332(2.37) 437(2.37) 2731(2.37) 4042(2.37) 1429(2.37) 1398(2.37) 2736(2.37) 4013(2.37) 4298(2.37) 4176(2.37) 2345(2.37) 3658(2.37) 2599(2.37) 317(2.37) 2558(2.37) 2312(2.37) 4156(2.37) 3816(2.36) 1359(2.34) 565(2.34) 3699(2.34) 1111(2.34) 3525(2.34) 2652(2.34) 2170(2.34) 4390(2.33) 3147(2.33) 2933(2.33) 3185(2.32) 2742(2.32) 32(2.31) 4132(2.31) 3637(2.31) 1431(2.30) 3260(2.29) 2507(2.29) 2323(2.29) 2728(2.29) 4141(2.29) 3413(2.29) 4022(2.29) 4169(2.28) 2359(2.27) 1917(2.27) 2095(2.27) 3405(2.27) 2172(2.27) 2366(2.27) 1369(2.27) 1291(2.27) 243(2.27) 1167(2.27) 3158(2.27) 3432(2.27) 4213(2.27) 4400(2.27) 415(2.27) 413(2.27) 3652(2.26) 2758(2.26) 799(2.26) 82(2.26) 3388(2.26) 860(2.25) 2914(2.25) 2844(2.25) 1859(2.24) 1344(2.24) 3341(2.24) 4443(2.24) 1708(2.24) 1373(2.23) 166(2.23) 1444(2.23) 2247(2.23) 158(2.23) 1320(2.23) 3161(2.23) 2670(2.22) 2402(2.22) 2367(2.22) 503(2.22) 2826(2.22) 2363(2.22) 528(2.22) 2055(2.22) 1818(2.21) 326(2.21) 232(2.21) 289(2.21) 627(2.21) 2071(2.21) 794(2.21) 939(2.21) 3766(2.21) 1328(2.21) 605(2.21) 4218(2.21) 4060(2.21) 878(2.20) 1351(2.20) 4355(2.20) 1746(2.20) 3268(2.20) 24(2.20) 3396(2.19) 4082(2.19) 2019(2.19) 258(2.19) 4028(2.19) 228(2.19) 893(2.19) 3828(2.18) 3822(2.18) 1107(2.18) 4228(2.18) 125(2.18) 3174(2.18) 4081(2.18) 3438(2.18) 3578(2.18) 2056(2.18) 2952(2.18) 3009(2.18) 1590(2.18) 3739(2.18) 3625(2.18) 2463(2.18) 271(2.18) 1358(2.18) 1697(2.18) 3050(2.18) 1548(2.18) 3081(2.18) 3740(2.18) 3966(2.18) 705(2.18) 2296(2.18) 95(2.18) 3670(2.18) 1348(2.18) 3720(2.17) 1024(2.17) 3784(2.17) 2851(2.17) 1793(2.17) 2768(2.17) 300(2.17) 2906(2.16) 2549(2.16) 4183(2.16) 3134(2.16) 473(2.16) 3734(2.16) 4088(2.16) 2500(2.16) 1355(2.16) 723(2.16) 2129(2.16) 3902(2.16) 3406(2.16) 2750(2.16) 1061(2.16) 3791(2.16) 3117(2.16) 2867(2.15) 1434(2.15) 522(2.15) 3925(2.15) 4032(2.15) 1448(2.15) 1288(2.15) 2592(2.15) 214(2.15) 1618(2.15) 1406(2.15) 1856(2.15) 1840(2.15) 2622(2.15) 3715(2.15) 2355(2.15) 1661(2.15) 3899(2.15) 1809(2.15) 2653(2.15) 1312(2.15) 3745(2.15) 494(2.15) 1447(2.15) 1405(2.15) 2554(2.15) 3884(2.15) 2748(2.14) 4138(2.14) 3996(2.14) 2119(2.14) 3936(2.13) 3948(2.13) 1314(2.13) 3965(2.13) 423(2.13) 651(2.13) 685(2.13) 1502(2.13) 531(2.13) 3074(2.13) 590(2.13) 1670(2.13) 1797(2.13) 2775(2.13) 1719(2.13) 1252(2.12) 4289(2.12) 529(2.12) 3869(2.12) 249(2.12) 3941(2.12) 197(2.12) 1400(2.11) 2625(2.11) 2102(2.11) 1807(2.11) 935(2.11) 3264(2.11) 4207(2.11) 64(2.11) 1993(2.11) 2961(2.11) 3196(2.11) 254(2.11) 3800(2.11) 4116(2.11) 2169(2.11) 1227(2.11) 3518(2.11) 1271(2.11) 3953(2.11) 3478(2.11) 1628(2.11) 4332(2.11) 1138(2.11) 456(2.11) 1092(2.11) 483(2.11) 1343(2.11) 1295(2.10) 1479(2.10) 661(2.10) 242(2.10) 1157(2.10) 1802(2.10) 4142(2.10) 4274(2.10) 3558(2.10) 2771(2.09) 1704(2.09) 1725(2.09) 1966(2.09) 66(2.09) 52(2.09) 4127(2.09) 2738(2.09) 2741(2.09) 3887(2.09) 3883(2.09) 548(2.09) 2248(2.08) 3729(2.08) 3743(2.08) 3010(2.08) 2781(2.08) 3025(2.08) 2304(2.08) 189(2.08) 1131(2.07) 4079(2.07) 4340(2.07) 4188(2.07) 928(2.07) 4098(2.07) 4415(2.07) 3958(2.07) 3898(2.07) 2208(2.07) 3969(2.07) 2612(2.07) 1562(2.07) 1327(2.07) 3871(2.07) 1418(2.07) 1678(2.07) 1538(2.07) 1775(2.07) 1772(2.07) 1995(2.07) 3785(2.07) 2385(2.07) 3669(2.07) 1747(2.07) 4029(2.07) 1294(2.07) 2315(2.07) 2093(2.07) 4135(2.07) 4143(2.07) 3276(2.07) 575(2.07) 3451(2.07) 3493(2.07) 1387(2.07) 182(2.07) 3929(2.07) 3693(2.07) 206(2.07) 1300(2.07) 856(2.07) 867(2.07) 876(2.07) 1403(2.07) 3150(2.07) 1464(2.07) 1141(2.07) 4181(2.07) 1770(2.07) 3020(2.07) 3136(2.07) 3926(2.07) 3071(2.07) 1709(2.07) 3662(2.07) 2272(2.07) 3705(2.07) 1646(2.06) 252(2.06) 2087(2.06) 2620(2.06) 997(2.06) 2892(2.06) 3779(2.06) 1668(2.06) 3786(2.06) 2785(2.06) 3142(2.06) 4092(2.06) 1588(2.06) 649(2.06) 4362(2.06) 1368(2.06) 592(2.06) 4315(2.05) 280(2.05) 1667(2.05) 3910(2.05) 3054(2.05) 3175(2.05) 804(2.05) 758(2.05) 297(2.05) 418(2.05) 3622(2.05) 4370(2.05) 2321(2.05) 2677(2.05) 1487(2.05) 3991(2.05) 2827(2.05) 1955(2.05) 3395(2.05) 3841(2.05) 608(2.05) 929(2.05) 2663(2.05) 2682(2.05) 3874(2.04) 1909(2.04) 2063(2.04) 3167(2.04) 2113(2.04) 3933(2.04) 4422(2.04) 1469(2.04) 702(2.04) 1324(2.04) 3236(2.04) 3251(2.04) 3353(2.04) 4066(2.04) 1773(2.04) 3407(2.04) 1412(2.04) 1671(2.04) 583(2.04) 3318(2.04) 1961(2.04) 2875(2.04) 2258(2.04) 3552(2.04) 3265(2.04) 295(2.04) 2532(2.04) 2348(2.04) 2586(2.04) 449(2.04) 2251(2.04) 292(2.04) 3218(2.04) 1093(2.04) 3867(2.04) 49(2.04) 1526(2.04) 3256(2.04) 19(2.04) 452(2.04) 241(2.04) 656(2.04) 3311(2.04) 2079(2.04) 8(2.04) 253(2.04) 697(2.04) 1184(2.04) 1939(2.03) 525(2.03) 3332(2.03) 555(2.03) 969(2.03) 475(2.03) 4425(2.03) 4357(2.03) 3452(2.03) 2535(2.03) 3575(2.03) 3510(2.03) 3579(2.03) 4196(2.03) 2515(2.03) 2163(2.03) 2683(2.03) 3590(2.03) 3636(2.03) 2943(2.03) 147(2.03) 644(2.03) 2494(2.03) 1726(2.03) 3462(2.03) 250(2.03) 2581(2.03) 2724(2.00) 4062(2.00) 2729(2.00) 1265(2.00) 4064(2.00) 696(2.00) 2734(2.00) 694(2.00) 692(2.00) 691(2.00) 2743(2.00) 4068(2.00) 2746(2.00) 2723(2.00) 2675(2.00) 1289(2.00) 742(2.00) 917(2.00) 1506(2.00) 4023(2.00) 2692(2.00) 1503(2.00) 4026(2.00) 1273(2.00) 4031(2.00) 1498(2.00) 1277(2.00) 2703(2.00) 1276(2.00) 4074(2.00) 4037(2.00) 4038(2.00) 4051(2.00) 4057(2.00) 741(2.00) 4125(2.00) 2828(2.00) 653(2.00) 2830(2.00) 4133(2.00) 4137(2.00) 2840(2.00) 647(2.00) 2845(2.00) 4093(2.00) 4150(2.00) 2854(2.00) 639(2.00) 638(2.00) 637(2.00) 635(2.00) 2861(2.00) 1202(2.00) 2864(2.00) 1215(2.00) 2769(2.00) 1251(2.00) 1250(2.00) 2773(2.00) 1248(2.00) 2674(2.00) 4095(2.00) 1241(2.00) 4096(2.00) 4121(2.00) 670(2.00) 2800(2.00) 2807(2.00) 666(2.00) 2808(2.00) 240(2.00) 663(2.00) 1231(2.00) 4117(2.00) 660(2.00) 672(2.00) 2551(2.00) 3930(2.00) 3932(2.00) 1363(2.00) 2560(2.00) 1595(2.00) 1362(2.00) 1360(2.00) 3940(2.00) 4001(2.00) 1354(2.00) 1585(2.00) 3944(2.00) 3946(2.00) 2582(2.00) 3949(2.00) 2585(2.00) 2588(2.00) 2598(2.00) 2600(2.00) 2572(2.00) 759(2.00) 3872(2.00) 2495(2.00) 1397(2.00) 2497(2.00) 2505(2.00) 198(2.00) 2514(2.00) 2520(2.00) 1381(2.00) 3927(2.00) 2529(2.00) 3907(2.00) 1614(2.00) 127(2.00) 1612(2.00) 3913(2.00) 2540(2.00) 1608(2.00) 2547(2.00) 1605(2.00) 1619(2.00) 1546(2.00) 1316(2.00) 1543(2.00) 2634(2.00) 3992(2.00) 1539(2.00) 2648(2.00) 1537(2.00) 3998(2.00) 2655(2.00) 1342(2.00) 2658(2.00) 2659(2.00) 2660(2.00) 2661(2.00) 1527(2.00) 1301(2.00) 4164(2.00) 1523(2.00) 1299(2.00) 1520(2.00) 1532(2.00) 2602(2.00) 1568(2.00) 2607(2.00) 3971(2.00) 2613(2.00) 1330(2.00) 1563(2.00) 3974(2.00) 1329(2.00) 2615(2.00) 2630(2.00) 2616(2.00) 1557(2.00) 1556(2.00) 2623(2.00) 2628(2.00) 1553(2.00) 1552(2.00) 1551(2.00) 134(2.00) 750(2.00) 132(2.00) 299(2.00) 1077(2.00) 347(2.00) 4363(2.00) 3093(2.00) 4365(2.00) 3103(2.00) 450(2.00) 448(2.00) 1195(2.00) 446(2.00) 304(2.00) 1058(2.00) 3114(2.00) 3119(2.00) 4388(2.00) 438(2.00) 1047(2.00) 3126(2.00) 4394(2.00) 4372(2.00) 3032(2.00) 4311(2.00) 493(2.00) 3036(2.00) 3038(2.00) 489(2.00) 3044(2.00) 1098(2.00) 4323(2.00) 4336(2.00) 3082(2.00) 3061(2.00) 478(2.00) 3068(2.00) 4345(2.00) 4348(2.00) 4350(2.00) 3073(2.00) 1087(2.00) 4351(2.00) 3080(2.00) 3060(2.00) 4423(2.00) 3182(2.00) 4427(2.00) 995(2.00) 3184(2.00) 3186(2.00) 382(2.00) 991(2.00) 315(2.00) 4440(2.00) 3129(2.00) 987(2.00) 374(2.00) 357(2.00) 371(2.00) 3197(2.00) 3199(2.00) 3201(2.00) 978(2.00) 3206(2.00) 363(2.00) 377(2.00) 307(2.00) 3131(2.00) 430(2.00) 1035(2.00) 350(2.00) 1026(2.00) 4403(2.00) 4404(2.00) 420(2.00) 1019(2.00) 397(2.00) 4413(2.00) 3159(2.00) 411(2.00) 3164(2.00) 1014(2.00) 3165(2.00) 1011(2.00) 3168(2.00) 3169(2.00) 1009(2.00) 309(2.00) 4195(2.00) 1175(2.00) 1169(2.00) 591(2.00) 4197(2.00) 4200(2.00) 4208(2.00) 2918(2.00) 2923(2.00) 2924(2.00) 4309(2.00) 946(2.00) 4220(2.00) 574(2.00) 4224(2.00) 572(2.00) 2934(2.00) 568(2.00) 2940(2.00) 2942(2.00) 561(2.00) 581(2.00) 2869(2.00) 934(2.00) 2878(2.00) 2488(2.00) 620(2.00) 936(2.00) 2883(2.00) 2884(2.00) 2885(2.00) 613(2.00) 944(2.00) 4178(2.00) 4180(2.00) 607(2.00) 2896(2.00) 4186(2.00) 1183(2.00) 603(2.00) 602(2.00) 157(2.00) 4189(2.00) 940(2.00) 2974(2.00) 4271(2.00) 4273(2.00) 2992(2.00) 1139(2.00) 720(2.00) 521(2.00) 1135(2.00) 718(2.00) 514(2.00) 560(2.00) 1128(2.00) 510(2.00) 3004(2.00) 3007(2.00) 954(2.00) 3008(2.00) 4291(2.00) 501(2.00) 4294(2.00) 3023(2.00) 513(2.00) 2947(2.00) 558(2.00) 557(2.00) 4243(2.00) 554(2.00) 1154(2.00) 2954(2.00) 2955(2.00) 549(2.00) 4245(2.00) 533(2.00) 270(2.00) 2959(2.00) 4247(2.00) 1147(2.00) 275(2.00) 540(2.00) 276(2.00) 1144(2.00) 4258(2.00) 1142(2.00) 547(2.00) 2161(2.00) 3566(2.00) 1836(2.00) 15(2.00) 2168(2.00) 3573(2.00) 1829(2.00) 1341(2.00) 1757(2.00) 1824(2.00) 1822(2.00) 3250(2.00) 3580(2.00) 3583(2.00) 3584(2.00) 1814(2.00) 2193(2.00) 1811(2.00) 362(2.00) 2120(2.00) 3524(2.00) 3526(2.00) 3527(2.00) 3530(2.00) 3531(2.00) 1857(2.00) 3545(2.00) 2159(2.00) 1851(2.00) 1850(2.00) 2150(2.00) 3555(2.00) 3270(2.00) 2155(2.00) 3563(2.00) 3267(2.00) 2158(2.00) 1854(2.00) 1785(2.00) 2230(2.00) 3633(2.00) 3234(2.00) 806(2.00) 3644(2.00) 863(2.00) 3645(2.00) 2194(2.00) 3656(2.00) 1771(2.00) 2254(2.00) 1769(2.00) 1768(2.00) 3225(2.00) 63(2.00) 1761(2.00) 3672(2.00) 3655(2.00) 3598(2.00) 3601(2.00) 2199(2.00) 3245(2.00) 3609(2.00) 2210(2.00) 3242(2.00) 2211(2.00) 2218(2.00) 3624(2.00) 2223(2.00) 1795(2.00) 2224(2.00) 1792(2.00) 2225(2.00) 1790(2.00) 3237(2.00) 1788(2.00) 1787(2.00) 2220(2.00) 2029(2.00) 3436(2.00) 29(2.00) 3362(2.00) 1953(2.00) 2038(2.00) 3356(2.00) 820(2.00) 2118(2.00) 3351(2.00) 1945(2.00) 1944(2.00) 3453(2.00) 1941(2.00) 1937(2.00) 2057(2.00) 1933(2.00) 1932(2.00) 2045(2.00) 3391(2.00) 3390(2.00) 1991(2.00) 1999(2.00) 3399(2.00) 1984(2.00) 3382(2.00) 1980(2.00) 1979(2.00) 3429(2.00) 1975(2.00) 27(2.00) 3374(2.00) 20(2.00) 3370(2.00) 3421(2.00) 1968(2.00) 3424(2.00) 3428(2.00) 3408(2.00) 3507(2.00) 3508(2.00) 1889(2.00) 2107(2.00) 3304(2.00) 2108(2.00) 847(2.00) 1882(2.00) 3338(2.00) 3293(2.00) 3289(2.00) 1876(2.00) 3288(2.00) 852(2.00) 3287(2.00) 3285(2.00) 1870(2.00) 2117(2.00) 2110(2.00) 3337(2.00) 1925(2.00) 819(2.00) 3327(2.00) 840(2.00) 3323(2.00) 3322(2.00) 1913(2.00) 3319(2.00) 3308(2.00) 3495(2.00) 3316(2.00) 2088(2.00) 2092(2.00) 3497(2.00) 3499(2.00) 3501(2.00) 841(2.00) 3503(2.00) 3483(2.00) 1471(2.00) 1456(2.00) 2439(2.00) 1472(2.00) 2340(2.00) 2442(2.00) 2339(2.00) 2337(2.00) 3730(2.00) 1689(2.00) 2386(2.00) 2411(2.00) 2325(2.00) 1422(2.00) 1421(2.00) 3825(2.00) 3775(2.00) 2454(2.00) 3712(2.00) 3840(2.00) 188(2.00) 3710(2.00) 1482(2.00) 1699(2.00) 3823(2.00) 3799(2.00) 1439(2.00) 3574(2.00) 1706(2.00) 2417(2.00) 1438(2.00) 175(2.00) 2373(2.00) 1686(2.00) 2414(2.00) 3751(2.00) 3818(2.00) 3807(2.00) 773(2.00) 786(2.00) 1712(2.00) 1432(2.00) 2360(2.00) 2382(2.00) 1463(2.00) 2427(2.00) 2435(2.00) 3744(2.00) 3738(2.00) 3801(2.00) 1743(2.00) 3847(2.00) 1410(2.00) 3677(2.00) 3790(2.00) 


Filtered 1784 locations: 4402 2604 1869 2841 4039 3536 111 33 791 4259 2392 2042 3282 2384 1690 352 3026 403 2706 1303 812 3031 2636 1976 2915 1573 2962 1267 1436 1051 908 4387 2605 1900 3065 4313 233 2114 579 2764 323 3266 3028 3667 2178 4193 487 4012 2279 3470 3227 2469 2537 2090 2898 4292 2950 1866 4429 762 4106 3893 3920 467 71 1146 1753 1052 4411 221 3585 844 10 2418 4384 2856 1922 724 4215 1285 815 2137 559 4241 1521 3542 3522 3516 1910 4070 2752 2749 4102 610 1212 2733 541 668 3477 4047 84 4308 588 4319 3529 1626 1017 2499 1015 45 2984 2483 3238 351 400 807 3830 2422 3231 1451 3153 3767 383 2378 1707 789 2331 1729 1130 3702 3000 3202 3692 3204 1738 2293 1454 2603 3253 3115 1530 2180 2608 3568 322 2568 1816 3588 3570 3248 3591 3401 3906 3608 1555 3979 748 2946 3892 1148 217 3889 1283 546 207 2212 3040 3565 1510 4054 1074 145 4053 2789 2091 2012 1578 975 419 2638 1940 1126 4113 1744 1796 1352 2295 208 3220 632 699 85 2010 2832 2485 3701 231 2684 44 671 1969 1476 4045 4063 484 2030 281 4030 2708 4179 3369 1804 2406 3149 751 910 589 3513 2747 4065 7 1779 1808 1232 4272 587 3993 3132 23 722 1266 3057 996 1140 982 1575 170 156 4246 3249 1218 1122 3544 1419 3613 4450 1050 2842 3350 2857 4240 3349 4198 3550 1115 3043 2209 645 2964 2371 2783 4364 2398 1240 3897 2849 1642 1615 2790 1491 3895 4149 4225 1372 42 1721 4431 4232 4090 165 506 260 3774 2504 2302 416 1309 1890 56 765 1066 2135 1224 313 716 703 1407 4175 3846 3829 1473 1073 2237 629 4405 530 576 3078 1519 1207 4265 516 3831 3881 2286 3437 2306 2144 779 839 985 2772 234 3262 3015 3176 3839 2052 2880 3938 3764 650 1529 1823 4018 3539 1268 1236 2477 4059 1003 1962 628 535 3952 3793 1078 1376 3732 2450 1264 3548 3335 990 2863 2762 3781 3538 1821 4301 1155 3045 103 4036 3981 3750 65 1413 582 570 1151 3386 316 2447 3013 2203 749 325 1411 2765 1684 2192 747 3824 2657 2250 1160 3615 1674 364 4020 3355 3058 2262 1070 2506 3963 1700 1101 1574 993 2916 2181 3773 1336 306 2590 2921 1452 3380 4263 58 2571 2574 2395 434 2978 2579 1001 3577 1989 349 2584 1576 584 2577 4378 1065 2364 1100 3269 3997 3029 2646 907 3271 1462 1714 1176 3106 916 2358 859 2897 2649 3666 2611 318 2375 282 2617 173 3569 305 3190 4386 3118 4204 3376 4385 1554 1838 1839 2631 1918 408 409 2219 879 1401 2217 3617 196 957 124 3878 3612 1930 272 343 3241 4235 1627 187 1415 3836 3837 2458 1150 1657 2232 393 544 406 1924 3170 1786 3855 1640 2475 3439 3862 193 3843 4219 1143 3917 1440 2542 3921 2544 962 2434 2195 3795 1812 903 321 2556 4262 1695 3937 3144 766 2509 3037 3152 2938 1391 1385 3894 164 202 2522 265 2424 264 3804 902 1683 810 3464 1433 3079 2294 3496 3077 4073 1085 792 2760 3484 1492 1735 1964 983 1867 474 2776 679 2778 709 701 342 1475 2081 3211 823 1200 375 2873 3315 933 715 2737 3718 3679 824 2745 926 973 4441 848 1885 4120 1888 2817 648 2105 2031 3284 4130 1896 1223 3687 652 482 3207 3012 1901 481 3363 3430 3696 4151 1089 1736 736 3695 1905 1904 669 4112 4339 2804 4115 3063 1235 3005 4287 4107 459 2074 3480 1972 2712 3096 870 1287 919 4368 2709 2278 2342 3095 4327 1500 3094 1496 788 1751 3087 2645 2718 1855 2668 873 4276 745 2338 1069 4185 3742 2679 4015 4004 2714 219 2879 5 180 1455 532 239 1514 1985 3685 871 2983 2274 2132 1584 2792 4320 1088 346 80 1935 2819 4161 2635 1878 2847 3107 2753 3146 432 495 1643 774 4 1759 1335 1997 1929 563 1762 138 606 1765 2124 100 3180 4104 1710 677 2077 101 1849 94 955 1987 4154 1801 4055 3689 1104 3101 1117 4373 1129 958 1596 433 2610 643 1511 98 1942 212 91 3635 614 615 1582 2125 1191 1846 1600 805 1226 801 1598 1835 236 2782 2770 1783 515 2289 827 858 2076 1166 369 3954 2836 1242 2637 3905 3632 1214 3901 190 3173 114 1960 775 1616 431 3746 752 3735 922 3714 78 739 1798 204 1234 689 829 2246 2410 2449 1374 2695 422 1332 437 2731 4042 1429 1398 2736 4013 4298 4176 2345 3658 2599 317 2558 2312 4156 3816 1359 565 3699 1111 3525 2652 2170 4390 3147 2933 3185 2742 32 4132 3637 1431 3260 2507 2323 2728 4141 3413 4022 4169 2359 1917 2095 3405 2172 2366 1369 1291 243 1167 3158 3432 4213 4400 415 413 3652 2758 799 82 3388 860 2914 2844 1859 1344 3341 4443 1708 1373 166 1444 2247 158 1320 3161 2670 2402 2367 503 2826 2363 528 2055 1818 326 232 289 627 2071 794 939 3766 1328 605 4218 4060 878 1351 4355 1746 3268 24 3396 4082 2019 258 4028 228 893 3828 3822 1107 4228 125 3174 4081 3438 3578 2056 2952 3009 1590 3739 3625 2463 271 1358 1697 3050 1548 3081 3740 3966 705 2296 95 3670 1348 3720 1024 3784 2851 1793 2768 300 2906 2549 4183 3134 473 3734 4088 2500 1355 723 2129 3902 3406 2750 1061 3791 3117 2867 1434 522 3925 4032 1448 1288 2592 214 1618 1406 1856 1840 2622 3715 2355 1661 3899 1809 2653 1312 3745 494 1447 1405 2554 3884 2748 4138 3996 2119 3936 3948 1314 3965 423 651 685 1502 531 3074 590 1670 1797 2775 1719 1252 4289 529 3869 249 3941 197 1400 2625 2102 1807 935 3264 4207 64 1993 2961 3196 254 3800 4116 2169 1227 3518 1271 3953 3478 1628 4332 1138 456 1092 483 1343 1295 1479 661 242 1157 1802 4142 4274 3558 2771 1704 1725 1966 66 52 4127 2738 2741 3887 3883 548 2248 3729 3743 3010 2781 3025 2304 189 1131 4079 4340 4188 928 4098 4415 3958 3898 2208 3969 2612 1562 1327 3871 1418 1678 1538 1775 1772 1995 3785 2385 3669 1747 4029 1294 2315 2093 4135 4143 3276 575 3451 3493 1387 182 3929 3693 206 1300 856 867 876 1403 3150 1464 1141 4181 1770 3020 3136 3926 3071 1709 3662 2272 3705 1646 252 2087 2620 997 2892 3779 1668 3786 2785 3142 4092 1588 649 4362 1368 592 4315 280 1667 3910 3054 3175 804 758 297 418 3622 4370 2321 2677 1487 3991 2827 1955 3395 3841 608 929 2663 2682 3874 1909 2063 3167 2113 3933 4422 1469 702 1324 3236 3251 3353 4066 1773 3407 1412 1671 583 3318 1961 2875 2258 3552 3265 295 2532 2348 2586 449 2251 292 3218 1093 3867 49 1526 3256 19 452 241 656 3311 2079 8 253 697 1184 1939 525 3332 555 969 475 4425 4357 3452 2535 3575 3510 3579 4196 2515 2163 2683 3590 3636 2943 147 644 2494 1726 3462 250 2581 2724 4062 2729 1265 4064 696 2734 694 692 691 2743 4068 2746 2723 2675 1289 742 917 1506 4023 2692 1503 4026 1273 4031 1498 1277 2703 1276 4074 4037 4038 4051 4057 741 4125 2828 653 2830 4133 4137 2840 647 2845 4093 4150 2854 639 638 637 635 2861 1202 2864 1215 2769 1251 1250 2773 1248 2674 4095 1241 4096 4121 670 2800 2807 666 2808 240 663 1231 4117 660 672 2551 3930 3932 1363 2560 1595 1362 1360 3940 4001 1354 1585 3944 3946 2582 3949 2585 2588 2598 2600 2572 759 3872 2495 1397 2497 2505 198 2514 2520 1381 3927 2529 3907 1614 127 1612 3913 2540 1608 2547 1605 1619 1546 1316 1543 2634 3992 1539 2648 1537 3998 2655 1342 2658 2659 2660 2661 1527 1301 4164 1523 1299 1520 1532 2602 1568 2607 3971 2613 1330 1563 3974 1329 2615 2630 2616 1557 1556 2623 2628 1553 1552 1551 134 750 132 299 1077 347 4363 3093 4365 3103 450 448 1195 446 304 1058 3114 3119 4388 438 1047 3126 4394 4372 3032 4311 493 3036 3038 489 3044 1098 4323 4336 3082 3061 478 3068 4345 4348 4350 3073 1087 4351 3080 3060 4423 3182 4427 995 3184 3186 382 991 315 4440 3129 987 374 357 371 3197 3199 3201 978 3206 363 377 307 3131 430 1035 350 1026 4403 4404 420 1019 397 4413 3159 411 3164 1014 3165 1011 3168 3169 1009 309 4195 1175 1169 591 4197 4200 4208 2918 2923 2924 4309 946 4220 574 4224 572 2934 568 2940 2942 561 581 2869 934 2878 2488 620 936 2883 2884 2885 613 944 4178 4180 607 2896 4186 1183 603 602 157 4189 940 2974 4271 4273 2992 1139 720 521 1135 718 514 560 1128 510 3004 3007 954 3008 4291 501 4294 3023 513 2947 558 557 4243 554 1154 2954 2955 549 4245 533 270 2959 4247 1147 275 540 276 1144 4258 1142 547 2161 3566 1836 15 2168 3573 1829 1341 1757 1824 1822 3250 3580 3583 3584 1814 2193 1811 362 2120 3524 3526 3527 3530 3531 1857 3545 2159 1851 1850 2150 3555 3270 2155 3563 3267 2158 1854 1785 2230 3633 3234 806 3644 863 3645 2194 3656 1771 2254 1769 1768 3225 63 1761 3672 3655 3598 3601 2199 3245 3609 2210 3242 2211 2218 3624 2223 1795 2224 1792 2225 1790 3237 1788 1787 2220 2029 3436 29 3362 1953 2038 3356 820 2118 3351 1945 1944 3453 1941 1937 2057 1933 1932 2045 3391 3390 1991 1999 3399 1984 3382 1980 1979 3429 1975 27 3374 20 3370 3421 1968 3424 3428 3408 3507 3508 1889 2107 3304 2108 847 1882 3338 3293 3289 1876 3288 852 3287 3285 1870 2117 2110 3337 1925 819 3327 840 3323 3322 1913 3319 3308 3495 3316 2088 2092 3497 3499 3501 841 3503 3483 1471 1456 2439 1472 2340 2442 2339 2337 3730 1689 2386 2411 2325 1422 1421 3825 3775 2454 3712 3840 188 3710 1482 1699 3823 3799 1439 3574 1706 2417 1438 175 2373 1686 2414 3751 3818 3807 773 786 1712 1432 2360 2382 1463 2427 2435 3744 3738 3801 1743 3847 1410 3677 3790 

Extracted 0 prioritized locations: 

Final instance parameters:
loc_max_id: 4461
loc_cnt: 1784
service: fnl4461_0500
cust_max_id: 4461
cust_cnt: 4461
unweighted obj function
p: 500
total_demand: 224395.00
threshold_dist: 415.19



-------------------------------------------------
Final Problem RSSV heuristic
-------------------------------------------------
    RSSV_EXACT_CPMP_BIN
-------------------------------------------------
Gap Cplex Reports: gap_Bin_service_fnl4461_0500_p_500_RSSV_EXACT_CPMP_BIN.csv
[CALLBACK] Generating reports cplex callbacks...
[CALLBACK] Using BreakCallback...
Time Limit with not improving 1.00% (gap): 120.00 seconds
Time Limit with Gap less than 1%: 120.00 seconds
Default row names c1, c2 ... being created.
Version identifier: 22.1.1.0 | 2022-11-28 | 9160aff4d
CPXPARAM_TimeLimit                               2098
Legacy callback                                  i
Tried aggregator 1 time.
MIP Presolve eliminated 7617227 rows and 7617227 columns.
Reduced MIP has 6246 rows, 342981 columns, and 685962 nonzeros.
Reduced MIP has 342981 binaries, 0 generals, 0 SOSs, and 0 indicators.
Presolve time = 9.39 sec. (5771.92 ticks)
Found incumbent of value 1219354.718333 after 13.97 sec. (8381.99 ticks)
Tried aggregator 1 time.
Detecting symmetries...
Reduced MIP has 6246 rows, 342981 columns, and 685962 nonzeros.
Reduced MIP has 342981 binaries, 0 generals, 0 SOSs, and 0 indicators.
Presolve time = 1.49 sec. (715.88 ticks)
Probing time = 2.19 sec. (75.20 ticks)
Clique table members: 345658.
MIP emphasis: balance optimality and feasibility.
MIP search method: dynamic search.
Parallel mode: deterministic, using up to 32 threads.
Root relaxation solution time = 0.77 sec. (359.58 ticks)

        Nodes                                         Cuts/
   Node  Left     Objective  IInf  Best Integer    Best Bound    ItCnt     Gap

*     0+    0                      1219354.7183        0.0000           100.00%
*     0+    0                       459230.7502        0.0000           100.00%
*     0+    0                       404472.0502        0.0000           100.00%
      0     0   123598.6855  1655   404472.0502   123598.6855     1688   69.44%
Time: 49.02 seconds
MIP Gap: 0.69
Nodes: 0
Best Objective: 123598.685486409260193
Incumbent Obj:  404472.050227070169058
*     0+    0                       401548.6778   123598.6855            69.22%
      0     0   157224.5714  3022   401548.6778    Cuts: 1661     4563   60.85%
Time: 54.232991933822632 seconds
MIP Gap: 0.608454515952157
Nodes: 0
Best Objective: 157224.571415070153307
Incumbent Obj:  401548.677792588423472
      0     0   181869.9618  4778   401548.6778    Cuts: 1661     7332   54.71%
      0     0   196606.8102  6123   401548.6778    Cuts: 1661    10070   51.04%
Time: 66.758447885513306 seconds
MIP Gap: 0.510378638884906
Nodes: 0
Best Objective: 196606.810174773389008
Incumbent Obj:  401548.677792588423472
      0     0   206314.1017  7409   401548.6778    Cuts: 1661    12663   48.62%
Time: 73.691090822219849 seconds
MIP Gap: 0.486204006804584
Nodes: 0
Best Objective: 206314.101722749095643
Incumbent Obj:  401548.677792588423472
      0     0   213051.1495  8142   401548.6778    Cuts: 1661    15268   46.94%
Detecting symmetries...
Time: 81.538101911544800 seconds
MIP Gap: 0.469426345394007
Nodes: 0
Best Objective: 213051.149478618026478
Incumbent Obj:  401548.677792588423472
      0     0   218130.9027  8690   401548.6778    Cuts: 1661    17870   45.68%
Time: 90.412844896316528 seconds
MIP Gap: 0.456775940960974
Nodes: 0
Best Objective: 218130.902652243763441
Incumbent Obj:  401548.677792588423472
      0     0   221461.7772  8921   401548.6778    Cuts: 1661    20569   44.85%
Time: 99.208247900009155 seconds
MIP Gap: 0.448480870479089
Nodes: 0
Best Objective: 221461.777236441237619
Incumbent Obj:  401548.677792588423472
      0     0   223676.6782  9402   401548.6778    Cuts: 1661    23023   44.30%
Time: 108.415757894515991 seconds
MIP Gap: 0.442964973985981
Nodes: 0
Best Objective: 223676.678180089482339
Incumbent Obj:  401548.677792588423472
      0     0   225731.3441  9274   401548.6778    Cuts: 1661    25431   43.78%
Time: 118.083412885665894 seconds
MIP Gap: 0.437848120054491
Nodes: 0
Best Objective: 225731.344110736885341
Incumbent Obj:  401548.677792588423472
      0     0   228299.6815  9343   401548.6778    Cuts: 1661    28018   43.15%
Time: 130.122074842453003 seconds
MIP Gap: 0.431452040180695
Nodes: 0
Best Objective: 228299.681527115404606
Incumbent Obj:  401548.677792588423472
      0     0   230926.4859  9919   401548.6778    Cuts: 1661    30800   42.49%
Time: 141.306968927383423 seconds
MIP Gap: 0.424910356760349
Nodes: 0
Best Objective: 230926.485855093167629
Incumbent Obj:  401548.677792588423472
      0     0   232680.6063  9493   401548.6778    Cuts: 1661    33497   42.05%
*     0+    0                       376884.5055   232680.6063            38.26%
Time: 151.459663867950439 seconds
MIP Gap: 0.382620927909116
Nodes: 0
Best Objective: 232680.606313769269036
Incumbent Obj:  376884.505536845652387
      0     0   233810.6551  9488   376884.5055    Cuts: 1661    36141   37.96%
Time: 177.620800971984863 seconds
MIP Gap: 0.379622532530579
Nodes: 0
Best Objective: 233810.655073413363425
Incumbent Obj:  376884.505536845652387
      0     0   234472.1198  9348   376884.5055    Cuts: 1661    38725   37.79%
*     0+    0                       284438.6138   234472.1198            17.57%
Time: 188.744368791580200 seconds
MIP Gap: 0.175667056458596
Nodes: 0
Best Objective: 234472.119810492149554
Incumbent Obj:  284438.613848404726014
      0     0   234796.2487  8459   284438.6138    Cuts: 1460    40942   17.45%
Time: 196.740877866744995 seconds
MIP Gap: 0.174527517463284
Nodes: 0
Best Objective: 234796.248702745069750
Incumbent Obj:  284438.613848404726014
      0     0   234954.2875  7838   284438.6138     Cuts: 969    42718   17.40%
*     0+    0                       278635.1059   234954.2875            15.68%
*     0+    0                       278630.3048   234954.2875            15.68%
Time: 205.581828832626343 seconds
MIP Gap: 0.156752573293511
Nodes: 0
Best Objective: 234954.287516261130804
Incumbent Obj:  278630.304789583547972
      0     0   235060.0030  8352   278630.3048     Cuts: 733    44194   15.64%
Time: 212.607209920883179 seconds
MIP Gap: 0.156373162070178
Nodes: 0
Best Objective: 235060.002981058874866
Incumbent Obj:  278630.304789583547972
      0     0   235131.6377  7497   278630.3048     Cuts: 575    45403   15.61%
      0     0   235173.5163  7039   278630.3048     Cuts: 482    46320   15.60%
*     0+    0                       275249.7612   235173.5163            14.56%
Time: 222.982904911041260 seconds
MIP Gap: 0.145599562720822
Nodes: 0
Best Objective: 235173.516311932558892
Incumbent Obj:  275249.761178538436070
      0     0   235200.0531  8413   275249.7612     Cuts: 363    47226   14.55%
      0     0   235222.6046  6997   275249.7612     Cuts: 391    47921   14.54%
Time: 231.884868860244751 seconds
MIP Gap: 0.145421221918301
Nodes: 0
Best Objective: 235222.604575234960066
Incumbent Obj:  275249.761178538436070
      0     0   235242.8989  7654   275249.7612     Cuts: 236    48621   14.53%
Heuristic still looking.
*     0+    0                       271711.5812   235242.8989            13.42%
Detecting symmetries...
Time: 275.588837862014771 seconds
MIP Gap: 0.134218358057559
Nodes: 0
Best Objective: 235242.898912966862554
Incumbent Obj:  271711.581207916431595
      0     2   235242.8989  7654   271711.5812   235242.8989    48621   13.42%
Elapsed time = 252.69 sec. (150163.94 ticks, tree = 0.02 MB, solutions = 10)
      3     5   235274.3435  7601   271711.5812   235247.5218    48706   13.42%
      5     7   235284.9469  7420   271711.5812   235247.5218    48834   13.42%
Time: 280.592117786407471 seconds
MIP Gap: 0.134201344276296
Nodes: 7
Best Objective: 235247.521754376124591
Incumbent Obj:  271711.581207916431595
      7     9   235293.1638  7369   271711.5812   235247.5218    48903   13.42%
     10    10   235295.9485  7344   271711.5812   235247.5218    48963   13.42%
     12    11   235260.5617  7681   271711.5812   235249.7364    49148   13.42%
     15    15   235266.9258  7613   271711.5812   235249.7364    49307   13.42%
     19    10   235316.2191  7131   271711.5812   235249.7364    48980   13.42%
     25    15   235298.7506  7447   271711.5812   235249.7364    49311   13.42%
Time: 287.713896989822388 seconds
MIP Gap: 0.134186469659989
Nodes: 26
Best Objective: 235251.563359892577864
Incumbent Obj:  271711.581207916431595
     31    18   235291.7804  7598   271711.5812   235251.5634    49526   13.42%
Time: 292.939713001251221 seconds
MIP Gap: 0.134142736217369
Nodes: 54
Best Objective: 235263.446242738602450
Incumbent Obj:  271711.581207916431595
     85    56   235337.6787  7688   271711.5812   235263.4462    56038   13.41%
Elapsed time = 269.14 sec. (153953.35 ticks, tree = 1.55 MB, solutions = 10)
    155   129   235352.8788  7517   271711.5812   235264.4757    67366   13.41%
Time: 302.489252805709839 seconds
MIP Gap: 0.134138947515471
Nodes: 149
Best Objective: 235264.475676922040293
Incumbent Obj:  271711.581207916431595
    257   181   235397.6332  6527   271711.5812   235264.4757    74524   13.41%
Time: 307.878926992416382 seconds
MIP Gap: 0.134138947515471
Nodes: 221
Best Objective: 235264.475676922040293
Incumbent Obj:  271711.581207916431595
    342   231   235374.3128  6233   271711.5812   235264.4757    78822   13.41%
*   441+  164                       239742.5246   235264.4757             1.87%
*   464+   77                       238691.7826   235264.4757             1.44%
    464   341   235423.1515  5906   238691.7826   235264.4757    87130    1.44%
Time: 321.411843776702881 seconds
MIP Gap: 0.015183656683939
Nodes: 395
Best Objective: 235264.475676922040293
Incumbent Obj:  238891.725623421894852
    536   394   235380.2551  6487   238691.7826   235264.4757    90205    1.44%
    564   426   235455.9310  5853   238691.7826   235264.4757    92161    1.44%
Time: 327.834673881530762 seconds
MIP Gap: 0.015183656683939
Nodes: 489
Best Objective: 235264.475676922040293
Incumbent Obj:  238891.725623421894852
    613   471   235443.8883  6039   238691.7826   235264.4757    94925    1.44%
    658   525   235429.9568  6206   238691.7826   235264.4757    98662    1.44%
    688   559   235416.6329  5124   238691.7826   235264.4757   100483    1.44%
    746   598   235576.6661  5073   238691.7826   235264.4757   102587    1.44%
Elapsed time = 312.94 sec. (163702.33 ticks, tree = 81.49 MB, solutions = 14)
Time: 342.091586828231812 seconds
MIP Gap: 0.014358713528101
Nodes: 669
Best Objective: 235264.475676922040293
Incumbent Obj:  238691.782604856911348
    779   655   235529.5774  5955   238691.7826   235264.4757   106729    1.44%
*   787+  617                       237851.6513   235264.4757             1.09%
    818   677   235442.3453  5604   237851.6513   235264.4757   107643    1.09%
    863   727   235544.5595  4506   237851.6513   235264.4757   111053    1.09%
    889   754   235617.4391  4859   237851.6513   235264.4757   112702    1.09%
Time: 350.846707820892334 seconds
MIP Gap: 0.010877265824203
Nodes: 768
Best Objective: 235264.475676922040293
Incumbent Obj:  237851.651315000897739
    945   815   235535.3302  5644   237851.6513   235264.4757   116507    1.09%
   1025   868   235597.7456  4448   237851.6513   235264.4757   120025    1.09%
   1084   938   235590.8544  5628   237851.6513   235264.4757   123277    1.09%
   1130   974   235650.3760  5765   237851.6513   235264.4757   125327    1.09%
   1198  1013   235643.8199  4884   237851.6513   235264.4757   127295    1.09%
   1264  1085   235448.0387  5532   237851.6513   235264.4757   131550    1.09%
Elapsed time = 347.04 sec. (173348.82 ticks, tree = 176.41 MB, solutions = 17)
   1307  1173   235767.6032  4722   237851.6513   235264.4757   136609    1.09%
   1340  1185   235832.2690  4057   237851.6513   235264.4757   137224    1.09%
   1386  1226   235356.4439  6731   237851.6513   235264.4757   139567    1.09%
   1444  1300   235797.8101  4327   237851.6513   235264.4757   143578    1.09%
   1506  1363   235711.0228  4998   237851.6513   235264.4757   146968    1.09%
   1574  1371   235527.9956  4897   237851.6513   235264.4757   147660    1.09%
Time: 408.073584794998169 seconds
MIP Gap: 0.010877265824203
Nodes: 1538
Best Objective: 235264.475676922040293
Incumbent Obj:  237851.651315000897739
   1597  1413   235674.6884  3369   237851.6513   235264.4757   149694    1.09%
   1620  1488   235687.8966  3035   237851.6513   235264.4757   153410    1.09%
Time: 415.268349885940552 seconds
MIP Gap: 0.010877265824203
Nodes: 1573
Best Objective: 235264.475676922040293
Incumbent Obj:  237851.651315000897739
   1690  1573   235607.6876  5888   237851.6513   235264.4757   158333    1.09%
   1784  1584   235707.5873  4193   237851.6513   235264.4757   158858    1.09%
Elapsed time = 393.29 sec. (183193.18 ticks, tree = 277.81 MB, solutions = 19)
Time: 423.134696960449219 seconds
MIP Gap: 0.010877265824203
Nodes: 1756
Best Objective: 235264.475676922040293
Incumbent Obj:  237851.651315000897739
   1910  1733   235582.3960  4282   237851.6513   235264.4757   167229    1.09%
   2049  1709   235861.0906  4306   237851.6513   235264.4757   165485    1.09%
Time: 436.338689804077148 seconds
MIP Gap: 0.010877265824203
Nodes: 2023
Best Objective: 235264.475676922040293
Incumbent Obj:  237851.651315000897739
   2211  1775   235733.2717  3024   237851.6513   235264.4757   169460    1.09%
   2362  1966   235443.1779  6274   237851.6513   235264.4757   181120    1.09%
   2498  2235   235960.5250  3845   237851.6513   235264.4757   196462    1.09%
Time: 452.458684921264648 seconds
MIP Gap: 0.010877265824203
Nodes: 2425
Best Objective: 235264.475676922040293
Incumbent Obj:  237851.651315000897739
   2610  2255   235498.8355  6539   237851.6513   235264.4757   197684    1.09%
   2741  2485   235664.8815  4162   237851.6513   235264.4757   210841    1.09%
   2868  2456   235952.8831  3839   237851.6513   235264.4757   209294    1.09%
Time: 468.793344974517822 seconds
MIP Gap: 0.010877265824203
Nodes: 2673
Best Objective: 235264.475676922040293
Incumbent Obj:  237851.651315000897739
   2996  2794   235654.2270  4141   237851.6513   235264.4757   228839    1.09%
   3134  2880   235626.5039  5621   237851.6513   235264.4757   233700    1.09%
Elapsed time = 455.52 sec. (192805.97 ticks, tree = 593.64 MB, solutions = 19)
   3261  2861   236105.0201  3434   237851.6513   235264.4757   232182    1.09%
Time: 488.091131925582886 seconds
MIP Gap: 0.010877265824203
Nodes: 3066
Best Objective: 235264.475676922040293
Incumbent Obj:  237851.651315000897739
   3364  2903   235675.7003  3630   237851.6513   235264.4757   235083    1.09%
   3454  3279   235776.7977  2101   237851.6513   235264.4757   256958    1.09%
   3547  3266   235609.0239  3972   237851.6513   235264.4757   256314    1.09%
Time: 508.674163818359375 seconds
MIP Gap: 0.010877265824203
Nodes: 3417
Best Objective: 235264.475676922040293
Incumbent Obj:  237851.651315000897739
   3648  3264   235961.9058  2771   237851.6513   235264.4757   256208    1.09%
   3765  3593   236356.0800  2118   237851.6513   235264.4757   277723    1.09%
   3856  3474   236183.9935  3187   237851.6513   235264.4757   269898    1.09%
Time: 530.458777904510498 seconds
MIP Gap: 0.010877265824203
Nodes: 3715
Best Objective: 235264.475676922040293
Incumbent Obj:  237851.651315000897739
Stopping optimization: Relative gap did not improve by 1.00% in the last 120.00 seconds.
   3941  3509   235774.2645  2716   237851.6513   235264.4757   272224    1.09%
   4000  3589   235736.9901  4334   237851.6513   235264.4757   276829    1.09%
   4033  3707   236185.6752  2335   237851.6513   235264.4757   286176    1.09%
Elapsed time = 509.53 sec. (202437.73 ticks, tree = 812.01 MB, solutions = 19)
   4049  3666   235971.9803  2864   237851.6513   235264.4757   282879    1.09%
   4053  3683   236126.0798  2814   237851.6513   235264.4757   284418    1.09%
Time: 537.73 seconds
MIP Gap: 0.01
Nodes: 4054
Best Objective: 235264.475676922040293
Incumbent Obj:  237851.651315000897739

Clique cuts applied:  6403
Cover cuts applied:  4626
Flow cuts applied:  203
Mixed integer rounding cuts applied:  2074
Zero-half cuts applied:  2589
Gomory fractional cuts applied:  3

Root node processing (before b&c):
  Real time             =  234.84 sec. (149335.91 ticks)
Parallel b&c, 32 threads:
  Real time             =  281.51 sec. (56618.72 ticks)
  Sync time (average)   =  107.53 sec.
  Wait time (average)   =    0.00 sec.
                          ------------
Total (root+branch&cut) =  516.36 sec. (205954.63 ticks)
[INFO] Saving variables cplex:
./outputs/solutions/2024-08-28_LIT_seed_500_Subp_nxC/VarsValues_cplex/test_lit_fnl4461_0500_CPMP_Vars_Bin_p_500_RSSV_EXACT_CPMP_BIN.txt
[INFO] Saving results cplex: 
./outputs/solutions/2024-08-28_LIT_seed_500_Subp_nxC/Results_cplex/test_lit_fnl4461_0500_Bin_RSSV_EXACT_CPMP_BIN.csv

Final solution CPMP:
p locations: 1009 4218 3165 4228 4403 350 978 371 3591 1154 2616 3974 1539 1316 127 4348 1139 1362 4057 691 692 4450 4062 2515 969 2079 656 3841 4323 1487 720 3168 2315 1294 1995 1093 2586 908 4340 1532 3734 3025 1704 3558 349 1628 3905 3196 1993 3264 2625 1719 1670 3074 1314 506 1406 1288 1434 3134 2768 3670 1590 3438 3174 1618 3822 3828 893 4102 1955 4082 253 3462 1328 939 2738 1320 3341 2914 3388 2367 3785 799 666 2943 3652 4400 3318 1191 4213 3655 4066 1939 2359 2529 4022 1014 32 3147 565 1359 2312 317 449 2758 4176 2750 1332 2867 2169 751 1762 3180 1088 2506 434 4141 614 3363 3732 3837 1710 699 3173 2499 2762 2088 2495 1077 4388 134 1052 3256 1129 792 3152 1804 3695 2010 2765 2250 1576 2854 4272 1646 2355 228 3355 322 1775 1101 2574 124 1472 2483 4074 3063 2571 1736 2577 2076 4133 3424 3376 4387 3884 1757 3407 4116 3617 584 1932 409 3954 3878 3167 2458 3948 4088 1252 873 164 1035 3871 3170 1019 3146 1798 2135 2978 4311 766 1475 1391 3750 3804 3095 2385 258 91 3969 323 3496 824 3590 2172 2924 3633 3699 863 1537 3702 157 494 3644 1285 3225 1772 3899 2435 1087 2063 1354 2772 535 4291 1455 2873 2038 3386 1795 3887 2469 2077 996 2414 2745 325 1743 3007 236 2258 2434 1432 1502 2211 84 4271 2923 2714 1712 364 1876 3526 4235 572 4246 202 2898 2192 844 955 2373 3840 2118 3269 433 3720 175 193 1878 2364 4386 2224 2933 3944 765 56 2892 3601 568 1242 2776 2439 80 2442 2105 3390 2743 3452 4161 3824 2992 2092 3316 4185 2808 603 940 3322 1657 2331 3327 1642 1824 689 3525 2107 2942 19 1856 1147 2832 2883 2454 2120 1783 2195 4422 3004 982 2602 3311 973 3478 2095 2804 2884 561 495 590 1299 2984 3351 3685 1514 1300 2718 2031 3892 2055 1888 2155 3573 2113 4240 3531 856 2274 589 481 1155 3077 3786 2522 3940 233 2623 2286 29 2599 1890 2554 415 752 606 1240 3971 3262 3437 1415 3542 4355 101 546 3031 3705 1538 190 2475 1801 10 2636 4054 1503 1166 3997 522 2649 71 745 4320 2635 2279 265 2869 1451 1491 929 1980 1271 1808 2208 352 3484 1595 4431 3013 4012 1160 715 2842 3202 1709 111 413 1122 3584 3071 1793 375 3920 4208 2081 3197 1070 812 2532 1823 4179 2544 3253 2856 2789 221 3430 1684 917 208 2209 1500 3522 2520 1811 393 1969 958 58 1476 4045 2030 281 1999 581 2708 2371 878 1157 3993 4427 3718 3009 3149 313 860 2278 1140 1759 3816 3107 513 3349 1348 4259 3550 779 2272 1721 3374 1548 4384 3689 801 3637 530 2657 762 3941 4188 643 2659 1616 2652 1234 493 1202 4038 2321 3739 
p size: 500
objective: 237851.651315002993215
sum (dij * xij) 
demand/capacity: 224395.000000000000000/280500
Solution is Feasible
Statistics:
Max distance: 239.841614404172986
Min distance: 0.000000000000000
Avg distance: 53.318011951356873
Std deviation distance: 29.085438738134087


Final total elapsed time: 868s
[INFO] Saving assignment: ./outputs/solutions/2024-08-28_LIT_seed_500_Subp_nxC/Assignments/test_lit_fnl4461_0500_p_500_RSSV_EXACT_CPMP_BIN.txt
[INFO] Saving results: ./outputs/solutions/2024-08-28_LIT_seed_500_Subp_nxC/test_lit_fnl4461_0500_results_RSSV_EXACT_CPMP_BIN.csv
[INFO] Saving all results: ./outputs/solutions/test_all_results.csv
Post Optimization: EXACT_CPMP_BIN


-------------------------------------------------
Post Optimization
-------------------------------------------------
method: EXACT_CPMP_BIN
-------------------------------------------------
Time for post-optimization: 2732.000000000000000s
PostOptimization constructor for Solution_cap
p locations: 1009 4218 3165 4228 4403 350 978 371 3591 1154 2616 3974 1539 1316 127 4348 1139 1362 4057 691 692 4450 4062 2515 969 2079 656 3841 4323 1487 720 3168 2315 1294 1995 1093 2586 908 4340 1532 3734 3025 1704 3558 349 1628 3905 3196 1993 3264 2625 1719 1670 3074 1314 506 1406 1288 1434 3134 2768 3670 1590 3438 3174 1618 3822 3828 893 4102 1955 4082 253 3462 1328 939 2738 1320 3341 2914 3388 2367 3785 799 666 2943 3652 4400 3318 1191 4213 3655 4066 1939 2359 2529 4022 1014 32 3147 565 1359 2312 317 449 2758 4176 2750 1332 2867 2169 751 1762 3180 1088 2506 434 4141 614 3363 3732 3837 1710 699 3173 2499 2762 2088 2495 1077 4388 134 1052 3256 1129 792 3152 1804 3695 2010 2765 2250 1576 2854 4272 1646 2355 228 3355 322 1775 1101 2574 124 1472 2483 4074 3063 2571 1736 2577 2076 4133 3424 3376 4387 3884 1757 3407 4116 3617 584 1932 409 3954 3878 3167 2458 3948 4088 1252 873 164 1035 3871 3170 1019 3146 1798 2135 2978 4311 766 1475 1391 3750 3804 3095 2385 258 91 3969 323 3496 824 3590 2172 2924 3633 3699 863 1537 3702 157 494 3644 1285 3225 1772 3899 2435 1087 2063 1354 2772 535 4291 1455 2873 2038 3386 1795 3887 2469 2077 996 2414 2745 325 1743 3007 236 2258 2434 1432 1502 2211 84 4271 2923 2714 1712 364 1876 3526 4235 572 4246 202 2898 2192 844 955 2373 3840 2118 3269 433 3720 175 193 1878 2364 4386 2224 2933 3944 765 56 2892 3601 568 1242 2776 2439 80 2442 2105 3390 2743 3452 4161 3824 2992 2092 3316 4185 2808 603 940 3322 1657 2331 3327 1642 1824 689 3525 2107 2942 19 1856 1147 2832 2883 2454 2120 1783 2195 4422 3004 982 2602 3311 973 3478 2095 2804 2884 561 495 590 1299 2984 3351 3685 1514 1300 2718 2031 3892 2055 1888 2155 3573 2113 4240 3531 856 2274 589 481 1155 3077 3786 2522 3940 233 2623 2286 29 2599 1890 2554 415 752 606 1240 3971 3262 3437 1415 3542 4355 101 546 3031 3705 1538 190 2475 1801 10 2636 4054 1503 1166 3997 522 2649 71 745 4320 2635 2279 265 2869 1451 1491 929 1980 1271 1808 2208 352 3484 1595 4431 3013 4012 1160 715 2842 3202 1709 111 413 1122 3584 3071 1793 375 3920 4208 2081 3197 1070 812 2532 1823 4179 2544 3253 2856 2789 221 3430 1684 917 208 2209 1500 3522 2520 1811 393 1969 958 58 1476 4045 2030 281 1999 581 2708 2371 878 1157 3993 4427 3718 3009 3149 313 860 2278 1140 1759 3816 3107 513 3349 1348 4259 3550 779 2272 1721 3374 1548 4384 3689 801 3637 530 2657 762 3941 4188 643 2659 1616 2652 1234 493 1202 4038 2321 3739 
p size: 500
objective: 237851.651315002993215
sum (dij * xij) 
demand/capacity: 224395.000000000000000/280500
Solution is Feasible
[INFO] Running post-optimization
Time limit: 2732.000000000000000
Max size of the neigh: 7
 ------------------------------------ 

Iteration Post-Optimization: 1
Size of neighborhood: 1
[INFO] Adding MIP start solution
Gap Cplex Reports: gap_Bin_service_fnl4461_0500_p_500_RSSV_POSTOPT.csv
[CALLBACK] Generating reports cplex callbacks...
Default row names c1, c2 ... being created.
Version identifier: 22.1.1.0 | 2022-11-28 | 9160aff4d
CPXPARAM_TimeLimit                               2732
CPXPARAM_MIP_Tolerances_LowerCutoff              235264.47567692204
Legacy callback                                  i
1 of 2 MIP starts provided solutions.
MIP start 'm1' defined initial solution with objective 236468.4631.
Tried aggregator 1 time.
Presolve has eliminated 19598960 rows and 19598960 columns...
MIP Presolve eliminated 19598960 rows and 19598960 columns.
Reduced MIP has 9423 rows, 306022 columns, and 613044 nonzeros.
Reduced MIP has 306022 binaries, 0 generals, 0 SOSs, and 0 indicators.
Presolve time = 21.01 sec. (12975.82 ticks)
Tried aggregator 1 time.
Detecting symmetries...
Reduced MIP has 9423 rows, 306022 columns, and 613044 nonzeros.
Reduced MIP has 306022 binaries, 0 generals, 0 SOSs, and 0 indicators.
Presolve time = 1.32 sec. (632.84 ticks)
Probing time = 1.86 sec. (57.09 ticks)
Clique table members: 306522.
MIP emphasis: balance optimality and feasibility.
MIP search method: dynamic search.
Parallel mode: deterministic, using up to 32 threads.
Root relaxation solution time = 0.81 sec. (568.64 ticks)

        Nodes                                         Cuts/
   Node  Left     Objective  IInf  Best Integer    Best Bound    ItCnt     Gap

*     0+    0                       236468.4631        0.0000           100.00%
      0     0   188150.4517  1367   236468.4631   188150.4517    11417   20.43%
Time: 157.436802148818970 seconds
MIP Gap: 0.204331735454758
Nodes: 0
Best Objective: 188150.451662750943797
Incumbent Obj:  236468.463110423181206
      0     0   212090.8082  4734   236468.4631    Cuts: 2455    15147   10.31%
      0     0   223996.4135  4776   236468.4631    Cuts: 2455    17821    5.27%
Time: 164.189674139022827 seconds
MIP Gap: 0.052742972209981
Nodes: 0
Best Objective: 223996.413532053295057
Incumbent Obj:  236468.463110423181206
      0     0   227467.3246  3350   236468.4631    Cuts: 2455    19816    3.81%
*     0+    0                       234440.2173   227467.3246             2.97%
      0     0  -1.00000e+75     0   234440.2173   227467.3246    19816    2.97%
Time: 176.652064085006714 seconds
MIP Gap: 0.029742732698489
Nodes: 0
Best Objective: 227467.324605094065191
Incumbent Obj:  234440.217322698765201
      0     0   228848.3192  2071   234440.2173    Cuts: 1505    21151    2.39%
      0     0   229475.3595  2238   234440.2173     Cuts: 891    22174    2.12%
Detecting symmetries...
      0     0   229953.3756  1789   234440.2173     Cuts: 646    22873    1.91%
      0     0   230302.3523  1794   234440.2173     Cuts: 522    23345    1.76%
Time: 182.729958057403564 seconds
MIP Gap: 0.017649979278501
Nodes: 0
Best Objective: 230302.352344905899372
Incumbent Obj:  234440.217322698765201
      0     0   230548.5391  1144   234440.2173     Cuts: 503    23796    1.66%
      0     0   230729.2882  1447   234440.2173     Cuts: 270    24323    1.58%
      0     0   230866.2302   989   234440.2173     Cuts: 313    24724    1.52%
      0     0   231005.1241  1001   234440.2173     Cuts: 282    25165    1.47%
      0     0   231089.0570   970   234440.2173     Cuts: 270    25488    1.43%
Time: 188.591912984848022 seconds
MIP Gap: 0.014294306482255
Nodes: 0
Best Objective: 231089.057004521600902
Incumbent Obj:  234440.217322698765201
      0     0   231196.8224  1208   234440.2173     Cuts: 249    25875    1.38%
      0     0   231271.0701  1110   234440.2173     Cuts: 286    26195    1.35%
      0     0   231358.3052   964   234440.2173     Cuts: 215    26501    1.31%
      0     0   231431.7587  1013   234440.2173     Cuts: 200    26890    1.28%
      0     0   231497.5772   872   234440.2173     Cuts: 195    27178    1.26%
Time: 194.266973972320557 seconds
MIP Gap: 0.012551771677695
Nodes: 0
Best Objective: 231497.577242795145139
Incumbent Obj:  234440.217322698765201
      0     0   231553.8691  1027   234440.2173     Cuts: 190    27417    1.23%
      0     0   231600.6122   851   234440.2173     Cuts: 163    27668    1.21%
      0     0   231661.3770   875   234440.2173     Cuts: 169    27969    1.19%
      0     0   231709.8114  1023   234440.2173     Cuts: 180    28208    1.16%
      0     0   231737.1442   667   234440.2173     Cuts: 178    28427    1.15%
      0     0   231767.0747  1135   234440.2173     Cuts: 152    28645    1.14%
*     0+    0                       233082.7570   231767.0747             0.56%
*     0+    0                       233032.4906   231767.0747             0.54%
      0     0  -1.00000e+75     0   233032.4906   231767.0747    28645    0.54%
Detecting symmetries...
Time: 236.033514976501465 seconds
MIP Gap: 0.005430212371598
Nodes: 0
Best Objective: 231767.074686438951176
Incumbent Obj:  233032.490599878685316
      0     2   231767.0747  1135   233032.4906   231767.0747    28645    0.54%
Elapsed time = 183.59 sec. (65568.33 ticks, tree = 0.02 MB, solutions = 4)
      5     7   231784.7596   974   233032.4906   231767.1104    28694    0.54%
     11     9   231807.2564   852   233032.4906   231769.8229    28901    0.54%
     22    21   231825.1234   749   233032.4906   231769.8229    29306    0.54%
     52    42   231850.5942   747   233032.4906   231769.8229    30213    0.54%
     74    50   231854.9938   847   233032.4906   231773.2825    30791    0.54%
Time: 241.171473026275635 seconds
MIP Gap: 0.005357686390280
Nodes: 76
Best Objective: 231783.975596498552477
Incumbent Obj:  233032.490599878685316
     87    76   231850.5682   895   233032.4906   231783.9756    31822    0.54%
    126   112   231920.6993   380   233032.4906   231783.9756    35265    0.54%
    182   142        cutoff         233032.4906   231783.9756    35948    0.54%
    223   116   231863.5463   902   233032.4906   231783.9756    35470    0.54%
*   277+  152                       233011.6847   231809.3107             0.52%
Time: 246.337088108062744 seconds
MIP Gap: 0.005248967244385
Nodes: 261
Best Objective: 231809.310689842503052
Incumbent Obj:  233032.490599878685316
*   282+  152                       232929.4703   231809.3107             0.48%
    365   310   231911.3539   220   232929.4703   231809.3107    40482    0.48%
Elapsed time = 194.49 sec. (68790.10 ticks, tree = 43.90 MB, solutions = 4)
    559   409   231890.6368   190   232929.4703   231818.4883    43320    0.48%
Time: 251.937267065048218 seconds
MIP Gap: 0.005209583825766
Nodes: 541
Best Objective: 231818.488305971608497
Incumbent Obj:  233032.490599878685316
    636   447   231978.5600   202   232929.4703   231822.6405    44308    0.48%
Time: 256.971760988235474 seconds
MIP Gap: 0.004751780453623
Nodes: 608
Best Objective: 231822.640548313938780
Incumbent Obj:  232929.470252130733570
    668   456    infeasible         232929.4703   231822.6405    44537    0.48%
    727   469   232086.3000   275   232929.4703   231822.6405    44852    0.48%
Time: 262.656243085861206 seconds
MIP Gap: 0.004751780453623
Nodes: 748
Best Objective: 231822.640548313938780
Incumbent Obj:  232929.470252130733570
    832   508        cutoff         232929.4703   231822.6405    45530    0.48%
    963   550   231990.4563   199   232929.4703   231822.6405    46629    0.48%
Time: 268.835855007171631 seconds
MIP Gap: 0.004751780453623
Nodes: 1006
Best Objective: 231822.640548313938780
Incumbent Obj:  232929.470252130733570
   1097   604        cutoff         232929.4703   231822.6405    47812    0.48%
   1285   685   232231.5279   317   232929.4703   231822.6405    48846    0.48%
Time: 275.311464071273804 seconds
MIP Gap: 0.004751780453623
Nodes: 1366
Best Objective: 231822.640548313938780
Incumbent Obj:  232929.470252130733570
   1520   784   231907.6334   249   232929.4703   231822.6405    50345    0.48%
   1711   833   232023.6850   198   232929.4703   231822.6405    51298    0.48%
Elapsed time = 226.53 sec. (78512.19 ticks, tree = 124.59 MB, solutions = 7)
Time: 281.075421094894409 seconds
MIP Gap: 0.004750533778347
Nodes: 1621
Best Objective: 231822.930935725424206
Incumbent Obj:  232929.470252130733570
   1720   853   231908.2859   702   232929.4703   231822.9309    52184    0.48%
Time: 286.631659030914307 seconds
MIP Gap: 0.004750533778347
Nodes: 1666
Best Objective: 231822.930935725424206
Incumbent Obj:  232929.470252130733570
   1741   866        cutoff         232929.4703   231822.9309    52269    0.48%
   1824   889   232202.2505   268   232929.4703   231822.9309    52566    0.48%
Time: 293.167685985565186 seconds
MIP Gap: 0.004750533778347
Nodes: 1865
Best Objective: 231822.930935725424206
Incumbent Obj:  232929.470252130733570
   1946   919   232018.0320   186   232929.4703   231822.9309    53111    0.48%
   2058   971        cutoff         232929.4703   231822.9309    53970    0.48%
*  2145+  970                       232910.4943   231822.9309             0.47%
Time: 299.428190946578979 seconds
MIP Gap: 0.004669447728492
Nodes: 2056
Best Objective: 231822.930935725424206
Incumbent Obj:  232910.494314343493897
   2207  1012   231924.8142   153   232910.4943   231822.9309    54565    0.47%
   2228  1021        cutoff         232910.4943   231822.9309    54670    0.47%
*  2233+ 1012                       232908.5516   231822.9309             0.47%
Time: 305.719546079635620 seconds
MIP Gap: 0.004661145640582
Nodes: 2112
Best Objective: 231822.930935725424206
Incumbent Obj:  232908.551615743432194
   2263  1029   232533.1977   248   232908.5516   231822.9309    54740    0.47%
   2294  1033        cutoff         232908.5516   231822.9309    54830    0.47%
   2346  1056   232442.4238   237   232908.5516   231822.9309    55035    0.47%
Elapsed time = 255.95 sec. (88404.19 ticks, tree = 169.55 MB, solutions = 10)
Time: 311.342264175415039 seconds
MIP Gap: 0.004661145640582
Nodes: 2277
Best Objective: 231822.930935725424206
Incumbent Obj:  232908.551615743432194
   2428  1081   232513.2413   187   232908.5516   231822.9309    55519    0.47%
   2548  1099   232399.7784   330   232908.5516   231822.9309    55790    0.47%
   2686  1168   232213.0888   228   232908.5516   231822.9309    56736    0.47%
Time: 318.407439947128296 seconds
MIP Gap: 0.004661145640582
Nodes: 2639
Best Objective: 231822.930935725424206
Incumbent Obj:  232908.551615743432194
   2839  1212        cutoff         232908.5516   231822.9309    57523    0.47%
   3029  1279   232164.5728   150   232908.5516   231822.9309    58380    0.47%
Time: 324.315477132797241 seconds
MIP Gap: 0.004661145640582
Nodes: 2995
Best Objective: 231822.930935725424206
Incumbent Obj:  232908.551615743432194
   3233  1324        cutoff         232908.5516   231822.9309    59033    0.47%
   3452  1387   232586.5964   193   232908.5516   231822.9309    60091    0.47%
Time: 332.027452945709229 seconds
MIP Gap: 0.004661145640582
Nodes: 3418
Best Objective: 231822.930935725424206
Incumbent Obj:  232908.551615743432194
   3731  1466   231926.5438   725   232908.5516   231822.9309    61826    0.47%
   3864  1526   231943.7987   585   232908.5516   231823.3656    62941    0.47%
   3908  1536   232787.9527   220   232908.5516   231823.3656    63036    0.47%
Elapsed time = 284.60 sec. (98015.32 ticks, tree = 268.02 MB, solutions = 11)
Time: 338.260611057281494 seconds
MIP Gap: 0.004659279326245
Nodes: 3653
Best Objective: 231823.365616294526262
Incumbent Obj:  232908.551615743432194
   3981  1559   232648.4881   214   232908.5516   231823.3656    63344    0.47%
   4087  1593        cutoff         232908.5516   231823.3656    63956    0.47%
Time: 344.748878955841064 seconds
MIP Gap: 0.004659279326245
Nodes: 3960
Best Objective: 231823.365616294526262
Incumbent Obj:  232908.551615743432194
   4199  1623   232552.4818   211   232908.5516   231823.3656    64608    0.47%
   4377  1704   232318.9627   249   232908.5516   231823.3656    65916    0.47%
Time: 350.347502946853638 seconds
MIP Gap: 0.004659279326245
Nodes: 4335
Best Objective: 231823.365616294526262
Incumbent Obj:  232908.551615743432194
   4620  1750   232377.4791   253   232908.5516   231823.3656    66707    0.47%
   4882  1819   232402.5436   255   232908.5516   231823.3656    67830    0.47%
Time: 356.595465183258057 seconds
MIP Gap: 0.004659279326245
Nodes: 4823
Best Objective: 231823.365616294526262
Incumbent Obj:  232908.551615743432194
   5152  1894   232377.0927   205   232908.5516   231823.3656    69095    0.47%
   5433  2050   232502.1477   277   232908.5516   231823.3656    71802    0.47%
Time: 365.144095182418823 seconds
MIP Gap: 0.004659279326245
Nodes: 5391
Best Objective: 231823.365616294526262
Incumbent Obj:  232908.551615743432194
   5759  2131   232020.9792   191   232908.5516   231823.3656    73306    0.47%
*  5859+ 2065                       232907.7229   231823.3656             0.47%
   6101  2215   232462.6213   302   232907.7229   231823.3656    74662    0.47%
Elapsed time = 318.43 sec. (107583.61 ticks, tree = 426.98 MB, solutions = 12)
Time: 373.739433050155640 seconds
MIP Gap: 0.004650559779725
Nodes: 5881
Best Objective: 231824.571635345811956
Incumbent Obj:  232907.722923963301582
   6206  2301   231976.7093   464   232907.7229   231824.5716    76549    0.47%
   6231  2317        cutoff         232907.7229   231824.5716    77002    0.47%
   6277  2342   232881.3833   274   232907.7229   231824.5716    79240    0.47%
Time: 379.183462142944336 seconds
MIP Gap: 0.004650559779725
Nodes: 6061
Best Objective: 231824.571635345811956
Incumbent Obj:  232907.722923963301582
   6377  2361   232895.7734   280   232907.7229   231824.5716    79697    0.47%
   6518  2423   232043.9999   181   232907.7229   231824.5716    81641    0.47%
Time: 384.919723033905029 seconds
MIP Gap: 0.004650559779725
Nodes: 6322
Best Objective: 231824.571635345811956
Incumbent Obj:  232907.722923963301582
   6652  2512   232576.4800   249   232907.7229   231824.5716    83649    0.47%
*  6663+ 2452                       232905.4689   231824.5716             0.46%
   6760  2524   232560.0502   310   232905.4689   231824.5716    83836    0.46%
   6794  2539   232041.6235   804   232905.4689   231824.5716    85425    0.46%
Time: 392.857236146926880 seconds
MIP Gap: 0.004640927026718
Nodes: 6529
Best Objective: 231824.571635345811956
Incumbent Obj:  232905.468920730345417
   6836  2573   232103.2619   453   232905.4689   231824.5716    86039    0.46%
   6910  2602   232146.5822   220   232905.4689   231824.5716    86634    0.46%
Elapsed time = 342.78 sec. (117259.38 ticks, tree = 519.55 MB, solutions = 13)
   7059  2660   232876.5053   206   232905.4689   231824.5716    87443    0.46%
Time: 399.888795137405396 seconds
MIP Gap: 0.004640927026718
Nodes: 6850
Best Objective: 231824.571635345811956
Incumbent Obj:  232905.468920730345417
   7212  2702   232684.8303   228   232905.4689   231824.5716    88178    0.46%
   7423  2809   232603.3941   262   232905.4689   231824.5716    89957    0.46%
Time: 406.620301961898804 seconds
MIP Gap: 0.004640927026718
Nodes: 7298
Best Objective: 231824.571635345811956
Incumbent Obj:  232905.468920730345417
   7639  2902   232199.5742   301   232905.4689   231824.5716    91476    0.46%
   7836  2908   232231.9188   151   232905.4689   231824.5716    91647    0.46%

Performing restart 1

Repeating presolve.
Tried aggregator 1 time.
MIP Presolve eliminated 320 rows and 37711 columns.
MIP Presolve modified 1279 coefficients.
Reduced MIP has 9103 rows, 268311 columns, and 537622 nonzeros.
Reduced MIP has 268311 binaries, 0 generals, 0 SOSs, and 0 indicators.
Presolve time = 0.98 sec. (595.98 ticks)
Tried aggregator 1 time.
MIP Presolve modified 18 coefficients.
Reduced MIP has 9103 rows, 268311 columns, and 537622 nonzeros.
Reduced MIP has 268311 binaries, 0 generals, 0 SOSs, and 0 indicators.
Presolve time = 1.21 sec. (663.66 ticks)
Represolve time = 40.06 sec. (15197.55 ticks)
*  7855+    0                       232904.7332   231984.7373             0.40%
   7855     0   232013.0851   786   232904.7332     Cuts: 138   117101    0.38%
   7855     0   232032.2088   890   232904.7332     Cuts: 136   117301    0.37%
   7855     0   232050.9739   958   232904.7332     Cuts: 149   117491    0.37%
   7855     0   232073.5097   700   232904.7332     Cuts: 147   117709    0.36%
   7855     0   232089.9931   824   232904.7332     Cuts: 151   117899    0.35%
   7855     0   232107.6585   626   232904.7332     Cuts: 150   118073    0.34%
   7855     0   232130.7685   545   232904.7332      Cuts: 97   118280    0.33%
   7855     0   232147.5477   826   232904.7332     Cuts: 122   118445    0.33%
   7855     0   232162.5989   692   232904.7332     Cuts: 104   118654    0.32%
   7855     0   232180.7304   423   232904.7332     Cuts: 158   118908    0.31%
   7855     0   232201.1569   733   232904.7332      Cuts: 80   119159    0.30%
   7855     0   232217.7606   708   232904.7332      Cuts: 96   119358    0.29%
   7855     0   232231.7335   543   232904.7332     Cuts: 133   119539    0.29%
   7855     0   232247.8674   597   232904.7332      Cuts: 90   119698    0.28%
   7855     0   232260.9326   576   232904.7332     Cuts: 112   119854    0.28%
   7855     0   232274.6491   592   232904.7332     Cuts: 109   120044    0.27%
   7855     0   232286.4866   775   232904.7332      Cuts: 72   120275    0.27%
   7855     0   232297.2830   793   232904.7332     Cuts: 120   120460    0.26%
   7855     0   232307.8657   593   232904.7332     Cuts: 121   120627    0.26%
   7855     0   232317.2762   561   232904.7332      Cuts: 80   120788    0.25%
   7855     0   232326.3491   660   232904.7332     Cuts: 131   120974    0.25%
Time: 644.599632024765015 seconds
MIP Gap: 0.002483350434686
Nodes: 7855
Best Objective: 232326.349136289354647
Incumbent Obj:  232904.733206738746958
   7855     2   232337.2265   695   232904.7332   232326.3491   120974    0.25%
   7857     3   232338.4584   673   232904.7332   232337.3452   120980    0.24%
Time: 650.284850120544434 seconds
MIP Gap: 0.002431348223763
Nodes: 7862
Best Objective: 232338.460697350528790
Incumbent Obj:  232904.733206738746958
   7862     5   232338.8376   708   232904.7332   232338.5767   121000    0.24%
   7868     6   232344.9412   732   232904.7332   232338.5767   121047    0.24%
   7875    12   232351.0112   577   232904.7332   232338.9957   121145    0.24%
Elapsed time = 604.31 sec. (175856.86 ticks, tree = 0.24 MB, solutions = 14)
Time: 658.839483022689819 seconds
MIP Gap: 0.002429051292596
Nodes: 7880
Best Objective: 232338.995663491106825
Incumbent Obj:  232904.733206738746958
   7888    18   232344.9957   584   232904.7332   232338.9957   121254    0.24%
Time: 668.138236045837402 seconds
MIP Gap: 0.002428840235430
Nodes: 7900
Best Objective: 232339.044819704082329
Incumbent Obj:  232904.733206738746958
   7905    28   232364.3132   804   232904.7332   232339.0448   121342    0.24%
   7928    27   232382.9676   606   232904.7332   232339.0448   121316    0.24%
Time: 674.699510097503662 seconds
MIP Gap: 0.002410555229898
Nodes: 7931
Best Objective: 232343.303484039148316
Incumbent Obj:  232904.733206738746958
   7959    57   232368.3110   664   232904.7332   232343.3035   122586    0.24%
   7984    71   232395.7033   526   232904.7332   232343.3035   123383    0.24%
Time: 688.588806152343750 seconds
MIP Gap: 0.002410555229898
Nodes: 7973
Best Objective: 232343.303484039148316
Incumbent Obj:  232904.733206738746958
   8010    78   232361.9249   693   232904.7332   232343.3035   123992    0.24%
   8033    73   232389.7389   596   232904.7332   232343.3035   123541    0.24%
Time: 702.127530097961426 seconds
MIP Gap: 0.002410555229898
Nodes: 8034
Best Objective: 232343.303484039148316
Incumbent Obj:  232904.733206738746958
   8048   106   232375.1201   566   232904.7332   232343.3035   126242    0.24%
   8065   138   232375.3096   534   232904.7332   232343.3035   129180    0.24%
Time: 711.875285148620605 seconds
MIP Gap: 0.002410555229898
Nodes: 8066
Best Objective: 232343.303484039148316
Incumbent Obj:  232904.733206738746958
   8094   145   232386.7594   490   232904.7332   232343.3035   129474    0.24%
Elapsed time = 662.35 sec. (185971.20 ticks, tree = 8.48 MB, solutions = 14)
Time: 721.591943979263306 seconds
MIP Gap: 0.002410555229898
Nodes: 8104
Best Objective: 232343.303484039148316
Incumbent Obj:  232904.733206738746958
   8128   150   232380.1074   362   232904.7332   232343.3035   130003    0.24%
   8142   153   232376.0145   390   232904.7332   232343.3035   130365    0.24%
   8149   159   232378.1957   391   232904.7332   232343.3035   130855    0.24%
Time: 736.335476160049438 seconds
MIP Gap: 0.002410555229898
Nodes: 8159
Best Objective: 232343.303484039148316
Incumbent Obj:  232904.733206738746958
   8168   152   232416.4907   426   232904.7332   232343.3035   130211    0.24%
   8182   198   232416.4208   443   232904.7332   232343.3035   134586    0.24%
Time: 746.073881149291992 seconds
MIP Gap: 0.002410555229898
Nodes: 8188
Best Objective: 232343.303484039148316
Incumbent Obj:  232904.733206738746958
   8212   211   232392.0371   318   232904.7332   232343.3035   135806    0.24%
   8245   214   232392.7161   394   232904.7332   232343.3035   135824    0.24%
   8264   206   232383.9842   407   232904.7332   232343.3035   135554    0.24%
   8282   216   232414.6048   707   232904.7332   232343.3035   136534    0.24%
   8295   216   232394.0514   556   232904.7332   232343.3035   135853    0.24%
Elapsed time = 721.72 sec. (195852.70 ticks, tree = 20.50 MB, solutions = 14)
Time: 775.928807973861694 seconds
MIP Gap: 0.002410555229898
Nodes: 8275
Best Objective: 232343.303484039148316
Incumbent Obj:  232904.733206738746958
   8316   220   232384.1081   496   232904.7332   232343.3035   136639    0.24%
   8368   235   232414.4666   376   232904.7332   232343.3035   137031    0.24%
   8436   242   232374.4564   357   232904.7332   232343.3035   137176    0.24%
Time: 794.087535142898560 seconds
MIP Gap: 0.002410555229898
Nodes: 8372
Best Objective: 232343.303484039148316
Incumbent Obj:  232904.733206738746958
   8509   249   232383.1176   413   232904.7332   232343.3035   137592    0.24%
   8575   266   232399.9272   377   232904.7332   232343.3035   137895    0.24%
   8666   268   232419.0616   326   232904.7332   232343.3035   138254    0.24%
Time: 813.977338075637817 seconds
MIP Gap: 0.002410555229898
Nodes: 8594
Best Objective: 232343.303484039148316
Incumbent Obj:  232904.733206738746958
   8780   256   232414.8844   726   232904.7332   232343.3035   137848    0.24%
   8948   358   232386.7461   355   232904.7332   232343.3035   139432    0.24%
   9096   356   232390.1750   493   232904.7332   232343.3035   139560    0.24%
Time: 834.927335023880005 seconds
MIP Gap: 0.002410555229898
Nodes: 8859
Best Objective: 232343.303484039148316
Incumbent Obj:  232904.733206738746958
   9445   581   232397.2007   277   232904.7332   232343.3035   141851    0.24%
Elapsed time = 798.74 sec. (208370.86 ticks, tree = 77.46 MB, solutions = 14)
Time: 864.152634143829346 seconds
MIP Gap: 0.002410555229898
Nodes: 9488
Best Objective: 232343.303484039148316
Incumbent Obj:  232904.733206738746958
   9860   833   232441.5380   338   232904.7332   232343.3035   143956    0.24%
Time: 891.808886051177979 seconds
MIP Gap: 0.002410555229898
Nodes: 9850
Best Objective: 232343.303484039148316
Incumbent Obj:  232904.733206738746958
  10130  1042        cutoff         232904.7332   232343.3035   146236    0.24%
Time: 918.195543050765991 seconds
MIP Gap: 0.002410555229898
Nodes: 10192
Best Objective: 232343.303484039148316
Incumbent Obj:  232904.733206738746958
  10600  1142   232449.0583   230   232904.7332   232343.3035   147352    0.24%
  11213  1425   232419.0817   223   232904.7332   232343.3035   150146    0.24%
Time: 951.283740997314453 seconds
MIP Gap: 0.002410555229898
Nodes: 10964
Best Objective: 232343.303484039148316
Incumbent Obj:  232904.733206738746958
  11530  1296   232437.0972   412   232904.7332   232343.3035   149213    0.24%
Time: 992.387566089630127 seconds
MIP Gap: 0.002410555229898
Nodes: 11507
Best Objective: 232343.303484039148316
Incumbent Obj:  232904.733206738746958
  11579  1860   232423.9182   559   232904.7332   232343.3035   154132    0.24%
  11787  1934   232446.0013   451   232904.7332   232343.3035   154867    0.24%
Time: 1026.224967002868652 seconds
MIP Gap: 0.002410555229898
Nodes: 11679
Best Objective: 232343.303484039148316
Incumbent Obj:  232904.733206738746958
  12282  2000   232433.5371   248   232904.7332   232343.3035   155818    0.24%
Time: 1059.307520151138306 seconds
MIP Gap: 0.002410555229898
Nodes: 12268
Best Objective: 232343.303484039148316
Incumbent Obj:  232904.733206738746958
  12870  2223   232481.3628   371   232904.7332   232343.3035   157651    0.24%
  13252  2420   232468.1976   210   232904.7332   232343.3035   159618    0.24%
Elapsed time = 1036.46 sec. (246803.71 ticks, tree = 427.20 MB, solutions = 14)
Time: 1091.385578155517578 seconds
MIP Gap: 0.002410555229898
Nodes: 12897
Best Objective: 232343.303484039148316
Incumbent Obj:  232904.733206738746958
  13693  2503   232465.5926   522   232904.7332   232343.3035   160390    0.24%
  14067  2938   232707.5136   344   232904.7332   232343.3035   164444    0.24%
Time: 1140.707518100738525 seconds
MIP Gap: 0.002410555229898
Nodes: 13750
Best Objective: 232343.303484039148316
Incumbent Obj:  232904.733206738746958
  14581  3131   232460.7830   254   232904.7332   232343.3035   166611    0.24%
Time: 1175.500694036483765 seconds
MIP Gap: 0.002410555229898
Nodes: 14434
Best Objective: 232343.303484039148316
Incumbent Obj:  232904.733206738746958
  14906  3371   232652.0322   172   232904.7332   232343.3035   169090    0.24%
Time: 1209.071557998657227 seconds
MIP Gap: 0.002410555229898
Nodes: 14909
Best Objective: 232343.303484039148316
Incumbent Obj:  232904.733206738746958
  15210  3344   232482.8819   448   232904.7332   232343.3035   168947    0.24%
  15610  3571   232715.7390   222   232904.7332   232343.3035   171185    0.24%
Time: 1254.576676130294800 seconds
MIP Gap: 0.002410555229898
Nodes: 15578
Best Objective: 232343.303484039148316
Incumbent Obj:  232904.733206738746958
  16025  3822   232763.6748   351   232904.7332   232343.3035   173803    0.24%
  16439  3771   232507.5430   178   232904.7332   232343.3035   173344    0.24%
Time: 1294.099576950073242 seconds
MIP Gap: 0.002410555229898
Nodes: 16245
Best Objective: 232343.303484039148316
Incumbent Obj:  232904.733206738746958
  16865  3967   232502.4627   527   232904.7332   232343.3035   175130    0.24%
  17155  4418   232499.7579   335   232904.7332   232343.3035   179566    0.24%
Elapsed time = 1281.99 sec. (285044.70 ticks, tree = 911.66 MB, solutions = 14)
Time: 1338.520509004592896 seconds
MIP Gap: 0.002410555229898
Nodes: 16914
Best Objective: 232343.303484039148316
Incumbent Obj:  232904.733206738746958
  17605  4502   232523.8625   470   232904.7332   232343.3035   180468    0.24%
Time: 1373.278273105621338 seconds
MIP Gap: 0.002410555229898
Nodes: 17537
Best Objective: 232343.303484039148316
Incumbent Obj:  232904.733206738746958
  18296  4595   232750.6743   310   232904.7332   232343.3035   181693    0.24%
  19230  5173   232635.8567   246   232904.7332   232343.3035   187649    0.24%
Time: 1408.624658107757568 seconds
MIP Gap: 0.002410555229898
Nodes: 18545
Best Objective: 232343.303484039148316
Incumbent Obj:  232904.733206738746958
  19923  5192   232645.0915   188   232904.7332   232343.3035   187752    0.24%
Time: 1444.295544147491455 seconds
MIP Gap: 0.002410555229898
Nodes: 19738
Best Objective: 232343.303484039148316
Incumbent Obj:  232904.733206738746958
  20534  5996   232578.6803   287   232904.7332   232343.3035   194178    0.24%
  21139  6263   232558.1003   203   232904.7332   232343.3035   196306    0.24%
Time: 1486.668684005737305 seconds
MIP Gap: 0.002410555229898
Nodes: 20731
Best Objective: 232343.303484039148316
Incumbent Obj:  232904.733206738746958
  21811  6304   232675.1489   174   232904.7332   232343.3035   196578    0.24%
Time: 1522.895524978637695 seconds
MIP Gap: 0.002410555229898
Nodes: 21663
Best Objective: 232343.303484039148316
Incumbent Obj:  232904.733206738746958
  22545  6914   232575.9002   166   232904.7332   232343.3035   201313    0.24%
  23389  7308   232710.7917   129   232904.7332   232343.3035   204260    0.24%
Time: 1558.604545116424561 seconds
MIP Gap: 0.002410555229898
Nodes: 22789
Best Objective: 232343.303484039148316
Incumbent Obj:  232904.733206738746958
  24451  7302   232689.2698   147   232904.7332   232343.3035   204284    0.24%
Elapsed time = 1525.64 sec. (323259.62 ticks, tree = 1623.47 MB, solutions = 14)
Time: 1594.506587982177734 seconds
MIP Gap: 0.002410555229898
Nodes: 24204
Best Objective: 232343.303484039148316
Incumbent Obj:  232904.733206738746958
  25483  7754   232397.6336   487   232904.7332   232343.3035   207758    0.24%
  26431  8553   232645.4225    94   232904.7332   232343.3035   213282    0.24%
Time: 1632.268625974655151 seconds
MIP Gap: 0.002410555229898
Nodes: 25729
Best Objective: 232343.303484039148316
Incumbent Obj:  232904.733206738746958
  27670  9673   232767.2450    68   232904.7332   232343.3035   220776    0.24%
Time: 1669.961696147918701 seconds
MIP Gap: 0.002410555229898
Nodes: 27445
Best Objective: 232343.303484039148316
Incumbent Obj:  232904.733206738746958
  28859  9228   232754.5114   134   232904.7332   232343.3035   218113    0.24%
  29988 10766   232448.9293   498   232904.7332   232343.3035   228103    0.24%
Time: 1702.548319101333618 seconds
MIP Gap: 0.002410555229898
Nodes: 29394
Best Objective: 232343.303484039148316
Incumbent Obj:  232904.733206738746958
  31626 11964   232447.1287   421   232904.7332   232343.3035   238359    0.24%
Time: 1733.952881097793579 seconds
MIP Gap: 0.002410555229898
Nodes: 31478
Best Objective: 232343.303484039148316
Incumbent Obj:  232904.733206738746958
  33518 12396        cutoff         232904.7332   232343.3035   242071    0.24%
  35705 13634   232450.3861   361   232904.7332   232343.3035   253499    0.24%
Time: 1765.531013011932373 seconds
MIP Gap: 0.002410555229898
Nodes: 34351
Best Objective: 232343.303484039148316
Incumbent Obj:  232904.733206738746958
  38173 15073   232449.1772   230   232904.7332   232351.5229   266482    0.24%
Time: 1802.938508987426758 seconds
MIP Gap: 0.002355218113246
Nodes: 37812
Best Objective: 232356.191760429413989
Incumbent Obj:  232904.733206738746958
  40617 15572   232492.8186   582   232904.7332   232356.1918   270198    0.24%
Elapsed time = 1761.42 sec. (361427.73 ticks, tree = 3671.58 MB, solutions = 14)
Nodefile size = 1600.25 MB (1216.61 MB after compression)
Time: 1841.696442127227783 seconds
MIP Gap: 0.002355218113246
Nodes: 41186
Best Objective: 232356.191760429413989
Incumbent Obj:  232904.733206738746958
  42726 18020        cutoff         232904.7332   232356.1918   286061    0.24%
  45102 18875   232518.6908   700   232904.7332   232356.1918   291136    0.24%
Time: 1877.225473165512085 seconds
MIP Gap: 0.002355218113246
Nodes: 44288
Best Objective: 232356.191760429413989
Incumbent Obj:  232904.733206738746958
  47744 21722   232541.7520   714   232904.7332   232356.1918   306040    0.24%
Time: 1913.511021137237549 seconds
MIP Gap: 0.002355218113246
Nodes: 48208
Best Objective: 232356.191760429413989
Incumbent Obj:  232904.733206738746958
  50341 22821   232744.2481    92   232904.7332   232356.1918   311675    0.24%
  53033 23850   232618.6209   147   232904.7332   232356.1918   317151    0.24%
Time: 1950.341781139373779 seconds
MIP Gap: 0.002355218113246
Nodes: 52065
Best Objective: 232356.191760429413989
Incumbent Obj:  232904.733206738746958
  55649 28170   232727.0078   139   232904.7332   232366.8116   339571    0.23%
Time: 1987.050889015197754 seconds
MIP Gap: 0.002291175490848
Nodes: 55755
Best Objective: 232371.107590313040419
Incumbent Obj:  232904.733206738746958
  57948 30620   232644.1198   288   232904.7332   232371.1076   350497    0.23%
  60122 31109   232516.3947   538   232904.7332   232371.1076   352898    0.23%
Time: 2033.487169981002808 seconds
MIP Gap: 0.002291175490848
Nodes: 59187
Best Objective: 232371.107590313040419
Incumbent Obj:  232904.733206738746958
  61357 34288   232438.5123   646   232904.7332   232371.5153   370765    0.23%
  62507 33948        cutoff         232904.7332   232371.5153   367951    0.23%
Elapsed time = 2016.27 sec. (399591.84 ticks, tree = 8456.89 MB, solutions = 14)
Nodefile size = 6384.77 MB (4845.39 MB after compression)
Time: 2075.871201038360596 seconds
MIP Gap: 0.002289424915619
Nodes: 62087
Best Objective: 232371.515307569730794
Incumbent Obj:  232904.733206738746958
  64311 35156   232494.8246   297   232904.7332   232371.5153   376065    0.23%
  65881 35991   232453.0143   323   232904.7332   232371.5153   381706    0.23%

Performing restart 2

Repeating presolve.
Tried aggregator 1 time.
MIP Presolve eliminated 570 rows and 51926 columns.
MIP Presolve modified 1681 coefficients.
Reduced MIP has 8533 rows, 216385 columns, and 433759 nonzeros.
Reduced MIP has 216385 binaries, 0 generals, 0 SOSs, and 0 indicators.
Presolve time = 0.79 sec. (462.15 ticks)
Tried aggregator 1 time.
MIP Presolve modified 18 coefficients.
Reduced MIP has 8533 rows, 216385 columns, and 433759 nonzeros.
Reduced MIP has 216385 binaries, 0 generals, 0 SOSs, and 0 indicators.
Presolve time = 0.95 sec. (506.75 ticks)
Represolve time = 41.68 sec. (16657.38 ticks)
  65888     0   232416.6303   615   232904.7332     Cuts: 125   425814    0.21%
  65888     0   232431.4220   592   232904.7332     Cuts: 129   426034    0.20%
  65888     0   232443.5504   822   232904.7332     Cuts: 106   426291    0.20%
